--------------------------------------+
s. . . . . . . . . . . . . . . . . . .|
r. . . . . . . . . . . . . . . . . . .|
q. . . . . . . . . . . . . . . . . . .|
p. . . . . . . . . . . . . . . . . . .|
o. . . . . . . . . . . . . . . . . . .|
n. . . . . . . . . . . . . . . . . . .|
m. . . . . . . . . . . . . . . . . . .|
l. . . . . . . . . . . . . . . . . . .|
k. . . . . . . . . . . . . . . . . . .|
j. . . . . . . . . . . . . . . . . . .|
i. . . . . . . . . . . . . . . . . . .|
h. . . . . . . . . . . . . . . . . . .|
g. . . . . . . . . . . . . . . . . . .|
f. . . . . . . . . . . . . . . . . . .|
e. . . . . . . . . . . . . . . . . . .|
d. . . . . . . . . . . . . . . . . . .|
c. . . . . . . . . . . . . . . . . . .|
b. . . . . . . . . . . . . . . . . . .|
a. . . . . . . . . . . . . . . . . . .|
 A B C D E F G H I J K L M N O P Q R S|
gracz X
--------------------------------------+
s. . . . . . . . . . . . . . . . . . .|
r. . . . . . . . . . . . . . . . . . .|
q. . . . . . . . . . . . . . . . . . .|
p. . . . . . . . . . . . . . . . . . .|
o. . . . . . . . . . . . . . . . . . .|
n. . . . . . . . . . . . . . . . . . .|
m. . . . . . . . . . . . . . . . . . .|
l. . . . . . . . . . . . . . . . . . .|
k. . . . . . . . . . . . . . . . . . .|
j. . . . . . . . . . . . . . . . . . .|
i. . . . . . . . . . . . . . . . . . .|
h. . . . . . . . . . . . . . . . . . .|
g. . . . . . . . . . . . . . . . . . .|
f. . . . . . . . . . . . . . . . . . .|
e. . . . . . . . . . . . . . X . . . .|
d. . . . . . . . . . . . . . . . . . .|
c. . . . . . . . . . . . . . . . . . .|
b. . . . . . . . . . . . . . . . . . .|
a. . . . . . . . . . . . . . . . . . .|
 A B C D E F G H I J K L M N O P Q R S|
gracz O
--------------------------------------+
s. . . . . . . . . . . . . . . . . . .|
r. . . . . . . . . . . . . . . . . . .|
q. . . . . . . . . . . . . . . . . . .|
p. . . . . . . . . . . . . . . . . . .|
o. . . . . . . . . . . . . . . . . . .|
n. . . . . . . . . . . . . . . . . . .|
m. . . . . . . . . . . . . . . . . . .|
l. . . . . . . . . . . . . . . . . . .|
k. . . . . . . . . . . . . . . . O . .|
j. . . . . . . . . . . . . . . . . . .|
i. . . . . . . . O . . . . . . . . . .|
h. . . . . . . . . . . . . . . . . . .|
g. . . . . . . . . . . . . . . . . . .|
f. . . . . . . . . . . . . . . . . . .|
e. . . . . . . . . . . . . . X . . . .|
d. . . . . . . . . . . . . . . . . . .|
c. . . . . . . . . . . . . . . . . . .|
b. . . . . . . . . . . . . . . . . . .|
a. . . . . . . . . . . . . . . . . . .|
 A B C D E F G H I J K L M N O P Q R S|
gracz X
--------------------------------------+
s. . . . . . . . . . . . . . . . . . .|
r. . . . . . . . . . . . . . . . . . .|
q. . . . . . . . . . . . . . . . . . .|
p. . . . . . . . . . . . . . . . . . .|
o. . . . . . . . . . X . . . . . . . .|
n. . . . . . . . . . . . . . . . . . .|
m. . . . . . . . . . . . . . . . . . .|
l. . . . . . . . . . . . . . . . . . .|
k. . . . . . . . . . . . . . . . O . .|
j. . . . . . . . . . . . . . . . . . .|
i. . . . . . . . O . . . . . . . . . .|
h. . . . . . . . . . . . . . . . . . .|
g. . . . . . . . . . . . . . . . . . .|
f. . . . . . . . . . . . . . . . . . .|
e. . . . . . . . . . . . . . X . . . .|
d. . . . . . . . . . . . . . . . . . .|
c. . . . . . . . . . . . . . . . . . .|
b. . . . . . . . . X . . . . . . . . .|
a. . . . . . . . . . . . . . . . . . .|
 A B C D E F G H I J K L M N O P Q R S|
gracz O
--------------------------------------+
s. . . . . . . . . . O . . . . . . . .|
r. . . . . . . . . . . . . . . . . . .|
q. . . . . . . . . . . . . . . . . . .|
p. . . . . . . . . . . . . . . . . . .|
o. . . . . . . . . . X . . . . . . . .|
n. . . . . . . . . . . . . . . . . . .|
m. . . . . . . . . . . . . . . . . . .|
l. . . . . . . . . . . . . . . . . . .|
k. . . . . . . . . . . . . . . . O . .|
j. . . . . . . . . . . . . . . . . . .|
i. . . . . . . . O . . . . . . . . . .|
h. . . . . . . . . . . . . . . . . . .|
g. . . . . . . . . . O . . . . . . . .|
f. . . . . . . . . . . . . . . . . . .|
e. . . . . . . . . . . . . . X . . . .|
d. . . . . . . . . . . . . . . . . . .|
c. . . . . . . . . . . . . . . . . . .|
b. . . . . . . . . X . . . . . . . . .|
a. . . . . . . . . . . . . . . . . . .|
 A B C D E F G H I J K L M N O P Q R S|
gracz X
--------------------------------------+
s. . . . . . . . . . O . . . . . . . .|
r. . . . . . . . . . . . . . . . . . .|
q. . . . . . . . . . . . . . . . . . .|
p. . . . . . . . . . . . . . . . . . .|
o. . . . . . . . . . X . . . . . . . .|
n. . . . . . . . . . . . . . . . . . .|
m. . . . . X . . . . . . . . . . . . .|
l. . . . . . . . . . . . . . . . . . .|
k. . . . . . . . . . . . . . . . O . .|
j. . . . . . . . . . . . . . . . . . .|
i. . . . . . . . O . . . . . . . . . .|
h. . . . . . . . . . . . . . . . . . .|
g. . . . . . . . . . O . . . . . . . .|
f. . . . . . . . . . . . . . . . . . .|
e. . . . . . . . . . . . . . X . . . .|
d. . . . . . . . . . . . . . . . . . .|
c. . . . . . . . . . . . . . . . . . .|
b. . . . X . . . . X . . . . . . . . .|
a. . . . . . . . . . . . . . . . . . .|
 A B C D E F G H I J K L M N O P Q R S|
gracz O
--------------------------------------+
s. . . . . . . . . . O . . . . . O . .|
r. . . . . . . . . . . . . . . . . . .|
q. . . . . . . . . . . . . . . . . . .|
p. . . . . . . . . . . . . . . . . . .|
o. . . . . . . . . . X . . . . . . . .|
n. . . . . . . . . . . . . . . . . . .|
m. . . . . X . . . . . . . . . . . . .|
l. . . . . . . . . . . . . . . . . . .|
k. . . . . . . . . . . . . . . . O . .|
j. . . . . . . . . . . . . . . . . . .|
i. . . . . . . . O . . . . . . . . . .|
h. . . . . . . . . . . . . . . . . . .|
g. . . . . . . . . . O . . . . . . . .|
f. . . . . . . . . . . . . . . . . . .|
e. . . . . . . . . . . . . . X . . . .|
d. . . . . . . . . . . . . . . . . . .|
c. . . . . . . . . . . . . . . . . . .|
b. . . . X . . . . X . . . . . . . . .|
a. . . . . . . . . . . . . . . . O . .|
 A B C D E F G H I J K L M N O P Q R S|
gracz X
--------------------------------------+
s. . . . . . . . . . O . . . . . O . .|
r. . . . . . . . . . . . . . . . . . .|
q. . . . . . . . . . . . . . . . . . .|
p. . . . . . . . . . . . . . . . . . .|
o. . . . . . . . . . X . . . . . . . .|
n. . . . . . . . . . . . . . . . . . .|
m. . . . . X . . . . . . . . . . . . .|
l. . . . . . . . . . . . . . . X . . .|
k. . . . . . . . . . . . . . . . O . .|
j. X . . . . . . . . . . . . . . . . .|
i. . . . . . . . O . . . . . . . . . .|
h. . . . . . . . . . . . . . . . . . .|
g. . . . . . . . . . O . . . . . . . .|
f. . . . . . . . . . . . . . . . . . .|
e. . . . . . . . . . . . . . X . . . .|
d. . . . . . . . . . . . . . . . . . .|
c. . . . . . . . . . . . . . . . . . .|
b. . . . X . . . . X . . . . . . . . .|
a. . . . . . . . . . . . . . . . O . .|
 A B C D E F G H I J K L M N O P Q R S|
gracz O
--------------------------------------+
s. . . . . . . . . . O . . . . . O . .|
r. . . . . . . . . . . . . . . . . . .|
q. . . . . . . . . . . . . . . . . . .|
p. . . . . . . . . . . . . . . . . . .|
o. . . . . . . . . . X . . . . . . . .|
n. . . . . . . . . . . . . . . . . . .|
m. . . . . X . . . . . . . . . . . . .|
l. . . . . . . . . . . . . . . X . . .|
k. . . . . . . . . . . O . . . . O . .|
j. X . . . . . . . . . . . . . . . . .|
i. . . . . . . . O . . . . . . . . . .|
h. . . . . . . . . . . . . . . . . . .|
g. . . . . . . . . . O . . . . . . . .|
f. . . . . . . . . . . . . . . . . . .|
e. . . . . . . . . . . . . . X . . . .|
d. . . . . . . . . . . . . . . O . . .|
c. . . . . . . . . . . . . . . . . . .|
b. . . . X . . . . X . . . . . . . . .|
a. . . . . . . . . . . . . . . . O . .|
 A B C D E F G H I J K L M N O P Q R S|
gracz X
--------------------------------------+
s. . . . . . . . . . O . . . . . O . .|
r. . . . . . . . . . . . . . . X . . .|
q. . . . . . . . . . . . . . . . . . .|
p. . . . . . . . . . . . . . . . . . .|
o. . . . . . . . . . X . . . . . . . .|
n. . . . . . . . . . . . . . . . . . .|
m. . . . . X . . . . . . . . . . . . .|
l. . . . . . . . . . . . . . . X . . .|
k. . . . . . . . . . . O . . . . O . .|
j. X . . . . . . . . . . . . . . . . .|
i. . . . . . . . O . . . . . . . . . .|
h. . . . . . . . . . . . . . . . . . .|
g. . . . . . . . . . O . . . . . . . .|
f. . . . . . . . . . . . . . . . . . .|
e. . . . . . . . . . . . . . X . . . .|
d. . . . . . . . . . . . . . . O . . .|
c. . . . . . . . . . . . . . . . . . .|
b. . . . X . . . . X . . . . . . . . .|
a. . . . . . . . . . . . . . . . O X .|
 A B C D E F G H I J K L M N O P Q R S|
gracz O
--------------------------------------+
s. . . . . . . . . . O . . . . . O . .|
r. . . . . . . . . . . . . . . X . . .|
q. . . . . . . . . . . . . . . . . . .|
p. . . . . . . . . . . . . . . . . . .|
o. . . . . . . . . . X . . . . O . . .|
n. . . . . . . . . . . . . . . . . . .|
m. . . . . X . . . . . . . . . . . . .|
l. . . . . . . . . . . . . . . X . . .|
k. . . . . . . . . . . O . . . . O . .|
j. X . . . . . . . . . . . . . . . . .|
i. . . . . . . . O . . . . . . . . . .|
h. . . . . . . . . . . . . . . . . . .|
g. . . . . . . . . . O . . . . . . . .|
f. . . . . . . . . . . . . . . . . . .|
e. . . . . . . . . . . . O . X . . . .|
d. . . . . . . . . . . . . . . O . . .|
c. . . . . . . . . . . . . . . . . . .|
b. . . . X . . . . X . . . . . . . . .|
a. . . . . . . . . . . . . . . . O X .|
 A B C D E F G H I J K L M N O P Q R S|
gracz X
--------------------------------------+
s. . . . . . . . . . O . . . . . O . .|
r. . . . . . . . . . . . . . . X . . .|
q. . . . . . . . . . . . . . . . . . .|
p. . . . . . . . . . . . . . . . . . .|
o. . . . . . . . . . X . . . . O . . .|
n. . . . . . . . . . . . . . . . . . .|
m. . . . . X . . . . . . . . . . . . .|
l. . . . . . . . . . . . . . . X . . .|
k. . . . . . . . . . . O . . . . O . .|
j. X . . . . . . . . . . . . . . . . .|
i. . . . . . . . O . . . . X . . . . .|
h. . . . . . X . . . . . . . . . . . .|
g. . . . . . . . . . O . . . . . . . .|
f. . . . . . . . . . . . . . . . . . .|
e. . . . . . . . . . . . O . X . . . .|
d. . . . . . . . . . . . . . . O . . .|
c. . . . . . . . . . . . . . . . . . .|
b. . . . X . . . . X . . . . . . . . .|
a. . . . . . . . . . . . . . . . O X .|
 A B C D E F G H I J K L M N O P Q R S|
gracz O
--------------------------------------+
s. . . . . . . . . . O . . . . . O . .|
r. . . . . . . . . . . . . . . X . . .|
q. . . . . . . . O . . . . . . . . . .|
p. . . . . . . . . . . . . . . . . . .|
o. . . . . . . . . . X . . . . O . . .|
n. . . . . . . . . . . . . . . . . . .|
m. . . . . X . . . . . . . . . . . . .|
l. . . . . . . . . . . . . . . X . O .|
k. . . . . . . . . . . O . . . . O . .|
j. X . . . . . . . . . . . . . . . . .|
i. . . . . . . . O . . . . X . . . . .|
h. . . . . . X . . . . . . . . . . . .|
g. . . . . . . . . . O . . . . . . . .|
f. . . . . . . . . . . . . . . . . . .|
e. . . . . . . . . . . . O . X . . . .|
d. . . . . . . . . . . . . . . O . . .|
c. . . . . . . . . . . . . . . . . . .|
b. . . . X . . . . X . . . . . . . . .|
a. . . . . . . . . . . . . . . . O X .|
 A B C D E F G H I J K L M N O P Q R S|
gracz X
--------------------------------------+
s. . . . . . . . . . O . . . . . O . .|
r. . . . . . . . . . . . . . . X . . .|
q. . X . . . . . O . . . . . . . . . .|
p. . . . . . . . . . . . . . . . . . .|
o. . . . . . . . . . X . . . . O . . .|
n. . . . . . . . . . . . . . . . . . .|
m. . . . . X . . . . . . . . . . . . .|
l. . . . . . . . . . . . . . . X . O .|
k. . . . . . . . . . . O . . . . O . .|
j. X . . . . . . . . . . . . . . . . .|
i. . . . . . . . O . . . . X . . . . .|
h. . . . . . X . . . . . . . . . . . .|
g. . . . . . . . . . O . . . . . . . .|
f. . . . . . . . . . . . . . . . . . .|
e. . . . . . . . . . . . O . X . . . .|
d. . . . . . . . . . . . . . . O . . .|
c. . . X . . . . . . . . . . . . . . .|
b. . . . X . . . . X . . . . . . . . .|
a. . . . . . . . . . . . . . . . O X .|
 A B C D E F G H I J K L M N O P Q R S|
gracz O
--------------------------------------+
s. . . . . . . . . . O . . . . . O . .|
r. . . . . . . . . . . . . . . X . . .|
q. . X . . . . . O . . . . . . . . . .|
p. . . . . . . . . . . . . . . . . . .|
o. . . . . . . . . . X . . . . O . . .|
n. . . . . . . . . . . . . . . . . . .|
m. . . . . X . . . . . . . . O . . . .|
l. . . . . . . . . . . . . . . X . O .|
k. . . . . . . . . . . O . . . . O . .|
j. X . . . . . . . . . . . . . . . . .|
i. . . . . . . . O . . . . X . . . . .|
h. . . . . O X . . . . . . . . . . . .|
g. . . . . . . . . . O . . . . . . . .|
f. . . . . . . . . . . . . . . . . . .|
e. . . . . . . . . . . . O . X . . . .|
d. . . . . . . . . . . . . . . O . . .|
c. . . X . . . . . . . . . . . . . . .|
b. . . . X . . . . X . . . . . . . . .|
a. . . . . . . . . . . . . . . . O X .|
 A B C D E F G H I J K L M N O P Q R S|
gracz X
--------------------------------------+
s. . . . . . . . . . O . . . . . O . .|
r. . . . . . . . . . . . . . . X . . .|
q. . X . . . . . O . . . . . . . . . .|
p. . . . . . . . . . . . . X . X . . .|
o. . . . . . . . . . X . . . . O . . .|
n. . . . . . . . . . . . . . . . . . .|
m. . . . . X . . . . . . . . O . . . .|
l. . . . . . . . . . . . . . . X . O .|
k. . . . . . . . . . . O . . . . O . .|
j. X . . . . . . . . . . . . . . . . .|
i. . . . . . . . O . . . . X . . . . .|
h. . . . . O X . . . . . . . . . . . .|
g. . . . . . . . . . O . . . . . . . .|
f. . . . . . . . . . . . . . . . . . .|
e. . . . . . . . . . . . O . X . . . .|
d. . . . . . . . . . . . . . . O . . .|
c. . . X . . . . . . . . . . . . . . .|
b. . . . X . . . . X . . . . . . . . .|
a. . . . . . . . . . . . . . . . O X .|
 A B C D E F G H I J K L M N O P Q R S|
gracz O
--------------------------------------+
s. . . . . . . . . . O . . . . . O . .|
r. . . . . . . . . . . . . . . X . . .|
q. . X . . . O . O . . . . . . . . . .|
p. . . . . . . . . . . . . X . X . . .|
o. . . . . . . . . . X . . . . O . . .|
n. . . . . . . . . . . . . . . . . . .|
m. . . . . X . . . . . . . . O . . . .|
l. . . . . . . . . . . . . . . X . O .|
k. . . . . . . . . . . O . . . . O . .|
j. X . . . . . . . . . . . . . . . . .|
i. . . . . . . . O . . . . X . . . . .|
h. . . . . O X . . . . . . . . . . . .|
g. . . . . . . . . . O . . . . . . . .|
f. . . . . . . . . . . . . . . . . . .|
e. O . . . . . . . . . . O . X . . . .|
d. . . . . . . . . . . . . . . O . . .|
c. . . X . . . . . . . . . . . . . . .|
b. . . . X . . . . X . . . . . . . . .|
a. . . . . . . . . . . . . . . . O X .|
 A B C D E F G H I J K L M N O P Q R S|
gracz X
--------------------------------------+
s. . . . . . . . . . O . . . . . O . .|
r. . . . . . . . . . . . . . . X . . .|
q. . X . . . O . O . . . . . . . . . .|
p. . . . . . . . . . . . . X . X . . .|
o. . . . . . . . . . X . . . . O . . .|
n. . . . . . . . . . . . . . . . . . .|
m. . . . . X . . . . . . . . O . . . .|
l. . . . . . . . . . . . . . . X . O .|
k. . . . . . . . . . . O . . . . O . .|
j. X . . . . . . . . . . . . . . . . .|
i. . . . . . . . O . . . . X . . . . .|
h. . . . . O X . . . . . . . . . . . .|
g. . . . . . . . . . O . . . . . . . .|
fX . . . . . . . . . . . . . . . . . .|
e. O . . . . . . . . . . O . X . . . .|
d. . . . . . . . . . . . . . . O . . .|
c. . . X . . . . . . . . . . . . . . .|
b. . . . X . X . . X . . . . . . . . .|
a. . . . . . . . . . . . . . . . O X .|
 A B C D E F G H I J K L M N O P Q R S|
gracz O
--------------------------------------+
s. . . . . . . . . . O . . . . . O . .|
r. . . . . . . . . . . . . . . X . . .|
q. . X . . . O . O . . . . . . . . . .|
p. . . . . . . . . . . . . X . X . . .|
o. . . . . . . . . . X . . . . O . . .|
n. . . . . . . . . . . . . . . . . . .|
m. . . . O X . . . . . . . . O . . . .|
l. . . . . . . . . . . . . . . X . O .|
k. . . . . . . . . . . O . . . . O . .|
j. X . . . . . . . . . . . . . . . . .|
i. . . . . . . . O . . . . X . . . . .|
hO . . . . O X . . . . . . . . . . . .|
g. . . . . . . . . . O . . . . . . . .|
fX . . . . . . . . . . . . . . . . . .|
e. O . . . . . . . . . . O . X . . . .|
d. . . . . . . . . . . . . . . O . . .|
c. . . X . . . . . . . . . . . . . . .|
b. . . . X . X . . X . . . . . . . . .|
a. . . . . . . . . . . . . . . . O X .|
 A B C D E F G H I J K L M N O P Q R S|
gracz X
--------------------------------------+
s. . . . . . . . . . O . . . . . O . .|
r. . . . . . . . . . . . . . . X . . .|
q. . X . . . O . O . . . . . . . . . .|
p. . . . . . . . . . . . . X . X . . .|
o. . . . . . . . . . X . . . . O . . .|
n. . . . . . . . . . . . . . . . . . .|
m. . . . O X . . . . . . . . O . . . .|
l. . . . . . . . . . . . . . . X . O .|
k. . . . . . . . . . . O . . . . O . .|
j. X . . . . . . . . . . . . . . . . .|
i. . . . . . . . O . . . . X . . . . .|
hO . . . . O X . . . . . . . . . . . .|
g. . . . . . . . . . O . . . . . . . .|
fX . . . . . . . . . . . . . . . . . .|
e. O . . . . . . . . . . O . X . . . .|
d. . . . . . . . . . . . . . . O . . .|
c. . . X . . . . . . . . . . . . . . .|
b. . . . X . X . . X . . . . . . . . .|
a. . . . . . . . . . . . . . . . O X .|
 A B C D E F G H I J K L M N O P Q R S|
gracz X
--------------------------------------+
s. . . . . . . . . . O . . . . . O . .|
r. . . . . . . . . . . . . . . X . . .|
q. . X . . . O . O . . . . . . . . . .|
p. . . . . . . . . . . . . X . X . . .|
o. . . . . . . . . . X . . . . O . . .|
n. . . . . . . . . . . . . . . . . . .|
m. . . . O X . . . . . . . . O . . . .|
l. . . . . . . . . . . . . . . X . O .|
k. . . . . . . . . . . O . . . . O . .|
j. X . . . . . . . . . . . . . . . . .|
i. . . . . . . . O . . . . X . . . . .|
hO . . . . O X . . . . . . . . . . . .|
g. . . . . . . . . . O . . . . . . . .|
fX . . . . . . . . . . . . . . . . . .|
e. O . . . . . . . . . . O X X . . . .|
d. . . . . . . . . . . . . . . O . . X|
c. . . X . . . . . . . . . . . . . . .|
b. . . . X . X . . X . . . . . . . . .|
a. . . . . . . . . . . . . . . . O X .|
 A B C D E F G H I J K L M N O P Q R S|
gracz O
--------------------------------------+
s. . . . . . . . . . O . . . . . O . .|
r. . . . . . . . . . . . . . . X . . .|
q. . X . . . O . O . . . . . . . . . .|
p. . . . . . . . . . O . . X . X . . .|
o. . . . . . . . . . X . . . . O . . .|
n. . . . . . . . . . . . . . . . . . .|
m. . . . O X . . . . . . . . O . . . .|
l. . . . . . . . . . . . . . . X . O .|
k. . . . . . . . . . . O . . . . O . .|
j. X . . . . . . . . . . . . . . . . .|
i. . . . . . . . O . . . . X . . . . .|
hO . . . . O X . . . . . . . . . . . .|
g. . . . . . . . . . O . . . . . . . .|
fX . . . . . . . . . . . . . . . . . .|
e. O . . . . . . . . . . O X X . . . .|
d. . . O . . . . . . . . . . . O . . X|
c. . . X . . . . . . . . . . . . . . .|
b. . . . X . X . . X . . . . . . . . .|
a. . . . . . . . . . . . . . . . O X .|
 A B C D E F G H I J K L M N O P Q R S|
gracz X
--------------------------------------+
s. . . . . . . . . . O . . . . . O . .|
r. . . . . . X . . . . . . . . X . . .|
q. . X . . . O . O . . . . . . . . . .|
p. . . . . . . . . . O . X X . X . . .|
o. . . . . . . . . . X . . . . O . . .|
n. . . . . . . . . . . . . . . . . . .|
m. . . . O X . . . . . . . . O . . . .|
l. . . . . . . . . . . . . . . X . O .|
k. . . . . . . . . . . O . . . . O . .|
j. X . . . . . . . . . . . . . . . . .|
i. . . . . . . . O . . . . X . . . . .|
hO . . . . O X . . . . . . . . . . . .|
g. . . . . . . . . . O . . . . . . . .|
fX . . . . . . . . . . . . . . . . . .|
e. O . . . . . . . . . . O X X . . . .|
d. . . O . . . . . . . . . . . O . . X|
c. . . X . . . . . . . . . . . . . . .|
b. . . . X . X . . X . . . . . . . . .|
a. . . . . . . . . . . . . . . . O X .|
 A B C D E F G H I J K L M N O P Q R S|
gracz O
--------------------------------------+
s. . . . . . . . . . O . . . . . O . .|
r. . . . . . X . . . . . . . . X . . .|
q. . X . . . O . O . . . . . . . . . .|
p. . . . . . . . . . O . X X . X . . .|
o. . . . . . . . . . X . . . . O . . .|
n. . . . . . . . . . . . . . . . . . .|
m. . . . O X . . . . . . . . O . . . .|
l. . . . . . . . . . . . . . . X . O .|
k. . . . . . . . . . . O . . . . O . .|
j. X . . . . . . O . . . . . . . . . .|
i. . . . . . . . O . . . . X . . . . .|
hO . . . . O X . . . . . . . . . . . .|
g. . . . . . . . . . O . . . . . . . .|
fX . . . . . . . . . . . . . . . . . .|
e. O . . . . . . . . . . O X X . . . O|
d. . . O . . . . . . . . . . . O . . X|
c. . . X . . . . . . . . . . . . . . .|
b. . . . X . X . . X . . . . . . . . .|
a. . . . . . . . . . . . . . . . O X .|
 A B C D E F G H I J K L M N O P Q R S|
gracz X
--------------------------------------+
s. . . . . . . . . . O . . . . . O . .|
r. . . . . . X . . . . . . . . X . . .|
q. . X . . . O . O . . . . . . . . . .|
p. . . . . . . . . . O . X X . X . . .|
o. . . . . . . . . . X . . . . O . . .|
n. . . . . . . . . . . . . . . . . . .|
m. . . . O X . . . . X . . . O . . . .|
l. . . . . . . . . . . . . . . X . O .|
k. . . . . . . . . . . O . . . . O . .|
j. X . . . . . . O . . . . . . . . . .|
i. . . . . . . . O . . . . X . . . . .|
hO . . . . O X . . . . . . . . . . . .|
g. . . . . . . . . . O . . . . . . . .|
fX . . . . . . X . . . . . . . . . . .|
e. O . . . . . . . . . . O X X . . . O|
d. . . O . . . . . . . . . . . O . . X|
c. . . X . . . . . . . . . . . . . . .|
b. . . . X . X . . X . . . . . . . . .|
a. . . . . . . . . . . . . . . . O X .|
 A B C D E F G H I J K L M N O P Q R S|
gracz O
--------------------------------------+
s. . . . . . . . . . O . . . . . O . .|
r. . . . . . X . . . . . . . . X . . .|
q. . X . . . O . O . . . . . . . . . .|
p. . . . . . . . . . O . X X . X . . .|
o. . . . . . . . . . X . . . . O . . .|
n. . . . . . . . . . . . . . . . . . .|
m. . . . O X . . . . X . O . O . . . .|
l. . . . . . . . . . . . . . . X . O .|
k. . . . . . . . . . . O . . . . O . .|
j. X . . . . . . O . . . . . . . . . .|
i. . . . . . . . O . . . . X . . . . O|
hO . . . . O X . . . . . . . . . . . .|
g. . . . . . . . . . O . . . . . . . .|
fX . . . . . . X . . . . . . . . . . .|
e. O . . . . . . . . . . O X X . . . O|
d. . . O . . . . . . . . . . . O . . X|
c. . . X . . . . . . . . . . . . . . .|
b. . . . X . X . . X . . . . . . . . .|
a. . . . . . . . . . . . . . . . O X .|
 A B C D E F G H I J K L M N O P Q R S|
gracz X
--------------------------------------+
s. . . . . . . . . . O . . . . . O . .|
r. . . . . . X . . . X . . . . X . . .|
q. . X . . . O . O . . . . . . . . . .|
p. . . . . . . . . . O . X X . X . . .|
o. . . . . . . . . . X . . . . O . . .|
n. . . . . . . . . . . . . . . . . . .|
m. . . . O X . . . . X . O . O . . . .|
l. . . . . . . . . . . . . . . X . O .|
k. . . . . . . . . . . O . . . . O . .|
j. X . . . . . . O . . . . . . . . . .|
i. . . . . . . . O . . . . X . . . . O|
hO . . . . O X . . . . . . . . . . . .|
g. . . . . . . . . . O . . . . . . . .|
fX . . . . . . X . . . . . . . . . . .|
e. O . . . . . . . . X . O X X . . . O|
d. . . O . . . . . . . . . . . O . . X|
c. . . X . . . . . . . . . . . . . . .|
b. . . . X . X . . X . . . . . . . . .|
a. . . . . . . . . . . . . . . . O X .|
 A B C D E F G H I J K L M N O P Q R S|
gracz O
--------------------------------------+
s. . . . . . . . . . O . . . . . O . .|
r. . . . . . X . . . X . . . . X . . .|
q. . X . . . O . O . . . . . . . . . .|
p. . . . . . . . . . O . X X . X . . .|
o. . . . . . . . . . X . . . . O . . .|
n. . . . . . . . . . . . . . . . . . .|
m. . . . O X . . . . X . O . O . . . .|
l. . . . . . . . . . . . . . . X . O .|
k. . . . . . . . . . . O . . . . O . .|
j. X . . . . . . O . . . . . . . . . .|
i. . . . . . . . O . . . . X . . . . O|
hO . . . . O X . . . . . . . . . . . .|
g. . . . . . . . O . O . . . . . . . .|
fX . . . . . . X . . . . . . . . . . .|
e. O . . . . . . . . X . O X X . . . O|
d. . . O . . . O . . . . . . . O . . X|
c. . . X . . . . . . . . . . . . . . .|
b. . . . X . X . . X . . . . . . . . .|
a. . . . . . . . . . . . . . . . O X .|
 A B C D E F G H I J K L M N O P Q R S|
gracz X
--------------------------------------+
s. . . . . . . . . . O . . . . . O . .|
r. . . . . . X . . . X . . . . X . . .|
q. . X . . . O . O . . . . . . . . . .|
p. . . . . . . . . . O . X X . X . . .|
o. . . . . . . . . . X . . . . O . . .|
n. . . . . . . . . . . . . . . . . . .|
m. . . . O X . . . . X . O . O . . . .|
l. . . . . . . . . . . . . . X X . O .|
k. . . . . . . . . . . O . . . . O . .|
j. X . . . . . . O . . . . . . . . . .|
i. . . . . . . . O . . . . X . . . . O|
hO . . . . O X . . . . . . . . . . . .|
g. . . . . . . . O . O . . . . . . . .|
fX . . . . . . X . . . . . . . . . . .|
e. O . . . . X . . . X . O X X . . . O|
d. . . O . . . O . . . . . . . O . . X|
c. . . X . . . . . . . . . . . . . . .|
b. . . . X . X . . X . . . . . . . . .|
a. . . . . . . . . . . . . . . . O X .|
 A B C D E F G H I J K L M N O P Q R S|
gracz O
--------------------------------------+
s. . . . . . . . . . O . . . . . O . .|
r. . . . . . X . . . X . . . . X . . .|
q. . X . . . O . O . . . . . . . . . .|
p. . . . . . . . . . O . X X . X . . .|
o. . . O . . . . . . X . . . . O . . .|
n. . . . . . . . . . . . . . . . . . .|
m. . . . O X . . . . X . O . O . . . .|
l. . . . . . . . . . . . . . X X . O .|
k. . . . O . . . . . . O . . . . O . .|
j. X . . . . . . O . . . . . . . . . .|
i. . . . . . . . O . . . . X . . . . O|
hO . . . . O X . . . . . . . . . . . .|
g. . . . . . . . O . O . . . . . . . .|
fX . . . . . . X . . . . . . . . . . .|
e. O . . . . X . . . X . O X X . . . O|
d. . . O . . . O . . . . . . . O . . X|
c. . . X . . . . . . . . . . . . . . .|
b. . . . X . X . . X . . . . . . . . .|
a. . . . . . . . . . . . . . . . O X .|
 A B C D E F G H I J K L M N O P Q R S|
gracz X
--------------------------------------+
s. . . . . . . . . . O . . . . . O . .|
r. . . . . . X . . . X . . . . X . . .|
q. . X . . . O . O . . . . . . . . . .|
p. . . . . . . . . . O . X X . X . . .|
o. . . O . . . . . . X . . . . O . . .|
n. . . . . . . . . . . . . . . . . . .|
m. . . . O X . . . . X . O . O . . . .|
l. . . . . . . . . . . . . . X X . O .|
k. . . . O . . . . . . O . . . . O . .|
j. X . . . . . . O . . . . . . . . . .|
i. . . . . . . . O . . . . X . . . . O|
hO . . . . O X . . . . . . . . . X . .|
g. . . . . . . . O . O . . . . . . . .|
fX . . . . . . X . . . . . . . . . . .|
e. O . . . . X . . . X . O X X . . . O|
d. . . O . . . O . . . . . . . O . . X|
c. . . X . . . . . . . . . . . . . . .|
b. . . . X . X . . X . X . . . . . . .|
a. . . . . . . . . . . . . . . . O X .|
 A B C D E F G H I J K L M N O P Q R S|
gracz O
--------------------------------------+
s. . . . . . . . . . O . . . . . O . O|
r. . . . . . X . . . X . . . . X . . .|
q. . X . . . O . O . . . . . . . . . .|
p. . . . . . . . . . O . X X . X . . .|
o. . . O . . . . . . X . . . . O . . .|
n. . . . . . . . . . . . . . . O . . .|
m. . . . O X . . . . X . O . O . . . .|
l. . . . . . . . . . . . . . X X . O .|
k. . . . O . . . . . . O . . . . O . .|
j. X . . . . . . O . . . . . . . . . .|
i. . . . . . . . O . . . . X . . . . O|
hO . . . . O X . . . . . . . . . X . .|
g. . . . . . . . O . O . . . . . . . .|
fX . . . . . . X . . . . . . . . . . .|
e. O . . . . X . . . X . O X X . . . O|
d. . . O . . . O . . . . . . . O . . X|
c. . . X . . . . . . . . . . . . . . .|
b. . . . X . X . . X . X . . . . . . .|
a. . . . . . . . . . . . . . . . O X .|
 A B C D E F G H I J K L M N O P Q R S|
gracz X
--------------------------------------+
s. . . . . . . . . . O . . . . . O . O|
r. . . . . . X . . . X . . . . X . . .|
q. . X . . . O . O . . . . . . . . . .|
p. . . . . . . . . . O . X X . X . . .|
o. . . O . . . . . . X . . . . O . . .|
n. . . . . . . . . . . . . . . O . . .|
m. . . . O X . . . . X . O . O . . . .|
l. . . . . . . . . . . . . . X X . O .|
k. . . . O . . . . . . O . . . . O . .|
j. X . . . . . . O . . . . . . . . . .|
i. . . . . . . . O . . . . X . . . . O|
hO . . . . O X . . . . . . . . . X . .|
g. . . . . . . . O . O . . . . . . . .|
fX . . . . . . X . . . . . . . . . . .|
e. O . . . . X . . . X . O X X . . . O|
d. . . O . . . O . . . . . . . O . . X|
c. . . X . . . . . . . . . . . . . . .|
b. . . . X . X . . X . X . . . . . . .|
a. . . . . . . X . . . X . . . . O X .|
 A B C D E F G H I J K L M N O P Q R S|
gracz O
--------------------------------------+
s. . . . . . . . . . O . . . . . O . O|
r. . . . . . X . . . X . . . . X . . .|
q. . X . . . O . O . . . . . . . . . .|
p. . . . . . . . . . O . X X . X . . .|
o. . . O . . . . . . X . . . . O . . .|
n. . . . . . . . . . . . . . . O . . .|
m. . . . O X . . . . X . O . O . . . .|
l. . . . . . . . . . . . . . X X . O .|
k. . . . O . . . . . . O . . . . O . .|
j. X . . . . . . O . . . . . . . . . .|
i. . . . . . . . O . . . . X . . . . O|
hO . . . . O X . . . . . . . . . X . .|
g. . O . . . . . O . O . . . . . . . .|
fX . . . . . . X . . . . . . . . . . .|
e. O . . . O X . . . X . O X X . . . O|
d. . . O . . . O . . . . . . . O . . X|
c. . . X . . . . . . . . . . . . . . .|
b. . . . X . X . . X . X . . . . . . .|
a. . . . . . . X . . . X . . . . O X .|
 A B C D E F G H I J K L M N O P Q R S|
gracz X
--------------------------------------+
s. . . . . . . . . . O . . . . . O . O|
r. . . . . . X . . . X . . . . X . . .|
q. . X . . . O . O . . . . . . . . . .|
p. . . . . . . . . . O . X X . X . . .|
o. . . O . . . . . . X . . . . O . . .|
n. . . . . . . . . . . . . . . O . . .|
m. . . . O X . . . . X . O . O . . . .|
l. . . . . . . . . . . . . . X X . O .|
k. . . . O . . . . . . O . . . . O . .|
j. X . . . . . . O . . . . . . . . . .|
i. . . . . . . . O . . . . X . . . . O|
hO . . . . O X . . . . . . . . . X . .|
g. . O . . . . . O . O . . . . . . . .|
fX . . . . . . X . . . . . . . . . . .|
e. O . . . O X . . . X . O X X . . . O|
d. . . O X . . O . . . . . . . O X . X|
c. . . X . . . . . . . . . . . . . . .|
b. . . . X . X . . X . X . . . . . . .|
a. . . . . . . X . . . X . . . . O X .|
 A B C D E F G H I J K L M N O P Q R S|
gracz O
--------------------------------------+
s. . . . . . . . . . O . . . . . O . O|
r. . . . . . X . . . X . . . . X . . .|
q. . X . . . O . O . . . . . . . . . .|
p. . . . . . . . . . O . X X . X . . .|
o. . . O . . . . . . X . . . . O . . .|
n. . . . . . . . . . . . . . . O . . .|
mO . . . O X . . . . X . O . O O . . .|
l. . . . . . . . . . . . . . X X . O .|
k. . . . O . . . . . . O . . . . O . .|
j. X . . . . . . O . . . . . . . . . .|
i. . . . . . . . O . . . . X . . . . O|
hO . . . . O X . . . . . . . . . X . .|
g. . O . . . . . O . O . . . . . . . .|
fX . . . . . . X . . . . . . . . . . .|
e. O . . . O X . . . X . O X X . . . O|
d. . . O X . . O . . . . . . . O X . X|
c. . . X . . . . . . . . . . . . . . .|
b. . . . X . X . . X . X . . . . . . .|
a. . . . . . . X . . . X . . . . O X .|
 A B C D E F G H I J K L M N O P Q R S|
gracz X
--------------------------------------+
s. . . . . . . . . . O . . . . . O . O|
r. . . . . . X . . . X . . . . X . . .|
q. . X . . . O . O . . . . . . . . . .|
p. . . . . . . . . . O . X X . X . . .|
o. . . O . . . . . . X . . . . O . . .|
n. . . . . . . . . . . . . . . O . . .|
mO . . . O X . . . . X . O . O O . . .|
l. . . . . . . . . . . . . . X X . O .|
k. . . . O . . . . . . O . . . . O . .|
j. X . . . . . . O . . . . . X . . . .|
i. . . . . . . . O . . . . X . . . . O|
hO . . . . O X . . . . . . . . . X . .|
g. . O . . . . . O . O . . . . . . . .|
fX . . . . . . X . . . . . . . . . . .|
e. O . . . O X . . . X . O X X . . . O|
d. . . O X . . O X . . . . . . O X . X|
c. . . X . . . . . . . . . . . . . . .|
b. . . . X . X . . X . X . . . . . . .|
a. . . . . . . X . . . X . . . . O X .|
 A B C D E F G H I J K L M N O P Q R S|
gracz O
--------------------------------------+
s. . . . . . . . . . O . . . . . O . O|
r. . . . . . X . . . X . . . . X . O .|
q. . X . . . O . O . . . . . . . . . .|
p. . . . . . . . . . O . X X . X . . .|
o. . . O . . . . . . X . . . . O . . .|
n. . . . . . . . . . . . . . . O . . .|
mO . . . O X . . . . X . O . O O . . .|
l. . . . . . . . . . . . . . X X . O .|
k. . . . O . . . . . . O . . . . O . .|
j. X . . . . . . O . . . . . X . . . .|
i. . . . . . . . O . . . . X . . . . O|
hO . . . . O X . . . . . . . . . X . .|
g. . O . . . . . O . O . . . . . . . .|
fX . . . . . . X . . . . . . . . . . .|
e. O . . . O X . . . X . O X X . . . O|
d. . . O X . . O X . . . . . . O X . X|
c. . . X . . . . . . . . . . . . . . .|
b. . . . X . X . . X . X . . . . . . .|
a. O . . . . . X . . . X . . . . O X .|
 A B C D E F G H I J K L M N O P Q R S|
gracz X
--------------------------------------+
s. . . . . . . . . . O . . . . . O . O|
r. . . . . . X . . . X . . . . X . O .|
q. . X . . . O . O . . . . . . . . . .|
p. . . . . . . . . . O . X X . X . . .|
o. . . O . . . . . . X . . . . O . . .|
n. . . . . . X . . . . . . . . O . . .|
mO . . . O X . . . . X . O . O O . . .|
l. . . . . . . . . . . . . . X X . O .|
k. . . . O . . . . . . O . . . . O . .|
j. X . . . . . . O . . . . . X . . . .|
i. . . . . . . . O . . . . X . . . . O|
hO . . . . O X . . . . . . . . . X . .|
g. . O . . . . . O . O . . . . . . . .|
fX . . . . . . X . . . . . . . . . . .|
e. O . . . O X . . . X . O X X . . . O|
d. . . O X . . O X . . . . . . O X . X|
c. . . X . . . . . . . . . . . . . . .|
b. . . . X . X . . X . X . . . . . . .|
a. O . X . . . X . . . X . . . . O X .|
 A B C D E F G H I J K L M N O P Q R S|
gracz O
--------------------------------------+
s. . . . . . . . . . O . . . . . O . O|
r. . . . . . X . . . X . . . . X . O .|
q. . X . . . O . O . . . . . . . . . .|
p. . . . . . . . . . O . X X . X . . .|
o. . . O . . . . . . X . . . . O . . .|
n. . . . . . X . . . . . . . . O . . .|
mO . . . O X . . . . X . O . O O . . .|
l. . . . . . . . . . . . . . X X . O .|
k. . . . O . . . . . . O O . . . O . .|
j. X . . . . . . O . . . . . X . . . .|
i. . . . . . . . O . . . . X . . . . O|
hO . . . . O X . . . . . . . . . X . .|
g. . O . . . . . O . O . . . . . . . .|
fX . . . . . O X . . . . . . . . . . .|
e. O . . . O X . . . X . O X X . . . O|
d. . . O X . . O X . . . . . . O X . X|
c. . . X . . . . . . . . . . . . . . .|
b. . . . X . X . . X . X . . . . . . .|
a. O . X . . . X . . . X . . . . O X .|
 A B C D E F G H I J K L M N O P Q R S|
gracz X
--------------------------------------+
s. . . . . . . . . . O . . . . . O . O|
r. . . . . . X . . . X . . . . X . O .|
q. . X . . . O . O . . . . . . . . . .|
p. . . . . . . . . . O . X X . X . . .|
o. . . O . . . . . . X . . . . O . . .|
n. . . . . . X . . . . . . . . O . . .|
mO . . . O X . . . . X . O . O O . . .|
l. . . . . . . . . . . . . . X X . O .|
k. . . . O . . X . . . O O . . . O . .|
j. X . . X . . . O . . . . . X . . . .|
i. . . . . . . . O . . . . X . . . . O|
hO . . . . O X . . . . . . . . . X . .|
g. . O . . . . . O . O . . . . . . . .|
fX . . . . . O X . . . . . . . . . . .|
e. O . . . O X . . . X . O X X . . . O|
d. . . O X . . O X . . . . . . O X . X|
c. . . X . . . . . . . . . . . . . . .|
b. . . . X . X . . X . X . . . . . . .|
a. O . X . . . X . . . X . . . . O X .|
 A B C D E F G H I J K L M N O P Q R S|
gracz O
--------------------------------------+
s. . . . . . . . . . O . . . . . O . O|
r. . . . . . X O . . X . . . . X . O .|
q. . X . . . O . O . . . . . . . . . .|
p. . . . . . . . . . O . X X . X . . .|
o. . . O . . . . . . X . . . . O . . .|
n. . . . . . X . . . . . . . . O . . .|
mO . . . O X . . . . X . O . O O . . .|
l. . . . . . . . . . . . . . X X . O .|
k. . . . O . . X . . . O O . . . O . .|
j. X . . X . . . O . . . . . X . . . .|
i. . . . . . . . O . . . . X . . . . O|
hO . . . . O X . . . . . . . O . X . .|
g. . O . . . . . O . O . . . . . . . .|
fX . . . . . O X . . . . . . . . . . .|
e. O . . . O X . . . X . O X X . . . O|
d. . . O X . . O X . . . . . . O X . X|
c. . . X . . . . . . . . . . . . . . .|
b. . . . X . X . . X . X . . . . . . .|
a. O . X . . . X . . . X . . . . O X .|
 A B C D E F G H I J K L M N O P Q R S|
gracz X
--------------------------------------+
s. . . . . . . . . . O . . . . . O . O|
r. . . . . . X O . . X . . . . X . O .|
q. . X . . . O . O . . . . . . . . . .|
p. . . . . . . . . . O . X X . X . . .|
o. . . O . . . . . . X . . . . O . . .|
n. . . . . . X . X . . . . . . O . . .|
mO . . . O X . . . . X . O . O O . . .|
l. . . . . . . . . . . . . . X X . O .|
k. . . . O . . X . . . O O . . . O . .|
j. X . . X . . . O . . . . . X . . . .|
i. . . . . . . . O . . . . X . . . . O|
hO . . . . O X . . . . . . . O . X . .|
g. . O . . . . . O . O . . . . . . . .|
fX . . . . . O X . . . . . . . . . . .|
e. O . . . O X . . . X . O X X . . . O|
d. . . O X . . O X . . . . . . O X . X|
c. . . X . . . . . . . . . . . . . . .|
b. . . . X . X . . X . X . . . . . . .|
a. O . X . . X X . . . X . . . . O X .|
 A B C D E F G H I J K L M N O P Q R S|
gracz O
--------------------------------------+
s. O . . . . . . . . O . . . . . O . O|
r. . . . . . X O . . X . . . . X . O .|
q. . X . . . O . O . . . . . . . . . .|
p. . . . . . . . . . O . X X . X . . .|
o. . . O . . . . . . X . . . . O . . .|
n. . . . . O X . X . . . . . . O . . .|
mO . . . O X . . . . X . O . O O . . .|
l. . . . . . . . . . . . . . X X . O .|
k. . . . O . . X . . . O O . . . O . .|
j. X . . X . . . O . . . . . X . . . .|
i. . . . . . . . O . . . . X . . . . O|
hO . . . . O X . . . . . . . O . X . .|
g. . O . . . . . O . O . . . . . . . .|
fX . . . . . O X . . . . . . . . . . .|
e. O . . . O X . . . X . O X X . . . O|
d. . . O X . . O X . . . . . . O X . X|
c. . . X . . . . . . . . . . . . . . .|
b. . . . X . X . . X . X . . . . . . .|
a. O . X . . X X . . . X . . . . O X .|
 A B C D E F G H I J K L M N O P Q R S|
gracz X
--------------------------------------+
s. O . . . . . . . . O . . . . . O . O|
r. . . . . . X O . . X . . . . X . O .|
q. . X . . . O . O . . . . . . . . . .|
p. . . . . . . . . . O . X X . X . . .|
o. . . O . . . . . . X . . . . O . . .|
n. . . . . O X . X . . . . . . O . . .|
mO . . . O X . . . . X X O . O O . . .|
l. . . . . . . . . . . . . . X X . O .|
k. . . . O . . X . . . O O . . . O . .|
j. X . . X . . . O . . . . . X . . . .|
i. . . . . . . . O . . . . X . . . . O|
hO . . . . O X . . . . . . . O . X . .|
g. . O . . . . . O . O . . . . . . . .|
fX . . . . . O X . . . . . . . . . . .|
e. O . . . O X . . . X . O X X . . . O|
d. . . O X . . O X . . . . . . O X . X|
c. . . X . . . . . . . . . . . . . . .|
b. . . . X . X . . X . X . . . . . . .|
a. O . X X . X X . . . X . . . . O X .|
 A B C D E F G H I J K L M N O P Q R S|
gracz O
--------------------------------------+
s. O . . . . . . . . O . . . . . O . O|
r. . . . . . X O . . X . . . . X . O .|
q. . X . . . O . O . . . . . . . . . .|
p. . . . . . . . . . O . X X . X . . .|
o. . . O . . . . . . X . . . . O . . .|
n. . . . . O X . X . . . . . . O . . .|
mO . . . O X . . . . X X O . O O . . .|
l. . . . . . . . . . . . . . X X . O .|
k. . . . O . . X . . O O O . . . O . .|
j. X . . X . . . O . . . . . X . . . .|
i. . . . . . . . O . . O . X . . . . O|
hO . . . . O X . . . . . . . O . X . .|
g. . O . . . . . O . O . . . . . . . .|
fX . . . . . O X . . . . . . . . . . .|
e. O . . . O X . . . X . O X X . . . O|
d. . . O X . . O X . . . . . . O X . X|
c. . . X . . . . . . . . . . . . . . .|
b. . . . X . X . . X . X . . . . . . .|
a. O . X X . X X . . . X . . . . O X .|
 A B C D E F G H I J K L M N O P Q R S|
gracz X
--------------------------------------+
s. O . . . . . . . . O . . . . . O . O|
r. . . . . . X O . . X . . . . X . O .|
q. . X . . . O . O . . . . . . . . . .|
p. . . . . X . . . . O . X X . X . . .|
o. . . O . . . . . . X . . . . O . . .|
n. . . . . O X . X . . . . . . O . . .|
mO . . . O X . . . . X X O . O O . . .|
l. . . . . . . . . . . . . . X X . O .|
k. . . . O . . X . . O O O . . . O . .|
j. X . . X . . . O . . . . . X . . . .|
i. . . . . . . . O . . O X X . . . . O|
hO . . . . O X . . . . . . . O . X . .|
g. . O . . . . . O . O . . . . . . . .|
fX . . . . . O X . . . . . . . . . . .|
e. O . . . O X . . . X . O X X . . . O|
d. . . O X . . O X . . . . . . O X . X|
c. . . X . . . . . . . . . . . . . . .|
b. . . . X . X . . X . X . . . . . . .|
a. O . X X . X X . . . X . . . . O X .|
 A B C D E F G H I J K L M N O P Q R S|
gracz O
--------------------------------------+
s. O . . . . . . . . O . . . . . O . O|
r. . . . . . X O . . X . . . . X . O .|
q. . X . . . O . O . . . . . . . . . .|
p. . . . . X . . . . O . X X . X . . .|
o. . . O . . . . . . X . . . . O . . .|
n. . . . . O X . X . . . . . . O . O .|
mO . . . O X . . . . X X O . O O . . .|
l. . . . . . . . . . . . . . X X . O .|
k. . . . O . . X . . O O O . . . O . .|
j. X . . X . . . O . . . . . X . . . .|
i. . . . . . . . O . . O X X . . . . O|
hO . . . . O X . . . . . . . O . X . .|
g. . O . . . . . O . O . . . . . . . .|
fX . . . . . O X . . . . . . . . . . .|
e. O . . . O X . . . X . O X X . . . O|
d. . . O X . . O X . . . . . . O X . X|
c. . . X . . . . . . . . . . . . . . .|
b. . . . X . X . . X . X . . . O . . .|
a. O . X X . X X . . . X . . . . O X .|
 A B C D E F G H I J K L M N O P Q R S|
gracz X
--------------------------------------+
s. O . . . . . . . . O . . . . . O . O|
r. . . . . . X O . . X . . . . X . O .|
q. . X . . . O . O . . . . . . . . . .|
p. . . . . X . . . . O . X X . X . . .|
o. . . O . . . . . . X . . . . O . . .|
n. . . . X O X . X . . . . . . O . O .|
mO . . . O X . . . . X X O . O O . . .|
l. . . . . . . . . . . . . . X X . O .|
k. . . . O . . X . . O O O . . . O . .|
j. X . . X . . . O X . . . . X . . . .|
i. . . . . . . . O . . O X X . . . . O|
hO . . . . O X . . . . . . . O . X . .|
g. . O . . . . . O . O . . . . . . . .|
fX . . . . . O X . . . . . . . . . . .|
e. O . . . O X . . . X . O X X . . . O|
d. . . O X . . O X . . . . . . O X . X|
c. . . X . . . . . . . . . . . . . . .|
b. . . . X . X . . X . X . . . O . . .|
a. O . X X . X X . . . X . . . . O X .|
 A B C D E F G H I J K L M N O P Q R S|
gracz O
--------------------------------------+
s. O . . . . . . . . O . . . . . O . O|
r. . . . . . X O . . X . . . . X . O .|
q. . X . . . O . O . . . . . . . . . .|
p. . . . . X O . . . O . X X . X . . .|
o. . . O . . . . . . X . . . . O . . .|
n. . . . X O X . X . . . . . . O . O .|
mO . . . O X . . . . X X O . O O . . .|
l. . . . . . . . . . . . . . X X . O .|
k. . . . O . . X . . O O O . . . O . .|
j. X . . X . . . O X . . . . X . . . .|
i. . . . . . . . O . . O X X . O . . O|
hO . . . . O X . . . . . . . O . X . .|
g. . O . . . . . O . O . . . . . . . .|
fX . . . . . O X . . . . . . . . . . .|
e. O . . . O X . . . X . O X X . . . O|
d. . . O X . . O X . . . . . . O X . X|
c. . . X . . . . . . . . . . . . . . .|
b. . . . X . X . . X . X . . . O . . .|
a. O . X X . X X . . . X . . . . O X .|
 A B C D E F G H I J K L M N O P Q R S|
gracz X
--------------------------------------+
s. O . . . . . . . . O . . . . . O . O|
r. . . . . . X O . . X . . . . X . O X|
q. . X . . . O . O . . . . . . . . . .|
p. . . . . X O . . . O . X X . X . . .|
o. . . O . . . . . . X . . . . O . . .|
n. . . . X O X . X . . . . . . O . O .|
mO . . . O X . . . . X X O . O O . . .|
l. . . . . . . . . . . . . . X X . O .|
k. . . . O . . X . . O O O . . . O . .|
j. X . . X . . . O X . . . . X . . . .|
i. . . . . . . . O . . O X X . O . . O|
hO . . . . O X . . . . . . . O . X . .|
g. . O . . . . . O . O . . . . . . . .|
fX . . . . . O X . . . . . . . . . . .|
e. O . . . O X . . . X . O X X . . . O|
d. . . O X . . O X . . . . . . O X . X|
c. . . X . . . . . . . . . . . . . . .|
b. . . . X . X . . X . X . . X O . . .|
a. O . X X . X X . . . X . . . . O X .|
 A B C D E F G H I J K L M N O P Q R S|
gracz O
--------------------------------------+
s. O . . . . . . . . O . . . . . O . O|
r. . . . . . X O . . X . . . . X . O X|
q. . X . . . O . O . . . . . O . . . .|
p. . . . . X O . . . O . X X . X . . .|
o. . . O . . . . . . X . . . . O . . .|
n. . . . X O X . X . . . . . . O . O .|
mO . . . O X . . . . X X O . O O . . .|
l. . . . . . . . . . . . . . X X . O .|
k. . . . O . . X . . O O O . . . O . .|
j. X . . X . . . O X . . . . X . . . .|
i. . . . . . . . O . . O X X . O . . O|
hO . . . . O X . . . . . . . O . X . .|
g. . O . . . . . O . O O . . . . . . .|
fX . . . . . O X . . . . . . . . . . .|
e. O . . . O X . . . X . O X X . . . O|
d. . . O X . . O X . . . . . . O X . X|
c. . . X . . . . . . . . . . . . . . .|
b. . . . X . X . . X . X . . X O . . .|
a. O . X X . X X . . . X . . . . O X .|
 A B C D E F G H I J K L M N O P Q R S|
gracz X
--------------------------------------+
s. O . . . . . . . . O . . . . . O . O|
r. . . . . . X O . . X . . . . X . O X|
q. . X . . . O . O . . . . . O . . . .|
p. . . . . X O . . . O . X X . X . . .|
o. . . O . . . . . . X . . . . O . . .|
n. . . . X O X . X . . . . . . O . O .|
mO . . . O X . . . . X X O . O O . . .|
l. . . . . . . . . . . . . . X X . O .|
k. . . . O . . X . . O O O . . . O . .|
j. X . . X . . . O X . . . . X . . . .|
i. . . . . . . . O . . O X X . O . . O|
hO . . . . O X . . . . . . . O . X . .|
g. . O . . . . . O . O O . . . . . . .|
fX . . . . . O X . . . . . . . . . . .|
e. O . . . O X . . . X . O X X . . . O|
d. . . O X . . O X . . . . . . O X . X|
cX . . X . . . . . . . . . . . . . . .|
b. . . . X . X . . X . X . X X O . . .|
a. O . X X . X X . . . X . . . . O X .|
 A B C D E F G H I J K L M N O P Q R S|
gracz O
--------------------------------------+
s. O . . . . . . . . O . . . . . O . O|
r. . . . . . X O . . X . . . . X . O X|
q. . X . . . O . O . . . . . O . . . .|
p. O . . . X O . . . O . X X . X . . .|
o. . . O . . . . . . X . . . . O . . .|
n. . . . X O X . X . . . . . . O . O .|
mO . . . O X . . . . X X O . O O . . .|
l. . . . . . . . . . . . . . X X . O .|
k. O . . O . . X . . O O O . . . O . .|
j. X . . X . . . O X . . . . X . . . .|
i. . . . . . . . O . . O X X . O . . O|
hO . . . . O X . . . . . . . O . X . .|
g. . O . . . . . O . O O . . . . . . .|
fX . . . . . O X . . . . . . . . . . .|
e. O . . . O X . . . X . O X X . . . O|
d. . . O X . . O X . . . . . . O X . X|
cX . . X . . . . . . . . . . . . . . .|
b. . . . X . X . . X . X . X X O . . .|
a. O . X X . X X . . . X . . . . O X .|
 A B C D E F G H I J K L M N O P Q R S|
gracz X
--------------------------------------+
s. O . . . . . . . . O . . . . . O . O|
r. . . . . . X O . . X . . . . X . O X|
q. . X . . . O . O . . . . . O . . . .|
p. O . . . X O . . . O . X X . X . . .|
o. . . O . . . . . . X . . . . O . . .|
n. . . . X O X . X . . . . . . O . O .|
mO . . . O X . . . . X X O . O O . . .|
l. . . . . . . . . . . . . . X X . O .|
k. O . . O . . X . . O O O . . . O . .|
j. X . . X . . . O X . . . . X . . . .|
i. . . . . . . . O . . O X X . O . . O|
hO . . . . O X . . . . . . . O . X . .|
g. . O . . . . . O . O O . . . . . . .|
fX . . . . . O X X . . . . . . . . . .|
e. O . . . O X . . . X . O X X . . . O|
d. . . O X . . O X . . . . . . O X . X|
cX X . X . . . . . . . . . . . . . . .|
b. . . . X . X . . X . X . X X O . . .|
a. O . X X . X X . . . X . . . . O X .|
 A B C D E F G H I J K L M N O P Q R S|
gracz O
--------------------------------------+
s. O . . . . . . . . O . . . . . O O O|
r. . . . . . X O . . X . . . . X . O X|
q. . X . . . O . O . . . . . O . . . .|
p. O . . . X O . . . O . X X . X . . .|
o. . . O . . . . . . X O . . . O . . .|
n. . . . X O X . X . . . . . . O . O .|
mO . . . O X . . . . X X O . O O . . .|
l. . . . . . . . . . . . . . X X . O .|
k. O . . O . . X . . O O O . . . O . .|
j. X . . X . . . O X . . . . X . . . .|
i. . . . . . . . O . . O X X . O . . O|
hO . . . . O X . . . . . . . O . X . .|
g. . O . . . . . O . O O . . . . . . .|
fX . . . . . O X X . . . . . . . . . .|
e. O . . . O X . . . X . O X X . . . O|
d. . . O X . . O X . . . . . . O X . X|
cX X . X . . . . . . . . . . . . . . .|
b. . . . X . X . . X . X . X X O . . .|
a. O . X X . X X . . . X . . . . O X .|
 A B C D E F G H I J K L M N O P Q R S|
gracz X
--------------------------------------+
s. O . . . . . . . . O . . . . . O O O|
r. . . . . . X O . . X . . . . X . O X|
q. . X . . . O . O . . . . . O . . . .|
p. O . . . X O . . . O . X X . X . . .|
o. . . O . . . . . . X O . . . O . . .|
n. . . . X O X . X . . . . . . O . O .|
mO . . . O X . . . . X X O . O O . . .|
l. . . . . . . . . . . . . . X X . O .|
k. O . . O . . X . . O O O . . . O . .|
j. X . . X . . . O X . . . . X . . . .|
i. . . . . . . X O . . O X X . O . . O|
hO . . . . O X . . . . . . . O . X . .|
g. . O . . . . . O . O O X . . . . . .|
fX . . . . . O X X . . . . . . . . . .|
e. O . . . O X . . . X . O X X . . . O|
d. . . O X . . O X . . . . . . O X . X|
cX X . X . . . . . . . . . . . . . . .|
b. . . . X . X . . X . X . X X O . . .|
a. O . X X . X X . . . X . . . . O X .|
 A B C D E F G H I J K L M N O P Q R S|
gracz O
--------------------------------------+
s. O . . . . . . . . O . . . . . O O O|
r. . . . . . X O . . X . . . . X . O X|
q. . X . . . O . O . . . . . O . . . .|
p. O . . . X O . . . O . X X . X . . .|
o. . . O . . . . . . X O . . . O . . .|
n. . . . X O X . X . . . . . . O . O .|
mO . . . O X . . . . X X O . O O . . .|
l. . . . . O . . . . . . . . X X . O .|
k. O . . O . . X . . O O O . . . O . .|
j. X . . X . . . O X . . . . X O . . .|
i. . . . . . . X O . . O X X . O . . O|
hO . . . . O X . . . . . . . O . X . .|
g. . O . . . . . O . O O X . . . . . .|
fX . . . . . O X X . . . . . . . . . .|
e. O . . . O X . . . X . O X X . . . O|
d. . . O X . . O X . . . . . . O X . X|
cX X . X . . . . . . . . . . . . . . .|
b. . . . X . X . . X . X . X X O . . .|
a. O . X X . X X . . . X . . . . O X .|
 A B C D E F G H I J K L M N O P Q R S|
gracz X
--------------------------------------+
s. O . . . . . . . . O . . . . . O O O|
r. . . . . . X O . . X . . . . X . O X|
q. . X . . . O . O . . . X . O . . . .|
p. O . . . X O . . . O . X X . X . . .|
o. . . O . . . . . . X O . . . O . . .|
n. . . . X O X . X . . . . . . O . O .|
mO . . . O X . . . . X X O . O O . . .|
l. . . . . O . . . . . . . . X X . O .|
k. O . . O . . X . . O O O . . . O . .|
j. X . . X . . . O X . . . . X O . . .|
i. . . . . . . X O . . O X X . O . . O|
hO . . . . O X . . . . . . . O . X . .|
gX . O . . . . . O . O O X . . . . . .|
fX . . . . . O X X . . . . . . . . . .|
e. O . . . O X . . . X . O X X . . . O|
d. . . O X . . O X . . . . . . O X . X|
cX X . X . . . . . . . . . . . . . . .|
b. . . . X . X . . X . X . X X O . . .|
a. O . X X . X X . . . X . . . . O X .|
 A B C D E F G H I J K L M N O P Q R S|
gracz O
--------------------------------------+
s. O . . . . . . . . O . . . . . O O O|
r. . . . . . X O . . X . . . . X . O X|
q. . X . . . O . O . . . X . O . . . .|
p. O . . . X O . . . O . X X . X . . .|
o. . . O . . . . . . X O . . . O . . .|
n. . . . X O X . X . . . . O . O . O .|
mO . . . O X . . . . X X O . O O . . .|
l. . . . . O . . . . . . . . X X . O .|
k. O . . O . . X . . O O O . . . O . .|
j. X . . X . . . O X . . . . X O . . .|
i. . . . . . . X O . . O X X . O . . O|
hO . . . . O X . . . . . . . O . X . .|
gX . O . . . . . O . O O X . . . . . .|
fX . . . . . O X X . . . . . . . . . .|
e. O . . . O X . . . X . O X X . . . O|
d. . . O X . . O X . . . . . . O X . X|
cX X . X . . . . . . . . . . . . . . .|
b. . . . X . X . . X . X . X X O . . .|
a. O . X X . X X O . . X . . . . O X .|
 A B C D E F G H I J K L M N O P Q R S|
gracz X
--------------------------------------+
s. O . . . . . . . . O . . . . . O O O|
r. . . . . . X O . . X . . . . X . O X|
q. . X . . . O . O . . . X . O . . . .|
p. O . . . X O . . . O . X X . X . . .|
o. . . O . . . . . . X O . . . O . . .|
n. . . . X O X . X . . . . O . O . O .|
mO . . . O X . . . . X X O . O O . . .|
l. . . . . O . . . . . . . . X X . O .|
k. O . . O . . X . . O O O . . . O . .|
jX X . . X . . . O X . . . . X O . . .|
i. . . . . . . X O . . O X X . O . . O|
hO . . . . O X . . . . . . . O . X . .|
gX . O . . . . . O . O O X . . . . . .|
fX . . . . . O X X . . . . . . . . . .|
e. O . . . O X . . . X . O X X . . . O|
d. . . O X . . O X . . . . . . O X . X|
cX X . X . X . . . . . . . . . . . . .|
b. . . . X . X . . X . X . X X O . . .|
a. O . X X . X X O . . X . . . . O X .|
 A B C D E F G H I J K L M N O P Q R S|
gracz O
--------------------------------------+
s. O . . . . . . . . O . . . . . O O O|
r. . . . . . X O . . X . . . . X . O X|
q. . X . . . O . O . . . X . O . . . .|
p. O . . . X O . . . O . X X . X . . .|
o. . . O . . . . . . X O . . . O . . .|
n. . . . X O X . X . . . . O . O . O .|
mO . . . O X . . . . X X O O O O . . .|
l. . . . . O . . . . . . . . X X . O .|
k. O . . O . . X . . O O O . . . O . .|
jX X . . X . . . O X . . . . X O . . .|
i. . . . . . . X O . . O X X . O . . O|
hO . . . . O X . . . . . . . O . X . .|
gX . O . . . . . O . O O X . . . . . .|
fX . . . . . O X X . . . . . . . . . .|
e. O . . . O X . . . X . O X X . . . O|
d. . . O X . . O X . . . . . . O X . X|
cX X O X . X . . . . . . . . . . . . .|
b. . . . X . X . . X . X . X X O . . .|
a. O . X X . X X O . . X . . . . O X .|
 A B C D E F G H I J K L M N O P Q R S|
gracz X
--------------------------------------+
s. O . . . . . . . . O . X . . . O O O|
r. . . . . . X O . . X . . . . X . O X|
q. . X . . . O . O . . . X . O . . . .|
p. O . . . X O . . . O . X X . X . . .|
o. . . O . . . . . . X O . . . O . . .|
n. . . . X O X . X . . . . O . O . O .|
mO . . . O X . . . . X X O O O O . . .|
l. . . . . O . . . . . . . . X X . O .|
k. O . . O . . X . . O O O . . . O . .|
jX X . . X . . . O X . . . . X O . . .|
i. . . . . . . X O . . O X X . O . . O|
hO . . . . O X . . . . . . . O . X . .|
gX . O . . . . . O X O O X . . . . . .|
fX . . . . . O X X . . . . . . . . . .|
e. O . . . O X . . . X . O X X . . . O|
d. . . O X . . O X . . . . . . O X . X|
cX X O X . X . . . . . . . . . . . . .|
b. . . . X . X . . X . X . X X O . . .|
a. O . X X . X X O . . X . . . . O X .|
 A B C D E F G H I J K L M N O P Q R S|
gracz O
--------------------------------------+
s. O . . . . . . . . O . X . . . O O O|
r. . . . . . X O . . X . . . . X . O X|
q. . X . . . O . O . . . X . O . . . .|
p. O . . . X O . . . O . X X . X . . .|
o. . . O . . . . . . X O . . . O . . .|
n. . . . X O X . X . . . . O . O . O .|
mO . . . O X . . . . X X O O O O . . .|
l. . . . . O . . . . . . . . X X . O .|
k. O . . O . . X . . O O O . . . O . .|
jX X . . X . . . O X . . . . X O . . .|
i. . . . . . . X O . . O X X . O . . O|
hO . . . . O X . . . . . . . O . X . .|
gX . O . . . . . O X O O X . . . . . .|
fX . . . . . O X X . . . . . . . . . .|
e. O O . . O X . . . X . O X X . . . O|
d. . . O X . . O X . . . . . . O X . X|
cX X O X . X . . . . . . . . . . . . .|
b. . . . X . X O . X . X . X X O . . .|
a. O . X X . X X O . . X . . . . O X .|
 A B C D E F G H I J K L M N O P Q R S|
gracz X
--------------------------------------+
s. O . . . . . . . . O . X . . . O O O|
r. . . . . . X O . . X . . . . X . O X|
q. . X . . . O . O . . . X . O . . . .|
p. O . . . X O . . . O . X X . X . . .|
o. . . O . . . . . . X O . . . O . . .|
n. . . . X O X . X . . . . O . O . O .|
mO . . . O X . . . . X X O O O O . . .|
l. . . . . O . . . . X . . . X X . O .|
k. O . . O . . X . . O O O . . . O . .|
jX X . . X . . . O X . . . . X O . . .|
i. . . . . . . X O . . O X X . O . . O|
hO . . . . O X . . . . . . . O . X . .|
gX . O . . . . . O X O O X . . . . . .|
fX . . . . . O X X . . . . . . . . . .|
e. O O . . O X . . . X . O X X . . . O|
d. . . O X . . O X . . . . . . O X . X|
cX X O X . X . . X . . . . . . . . . .|
b. . . . X . X O . X . X . X X O . . .|
a. O . X X . X X O . . X . . . . O X .|
 A B C D E F G H I J K L M N O P Q R S|
gracz O
--------------------------------------+
s. O . . . . . . . . O . X . . . O O O|
r. . . . . . X O . . X . . . . X . O X|
q. . X . . . O . O . . . X . O . . . .|
p. O . . . X O . . . O . X X . X . . .|
o. . . O . . . . . . X O . . . O . . .|
n. . . . X O X . X . . . . O . O . O .|
mO . . . O X . . O . X X O O O O . . .|
l. . . . . O . . . . X . . . X X . O .|
k. O . . O . . X . . O O O . . . O . .|
jX X . . X . . . O X . . . . X O . . .|
i. . . . . . . X O . . O X X . O . . O|
hO . . . . O X . . . . . . . O . X . .|
gX . O . . . . . O X O O X . . . . . .|
fX . . . . . O X X . . . . . . . . . .|
e. O O . . O X . . . X . O X X . . . O|
d. . . O X . . O X . . . . . . O X . X|
cX X O X . X . . X . . . . . . . . . O|
b. . . . X . X O . X . X . X X O . . .|
a. O . X X . X X O . . X . . . . O X .|
 A B C D E F G H I J K L M N O P Q R S|
gracz X
--------------------------------------+
s. O . . . . . . . . O . X . . . O O O|
r. . . . . . X O . . X . . . . X . O X|
q. . X . . . O . O . . . X . O . . . .|
p. O . . . X O . . . O . X X . X . . X|
o. . . O . . . . . . X O . . . O . . .|
n. . . . X O X . X . . . . O . O . O .|
mO . . . O X . . O . X X O O O O . . .|
l. . . . . O . . . . X . . . X X . O .|
k. O . . O . . X . . O O O . . . O . .|
jX X . . X . . . O X . . . . X O . . .|
i. . . . . . . X O . . O X X . O . . O|
hO . . . . O X . . . . . . . O . X . .|
gX . O . . . . . O X O O X . . . . . .|
fX . . . . . O X X . . . . . . . . . .|
e. O O . . O X . . X X . O X X . . . O|
d. . . O X . . O X . . . . . . O X . X|
cX X O X . X . . X . . . . . . . . . O|
b. . . . X . X O . X . X . X X O . . .|
a. O . X X . X X O . . X . . . . O X .|
 A B C D E F G H I J K L M N O P Q R S|
gracz O
--------------------------------------+
s. O . . . . . . . . O . X . . . O O O|
r. . . . . . X O . . X . . . . X . O X|
q. . X . . . O . O . . . X . O . . . .|
p. O . . . X O . . . O . X X . X . . X|
o. . . O . . . . . . X O . . . O . . .|
n. . . . X O X . X . . . . O . O . O .|
mO . . . O X . . O . X X O O O O . . .|
l. . . . . O . . . . X . . . X X . O .|
k. O . . O . . X . . O O O . . . O . .|
jX X . . X . . . O X . . . . X O . . .|
iO . . . . . . X O . . O X X . O . . O|
hO . . . . O X . . . . . . . O . X . .|
gX . O . . . . . O X O O X . . . . . .|
fX . . . . . O X X . . . . . . . . . .|
e. O O . . O X . . X X . O X X . . . O|
d. . . O X . . O X . . . . . . O X . X|
cX X O X . X . . X . . . . . . . . . O|
b. O . . X . X O . X . X . X X O . . .|
a. O . X X . X X O . . X . . . . O X .|
 A B C D E F G H I J K L M N O P Q R S|
gracz X
--------------------------------------+
s. O . . . . . . . . O . X . . . O O O|
r. . . . . . X O . . X . . . . X . O X|
qX . X . . . O . O . . . X . O . . . .|
p. O . . . X O . . . O . X X . X . . X|
o. . . O . . . . . . X O . . . O . . .|
n. . . . X O X . X . . . . O . O . O .|
mO . . . O X . . O . X X O O O O . . .|
l. . . . . O . . . . X . . . X X . O .|
k. O . . O . . X . . O O O . . . O . .|
jX X . . X . . . O X . . . . X O . . .|
iO . . . . . . X O . . O X X . O . . O|
hO . . . . O X . . . . . . . O . X . .|
gX . O . . . . . O X O O X . . . . . .|
fX . . . . . O X X . . . . . . . . . .|
e. O O . . O X . . X X . O X X . . . O|
d. . . O X . . O X . . . . . . O X . X|
cX X O X . X . . X . . . . X . . . . O|
b. O . . X . X O . X . X . X X O . . .|
a. O . X X . X X O . . X . . . . O X .|
 A B C D E F G H I J K L M N O P Q R S|
gracz O
--------------------------------------+
s. O . O . . . . . . O . X . . . O O O|
r. . . . . . X O . . X . . . . X . O X|
qX . X O . . O . O . . . X . O . . . .|
p. O . . . X O . . . O . X X . X . . X|
o. . . O . . . . . . X O . . . O . . .|
n. . . . X O X . X . . . . O . O . O .|
mO . . . O X . . O . X X O O O O . . .|
l. . . . . O . . . . X . . . X X . O .|
k. O . . O . . X . . O O O . . . O . .|
jX X . . X . . . O X . . . . X O . . .|
iO . . . . . . X O . . O X X . O . . O|
hO . . . . O X . . . . . . . O . X . .|
gX . O . . . . . O X O O X . . . . . .|
fX . . . . . O X X . . . . . . . . . .|
e. O O . . O X . . X X . O X X . . . O|
d. . . O X . . O X . . . . . . O X . X|
cX X O X . X . . X . . . . X . . . . O|
b. O . . X . X O . X . X . X X O . . .|
a. O . X X . X X O . . X . . . . O X .|
 A B C D E F G H I J K L M N O P Q R S|
gracz X
--------------------------------------+
s. O . O . . . . . . O . X . . . O O O|
r. . . . . . X O . . X . . . . X . O X|
qX . X O . . O . O . . . X . O . . . .|
p. O . . . X O . . . O . X X . X . . X|
o. . . O . . . . . . X O . . . O . . .|
n. . . . X O X . X . . . . O . O . O .|
mO . . . O X . . O . X X O O O O . . .|
l. . . . . O . . . . X . . . X X X O .|
k. O . . O . . X . . O O O . . . O . .|
jX X . . X . . . O X . . . . X O . . .|
iO . . . . . . X O . . O X X . O . . O|
hO . . . . O X . . . . . . . O . X . .|
gX . O . . . . . O X O O X . . . . . X|
fX . . . . . O X X . . . . . . . . . .|
e. O O . . O X . . X X . O X X . . . O|
d. . . O X . . O X . . . . . . O X . X|
cX X O X . X . . X . . . . X . . . . O|
b. O . . X . X O . X . X . X X O . . .|
a. O . X X . X X O . . X . . . . O X .|
 A B C D E F G H I J K L M N O P Q R S|
gracz O
--------------------------------------+
s. O . O . O . . . . O . X . . . O O O|
r. . . . . . X O . . X . . . . X . O X|
qX . X O . . O . O . . . X . O . . . .|
p. O . . . X O . . . O . X X . X . . X|
o. . . O O . . . . . X O . . . O . . .|
n. . . . X O X . X . . . . O . O . O .|
mO . . . O X . . O . X X O O O O . . .|
l. . . . . O . . . . X . . . X X X O .|
k. O . . O . . X . . O O O . . . O . .|
jX X . . X . . . O X . . . . X O . . .|
iO . . . . . . X O . . O X X . O . . O|
hO . . . . O X . . . . . . . O . X . .|
gX . O . . . . . O X O O X . . . . . X|
fX . . . . . O X X . . . . . . . . . .|
e. O O . . O X . . X X . O X X . . . O|
d. . . O X . . O X . . . . . . O X . X|
cX X O X . X . . X . . . . X . . . . O|
b. O . . X . X O . X . X . X X O . . .|
a. O . X X . X X O . . X . . . . O X .|
 A B C D E F G H I J K L M N O P Q R S|
gracz X
--------------------------------------+
s. O . O . O . . . . O . X . . . O O O|
r. . . . . . X O . . X . . . . X . O X|
qX . X O . . O . O . . . X . O . . . .|
p. O . . . X O . . . O . X X . X . . X|
o. . . O O . . . . . X O . . . O . . X|
n. . . . X O X . X . . . . O . O . O .|
mO . . . O X . . O . X X O O O O . . .|
l. . . . . O . . . . X . . . X X X O .|
k. O . . O . . X . . O O O X . . O . .|
jX X . . X . . . O X . . . . X O . . .|
iO . . . . . . X O . . O X X . O . . O|
hO . . . . O X . . . . . . . O . X . .|
gX . O . . . . . O X O O X . . . . . X|
fX . . . . . O X X . . . . . . . . . .|
e. O O . . O X . . X X . O X X . . . O|
d. . . O X . . O X . . . . . . O X . X|
cX X O X . X . . X . . . . X . . . . O|
b. O . . X . X O . X . X . X X O . . .|
a. O . X X . X X O . . X . . . . O X .|
 A B C D E F G H I J K L M N O P Q R S|
gracz O
--------------------------------------+
s. O . O . O . . . . O . X . . . O O O|
r. . . . . . X O . . X . . . . X . O X|
qX . X O . . O . O . . . X . O . O . .|
p. O . . . X O . . . O . X X . X . . X|
o. . . O O . . . . . X O . . . O . . X|
n. O . . X O X . X . . . . O . O . O .|
mO . . . O X . . O . X X O O O O . . .|
l. . . . . O . . . . X . . . X X X O .|
k. O . . O . . X . . O O O X . . O . .|
jX X . . X . . . O X . . . . X O . . .|
iO . . . . . . X O . . O X X . O . . O|
hO . . . . O X . . . . . . . O . X . .|
gX . O . . . . . O X O O X . . . . . X|
fX . . . . . O X X . . . . . . . . . .|
e. O O . . O X . . X X . O X X . . . O|
d. . . O X . . O X . . . . . . O X . X|
cX X O X . X . . X . . . . X . . . . O|
b. O . . X . X O . X . X . X X O . . .|
a. O . X X . X X O . . X . . . . O X .|
 A B C D E F G H I J K L M N O P Q R S|
gracz X
--------------------------------------+
s. O . O . O . . . . O . X . . X O O O|
r. . . . . . X O . . X . . . . X . O X|
qX . X O . . O . O . . . X . O . O . .|
p. O . . . X O . . . O . X X . X . . X|
o. . . O O . . . . . X O . . . O . . X|
n. O . . X O X . X . . . . O . O . O .|
mO . . . O X . . O . X X O O O O . . .|
l. . . . . O . . . . X . . . X X X O .|
k. O . . O . . X . X O O O X . . O . .|
jX X . . X . . . O X . . . . X O . . .|
iO . . . . . . X O . . O X X . O . . O|
hO . . . . O X . . . . . . . O . X . .|
gX . O . . . . . O X O O X . . . . . X|
fX . . . . . O X X . . . . . . . . . .|
e. O O . . O X . . X X . O X X . . . O|
d. . . O X . . O X . . . . . . O X . X|
cX X O X . X . . X . . . . X . . . . O|
b. O . . X . X O . X . X . X X O . . .|
a. O . X X . X X O . . X . . . . O X .|
 A B C D E F G H I J K L M N O P Q R S|
gracz O
--------------------------------------+
s. O . O . O . . . . O . X . . X O O O|
r. . . . . . X O . . X . . . . X . O X|
qX . X O . . O . O . . . X . O . O . .|
p. O . . . X O . . . O . X X . X . . X|
o. . . O O . . . . . X O . . . O . . X|
n. O . . X O X . X . . . . O . O . O .|
mO . . . O X . . O . X X O O O O . . .|
l. . . . . O . . . . X . . . X X X O .|
k. O . . O . . X . X O O O X . . O . .|
jX X . . X . . . O X . . . . X O . . .|
iO . . . . . . X O . . O X X . O . . O|
hO . . . . O X . . . . . O . O . X . .|
gX . O . . . . . O X O O X . . . . . X|
fX . . . . . O X X . . . . . . . . . .|
e. O O . . O X O . X X . O X X . . . O|
d. . . O X . . O X . . . . . . O X . X|
cX X O X . X . . X . . . . X . . . . O|
b. O . . X . X O . X . X . X X O . . .|
a. O . X X . X X O . . X . . . . O X .|
 A B C D E F G H I J K L M N O P Q R S|
gracz X
--------------------------------------+
s. O . O . O . . . . O . X . . X O O O|
r. . . . . . X O . . X . . X . X . O X|
qX . X O . . O . O . . . X . O . O . .|
p. O . . . X O . . . O . X X . X . . X|
o. . . O O . . . . . X O . . . O . . X|
n. O . . X O X . X . . . . O . O . O .|
mO . . . O X . . O . X X O O O O . . .|
l. . . . . O . . . . X . . . X X X O .|
k. O . . O . . X . X O O O X . . O . .|
jX X . . X . . . O X . . . . X O . . .|
iO . . . . . . X O . . O X X . O . . O|
hO . . . . O X . . . . . O . O . X . .|
gX . O . . . . . O X O O X . . . . . X|
fX . . . . . O X X . . . . . . . . . .|
e. O O . . O X O . X X . O X X . . . O|
d. . . O X . . O X . . . . . . O X . X|
cX X O X . X . . X . . . . X X . . . O|
b. O . . X . X O . X . X . X X O . . .|
a. O . X X . X X O . . X . . . . O X .|
 A B C D E F G H I J K L M N O P Q R S|
gracz O
--------------------------------------+
s. O . O . O . . . . O . X . . X O O O|
r. . . . . . X O . . X . . X . X . O X|
qX . X O . . O . O . . . X . O . O . .|
p. O . . . X O O . . O . X X . X . . X|
o. . . O O . . . . . X O . . . O . . X|
n. O . . X O X . X . . . . O . O . O .|
mO . . . O X . . O . X X O O O O . . .|
l. . . . . O . . . . X . . . X X X O .|
k. O . . O . . X . X O O O X . . O . .|
jX X . . X . . . O X . . . . X O . . .|
iO . . . . . . X O . . O X X . O . . O|
hO . . . . O X . . . . . O . O . X . .|
gX . O . . . . . O X O O X . . . . . X|
fX . . . . . O X X . . . . . . . . . .|
e. O O . . O X O . X X . O X X . . . O|
d. . . O X . . O X . . . . . . O X . X|
cX X O X . X . . X . . . . X X . . . O|
b. O . . X . X O . X . X . X X O . . .|
a. O . X X . X X O O . X . . . . O X .|
 A B C D E F G H I J K L M N O P Q R S|
gracz X
--------------------------------------+
s. O . O . O . . . . O . X . . X O O O|
rX . . . . . X O . . X X . X . X . O X|
qX . X O . . O . O . . . X . O . O . .|
p. O . . . X O O . . O . X X . X . . X|
o. . . O O . . . . . X O . . . O . . X|
n. O . . X O X . X . . . . O . O . O .|
mO . . . O X . . O . X X O O O O . . .|
l. . . . . O . . . . X . . . X X X O .|
k. O . . O . . X . X O O O X . . O . .|
jX X . . X . . . O X . . . . X O . . .|
iO . . . . . . X O . . O X X . O . . O|
hO . . . . O X . . . . . O . O . X . .|
gX . O . . . . . O X O O X . . . . . X|
fX . . . . . O X X . . . . . . . . . .|
e. O O . . O X O . X X . O X X . . . O|
d. . . O X . . O X . . . . . . O X . X|
cX X O X . X . . X . . . . X X . . . O|
b. O . . X . X O . X . X . X X O . . .|
a. O . X X . X X O O . X . . . . O X .|
 A B C D E F G H I J K L M N O P Q R S|
gracz O
--------------------------------------+
s. O . O . O . . . . O . X . O X O O O|
rX . . . . . X O . . X X . X . X . O X|
qX . X O . . O . O . . . X . O . O . .|
p. O . . . X O O . . O . X X . X . . X|
o. . . O O . . . . . X O . . . O . . X|
n. O . . X O X . X . . . . O . O . O .|
mO . . . O X . . O . X X O O O O . . .|
l. . . . . O . . . . X . . . X X X O .|
k. O . . O . . X . X O O O X . . O . .|
jX X . . X . . . O X . . . . X O . . .|
iO . . . . . . X O . . O X X . O . . O|
hO . . . . O X . . . . . O . O . X . .|
gX . O . . . . . O X O O X . . . . . X|
fX . . . . . O X X . . . . . . . . . .|
e. O O . . O X O . X X . O X X . . . O|
d. . . O X . . O X . . . . . . O X . X|
cX X O X . X . . X . . . . X X . . O O|
b. O . . X . X O . X . X . X X O . . .|
a. O . X X . X X O O . X . . . . O X .|
 A B C D E F G H I J K L M N O P Q R S|
gracz X
--------------------------------------+
s. O . O . O . . . X O . X . O X O O O|
rX . . . . . X O . . X X . X . X . O X|
qX . X O . . O . O . . . X . O . O . .|
p. O . . . X O O . . O . X X . X . . X|
o. . . O O . . . . . X O . . . O . . X|
n. O . . X O X X X . . . . O . O . O .|
mO . . . O X . . O . X X O O O O . . .|
l. . . . . O . . . . X . . . X X X O .|
k. O . . O . . X . X O O O X . . O . .|
jX X . . X . . . O X . . . . X O . . .|
iO . . . . . . X O . . O X X . O . . O|
hO . . . . O X . . . . . O . O . X . .|
gX . O . . . . . O X O O X . . . . . X|
fX . . . . . O X X . . . . . . . . . .|
e. O O . . O X O . X X . O X X . . . O|
d. . . O X . . O X . . . . . . O X . X|
cX X O X . X . . X . . . . X X . . O O|
b. O . . X . X O . X . X . X X O . . .|
a. O . X X . X X O O . X . . . . O X .|
 A B C D E F G H I J K L M N O P Q R S|
gracz O
--------------------------------------+
s. O . O . O . . . X O . X . O X O O O|
rX . . . . . X O . . X X . X . X . O X|
qX . X O . . O . O . . . X . O . O . .|
p. O . . . X O O . . O . X X . X . . X|
o. . . O O . . . . . X O . . . O . . X|
n. O . . X O X X X . . . . O . O . O .|
mO . . . O X . . O . X X O O O O . . .|
l. . . . . O . . . . X O . . X X X O .|
k. O . . O . . X . X O O O X . . O . .|
jX X . . X . . . O X . . . . X O . . .|
iO . . . . . . X O . . O X X . O . . O|
hO . . . . O X . . . . . O . O . X . .|
gX . O . . . . . O X O O X . . . . . X|
fX . . . . . O X X . . . . . . . . . .|
e. O O . . O X O . X X . O X X . . . O|
d. . . O X . . O X . . . . . . O X . X|
cX X O X . X . . X . . . . X X . O O O|
b. O . . X . X O . X . X . X X O . . .|
a. O . X X . X X O O . X . . . . O X .|
 A B C D E F G H I J K L M N O P Q R S|
gracz X
--------------------------------------+
s. O . O . O . . . X O . X . O X O O O|
rX . . . . . X O . . X X . X . X . O X|
qX . X O . . O . O . . . X . O . O . .|
p. O . . . X O O . . O . X X . X . . X|
o. . . O O . . . . . X O . . . O . . X|
n. O . . X O X X X . . . . O . O . O .|
mO . . . O X . . O . X X O O O O . . .|
l. . . . . O . . . . X O . . X X X O .|
k. O . . O . . X . X O O O X . . O . .|
jX X . . X . . . O X . . . X X O . . .|
iO . . . . . . X O . . O X X . O . . O|
hO . . . . O X . . . . . O . O . X . .|
gX . O . . . . . O X O O X . . . . . X|
fX . . . . . O X X . . . . . . . . . .|
e. O O . . O X O . X X . O X X . . . O|
d. . . O X . . O X . . . . . . O X X X|
cX X O X . X . . X . . . . X X . O O O|
b. O . . X . X O . X . X . X X O . . .|
a. O . X X . X X O O . X . . . . O X .|
 A B C D E F G H I J K L M N O P Q R S|
gracz O
--------------------------------------+
s. O . O . O . O . X O . X . O X O O O|
rX . . . . . X O . . X X . X . X . O X|
qX . X O . . O . O . . . X . O . O . .|
p. O . . . X O O . . O . X X . X . . X|
o. . . O O . . . . . X O . . . O . . X|
n. O . . X O X X X . . . . O . O . O .|
mO . O . O X . . O . X X O O O O . . .|
l. . . . . O . . . . X O . . X X X O .|
k. O . . O . . X . X O O O X . . O . .|
jX X . . X . . . O X . . . X X O . . .|
iO . . . . . . X O . . O X X . O . . O|
hO . . . . O X . . . . . O . O . X . .|
gX . O . . . . . O X O O X . . . . . X|
fX . . . . . O X X . . . . . . . . . .|
e. O O . . O X O . X X . O X X . . . O|
d. . . O X . . O X . . . . . . O X X X|
cX X O X . X . . X . . . . X X . O O O|
b. O . . X . X O . X . X . X X O . . .|
a. O . X X . X X O O . X . . . . O X .|
 A B C D E F G H I J K L M N O P Q R S|
gracz X
--------------------------------------+
s. O . O . O . O . X O . X . O X O O O|
rX . . . . . X O . . X X . X . X . O X|
qX . X O . . O . O . . . X . O . O . .|
p. O . . . X O O . . O . X X . X . . X|
o. . . O O . . . X . X O . . . O . . X|
n. O . . X O X X X . . . . O . O . O .|
mO . O . O X . . O . X X O O O O . . .|
l. . . . . O . . . . X O . . X X X O .|
k. O . . O . . X . X O O O X . . O . .|
jX X . . X . . . O X . . . X X O . . .|
iO . . . . . . X O . . O X X . O . . O|
hO . . . . O X . . . . . O . O . X . .|
gX . O . . . . . O X O O X . . . . . X|
fX . . . . . O X X . . . . . . . . . .|
e. O O . . O X O . X X . O X X . . . O|
d. . . O X . . O X . . . . . . O X X X|
cX X O X . X . . X . . . . X X . O O O|
b. O . . X X X O . X . X . X X O . . .|
a. O . X X . X X O O . X . . . . O X .|
 A B C D E F G H I J K L M N O P Q R S|
gracz O
--------------------------------------+
s. O . O . O . O . X O . X . O X O O O|
rX . . . . . X O . . X X . X . X . O X|
qX . X O . . O . O . . . X . O . O . .|
p. O . . . X O O . . O . X X . X . . X|
o. . . O O . . . X . X O . . . O . . X|
n. O . . X O X X X . . . . O . O . O O|
mO . O . O X . . O . X X O O O O . . .|
l. . . . . O . . . . X O . . X X X O .|
k. O . . O . . X . X O O O X . . O . .|
jX X . . X . . . O X . . . X X O . . .|
iO . . . . . . X O . . O X X . O . . O|
hO . . . . O X . . . . . O . O . X . .|
gX . O . . . . . O X O O X . . . . . X|
fX . . . . . O X X . . . . . . . . . .|
e. O O . . O X O . X X . O X X . . . O|
d. . . O X . . O X . . . . . . O X X X|
cX X O X . X . . X . O . . X X . O O O|
b. O . . X X X O . X . X . X X O . . .|
a. O . X X . X X O O . X . . . . O X .|
 A B C D E F G H I J K L M N O P Q R S|
gracz X
--------------------------------------+
s. O . O . O . O . X O . X . O X O O O|
rX . . . . . X O . . X X . X . X . O X|
qX . X O . . O . O . . . X . O . O . .|
p. O . . . X O O . . O . X X . X . . X|
o. . . O O . . . X . X O . . . O . . X|
n. O . . X O X X X . . . . O . O . O O|
mO . O . O X . . O . X X O O O O . . .|
l. . . . . O . . . . X O . . X X X O .|
k. O . . O . . X . X O O O X . . O . .|
jX X . . X . . . O X . . . X X O . . .|
iO . . . . . . X O . . O X X . O . . O|
hO . . . . O X . . . . . O . O . X . .|
gX . O . . . . . O X O O X . . . . . X|
fX . . . X . O X X . . . . . . . . . .|
e. O O . . O X O . X X . O X X . . . O|
d. . . O X . . O X . . . . . . O X X X|
cX X O X . X . . X . O . . X X . O O O|
b. O . . X X X O . X . X . X X O . . .|
a. O . X X . X X O O X X . . . . O X .|
 A B C D E F G H I J K L M N O P Q R S|
gracz O
--------------------------------------+
s. O . O . O . O . X O . X . O X O O O|
rX . . . . . X O . . X X . X . X . O X|
qX . X O . . O . O . . . X . O . O . .|
p. O . . . X O O . . O . X X . X . . X|
o. . . O O . . . X . X O . . . O . . X|
n. O . . X O X X X . . . . O . O . O O|
mO . O . O X . . O . X X O O O O . . .|
l. . . . . O . . . . X O . . X X X O .|
k. O . . O . . X . X O O O X . . O . .|
jX X . . X . . . O X . . . X X O . . .|
iO . . . . . . X O . . O X X . O . . O|
hO . . . . O X . . . . . O . O O X . .|
gX . O . . . . . O X O O X . . . . . X|
fX . . . X . O X X . . . . . . . . . .|
e. O O . . O X O . X X . O X X . . . O|
d. O . O X . . O X . . . . . . O X X X|
cX X O X . X . . X . O . . X X . O O O|
b. O . . X X X O . X . X . X X O . . .|
a. O . X X . X X O O X X . . . . O X .|
 A B C D E F G H I J K L M N O P Q R S|
gracz X
--------------------------------------+
s. O . O . O . O . X O . X . O X O O O|
rX . . . . . X O . X X X . X . X . O X|
qX . X O . . O . O . . . X . O . O . .|
p. O . . . X O O . . O . X X . X . . X|
o. . . O O . . . X . X O . . . O . . X|
n. O . . X O X X X . . . . O . O . O O|
mO . O . O X . . O . X X O O O O . . .|
l. . . . . O . . . . X O . . X X X O .|
k. O . . O . . X . X O O O X . . O . .|
jX X . . X . . . O X . . . X X O . . .|
iO . . . . . . X O . . O X X . O . . O|
hO . . . . O X . . . . . O . O O X . X|
gX . O . . . . . O X O O X . . . . . X|
fX . . . X . O X X . . . . . . . . . .|
e. O O . . O X O . X X . O X X . . . O|
d. O . O X . . O X . . . . . . O X X X|
cX X O X . X . . X . O . . X X . O O O|
b. O . . X X X O . X . X . X X O . . .|
a. O . X X . X X O O X X . . . . O X .|
 A B C D E F G H I J K L M N O P Q R S|
gracz O
--------------------------------------+
s. O . O . O . O . X O . X . O X O O O|
rX . . . . . X O . X X X . X . X . O X|
qX . X O . . O . O . . . X . O . O . .|
p. O . . . X O O . . O . X X . X . . X|
o. . . O O . . . X . X O . . . O . . X|
n. O . O X O X X X . . . . O . O . O O|
mO . O . O X . . O . X X O O O O . . .|
l. . . . . O . . . . X O . . X X X O .|
k. O . . O . . X . X O O O X . . O . .|
jX X . . X . . . O X . . . X X O . . .|
iO . . . . . . X O . . O X X . O . . O|
hO . . . . O X . . . . . O . O O X . X|
gX . O . . . . . O X O O X . . . . . X|
fX . . . X . O X X . . . . . . . . . .|
e. O O . . O X O . X X . O X X . . . O|
d. O . O X . . O X . . . . . O O X X X|
cX X O X . X . . X . O . . X X . O O O|
b. O . . X X X O . X . X . X X O . . .|
a. O . X X . X X O O X X . . . . O X .|
 A B C D E F G H I J K L M N O P Q R S|
gracz X
--------------------------------------+
s. O . O . O . O . X O . X . O X O O O|
rX . . . . . X O . X X X . X . X . O X|
qX . X O . . O . O . . . X . O . O . .|
p. O . . . X O O . . O . X X . X . . X|
o. . . O O . . . X . X O . . . O . . X|
n. O . O X O X X X . . . . O . O . O O|
mO . O . O X . . O . X X O O O O . . .|
l. . . . . O . . . . X O . . X X X O .|
k. O . . O . . X . X O O O X . . O . .|
jX X . . X . . . O X . . . X X O . . .|
iO . . . . . . X O . . O X X . O . . O|
hO . . . . O X . . . . . O . O O X . X|
gX . O . . . . . O X O O X . . . . . X|
fX . . . X . O X X . . . . . . . . . .|
e. O O . . O X O . X X . O X X . . . O|
d. O . O X . . O X . . . . . O O X X X|
cX X O X . X . . X . O . . X X . O O O|
b. O . . X X X O . X . X . X X O . . .|
a. O . X X . X X O O X X . . . . O X .|
 A B C D E F G H I J K L M N O P Q R S|
gracz X
--------------------------------------+
s. O . O . O . O . X O . X . O X O O O|
rX . . . . . X O . X X X . X . X . O X|
qX . X O . . O . O . . . X . O . O . .|
p. O . . . X O O . . O . X X . X . . X|
o. . . O O . . . X . X O . . . O . . X|
n. O . O X O X X X . . . . O . O . O O|
mO . O . O X . . O . X X O O O O . . .|
l. . . . . O . . . . X O . . X X X O .|
k. O . . O . . X . X O O O X . . O . .|
jX X . . X . . . O X . . . X X O . . .|
iO . . . . . . X O . . O X X X O . . O|
hO . . . . O X . . . . X O . O O X . X|
gX . O . . . . . O X O O X . . . . . X|
fX . . . X . O X X . . . . . . . . . .|
e. O O . . O X O . X X . O X X . . . O|
d. O . O X . . O X . . . . . O O X X X|
cX X O X . X . . X . O . . X X . O O O|
b. O . . X X X O . X . X . X X O . . .|
a. O . X X . X X O O X X . . . . O X .|
 A B C D E F G H I J K L M N O P Q R S|
gracz O
--------------------------------------+
s. O . O . O . O . X O . X . O X O O O|
rX . . . . . X O . X X X . X . X . O X|
qX . X O . . O . O . . . X . O . O . O|
p. O . . . X O O . . O . X X . X . . X|
o. . . O O . . . X . X O . . . O . O X|
n. O . O X O X X X . . . . O . O . O O|
mO . O . O X . . O . X X O O O O . . .|
l. . . . . O . . . . X O . . X X X O .|
k. O . . O . . X . X O O O X . . O . .|
jX X . . X . . . O X . . . X X O . . .|
iO . . . . . . X O . . O X X X O . . O|
hO . . . . O X . . . . X O . O O X . X|
gX . O . . . . . O X O O X . . . . . X|
fX . . . X . O X X . . . . . . . . . .|
e. O O . . O X O . X X . O X X . . . O|
d. O . O X . . O X . . . . . O O X X X|
cX X O X . X . . X . O . . X X . O O O|
b. O . . X X X O . X . X . X X O . . .|
a. O . X X . X X O O X X . . . . O X .|
 A B C D E F G H I J K L M N O P Q R S|
gracz X
--------------------------------------+
s. O . O . O . O . X O . X . O X O O O|
rX . . . . . X O . X X X . X . X . O X|
qX . X O . . O . O . . . X . O . O . O|
p. O . . . X O O . . O . X X . X . . X|
o. . . O O . . . X . X O . . . O . O X|
n. O . O X O X X X . . . . O . O . O O|
mO . O . O X . . O . X X O O O O . X .|
l. . . . . O . . . . X O . . X X X O .|
k. O . . O . . X . X O O O X . . O . .|
jX X . . X . . . O X . . . X X O . . .|
iO . . . . . . X O . . O X X X O . . O|
hO . . . . O X . . . . X O . O O X . X|
gX . O . . . . . O X O O X . . . . . X|
fX . . . X X O X X . . . . . . . . . .|
e. O O . . O X O . X X . O X X . . . O|
d. O . O X . . O X . . . . . O O X X X|
cX X O X . X . . X . O . . X X . O O O|
b. O . . X X X O . X . X . X X O . . .|
a. O . X X . X X O O X X . . . . O X .|
 A B C D E F G H I J K L M N O P Q R S|
gracz O
--------------------------------------+
s. O . O . O . O . X O . X . O X O O O|
rX . . . . . X O . X X X . X . X . O X|
qX . X O . . O . O . . . X . O . O . O|
p. O . . . X O O . . O . X X . X . . X|
o. . . O O . . . X . X O . . . O . O X|
n. O . O X O X X X . . . . O . O . O O|
mO . O . O X . . O . X X O O O O . X .|
l. . . . . O . . . . X O . . X X X O .|
k. O . . O . . X . X O O O X . . O . .|
jX X . . X . . . O X . . . X X O . . .|
iO . . . . . . X O . . O X X X O . . O|
hO . . . . O X . . . . X O . O O X . X|
gX . O . . . . . O X O O X . . . . . X|
fX . . O X X O X X . . . . . . . . . .|
e. O O . . O X O . X X . O X X . . . O|
d. O . O X . . O X . . . . . O O X X X|
cX X O X . X . . X . O . . X X . O O O|
b. O . . X X X O . X O X . X X O . . .|
a. O . X X . X X O O X X . . . . O X .|
 A B C D E F G H I J K L M N O P Q R S|
gracz X
--------------------------------------+
s. O . O . O . O . X O . X . O X O O O|
rX X . . . . X O . X X X . X . X . O X|
qX . X O . . O . O . . . X . O . O . O|
p. O . . . X O O . . O . X X . X . . X|
o. . . O O . . . X . X O . . . O . O X|
n. O . O X O X X X . . . . O . O . O O|
mO . O . O X . . O . X X O O O O . X .|
l. . . . . O . . . . X O . . X X X O .|
k. O . . O . . X . X O O O X . . O . .|
jX X . . X . X . O X . . . X X O . . .|
iO . . . . . . X O . . O X X X O . . O|
hO . . . . O X . . . . X O . O O X . X|
gX . O . . . . . O X O O X . . . . . X|
fX . . O X X O X X . . . . . . . . . .|
e. O O . . O X O . X X . O X X . . . O|
d. O . O X . . O X . . . . . O O X X X|
cX X O X . X . . X . O . . X X . O O O|
b. O . . X X X O . X O X . X X O . . .|
a. O . X X . X X O O X X . . . . O X .|
 A B C D E F G H I J K L M N O P Q R S|
gracz O
--------------------------------------+
s. O . O . O . O . X O . X . O X O O O|
rX X . . . . X O . X X X . X . X . O X|
qX . X O . . O . O . . . X . O . O . O|
p. O . . . X O O . . O . X X . X O . X|
o. . . O O . . . X . X O . . . O . O X|
n. O . O X O X X X . . . . O . O . O O|
mO . O . O X . . O . X X O O O O . X .|
l. . . . . O . . . . X O . . X X X O .|
k. O . . O . . X . X O O O X . . O . .|
jX X . . X . X . O X . . . X X O . . .|
iO . . . . . O X O . . O X X X O . . O|
hO . . . . O X . . . . X O . O O X . X|
gX . O . . . . . O X O O X . . . . . X|
fX . . O X X O X X . . . . . . . . . .|
e. O O . . O X O . X X . O X X . . . O|
d. O . O X . . O X . . . . . O O X X X|
cX X O X . X . . X . O . . X X . O O O|
b. O . . X X X O . X O X . X X O . . .|
a. O . X X . X X O O X X . . . . O X .|
 A B C D E F G H I J K L M N O P Q R S|
gracz X
--------------------------------------+
s. O . O . O . O . X O . X . O X O O O|
rX X . . . . X O . X X X . X . X . O X|
qX . X O . . O . O . . . X . O . O . O|
p. O . . . X O O . . O . X X . X O . X|
o. . . O O . X . X . X O . . . O . O X|
n. O . O X O X X X . . . . O . O . O O|
mO . O . O X . X O . X X O O O O . X .|
l. . . . . O . . . . X O . . X X X O .|
k. O . . O . . X . X O O O X . . O . .|
jX X . . X . X . O X . . . X X O . . .|
iO . . . . . O X O . . O X X X O . . O|
hO . . . . O X . . . . X O . O O X . X|
gX . O . . . . . O X O O X . . . . . X|
fX . . O X X O X X . . . . . . . . . .|
e. O O . . O X O . X X . O X X . . . O|
d. O . O X . . O X . . . . . O O X X X|
cX X O X . X . . X . O . . X X . O O O|
b. O . . X X X O . X O X . X X O . . .|
a. O . X X . X X O O X X . . . . O X .|
 A B C D E F G H I J K L M N O P Q R S|
gracz O
--------------------------------------+
s. O . O . O . O . X O . X . O X O O O|
rX X . . . . X O . X X X . X . X . O X|
qX . X O . . O . O . . . X . O . O . O|
p. O . . . X O O . . O . X X . X O . X|
o. . . O O . X . X . X O . . . O . O X|
n. O . O X O X X X . . . . O . O . O O|
mO . O . O X . X O . X X O O O O . X .|
l. . . . . O . . . . X O . . X X X O .|
k. O . . O . . X . X O O O X . . O . .|
jX X . . X . X . O X . O . X X O . . .|
iO . . . . . O X O . . O X X X O . . O|
hO . . . . O X . . . . X O . O O X . X|
gX . O . . . . . O X O O X . . . . . X|
fX . . O X X O X X . . . . . . . . . .|
e. O O . . O X O . X X . O X X . . . O|
d. O . O X . . O X . . . . . O O X X X|
cX X O X . X . . X . O . . X X . O O O|
b. O . . X X X O . X O X . X X O . . .|
a. O . X X . X X O O X X . . . O O X .|
 A B C D E F G H I J K L M N O P Q R S|
gracz X
--------------------------------------+
s. O . O . O . O . X O . X . O X O O O|
rX X . . . . X O . X X X . X . X . O X|
qX . X O . . O . O . . . X . O . O . O|
p. O . . . X O O . . O . X X . X O . X|
o. . . O O . X . X . X O . . . O . O X|
n. O . O X O X X X . . . . O . O . O O|
mO . O . O X . X O . X X O O O O . X .|
l. . . . . O . . . . X O . . X X X O .|
k. O . . O . . X . X O O O X . . O . .|
jX X . . X . X . O X . O . X X O . . .|
iO X . . . . O X O . . O X X X O . . O|
hO . . . . O X . X . . X O . O O X . X|
gX . O . . . . . O X O O X . . . . . X|
fX . . O X X O X X . . . . . . . . . .|
e. O O . . O X O . X X . O X X . . . O|
d. O . O X . . O X . . . . . O O X X X|
cX X O X . X . . X . O . . X X . O O O|
b. O . . X X X O . X O X . X X O . . .|
a. O . X X . X X O O X X . . . O O X .|
 A B C D E F G H I J K L M N O P Q R S|
gracz O
--------------------------------------+
s. O . O . O . O . X O . X . O X O O O|
rX X . . . . X O . X X X . X . X . O X|
qX . X O . . O . O . . . X . O . O . O|
p. O . . . X O O . . O . X X . X O . X|
o. . . O O . X . X . X O . . . O . O X|
n. O . O X O X X X . . . . O . O . O O|
mO . O . O X . X O . X X O O O O . X .|
l. . . . . O . . . . X O . . X X X O .|
k. O . . O . . X . X O O O X . . O . .|
jX X . . X . X . O X . O . X X O . . .|
iO X . . . . O X O . . O X X X O . . O|
hO . . . . O X . X . . X O . O O X . X|
gX . O . . . . . O X O O X . . . . . X|
fX . . O X X O X X . . . . . O . . . .|
e. O O . . O X O . X X . O X X . . . O|
d. O . O X . . O X . . . . . O O X X X|
cX X O X . X . . X . O . . X X . O O O|
b. O . . X X X O . X O X . X X O . . O|
a. O . X X . X X O O X X . . . O O X .|
 A B C D E F G H I J K L M N O P Q R S|
gracz X
--------------------------------------+
s. O . O . O . O . X O . X . O X O O O|
rX X . . . . X O . X X X . X . X . O X|
qX . X O . . O . O . . . X . O . O . O|
p. O . . . X O O . . O . X X . X O . X|
o. . . O O . X . X . X O X . . O . O X|
n. O . O X O X X X . . . . O . O . O O|
mO . O . O X . X O . X X O O O O . X .|
l. . . . . O . . . . X O . . X X X O .|
k. O . . O . X X . X O O O X . . O . .|
jX X . . X . X . O X . O . X X O . . .|
iO X . . . . O X O . . O X X X O . . O|
hO . . . . O X . X . . X O . O O X . X|
gX . O . . . . . O X O O X . . . . . X|
fX . . O X X O X X . . . . . O . . . .|
e. O O . . O X O . X X . O X X . . . O|
d. O . O X . . O X . . . . . O O X X X|
cX X O X . X . . X . O . . X X . O O O|
b. O . . X X X O . X O X . X X O . . O|
a. O . X X . X X O O X X . . . O O X .|
 A B C D E F G H I J K L M N O P Q R S|
gracz O
--------------------------------------+
s. O . O . O . O . X O . X . O X O O O|
rX X . . . . X O . X X X . X . X . O X|
qX . X O . . O . O . . . X . O . O . O|
p. O . . . X O O . . O . X X . X O . X|
o. . . O O . X . X . X O X . . O . O X|
n. O . O X O X X X . . . . O . O . O O|
mO . O . O X . X O . X X O O O O . X .|
l. . . . . O . . . . X O . . X X X O .|
k. O . . O . X X . X O O O X . . O . .|
jX X . . X . X . O X . O . X X O . . .|
iO X . . . O O X O . . O X X X O . . O|
hO . . . . O X . X . . X O . O O X . X|
gX . O . . . . . O X O O X . . . . . X|
fX . . O X X O X X O . . . . O . . . .|
e. O O . . O X O . X X . O X X . . . O|
d. O . O X . . O X . . . . . O O X X X|
cX X O X . X . . X . O . . X X . O O O|
b. O . . X X X O . X O X . X X O . . O|
a. O . X X . X X O O X X . . . O O X .|
 A B C D E F G H I J K L M N O P Q R S|
gracz X
--------------------------------------+
s. O . O . O . O . X O . X . O X O O O|
rX X . . . . X O . X X X . X . X . O X|
qX . X O . . O . O . . . X . O . O . O|
p. O . . . X O O . . O . X X . X O . X|
o. . . O O . X . X . X O X . . O . O X|
n. O . O X O X X X . . . . O . O . O O|
mO . O . O X . X O . X X O O O O . X .|
l. . . . . O . . . . X O . . X X X O .|
k. O . . O . X X . X O O O X . . O . .|
jX X . . X . X . O X . O . X X O . . .|
iO X . . . O O X O . . O X X X O . . O|
hO . X . . O X . X . . X O . O O X . X|
gX . O . . . . . O X O O X . . . . . X|
fX . . O X X O X X O X . . . O . . . .|
e. O O . . O X O . X X . O X X . . . O|
d. O . O X . . O X . . . . . O O X X X|
cX X O X . X . . X . O . . X X . O O O|
b. O . . X X X O . X O X . X X O . . O|
a. O . X X . X X O O X X . . . O O X .|
 A B C D E F G H I J K L M N O P Q R S|
gracz O
--------------------------------------+
s. O . O . O . O . X O . X . O X O O O|
rX X . . . . X O . X X X . X . X . O X|
qX . X O . . O . O . . . X . O . O . O|
p. O . . . X O O . . O . X X . X O . X|
o. . O O O . X . X . X O X . . O . O X|
n. O . O X O X X X . . . . O . O . O O|
mO . O . O X . X O . X X O O O O . X .|
l. . . . . O . . . . X O . . X X X O .|
k. O . . O . X X . X O O O X . . O . .|
jX X . . X O X . O X . O . X X O . . .|
iO X . . . O O X O . . O X X X O . . O|
hO . X . . O X . X . . X O . O O X . X|
gX . O . . . . . O X O O X . . . . . X|
fX . . O X X O X X O X . . . O . . . .|
e. O O . . O X O . X X . O X X . . . O|
d. O . O X . . O X . . . . . O O X X X|
cX X O X . X . . X . O . . X X . O O O|
b. O . . X X X O . X O X . X X O . . O|
a. O . X X . X X O O X X . . . O O X .|
 A B C D E F G H I J K L M N O P Q R S|
gracz X
--------------------------------------+
s. O . O . O . O . X O . X . O X O O O|
rX X . . . X X O . X X X . X . X . O X|
qX . X O . . O . O . . . X . O . O . O|
p. O . . . X O O . . O . X X . X O . X|
o. . O O O . X . X . X O X . . O . O X|
n. O . O X O X X X . . . . O . O . O O|
mO . O . O X . X O . X X O O O O . X .|
l. . . . . O . . . . X O . . X X X O .|
k. O . . O . X X . X O O O X . . O . .|
jX X . . X O X . O X . O . X X O . . .|
iO X . X . O O X O . . O X X X O . . O|
hO . X . . O X . X . . X O . O O X . X|
gX . O . . . . . O X O O X . . . . . X|
fX . . O X X O X X O X . . . O . . . .|
e. O O . . O X O . X X . O X X . . . O|
d. O . O X . . O X . . . . . O O X X X|
cX X O X . X . . X . O . . X X . O O O|
b. O . . X X X O . X O X . X X O . . O|
a. O . X X . X X O O X X . . . O O X .|
 A B C D E F G H I J K L M N O P Q R S|
gracz O
--------------------------------------+
s. O . O . O . O . X O . X . O X O O O|
rX X . . . X X O . X X X . X . X . O X|
qX . X O . . O . O . . . X . O . O . O|
p. O . . . X O O . . O . X X . X O . X|
o. . O O O . X . X . X O X . . O . O X|
n. O . O X O X X X . . . . O . O . O O|
mO . O . O X . X O . X X O O O O . X .|
l. . . . . O . . . . X O . . X X X O .|
k. O . . O . X X . X O O O X . . O . .|
jX X . . X O X . O X . O . X X O . . .|
iO X . X . O O X O . . O X X X O . . O|
hO . X . . O X . X . . X O . O O X . X|
gX . O . . . . . O X O O X . . . . . X|
fX . . O X X O X X O X . . . O . . . .|
e. O O . . O X O . X X . O X X . O . O|
d. O . O X . . O X . . . . O O O X X X|
cX X O X . X . . X . O . . X X . O O O|
b. O . . X X X O . X O X . X X O . . O|
a. O . X X . X X O O X X . . . O O X .|
 A B C D E F G H I J K L M N O P Q R S|
gracz X
--------------------------------------+
s. O . O . O . O . X O . X . O X O O O|
rX X . . . X X O . X X X . X . X . O X|
qX . X O . . O . O . . X X . O . O . O|
p. O . . . X O O . . O . X X . X O . X|
o. . O O O . X . X . X O X . . O . O X|
n. O . O X O X X X . . . . O . O . O O|
mO . O . O X . X O . X X O O O O . X .|
l. . . . . O . . . . X O . . X X X O .|
k. O . . O . X X . X O O O X . . O . .|
jX X X . X O X . O X . O . X X O . . .|
iO X . X . O O X O . . O X X X O . . O|
hO . X . . O X . X . . X O . O O X . X|
gX . O . . . . . O X O O X . . . . . X|
fX . . O X X O X X O X . . . O . . . .|
e. O O . . O X O . X X . O X X . O . O|
d. O . O X . . O X . . . . O O O X X X|
cX X O X . X . . X . O . . X X . O O O|
b. O . . X X X O . X O X . X X O . . O|
a. O . X X . X X O O X X . . . O O X .|
 A B C D E F G H I J K L M N O P Q R S|
gracz O
--------------------------------------+
s. O . O . O . O . X O . X . O X O O O|
rX X . . . X X O . X X X . X . X . O X|
qX . X O . . O . O . . X X . O . O . O|
p. O . . . X O O . . O . X X . X O . X|
o. . O O O . X . X . X O X . . O . O X|
n. O . O X O X X X . . . . O . O . O O|
mO . O . O X . X O . X X O O O O . X .|
l. . . . . O . . . . X O . . X X X O .|
k. O . . O . X X . X O O O X . . O . .|
jX X X . X O X . O X . O . X X O . . .|
iO X . X . O O X O . . O X X X O . . O|
hO . X . . O X . X O . X O . O O X . X|
gX . O . . . . . O X O O X . . . . . X|
fX . . O X X O X X O X . . . O . . . .|
e. O O . . O X O . X X . O X X . O . O|
d. O . O X . . O X . . . . O O O X X X|
cX X O X . X . . X . O . O X X . O O O|
b. O . . X X X O . X O X . X X O . . O|
a. O . X X . X X O O X X . . . O O X .|
 A B C D E F G H I J K L M N O P Q R S|
gracz X
--------------------------------------+
s. O . O . O . O . X O . X . O X O O O|
rX X X . . X X O . X X X . X . X . O X|
qX . X O . . O . O . . X X . O . O . O|
p. O . . . X O O . . O . X X . X O . X|
o. . O O O . X . X . X O X . . O . O X|
n. O . O X O X X X . . . . O . O . O O|
mO . O . O X . X O . X X O O O O . X .|
l. . . . . O . . . . X O . . X X X O .|
k. O . . O . X X . X O O O X . . O . .|
jX X X . X O X . O X . O . X X O . . .|
iO X . X . O O X O . . O X X X O . . O|
hO . X . . O X . X O . X O . O O X . X|
gX . O . . . . . O X O O X . . . . . X|
fX . . O X X O X X O X . . X O . . . .|
e. O O . . O X O . X X . O X X . O . O|
d. O . O X . . O X . . . . O O O X X X|
cX X O X . X . . X . O . O X X . O O O|
b. O . . X X X O . X O X . X X O . . O|
a. O . X X . X X O O X X . . . O O X .|
 A B C D E F G H I J K L M N O P Q R S|
gracz O
--------------------------------------+
s. O . O . O . O . X O . X . O X O O O|
rX X X . . X X O . X X X . X . X . O X|
qX . X O . . O . O . . X X . O . O . O|
p. O . . . X O O . . O . X X . X O . X|
o. . O O O . X . X . X O X . . O . O X|
n. O . O X O X X X . . . . O . O . O O|
mO . O . O X . X O . X X O O O O . X .|
l. . . . . O . . . . X O . . X X X O .|
k. O . . O . X X . X O O O X . . O . .|
jX X X . X O X . O X . O . X X O . . .|
iO X O X . O O X O . . O X X X O . . O|
hO . X . . O X . X O . X O . O O X . X|
gX . O . . . . . O X O O X O . . . . X|
fX . . O X X O X X O X . . X O . . . .|
e. O O . . O X O . X X . O X X . O . O|
d. O . O X . . O X . . . . O O O X X X|
cX X O X . X . . X . O . O X X . O O O|
b. O . . X X X O . X O X . X X O . . O|
a. O . X X . X X O O X X . . . O O X .|
 A B C D E F G H I J K L M N O P Q R S|
gracz X
--------------------------------------+
s. O . O . O . O . X O . X . O X O O O|
rX X X . . X X O . X X X . X . X . O X|
qX . X O . . O . O . . X X . O . O . O|
p. O . . . X O O . . O . X X . X O . X|
oX . O O O . X . X . X O X X . O . O X|
n. O . O X O X X X . . . . O . O . O O|
mO . O . O X . X O . X X O O O O . X .|
l. . . . . O . . . . X O . . X X X O .|
k. O . . O . X X . X O O O X . . O . .|
jX X X . X O X . O X . O . X X O . . .|
iO X O X . O O X O . . O X X X O . . O|
hO . X . . O X . X O . X O . O O X . X|
gX . O . . . . . O X O O X O . . . . X|
fX . . O X X O X X O X . . X O . . . .|
e. O O . . O X O . X X . O X X . O . O|
d. O . O X . . O X . . . . O O O X X X|
cX X O X . X . . X . O . O X X . O O O|
b. O . . X X X O . X O X . X X O . . O|
a. O . X X . X X O O X X . . . O O X .|
 A B C D E F G H I J K L M N O P Q R S|
gracz O
--------------------------------------+
s. O . O . O . O . X O . X . O X O O O|
rX X X . . X X O . X X X . X . X . O X|
qX . X O . . O . O . . X X . O . O . O|
p. O . . . X O O . . O . X X . X O . X|
oX . O O O . X . X . X O X X . O . O X|
n. O . O X O X X X . . . . O . O . O O|
mO . O . O X . X O . X X O O O O . X .|
l. . . . . O . . . . X O . . X X X O .|
k. O . O O . X X . X O O O X . . O . .|
jX X X . X O X . O X . O . X X O . . .|
iO X O X . O O X O . . O X X X O . . O|
hO . X . . O X . X O . X O . O O X O X|
gX . O . . . . . O X O O X O . . . . X|
fX . . O X X O X X O X . . X O . . . .|
e. O O . . O X O . X X . O X X . O . O|
d. O . O X . . O X . . . . O O O X X X|
cX X O X . X . . X . O . O X X . O O O|
b. O . . X X X O . X O X . X X O . . O|
a. O . X X . X X O O X X . . . O O X .|
 A B C D E F G H I J K L M N O P Q R S|
gracz X
--------------------------------------+
s. O . O . O . O . X O . X . O X O O O|
rX X X . . X X O . X X X . X . X . O X|
qX . X O . . O . O . . X X . O . O . O|
p. O . . . X O O . . O X X X . X O . X|
oX . O O O . X . X . X O X X . O . O X|
n. O . O X O X X X . . . . O . O . O O|
mO . O . O X . X O . X X O O O O . X .|
l. . . . . O . . . . X O . . X X X O .|
k. O . O O . X X . X O O O X . . O . .|
jX X X . X O X . O X . O . X X O . . .|
iO X O X . O O X O . X O X X X O . . O|
hO . X . . O X . X O . X O . O O X O X|
gX . O . . . . . O X O O X O . . . . X|
fX . . O X X O X X O X . . X O . . . .|
e. O O . . O X O . X X . O X X . O . O|
d. O . O X . . O X . . . . O O O X X X|
cX X O X . X . . X . O . O X X . O O O|
b. O . . X X X O . X O X . X X O . . O|
a. O . X X . X X O O X X . . . O O X .|
 A B C D E F G H I J K L M N O P Q R S|
wygral X
