--------------------------------------+
s. . . . . . . . . . . . . . . . . . .|
r. . . . . . . . . . . . . . . . . . .|
q. . . . . . . . . . . . . . . . . . .|
p. . . . . . . . . . . . . . . . . . .|
o. . . . . . . . . . . . . . . . . . .|
n. . . . . . . . . . . . . . . . . . .|
m. . . . . . . . . . . . . . . . . . .|
l. . . . . . . . . . . . . . . . . . .|
k. . . . . . . . . . . . . . . . . . .|
j. . . . . . . . . . . . . . . . . . .|
i. . . . . . . . . . . . . . . . . . .|
h. . . . . . . . . . . . . . . . . . .|
g. . . . . . . . . . . . . . . . . . .|
f. . . . . . . . . . . . . . . . . . .|
e. . . . . . . . . . . . . . . . . . .|
d. . . . . . . . . . . . . . . . . . .|
c. . . . . . . . . . . . . . . . . . .|
b. . . . . . . . . . . . . . . . . . .|
a. . . . . . . . . . . . . . . . . . .|
 A B C D E F G H I J K L M N O P Q R S|
gracz X
--------------------------------------+
s. . . . . . . . . . . . . . . . . . .|
r. . . . . . . . . . . . . . . . . . .|
q. . . . . X . . . . . . . . . . . . .|
p. . . . . . . . . . . . . . . . . . .|
o. . . . . . . . . . . . . . . . . . .|
n. . . . . . . . . . . . . . . . . . .|
m. . . . . . . . . . . . . . . . . . .|
l. . . . . . . . . . . . . . . . . . .|
k. . . . . . . . . . . . . . . . . . .|
j. . . . . . . . . . . . . . . . . . .|
i. . . . . . . . . . . . . . . . . . .|
h. . . . . . . . . . . . . . . . . . .|
g. . . . . . . . . . . . . . . . . . .|
f. . . . . . . . . . . . . . . . . . .|
e. . . . . . . . . . . . . . . . . . .|
d. . . . . . . . . . . . . . . . . . .|
c. . . . . . . . . . . . . . . . . . .|
b. . . . . . . . . . . . . . . . . . .|
a. . . . . . . . . . . . . . . . . . .|
 A B C D E F G H I J K L M N O P Q R S|
gracz O
--------------------------------------+
sO . . . . . . . . . . . . . . . . . .|
r. . . . . . . . . . . . . . . . . . .|
q. . . . . X . . . . . . . . . . . . .|
p. . . . . . . . . . . . . . . . . . .|
o. . . . . . . . . . . . . . . . . . .|
n. . . . . . . . . . . . . . . . . . .|
m. . . . . . . . . . . . . . . . . . .|
l. . . . . . . . . . . . . . . . . . .|
k. O . . . . . . . . . . . . . . . . .|
j. . . . . . . . . . . . . . . . . . .|
i. . . . . . . . . . . . . . . . . . .|
h. . . . . . . . . . . . . . . . . . .|
g. . . . . . . . . . . . . . . . . . .|
f. . . . . . . . . . . . . . . . . . .|
e. . . . . . . . . . . . . . . . . . .|
d. . . . . . . . . . . . . . . . . . .|
c. . . . . . . . . . . . . . . . . . .|
b. . . . . . . . . . . . . . . . . . .|
a. . . . . . . . . . . . . . . . . . .|
 A B C D E F G H I J K L M N O P Q R S|
gracz X
--------------------------------------+
sO . . . . . . . . . . . . . . . . . .|
r. . . . . . . . . . . . . . . . . . .|
q. . . . . X . . . . . . . . . . . . .|
p. . . . . . . . . . . . . . . . . . .|
o. . . . . . X . . . . . . . . . . . .|
n. . . . . . . . . . . . . . . . . . .|
m. . . . . . . . . . . . . . . . . . .|
l. . . . . . . . . . . . . . . . . . .|
k. O . . . . . . . . . . . . . . . . .|
j. . . . . . . . . . . . . . . . . . .|
i. . . . . . . . . . . . . . . . . . .|
h. . . . . . . . . . . . . . . . . . .|
g. . . . . . . . . . . . . . . . . . .|
f. . . . . . . . . . . . . . . . . . .|
e. . . . . . . . . . . . . . . . . . .|
d. . . . . . . . . . . . . . . . . . .|
c. . . . . . . . . . . . . . . . . . .|
b. . . . . . . . . . . . . . . . . . .|
a. . . . . . . . . . X . . . . . . . .|
 A B C D E F G H I J K L M N O P Q R S|
gracz O
--------------------------------------+
sO . . . . . . . . . . . . . . . . . .|
r. . . . . . . . . . . . . . . . . . .|
q. . . . . X . . . . . . . . . . . . .|
p. . . . . . . . . . . . . . . . . . .|
o. . . . . . X . . . . . O . . . . . .|
n. . . . . . . . . . . . . . . . . . .|
m. . . . . . . . . . . . . . . . . . .|
l. . . . . . . . . . . . . . . . . . .|
k. O . . . . . . . . . . . . . . . . .|
j. . . . . . . . . . . . . . . . . . .|
i. . . . . . . . . . . . . . . . . . .|
h. . . . . . . . . . . . . . . . . . .|
g. . . . . . . . . . . . . . . . . . .|
f. . . . . . . . . . . . . . . . . . .|
e. . . . . . . . . . . . . . . . . . .|
d. . . . . . . . . . . . . O . . . . .|
c. . . . . . . . . . . . . . . . . . .|
b. . . . . . . . . . . . . . . . . . .|
a. . . . . . . . . . X . . . . . . . .|
 A B C D E F G H I J K L M N O P Q R S|
gracz X
--------------------------------------+
sO . . . . . . . . . . . . . . . . . .|
r. . . . . . . . . . . . . . . . . . .|
q. . . . . X . . . . . . . . . . . . .|
p. . . . . . . . . . . . . . . . . . .|
o. . . . . . X . . . . . O . . . . . .|
n. . . . . . . . . . . . . . . . . . .|
m. . . . . . . . . . . . . . X . . . .|
l. . . . . . . . . . . . . . . . . . .|
k. O . . . . . . . . . . . . . . . . .|
j. . . . . . . . . . . . . . . . . . .|
i. . . . . . . . . . . . . . . . . . .|
h. . . . . . . . . . . . . . . . . . .|
g. . . . . X . . . . . . . . . . . . .|
f. . . . . . . . . . . . . . . . . . .|
e. . . . . . . . . . . . . . . . . . .|
d. . . . . . . . . . . . . O . . . . .|
c. . . . . . . . . . . . . . . . . . .|
b. . . . . . . . . . . . . . . . . . .|
a. . . . . . . . . . X . . . . . . . .|
 A B C D E F G H I J K L M N O P Q R S|
gracz O
--------------------------------------+
sO . . . . . . . . . . . . . . . . . .|
r. . . . . . . . . . . . . . . . . . .|
q. . . . . X . . . . . . . . . . . . .|
p. . . . . . . . . . . . . . . . . . .|
o. . . . . . X . . . . . O . . . . . .|
n. . . . . . . . . . . . . . . . . . .|
m. . . . . . . . . . . . . . X . . . .|
l. . . . . . . . . . . . . . . . . . .|
k. O . . . . . . . . . . . . . . . . .|
j. . . . . . . . . . . . . . . . . . .|
i. . . . . . . . . . . . . . . . . . .|
h. O . . . . . . . . . . . . . . . . .|
g. . . . . X . . . . . . . . . . . . .|
f. . . . . . . . . . . . . . . . . . .|
e. . . . . . . . . . . . . . . . . . .|
d. . . . . . . . . . . . . O . . . . .|
c. . . . . . . . . . . . . . . . . . .|
b. . . . . . . . . . . . . . . . . . .|
a. O . . . . . . . . X . . . . . . . .|
 A B C D E F G H I J K L M N O P Q R S|
gracz X
--------------------------------------+
sO . . . . . . . . . . . . . . . . . .|
r. . . . . . . . . . . . . . . . . . .|
q. . . . X X . . . . . . . . . . . . .|
p. . . . . . . . . . . . . . . . . . .|
o. . . . . . X . . . . . O . . . . . .|
n. . . . . . . . . . . . . . . . . . .|
m. . . . . . . . . . . . . . X . . . .|
l. . . . . . . . . . . . . . . . . . .|
k. O . . . . . . . . . . . . . . . . .|
j. . . . . . . . . . . . . . . . . . .|
i. . . . . . . . . . . . . . . . . . .|
h. O . . . . . . . . . . . . . . . . .|
g. . . . . X . . . . . . . . . . . . .|
f. . . . . . . . . . . . . . . . . . .|
e. . . . . . . . . . . . . . . . . . .|
dX . . . . . . . . . . . . O . . . . .|
c. . . . . . . . . . . . . . . . . . .|
b. . . . . . . . . . . . . . . . . . .|
a. O . . . . . . . . X . . . . . . . .|
 A B C D E F G H I J K L M N O P Q R S|
gracz O
--------------------------------------+
sO . . . . . . . . . . . . . . . . . .|
r. . . . . . . . . . . . . . . . . . .|
q. . . . X X . . . . . . . . . . . . .|
p. . . . . . . . . . . . . . . . . . .|
o. . . . . . X . . . . . O . . . . . .|
n. . . . . . . . . . . . . . . . . . .|
m. . . . . . . . . . . . . . X . . . .|
l. O . . . . . . . . . . . . . . . . .|
k. O . . . . . . . . . . . . . . . . .|
j. . . . . . . . O . . . . . . . . . .|
i. . . . . . . . . . . . . . . . . . .|
h. O . . . . . . . . . . . . . . . . .|
g. . . . . X . . . . . . . . . . . . .|
f. . . . . . . . . . . . . . . . . . .|
e. . . . . . . . . . . . . . . . . . .|
dX . . . . . . . . . . . . O . . . . .|
c. . . . . . . . . . . . . . . . . . .|
b. . . . . . . . . . . . . . . . . . .|
a. O . . . . . . . . X . . . . . . . .|
 A B C D E F G H I J K L M N O P Q R S|
gracz X
--------------------------------------+
sO . . . . . . . . . . . . . . . . . .|
r. . . . . . . . . . . . . . . . . . .|
q. . . . X X . . . . . . . . . . . . .|
p. . . . . . . . . . . . . . . . . . .|
o. . . . . . X . . . . . O . . . . . .|
n. . . . . . . . . . . . . . . . . . .|
m. . . . . . . . . . . . . . X . . . .|
l. O . . . . . . . . . . . . . . . . .|
k. O . . . . . . . . . . . . . . . . .|
j. . . . . . . . O . . . . . . . . . .|
i. . . . . . . X . . . . . . . . . . .|
h. O . . . . . . . . . . . . . . . . .|
g. . . . . X . . . . . . . . . . . . .|
f. . . . . . . . . . . . . . . . . . .|
e. . . . . . . . . . . . . . . . . . .|
dX . . . . . . . . . . . . O . . . . .|
c. . . . . . . . . . . . . . . . . . .|
b. . . . . . . . . . . . . . . . . . .|
a. O . . . . . . . . X X . . . . . . .|
 A B C D E F G H I J K L M N O P Q R S|
gracz O
--------------------------------------+
sO . . . . . . . . . . . . . . . . . .|
r. . . . . . . . . . . . . . . . . . .|
q. . . . X X . . . . . . . . . . . . .|
p. . . . . . . . . . . . . . . . . . .|
o. . . . . . X . . . . . O . . . . . .|
n. . . . . . . O . . . . . . . . . . .|
m. . . . . . . . . . . . . . X . . . .|
l. O . . . . . . . . . . . . . . . . .|
k. O . . . . . . . . . . . . . . . . .|
j. . . . . . . . O . . . . . . . . . .|
i. . . . . . . X . . . . . . . . . . .|
h. O . . . . . . . . . . . . . . . . .|
g. . . . . X . . . . . . . . . . . . .|
f. . . . . . . . . . . . . . . . . . .|
e. . . . . . . . . . . . . . . . . . .|
dX . . . . . . . . . . . . O . . . . .|
c. . . . . . . . . . . . . . . . . . .|
b. . . . . . . . . . . . . . . . . . .|
a. O . . . . . . . O X X . . . . . . .|
 A B C D E F G H I J K L M N O P Q R S|
gracz X
--------------------------------------+
sO . . . X . . . . . . . . . . . . . .|
r. . . . . . . . . . . . . . . . . . .|
q. . . . X X . . . . . . . . . . . . .|
p. . . . . . . . . . . . . . . . . . .|
o. X . . . . X . . . . . O . . . . . .|
n. . . . . . . O . . . . . . . . . . .|
m. . . . . . . . . . . . . . X . . . .|
l. O . . . . . . . . . . . . . . . . .|
k. O . . . . . . . . . . . . . . . . .|
j. . . . . . . . O . . . . . . . . . .|
i. . . . . . . X . . . . . . . . . . .|
h. O . . . . . . . . . . . . . . . . .|
g. . . . . X . . . . . . . . . . . . .|
f. . . . . . . . . . . . . . . . . . .|
e. . . . . . . . . . . . . . . . . . .|
dX . . . . . . . . . . . . O . . . . .|
c. . . . . . . . . . . . . . . . . . .|
b. . . . . . . . . . . . . . . . . . .|
a. O . . . . . . . O X X . . . . . . .|
 A B C D E F G H I J K L M N O P Q R S|
gracz O
--------------------------------------+
sO . . . X . . . . . . . . . . . . . .|
r. . . . . . . . . . . . . . . . . . .|
q. . . . X X . . . . . . . . . . . . .|
p. . . . . . . . . . . . . . . . . . .|
o. X . . . . X . . . . . O . . . . . .|
n. . . . . . . O . . . . . . . . . . .|
m. . . . . . . . . . . . . . X . O . .|
l. O . . . . . . . . . . . . . . . . .|
k. O . . . . . . . . . . . . . . . . .|
j. . . . . . . . O . . . . . . . . . .|
i. . . . . . . X . . . . . . . . . . .|
h. O . . . . . . . . . . . . . . . . .|
g. . . . . X . . . . . . . . . . . . .|
f. . . . . . . . . . . . . . . . . . .|
e. . . . . . . . . . . . . . . . O . .|
dX . . . . . . . . . . . . O . . . . .|
c. . . . . . . . . . . . . . . . . . .|
b. . . . . . . . . . . . . . . . . . .|
a. O . . . . . . . O X X . . . . . . .|
 A B C D E F G H I J K L M N O P Q R S|
gracz X
--------------------------------------+
sO . . . X . . . . . . . . . . . . . .|
r. . . . . . . . . . . . . . . . . . .|
q. . . . X X . . . . . . . . . . . . .|
p. . . . . . . . . . . . . . . . . . .|
o. X . . . . X . . . . . O . . . . . .|
n. . . . . . . O . . . . . . . . . . .|
m. . . . . . . . . . . . . . X . O . .|
l. O . . . . . . . . . . . . . . . . .|
k. O . . . . . . . . . . . . . . . . .|
j. . . . . . . . O . . . . . . . . . .|
i. . . . . . . X . . . . . . . . . . .|
h. O . . . . . . . . . . X . . . . . .|
g. . . . . X . . . . . . . . . . . . .|
f. . . . . . . . . . . . . . . . . . .|
e. X . . . . . . . . . . . . . . O . .|
dX . . . . . . . . . . . . O . . . . .|
c. . . . . . . . . . . . . . . . . . .|
b. . . . . . . . . . . . . . . . . . .|
a. O . . . . . . . O X X . . . . . . .|
 A B C D E F G H I J K L M N O P Q R S|
gracz O
--------------------------------------+
sO . . . X . . . . . . . . . . . . . .|
r. . . . . . . . . . . . . . . . . . .|
q. . . . X X . . . O . . . . . . . . .|
p. . . . . . . . . . . . . . . . . . .|
o. X . . . . X . . . . . O . . . . . .|
n. . . . . . . O . . . . . . . . . . .|
m. . . . . . . . . . . . . . X . O . .|
l. O . . . . . . . . . . . . . . . . .|
k. O . . . . . . . . . . . . . . . . .|
j. . . . . . . . O . . . . . . . . . .|
i. . . . . . . X . . . . . . . . . . .|
h. O . . . . . . . . . . X . . . . . .|
g. . . . . X . . . . . . . . . . . . .|
f. . . . . . . . . . . . . . . . . . .|
e. X . . . . . . . . . . . . . . O . .|
dX . . . . . . . . . . . . O . . . . .|
c. . . . . . . . . . . . . . . . . . .|
b. . . . . . . . . . . . . . . . . . .|
a. O . . . . . . . O X X O . . . . . .|
 A B C D E F G H I J K L M N O P Q R S|
gracz X
--------------------------------------+
sO . . . X . . . . . . . . . . . . . .|
r. . . . . . . . . . . . . . . . . . .|
q. . . . X X . . . O . . . . . . . . .|
p. . . . . . . . . . . . . . . . . . .|
o. X . . . . X . . . . . O . . . . . .|
n. . . . . . . O . . . . . . . . . . .|
m. . . . . . . . . . . . . . X . O . .|
l. O . . . . . . . . . . . . . . . . .|
k. O . . . . . . . . . . . . . . . . .|
j. . . . . . . . O . . . . . . . . . .|
i. . . . . . . X . . . . . . . . . . .|
h. O . . . . . . . . . . X . . . . . .|
g. . . . . X . . . . . . . . . . . . .|
f. . . . . . . . . . . . . . . . . . .|
e. X . . . . . . . . . . . . . . O . .|
dX . . . . . . . . . . X . O . . . . .|
c. . . . . . . . . . . . . . . . . . .|
b. . . . . . . . . . . . . . . X . . .|
a. O . . . . . . . O X X O . . . . . .|
 A B C D E F G H I J K L M N O P Q R S|
gracz O
--------------------------------------+
sO . . . X . . O . . . . . . . . . . .|
r. . . . . . . . . . . . . . . . . . .|
q. . . . X X . . . O . . . . . . . . .|
p. . . . . . . . . . . . . . . . . . .|
o. X . . . . X . . . . . O . . . . . .|
n. . . . . . . O . . . . . . . . . . .|
m. . . . . . . . . . . . . . X . O . .|
l. O . . . . . . . . . . . . . . . . .|
k. O . . . . . . . . . . . . . . . . .|
j. . . . . . . . O . . . . . . . . . .|
i. . . . . . O X . . . . . . . . . . .|
h. O . . . . . . . . . . X . . . . . .|
g. . . . . X . . . . . . . . . . . . .|
f. . . . . . . . . . . . . . . . . . .|
e. X . . . . . . . . . . . . . . O . .|
dX . . . . . . . . . . X . O . . . . .|
c. . . . . . . . . . . . . . . . . . .|
b. . . . . . . . . . . . . . . X . . .|
a. O . . . . . . . O X X O . . . . . .|
 A B C D E F G H I J K L M N O P Q R S|
gracz X
--------------------------------------+
sO . . . X . . O . . . . . . . . . . .|
r. . . . . . X . . . . . . . . . . . .|
q. . . . X X . . . O . . . . . . . . .|
p. . . . . . . . . . . . . . . . . . .|
o. X . . . . X . . . . . O . . . . . .|
n. . . . . . . O . . . . . . . . . . .|
m. . . . . . . . . . . . . . X . O . .|
l. O . . . . . . . . . . . . . . . . .|
k. O . . . . . . . . . . . . . . . . .|
j. . . . . . . . O . . . . . . . . . .|
i. . . . . . O X . . . . . . . . . . .|
h. O . . . . . . . . . . X . . . . . .|
g. . . . . X . . . . . . . . . . . . .|
f. . . . . . . . . . . . . . . . . . .|
e. X . . . . . . . . . . . . . . O . .|
dX . . . . . . . . . . X . O . . . . .|
c. . . . . . . . . . . . . . . . . . .|
b. . . . . . . . . . . . . . . X . . .|
a. O . . . . . . . O X X O . . . . . X|
 A B C D E F G H I J K L M N O P Q R S|
gracz O
--------------------------------------+
sO . . . X . . O . . . . . . . . . . .|
r. . . . . . X . . . . . . . . . . . .|
q. . . . X X . . . O . . . . . . . . .|
p. . . . . . . . . . . . . . . . . . .|
o. X . . . . X . . . . . O . . . . . .|
n. . . . . . . O . . . . . . . . . . .|
m. . . . . . . . . . . . . . X . O . .|
l. O . . . . . . . . . . . . . . . . .|
k. O . . . . . . . . . . . . . . . . .|
j. . . . . . . . O . . . . . . . . . .|
i. . . . . . O X . . . . . . . . . . .|
h. O . . . . . . . . . . X . . . . . .|
g. . . . . X . . . . . . . . . . . . .|
f. . . . . . . . . . . . . . . . . . .|
e. X . . . . . . . . . . . . . . O . O|
dX . . . . . . . . . . X . O . . . . .|
cO . . . . . . . . . . . . . . . . . .|
b. . . . . . . . . . . . . . . X . . .|
a. O . . . . . . . O X X O . . . . . X|
 A B C D E F G H I J K L M N O P Q R S|
gracz X
--------------------------------------+
sO . . . X . . O . . . . . . . . . . .|
r. . . . . . X . . . . . . . . . . . .|
q. . . . X X . . . O . . . . . . . . .|
p. . . . . . . . . . X . . . . . . . .|
o. X . . . . X . . . . . O . . . . . .|
n. . . . . . . O . . . . . . . . . . .|
m. . . . . . . . . . . . . . X . O . .|
l. O . . . . . . . . . . . . . . . . .|
k. O . . . . . . . . . . . . . . . . .|
j. . . . . . . . O . . . . . . . . . .|
i. . . . . . O X . . . . . . . . . . .|
h. O . . . . . . . . . . X . . . . . .|
g. . . . . X . . . . . . . . . . . . .|
f. . . . . . . . . . . . . . . . . . .|
e. X . . . . . . . . . . . . . . O . O|
dX . . . . . . . . . . X . O . . . . .|
cO . . . X . . . . . . . . . . . . . .|
b. . . . . . . . . . . . . . . X . . .|
a. O . . . . . . . O X X O . . . . . X|
 A B C D E F G H I J K L M N O P Q R S|
gracz O
--------------------------------------+
sO . . . X . . O . . . . . . . . . . .|
r. . . . . . X . . . O . . . . . . . .|
q. . . . X X . . . O . . . . . . . . .|
p. . . . . . . . . . X . . . . . . . .|
o. X . . . . X . . . . . O . . . . . .|
n. . . . . . . O . . . . . . . . . . .|
m. . . . . . . . . . . . . . X . O . .|
l. O . . . . . . . . . . . . . . . . .|
k. O . . . . . . . . . . . . . . . . .|
j. . . . . . . . O . . . . . . . . . .|
i. . . . . . O X . . . . . . . . . . .|
h. O . . . . . . . . . . X . . . . . .|
g. . . . . X . . . . . . . . . . . O .|
f. . . . . . . . . . . . . . . . . . .|
e. X . . . . . . . . . . . . . . O . O|
dX . . . . . . . . . . X . O . . . . .|
cO . . . X . . . . . . . . . . . . . .|
b. . . . . . . . . . . . . . . X . . .|
a. O . . . . . . . O X X O . . . . . X|
 A B C D E F G H I J K L M N O P Q R S|
gracz X
--------------------------------------+
sO . . . X . . O . . . . . . . . . . .|
r. . . . . . X . . . O . . . . . . . X|
q. . . . X X . . . O . . . . . . . . .|
p. . . . . . . . . . X . . . . . . . .|
o. X . . . . X . . . . . O . . . . . .|
n. . . . . . . O . . . . . . . . . . .|
m. . . . . . . . . . . . . . X . O . .|
l. O . . . . . . . . . . . . . . . . .|
k. O . . . . . . . . . . . . . . . . .|
j. . . . . . . . O . . . . . . . . . .|
i. . . . . . O X . . . . . . . . . . .|
h. O . . . . . . . . . . X . . . . . .|
g. . . . . X . . . . . . . . . . . O .|
f. . . . . . . . . . . . . . . . . . .|
e. X . . . . . . . . . . . . . . O . O|
dX . . . . . . . . . . X . O . . . . .|
cO . . . X . . . . . . . . . . . . . .|
b. . . . . . . . . . . . . . . X . . .|
a. O . . . . . . . O X X O . X . . . X|
 A B C D E F G H I J K L M N O P Q R S|
gracz O
--------------------------------------+
sO . . . X . . O . . . . . . . . . . .|
r. . . . . . X . . . O . . . . . . . X|
q. . . . X X . . . O . . . . . . . . .|
p. . . . . . . . . . X . . . . . . . .|
o. X . . . . X . . . . . O . . . . . .|
n. . . . . . . O . . . . . . . . . . .|
m. . . . . . . . . . . . . . X . O . .|
l. O . . . . . . . . . . . . . . . . .|
k. O . . . . . . . . . . . . . . . . .|
j. . . . . . . . O . . . . . . . . . .|
i. . . . . . O X . . . . . . . . . . .|
h. O . . . . . . . . . . X . . . . . .|
g. . . . . X . . . . . . . . . . . O .|
f. . O . . . . . . . . . . . . . . . .|
e. X . . . . . . . . . . . . . . O . O|
dX . . . . . . . . . . X . O . . . . .|
cO . . . X . . . . . . . . O . . . . .|
b. . . . . . . . . . . . . . . X . . .|
a. O . . . . . . . O X X O . X . . . X|
 A B C D E F G H I J K L M N O P Q R S|
gracz X
--------------------------------------+
sO . . . X . . O . . . . . . . . . . .|
r. . . . . . X . . . O . . . . . . . X|
q. . . . X X . . . O . . . . . . . . .|
p. . . . . . . . . . X . . . . . . . .|
o. X . . . . X . . . . . O . . . . . .|
n. . . . . . . O . . . . . . . . . . .|
m. . . . . . . . X . . . . . X . O . .|
l. O . . . . . . . . . . . . . . . . .|
k. O . . . . . . . . . . . . . . . . .|
j. . . . . . . . O . . . . . . . . . .|
i. . . . . . O X . . . . . . . . . . .|
h. O . . X . . . . . . . X . . . . . .|
g. . . . . X . . . . . . . . . . . O .|
f. . O . . . . . . . . . . . . . . . .|
e. X . . . . . . . . . . . . . . O . O|
dX . . . . . . . . . . X . O . . . . .|
cO . . . X . . . . . . . . O . . . . .|
b. . . . . . . . . . . . . . . X . . .|
a. O . . . . . . . O X X O . X . . . X|
 A B C D E F G H I J K L M N O P Q R S|
gracz O
--------------------------------------+
sO . . . X . . O . . . . . . . . . . .|
r. . . . . . X . . . O . . . . . . . X|
q. . . . X X . . . O . . . . . . . . .|
p. . . . . . . . . . X . . . . . . . .|
o. X O . . . X . . . . . O . . . . . .|
n. . . . . . . O . . . . . . . . . . .|
m. . . . . . . . X . O . . . X . O . .|
l. O . . . . . . . . . . . . . . . . .|
k. O . . . . . . . . . . . . . . . . .|
j. . . . . . . . O . . . . . . . . . .|
i. . . . . . O X . . . . . . . . . . .|
h. O . . X . . . . . . . X . . . . . .|
g. . . . . X . . . . . . . . . . . O .|
f. . O . . . . . . . . . . . . . . . .|
e. X . . . . . . . . . . . . . . O . O|
dX . . . . . . . . . . X . O . . . . .|
cO . . . X . . . . . . . . O . . . . .|
b. . . . . . . . . . . . . . . X . . .|
a. O . . . . . . . O X X O . X . . . X|
 A B C D E F G H I J K L M N O P Q R S|
gracz X
--------------------------------------+
sO . . . X . . O . . . . . . . . . . .|
r. . . . . . X . . . O . . . . . . . X|
q. . . . X X . . . O . . . . . . . . .|
p. . . . . . . . . . X . . . . . . . .|
o. X O . . . X . . . . . O . . X . . .|
n. . . . . . . O . . . . . . . . . . .|
m. . . . . . . . X . O . . . X . O . .|
l. O . . . . . . . . . . . . . . . . .|
k. O . . . . . . . . . . . . . . . . .|
j. . . . . . . . O . . . . . . . . . .|
i. . . . . . O X . . . . . . . . . . .|
h. O . . X . . . . . . . X . . . . . .|
g. . . . . X . . . . . . . . . . . O .|
f. . O . . . . . . . . . . . . . . . .|
e. X . . . . . . . . . . . . . . O . O|
dX . . . . . . . . . . X . O . . . . .|
cO . . . X . . . . . . . . O . . . . .|
b. . . . . . . . . . X . . . . X . . .|
a. O . . . . . . . O X X O . X . . . X|
 A B C D E F G H I J K L M N O P Q R S|
gracz O
--------------------------------------+
sO . . . X O . O . . . . . . . . . . .|
r. . . . . . X . . . O . . . . . . . X|
q. . . . X X . . . O . . . . . . . . .|
p. . . . . . . . . . X . . . . . . . .|
o. X O . . . X . . . . . O . . X . . .|
n. . . . . . . O . . . . . . . . . . .|
m. . . . . . . . X . O . . . X . O . .|
l. O . . . . . . . . . . . . . . . . .|
k. O . . . . . . . . . . . . . . . . .|
j. . . . . . . . O . . . . . . . . . O|
i. . . . . . O X . . . . . . . . . . .|
h. O . . X . . . . . . . X . . . . . .|
g. . . . . X . . . . . . . . . . . O .|
f. . O . . . . . . . . . . . . . . . .|
e. X . . . . . . . . . . . . . . O . O|
dX . . . . . . . . . . X . O . . . . .|
cO . . . X . . . . . . . . O . . . . .|
b. . . . . . . . . . X . . . . X . . .|
a. O . . . . . . . O X X O . X . . . X|
 A B C D E F G H I J K L M N O P Q R S|
gracz X
--------------------------------------+
sO . . . X O . O . . . . . . . . . . .|
r. . . . . . X . . . O . . . . . . . X|
q. . . . X X . . . O . . . . . . . . .|
p. . . . . . . . . . X . . . . . . . .|
o. X O . . . X . . . . . O . . X . . .|
n. . . . . . . O . . . . . . . . . X .|
m. X . . . . . . X . O . . . X . O . .|
l. O . . . . . . . . . . . . . . . . .|
k. O . . . . . . . . . . . . . . . . .|
j. . . . . . . . O . . . . . . . . . O|
i. . . . . . O X . . . . . . . . . . .|
h. O . . X . . . . . . . X . . . . . .|
g. . . . . X . . . . . . . . . . . O .|
f. . O . . . . . . . . . . . . . . . .|
e. X . . . . . . . . . . . . . . O . O|
dX . . . . . . . . . . X . O . . . . .|
cO . . . X . . . . . . . . O . . . . .|
b. . . . . . . . . . X . . . . X . . .|
a. O . . . . . . . O X X O . X . . . X|
 A B C D E F G H I J K L M N O P Q R S|
gracz O
--------------------------------------+
sO . . . X O . O . . . . . . . . . . .|
r. . . . . . X . . . O . . . . . . . X|
q. . . . X X . . . O . . . . . . . . .|
p. . . . . . . . . . X . . . . . . . .|
o. X O . . . X . . . . . O . . X . . .|
n. . . . . . . O . . . . . . . . . X .|
m. X . . . . . . X . O . . . X . O . .|
l. O . . . . . . . . . . . . . . . . .|
k. O . . . . . . . . . . . . . . . . .|
j. . . . . . . . O . . . . . . . . . O|
i. . . . . . O X . . . . . . . . . . .|
h. O . . X . . . . . . . X . . . . . .|
g. . . . . X . . . . . . . . . . . O .|
f. . O . . . . . . . . . . . . . . . .|
e. X . . . . . . . . . . . . . . O . O|
dX . . . . . O O . . . X . O . . . . .|
cO . . . X . . . . . . . . O . . . . .|
b. . . . . . . . . . X . . . . X . . .|
a. O . . . . . . . O X X O . X . . . X|
 A B C D E F G H I J K L M N O P Q R S|
gracz X
--------------------------------------+
sO . . . X O . O . . . . . . . . . . .|
r. . . . . . X . X . O . . . . . . . X|
q. . . . X X . . . O . . . . . . . . .|
p. . . . . . . . . . X . . . . . . . .|
o. X O . . . X . . . . . O . . X . . .|
n. . . . . . . O . . . . . . . . . X .|
m. X . . . . . . X . O . . . X . O . .|
l. O . . . . . . . . . . . . . . . . .|
k. O . . . . . . . . . . . . . . . . .|
j. . . . . . . . O . . . . . . . . . O|
i. . . . . . O X . . . . . . . . . . .|
h. O . . X . . . . . . . X . . . . . .|
g. . . . . X . . . . . . . . . . . O .|
f. . O . . . . . . . . . . . . . . . .|
e. X . . . . . . . . . . . . . . O . O|
dX X . . . . O O . . . X . O . . . . .|
cO . . . X . . . . . . . . O . . . . .|
b. . . . . . . . . . X . . . . X . . .|
a. O . . . . . . . O X X O . X . . . X|
 A B C D E F G H I J K L M N O P Q R S|
gracz O
--------------------------------------+
sO . . . X O . O . . . . . . . . . . .|
r. . . . . . X . X . O . . . . . . . X|
q. . . . X X . . . O . . . . . . . . .|
p. . . . . . . . . . X . . . . . . . .|
o. X O . . . X . . . . . O . . X . . .|
n. . . . . . . O . . . . . . . . . X .|
m. X . . . . . . X . O . . . X . O . .|
l. O . . O . . . . . . . . . . . . . .|
k. O . . . . . . . . . . . . . . . . .|
j. . . . . . . . O . . . . . . O . . O|
i. . . . . . O X . . . . . . . . . . .|
h. O . . X . . . . . . . X . . . . . .|
g. . . . . X . . . . . . . . . . . O .|
f. . O . . . . . . . . . . . . . . . .|
e. X . . . . . . . . . . . . . . O . O|
dX X . . . . O O . . . X . O . . . . .|
cO . . . X . . . . . . . . O . . . . .|
b. . . . . . . . . . X . . . . X . . .|
a. O . . . . . . . O X X O . X . . . X|
 A B C D E F G H I J K L M N O P Q R S|
gracz X
--------------------------------------+
sO . . . X O . O . . . . . . . . . . .|
r. . . . . . X . X . O . . . . . . . X|
q. . . . X X . . . O . . . . . . . . .|
p. . . . . X . . . . X . . . . . . . .|
o. X O . . . X . . . . . O . . X . . .|
n. . . . . . . O . . . . . . . . . X .|
m. X . . . . . . X . O . . . X . O . .|
l. O . . O . . . . . . . . . . . . . .|
k. O . . . . . . . . . . . . . . . . .|
j. . . . . . . . O . . . . . . O . . O|
i. . . . . . O X . . . . . . . . . . .|
h. O . . X . . . . . . . X . . . . . .|
g. . . . . X . . . . . . . . . . . O .|
f. . O . . . . . . . . . . . . . . . .|
e. X . . . . . . . . . . . . . . O . O|
dX X . . . . O O . . . X . O . . . . .|
cO . . . X . . . . . . . . O . . . . .|
b. . . . . . . . . . X . . . . X . . X|
a. O . . . . . . . O X X O . X . . . X|
 A B C D E F G H I J K L M N O P Q R S|
gracz O
--------------------------------------+
sO . . . X O . O . . . . . . . . . . .|
r. . . . . O X . X . O . . . . . . . X|
q. . . . X X . . . O . . . . . . . . .|
p. . . . . X . . . . X . . . O . . . .|
o. X O . . . X . . . . . O . . X . . .|
n. . . . . . . O . . . . . . . . . X .|
m. X . . . . . . X . O . . . X . O . .|
l. O . . O . . . . . . . . . . . . . .|
k. O . . . . . . . . . . . . . . . . .|
j. . . . . . . . O . . . . . . O . . O|
i. . . . . . O X . . . . . . . . . . .|
h. O . . X . . . . . . . X . . . . . .|
g. . . . . X . . . . . . . . . . . O .|
f. . O . . . . . . . . . . . . . . . .|
e. X . . . . . . . . . . . . . . O . O|
dX X . . . . O O . . . X . O . . . . .|
cO . . . X . . . . . . . . O . . . . .|
b. . . . . . . . . . X . . . . X . . X|
a. O . . . . . . . O X X O . X . . . X|
 A B C D E F G H I J K L M N O P Q R S|
gracz X
--------------------------------------+
sO . . . X O . O . . . . . . . . . . .|
r. . . . . O X . X . O . . . . . . . X|
q. . . . X X . . . O . . . . . . . . .|
p. . . . . X . . . . X . . . O . . . .|
o. X O . . . X . . . . . O . . X X . .|
n. . . . . . . O . . . . . . . . . X .|
m. X . . . . . . X . O . . . X . O . .|
l. O X . O . . . . . . . . . . . . . .|
k. O . . . . . . . . . . . . . . . . .|
j. . . . . . . . O . . . . . . O . . O|
i. . . . . . O X . . . . . . . . . . .|
h. O . . X . . . . . . . X . . . . . .|
g. . . . . X . . . . . . . . . . . O .|
f. . O . . . . . . . . . . . . . . . .|
e. X . . . . . . . . . . . . . . O . O|
dX X . . . . O O . . . X . O . . . . .|
cO . . . X . . . . . . . . O . . . . .|
b. . . . . . . . . . X . . . . X . . X|
a. O . . . . . . . O X X O . X . . . X|
 A B C D E F G H I J K L M N O P Q R S|
gracz O
--------------------------------------+
sO . . . X O . O . . . . . . . . . . .|
r. . . . . O X . X . O . . . . . . . X|
q. . . . X X . . . O . . . . . . . . .|
p. . . . . X . . . . X . . . O O . . .|
o. X O . . . X . . . . . O . . X X . .|
n. . . . . . . O . . . . . . . . . X .|
m. X . . . . . . X . O . . . X . O . .|
l. O X . O . . . . . . . . . . . . . .|
k. O . . . . . . . . . . . . . . . . .|
j. . . . . . . . O . . . . . . O . . O|
i. . . . . . O X . . . . . . . O . . .|
h. O . . X . . . . . . . X . . . . . .|
g. . . . . X . . . . . . . . . . . O .|
f. . O . . . . . . . . . . . . . . . .|
e. X . . . . . . . . . . . . . . O . O|
dX X . . . . O O . . . X . O . . . . .|
cO . . . X . . . . . . . . O . . . . .|
b. . . . . . . . . . X . . . . X . . X|
a. O . . . . . . . O X X O . X . . . X|
 A B C D E F G H I J K L M N O P Q R S|
gracz X
--------------------------------------+
sO . . . X O . O . . . . . . . . . . .|
r. . . . . O X . X . O . . . . . . . X|
q. . . . X X . . . O . . . . . . . . .|
p. . . . . X . . . . X . . . O O . . .|
o. X O . . . X . . . . . O . . X X X .|
n. . . . . . . O . . . . . . . . . X .|
m. X . . . . . . X . O . . . X . O . .|
l. O X . O . . . . . . . . . . . . . .|
k. O . . . . . . . . . . . . . . . . .|
j. . . . . . . . O . . . . . . O . . O|
i. . . . . . O X . . . . . . . O . . .|
h. O . . X . . . . X . . X . . . . . .|
g. . . . . X . . . . . . . . . . . O .|
f. . O . . . . . . . . . . . . . . . .|
e. X . . . . . . . . . . . . . . O . O|
dX X . . . . O O . . . X . O . . . . .|
cO . . . X . . . . . . . . O . . . . .|
b. . . . . . . . . . X . . . . X . . X|
a. O . . . . . . . O X X O . X . . . X|
 A B C D E F G H I J K L M N O P Q R S|
gracz O
--------------------------------------+
sO . . . X O . O . . . . . . . . . . .|
r. . . . . O X . X . O . . . . . . . X|
q. . . . X X . . . O . . . . . . . . .|
p. . . . . X . . . . X . . . O O . . .|
o. X O . . . X . . . . . O . . X X X .|
n. . . . . . . O . . . . . . . . . X .|
m. X . . . . . . X . O . . . X . O . .|
l. O X . O . . . . . . . . . . . . . .|
k. O . . . . . . . . . . . . . . . . .|
j. . . . . . . . O . . O . . . O . . O|
i. . . . . . O X . . . . . . . O . . .|
h. O . . X . . . . X . . X . . . . . .|
g. . . . . X . . . . . . . . . . . O .|
f. . O . . . . . . . . . O . . . . . .|
e. X . . . . . . . . . . . . . . O . O|
dX X . . . . O O . . . X . O . . . . .|
cO . . . X . . . . . . . . O . . . . .|
b. . . . . . . . . . X . . . . X . . X|
a. O . . . . . . . O X X O . X . . . X|
 A B C D E F G H I J K L M N O P Q R S|
gracz X
--------------------------------------+
sO . . . X O . O . . . . . . . . . . .|
r. . . . . O X . X . O . . . . . . . X|
q. . . . X X . . . O . . . . . . . . .|
p. . . . . X . . . . X . . . O O . . .|
o. X O . . . X . . . . . O . . X X X .|
n. . . . . . . O . . . . . . . . . X .|
m. X . . . . . . X . O . . . X . O . .|
l. O X . O . X . . . . . . . . . . . .|
k. O X . . . . . . . . . . . . . . . .|
j. . . . . . . . O . . O . . . O . . O|
i. . . . . . O X . . . . . . . O . . .|
h. O . . X . . . . X . . X . . . . . .|
g. . . . . X . . . . . . . . . . . O .|
f. . O . . . . . . . . . O . . . . . .|
e. X . . . . . . . . . . . . . . O . O|
dX X . . . . O O . . . X . O . . . . .|
cO . . . X . . . . . . . . O . . . . .|
b. . . . . . . . . . X . . . . X . . X|
a. O . . . . . . . O X X O . X . . . X|
 A B C D E F G H I J K L M N O P Q R S|
gracz O
--------------------------------------+
sO . . . X O . O . . . . . . . . . . .|
r. . . . . O X . X . O . . . . . . . X|
q. . . . X X . . . O . . . . . . . . .|
p. . . . . X . . . . X . . . O O . . .|
o. X O . . . X . . . . . O . . X X X .|
n. . . . . . . O . . . . . . . . . X .|
m. X . . . . . . X . O . . . X . O . .|
l. O X . O . X . . . . . . . . . . . .|
k. O X . . . . . . . . . . . . . . . .|
j. . . . . . . . O . . O . . . O . . O|
i. . . . . . O X . . . . . . . O . . .|
h. O . . X . . . . X . . X . . . . . .|
g. . . . . X . . . . . . . . . . . O O|
f. . O . . . . . . . . . O . . . . . .|
e. X . . . . . . . . . . . . . . O . O|
dX X . . . . O O . . . X . O . . . . .|
cO . . . X . . . . . . . . O . . . . .|
b. . . . . . . . . . X . . . . X . . X|
a. O . . O . . . . O X X O . X . . . X|
 A B C D E F G H I J K L M N O P Q R S|
gracz X
--------------------------------------+
sO . . . X O . O . . . . . . . . . . .|
r. . . . . O X . X . O . . . . . . . X|
q. . . . X X . . . O . . . . . . . . .|
p. . . . . X . . . . X . . . O O . . .|
o. X O . . . X . . . . . O . . X X X .|
n. . . . . . . O . . . . . . . . . X .|
m. X . . . . . . X . O . . . X X O . .|
l. O X . O . X . . . . . . . . . . . .|
k. O X . . . . . . . . . . . . . . . .|
j. . . . . . . . O . . O . . . O . . O|
i. . . . . . O X . . . . . . . O . . .|
h. O . . X . . . . X . . X . . . . . .|
g. . . . . X . . . . . . . . . . X O O|
f. . O . . . . . . . . . O . . . . . .|
e. X . . . . . . . . . . . . . . O . O|
dX X . . . . O O . . . X . O . . . . .|
cO . . . X . . . . . . . . O . . . . .|
b. . . . . . . . . . X . . . . X . . X|
a. O . . O . . . . O X X O . X . . . X|
 A B C D E F G H I J K L M N O P Q R S|
gracz O
--------------------------------------+
sO . . . X O . O . . . . . . . . . . .|
r. . . . . O X . X . O . . . . . . . X|
q. . . . X X . . . O . . . . . . . . .|
p. . . . . X . . . . X . . . O O . . .|
o. X O . . . X . . . . . O . . X X X .|
n. . . . . . . O . . . . . . . . . X .|
m. X . . . . . . X . O . . . X X O . .|
l. O X . O . X . . . . . . . . . . . .|
k. O X . O . . . . . . . . . . . . . .|
j. . . . . . . . O . . O . . . O . . O|
i. . . . . . O X . . . . . . . O . . .|
h. O . . X . . . . X . . X . . . . . .|
g. . . . . X . . . . . . . . . . X O O|
f. . O . . . . . . . . . O . O . . . .|
e. X . . . . . . . . . . . . . . O . O|
dX X . . . . O O . . . X . O . . . . .|
cO . . . X . . . . . . . . O . . . . .|
b. . . . . . . . . . X . . . . X . . X|
a. O . . O . . . . O X X O . X . . . X|
 A B C D E F G H I J K L M N O P Q R S|
gracz X
--------------------------------------+
sO . . . X O . O . . . . . . . . . . .|
r. . . . . O X . X . O . . . . . . . X|
q. . . . X X . . . O . . . . . . . . .|
p. . . . . X . . . . X . . . O O . . .|
o. X O . . . X . . . . X O . . X X X .|
n. . . . . . . O . . . . . . . . . X .|
m. X . . . . X . X . O . . . X X O . .|
l. O X . O . X . . . . . . . . . . . .|
k. O X . O . . . . . . . . . . . . . .|
j. . . . . . . . O . . O . . . O . . O|
i. . . . . . O X . . . . . . . O . . .|
h. O . . X . . . . X . . X . . . . . .|
g. . . . . X . . . . . . . . . . X O O|
f. . O . . . . . . . . . O . O . . . .|
e. X . . . . . . . . . . . . . . O . O|
dX X . . . . O O . . . X . O . . . . .|
cO . . . X . . . . . . . . O . . . . .|
b. . . . . . . . . . X . . . . X . . X|
a. O . . O . . . . O X X O . X . . . X|
 A B C D E F G H I J K L M N O P Q R S|
gracz O
--------------------------------------+
sO . . . X O . O . . . . . . . . . . .|
r. . . . . O X . X . O . . . . . . . X|
q. . . . X X . . . O . . . . . . . . .|
p. . . . . X . . . . X . . . O O . . .|
o. X O . . . X . . . . X O . . X X X .|
n. . . . . . . O . . . . . . . . . X .|
m. X . . . . X . X . O . . . X X O . .|
l. O X . O . X . . . . O . . . . . . .|
k. O X . O . . . . . . . . . . . . . .|
j. . . . . . . . O . . O . . . O . . O|
i. . . . . . O X . . . . . . . O . . .|
h. O . . X . . . . X . . X . . . . . .|
g. . . . . X . . . . . . . . O . X O O|
f. . O . . . . . . . . . O . O . . . .|
e. X . . . . . . . . . . . . . . O . O|
dX X . . . . O O . . . X . O . . . . .|
cO . . . X . . . . . . . . O . . . . .|
b. . . . . . . . . . X . . . . X . . X|
a. O . . O . . . . O X X O . X . . . X|
 A B C D E F G H I J K L M N O P Q R S|
gracz X
--------------------------------------+
sO . . . X O . O . . . . . . . . . . .|
r. . . . . O X . X . O . . . . . . . X|
q. . . . X X . . . O . . . . . . . . .|
p. . . . . X . . . . X . . . O O . . .|
o. X O . . . X . . . . X O . . X X X .|
n. . . . . . . O . . . . . . . . . X .|
m. X . . . . X . X . O . . . X X O . .|
l. O X . O . X . . . . O . . . . . . .|
k. O X . O . . . . . . . . . . . . . .|
j. . . . . X . . O . . O . . . O . . O|
i. . . . . . O X . . . . . . . O . . .|
h. O . . X . . . . X . . X . . . . . .|
g. . . . . X . . . . . . . . O . X O O|
f. . O . . . . . . . . . O . O . . X .|
e. X . . . . . . . . . . . . . . O . O|
dX X . . . . O O . . . X . O . . . . .|
cO . . . X . . . . . . . . O . . . . .|
b. . . . . . . . . . X . . . . X . . X|
a. O . . O . . . . O X X O . X . . . X|
 A B C D E F G H I J K L M N O P Q R S|
gracz O
--------------------------------------+
sO . . . X O . O . . . . . . . . . . .|
r. . . . . O X . X . O . . . . . . . X|
q. . . . X X . . . O . . . . . . . . .|
p. . . . . X . . . . X . . . O O . . .|
o. X O . . . X . . . . X O . . X X X .|
n. . . . . . . O . . . . O . . . . X .|
m. X . . . . X . X . O . . . X X O . .|
l. O X . O . X . . . . O . . . . . . .|
k. O X . O . . . . . . . . . . . . . .|
j. . . . . X . . O . . O . . . O . . O|
i. . . . . . O X . . . . . . . O . . .|
h. O . . X . . . . X . . X . O . . . .|
g. . . . . X . . . . . . . . O . X O O|
f. . O . . . . . . . . . O . O . . X .|
e. X . . . . . . . . . . . . . . O . O|
dX X . . . . O O . . . X . O . . . . .|
cO . . . X . . . . . . . . O . . . . .|
b. . . . . . . . . . X . . . . X . . X|
a. O . . O . . . . O X X O . X . . . X|
 A B C D E F G H I J K L M N O P Q R S|
gracz X
--------------------------------------+
sO . . . X O . O . . . . . . . . . . .|
r. . . . . O X . X . O . . . . . . . X|
q. . . . X X . . . O . . . . . . . . .|
p. . . . . X . . . . X . . . O O . . .|
o. X O . . . X . . . . X O . . X X X .|
n. . . . . . . O . . . . O . . . . X .|
m. X . . . . X . X . O . . . X X O . .|
l. O X . O . X . . . . O . . . . . . .|
k. O X . O . . . . . . . . . . . . . .|
j. . . . . X . . O . . O . . . O . . O|
i. . . . . . O X . . . . . . . O . . .|
h. O . . X . . . . X . . X . O . . . .|
g. . . . . X . . . . . . . . O . X O O|
fX . O . . . . . . . . . O . O . . X .|
e. X . . . . . . . . . . . . . . O . O|
dX X . . . . O O . . . X . O . . . . .|
cO . . . X . . . . . . . . O . . . . .|
b. . . . . . . X . . X . . . . X . . X|
a. O . . O . . . . O X X O . X . . . X|
 A B C D E F G H I J K L M N O P Q R S|
gracz O
--------------------------------------+
sO . . . X O . O . . . . . . . . . . .|
r. . . . . O X . X . O . . . . . . . X|
q. . . . X X . . . O . . . . . . . . .|
p. . . . . X . . . . X . . . O O . . .|
o. X O . . . X . . . . X O . . X X X .|
n. . . . . . . O . . . . O . . . . X .|
m. X . . . . X . X . O . . . X X O . .|
l. O X . O . X . . . . O . . . . . . .|
k. O X . O . . . . . . . . . . . . . .|
j. . . . . X . . O . . O . . . O . . O|
i. . . . . . O X . . . . . . . O . . .|
h. O . . X . . . . X . . X . O . . . .|
g. . . O . X . . . . . . . . O . X O O|
fX . O . . . . . . . . . O . O . . X .|
e. X . . . . . . . . . . . . . . O . O|
dX X . . . . O O . . . X . O . . . . .|
cO . . . X . . . . . . . . O . . . . .|
b. . . . . . . X . . X . . . . X . . X|
a. O . . O . . . O O X X O . X . . . X|
 A B C D E F G H I J K L M N O P Q R S|
gracz X
--------------------------------------+
sO . . . X O . O . . . . . . . . . . .|
r. . . . . O X . X . O . . . . . . . X|
q. . . . X X . . . O . . . . . . . . .|
p. . . . . X . . . . X . . . O O . . .|
o. X O . . . X . . X . X O . . X X X .|
n. . . . . . . O . . . . O . . . . X .|
m. X . . . . X . X . O . . . X X O . .|
l. O X . O . X . . . . O . . . . . . .|
k. O X . O . . . . . . . . . . . . . .|
j. . . . . X . . O . . O . . . O . . O|
i. . . . . . O X . . . . . . . O . . .|
h. O . . X . . . . X . . X . O . . . .|
g. . . O . X . . . . . . . . O . X O O|
fX . O . . . . . . . . . O . O . . X .|
e. X X . . . . . . . . . . . . . O . O|
dX X . . . . O O . . . X . O . . . . .|
cO . . . X . . . . . . . . O . . . . .|
b. . . . . . . X . . X . . . . X . . X|
a. O . . O . . . O O X X O . X . . . X|
 A B C D E F G H I J K L M N O P Q R S|
gracz O
--------------------------------------+
sO . . . X O . O . . . . . . . . . . .|
r. . . . . O X . X . O . . . . . . . X|
q. . . . X X . . . O . . . . . . . . .|
p. . . . . X . . . . X . . . O O . . .|
o. X O . . . X . . X . X O . . X X X .|
n. . . . . . . O . . . . O O . . . X .|
m. X . . . . X . X . O . . . X X O . .|
l. O X . O . X . . . . O . . . . . . .|
k. O X . O . . . . . . . . . . . . . .|
j. . . . . X . . O . . O . . . O . . O|
i. . . . . . O X . . . . . . . O . . .|
h. O . . X . . . . X . . X . O . . . .|
g. . . O . X . . . . . . . . O . X O O|
fX . O . . . . . . . . . O . O . . X .|
e. X X . O . . . . . . . . . . . O . O|
dX X . . . . O O . . . X . O . . . . .|
cO . . . X . . . . . . . . O . . . . .|
b. . . . . . . X . . X . . . . X . . X|
a. O . . O . . . O O X X O . X . . . X|
 A B C D E F G H I J K L M N O P Q R S|
gracz X
--------------------------------------+
sO . . . X O . O . . . . . . . . . . .|
r. . . . . O X . X . O . . . . . . . X|
q. . . . X X . . . O . . . . . . . . .|
p. . . . . X . . . . X . . . O O . . .|
o. X O . . . X . . X . X O . . X X X .|
n. . . . . . . O . . . . O O . . . X .|
m. X . . . . X . X . O . . . X X O . .|
l. O X . O . X . . . . O . . . . . . .|
k. O X . O . . . . . . . . . . . . . .|
j. . . . . X . . O . . O . . . O . . O|
i. . . . . . O X . . . . . . . O . . .|
h. O . . X . . . . X . . X . O . . . .|
g. . . O . X . . . . . . . . O . X O O|
fX . O . . . . . . . . . O . O . . X .|
e. X X . O . . . . . . . . . . . O . O|
dX X . . . X O O . . . X . O . . . . .|
cO . . . X . . . . . . . . O . . . . X|
b. . . . . . . X . . X . . . . X . . X|
a. O . . O . . . O O X X O . X . . . X|
 A B C D E F G H I J K L M N O P Q R S|
gracz O
--------------------------------------+
sO . . . X O . O . . . . . . . . . . .|
r. . . . . O X . X . O . . . . . . . X|
q. . . . X X . . . O . . . . . . . . .|
p. . . . . X . . . . X . . . O O . . .|
o. X O . . . X . . X . X O . . X X X .|
n. . . . . . . O . . . . O O . . . X .|
m. X . . . . X . X . O . . . X X O . .|
l. O X . O . X . . . . O . . . . . . .|
k. O X . O . . . . . . . . . . . . . .|
j. . . . . X . . O . . O . . . O . . O|
i. . . . . . O X . . . . . . . O . . .|
h. O . . X . O . . X . . X . O . . . .|
g. . . O . X . . . . . . . . O . X O O|
fX . O . . . . . . . . . O . O . . X .|
e. X X . O . . . . . . . . . . . O . O|
dX X . . . X O O . . . X . O . . . . .|
cO . . . X . . . . . . . . O . . . . X|
b. . . . . . . X . . X . . . . X . . X|
a. O . O O . . . O O X X O . X . . . X|
 A B C D E F G H I J K L M N O P Q R S|
gracz X
--------------------------------------+
sO . . . X O . O . . . . . . . . . . .|
r. . . . . O X . X . O . . . . . . . X|
q. . . . X X . . . O . . . . . . . . .|
p. . . . . X . . . . X . . . O O . . .|
o. X O . . . X . . X . X O . . X X X .|
n. . . . . . . O . . . . O O . . . X .|
m. X . . . . X . X . O . . . X X O . .|
l. O X . O . X . . . . O . . . . . . .|
k. O X . O . . . . . . . . . . . . . .|
j. . . . . X . . O . . O . . . O . . O|
i. . . . . . O X . . . . . . . O . . .|
h. O . . X . O . . X . . X . O . . . .|
g. . . O . X . . . . . . . . O . X O O|
fX . O . X . . . . . X . O . O . . X .|
e. X X . O . . . . . . . . . . . O . O|
dX X . . . X O O . . . X . O . . . . .|
cO . . . X . . . . . . . . O . . . . X|
b. . . . . . . X . . X . . . . X . . X|
a. O . O O . . . O O X X O . X . . . X|
 A B C D E F G H I J K L M N O P Q R S|
gracz O
--------------------------------------+
sO . . . X O . O . . . . . . . . . . .|
r. . . . . O X . X . O . . . . . . . X|
q. . . . X X . . . O . . . . . . . . .|
p. . . . . X . . . . X . . . O O . . .|
o. X O . . . X . . X . X O . . X X X .|
n. . . . . O . O . . . . O O . . . X .|
m. X . . . . X . X . O . . . X X O . .|
l. O X . O . X . . . . O . . . . O . .|
k. O X . O . . . . . . . . . . . . . .|
j. . . . . X . . O . . O . . . O . . O|
i. . . . . . O X . . . . . . . O . . .|
h. O . . X . O . . X . . X . O . . . .|
g. . . O . X . . . . . . . . O . X O O|
fX . O . X . . . . . X . O . O . . X .|
e. X X . O . . . . . . . . . . . O . O|
dX X . . . X O O . . . X . O . . . . .|
cO . . . X . . . . . . . . O . . . . X|
b. . . . . . . X . . X . . . . X . . X|
a. O . O O . . . O O X X O . X . . . X|
 A B C D E F G H I J K L M N O P Q R S|
gracz X
--------------------------------------+
sO . . . X O . O . . . . . . . . . . .|
r. . . . . O X . X . O . . . . . . . X|
q. . . . X X . . . O . . . . . . . . .|
p. . . . . X . . . . X . . . O O . . .|
o. X O . . . X . . X . X O . . X X X .|
n. . . . . O . O . . . . O O . . . X .|
m. X . . . . X . X . O . . . X X O . .|
l. O X . O . X . . . . O . . . . O . .|
k. O X . O . . . . . . . . . . . . . .|
j. . . . . X . . O . . O . . . O . . O|
i. . . . . . O X . X . . . X . O . . .|
h. O . . X . O . . X . . X . O . . . .|
g. . . O . X . . . . . . . . O . X O O|
fX . O . X . . . . . X . O . O . . X .|
e. X X . O . . . . . . . . . . . O . O|
dX X . . . X O O . . . X . O . . . . .|
cO . . . X . . . . . . . . O . . . . X|
b. . . . . . . X . . X . . . . X . . X|
a. O . O O . . . O O X X O . X . . . X|
 A B C D E F G H I J K L M N O P Q R S|
gracz O
--------------------------------------+
sO . . . X O . O . . . . . . . . . . .|
r. . . . . O X . X . O . . . . . . . X|
q. . . . X X . . . O . . . . . . . . .|
p. . . . . X . . . . X . . . O O . . .|
o. X O . . . X . . X . X O . . X X X .|
n. . . . . O . O . . . . O O . . . X .|
m. X . . . . X . X . O . . . X X O . .|
l. O X . O . X . . . . O . . . . O O .|
k. O X . O . . . . . . . . . . . . . .|
j. . . . . X . . O . . O . . . O . . O|
i. . . . . . O X . X . . O X . O . . .|
h. O . . X . O . . X . . X . O . . . .|
g. . . O . X . . . . . . . . O . X O O|
fX . O . X . . . . . X . O . O . . X .|
e. X X . O . . . . . . . . . . . O . O|
dX X . . . X O O . . . X . O . . . . .|
cO . . . X . . . . . . . . O . . . . X|
b. . . . . . . X . . X . . . . X . . X|
a. O . O O . . . O O X X O . X . . . X|
 A B C D E F G H I J K L M N O P Q R S|
gracz X
--------------------------------------+
sO . . . X O . O . . . . . . . . . . .|
r. . . . . O X . X . O . . . . . . . X|
q. . . . X X . . . O . . . . . . . . .|
p. . . . . X . . . . X . . . O O . . .|
o. X O . . . X . . X . X O . . X X X .|
n. . . . . O . O . . . . O O . . . X .|
m. X . . . . X . X . O . . . X X O X .|
l. O X . O . X . . . . O . . . . O O .|
k. O X . O . . . . . . . . . . . . . .|
j. . . . . X . . O . . O . . . O . . O|
i. . . . . . O X . X . . O X . O . . .|
h. O . . X . O . . X . . X . O . . . .|
g. . . O . X . . . . . . . . O . X O O|
fX . O . X . . . . . X . O . O . . X .|
e. X X . O . . . . . . . . . . . O . O|
dX X . . . X O O . . . X . O . . . . .|
cO . . . X . . . . . . . . O . . X . X|
b. . . . . . . X . . X . . . . X . . X|
a. O . O O . . . O O X X O . X . . . X|
 A B C D E F G H I J K L M N O P Q R S|
gracz O
--------------------------------------+
sO . . . X O . O . . . . . . . . . . .|
r. . . . . O X . X . O . . . . . . . X|
q. . . . X X . . . O . . . . . . . . .|
p. . . . . X . . . . X . . . O O . . .|
o. X O . . . X . . X . X O . . X X X .|
n. . . . . O . O . . . . O O . . . X .|
m. X . . . . X . X . O . . . X X O X .|
l. O X . O . X . . . . O . . . . O O .|
k. O X . O . . . . . . . . . . . . . .|
j. . . . . X . . O . . O . . . O . . O|
i. . . . . . O X . X . . O X O O . . .|
h. O . . X . O . . X . . X . O . . . .|
g. . . O . X . . . . . . . . O . X O O|
fX . O . X . . . . . X . O . O . . X .|
e. X X . O . . . . . . . . . . . O . O|
dX X . . . X O O . . . X . O . . . . .|
cO . . . X . . . . . . . . O . . X . X|
bO . . . . . . X . . X . . . . X . . X|
a. O . O O . . . O O X X O . X . . . X|
 A B C D E F G H I J K L M N O P Q R S|
gracz X
--------------------------------------+
sO . . . X O . O . . . . . . . . . . .|
r. . . . . O X . X . O . . . . . . . X|
q. . . . X X . . . O . . . . . . . . X|
p. . . . . X . . . . X . . . O O . . .|
o. X O . . . X . . X . X O . . X X X .|
n. . . . . O . O . . . . O O . . . X .|
m. X . . . . X . X . O . . . X X O X .|
l. O X . O . X . . . . O . . . . O O .|
k. O X . O . . . . . . . . . . . . . .|
j. . . . . X . . O . . O . . . O . . O|
i. . . . . . O X . X . . O X O O . . .|
h. O . . X . O . . X . . X . O . . . .|
g. . . O . X . . . . . . . . O . X O O|
fX . O . X . . . . . X . O . O . . X .|
e. X X . O . . . . . . . X . . . O . O|
dX X . . . X O O . . . X . O . . . . .|
cO . . . X . . . . . . . . O . . X . X|
bO . . . . . . X . . X . . . . X . . X|
a. O . O O . . . O O X X O . X . . . X|
 A B C D E F G H I J K L M N O P Q R S|
gracz O
--------------------------------------+
sO . . . X O . O . . . . . . . . . . .|
r. . . . . O X . X . O . . . . . . . X|
q. . . . X X . . . O . . . . . . . . X|
p. . . . . X . . . . X . . . O O . . .|
o. X O . . . X . . X . X O . . X X X .|
n. . . . . O . O . . . . O O . . . X .|
m. X . . . . X . X . O . . . X X O X .|
l. O X . O . X . . . . O . . . . O O .|
k. O X . O . . . . . . . . . . . . . .|
j. . . . O X . . O . . O . . . O . . O|
i. . . . . . O X . X . . O X O O . . .|
h. O . . X . O . . X . . X . O . . . .|
g. . . O . X . . . . . . . . O . X O O|
fX . O . X . . . . . X . O . O . . X .|
e. X X . O . . . . . . . X . . . O . O|
dX X . . . X O O . . . X . O . . . . .|
cO . . . X O . . . . . . . O . . X . X|
bO . . . . . . X . . X . . . . X . . X|
a. O . O O . . . O O X X O . X . . . X|
 A B C D E F G H I J K L M N O P Q R S|
gracz X
--------------------------------------+
sO . . . X O . O . . . . . . . . . . .|
rX . . . . O X . X . O . . . . . . . X|
q. . . . X X . . . O . . . . . . . . X|
p. . . . . X . . . . X . . . O O . . .|
o. X O . . . X . . X . X O . . X X X .|
n. . . . . O . O . . . . O O . . . X .|
m. X . . . . X . X . O . . . X X O X .|
l. O X . O . X . . . . O . . . . O O .|
k. O X . O . . . . . . . . . . . . . .|
j. X . . O X . . O . . O . . . O . . O|
i. . . . . . O X . X . . O X O O . . .|
h. O . . X . O . . X . . X . O . . . .|
g. . . O . X . . . . . . . . O . X O O|
fX . O . X . . . . . X . O . O . . X .|
e. X X . O . . . . . . . X . . . O . O|
dX X . . . X O O . . . X . O . . . . .|
cO . . . X O . . . . . . . O . . X . X|
bO . . . . . . X . . X . . . . X . . X|
a. O . O O . . . O O X X O . X . . . X|
 A B C D E F G H I J K L M N O P Q R S|
gracz O
--------------------------------------+
sO . . . X O . O . . . . . . . . . . .|
rX . . . . O X . X . O . . . . . . . X|
q. . . . X X . . . O . . . . . . . . X|
p. . . . . X . . . . X . O . O O . . .|
o. X O . . . X . . X . X O . . X X X .|
n. . . . . O . O . . . . O O . . . X .|
m. X . . . . X . X . O . . . X X O X .|
l. O X . O . X . . . . O . . . . O O .|
k. O X . O . . . . . . . . . . . . . .|
j. X . . O X . . O . . O . . . O . . O|
i. . . . . . O X . X . . O X O O . . .|
h. O . . X . O . . X . . X . O . . . .|
g. . . O . X . . . . . O . . O . X O O|
fX . O . X . . . . . X . O . O . . X .|
e. X X . O . . . . . . . X . . . O . O|
dX X . . . X O O . . . X . O . . . . .|
cO . . . X O . . . . . . . O . . X . X|
bO . . . . . . X . . X . . . . X . . X|
a. O . O O . . . O O X X O . X . . . X|
 A B C D E F G H I J K L M N O P Q R S|
gracz X
--------------------------------------+
sO . . . X O . O . . . . . . . . . . .|
rX . . . . O X . X . O . . . . . . . X|
q. . . . X X . . . O . . . . . . . . X|
p. . . . . X . . . . X . O . O O . . .|
o. X O . . . X . . X . X O . . X X X .|
n. . . . . O . O . . . . O O . . . X .|
m. X . . . . X . X . O . . . X X O X .|
l. O X . O . X . . . . O . . . . O O .|
k. O X . O . . . . . . . . . . . . . .|
j. X . . O X . . O . . O . . . O . . O|
i. . . . . . O X . X . . O X O O . . .|
h. O . . X . O . . X . . X . O . . . .|
g. . . O . X . . . . . O . . O . X O O|
fX . O . X . . . . . X . O . O . . X .|
eX X X . O . . . . . . . X . . . O . O|
dX X . . . X O O . . . X . O . . . . .|
cO . . . X O . . . . . . . O . . X . X|
bO . . . . . . X . . X . . . . X . . X|
aX O . O O . . . O O X X O . X . . . X|
 A B C D E F G H I J K L M N O P Q R S|
gracz O
--------------------------------------+
sO . . . X O . O . . . . . . . . . . .|
rX . . . . O X . X . O . . . . . . . X|
q. . . . X X . . . O . . . . . . . . X|
p. . . . . X . . . . X . O . O O . . .|
o. X O . . . X . . X . X O . . X X X .|
n. . . . . O . O . . . . O O . . . X .|
m. X . . . . X . X . O . . . X X O X .|
l. O X . O . X . . . . O . . . . O O .|
k. O X . O . . . . . . . . . . . . . .|
j. X . . O X . . O . . O . . . O . . O|
i. . . . . . O X . X . . O X O O . . .|
h. O . . X . O . . X . . X . O . . . .|
g. . . O . X . . . . . O . . O . X O O|
fX . O . X . . . . . X . O . O . . X .|
eX X X . O . . . . . . . X . . . O . O|
dX X . . . X O O . . . X . O . . . . .|
cO . . . X O . . . . O . . O . . X . X|
bO . . . . . O X . . X . . . . X . . X|
aX O . O O . . . O O X X O . X . . . X|
 A B C D E F G H I J K L M N O P Q R S|
gracz X
--------------------------------------+
sO . . . X O . O . . . . . . . . . . .|
rX . . . . O X . X . O . . . . . . . X|
q. X . . X X . . . O . . . . . . . . X|
p. . . . . X . . . . X . O . O O . . .|
o. X O . . . X . . X . X O . . X X X .|
n. . . . . O . O . . . . O O . . . X .|
m. X . . . . X . X . O . . . X X O X .|
l. O X . O . X . . . . O . . . . O O .|
k. O X . O . X . . . . . . . . . . . .|
j. X . . O X . . O . . O . . . O . . O|
i. . . . . . O X . X . . O X O O . . .|
h. O . . X . O . . X . . X . O . . . .|
g. . . O . X . . . . . O . . O . X O O|
fX . O . X . . . . . X . O . O . . X .|
eX X X . O . . . . . . . X . . . O . O|
dX X . . . X O O . . . X . O . . . . .|
cO . . . X O . . . . O . . O . . X . X|
bO . . . . . O X . . X . . . . X . . X|
aX O . O O . . . O O X X O . X . . . X|
 A B C D E F G H I J K L M N O P Q R S|
gracz O
--------------------------------------+
sO . . . X O . O . . . . . . . . . . .|
rX . . . . O X . X . O . . . . . . . X|
q. X . . X X . . . O . . . . . . . . X|
p. . . . . X . . . . X . O . O O O . .|
o. X O . . . X . . X . X O . . X X X .|
n. . . . . O . O . . . . O O . . . X .|
m. X . . . . X . X . O . . . X X O X .|
l. O X . O . X . . . . O . . . . O O .|
k. O X . O . X . . . . . . . . . . . .|
j. X . . O X . . O . . O . . . O . . O|
i. . . . . . O X . X . . O X O O . . .|
h. O . . X . O . . X . . X . O . . . .|
g. . . O . X . . . . . O . . O . X O O|
fX . O . X . O . . . X . O . O . . X .|
eX X X . O . . . . . . . X . . . O . O|
dX X . . . X O O . . . X . O . . . . .|
cO . . . X O . . . . O . . O . . X . X|
bO . . . . . O X . . X . . . . X . . X|
aX O . O O . . . O O X X O . X . . . X|
 A B C D E F G H I J K L M N O P Q R S|
gracz X
--------------------------------------+
sO . . . X O . O . . . . . . . . . . .|
rX . . . . O X . X . O . . . . . . . X|
q. X . . X X . . . O . . . . . . . . X|
p. . . . . X . . . . X . O . O O O . .|
o. X O . . . X . . X . X O . . X X X .|
n. . . . . O . O . . . . O O . . . X .|
m. X . . . . X . X . O . . . X X O X .|
l. O X . O . X . . . . O . . . . O O .|
k. O X . O . X . . . . . . . . . . . .|
j. X . . O X . . O . . O . . . O . . O|
i. . . . . X O X . X . . O X O O . . .|
h. O . . X . O . . X . . X . O . . . .|
g. . . O . X . . . . . O . . O . X O O|
fX . O . X . O . . . X . O . O . . X .|
eX X X . O . . . . . . . X . . . O . O|
dX X . . . X O O . . . X . O . . . . .|
cO . . . X O . . . . O . . O . . X . X|
bO . . . . . O X . . X . . . . X . . X|
aX O . O O . . . O O X X O . X X . . X|
 A B C D E F G H I J K L M N O P Q R S|
gracz O
--------------------------------------+
sO . . . X O . O . . . . . . . . . . .|
rX . . . . O X . X . O . . . . . . . X|
q. X . . X X . . . O . . . . . . . . X|
p. . . . . X . . . . X . O . O O O . .|
o. X O . . . X . . X . X O . . X X X .|
n. . . . . O . O . . . . O O . . . X .|
m. X . . . . X . X . O . . . X X O X .|
l. O X . O . X . . . . O . . . . O O .|
k. O X . O . X . . . . . . . . . . . .|
j. X . . O X . . O . . O . . . O . . O|
i. . . . . X O X . X . . O X O O . . .|
h. O . . X O O . . X . . X . O O . . .|
g. . . O . X . . . . . O . . O . X O O|
fX . O . X . O . . . X . O . O . . X .|
eX X X . O . . . . . . . X . . . O . O|
dX X . . . X O O . . . X . O . . . . .|
cO . . . X O . . . . O . . O . . X . X|
bO . . . . . O X . . X . . . . X . . X|
aX O . O O . . . O O X X O . X X . . X|
 A B C D E F G H I J K L M N O P Q R S|
gracz X
--------------------------------------+
sO . . . X O . O . . . . . . . . . . .|
rX . . . . O X . X . O . . . . . . . X|
q. X . . X X . . . O . . . . . . . . X|
p. . . . . X . . . . X . O . O O O . .|
o. X O . . . X . . X . X O . . X X X .|
n. . . . . O . O . . . . O O . . . X .|
m. X . . . . X . X . O . . . X X O X .|
l. O X . O . X . . . . O . . . . O O .|
k. O X . O . X . . . . . . . . . X . .|
j. X . . O X . . O . . O . . . O . . O|
i. . . . . X O X . X . . O X O O . . .|
h. O . . X O O . . X . . X . O O . . .|
g. . . O . X . . . . . O . . O . X O O|
fX . O . X . O . . . X . O . O . . X .|
eX X X . O . . . . . . . X . . . O . O|
dX X . . . X O O X . . X . O . . . . .|
cO . . . X O . . . . O . . O . . X . X|
bO . . . . . O X . . X . . . . X . . X|
aX O . O O . . . O O X X O . X X . . X|
 A B C D E F G H I J K L M N O P Q R S|
gracz O
--------------------------------------+
sO . . . X O . O . . . . . . . . . . .|
rX . . . . O X . X . O . . . . . . . X|
q. X . . X X . . . O . . . . . . . . X|
p. . . . . X . . . . X . O . O O O . .|
o. X O . . O X . . X . X O . . X X X .|
n. . . . . O . O . . . . O O . . . X .|
m. X . . . . X . X . O . . . X X O X .|
l. O X . O . X . . . . O . . . . O O .|
k. O X . O . X . . . . . . . . . X . .|
j. X . . O X . . O . . O . . . O . . O|
i. . . . . X O X . X . . O X O O . . .|
h. O . . X O O . . X . . X . O O . . .|
g. . . O . X . . . . . O . . O . X O O|
fX . O . X . O . . . X . O O O . . X .|
eX X X . O . . . . . . . X . . . O . O|
dX X . . . X O O X . . X . O . . . . .|
cO . . . X O . . . . O . . O . . X . X|
bO . . . . . O X . . X . . . . X . . X|
aX O . O O . . . O O X X O . X X . . X|
 A B C D E F G H I J K L M N O P Q R S|
gracz X
--------------------------------------+
sO . . . X O . O . . . . . . . . . . .|
rX . . . . O X . X . O . . . . . . . X|
q. X . . X X . . . O . . . . . . . . X|
p. . . . . X . . . . X . O . O O O . .|
o. X O . . O X . . X . X O . . X X X .|
n. . . . . O . O . . . . O O . . . X .|
m. X . X . . X . X . O . . . X X O X .|
l. O X . O . X . . . . O . . . . O O .|
k. O X . O . X . . . . . . . . . X . .|
j. X . . O X . . O . . O . . . O . . O|
i. . . . . X O X . X . . O X O O . . .|
h. O . . X O O . . X . . X . O O . . .|
g. . . O . X . . . . . O . . O . X O O|
fX . O . X . O . . . X . O O O . . X .|
eX X X . O . . . . . . . X . . . O . O|
dX X . . . X O O X . . X . O . . . . .|
cO X . . X O . . . . O . . O . . X . X|
bO . . . . . O X . . X . . . . X . . X|
aX O . O O . . . O O X X O . X X . . X|
 A B C D E F G H I J K L M N O P Q R S|
gracz O
--------------------------------------+
sO . . . X O . O . . . . . . . . . . .|
rX . . . . O X . X . O . . . . . . . X|
q. X . . X X . . . O . . . . . . . . X|
p. . . . . X . . . . X . O . O O O . .|
o. X O . . O X . . X . X O . . X X X .|
n. . . . . O . O . . . . O O . . . X .|
m. X . X . . X . X . O O . . X X O X .|
l. O X . O . X . . . . O . . . . O O .|
k. O X . O . X . . . . . . . . . X . .|
j. X . . O X . . O . . O . . . O . . O|
i. . . . . X O X . X . . O X O O . . .|
h. O . . X O O . . X . . X . O O . . O|
g. . . O . X . . . . . O . . O . X O O|
fX . O . X . O . . . X . O O O . . X .|
eX X X . O . . . . . . . X . . . O . O|
dX X . . . X O O X . . X . O . . . . .|
cO X . . X O . . . . O . . O . . X . X|
bO . . . . . O X . . X . . . . X . . X|
aX O . O O . . . O O X X O . X X . . X|
 A B C D E F G H I J K L M N O P Q R S|
gracz X
--------------------------------------+
sO . . . X O . O . . . . . . . . . . .|
rX . . . . O X . X . O . . . . . . . X|
q. X . . X X . . . O . . . . . . . . X|
p. . . . . X . . . . X . O . O O O . .|
o. X O . . O X . . X . X O . . X X X .|
n. . . . . O . O . . . . O O . X . X .|
m. X . X . . X . X . O O . . X X O X .|
l. O X . O . X . . . . O . . . . O O .|
k. O X . O . X . . . . . . . . . X . .|
j. X . . O X . . O . . O . . . O . . O|
i. . . . . X O X . X . . O X O O . . .|
h. O . . X O O . . X . . X . O O . . O|
g. . X O . X . . . . . O . . O . X O O|
fX . O . X . O . . . X . O O O . . X .|
eX X X . O . . . . . . . X . . . O . O|
dX X . . . X O O X . . X . O . . . . .|
cO X . . X O . . . . O . . O . . X . X|
bO . . . . . O X . . X . . . . X . . X|
aX O . O O . . . O O X X O . X X . . X|
 A B C D E F G H I J K L M N O P Q R S|
gracz O
--------------------------------------+
sO . . . X O . O . . . . . . . . . . .|
rX . . . . O X . X . O . . . . . . . X|
q. X . . X X . . . O . . . . . . . . X|
p. . . . . X . . . . X . O . O O O . .|
o. X O . . O X . . X . X O . . X X X .|
n. . . . . O . O . . . . O O . X . X .|
m. X . X . . X . X . O O . . X X O X .|
l. O X . O . X . . . . O . . . . O O .|
k. O X . O . X . . . . . . . . . X . .|
j. X . . O X . . O . . O . . . O . . O|
i. O . . . X O X . X . . O X O O . . .|
h. O . . X O O . . X . . X . O O . . O|
g. . X O . X . . . . . O . . O . X O O|
fX . O . X . O . . . X . O O O . . X .|
eX X X . O . . . . . . . X . . . O . O|
dX X . . . X O O X . . X . O . . . . .|
cO X . . X O . . . . O . . O . . X . X|
bO . O . . . O X . . X . . . . X . . X|
aX O . O O . . . O O X X O . X X . . X|
 A B C D E F G H I J K L M N O P Q R S|
gracz X
--------------------------------------+
sO . . . X O . O . . . . . . . . . . .|
rX . . . . O X . X . O . . . . . . . X|
q. X . . X X . . . O . . . . . . . . X|
p. . . . . X . . . . X . O . O O O . .|
o. X O . . O X . . X . X O . . X X X .|
n. . . . . O . O . . . . O O . X . X .|
m. X . X . . X . X . O O . . X X O X .|
l. O X . O . X . . . . O . . . . O O .|
k. O X . O . X . . . . . . . . . X . .|
j. X . . O X . . O . . O . . . O . . O|
i. O . . . X O X . X . . O X O O . . .|
h. O . . X O O . . X . . X . O O . . O|
g. . X O . X . . . . . O . X O . X O O|
fX . O . X . O . . . X . O O O . . X .|
eX X X . O . . X . . . . X . . . O . O|
dX X . . . X O O X . . X . O . . . . .|
cO X . . X O . . . . O . . O . . X . X|
bO . O . . . O X . . X . . . . X . . X|
aX O . O O . . . O O X X O . X X . . X|
 A B C D E F G H I J K L M N O P Q R S|
gracz O
--------------------------------------+
sO . . . X O . O . . . . . . . . . . .|
rX . . . . O X . X . O . . . . . . . X|
q. X . . X X . . . O . . . . . . . . X|
p. . . . . X . . . . X . O . O O O . .|
o. X O . . O X . . X . X O . . X X X .|
n. . . . . O . O . . . . O O . X . X .|
m. X . X . . X . X . O O . . X X O X .|
l. O X . O . X . . . . O . . . . O O .|
k. O X . O . X O . . . . . . . . X . .|
j. X . . O X . . O . . O . . . O . . O|
i. O . . . X O X . X . . O X O O . . .|
h. O . . X O O . . X . . X . O O . . O|
g. . X O . X . . . . . O . X O . X O O|
fX . O . X . O . . . X . O O O . . X .|
eX X X . O . . X . . . . X . . . O . O|
dX X . . . X O O X . . X . O . . . . .|
cO X . . X O . . . . O . . O . . X . X|
bO . O . . . O X . . X . . O . X . . X|
aX O . O O . . . O O X X O . X X . . X|
 A B C D E F G H I J K L M N O P Q R S|
gracz X
--------------------------------------+
sO . . . X O . O . . . . . . . . . . .|
rX . . . . O X . X . O . . . . . . . X|
q. X . . X X . . . O . . . . . . . . X|
p. . . . . X . X . . X . O . O O O . .|
o. X O . . O X . . X . X O . . X X X .|
n. . . . . O . O . . . . O O . X . X .|
m. X . X . . X . X . O O . . X X O X .|
l. O X . O . X . . . . O . . . . O O .|
k. O X . O . X O . . . . . . . . X . .|
j. X . . O X . . O . . O . . . O . . O|
i. O . . . X O X . X . . O X O O . . .|
h. O . . X O O . . X . . X . O O . . O|
g. . X O . X . . . . . O . X O . X O O|
fX . O . X . O . . . X . O O O . . X .|
eX X X X O . . X . . . . X . . . O . O|
dX X . . . X O O X . . X . O . . . . .|
cO X . . X O . . . . O . . O . . X . X|
bO . O . . . O X . . X . . O . X . . X|
aX O . O O . . . O O X X O . X X . . X|
 A B C D E F G H I J K L M N O P Q R S|
gracz O
--------------------------------------+
sO . . . X O . O . . . . . . . . . . .|
rX . . . . O X . X . O . . . . O . . X|
q. X . . X X . . . O . . . . . . . . X|
p. . . . . X . X . . X . O . O O O . .|
o. X O . . O X . O X . X O . . X X X .|
n. . . . . O . O . . . . O O . X . X .|
m. X . X . . X . X . O O . . X X O X .|
l. O X . O . X . . . . O . . . . O O .|
k. O X . O . X O . . . . . . . . X . .|
j. X . . O X . . O . . O . . . O . . O|
i. O . . . X O X . X . . O X O O . . .|
h. O . . X O O . . X . . X . O O . . O|
g. . X O . X . . . . . O . X O . X O O|
fX . O . X . O . . . X . O O O . . X .|
eX X X X O . . X . . . . X . . . O . O|
dX X . . . X O O X . . X . O . . . . .|
cO X . . X O . . . . O . . O . . X . X|
bO . O . . . O X . . X . . O . X . . X|
aX O . O O . . . O O X X O . X X . . X|
 A B C D E F G H I J K L M N O P Q R S|
gracz X
--------------------------------------+
sO X . . X O . O . . . . . . . . . . .|
rX . . . . O X . X . O . . . . O . . X|
q. X . . X X . . . O . . . . . . . . X|
p. . . . . X . X . . X . O . O O O . .|
o. X O . . O X . O X . X O . . X X X .|
n. . . . . O . O . . . . O O . X . X .|
m. X . X . . X . X . O O . . X X O X .|
l. O X . O . X . . . . O . . . . O O .|
k. O X . O . X O . . . . . . . . X . .|
j. X . . O X . . O . . O . . X O . . O|
i. O . . . X O X . X . . O X O O . . .|
h. O . . X O O . . X . . X . O O . . O|
g. . X O . X . . . . . O . X O . X O O|
fX . O . X . O . . . X . O O O . . X .|
eX X X X O . . X . . . . X . . . O . O|
dX X . . . X O O X . . X . O . . . . .|
cO X . . X O . . . . O . . O . . X . X|
bO . O . . . O X . . X . . O . X . . X|
aX O . O O . . . O O X X O . X X . . X|
 A B C D E F G H I J K L M N O P Q R S|
gracz O
--------------------------------------+
sO X . . X O . O . . . . . . . . . . .|
rX . . . . O X . X . O . . . . O . . X|
q. X . . X X . . . O . . . . . . . . X|
p. . . . . X . X . . X . O . O O O . .|
o. X O . . O X . O X . X O . . X X X .|
n. . . . . O . O . . . . O O . X . X .|
m. X . X . . X . X . O O . . X X O X .|
l. O X . O . X . . . . O . . . O O O .|
k. O X . O . X O . . . . . . . . X . .|
j. X . . O X . . O . . O . . X O . . O|
i. O . . . X O X . X . . O X O O . . .|
h. O . . X O O . . X . . X . O O . . O|
g. . X O . X . . . . . O O X O . X O O|
fX . O . X . O . . . X . O O O . . X .|
eX X X X O . . X . . . . X . . . O . O|
dX X . . . X O O X . . X . O . . . . .|
cO X . . X O . . . . O . . O . . X . X|
bO . O . . . O X . . X . . O . X . . X|
aX O . O O . . . O O X X O . X X . . X|
 A B C D E F G H I J K L M N O P Q R S|
gracz X
--------------------------------------+
sO X . . X O . O . X . . . . . . . . .|
rX . . . . O X . X . O . . . . O . . X|
q. X . . X X . . . O . . . . . . . . X|
p. . . . . X . X . . X . O . O O O . .|
o. X O . . O X . O X . X O . . X X X .|
n. . . . . O . O . . . . O O . X . X .|
m. X . X . . X . X . O O . . X X O X .|
l. O X . O . X . . . . O . . . O O O .|
k. O X . O . X O . . . . . . . . X . .|
j. X . . O X . . O . . O . . X O . . O|
i. O . . . X O X X X . . O X O O . . .|
h. O . . X O O . . X . . X . O O . . O|
g. . X O . X . . . . . O O X O . X O O|
fX . O . X . O . . . X . O O O . . X .|
eX X X X O . . X . . . . X . . . O . O|
dX X . . . X O O X . . X . O . . . . .|
cO X . . X O . . . . O . . O . . X . X|
bO . O . . . O X . . X . . O . X . . X|
aX O . O O . . . O O X X O . X X . . X|
 A B C D E F G H I J K L M N O P Q R S|
gracz O
--------------------------------------+
sO X . . X O . O . X . . . . . . . . .|
rX . . . . O X . X . O . . . . O . . X|
q. X . . X X . . . O . . . . . . . . X|
p. . . . . X . X . . X . O . O O O . .|
o. X O . . O X . O X . X O . . X X X .|
n. . . . . O . O . . . . O O . X . X .|
m. X . X . . X . X . O O O . X X O X .|
l. O X . O . X . . . . O . . . O O O .|
k. O X . O . X O . . . . . . . . X . .|
j. X . . O X . . O . . O O . X O . . O|
i. O . . . X O X X X . . O X O O . . .|
h. O . . X O O . . X . . X . O O . . O|
g. . X O . X . . . . . O O X O . X O O|
fX . O . X . O . . . X . O O O . . X .|
eX X X X O . . X . . . . X . . . O . O|
dX X . . . X O O X . . X . O . . . . .|
cO X . . X O . . . . O . . O . . X . X|
bO . O . . . O X . . X . . O . X . . X|
aX O . O O . . . O O X X O . X X . . X|
 A B C D E F G H I J K L M N O P Q R S|
gracz X
--------------------------------------+
sO X . . X O . O . X . . . . . . . . .|
rX . . . . O X . X . O . . . . O . . X|
q. X . . X X . . . O . . . . . . . . X|
p. . . . . X . X . . X . O . O O O . .|
o. X O . . O X . O X . X O . . X X X .|
n. . . . . O . O . . . . O O . X . X .|
m. X . X . . X . X . O O O . X X O X .|
l. O X . O . X . . . . O . . . O O O .|
k. O X . O . X O X . . . . . . . X . .|
j. X . . O X . . O . . O O . X O . . O|
i. O . . X X O X X X . . O X O O . . .|
h. O . . X O O . . X . . X . O O . . O|
g. . X O . X . . . . . O O X O . X O O|
fX . O . X . O . . . X . O O O . . X .|
eX X X X O . . X . . . . X . . . O . O|
dX X . . . X O O X . . X . O . . . . .|
cO X . . X O . . . . O . . O . . X . X|
bO . O . . . O X . . X . . O . X . . X|
aX O . O O . . . O O X X O . X X . . X|
 A B C D E F G H I J K L M N O P Q R S|
gracz O
--------------------------------------+
sO X . . X O . O . X . . . . . . . . .|
rX . . . . O X . X . O . . . . O . . X|
q. X . . X X . . . O . . . . . . . . X|
p. . . . . X . X . . X . O . O O O . .|
o. X O . . O X . O X . X O . . X X X .|
n. . O . . O . O . . . . O O . X . X .|
m. X . X . . X . X . O O O . X X O X .|
l. O X . O . X . . . . O . . . O O O .|
k. O X . O . X O X . . . . . . . X . .|
j. X . . O X . . O . . O O . X O . . O|
i. O . . X X O X X X . . O X O O . . .|
h. O . . X O O . . X . . X . O O . . O|
g. . X O . X . . . . . O O X O . X O O|
fX . O . X . O . . . X . O O O . . X .|
eX X X X O . . X . . . . X . . . O . O|
dX X . . . X O O X . . X . O O . . . .|
cO X . . X O . . . . O . . O . . X . X|
bO . O . . . O X . . X . . O . X . . X|
aX O . O O . . . O O X X O . X X . . X|
 A B C D E F G H I J K L M N O P Q R S|
gracz X
--------------------------------------+
sO X . . X O . O . X . . . . . . . . .|
rX . . . . O X . X . O . . . . O . . X|
q. X . . X X . . . O . . . . . . . . X|
p. . . . . X . X . . X . O . O O O . .|
o. X O . . O X . O X . X O . . X X X .|
n. . O . . O . O . . . . O O . X . X .|
m. X . X . . X . X . O O O . X X O X .|
l. O X . O . X . . . . O . . . O O O .|
k. O X . O . X O X . . X . . . . X . .|
j. X . . O X . . O . . O O . X O . . O|
i. O . . X X O X X X . . O X O O . . .|
h. O . . X O O . . X . . X . O O . . O|
g. . X O . X . . . . . O O X O . X O O|
fX . O . X . O . . . X . O O O . . X .|
eX X X X O . . X . . . . X . . . O . O|
dX X . . . X O O X . . X . O O . X . .|
cO X . . X O . . . . O . . O . . X . X|
bO . O . . . O X . . X . . O . X . . X|
aX O . O O . . . O O X X O . X X . . X|
 A B C D E F G H I J K L M N O P Q R S|
gracz O
--------------------------------------+
sO X . . X O . O . X . . . . . . . . .|
rX . . . . O X O X . O . . . . O . . X|
q. X . . X X . . . O . . . . . . . . X|
p. . . . . X . X . . X . O . O O O . .|
o. X O . . O X . O X . X O . . X X X .|
n. . O . . O . O . . . . O O . X . X .|
m. X . X . . X . X . O O O . X X O X .|
l. O X . O . X . . . . O . . . O O O .|
k. O X . O . X O X . . X . . . . X . .|
j. X . . O X . . O . . O O . X O O . O|
i. O . . X X O X X X . . O X O O . . .|
h. O . . X O O . . X . . X . O O . . O|
g. . X O . X . . . . . O O X O . X O O|
fX . O . X . O . . . X . O O O . . X .|
eX X X X O . . X . . . . X . . . O . O|
dX X . . . X O O X . . X . O O . X . .|
cO X . . X O . . . . O . . O . . X . X|
bO . O . . . O X . . X . . O . X . . X|
aX O . O O . . . O O X X O . X X . . X|
 A B C D E F G H I J K L M N O P Q R S|
gracz X
--------------------------------------+
sO X . . X O . O . X . . . . . . . . .|
rX . . . . O X O X . O . . . . O . . X|
q. X . . X X . . . O . . . . . . . . X|
p. . . . . X . X . . X . O . O O O . .|
o. X O . . O X . O X . X O . . X X X .|
n. . O . X O . O . . . . O O . X . X .|
m. X . X . . X . X . O O O . X X O X .|
l. O X . O . X . X . . O . . . O O O .|
k. O X . O . X O X . . X . . . . X . .|
j. X . . O X . . O . . O O . X O O . O|
i. O . . X X O X X X . . O X O O . . .|
h. O . . X O O . . X . . X . O O . . O|
g. . X O . X . . . . . O O X O . X O O|
fX . O . X . O . . . X . O O O . . X .|
eX X X X O . . X . . . . X . . . O . O|
dX X . . . X O O X . . X . O O . X . .|
cO X . . X O . . . . O . . O . . X . X|
bO . O . . . O X . . X . . O . X . . X|
aX O . O O . . . O O X X O . X X . . X|
 A B C D E F G H I J K L M N O P Q R S|
gracz O
--------------------------------------+
sO X . . X O . O . X . . . . . . . . .|
rX . . . . O X O X . O . . . . O . . X|
q. X . . X X . . . O . . . . . . . . X|
p. . . . . X . X . . X . O . O O O . .|
o. X O . . O X O O X . X O . . X X X .|
n. . O . X O . O . . . . O O . X . X .|
m. X . X . . X . X . O O O . X X O X .|
l. O X . O . X . X . . O . . . O O O .|
k. O X . O . X O X . . X . . O . X . .|
j. X . . O X . . O . . O O . X O O . O|
i. O . . X X O X X X . . O X O O . . .|
h. O . . X O O . . X . . X . O O . . O|
g. . X O . X . . . . . O O X O . X O O|
fX . O . X . O . . . X . O O O . . X .|
eX X X X O . . X . . . . X . . . O . O|
dX X . . . X O O X . . X . O O . X . .|
cO X . . X O . . . . O . . O . . X . X|
bO . O . . . O X . . X . . O . X . . X|
aX O . O O . . . O O X X O . X X . . X|
 A B C D E F G H I J K L M N O P Q R S|
gracz X
--------------------------------------+
sO X . . X O . O . X . . X . . . . . .|
rX . . . . O X O X . O . . . . O . . X|
q. X . . X X . . . O . . . . . . . . X|
p. . . . . X . X . . X . O . O O O . .|
o. X O . . O X O O X . X O . . X X X .|
n. . O . X O . O . . . . O O . X . X .|
m. X . X . . X . X . O O O . X X O X .|
l. O X . O . X . X . . O . . . O O O .|
k. O X . O . X O X . X X . . O . X . .|
j. X . . O X . . O . . O O . X O O . O|
i. O . . X X O X X X . . O X O O . . .|
h. O . . X O O . . X . . X . O O . . O|
g. . X O . X . . . . . O O X O . X O O|
fX . O . X . O . . . X . O O O . . X .|
eX X X X O . . X . . . . X . . . O . O|
dX X . . . X O O X . . X . O O . X . .|
cO X . . X O . . . . O . . O . . X . X|
bO . O . . . O X . . X . . O . X . . X|
aX O . O O . . . O O X X O . X X . . X|
 A B C D E F G H I J K L M N O P Q R S|
gracz O
--------------------------------------+
sO X . . X O . O . X O . X . . . . . .|
rX . . . . O X O X . O . . . . O . . X|
q. X . . X X . . . O . . . . . . . . X|
p. . . . . X . X . . X . O . O O O . .|
o. X O . . O X O O X . X O . . X X X .|
n. . O . X O . O . . . . O O . X . X .|
m. X . X . . X . X . O O O . X X O X .|
l. O X . O . X . X . . O . . . O O O .|
k. O X . O . X O X . X X . . O . X . .|
j. X . . O X . . O . . O O . X O O . O|
i. O . . X X O X X X . . O X O O . . .|
h. O . . X O O . . X . . X . O O . . O|
g. . X O . X . . . . . O O X O . X O O|
fX . O . X . O . . . X . O O O . . X .|
eX X X X O . . X . . . . X . O . O . O|
dX X . . . X O O X . . X . O O . X . .|
cO X . . X O . . . . O . . O . . X . X|
bO . O . . . O X . . X . . O . X . . X|
aX O . O O . . . O O X X O . X X . . X|
 A B C D E F G H I J K L M N O P Q R S|
wygral O
