--------------------------------------+
s. . . . . . . . . . . . . . . . . . .|
r. . . . . . . . . . . . . . . . . . .|
q. . . . . . . . . . . . . . . . . . .|
p. . . . . . . . . . . . . . . . . . .|
o. . . . . . . . . . . . . . . . . . .|
n. . . . . . . . . . . . . . . . . . .|
m. . . . . . . . . . . . . . . . . . .|
l. . . . . . . . . . . . . . . . . . .|
k. . . . . . . . . . . . . . . . . . .|
j. . . . . . . . . . . . . . . . . . .|
i. . . . . . . . . . . . . . . . . . .|
h. . . . . . . . . . . . . . . . . . .|
g. . . . . . . . . . . . . . . . . . .|
f. . . . . . . . . . . . . . . . . . .|
e. . . . . . . . . . . . . . . . . . .|
d. . . . . . . . . . . . . . . . . . .|
c. . . . . . . . . . . . . . . . . . .|
b. . . . . . . . . . . . . . . . . . .|
a. . . . . . . . . . . . . . . . . . .|
 A B C D E F G H I J K L M N O P Q R S|
gracz X
--------------------------------------+
s. . . . . . . . . . . . . . . . . . .|
r. . . . . . . . . . . . . . . . . . .|
q. . . . . . . . . . . . . . . . . . .|
p. . . . . . . . . . . . . . . . . . .|
o. . . . . . . . . . . . . . . . . . .|
n. . . . . . . . . . . . . . . . . . .|
m. . . . . . . . . . . . . . . . . . .|
l. . . . . . . . . . . . . . . . . . .|
k. . . . . . . . . . . . . . . . . . .|
j. . . . . . . . . . . . . . . . . . .|
i. . . . . X . . . . . . . . . . . . .|
h. . . . . . . . . . . . . . . . . . .|
g. . . . . . . . . . . . . . . . . . .|
f. . . . . . . . . . . . . . . . . . .|
e. . . . . . . . . . . . . . . . . . .|
d. . . . . . . . . . . . . . . . . . .|
c. . . . . . . . . . . . . . . . . . .|
b. . . . . . . . . . . . . . . . . . .|
a. . . . . . . . . . . . . . . . . . .|
 A B C D E F G H I J K L M N O P Q R S|
gracz O
--------------------------------------+
s. . . . . . . . . . . . . . . . . . .|
r. . . . . . . . . . . . . . . . . . .|
q. . . . . . . . . . . . . . . . . . .|
p. . . . . . . . . . . . . . . . . . .|
o. . . . . . . . . . . . . . . . . . .|
n. . . . . . . . . . . . . . . . . . .|
m. . . . . . . . . . . . . . . . . . .|
l. . . . . . . . . . . . . . . . . . .|
kO . . . . . . . . . . . . . . . . . .|
j. . . . . . . . . . . . . . . . . . .|
i. . . . . X . . . . . . . . . . . . .|
h. . O . . . . . . . . . . . . . . . .|
g. . . . . . . . . . . . . . . . . . .|
f. . . . . . . . . . . . . . . . . . .|
e. . . . . . . . . . . . . . . . . . .|
d. . . . . . . . . . . . . . . . . . .|
c. . . . . . . . . . . . . . . . . . .|
b. . . . . . . . . . . . . . . . . . .|
a. . . . . . . . . . . . . . . . . . .|
 A B C D E F G H I J K L M N O P Q R S|
gracz X
--------------------------------------+
s. . . . . . . . . . . . . . . . . . .|
r. . . . . . . . . . . . . . . . . . .|
q. . . . . . . . . . . . . . . . . . .|
p. . . . . . . . . . . X . . . . . . .|
o. . . . . . . . . . . . . . . . . . .|
n. . . . . . . . . . . . . . . . . . .|
m. . . . . . . . . . . . . . . . . . .|
l. . . . . . X . . . . . . . . . . . .|
kO . . . . . . . . . . . . . . . . . .|
j. . . . . . . . . . . . . . . . . . .|
i. . . . . X . . . . . . . . . . . . .|
h. . O . . . . . . . . . . . . . . . .|
g. . . . . . . . . . . . . . . . . . .|
f. . . . . . . . . . . . . . . . . . .|
e. . . . . . . . . . . . . . . . . . .|
d. . . . . . . . . . . . . . . . . . .|
c. . . . . . . . . . . . . . . . . . .|
b. . . . . . . . . . . . . . . . . . .|
a. . . . . . . . . . . . . . . . . . .|
 A B C D E F G H I J K L M N O P Q R S|
gracz O
--------------------------------------+
s. . . . . . . . . . . . . . . . . . .|
r. . . . . . . . . . . . . . . . . . .|
q. . . . . . . . . . . . . . . . . . .|
p. . . . . . . . . . . X . . . . . . .|
o. . . O . . . . . . . . . . . . . . .|
n. . . . . O . . . . . . . . . . . . .|
m. . . . . . . . . . . . . . . . . . .|
l. . . . . . X . . . . . . . . . . . .|
kO . . . . . . . . . . . . . . . . . .|
j. . . . . . . . . . . . . . . . . . .|
i. . . . . X . . . . . . . . . . . . .|
h. . O . . . . . . . . . . . . . . . .|
g. . . . . . . . . . . . . . . . . . .|
f. . . . . . . . . . . . . . . . . . .|
e. . . . . . . . . . . . . . . . . . .|
d. . . . . . . . . . . . . . . . . . .|
c. . . . . . . . . . . . . . . . . . .|
b. . . . . . . . . . . . . . . . . . .|
a. . . . . . . . . . . . . . . . . . .|
 A B C D E F G H I J K L M N O P Q R S|
gracz X
--------------------------------------+
s. . . . . . . . . . . . . . . . . . .|
r. . . . . . . . . . . . . . . . . . .|
q. . . . . . . . . . . . . . . . . . .|
p. . . . . . . . . . . X . . . . . . .|
o. . . O . . . . . . . . . . . . . . .|
n. . . . . O . . . . . . . . . . . . .|
m. . . . . . . . . . . . . . . . . . .|
l. . . . . . X . . . . . . . . . . . .|
kO . . . . . . . . . . . . . . . . . .|
j. . . . . . . . . . . . . . . . . . .|
i. . . . . X . . . . . . . . . . . . .|
h. . O . . . . . . . . . . . . . . . .|
g. . . . . X . . . . . . . . . . . . .|
f. . . . . . . . . . . . . . . . . . X|
e. . . . . . . . . . . . . . . . . . .|
d. . . . . . . . . . . . . . . . . . .|
c. . . . . . . . . . . . . . . . . . .|
b. . . . . . . . . . . . . . . . . . .|
a. . . . . . . . . . . . . . . . . . .|
 A B C D E F G H I J K L M N O P Q R S|
gracz O
--------------------------------------+
s. . . . . . . . . . . . . . . . . . .|
r. . . . . . . . . . . . . . . . . . .|
q. . . . . . . . . . . . . . . . . . .|
p. . . . . . . . . . . X . . . . . . .|
o. . . O . . . . . . . . . . . . . . .|
n. . . . . O . . . . . . . . . . . . .|
m. . . . O . . . . . . . . . . . . . .|
l. . . . . . X . . . . . . . . . . . .|
kO . . . . . . . . . . . O . . . . . .|
j. . . . . . . . . . . . . . . . . . .|
i. . . . . X . . . . . . . . . . . . .|
h. . O . . . . . . . . . . . . . . . .|
g. . . . . X . . . . . . . . . . . . .|
f. . . . . . . . . . . . . . . . . . X|
e. . . . . . . . . . . . . . . . . . .|
d. . . . . . . . . . . . . . . . . . .|
c. . . . . . . . . . . . . . . . . . .|
b. . . . . . . . . . . . . . . . . . .|
a. . . . . . . . . . . . . . . . . . .|
 A B C D E F G H I J K L M N O P Q R S|
gracz X
--------------------------------------+
s. . . . . . . . . . . . . . . . . . .|
r. . . . . . . . . X . . . . . . . . .|
q. . . . . . . . . . . . . . . . . . .|
p. . . . . . . . . . . X . . . . . . .|
o. . . O . . . . . . . . . . . . . . .|
n. . . . . O . . . . . . . . . . . . .|
m. . . . O . . . . . . . . . . . . . .|
l. . . . . . X . . . . . . . . . . . .|
kO . . . . . . . . . . . O . . . . . .|
j. . . . . . . . . . . . . . . . . . .|
i. X . . . X . . . . . . . . . . . . .|
h. . O . . . . . . . . . . . . . . . .|
g. . . . . X . . . . . . . . . . . . .|
f. . . . . . . . . . . . . . . . . . X|
e. . . . . . . . . . . . . . . . . . .|
d. . . . . . . . . . . . . . . . . . .|
c. . . . . . . . . . . . . . . . . . .|
b. . . . . . . . . . . . . . . . . . .|
a. . . . . . . . . . . . . . . . . . .|
 A B C D E F G H I J K L M N O P Q R S|
gracz O
--------------------------------------+
s. . . . . . . . . O . . . . . . . . .|
r. . . . . . . . . X . . . . . . . . .|
q. . . . . . . . . . . . . . . . . . .|
p. . . . . . . . . . . X . . . . . . .|
o. . . O . . . . . . . . . . . . . . .|
n. . . . . O . . . . . . . . . . . . .|
m. . . . O . . . . . . . . . . . . . .|
l. . . . . . X . . . . . . . . . . . .|
kO . . . . . . . . . . . O . . . . . .|
j. . . . . . . . . . . . . . . . . . .|
i. X . . . X . . . . . . . . . . . . .|
h. . O . . . . . . . . . . . . . . . .|
g. . . . . X . . . . . . . . . . . . .|
f. . . . . . . O . . . . . . . . . . X|
e. . . . . . . . . . . . . . . . . . .|
d. . . . . . . . . . . . . . . . . . .|
c. . . . . . . . . . . . . . . . . . .|
b. . . . . . . . . . . . . . . . . . .|
a. . . . . . . . . . . . . . . . . . .|
 A B C D E F G H I J K L M N O P Q R S|
gracz X
--------------------------------------+
s. . . . . . . . . O . . . . . . . . .|
r. . . . . . . . . X . . . . . . . . .|
q. . . . . . . . . . . . . . . . . . .|
p. . . . . . . . . . . X . . . . . . .|
o. . . O . . . . . . . . . . . . . . .|
n. . . . . O . X . . . . . . . . . . .|
m. . . . O . . . . . . . . . . . . . .|
l. . . . . . X . . . . . . . . . . . .|
kO . . . . . . . . . . . O . . . . . .|
j. . . . . . . . . . . . . . . . . . .|
i. X . . . X . . . . . . . . . . . . .|
h. . O . . . . . . . . . . . . . . . .|
g. . . . . X . . . . . X . . . . . . .|
f. . . . . . . O . . . . . . . . . . X|
e. . . . . . . . . . . . . . . . . . .|
d. . . . . . . . . . . . . . . . . . .|
c. . . . . . . . . . . . . . . . . . .|
b. . . . . . . . . . . . . . . . . . .|
a. . . . . . . . . . . . . . . . . . .|
 A B C D E F G H I J K L M N O P Q R S|
gracz O
--------------------------------------+
s. . . . . . . . . O . . . . . . . . .|
r. . . . . . . . . X . . . . . . . . .|
q. . . . . . . . . . . . . . . . . . .|
p. . . . . . . . . . . X . . . . . . .|
o. . . O . . . . . . . . . . . . . . .|
n. . . . . O . X . . . . . . . . . . .|
mO . . . O . . . . . . . . . . . . . .|
l. . . . . . X . . . . . . . . . . . .|
kO . . . . . . . . . . . O . . . . . .|
j. . . . . . . . . . . . . . . . . . .|
i. X . . . X . . . O . . . . . . . . .|
h. . O . . . . . . . . . . . . . . . .|
g. . . . . X . . . . . X . . . . . . .|
f. . . . . . . O . . . . . . . . . . X|
e. . . . . . . . . . . . . . . . . . .|
d. . . . . . . . . . . . . . . . . . .|
c. . . . . . . . . . . . . . . . . . .|
b. . . . . . . . . . . . . . . . . . .|
a. . . . . . . . . . . . . . . . . . .|
 A B C D E F G H I J K L M N O P Q R S|
gracz X
--------------------------------------+
s. . . . . . . . . O . . . . . . . . .|
r. . . . . . . . . X . . . . . . . . .|
q. . . . . . . . . . . . . . . . . . .|
p. . . . . . . . . . . X . . . . . . .|
o. . . O . . . . . . . . . . . . . . .|
n. . . . . O . X . . . . . . X . . . .|
mO . . . O . . . . . . . . . . . . . .|
l. . . . . . X . . . . . . . . . . . .|
kO . . . . . . . . . . . O . . . . . .|
j. . . . . . . . . . . . . . . . . . .|
i. X . . . X . . . O . . . . . . . . .|
h. . O . . . . . . . . . . . . . . . .|
g. . . . . X . . . . . X . . . . . . .|
f. . . . . . . O . . . . . . . X . . X|
e. . . . . . . . . . . . . . . . . . .|
d. . . . . . . . . . . . . . . . . . .|
c. . . . . . . . . . . . . . . . . . .|
b. . . . . . . . . . . . . . . . . . .|
a. . . . . . . . . . . . . . . . . . .|
 A B C D E F G H I J K L M N O P Q R S|
gracz O
--------------------------------------+
s. . . O . . . . . O . . . . . . . . .|
r. . . . . . . . . X . . . . . . . . .|
q. . . . . . . . . . . . . . . . . . .|
p. . . . . . . . . . . X . . . . . . .|
o. . . O . . . . . . . . . . . . . . .|
n. . . . . O . X . . . . O . X . . . .|
mO . . . O . . . . . . . . . . . . . .|
l. . . . . . X . . . . . . . . . . . .|
kO . . . . . . . . . . . O . . . . . .|
j. . . . . . . . . . . . . . . . . . .|
i. X . . . X . . . O . . . . . . . . .|
h. . O . . . . . . . . . . . . . . . .|
g. . . . . X . . . . . X . . . . . . .|
f. . . . . . . O . . . . . . . X . . X|
e. . . . . . . . . . . . . . . . . . .|
d. . . . . . . . . . . . . . . . . . .|
c. . . . . . . . . . . . . . . . . . .|
b. . . . . . . . . . . . . . . . . . .|
a. . . . . . . . . . . . . . . . . . .|
 A B C D E F G H I J K L M N O P Q R S|
gracz X
--------------------------------------+
s. . . O . . . X . O . . . . . . . . .|
r. . . . . . . . . X . . . . . . . . .|
q. . . . . . . . . . . . . . . . . . .|
p. . . . . . . . . . . X . . . . . . .|
o. . . O . . . . . . . . . . . . . . .|
n. . . . . O . X . . . . O . X . . . .|
mO . . . O . . . . . . . . . . . . . .|
l. . . . . . X . . . . . . . . . . . .|
kO . . . . . . . . . . . O . . . . . .|
j. . . . . . . . . . . . . . . . . . .|
i. X . . . X . . . O . . . . . . . . .|
h. . O . . . . . . . . . . . . . . . .|
gX . . . . X . . . . . X . . . . . . .|
f. . . . . . . O . . . . . . . X . . X|
e. . . . . . . . . . . . . . . . . . .|
d. . . . . . . . . . . . . . . . . . .|
c. . . . . . . . . . . . . . . . . . .|
b. . . . . . . . . . . . . . . . . . .|
a. . . . . . . . . . . . . . . . . . .|
 A B C D E F G H I J K L M N O P Q R S|
gracz O
--------------------------------------+
s. . . O . . . X . O . . . . . . . . .|
r. . . . . . . . . X . . . . . . . . .|
q. . . . . . . . . . . . . . . . . . .|
p. . . . . . . . . . . X . . . . . . .|
o. . . O . . . . . . . . . . . . . . .|
n. . . . . O . X . . . . O . X . . . .|
mO . . . O . . . . . . . . . . . . . .|
l. . . . . . X . . . . . . . . . . . .|
kO . . . . . . . . . . . O . . . . . .|
j. . . . . . . . . . . . . . O . . . .|
i. X . . . X . . . O . . . . . . . . .|
h. . O . . . . . . . . . . . . . . . .|
gX . . . . X . . . . . X . . . . . . .|
f. . . . . . . O . . . . . . . X . . X|
e. . . . . . . . . . . . . . . . . . .|
d. . . . . O . . . . . . . . . . . . .|
c. . . . . . . . . . . . . . . . . . .|
b. . . . . . . . . . . . . . . . . . .|
a. . . . . . . . . . . . . . . . . . .|
 A B C D E F G H I J K L M N O P Q R S|
gracz X
--------------------------------------+
s. . . O . . . X . O . . . . . . . . .|
r. . . . . . . . . X . . . . . . . . .|
q. . . . . . . . . . . . . . . . . . .|
p. . . . . . . X . . . X . . . . . . .|
o. . . O . . . . . . . . . . . . . . .|
n. . . . . O . X . . . . O . X . . . .|
mO . . . O . . . . . . . . . . . . . .|
lX . . . . . X . . . . . . . . . . . .|
kO . . . . . . . . . . . O . . . . . .|
j. . . . . . . . . . . . . . O . . . .|
i. X . . . X . . . O . . . . . . . . .|
h. . O . . . . . . . . . . . . . . . .|
gX . . . . X . . . . . X . . . . . . .|
f. . . . . . . O . . . . . . . X . . X|
e. . . . . . . . . . . . . . . . . . .|
d. . . . . O . . . . . . . . . . . . .|
c. . . . . . . . . . . . . . . . . . .|
b. . . . . . . . . . . . . . . . . . .|
a. . . . . . . . . . . . . . . . . . .|
 A B C D E F G H I J K L M N O P Q R S|
gracz O
--------------------------------------+
s. . . O . . . X . O . . . . . . . . .|
r. . . . . . . . . X . . . . . . . . .|
q. . . . . . . . . . . . . . . . . . .|
p. . . . . . . X . . . X . . . . . . .|
o. . . O . . . . . . . . . . . . . . .|
n. . . . . O . X . . . . O . X . . . .|
mO . . . O . . . . . . . . . . . . . .|
lX . . . . . X . . . . . . . . . . . .|
kO . . . . . . . . . . . O . . . . . .|
j. . . . . O . . . . . . . . O . . . .|
i. X . . . X . . . O . . . . . . . . .|
h. . O . . . . . . . . . . . . . . . .|
gX . . . . X . . . . . X . . . . . . .|
f. . . . . . . O . . . . . . . X . . X|
e. . . . . . . . . . . . . . . O . . .|
d. . . . . O . . . . . . . . . . . . .|
c. . . . . . . . . . . . . . . . . . .|
b. . . . . . . . . . . . . . . . . . .|
a. . . . . . . . . . . . . . . . . . .|
 A B C D E F G H I J K L M N O P Q R S|
gracz X
--------------------------------------+
s. . . O . . . X . O . . . . . . . . .|
r. . . . . . . . . X . . . . . . . . .|
q. . . . . . . . . . . . . . . . . . .|
p. . . . . . . X . . . X . . . . . . .|
o. . . O . . . . . . . . . . . . . . .|
n. . . . . O . X . . . . O . X . . . .|
mO . . . O . . . . . . . . . . . . . .|
lX . X . . . X . . . . . . . . . . . .|
kO . . . . . . . . . . . O . . . . . .|
j. . . . . O . . . . . . . . O . . . .|
i. X . . . X . . . O . . . . . . . . .|
h. . O . . . . . . . . . . . . . . . .|
gX . . . . X . . . . . X X . . . . . .|
f. . . . . . . O . . . . . . . X . . X|
e. . . . . . . . . . . . . . . O . . .|
d. . . . . O . . . . . . . . . . . . .|
c. . . . . . . . . . . . . . . . . . .|
b. . . . . . . . . . . . . . . . . . .|
a. . . . . . . . . . . . . . . . . . .|
 A B C D E F G H I J K L M N O P Q R S|
gracz O
--------------------------------------+
s. . . O . . . X . O . . . . . . . . .|
r. . . . . . . . . X . . . . . . . . .|
q. . . . . . . . . . . . . . . . . . .|
p. . . . . . . X . . . X . . . . . . .|
o. . . O . . . . . . . . . . . . . . .|
n. . . . . O . X . . . . O . X O . . .|
mO . . . O . . . . . . . . . . . . . .|
lX . X . . . X . . . . . . . . . . . .|
kO . . . . . . . . . O . O . . . . . .|
j. . . . . O . . . . . . . . O . . . .|
i. X . . . X . . . O . . . . . . . . .|
h. . O . . . . . . . . . . . . . . . .|
gX . . . . X . . . . . X X . . . . . .|
f. . . . . . . O . . . . . . . X . . X|
e. . . . . . . . . . . . . . . O . . .|
d. . . . . O . . . . . . . . . . . . .|
c. . . . . . . . . . . . . . . . . . .|
b. . . . . . . . . . . . . . . . . . .|
a. . . . . . . . . . . . . . . . . . .|
 A B C D E F G H I J K L M N O P Q R S|
gracz X
--------------------------------------+
s. . . O . . . X . O . . . . . . . . .|
r. . . . . . . . . X . . . . . . . . .|
q. . . . . . . . . . . . . . . . . . .|
p. . . . . . . X . . . X . . . . . . .|
o. . . O . . . . . . . . . . . . . . .|
n. . . . . O . X . . . . O . X O . . .|
mO . . . O . . . . . . . . . . . . . .|
lX . X . . . X . . . . . . . . . . . .|
kO . . . . . . . . . O . O . . . . . .|
j. . . . . O . . . . . . . . O . . . .|
i. X . . . X . . . O . . . . . . . . .|
h. . O . . . . . . . . . . . . . . . .|
gX . . . . X . . . . . X X . . . . . .|
f. . . . . . . O . . . . . . . X . . X|
e. . . . . . . . . . X . . . . O . . .|
d. . . . . O . . . . . . . . . . . . .|
c. . . . . X . . . . . . . . . . . . .|
b. . . . . . . . . . . . . . . . . . .|
a. . . . . . . . . . . . . . . . . . .|
 A B C D E F G H I J K L M N O P Q R S|
gracz O
--------------------------------------+
s. . . O . . . X . O . . . . . . . . .|
r. . . . . . . . . X . . . . . . . . .|
q. . . . . . . . . . . . . . . . . . .|
p. . . . . . . X . . . X . . . . . . .|
o. . . O . O . . . . . . . . . . . . .|
n. . . . . O . X . . . . O . X O . . .|
mO . . . O . . . . . . . . . . . . . .|
lX . X . . . X . . . . . . . . . . . .|
kO . . . . . . . . . O . O . . . . . .|
j. . . . . O . . . . . . . . O . . . .|
i. X . . . X . . . O . . . . . . . . .|
h. . O . . . . . . . . . . . . . . . .|
gX . . . . X . . . . . X X . . . . . .|
f. . . . . . . O . . . . . . . X . . X|
e. . . . . . . O . . X . . . . O . . .|
d. . . . . O . . . . . . . . . . . . .|
c. . . . . X . . . . . . . . . . . . .|
b. . . . . . . . . . . . . . . . . . .|
a. . . . . . . . . . . . . . . . . . .|
 A B C D E F G H I J K L M N O P Q R S|
gracz X
--------------------------------------+
s. . . O . . . X . O . . . . . . . . .|
r. . . . . . . . . X . . . . . . . . .|
q. . . . . . . . . . . . . . . . . . .|
p. . . . . . . X . . . X . . . . . . .|
o. . . O . O . . . . . . . . . . . . .|
n. . . . . O . X . . . . O . X O . . .|
mO . . . O . . . . . . . . . . . . . .|
lX . X . . . X . . . . . . . . . . . .|
kO . . . . . . . . . O . O . . . . . .|
j. . . . . O . . . . . . . . O . . . .|
i. X . . . X . . . O . . . . . . . . .|
h. . O . . . . . . . . . . . . . . . X|
gX . . . . X . . . . . X X . . . . . .|
f. . . . . . . O . . . . . . . X . . X|
e. . . . . . . O . . X . . . . O . . .|
d. . . . . O . . . . . . . . . . . . .|
c. . . . . X . . . . . . . . . . . . .|
b. . . . . . . . . . . . . . . . . . .|
a. . . . . . . . . . . X . . . . . . .|
 A B C D E F G H I J K L M N O P Q R S|
gracz O
--------------------------------------+
s. . . O . . . X . O . . . . . . . . .|
r. . . . . . . . . X . . . . . . . . .|
q. . . . . . . . . . . . . . . . . . .|
p. . . . . . . X . . . X . . . . . . .|
o. . . O . O . . . . . . . . . . . . .|
n. . . . . O . X . . . . O . X O . . .|
mO . . . O . . . . . . . . . . . . . .|
lX O X . . . X . . . . . . . . . . . .|
kO . . . . . . . . . O . O . . . . . .|
j. . . . . O . . . . . . . . O . . . .|
i. X . . . X . . . O . . . . . . . . .|
h. . O . . . . . . . . . . . . . . . X|
gX . . . . X . . . . . X X . . . . . .|
f. . . . . . . O . . . . . . O X . . X|
e. . . . . . . O . . X . . . . O . . .|
d. . . . . O . . . . . . . . . . . . .|
c. . . . . X . . . . . . . . . . . . .|
b. . . . . . . . . . . . . . . . . . .|
a. . . . . . . . . . . X . . . . . . .|
 A B C D E F G H I J K L M N O P Q R S|
gracz X
--------------------------------------+
s. . . O . . . X . O . . . . . . . . .|
r. . . . . . . . . X . . . . . . . . .|
q. . . . . . . . . . . . . . . . . . .|
p. . . . . . . X . . . X . . . . . . .|
o. . . O . O . . . . . . . . . . . . .|
n. . . . . O . X . . . . O . X O . . .|
mO . . . O X . . . . . . . . . . . . .|
lX O X . . . X . . . . . . . . . . . .|
kO . . . . . . . . . O . O . . . . . .|
j. . . . . O . . . . . . . . O . . . .|
i. X . . . X . . . O . . . . . . . . .|
h. . O . . . . . . . . . . . . . . . X|
gX . . . . X . . . . . X X . . . . . .|
f. . . . . . . O . . . . . . O X . . X|
e. . . . . . . O . . X . . . . O . . .|
d. X . . . O . . . . . . . . . . . . .|
c. . . . . X . . . . . . . . . . . . .|
b. . . . . . . . . . . . . . . . . . .|
a. . . . . . . . . . . X . . . . . . .|
 A B C D E F G H I J K L M N O P Q R S|
gracz O
--------------------------------------+
s. . . O . . . X . O . . . . . . . . .|
r. . . . . . . . . X . . . . . . . . .|
q. . . . . . . . . . . . . . . . . . .|
p. . . . . . . X . . . X . . . . . . .|
o. . . O . O . . . . . . . . . . . . .|
n. . . . . O . X . . . . O . X O . . .|
mO . . . O X . . . . . . . . . . . . .|
lX O X . . . X . . . . . . . . . . . .|
kO . . . . . . . . . O . O . . . . . .|
j. . . . . O . . . . . . . . O . . . .|
i. X . . . X . . . O . . . . . . . . .|
h. . O . . . . . . . . . . . . . . . X|
gX . . . . X . . . . . X X . . . . . .|
f. . . . . . O O . . . . . . O X . . X|
e. . . . . . . O . . X . . . O O . . .|
d. X . . . O . . . . . . . . . . . . .|
c. . . . . X . . . . . . . . . . . . .|
b. . . . . . . . . . . . . . . . . . .|
a. . . . . . . . . . . X . . . . . . .|
 A B C D E F G H I J K L M N O P Q R S|
gracz X
--------------------------------------+
s. . . O . . . X . O X . . . . . . . .|
r. . . . . . . . . X . . . . . . . . .|
q. . . . . . . . . . . . . . . . . . .|
p. . . . . . . X . . . X . . . . . . .|
o. . . O . O . . . . . . . . . . . . .|
n. . . . . O . X . . . . O . X O . . .|
mO . . . O X . . . . . . . . . . . . .|
lX O X . . . X . . . . . . . . . . . .|
kO . . . . . . . . . O . O . . . . . .|
j. . . . . O . . . . . . . . O . . . .|
i. X . . . X . . . O . . . . X . . . .|
h. . O . . . . . . . . . . . . . . . X|
gX . . . . X . . . . . X X . . . . . .|
f. . . . . . O O . . . . . . O X . . X|
e. . . . . . . O . . X . . . O O . . .|
d. X . . . O . . . . . . . . . . . . .|
c. . . . . X . . . . . . . . . . . . .|
b. . . . . . . . . . . . . . . . . . .|
a. . . . . . . . . . . X . . . . . . .|
 A B C D E F G H I J K L M N O P Q R S|
gracz O
--------------------------------------+
s. . . O . . . X . O X . . . . . . . .|
r. . . . . . . . . X . . . . . . . . .|
q. . . . . . . . . . . . . . . . . . .|
p. . . . . . . X . . . X . . . . . . .|
o. . . O . O . . . . . . . . . . . . .|
n. . . . . O . X . . . . O . X O . . .|
mO . . . O X . . . . . . . . . . . . .|
lX O X . . . X . . . . . . . . . . . .|
kO . . . . . . . . . O . O . . . . . .|
j. . . . . O . . . . . . . . O . . . .|
i. X . . . X . . . O . . . . X . . . .|
h. . O . . . . . . . O . . . . . . . X|
gX . . . . X . . . . . X X . . . . . .|
f. . . . . . O O . . . . . . O X . . X|
e. . . . . . . O . . X . . . O O . . .|
d. X . . . O . . . . . . . . . . . . .|
c. . . . . X . . . . . . . . . . . . .|
b. . . . . . . . . . . . . . . . . . .|
a. . . . . . . . . . . X O . . . . . .|
 A B C D E F G H I J K L M N O P Q R S|
gracz X
--------------------------------------+
s. . . O . . . X . O X . . . . . . . .|
r. . . . . . . . . X . . . . . . . . .|
q. . . . . . . . . . . . . . . . . . .|
p. . . . . . . X . . . X . . . . . . .|
o. . . O . O . . . . . . . . . . . . .|
n. . . . . O . X . . . . O . X O . . .|
mO . . . O X . . . . . . . . . . . . .|
lX O X . . . X . . . . . . . . . . . .|
kO . . . . . . . . . O . O . . . . . .|
j. . . . . O . . . . . . . . O . . . .|
i. X . . . X . . . O . . . . X . . . .|
h. . O . . . . . . . O . . . . . . . X|
gX . . . . X . . . . . X X . . . . . .|
f. . . . . . O O . . . . . . O X . . X|
e. . . . . . . O . . X . . . O O . . .|
d. X . . . O . . . . . . . . . . . . .|
c. . . . . X . . . . X . . . . . . . .|
b. . . . . . . . . . . . . . . . . . .|
a. . . . . . . . . . . X O . . . X . .|
 A B C D E F G H I J K L M N O P Q R S|
gracz O
--------------------------------------+
s. . . O . . . X . O X . . . . . . . .|
r. . . . . . . . . X . . . . . . . . .|
q. . . . . . . . . . . . . . . . . . .|
p. . . . . . . X . . . X . . . . . . .|
o. . . O . O . . . . . . . . . . . . .|
n. . . . . O . X . . . . O . X O . . .|
mO . . . O X . . . . . . . . . . . . .|
lX O X . . . X . . . . . . . . . . . .|
kO . . . . . . . . . O . O . . . . . .|
j. . . . . O . . . . . . . . O . . . .|
i. X . . . X . . . O . . . . X . . . .|
h. . O . . . . . . . O . . . . . . . X|
gX . . . . X . . . . . X X . . . . . .|
f. . . . O . O O . . . O . . O X . . X|
e. . . . . . . O . . X . . . O O . . .|
d. X . . . O . . . . . . . . . . . . .|
c. . . . . X . . . . X . . . . . . . .|
b. . . . . . . . . . . . . . . . . . .|
a. . . . . . . . . . . X O . . . X . .|
 A B C D E F G H I J K L M N O P Q R S|
gracz X
--------------------------------------+
s. . . O . . . X . O X . . . X . . . .|
r. . . . . . . . . X . . . . . . . . .|
q. . . . . . . . . . . . . . . . . . .|
p. . . . . . . X . . . X . . . . . . .|
o. . . O . O . . . . . . . . . . . . .|
n. . . . . O . X . . . . O . X O . . .|
mO . . . O X . . . . . . . . . . . . .|
lX O X . . . X . X . . . . . . . . . .|
kO . . . . . . . . . O . O . . . . . .|
j. . . . . O . . . . . . . . O . . . .|
i. X . . . X . . . O . . . . X . . . .|
h. . O . . . . . . . O . . . . . . . X|
gX . . . . X . . . . . X X . . . . . .|
f. . . . O . O O . . . O . . O X . . X|
e. . . . . . . O . . X . . . O O . . .|
d. X . . . O . . . . . . . . . . . . .|
c. . . . . X . . . . X . . . . . . . .|
b. . . . . . . . . . . . . . . . . . .|
a. . . . . . . . . . . X O . . . X . .|
 A B C D E F G H I J K L M N O P Q R S|
gracz O
--------------------------------------+
s. . . O . . . X . O X . . . X . . . .|
r. . . . . . . . . X . . . . . . . . .|
q. . . . . . . . . . . . . . . . . . .|
p. . . . . . . X . . . X . . . . . . .|
o. . . O . O . . . . . . . . . . . . .|
n. . . . . O . X . . . . O . X O . . .|
mO . . . O X . . . . . O . . . . . . .|
lX O X . . . X . X . . . . . . . . . .|
kO O . . . . . . . . O . O . . . . . .|
j. . . . . O . . . . . . . . O . . . .|
i. X . . . X . . . O . . . . X . . . .|
h. . O . . . . . . . O . . . . . . . X|
gX . . . . X . . . . . X X . . . . . .|
f. . . . O . O O . . . O . . O X . . X|
e. . . . . . . O . . X . . . O O . . .|
d. X . . . O . . . . . . . . . . . . .|
c. . . . . X . . . . X . . . . . . . .|
b. . . . . . . . . . . . . . . . . . .|
a. . . . . . . . . . . X O . . . X . .|
 A B C D E F G H I J K L M N O P Q R S|
gracz X
--------------------------------------+
s. . . O . . . X . O X . . . X . . . .|
r. . . . . . X . . X . . . . . . . . .|
q. . . . . . . . . . . . . . . . . . .|
p. . . . . . . X . . . X . . . . . . .|
o. . . O . O . . . . . . . . . . . . .|
n. . . . . O . X . . . . O . X O . . .|
mO . . . O X . . . . . O . . . . . . .|
lX O X . . . X . X . . . . . . . . . .|
kO O . . . . . . . . O . O . . . . . .|
j. . . . . O . . . . . . . . O . . . .|
i. X . . . X . . . O . . . . X . . . .|
h. . O . . . . . . . O . . . . . . . X|
gX . . . . X . . . X . X X . . . . . .|
f. . . . O . O O . . . O . . O X . . X|
e. . . . . . . O . . X . . . O O . . .|
d. X . . . O . . . . . . . . . . . . .|
c. . . . . X . . . . X . . . . . . . .|
b. . . . . . . . . . . . . . . . . . .|
a. . . . . . . . . . . X O . . . X . .|
 A B C D E F G H I J K L M N O P Q R S|
gracz O
--------------------------------------+
s. . . O . . . X . O X . . . X . . . .|
r. . . . . . X . . X . . . . . . . . .|
q. . . . . . . . . . . . . . . . . . .|
p. . . . . . . X . . . X . . . . . . .|
o. . . O . O . . . . . . . . . . . . .|
n. . . . . O . X . . . . O . X O . . .|
mO . . . O X . . . . . O . . . . . . .|
lX O X . . . X . X . . . . . . . . . .|
kO O . . . . . . . . O . O . . . . . .|
j. . . O . O . . . . . . . . O . . . .|
i. X . . . X . . . O . . . . X . . . .|
h. . O . . . . . . . O . . . . . . . X|
gX . . . . X . . . X . X X . . . . . .|
f. . . . O . O O . . . O . . O X . . X|
e. . . . . . . O . . X . . . O O . . .|
d. X . . . O . . . . . . . . . . . . .|
c. . . . . X . . . . X . . . . . . . .|
b. . . . . . . . . . . . . . . . . . .|
aO . . . . . . . . . . X O . . . X . .|
 A B C D E F G H I J K L M N O P Q R S|
gracz X
--------------------------------------+
s. . . O . . . X . O X . . . X . . . .|
r. . . . . . X . . X . . . . . . . . .|
q. . . . . . . . . . . . . . . . . . .|
p. . . . . . . X . . . X . . . . . . .|
o. . . O . O . . . . . . . . . . . . .|
n. . . . . O . X . . . . O . X O . . .|
mO . . . O X . . . . . O . . . . . . .|
lX O X . . . X . X . . . . . . . . . .|
kO O . . . . . . . . O . O . . . . . .|
j. . . O . O . . . . . . . . O . . . .|
i. X . . . X . . . O . . . . X . . . .|
h. . O . . . . . . . O . . . . . . . X|
gX . . . . X . . . X . X X . . . . . .|
f. . . . O . O O . . . O . . O X X . X|
e. . . . . . X O . . X . . . O O . . .|
d. X . . . O . . . . . . . . . . . . .|
c. . . . . X . . . . X . . . . . . . .|
b. . . . . . . . . . . . . . . . . . .|
aO . . . . . . . . . . X O . . . X . .|
 A B C D E F G H I J K L M N O P Q R S|
gracz O
--------------------------------------+
s. . . O . . . X . O X . . . X . . . .|
r. . . . . . X . . X . . . . . . . . .|
q. . . . . . . . . . . . . . . . . . .|
p. . . . . . . X . . . X . . . . . . .|
o. . . O . O . . . . . . . . . . . . .|
n. . . . . O . X . . . . O . X O . . .|
mO . . . O X . . . . . O . . . . . . .|
lX O X . . . X . X . . . . . . . . . .|
kO O . . . . . . . . O . O . . . . . .|
j. . . O . O . . . . . . . . O . . . .|
i. X . . . X . . . O . . . . X . . . .|
h. . O . . . . . . . O . . . . . . . X|
gX . . . . X . . . X . X X . . . . . .|
f. . . . O . O O . . . O . . O X X . X|
e. . . . . . X O . . X . . . O O . . .|
dO X . O . O . . . . . . . . . . . . .|
c. . . . . X . . . . X . . . . . . . .|
b. . . . . . . . . . . . . . . . . . .|
aO . . . . . . . . . . X O . . . X . .|
 A B C D E F G H I J K L M N O P Q R S|
gracz X
--------------------------------------+
s. . . O . . . X . O X . . . X . . . .|
r. . . . . . X . . X . . . . . . . . .|
q. . . . . . . . . . . . . . . . . . .|
p. . . . . . . X . . . X . . . . . . .|
o. . . O . O . . . . . . . . . . . . .|
n. . . . . O . X . . . . O . X O . . .|
mO . . . O X . . . . . O . . . . . . .|
lX O X . . . X . X . . . . . . . . . .|
kO O . . . . . . . . O . O . . . . . .|
j. . . O . O . . . . . . . . O . . . .|
i. X . . . X . . . O . . . . X . . . .|
h. . O . . . . . . . O . . . . . . . X|
gX . . . . X . . . X . X X . . . . . .|
f. . . . O . O O . . . O X . O X X . X|
e. . . . . . X O . . X . . . O O . . .|
dO X . O . O . . . . . . . . . . . . .|
c. . . . . X . . . . X . . . . . . . .|
bX . . . . . . . . . . . . . . . . . .|
aO . . . . . . . . . . X O . . . X . .|
 A B C D E F G H I J K L M N O P Q R S|
gracz O
--------------------------------------+
s. . . O . . . X . O X . . O X . . . .|
r. . . . . . X . . X . . . . . . . . .|
q. . . . . . . . . . . . . . . . . . .|
p. . . . . . . X . . . X . . . . . . .|
o. . . O . O . . . . . . . . . . . . .|
n. . . . O O . X . . . . O . X O . . .|
mO . . . O X . . . . . O . . . . . . .|
lX O X . . . X . X . . . . . . . . . .|
kO O . . . . . . . . O . O . . . . . .|
j. . . O . O . . . . . . . . O . . . .|
i. X . . . X . . . O . . . . X . . . .|
h. . O . . . . . . . O . . . . . . . X|
gX . . . . X . . . X . X X . . . . . .|
f. . . . O . O O . . . O X . O X X . X|
e. . . . . . X O . . X . . . O O . . .|
dO X . O . O . . . . . . . . . . . . .|
c. . . . . X . . . . X . . . . . . . .|
bX . . . . . . . . . . . . . . . . . .|
aO . . . . . . . . . . X O . . . X . .|
 A B C D E F G H I J K L M N O P Q R S|
gracz X
--------------------------------------+
s. . . O . . . X . O X . . O X . . . .|
r. . . . . . X . . X . . . . . . . . .|
q. . . . . . . . . . . . . . . . . . .|
p. . . . . . . X . . . X . . . . . . .|
o. . . O . O . . . . . . . . . . . . .|
n. . . . O O . X . . . . O . X O . . .|
mO . . . O X . . . . . O . . . . . . .|
lX O X . . . X . X . . . . . . . . . .|
kO O . . . . . . . . O . O . . . . . .|
j. . . O . O . . . . . . . . O . . . .|
i. X . . . X . . . O . . . . X X . . .|
h. . O . . . . . . . O . . . . . . . X|
gX . . . . X . . . X . X X . . . . . .|
f. . . . O . O O . . . O X . O X X . X|
e. . . . . . X O . . X . . . O O . . .|
dO X . O . O . . . . . . . . . . . . .|
c. . . . . X . . . . X . . . . . . . .|
bX . . . X . . . . . . . . . . . . . .|
aO . . . . . . . . . . X O . . . X . .|
 A B C D E F G H I J K L M N O P Q R S|
gracz O
--------------------------------------+
s. . . O . . . X . O X . . O X . . . .|
r. . . . . . X . . X . . . . . . . . .|
q. . . . . . . . . . . . . . . . . . .|
p. . . . . . . X . . O X . . . . . . .|
o. . . O . O . . . . . . . . . . . . .|
n. . . . O O . X . . . . O . X O . . .|
mO . . . O X . . . . . O . . . . . . .|
lX O X . . . X . X . . . . . . . . . .|
kO O . . . . . . . . O . O . . . . . .|
j. . O O . O . . . . . . . . O . . . .|
i. X . . . X . . . O . . . . X X . . .|
h. . O . . . . . . . O . . . . . . . X|
gX . . . . X . . . X . X X . . . . . .|
f. . . . O . O O . . . O X . O X X . X|
e. . . . . . X O . . X . . . O O . . .|
dO X . O . O . . . . . . . . . . . . .|
c. . . . . X . . . . X . . . . . . . .|
bX . . . X . . . . . . . . . . . . . .|
aO . . . . . . . . . . X O . . . X . .|
 A B C D E F G H I J K L M N O P Q R S|
gracz X
--------------------------------------+
s. . . O . . . X . O X . . O X . . . .|
r. . . . . . X . . X . . . . . . . . .|
q. . . . . . . . . . . . . . . . . . .|
p. . . . . X . X . . O X . . . . . . .|
o. . . O . O . . . . . . . . . . . . .|
n. . . . O O . X . . . . O . X O . . .|
mO . . . O X . . . . . O . . . . . . .|
lX O X . . . X . X . . . . . . . . . .|
kO O . . . . . . . . O . O . . . . . .|
j. . O O . O . . . . . . . . O . . . .|
i. X . . . X . . . O . . . . X X . . .|
h. . O . . . . . . . O . . . . . . . X|
gX . . . . X . . . X . X X . . . . . .|
fX . . . O . O O . . . O X . O X X . X|
e. . . . . . X O . . X . . . O O . . .|
dO X . O . O . . . . . . . . . . . . .|
c. . . . . X . . . . X . . . . . . . .|
bX . . . X . . . . . . . . . . . . . .|
aO . . . . . . . . . . X O . . . X . .|
 A B C D E F G H I J K L M N O P Q R S|
gracz O
--------------------------------------+
s. . . O . . . X . O X . . O X . . . .|
r. . . . . . X . . X . . . . . . . . .|
q. . . . . . O . . . . . . . . . . . .|
p. . . . . X . X . . O X . . . . . . .|
o. . . O . O . . . . . . . . . . . . .|
n. . . O O O . X . . . . O . X O . . .|
mO . . . O X . . . . . O . . . . . . .|
lX O X . . . X . X . . . . . . . . . .|
kO O . . . . . . . . O . O . . . . . .|
j. . O O . O . . . . . . . . O . . . .|
i. X . . . X . . . O . . . . X X . . .|
h. . O . . . . . . . O . . . . . . . X|
gX . . . . X . . . X . X X . . . . . .|
fX . . . O . O O . . . O X . O X X . X|
e. . . . . . X O . . X . . . O O . . .|
dO X . O . O . . . . . . . . . . . . .|
c. . . . . X . . . . X . . . . . . . .|
bX . . . X . . . . . . . . . . . . . .|
aO . . . . . . . . . . X O . . . X . .|
 A B C D E F G H I J K L M N O P Q R S|
gracz X
--------------------------------------+
s. . . O . . . X . O X . . O X . . . .|
r. . . . . . X . . X . . . . . . . . .|
q. . . . . . O . . . . . . . . . . . .|
p. . . . . X . X . . O X . . . . . . .|
o. . . O . O . . . . . . . . . . . . .|
n. . . O O O . X . . . . O . X O . . .|
mO . . . O X . . . . . O . . . . . . .|
lX O X . . . X . X . . . . . . . . . .|
kO O . . . . . . . . O . O . . . . . .|
j. . O O . O . . . . . . . . O . . . .|
i. X . . . X . . . O . . . . X X . . .|
h. . O . . . . X . . O . . . . . X . X|
gX . . . . X . . . X . X X . . . . . .|
fX . . . O . O O . . . O X . O X X . X|
e. . . . . . X O . . X . . . O O . . .|
dO X . O . O . . . . . . . . . . . . .|
c. . . . . X . . . . X . . . . . . . .|
bX . . . X . . . . . . . . . . . . . .|
aO . . . . . . . . . . X O . . . X . .|
 A B C D E F G H I J K L M N O P Q R S|
gracz O
--------------------------------------+
s. . . O . . . X . O X . . O X . . . .|
r. . . . . . X . . X . . . . . . . . .|
q. . . . . . O . . . . . . . . . . . .|
p. . . . . X . X . . O X . . . . . . .|
o. . . O . O . . . . . . . . . . . . .|
n. . . O O O . X . . . . O . X O . . .|
mO . . . O X . . . . . O . . . . . . .|
lX O X . . . X . X . . . . . . . . . .|
kO O . . . . . . . . O . O . . . . . .|
j. . O O . O O . . . . . . . O . . . .|
i. X . . . X . . . O . . . . X X . O .|
h. . O . . . . X . . O . . . . . X . X|
gX . . . . X . . . X . X X . . . . . .|
fX . . . O . O O . . . O X . O X X . X|
e. . . . . . X O . . X . . . O O . . .|
dO X . O . O . . . . . . . . . . . . .|
c. . . . . X . . . . X . . . . . . . .|
bX . . . X . . . . . . . . . . . . . .|
aO . . . . . . . . . . X O . . . X . .|
 A B C D E F G H I J K L M N O P Q R S|
gracz X
--------------------------------------+
s. . . O . . . X . O X . . O X . . . .|
r. . . . . . X . . X . . . . . . . . .|
q. . . . . . O . . . . . . . . . . . .|
p. . . . . X . X . . O X . . . . . . .|
o. . . O . O . . . . . . . . . . . . .|
n. . . O O O . X . . . . O . X O . . .|
mO . . . O X . . . . . O . . . . . . .|
lX O X . . . X . X . . . . . . X . . .|
kO O . . . . . . . . O . O . . . . . .|
j. . O O . O O . . . . . . . O . . . .|
i. X . . . X . . . O . . . . X X . O .|
h. . O . . . . X . . O . . . . . X . X|
gX . . . . X . . . X . X X . . . . . .|
fX . . . O . O O . . . O X . O X X . X|
e. . . . . . X O . . X . . . O O . . .|
dO X . O . O . . . . . . . . . . . . .|
c. . . . . X . . . X X . . . . . . . .|
bX . . . X . . . . . . . . . . . . . .|
aO . . . . . . . . . . X O . . . X . .|
 A B C D E F G H I J K L M N O P Q R S|
gracz O
--------------------------------------+
s. . . O . . . X . O X . . O X . . . .|
r. . . . . . X . . X . . . . . . . . .|
q. . . . . . O . . . . . . . . . . . .|
p. . . . . X . X . . O X . . . . . . .|
o. . . O . O . . . . . . . . . . . . .|
n. . . O O O . X . . . . O . X O . . .|
mO . . . O X . . . . . O . . . . . . .|
lX O X . . . X . X . . . . . . X . . .|
kO O O . . . . . . . O . O . . . . . .|
j. . O O . O O . . . . . . . O . . . .|
i. X . . . X . . . O . . . . X X . O .|
h. . O . . . . X . . O . . . . . X . X|
gX . . . . X . . . X . X X . . . . . .|
fX . . . O . O O . . . O X . O X X . X|
e. . . . . . X O . . X . . . O O . . .|
dO X . O . O . . . . . . . . . . O . .|
c. . . . . X . . . X X . . . . . . . .|
bX . . . X . . . . . . . . . . . . . .|
aO . . . . . . . . . . X O . . . X . .|
 A B C D E F G H I J K L M N O P Q R S|
gracz X
--------------------------------------+
s. . . O . . . X . O X . . O X . . . .|
r. . . . . . X . . X . . . . . . . . .|
q. . . . . . O . . . . . . . . . . . .|
p. . . . . X . X . . O X . . . . . . .|
o. . . O . O . . . . . . . . . . . . .|
n. . . O O O . X . . . . O . X O . . .|
mO . . . O X . . . . . O . . . . . . .|
lX O X . . . X . X . . . . . . X . . .|
kO O O . X . . . . . O . O . . . . . .|
j. . O O . O O . . . . . . . O . . . .|
i. X . . . X . . . O . . . . X X . O .|
h. . O . . . . X . . O . . . . . X . X|
gX . . . . X . . . X . X X . . . . . .|
fX . . . O . O O . . . O X . O X X . X|
e. . . . . . X O . . X . . . O O . . .|
dO X . O . O . . . . . . . . . . O . .|
c. . . . . X . . . X X . . . . . . . .|
bX . . . X . . . . . . . . . X . . . .|
aO . . . . . . . . . . X O . . . X . .|
 A B C D E F G H I J K L M N O P Q R S|
gracz O
--------------------------------------+
s. . . O . . . X . O X . . O X . . . .|
r. . . . . . X . . X . . . . . . . . .|
q. . . . . . O . . . . . . . . . . . .|
p. . . . . X . X . . O X . . . . . . .|
o. . . O . O . . . . . . . . . . . . .|
n. . . O O O . X . . . . O . X O . . .|
mO . . . O X . . . . . O . . . . . . .|
lX O X . . . X . X . . . . . . X . . .|
kO O O . X . . . . . O . O . . . . . .|
j. . O O . O O . . . . . . . O O . . .|
i. X . . . X . . . O . . . . X X . O .|
h. . O . . . . X . . O . . . . . X . X|
gX . . . . X . . . X . X X . . . . . .|
fX . . . O . O O . . . O X . O X X . X|
e. . . . . . X O . . X . . . O O . . .|
dO X . O . O . . . . . . . . . . O . .|
c. . . . . X . . . X X . . . . . . . .|
bX . O . X . . . . . . . . . X . . . .|
aO . . . . . . . . . . X O . . . X . .|
 A B C D E F G H I J K L M N O P Q R S|
gracz X
--------------------------------------+
s. . . O . . . X . O X . . O X . . . .|
r. . . . . . X . . X . . . . . . . . .|
q. . . . . . O . . . . . . . . . . . .|
p. . . . . X . X . . O X . . . . . . .|
o. . . O . O . . . . . . . . . . . . .|
n. . . O O O . X . . . . O . X O . . .|
mO . . . O X . . . . . O . . . X . . .|
lX O X . . . X . X . . . . . . X . . .|
kO O O . X . . . . . O . O . . . . . .|
j. . O O . O O . . . . . . . O O . . .|
i. X . . . X . . . O . . . . X X . O .|
h. . O . . . . X . . O . . . . . X . X|
gX . . . . X . . . X . X X . . . . . .|
fX . . . O . O O . . . O X . O X X . X|
e. . . . . . X O . . X . . . O O . . .|
dO X . O . O . . . . . . . . . . O . .|
c. . . . . X . . . X X . . . . . . . .|
bX . O . X . . . . . . . . . X . . . .|
aO . . . . . . . . . . X O X . . X . .|
 A B C D E F G H I J K L M N O P Q R S|
gracz O
--------------------------------------+
s. . . O . . . X . O X . . O X . . . .|
r. . . . . . X . . X . . . . . . . . .|
q. . . . . . O . . . . . . . . . . . .|
p. . . . . X . X . . O X . . . . . . .|
o. . . O . O . . . . . . . . . . . . .|
n. . . O O O . X . . . . O . X O . . .|
mO . . . O X . . . . . O . . . X . . .|
lX O X . . . X . X . . . . . . X . . .|
kO O O . X . . . . . O . O . . . . . .|
j. . O O . O O . . . . . . . O O . . .|
i. X . . . X . . . O . . . . X X . O .|
h. . O . . O . X . . O . . . . O X . X|
gX . . . . X . . . X . X X . . . . . .|
fX . . . O . O O . . . O X . O X X . X|
e. . . . . . X O . . X . . . O O . . .|
dO X . O . O . . . . . . . . . . O . .|
c. . . . . X . . . X X . . . . . . . .|
bX . O . X . . . . . . . . . X . . . .|
aO . . . . . . . . . . X O X . . X . .|
 A B C D E F G H I J K L M N O P Q R S|
gracz X
--------------------------------------+
s. . . O . . . X . O X . . O X . . . .|
r. . . . . . X . . X . . . . . . . . .|
q. . . . . . O . . . . . . . . . . . .|
p. . . . . X . X . . O X . . . X . . .|
oX . . O . O . . . . . . . . . . . . .|
n. . . O O O . X . . . . O . X O . . .|
mO . . . O X . . . . . O . . . X . . .|
lX O X . . . X . X . . . . . . X . . .|
kO O O . X . . . . . O . O . . . . . .|
j. . O O . O O . . . . . . . O O . . .|
i. X . . . X . . . O . . . . X X . O .|
h. . O . . O . X . . O . . . . O X . X|
gX . . . . X . . . X . X X . . . . . .|
fX . . . O . O O . . . O X . O X X . X|
e. . . . . . X O . . X . . . O O . . .|
dO X . O . O . . . . . . . . . . O . .|
c. . . . . X . . . X X . . . . . . . .|
bX . O . X . . . . . . . . . X . . . .|
aO . . . . . . . . . . X O X . . X . .|
 A B C D E F G H I J K L M N O P Q R S|
gracz O
--------------------------------------+
s. . . O . . . X . O X . . O X . . . .|
r. . . . . . X . . X . . . . . . . . .|
q. . . . . . O . . . . . . . . . . . .|
p. . . . . X . X . . O X . . . X . . .|
oX . . O . O . . . . . . . . . . . . .|
n. . . O O O . X . . . . O . X O . . .|
mO . . . O X . . . . . O . . . X . . .|
lX O X . . . X . X . . . . . . X . . .|
kO O O . X . . . . . O . O . . . . . .|
j. . O O . O O . . . . . . . O O . . .|
i. X . . . X . . . O . . . . X X . O .|
h. . O . . O . X . . O . . . . O X . X|
gX . . . . X . . . X . X X . . . . . .|
fX . . . O . O O . . . O X . O X X . X|
e. . . . . . X O . O X . . . O O . . .|
dO X . O . O . . . . . . . . . . O . .|
c. . . . . X . . . X X . . . . . . O .|
bX . O . X . . . . . . . . . X . . . .|
aO . . . . . . . . . . X O X . . X . .|
 A B C D E F G H I J K L M N O P Q R S|
gracz X
--------------------------------------+
s. . . O . . . X . O X . . O X . . . .|
r. . . . . . X . . X . . . . . . . . .|
q. . . . . . O . . . . . . . . . . . .|
p. . . . . X . X . . O X . . . X . . .|
oX . . O . O . . . . . . . . . . . . .|
n. . . O O O . X . . . . O . X O . . .|
mO . . . O X . . . . . O . . . X . . .|
lX O X . . . X . X . . . . . . X . . .|
kO O O . X . . . . . O . O . . . . . .|
j. . O O . O O . . . . . . . O O X . .|
i. X . . . X . . . O . . . . X X . O .|
h. . O . . O . X . . O . . . . O X . X|
gX . . . . X . . . X . X X . . . . . .|
fX . . . O . O O . . . O X . O X X . X|
e. . . . . . X O . O X . . . O O . . .|
dO X . O . O . . . . . . . . X . O . .|
c. . . . . X . . . X X . . . . . . O .|
bX . O . X . . . . . . . . . X . . . .|
aO . . . . . . . . . . X O X . . X . .|
 A B C D E F G H I J K L M N O P Q R S|
gracz O
--------------------------------------+
s. . . O . . . X . O X . . O X . . . .|
r. . . . . . X . . X . . . . . . . . .|
q. . . . . . O . . . . . . . . . . . .|
p. . . . . X . X . . O X . . . X . . .|
oX . . O . O . . . . . . . . . . . . .|
n. . . O O O . X . . . . O . X O . . .|
mO . . . O X . . . . . O . . . X . O .|
lX O X . . . X . X . . . . . . X . . .|
kO O O . X . . . . . O . O . . . . . .|
j. . O O . O O . . . . . . . O O X . .|
i. X . . . X . . . O . . . . X X . O .|
h. . O . . O . X . . O . . . . O X . X|
gX . . O . X . . . X . X X . . . . . .|
fX . . . O . O O . . . O X . O X X . X|
e. . . . . . X O . O X . . . O O . . .|
dO X . O . O . . . . . . . . X . O . .|
c. . . . . X . . . X X . . . . . . O .|
bX . O . X . . . . . . . . . X . . . .|
aO . . . . . . . . . . X O X . . X . .|
 A B C D E F G H I J K L M N O P Q R S|
gracz X
--------------------------------------+
s. . . O . . . X . O X . . O X . . . .|
r. . . . . . X X . X . . . . . . . . .|
q. . . . . . O . . . . . . . . . . . .|
p. . . . . X . X . . O X . . . X . . .|
oX . . O . O . . . . . . . . . . . . .|
n. . . O O O . X . . . . O . X O . . .|
mO . . . O X . . . . . O . . . X . O .|
lX O X . . . X . X . . . . . . X . . .|
kO O O . X . . . . . O . O . . . . . .|
j. . O O . O O . . . . . . . O O X . .|
i. X . . . X . . X O . . . . X X . O .|
h. . O . . O . X . . O . . . . O X . X|
gX . . O . X . . . X . X X . . . . . .|
fX . . . O . O O . . . O X . O X X . X|
e. . . . . . X O . O X . . . O O . . .|
dO X . O . O . . . . . . . . X . O . .|
c. . . . . X . . . X X . . . . . . O .|
bX . O . X . . . . . . . . . X . . . .|
aO . . . . . . . . . . X O X . . X . .|
 A B C D E F G H I J K L M N O P Q R S|
gracz O
--------------------------------------+
s. . . O . . O X . O X . . O X . . . .|
r. . . . . . X X . X . . . . . . . . .|
q. . . . . . O . . . . . . . . . . . .|
p. . . . . X . X . . O X . . . X . . .|
oX . . O . O . . . . . . . . . . . . .|
n. . . O O O . X . . . . O . X O . . .|
mO . . . O X . . . . . O . . . X . O .|
lX O X . . . X . X . . . . . . X . . .|
kO O O . X . . . . . O . O . . . . . .|
j. . O O . O O . . . . . . . O O X . .|
i. X . . . X . . X O . . . . X X . O .|
h. . O . . O . X . . O . . . . O X . X|
gX . . O . X . . . X . X X . . . . . .|
fX . . . O . O O . . . O X . O X X . X|
e. . . . . . X O . O X . . . O O . . .|
dO X . O . O . . . . . . . . X . O . .|
c. . . . . X . . . X X . . . O . . O .|
bX . O . X . . . . . . . . . X . . . .|
aO . . . . . . . . . . X O X . . X . .|
 A B C D E F G H I J K L M N O P Q R S|
gracz X
--------------------------------------+
s. . . O . . O X . O X . . O X . . . .|
r. . . . . . X X . X . . . . . . . . .|
q. . . . . . O . . . . . . . . . . . .|
p. . . . . X . X . . O X . . . X . . .|
oX . . O . O . X . . . . . . . . . . .|
n. . . O O O . X . . . . O . X O . . .|
mO . . . O X . . . . . O . . . X . O .|
lX O X . . . X . X . . . X . . X . . .|
kO O O . X . . . . . O . O . . . . . .|
j. . O O . O O . . . . . . . O O X . .|
i. X . . . X . . X O . . . . X X . O .|
h. . O . . O . X . . O . . . . O X . X|
gX . . O . X . . . X . X X . . . . . .|
fX . . . O . O O . . . O X . O X X . X|
e. . . . . . X O . O X . . . O O . . .|
dO X . O . O . . . . . . . . X . O . .|
c. . . . . X . . . X X . . . O . . O .|
bX . O . X . . . . . . . . . X . . . .|
aO . . . . . . . . . . X O X . . X . .|
 A B C D E F G H I J K L M N O P Q R S|
gracz O
--------------------------------------+
s. . . O . . O X . O X . . O X . . . .|
r. . . . . . X X . X . . . . . . . . .|
q. . . . . . O . . . . . . . . . . . .|
p. . . . . X . X . . O X . . . X . . .|
oX . . O . O . X . . . . . . . . . . .|
n. . . O O O . X . . . . O . X O . . .|
mO . . . O X . . . . . O . . . X . O .|
lX O X . . . X . X . . O X . . X O . .|
kO O O . X . . . . . O . O . . . . . .|
j. . O O . O O . . . . . . . O O X . .|
i. X . . . X . . X O . . . . X X . O .|
h. . O . . O . X . . O . . . . O X . X|
gX . . O . X . . . X . X X . . . . . .|
fX . . . O . O O . . . O X . O X X . X|
e. . . . . . X O . O X . . . O O . . .|
dO X . O . O . . . . . . . . X . O . .|
c. . . . . X . . . X X . . . O . . O .|
bX . O . X . . . . . . . . . X . . . .|
aO . . . . . . . . . . X O X . . X . .|
 A B C D E F G H I J K L M N O P Q R S|
gracz X
--------------------------------------+
s. . . O . . O X . O X . . O X . . . .|
r. . . . . . X X . X . . . . . . X . .|
q. . . . . . O . . . . . . . . . . . .|
p. . . . . X . X . . O X . . . X . . .|
oX . . O . O . X . . . . . . . . . . .|
n. . . O O O . X . . . . O . X O . . .|
mO . . . O X . . . . . O . . . X . O .|
lX O X . . . X . X . . O X . . X O . .|
kO O O . X . . . . . O . O . . . . . .|
j. . O O . O O . . . . . . . O O X . .|
i. X . . . X . . X O . . . . X X . O .|
h. . O . . O . X . . O . . . . O X . X|
gX . . O . X . . . X . X X . . . . . .|
fX . . . O . O O . . . O X . O X X . X|
e. . . . . . X O . O X X . . O O . . .|
dO X . O . O . . . . . . . . X . O . .|
c. . . . . X . . . X X . . . O . . O .|
bX . O . X . . . . . . . . . X . . . .|
aO . . . . . . . . . . X O X . . X . .|
 A B C D E F G H I J K L M N O P Q R S|
gracz O
--------------------------------------+
s. . . O . . O X . O X . . O X . . . .|
r. . . . . . X X . X . . . . . . X . .|
q. . . . . . O . . . . . . . . . . . .|
p. . . . . X . X . . O X . . . X . . .|
oX . . O . O . X . . . . . . . . . . .|
n. . . O O O . X . . . . O . X O . . .|
mO . . . O X . . . . . O . . . X . O .|
lX O X . . . X . X . . O X . . X O . .|
kO O O . X . . . . . O . O . . . . . .|
j. . O O . O O . . . . . . . O O X . .|
i. X . . . X . . X O . . . . X X . O .|
h. . O . . O . X . . O . . . . O X . X|
gX . . O . X . . . X . X X . . . . . .|
fX . O . O . O O . . . O X . O X X . X|
e. . . . . . X O . O X X . . O O . . .|
dO X . O . O . . . . . . . . X . O O .|
c. . . . . X . . . X X . . . O . . O .|
bX . O . X . . . . . . . . . X . . . .|
aO . . . . . . . . . . X O X . . X . .|
 A B C D E F G H I J K L M N O P Q R S|
gracz X
--------------------------------------+
s. . . O . . O X . O X . . O X . . . .|
r. . . . . . X X . X . . . . . . X . .|
q. . . . . . O . . . . . . . . . . . .|
p. . . . . X . X . . O X . . . X . . .|
oX . . O . O . X . . . . . . . . . . .|
nX . . O O O . X . . . . O . X O . . .|
mO . . . O X . . . . . O . . . X . O .|
lX O X . . . X . X . . O X . . X O . .|
kO O O . X . . . . . O . O . . . . . .|
j. . O O . O O . . . . . . . O O X . .|
i. X . . . X . . X O . . . . X X . O .|
h. . O . . O . X . . O . . . . O X . X|
gX . . O . X . . . X . X X . . . . . .|
fX . O . O . O O . . . O X . O X X . X|
e. . . . . . X O . O X X . . O O . . .|
dO X . O . O . . . . . . . . X . O O .|
c. . . . . X . . . X X . . . O . . O .|
bX . O . X . . . . . . . . . X . . . .|
aO . . . . . . . . . . X O X . . X . X|
 A B C D E F G H I J K L M N O P Q R S|
gracz O
--------------------------------------+
s. . . O . . O X . O X . . O X . . . .|
r. . . . . . X X . X . . . . . . X . .|
q. . . . . . O . . . . . . . . . . . .|
p. . . . . X . X . . O X . . . X . . .|
oX . . O . O . X . . . . . . . . . . .|
nX . . O O O . X . . . . O . X O . . .|
mO . . . O X . . . . . O . . . X . O .|
lX O X . . . X . X . . O X . . X O . .|
kO O O . X . . . . . O . O . . . . . .|
j. . O O . O O . . . . . . . O O X . .|
i. X . . O X . . X O . . . . X X . O .|
h. . O . . O . X . . O . . . . O X . X|
gX . . O . X . . . X . X X . . . . . .|
fX . O . O . O O . . . O X . O X X . X|
e. . . . . . X O . O X X . . O O . . .|
dO X . O . O . . . . . . . . X . O O .|
c. . . . . X . . . X X . . . O . . O .|
bX . O . X . . . . . . . . . X . . . .|
aO . . . . . O . . . . X O X . . X . X|
 A B C D E F G H I J K L M N O P Q R S|
wygral O
