--------------------------------------+
s. . . . . . . . . . . . . . . . . . .|
r. . . . . . . . . . . . . . . . . . .|
q. . . . . . . . . . . . . . . . . . .|
p. . . . . . . . . . . . . . . . . . .|
o. . . . . . . . . . . . . . . . . . .|
n. . . . . . . . . . . . . . . . . . .|
m. . . . . . . . . . . . . . . . . . .|
l. . . . . . . . . . . . . . . . . . .|
k. . . . . . . . . . . . . . . . . . .|
j. . . . . . . . . . . . . . . . . . .|
i. . . . . . . . . . . . . . . . . . .|
h. . . . . . . . . . . . . . . . . . .|
g. . . . . . . . . . . . . . . . . . .|
f. . . . . . . . . . . . . . . . . . .|
e. . . . . . . . . . . . . . . . . . .|
d. . . . . . . . . . . . . . . . . . .|
c. . . . . . . . . . . . . . . . . . .|
b. . . . . . . . . . . . . . . . . . .|
a. . . . . . . . . . . . . . . . . . .|
 A B C D E F G H I J K L M N O P Q R S|
gracz X
--------------------------------------+
s. . . . . . . . . . . . . . . . . . .|
r. . . . . . . . . . . . . . . . . . .|
q. . . . . . . . . . . . . . . . . . .|
p. X . . . . . . . . . . . . . . . . .|
o. . . . . . . . . . . . . . . . . . .|
n. . . . . . . . . . . . . . . . . . .|
m. . . . . . . . . . . . . . . . . . .|
l. . . . . . . . . . . . . . . . . . .|
k. . . . . . . . . . . . . . . . . . .|
j. . . . . . . . . . . . . . . . . . .|
i. . . . . . . . . . . . . . . . . . .|
h. . . . . . . . . . . . . . . . . . .|
g. . . . . . . . . . . . . . . . . . .|
f. . . . . . . . . . . . . . . . . . .|
e. . . . . . . . . . . . . . . . . . .|
d. . . . . . . . . . . . . . . . . . .|
c. . . . . . . . . . . . . . . . . . .|
b. . . . . . . . . . . . . . . . . . .|
a. . . . . . . . . . . . . . . . . . .|
 A B C D E F G H I J K L M N O P Q R S|
gracz O
--------------------------------------+
s. . . . . . . . O . . . . . . . . . .|
r. . . . . . . . . . . . . . . . . . .|
q. . . . . . . . . . . . . . . . . . .|
p. X . . . . . . . . . . . . . . . . .|
o. . . . . . . . . . . . . . . . . . .|
n. . . . . . . . . . . . . . . . . . .|
m. . . . . . . . . . . . . . . . . . .|
l. . . . . . . . . . . . . . . . . . .|
k. . . . . . . . . . . . . . . . . . .|
j. . . . . . . . . . . . . . . . . . .|
i. . . . . . . . . . . . . . . . . . .|
h. . . . . . . . . . . . . . . . . . .|
g. . . . . . . . . . . . . . . . . . .|
f. . . . . . . . . . . . . . . . . . .|
e. . . . . . . . . . . . . . . . . . .|
d. O . . . . . . . . . . . . . . . . .|
c. . . . . . . . . . . . . . . . . . .|
b. . . . . . . . . . . . . . . . . . .|
a. . . . . . . . . . . . . . . . . . .|
 A B C D E F G H I J K L M N O P Q R S|
gracz X
--------------------------------------+
s. . . . . . . . O . . . . . . . . . .|
r. . . . . . . . . . . . . . . . . . .|
q. . . . . . . . . . . . . . . . . . .|
p. X . . . . . . . . . . . . . . . . .|
o. . . . . . . . . . . . . . . . . . .|
n. . . . . . . . . . . . . . . . . . .|
m. . . . . . . . . . . . . . . . . . .|
l. . . . . . . . . . . . . . . . . . .|
k. . . . . . . . . . . . . . . . . . .|
j. . . . . . . . . . . . . . . . . . .|
i. . . . . . . . . . . . . . . . . . .|
h. . . . . . . . . . . . . . . . . . .|
g. . . . . . . . . . . . . . . . . . .|
f. . . . . . X . . . . . . . . . . . .|
e. . . . . . . . . . . . . . . . . . .|
d. O . . . . . . . . . . . . . . . . .|
c. . . . . . X . . . . . . . . . . . .|
b. . . . . . . . . . . . . . . . . . .|
a. . . . . . . . . . . . . . . . . . .|
 A B C D E F G H I J K L M N O P Q R S|
gracz O
--------------------------------------+
s. . . . . . . . O . . . . . . . . . .|
r. . . . . . O . . . . . . . . . . . .|
q. . . . . . . . . . . . . . . . . . .|
p. X . . . . . . . . . . . . . . . . .|
o. . . . . . . . . . . . . . . . . . .|
n. . . . . . . . . . . . . . . . . . .|
m. . . . . . . . . . . . . . . . . . .|
l. . . . . . . . . . . . . . . . . . .|
k. . . . . . . . . . . . . . . . . . .|
j. . . . . . . . . . . . . . . . . . .|
i. . . . . . . . . . . . . . . . . . .|
h. . . . . . . . . . . . . . . . . . .|
g. . . . . . . . . . . . . . . . . . .|
f. . . . . . X . . . . . . . . . . . .|
e. . . . . . . . . . . . . . . . . . .|
d. O . . . . . . . . . . . . . . . . .|
c. . . . . . X . . . . . . . . . . . .|
b. . . . . . . . . . . . . . . . . . .|
a. . . . . . . . . . . O . . . . . . .|
 A B C D E F G H I J K L M N O P Q R S|
gracz X
--------------------------------------+
s. . . . . . . . O . . . . . . . . . .|
r. . . . . . O . . . . . . . . . . . .|
q. . . . . . X . . . . . . . . . . . .|
p. X . . . . . . . . . . . . . . . . .|
o. . . . . . . . . . . . . . . . . . .|
n. . . . . . . . . . . . . . . . . . .|
m. . . . . . . . . . . . . . . . . . .|
l. . . . . . . . . . . . . . . . . . .|
k. . . . . . . . . . . . . . . . . . .|
j. . . . . . . . . . . . . . . . . . X|
i. . . . . . . . . . . . . . . . . . .|
h. . . . . . . . . . . . . . . . . . .|
g. . . . . . . . . . . . . . . . . . .|
f. . . . . . X . . . . . . . . . . . .|
e. . . . . . . . . . . . . . . . . . .|
d. O . . . . . . . . . . . . . . . . .|
c. . . . . . X . . . . . . . . . . . .|
b. . . . . . . . . . . . . . . . . . .|
a. . . . . . . . . . . O . . . . . . .|
 A B C D E F G H I J K L M N O P Q R S|
gracz O
--------------------------------------+
s. . . . . . . . O . . . . . . . . . .|
r. . . . . . O . . . . . . . O . . . .|
q. . . . . . X . . O . . . . . . . . .|
p. X . . . . . . . . . . . . . . . . .|
o. . . . . . . . . . . . . . . . . . .|
n. . . . . . . . . . . . . . . . . . .|
m. . . . . . . . . . . . . . . . . . .|
l. . . . . . . . . . . . . . . . . . .|
k. . . . . . . . . . . . . . . . . . .|
j. . . . . . . . . . . . . . . . . . X|
i. . . . . . . . . . . . . . . . . . .|
h. . . . . . . . . . . . . . . . . . .|
g. . . . . . . . . . . . . . . . . . .|
f. . . . . . X . . . . . . . . . . . .|
e. . . . . . . . . . . . . . . . . . .|
d. O . . . . . . . . . . . . . . . . .|
c. . . . . . X . . . . . . . . . . . .|
b. . . . . . . . . . . . . . . . . . .|
a. . . . . . . . . . . O . . . . . . .|
 A B C D E F G H I J K L M N O P Q R S|
gracz X
--------------------------------------+
s. . . . . . . . O . . . . X . . . . .|
r. . . . . . O . . . . . . . O . . . .|
q. . . . . . X . . O . . . . . . . . .|
p. X . . . . . . . . . . . . . . . . .|
o. . . . . . . . . . . . . . . . . . .|
n. . . . . . . . . . . . . . . . . . .|
m. . . . . . . . . . . . . . . . . . .|
l. . . . . . . . . . . . . . . . . . .|
k. . . . . . . . . . . . . . . . . . .|
j. . . . . . . . . . . . . . . . . . X|
i. . . . . . . . . . . . . . . . . . .|
h. . . . . . . . . . . . . . . . . . .|
g. . . . . . . . . . . . . . . . . . .|
f. . . . . . X . . . . . . . . . . . .|
e. . . . . . . . . . . . . . . . . . .|
d. O . . . . . . . . . . X . . . . . .|
c. . . . . . X . . . . . . . . . . . .|
b. . . . . . . . . . . . . . . . . . .|
a. . . . . . . . . . . O . . . . . . .|
 A B C D E F G H I J K L M N O P Q R S|
gracz O
--------------------------------------+
s. . . . . . . . O . . . . X . . . . .|
r. . . . . . O . . . . . . . O . . . .|
q. . . . . . X . . O . . . . . . . . .|
p. X . . . . O . . . . . . . . . . . .|
o. . . . . . . . . . . . . . . . . . .|
n. . . . . . . . . . . . . . . . . . .|
m. . . . . . . . . . . . . . . . . . .|
l. . . . . . . . . . . . . . . . . . .|
k. . . . . . . . . . . . . . . . . . .|
j. . . . . . . . . . . . . . . . . . X|
i. . . . . . . . . . . . . . . . . . .|
h. . . . . . . . . . . . . . . . . . .|
g. . . . . . . . . . . . . . . . . . .|
f. . . . . . X . . . . . . . . . . . .|
e. . . . . . . . . . . . . . . . . . .|
d. O . . . . . . . . . . X . . . . . .|
c. . O . . . X . . . . . . . . . . . .|
b. . . . . . . . . . . . . . . . . . .|
a. . . . . . . . . . . O . . . . . . .|
 A B C D E F G H I J K L M N O P Q R S|
gracz X
--------------------------------------+
s. . . . . . . . O . . . . X . X . . .|
r. . . . . . O . . . . . . . O . . . .|
q. . . . . . X . . O . . . . . . . . .|
p. X . . . . O . . . . . . . . . . . .|
o. . . . . . . . . . . . . . . . . . .|
n. . . . . . . . . . . . . . . . . . .|
m. . . . . . . . . . . . . . . . . . .|
l. . . . . . . . . . . . . . . . . . .|
k. . . . . . . . . . . . X . . . . . .|
j. . . . . . . . . . . . . . . . . . X|
i. . . . . . . . . . . . . . . . . . .|
h. . . . . . . . . . . . . . . . . . .|
g. . . . . . . . . . . . . . . . . . .|
f. . . . . . X . . . . . . . . . . . .|
e. . . . . . . . . . . . . . . . . . .|
d. O . . . . . . . . . . X . . . . . .|
c. . O . . . X . . . . . . . . . . . .|
b. . . . . . . . . . . . . . . . . . .|
a. . . . . . . . . . . O . . . . . . .|
 A B C D E F G H I J K L M N O P Q R S|
gracz O
--------------------------------------+
s. . . . . . . . O . . . . X . X . . .|
r. . . . . . O . . . . . . . O . . . .|
q. . . . . . X . . O . . . . . . . . .|
p. X . . . . O . . . . . . . . . . . .|
o. . . . . . . . . . . . . . . . . . .|
n. . . . . . . . . . . . . . . . . . .|
m. . . . . . . . . . . . . . . . . . .|
l. . . . . . . . . . . . . . . . . . .|
k. . . . . . . . . . . . X . . . . . .|
j. . . . . . . . . . . . . . . . . . X|
i. . . . . . . . . . . . . . . . . . .|
h. . . . . . . . . . . . . . . . . . .|
g. . . . . . . . . . . . . . . . . . .|
f. . . . . . X . . . . . . . . . . . .|
e. . . . . . . . . . . . . . . . . . .|
d. O . . . . . . . . . . X . . . . . .|
c. . O . . . X . . . . . . . . . . . .|
b. . O . . . . . . . . . O . . . . . .|
a. . . . . . . . . . . O . . . . . . .|
 A B C D E F G H I J K L M N O P Q R S|
gracz X
--------------------------------------+
s. . . . . . . . O . . . . X . X . . .|
r. . . . . . O . . . . . . . O . . . .|
q. . . . . . X . . O . . . . . . . . .|
p. X . . . . O . . . . . . . . . . . .|
o. . . . . . . . . . . . . . . . . . .|
n. . . . . . . . . . . . . . . . . . .|
m. . . . . . . . . . . . . . X . . . .|
l. . . . . . . . . . . . . . . . . . .|
k. . . . . . . . . . . . X . . . . . .|
jX . . . . . . . . . . . . . . . . . X|
i. . . . . . . . . . . . . . . . . . .|
h. . . . . . . . . . . . . . . . . . .|
g. . . . . . . . . . . . . . . . . . .|
f. . . . . . X . . . . . . . . . . . .|
e. . . . . . . . . . . . . . . . . . .|
d. O . . . . . . . . . . X . . . . . .|
c. . O . . . X . . . . . . . . . . . .|
b. . O . . . . . . . . . O . . . . . .|
a. . . . . . . . . . . O . . . . . . .|
 A B C D E F G H I J K L M N O P Q R S|
gracz O
--------------------------------------+
s. . . . . . . . O . . . . X . X . . .|
r. . . . . . O . . . . . . . O . . . .|
q. . . . . . X . . O . . . . . . . . .|
p. X . . . . O . . . . . . . . . . . .|
o. . . . . . . . . . . . . . . . . . .|
n. . . . . . . . . . . . . . . . . . .|
m. . . . . . . . . . . . . . X . . . .|
l. . . . . . . O . . . . . . . . . . .|
k. . . . . . . . . . . . X . . . . . .|
jX . . . . . . . . . . . . . . . . . X|
i. . . . . . . . . . . . . . . . . . .|
h. . . . . . . . . . . . . . . . . . .|
g. . . . . . . . . . . . . . . . . . .|
f. . . . . . X . . . . . . . . . . O .|
e. . . . . . . . . . . . . . . . . . .|
d. O . . . . . . . . . . X . . . . . .|
c. . O . . . X . . . . . . . . . . . .|
b. . O . . . . . . . . . O . . . . . .|
a. . . . . . . . . . . O . . . . . . .|
 A B C D E F G H I J K L M N O P Q R S|
gracz X
--------------------------------------+
s. . . . . . . . O . . . . X . X . . .|
r. . . . . . O . . . . . . . O . . . .|
q. . . . . . X . . O . . . . . . . . .|
p. X . . . . O . . . . . . . . . . . .|
o. . . . . . . . . . . . . . . . . . .|
n. . . . . . . . . . . . . . . . . . .|
m. . . . . . . . . . . . . . X . . . .|
l. . . . . . . O . . . . . . . . . . .|
k. . . . . . . . . . . . X . . . . . .|
jX . . . . . . . . . . . . . . . . . X|
i. . . . . . . . . . . . . . . . . . .|
h. . . . . . . . . . . . . . . . . . .|
g. . . . . . . . . . . . . . . . . . .|
f. . . . . X X . . . . . . . . . . O .|
e. . . . . . . . . . . . . . . . . . .|
d. O . . . . . . . . . . X . . . . . .|
c. . O . . . X . . . . . . . . . . . .|
b. . O . . . . . . . . . O . . . . . .|
a. . . X . . . . . . . O . . . . . . .|
 A B C D E F G H I J K L M N O P Q R S|
gracz O
--------------------------------------+
s. . . . . . . . O . . . . X . X . . .|
r. . . . . . O . . . . . . . O . . . .|
q. . . . . . X . . O . . . . . . . . O|
p. X . . . . O . . . . . . . . . . . .|
o. . . . . . . . . . . . . . . . . . .|
n. . . . . . . . . . . . . . . . . . .|
m. . . . . . . . . . . . . . X . . . .|
l. . . . . . . O . . . . . . . . . . .|
k. . . . . . . . . . . . X . . . . . .|
jX . . . . . . . . . . . . . . . . . X|
i. . . . . . . . . . . . . . . . . . .|
h. . . . . . . . . . . . . . . . . . .|
g. . . . . . . . . . . . . . . . . . .|
f. . . . . X X . . . . . . . . . . O .|
e. . . . . . . . . . . . . . . . . . .|
d. O . . . . . . . . . . X . . . . . .|
c. . O . . . X . . . . . . . . . . . .|
b. . O . . . . . . . . . O . . . . . .|
a. . . X . . . . . . . O . . . . . O .|
 A B C D E F G H I J K L M N O P Q R S|
gracz X
--------------------------------------+
s. . . . . . . . O . . . . X . X . . .|
r. . . . . . O . . . . . . . O . . . .|
q. . . . . . X . . O . . . . . . . . O|
p. X . . . . O . . . . . . . . . . . .|
o. . . . . . . . . . . . . . . . . . .|
n. . . . . . . . . . . . . . . . . . .|
m. . . . . . . . . . . . . . X . . . .|
l. . . . . . . O . . . . . . . . . . .|
k. . . . . . . . . . . . X . . . . . .|
jX . . . . . . . . . . . . . . . . . X|
i. . . . . . . . . . . . . . . . . . .|
h. . . . . . . . . . . . . . . . . . .|
g. . . . . . . . . . . . . . X . . . .|
f. . . . . X X . . . . . . . . . . O .|
e. . . . . . . . . . . . . . . . . . .|
d. O . . . . . . . . . . X . . . . . .|
c. . O . . . X . . . . . . . X . . . .|
b. . O . . . . . . . . . O . . . . . .|
a. . . X . . . . . . . O . . . . . O .|
 A B C D E F G H I J K L M N O P Q R S|
gracz O
--------------------------------------+
s. . . . . . . . O . . . . X . X . . .|
r. . . . . . O . . . . . . . O . . . .|
q. . . . . . X . . O . . . . . . . . O|
p. X . . . . O . . . . . . . . . . . .|
o. . . . . . . . . . . . . . O . . . .|
n. . . . . . . . . . . . . . . . . . .|
m. . . . . . . . . . . . . . X . . . .|
l. . . . . . . O . . . . . . . . . . .|
k. . . . . . . . . . . . X . . . . . .|
jX . . . . . . . . . . . . . . . . . X|
i. O . . . . . . . . . . . . . . . . .|
h. . . . . . . . . . . . . . . . . . .|
g. . . . . . . . . . . . . . X . . . .|
f. . . . . X X . . . . . . . . . . O .|
e. . . . . . . . . . . . . . . . . . .|
d. O . . . . . . . . . . X . . . . . .|
c. . O . . . X . . . . . . . X . . . .|
b. . O . . . . . . . . . O . . . . . .|
a. . . X . . . . . . . O . . . . . O .|
 A B C D E F G H I J K L M N O P Q R S|
gracz X
--------------------------------------+
s. . . . . . . . O . . . . X . X . . .|
r. . . . . . O . . . . . . . O . . . .|
q. . . . . . X . . O . . . . . . . . O|
p. X . . . . O . . . . . . . . . . . .|
o. . . . . . . . . . . . . . O . . . .|
n. . . . . . . . . . . . . . . . . . .|
m. . . . . . . . . . . . . . X . . . .|
l. . . . . . . O . . . . . . . . . . .|
k. . . . . . . . . . . . X . . . . . X|
jX . . . . . . . . . . . . . . . . . X|
i. O . . . X . . . . . . . . . . . . .|
h. . . . . . . . . . . . . . . . . . .|
g. . . . . . . . . . . . . . X . . . .|
f. . . . . X X . . . . . . . . . . O .|
e. . . . . . . . . . . . . . . . . . .|
d. O . . . . . . . . . . X . . . . . .|
c. . O . . . X . . . . . . . X . . . .|
b. . O . . . . . . . . . O . . . . . .|
a. . . X . . . . . . . O . . . . . O .|
 A B C D E F G H I J K L M N O P Q R S|
gracz O
--------------------------------------+
s. . . . . . . . O . . . . X . X . . .|
r. . . . . . O . . . . . . . O . . . .|
q. . . . . . X . . O . . . . . . . . O|
p. X . . . . O . . . . . . . . . . . .|
o. . . . . . . . . . . . . . O . . . .|
n. . . . . . . . . . . . . . . . . . .|
m. . . . . . . . . . . . . . X . . . .|
l. . . . . . . O . . . . . . . . . . .|
k. . . . . . . . . . . . X . . . . . X|
jX . . . . . . . . . . . . . . . . . X|
i. O . . . X . . . . . . . . . . . . .|
h. . . . . . . . . . . . . . . . . . .|
g. . . . . . . . . . . . . . X O . . .|
f. . . . . X X . . . . . . . . . . O .|
e. . . . . . . . . . . . . . . . . . .|
d. O . . . . . . . . . . X . . . . . .|
c. . O . . . X . . . O . . . X . . . .|
b. . O . . . . . . . . . O . . . . . .|
a. . . X . . . . . . . O . . . . . O .|
 A B C D E F G H I J K L M N O P Q R S|
gracz X
--------------------------------------+
s. . . . . . . . O . . . . X . X . . .|
r. . . . . . O . . . . . . . O . . . .|
q. . . . . . X . . O . . . . . . . . O|
p. X . . . . O . . . . . . . . . . . .|
o. . . . . . . . . . . . . . O . . . .|
n. . . . . . . . . . . . . . . . . . .|
m. . . . . . . . . . . . . . X . . . .|
l. . . . . . . O . . . . . . . . . . .|
k. . . . . . . . . . . . X . . . . . X|
jX . . . . . . . . . . . . . . . . . X|
i. O . . . X . . . . . . . . . . . . .|
h. . . . . . . . . . . . . . . . . . .|
g. . . . . . . . . . X . . . X O . . .|
f. . . . . X X . . . . . . . X . . O .|
e. . . . . . . . . . . . . . . . . . .|
d. O . . . . . . . . . . X . . . . . .|
c. . O . . . X . . . O . . . X . . . .|
b. . O . . . . . . . . . O . . . . . .|
a. . . X . . . . . . . O . . . . . O .|
 A B C D E F G H I J K L M N O P Q R S|
gracz O
--------------------------------------+
s. . . . . . . . O . . . . X . X . . .|
r. . . . . . O . . . . . . . O . . . .|
qO . . . . . X . . O . . . . . . . . O|
p. X . . . . O . . . . . . . . . . . .|
o. . . . . . . . . . . . . . O . . . .|
n. . . . . . . . . . . . . . . . . . .|
m. . . . . . . . . . . . . . X . . . .|
l. . . . . . . O . . . . . . . . . . .|
k. . . . . . . . . . . . X . . . . . X|
jX . . . . . . . . . . . . . . . . . X|
i. O . . . X . . . . . . . . . . . . .|
h. . . . . . . . . . . . . . . . . . .|
g. . . . . . . . . . X . . . X O . . .|
f. . . . . X X . . . . . . . X . . O .|
e. . . . . . . . . . . . . . . . . . .|
d. O . . . . . . . . O . X . . . . . .|
c. . O . . . X . . . O . . . X . . . .|
b. . O . . . . . . . . . O . . . . . .|
a. . . X . . . . . . . O . . . . . O .|
 A B C D E F G H I J K L M N O P Q R S|
gracz X
--------------------------------------+
s. . . . . . . . O . . . . X . X . . .|
r. . . . . . O . . . . . . . O . . . .|
qO . . . . . X . . O . . . . . . . . O|
p. X . . . . O . . . . . . . . . . . .|
o. . . . . . . . . . . . . . O . . . .|
n. . . . . . . . . . . . . . . . X . .|
m. . . . . . . . . . . . . . X . . . .|
l. . . . . . . O . . . . . . . . . . .|
k. . . . . . . . . . . . X . . . . . X|
jX . . . . . . . . . . . . . . . . . X|
i. O . . . X . . . . . . . . . . . X .|
h. . . . . . . . . . . . . . . . . . .|
g. . . . . . . . . . X . . . X O . . .|
f. . . . . X X . . . . . . . X . . O .|
e. . . . . . . . . . . . . . . . . . .|
d. O . . . . . . . . O . X . . . . . .|
c. . O . . . X . . . O . . . X . . . .|
b. . O . . . . . . . . . O . . . . . .|
a. . . X . . . . . . . O . . . . . O .|
 A B C D E F G H I J K L M N O P Q R S|
gracz O
--------------------------------------+
s. . . . . . . . O . . . . X . X . . .|
r. . . . . . O . . . . . . . O . . . .|
qO . . . . . X . . O . . . . . . . . O|
p. X . . . . O . . . . . . . . . . . .|
o. . . . . . . . . . . . . . O . . . .|
n. . . . . . . . . . . . . . . . X . .|
m. . . . . . O . . . . . . . X . . . .|
l. . . . . . . O . . . . . . . . . . .|
k. . . . . . . . . . . . X . . . . . X|
jX . O . . . . . . . . . . . . . . . X|
i. O . . . X . . . . . . . . . . . X .|
h. . . . . . . . . . . . . . . . . . .|
g. . . . . . . . . . X . . . X O . . .|
f. . . . . X X . . . . . . . X . . O .|
e. . . . . . . . . . . . . . . . . . .|
d. O . . . . . . . . O . X . . . . . .|
c. . O . . . X . . . O . . . X . . . .|
b. . O . . . . . . . . . O . . . . . .|
a. . . X . . . . . . . O . . . . . O .|
 A B C D E F G H I J K L M N O P Q R S|
gracz X
--------------------------------------+
s. . . . . . . . O . . . . X . X . . .|
r. . . . . . O . . . . . . . O . . . .|
qO . . . . . X . . O . . . . . . . . O|
p. X . . . . O . . . . . . . . . . . .|
o. . . . . . . . . . . . . . O . . . .|
n. . . . . . . . . . . . . . . . X . .|
m. . . . . . O . . . . . . . X . . . .|
l. . . . . . . O . . . . . . . . . . .|
k. . . . . . . . . . . . X . . . . . X|
jX . O . . . . . . . . . . . . . . . X|
i. O . . . X . . . . . . . . . . . X .|
h. . . . . . . . . . . . . . . . . . .|
g. . . . . . . . . . X . . . X O . . .|
f. . . . . X X X . . . . . . X . . O .|
e. . . . . . . . . . . . . . . . . . .|
d. O . . . . . . . . O . X . . . . . .|
c. . O . . . X . . . O . . . X . . . .|
b. . O . . . . . . X . . O . . . . . .|
a. . . X . . . . . . . O . . . . . O .|
 A B C D E F G H I J K L M N O P Q R S|
gracz O
--------------------------------------+
s. . . . . . . . O . . . . X . X . . .|
r. . . . . . O . . . . . . . O . . O .|
qO . . . . . X . . O . . . . . . . . O|
p. X . . . . O . . . . . . . . . . . .|
o. . . . . . . . . . . . . . O . . . .|
n. . . . . . . . . . . . . . . . X . .|
m. . . . . . O . . . . . . . X . . . .|
l. . . . . . . O . . . . . . . . . . .|
k. . . . . . . . . . . . X . . . . . X|
jX . O . . . . . . . . . . . . . . . X|
i. O . . . X . . . . . . . . . . . X .|
h. . . . . . . . . . . . . . . . . . .|
g. . . . . . . . . . X . . . X O . . .|
f. . . . . X X X . . . . . . X . . O .|
e. . . . . . . . . . . . . . . . . . .|
d. O . . . . . . . . O . X . . O . . .|
c. . O . . . X . . . O . . . X . . . .|
b. . O . . . . . . X . . O . . . . . .|
a. . . X . . . . . . . O . . . . . O .|
 A B C D E F G H I J K L M N O P Q R S|
gracz X
--------------------------------------+
s. . . . . . . . O . . . . X . X . . .|
r. . . . . . O . . . . . . . O . . O .|
qO . . . . . X . . O . . . . . . . . O|
p. X . . . . O . . . . . . . . . . . .|
o. . . . . . . . . . . . . . O . . . .|
n. . . . . . . . . . . . . . . . X . .|
m. . . . . . O . . . . . . . X . . . .|
l. . . . . . . O . . . . . . . . . . .|
k. . . . . . . . . . . . X . . . . . X|
jX . O . . . . . . . . . . . . . . . X|
i. O . . . X . . . . . . . . . . . X .|
h. . . . . . . . . . . . . . . . . . .|
g. . . . . . . . . . X . . . X O . . .|
f. . . . . X X X . . . . . . X . . O .|
e. . . . . . . . . . X . . . . . . X .|
d. O . . . . . . . . O . X . . O . . .|
c. . O . . . X . . . O . . . X . . . .|
b. . O . . . . . . X . . O . . . . . .|
a. . . X . . . . . . . O . . . . . O .|
 A B C D E F G H I J K L M N O P Q R S|
gracz O
--------------------------------------+
s. . . . . . . . O . . . . X . X . . .|
r. . . . . . O . . . . . . . O . . O .|
qO . . . . . X . . O . . . . . . . . O|
p. X . . . . O . . . . . . . . . . . .|
o. . . . . . . . . . . . . . O . . . .|
n. . . . . . . . . . . . . . . . X . .|
m. . . . . . O . . . . . . . X . . . .|
l. . . . . . . O . . . . . . . . . . .|
k. . . . . . . . . . . . X . . . . . X|
jX . O . . . . . . . . . . . . . . . X|
i. O . . . X O . . . . . . . . . . X .|
h. . . . . . . . . . . . . . . . . . .|
g. O . . . . . . . . X . . . X O . . .|
f. . . . . X X X . . . . . . X . . O .|
e. . . . . . . . . . X . . . . . . X .|
d. O . . . . . . . . O . X . . O . . .|
c. . O . . . X . . . O . . . X . . . .|
b. . O . . . . . . X . . O . . . . . .|
a. . . X . . . . . . . O . . . . . O .|
 A B C D E F G H I J K L M N O P Q R S|
gracz X
--------------------------------------+
s. . . . . . . . O . . . . X . X . . .|
r. . . . . . O . . . . . . . O . . O .|
qO . . . . . X . . O . . . . . . . . O|
p. X . . . . O . . . . . . . . . . . .|
o. . . . . . . . . . . . . . O . . . .|
n. . . . . . . . . . . . . . . . X . .|
m. . . . . . O . . . . . . . X . . . .|
l. . . . . . . O . . . . . . . . . . .|
k. . . . . . . . . . . . X . . . . . X|
jX . O . . . . . . . . . . . . . . . X|
i. O . . . X O . . . . . . . . . . X .|
hX . . . . . . . . . . . . . . . . . .|
g. O . . . . . . . . X . . . X O . . .|
f. . . . . X X X . . . . . . X . . O .|
e. . . . . . . . . . X . . . . . . X .|
d. O . . . . . . . . O . X . . O . . .|
c. . O . . . X X . . O . . . X . . . .|
b. . O . . . . . . X . . O . . . . . .|
a. . . X . . . . . . . O . . . . . O .|
 A B C D E F G H I J K L M N O P Q R S|
gracz O
--------------------------------------+
s. . . . . . . . O . . . . X . X . . .|
r. . . . . . O . . . . . . . O . . O .|
qO . . . . . X . . O . . . . . . . . O|
p. X . . . . O . . . . . . . . . . . .|
o. . . . . . . . . . . . . . O . . . .|
n. . . . . . . . . . . . . . . . X . .|
m. . . . . . O . . . . . . . X . . . .|
l. . . . . . . O . . . . . . . . . . .|
k. . . . . . . . . . . . X . . . . . X|
jX . O . . . . . . . . . . . . . . . X|
i. O O . . X O . . . . . . . . . . X .|
hX . . . . . . . . . . . . . . . . . .|
g. O . . . . . . . . X . . . X O . . .|
f. . . . . X X X . . . . . . X . . O .|
e. . . . . . . . . . X . . . . . . X .|
d. O . . . . . . . . O . X . . O . . .|
c. . O . . . X X . . O . . . X . . . .|
b. . O . . . . O . X . . O . . . . . .|
a. . . X . . . . . . . O . . . . . O .|
 A B C D E F G H I J K L M N O P Q R S|
gracz X
--------------------------------------+
s. . . . . . . . O . . . . X . X . . .|
r. . . . . . O . . . . . . . O . . O X|
qO . . . . . X . . O . . . . . . . . O|
p. X X . . . O . . . . . . . . . . . .|
o. . . . . . . . . . . . . . O . . . .|
n. . . . . . . . . . . . . . . . X . .|
m. . . . . . O . . . . . . . X . . . .|
l. . . . . . . O . . . . . . . . . . .|
k. . . . . . . . . . . . X . . . . . X|
jX . O . . . . . . . . . . . . . . . X|
i. O O . . X O . . . . . . . . . . X .|
hX . . . . . . . . . . . . . . . . . .|
g. O . . . . . . . . X . . . X O . . .|
f. . . . . X X X . . . . . . X . . O .|
e. . . . . . . . . . X . . . . . . X .|
d. O . . . . . . . . O . X . . O . . .|
c. . O . . . X X . . O . . . X . . . .|
b. . O . . . . O . X . . O . . . . . .|
a. . . X . . . . . . . O . . . . . O .|
 A B C D E F G H I J K L M N O P Q R S|
gracz O
--------------------------------------+
s. . . . . . . . O . . . . X . X . . .|
r. . . . . O O . . . . . . . O . . O X|
qO . . . . . X . . O . . . . . . . . O|
p. X X . . . O . . . . . . . . . . . .|
o. . . . . . . . . . . . . . O . . . .|
n. . . . . . . . . . . . . . . . X . .|
m. . . . . . O . . . . . . . X . . . .|
l. . . . O . . O . . . . . . . . . . .|
k. . . . . . . . . . . . X . . . . . X|
jX . O . . . . . . . . . . . . . . . X|
i. O O . . X O . . . . . . . . . . X .|
hX . . . . . . . . . . . . . . . . . .|
g. O . . . . . . . . X . . . X O . . .|
f. . . . . X X X . . . . . . X . . O .|
e. . . . . . . . . . X . . . . . . X .|
d. O . . . . . . . . O . X . . O . . .|
c. . O . . . X X . . O . . . X . . . .|
b. . O . . . . O . X . . O . . . . . .|
a. . . X . . . . . . . O . . . . . O .|
 A B C D E F G H I J K L M N O P Q R S|
gracz X
--------------------------------------+
s. . . . . . . . O . . . . X . X . . .|
r. . . . . O O . . . . . . . O . . O X|
qO . . . . . X . . O X . . . . . . . O|
p. X X . . . O . . . . . . . . . . . .|
o. . . . . . . X . . . . . . O . . . .|
n. . . . . . . . . . . . . . . . X . .|
m. . . . . . O . . . . . . . X . . . .|
l. . . . O . . O . . . . . . . . . . .|
k. . . . . . . . . . . . X . . . . . X|
jX . O . . . . . . . . . . . . . . . X|
i. O O . . X O . . . . . . . . . . X .|
hX . . . . . . . . . . . . . . . . . .|
g. O . . . . . . . . X . . . X O . . .|
f. . . . . X X X . . . . . . X . . O .|
e. . . . . . . . . . X . . . . . . X .|
d. O . . . . . . . . O . X . . O . . .|
c. . O . . . X X . . O . . . X . . . .|
b. . O . . . . O . X . . O . . . . . .|
a. . . X . . . . . . . O . . . . . O .|
 A B C D E F G H I J K L M N O P Q R S|
gracz O
--------------------------------------+
s. . . . . . O . O . . . . X . X . . .|
r. . . . . O O . . . . . . . O . . O X|
qO . . . . . X . . O X . . . . . . . O|
p. X X . . . O . . . . . . . . . . . .|
o. . . . . . . X . . . . . . O . . . .|
n. . . . . . . . . . . . . . . . X . .|
m. . . . . . O . . . . . . . X . . . .|
l. . . . O . . O . . . . . . . . . . .|
k. . . . . . . . . . . O X . . . . . X|
jX . O . . . . . . . . . . . . . . . X|
i. O O . . X O . . . . . . . . . . X .|
hX . . . . . . . . . . . . . . . . . .|
g. O . . . . . . . . X . . . X O . . .|
f. . . . . X X X . . . . . . X . . O .|
e. . . . . . . . . . X . . . . . . X .|
d. O . . . . . . . . O . X . . O . . .|
c. . O . . . X X . . O . . . X . . . .|
b. . O . . . . O . X . . O . . . . . .|
a. . . X . . . . . . . O . . . . . O .|
 A B C D E F G H I J K L M N O P Q R S|
gracz X
--------------------------------------+
s. . . . . . O . O . . . . X . X . . .|
r. . . . . O O . . . . . . . O . . O X|
qO . . . . . X . . O X . . . . . . . O|
p. X X . . . O . . . . . . . . . . . .|
o. . . . . . . X . . . . . . O . . . .|
n. . . . . . . . . . . . . . . . X . .|
m. . . . . . O . . . . . . . X . . . .|
l. . . . O . . O . . . . . . . . . . .|
k. . . . . . . X . . . O X . . . . . X|
jX . O . . . . . . . . . . . . . . . X|
i. O O . . X O . . . . . . . . . . X .|
hX . . . . . . . . . . . . . . . . . .|
g. O . . . . . . . . X . . . X O . . .|
f. . . X . X X X . . . . . . X . . O .|
e. . . . . . . . . . X . . . . . . X .|
d. O . . . . . . . . O . X . . O . . .|
c. . O . . . X X . . O . . . X . . . .|
b. . O . . . . O . X . . O . . . . . .|
a. . . X . . . . . . . O . . . . . O .|
 A B C D E F G H I J K L M N O P Q R S|
gracz O
--------------------------------------+
s. . . . . . O . O . . . . X . X . . .|
r. . . . . O O . . . . . . . O . . O X|
qO . . . . . X . . O X . . . . . . . O|
p. X X . . . O . . . . . . . . . . . .|
oO . . . . . . X . . . . . . O . . . .|
n. . . . . . . . . . . . . . . . X . .|
m. . . . . . O . . . . . . . X . . . .|
l. . . . O . . O . . . . . . . . . . .|
k. . . . . . . X . . . O X . . . . . X|
jX . O . . . . . . . . . . . . . . . X|
i. O O . . X O . . . . . . . . . . X .|
hX . . . . . . . . . . . . . . . . . .|
g. O . . . . . . . . X . . . X O . . .|
f. . O X . X X X . . . . . . X . . O .|
e. . . . . . . . . . X . . . . . . X .|
d. O . . . . . . . . O . X . . O . . .|
c. . O . . . X X . . O . . . X . . . .|
b. . O . . . . O . X . . O . . . . . .|
a. . . X . . . . . . . O . . . . . O .|
 A B C D E F G H I J K L M N O P Q R S|
gracz X
--------------------------------------+
s. . . . . . O . O . . . . X . X . . .|
r. . . . . O O . . . . . . . O . . O X|
qO . . . . . X . . O X . . . . . . . O|
p. X X . . . O . . . . . . . . . . . .|
oO . . . . . . X . . . . . . O . . . .|
n. . . . . . . . . . . . . . . . X . .|
m. . . . . . O . . . . . . . X . . . .|
l. . . . O . . O . . . . . . . . . . .|
k. . . . . . . X . . . O X . . . . . X|
jX . O . . . . . . . . . . . . . . . X|
i. O O . . X O . . . . . . . X . . X .|
hX . . . . . . . . . . . . . . . . . .|
g. O . . . . . . . . X . . . X O . . .|
f. . O X . X X X . . . . . . X . . O .|
e. . . . . . . . . . X . . . . . . X .|
d. O . . . . . . . . O . X . . O . . .|
c. . O . . . X X . . O . . . X . . . .|
b. . O . . . . O . X . . O . . . . . .|
a. . X X . . . . . . . O . . . . . O .|
 A B C D E F G H I J K L M N O P Q R S|
gracz O
--------------------------------------+
s. . . . . . O . O . . . . X . X . . .|
r. . . . . O O . . . . . . . O . . O X|
qO . . . . . X . . O X . . . . . . . O|
p. X X . . . O . . . . . . . . . . . .|
oO . . . . . . X . . . . . . O . . . .|
n. . . . . . . . . . . . . . . . X . .|
m. . . . . . O . . . . . . . X . . . .|
l. O . . O . . O . . . . . . . . . . .|
k. . . . . . . X . . . O X . . . . . X|
jX . O . . . . . . . . . . . . . . . X|
i. O O . . X O . . . . . . . X . . X .|
hX . . . . . . . . . . . . . . . . . .|
g. O . . . . . . O . X . . . X O . . .|
f. . O X . X X X . . . . . . X . . O .|
e. . . . . . . . . . X . . . . . . X .|
d. O . . . . . . . . O . X . . O . . .|
c. . O . . . X X . . O . . . X . . . .|
b. . O . . . . O . X . . O . . . . . .|
a. . X X . . . . . . . O . . . . . O .|
 A B C D E F G H I J K L M N O P Q R S|
gracz X
--------------------------------------+
s. . . . . . O . O . . . . X . X . . .|
r. . . . . O O . . . . . . . O . . O X|
qO . . . . . X . . O X . . . . . . . O|
p. X X . . . O . . . . . . . . . . . .|
oO . . . . . . X . . . . . . O . . . .|
n. . . . . . . . . . . . . . . . X . .|
m. . . . . . O . . . . . . . X . . . .|
l. O . . O . . O . . . . . . . . . . .|
k. . . X . . . X . . . O X . . . . . X|
jX . O . . . . . . . . . . . . . . . X|
i. O O . . X O . . . . . . . X . . X .|
hX . . . . . . . . . . . . . . . . . .|
g. O . . . . . . O . X . . . X O . . .|
f. . O X . X X X . . . . . . X . . O .|
e. . . . . . . . . . X . . . . . . X .|
d. O . . . . . . . . O . X . . O . . .|
c. . O . . . X X . . O . . . X . . X .|
b. . O . . . . O . X . . O . . . . . .|
a. . X X . . . . . . . O . . . . . O .|
 A B C D E F G H I J K L M N O P Q R S|
gracz O
--------------------------------------+
s. . . . . . O . O . . . . X . X . . .|
r. . . . . O O . . . . . . . O . . O X|
qO . . . . . X . . O X . . . . . . . O|
p. X X . . . O . . . . . . . . . . . .|
oO . . . . . . X . . . . . . O . . . .|
n. . . . . . . . . . . . . . . . X . .|
m. . . . . . O . . . . . . . X . . . .|
l. O . . O . . O . . . . . . . . . . .|
k. O . X . . . X . . . O X . . . . . X|
jX . O . . . . . . . . . . . . . . . X|
i. O O . . X O . . . . . . . X . . X .|
hX . . . . . . . . . . . . . . . . . .|
g. O . . . . . . O . X . . . X O . . .|
f. . O X . X X X . . . . . . X . . O .|
e. . . . . . . . . . X . . . . . . X .|
d. O . . . . . . . . O . X . . O . . .|
c. . O . . . X X . . O . . . X . O X .|
b. . O . . . . O . X . . O . . . . . .|
a. . X X . . . . . . . O . . . . . O .|
 A B C D E F G H I J K L M N O P Q R S|
gracz X
--------------------------------------+
s. . . . . . O . O . . . . X . X . . .|
r. . . . . O O . . . . . . . O . . O X|
qO . . . . . X . . O X . . . . . . . O|
p. X X . . . O . . . . . . . . . . . .|
oO . . . . . . X . . . . . . O . . . .|
n. . . . . . . . . . . . . . . . X . .|
m. . . . . . O . . . . . . . X . . . .|
l. O . . O . . O . . . . . . . . . . .|
k. O . X . . . X . . . O X . . . . . X|
jX . O . . . . . . . . . . . . . . . X|
i. O O . . X O . . . . . . . X . . X .|
hX . . . . . . . . . . . . . . . . . .|
g. O . . . . . . O . X . . . X O . . .|
f. . O X . X X X . X . . . . X . . O .|
e. . . . . . . . . . X . . . . . . X .|
d. O . . . . . . . . O . X . . O . . .|
c. . O . . . X X . . O . . . X . O X .|
b. . O . . . . O . X . . O . . . . . .|
a. X X X . . . . . . . O . . . . . O .|
 A B C D E F G H I J K L M N O P Q R S|
gracz O
--------------------------------------+
s. . . . . . O . O . . . . X . X . . O|
r. . . . . O O . . . . . . . O . . O X|
qO . . . . . X . . O X . . . . . . . O|
p. X X . . . O . . . . . . . . . . . .|
oO . . . . . . X . . . . . . O . . . .|
n. . . . . . . . . . . . . . . . X . .|
m. . . . . . O . . . . . . . X . . . .|
l. O . . O . . O . . . . . . . . . . .|
k. O . X . . . X . . . O X . . . . . X|
jX . O . . . . . . . . . . . . . . O X|
i. O O . . X O . . . . . . . X . . X .|
hX . . . . . . . . . . . . . . . . . .|
g. O . . . . . . O . X . . . X O . . .|
f. . O X . X X X . X . . . . X . . O .|
e. . . . . . . . . . X . . . . . . X .|
d. O . . . . . . . . O . X . . O . . .|
c. . O . . . X X . . O . . . X . O X .|
b. . O . . . . O . X . . O . . . . . .|
a. X X X . . . . . . . O . . . . . O .|
 A B C D E F G H I J K L M N O P Q R S|
gracz X
--------------------------------------+
s. . . . . . O . O . . . . X . X . . O|
r. . . . . O O . . . . . . . O . . O X|
qO . . . . . X . . O X . . . . . . . O|
p. X X . . . O . . . . . . . . . . . .|
oO . . . . . . X . . . . . . O . . . .|
n. . . . . . . . . . . . . . . . X . .|
m. . . . . . O . . . . . . . X . . . .|
l. O . . O . . O . . . . . . . . . . .|
k. O . X . . . X . . . O X . . . . . X|
jX . O . . . . . . . . . . . . . X O X|
i. O O . . X O . . . . . . . X . . X .|
hX . . . . . . . . . . . . . . . . . .|
g. O . . . . . . O . X . . . X O . . .|
f. . O X . X X X . X . . . . X . . O .|
e. . . . . . . . . . X . . . . . . X .|
d. O . . . . . . X . O . X . . O . . .|
c. . O . . . X X . . O . . . X . O X .|
b. . O . . . . O . X . . O . . . . . .|
a. X X X . . . . . . . O . . . . . O .|
 A B C D E F G H I J K L M N O P Q R S|
gracz O
--------------------------------------+
s. . . . . . O . O . . . . X . X . . O|
r. . . . . O O . . . . . . . O . . O X|
qO . . . . . X . . O X . . . . . . . O|
p. X X . . . O . . . . . . . . . . . .|
oO . . . . . . X . . . . . . O . . . .|
n. . . . . . . . . . . . O . . . X . .|
m. . . . . . O . . . . . . . X . . . .|
l. O . . O . . O . . . . . . . . . . .|
k. O . X . . . X . . . O X . . . . . X|
jX . O . . . . . . . . . . . . . X O X|
i. O O . . X O . . O . . . . X . . X .|
hX . . . . . . . . . . . . . . . . . .|
g. O . . . . . . O . X . . . X O . . .|
f. . O X . X X X . X . . . . X . . O .|
e. . . . . . . . . . X . . . . . . X .|
d. O . . . . . . X . O . X . . O . . .|
c. . O . . . X X . . O . . . X . O X .|
b. . O . . . . O . X . . O . . . . . .|
a. X X X . . . . . . . O . . . . . O .|
 A B C D E F G H I J K L M N O P Q R S|
gracz X
--------------------------------------+
s. . . . . . O . O . . . . X . X . . O|
r. X . . . O O . . . . . . . O . . O X|
qO . . . . . X . . O X . . . . . . . O|
p. X X . . . O . . . . . . . . . . . .|
oO . . . . . . X . . . . . . O . . . .|
n. . . . . . . . . . . . O . . . X . .|
m. . . . . . O . . . . . . . X . . . .|
l. O . . O . . O . . . . . . . . . . .|
k. O . X . . . X . . . O X . . . . . X|
jX . O . . . . . . . . . . . . . X O X|
i. O O . . X O . . O . . . . X . . X .|
hX . . . . . . . . . . . . . . . . . .|
g. O . . . . . . O . X . . . X O . . .|
f. . O X . X X X . X . . . . X . . O .|
e. . . . . . . . . . X . . . . . . X .|
d. O . . . . . . X . O . X . . O . . .|
c. . O . . . X X . X O . . . X . O X .|
b. . O . . . . O . X . . O . . . . . .|
a. X X X . . . . . . . O . . . . . O .|
 A B C D E F G H I J K L M N O P Q R S|
gracz O
--------------------------------------+
s. . . . . . O . O . . . . X . X . . O|
r. X . . . O O . . . . . . . O . . O X|
qO . . . . . X . . O X . . . . . . . O|
p. X X . . . O . . . . . . . . . . . .|
oO . . . . . . X . . . . . . O . . . .|
n. . . . . . . . . . . . O . . . X . .|
m. . . . . . O . . . . . . . X . . . .|
l. O . . O . . O . . . . . . . . . . .|
k. O . X . . . X . . O O X . . . . . X|
jX . O . . . . . . . . . . . . . X O X|
i. O O . . X O . . O . . . . X . . X .|
hX . . . . . . . . . . . . . . . . . .|
g. O . . . . . . O . X . . . X O . . .|
f. . O X . X X X . X . . . . X . . O .|
e. . . . . . . O . . X . . . . . . X .|
d. O . . . . . . X . O . X . . O . . .|
c. . O . . . X X . X O . . . X . O X .|
b. . O . . . . O . X . . O . . . . . .|
a. X X X . . . . . . . O . . . . . O .|
 A B C D E F G H I J K L M N O P Q R S|
gracz X
--------------------------------------+
s. . . . . . O . O . . . . X . X . . O|
r. X . . . O O . . . . . . . O . . O X|
qO . . . . . X . . O X . . . . . . . O|
p. X X . . . O . . . . . . . . . . . .|
oO . . . . . . X . . . . . . O . . . .|
n. . . . . . . . . . . . O X . . X . .|
m. . . . . . O . . . . . . . X . . . .|
l. O . . O . . O . . . . . . . . . . .|
k. O . X . . . X . . O O X . . . . . X|
jX . O . . . . . . . . . . . . . X O X|
i. O O . . X O . . O . . . . X . . X .|
hX . . . . . . . . . . . . . . . . . .|
g. O . . . . . . O . X . . . X O . . .|
f. . O X . X X X . X . . . . X . . O .|
e. . . . . . . O . . X . . . . . . X .|
d. O . . . . . . X . O . X . . O . . .|
c. . O . . . X X . X O . . . X . O X X|
b. . O . . . . O . X . . O . . . . . .|
a. X X X . . . . . . . O . . . . . O .|
 A B C D E F G H I J K L M N O P Q R S|
gracz O
--------------------------------------+
s. . . . . . O . O . . . . X . X . . O|
r. X . . . O O . . . . . . . O . . O X|
qO . . . . . X . . O X . . . . . . . O|
p. X X . . . O . . . . . . . . . . . .|
oO . . . . . . X . . . . . . O . . . .|
nO . . . . . . . . . . . O X . . X . .|
m. . . . . . O . . . . . . . X . . . .|
l. O . . O . . O . . . . . . . . . . .|
k. O . X . . . X . . O O X . . . . . X|
jX . O . . . . . . . . . . O . . X O X|
i. O O . . X O . . O . . . . X . . X .|
hX . . . . . . . . . . . . . . . . . .|
g. O . . . . . . O . X . . . X O . . .|
f. . O X . X X X . X . . . . X . . O .|
e. . . . . . . O . . X . . . . . . X .|
d. O . . . . . . X . O . X . . O . . .|
c. . O . . . X X . X O . . . X . O X X|
b. . O . . . . O . X . . O . . . . . .|
a. X X X . . . . . . . O . . . . . O .|
 A B C D E F G H I J K L M N O P Q R S|
gracz X
--------------------------------------+
s. . . . . . O . O . . . . X . X . . O|
r. X . . . O O . . . . . . . O . . O X|
qO . . . . . X . . O X . . . . . . . O|
p. X X . . . O . . . . . . . . . . . .|
oO . . . . . . X . . . . . . O . . . .|
nO . . . . . . . . . . . O X . . X . .|
m. . . . . . O . . . . . . . X . . . .|
l. O . . O . . O . . . . . . . . . . .|
k. O . X . . . X . . O O X . . . . . X|
jX . O . . . . . . . . . . O . . X O X|
i. O O . . X O . . O . . . . X . . X .|
hX . . . . . . . . . . . . . . . . . .|
g. O . . . . . . O X X . . . X O . . .|
f. . O X . X X X . X . . . . X . . O .|
e. . . . . . . O . . X . . . X . . X .|
d. O . . . . . . X . O . X . . O . . .|
c. . O . . . X X . X O . . . X . O X X|
b. . O . . . . O . X . . O . . . . . .|
a. X X X . . . . . . . O . . . . . O .|
 A B C D E F G H I J K L M N O P Q R S|
gracz O
--------------------------------------+
s. . . . . . O . O . . . . X . X . . O|
r. X . . . O O . . . . . . . O . . O X|
qO . . . . . X . . O X . . . . . . . O|
p. X X . . . O . . . . . . . . . . . .|
oO . O . . . . X . . . . . . O . . . .|
nO . . . . . . . . . . . O X . . X . .|
m. . . . . . O . . . . . . . X . . . .|
l. O . . O . . O . . . . . . . . . . .|
k. O . X . . . X . . O O X . . . . . X|
jX . O . . . . . . . . . . O . . X O X|
i. O O . . X O . . O . . . . X . . X .|
hX . . . . . . . . . . . . . . . . . .|
g. O . . . . . . O X X . . . X O . . .|
f. . O X . X X X . X . . . . X . . O .|
e. . . . . . . O . . X . . . X . . X .|
d. O . . . . . . X . O . X . . O . . .|
c. . O . O . X X . X O . . . X . O X X|
b. . O . . . . O . X . . O . . . . . .|
a. X X X . . . . . . . O . . . . . O .|
 A B C D E F G H I J K L M N O P Q R S|
gracz X
--------------------------------------+
s. . . . . . O . O . . . . X . X . . O|
r. X . . . O O . . . . . . . O . . O X|
qO . . . . . X . . O X . . . . . . . O|
p. X X . . . O . . . . . . . . . . . .|
oO . O . . . . X . . . . . . O . . . .|
nO . . . . . . . . . . . O X . . X . .|
m. . X . . . O . . . X . . . X . . . .|
l. O . . O . . O . . . . . . . . . . .|
k. O . X . . . X . . O O X . . . . . X|
jX . O . . . . . . . . . . O . . X O X|
i. O O . . X O . . O . . . . X . . X .|
hX . . . . . . . . . . . . . . . . . .|
g. O . . . . . . O X X . . . X O . . .|
f. . O X . X X X . X . . . . X . . O .|
e. . . . . . . O . . X . . . X . . X .|
d. O . . . . . . X . O . X . . O . . .|
c. . O . O . X X . X O . . . X . O X X|
b. . O . . . . O . X . . O . . . . . .|
a. X X X . . . . . . . O . . . . . O .|
 A B C D E F G H I J K L M N O P Q R S|
gracz O
--------------------------------------+
s. . . . . . O . O . . . . X . X . . O|
r. X . . . O O . . . . . . . O . . O X|
qO . . . . . X . . O X . . . . . . . O|
p. X X . . . O . . . . . . . . . . . .|
oO . O . . . . X . . . . . . O . . . .|
nO . . . . . . . . . . . O X . . X . .|
m. . X . . . O . . . X . . . X . . . .|
l. O . . O . . O . . . . . . . . . . .|
k. O . X . . . X . . O O X . . . . . X|
jX . O O . . . . . . . . . O . . X O X|
i. O O . . X O . . O . . . . X . . X .|
hX . . . . . . . . . . . . . . . . . .|
g. O . . . . . . O X X . . . X O . . .|
f. . O X . X X X . X . . . . X . . O .|
e. . . . . . . O . . X . . . X . O X .|
d. O . . . . . . X . O . X . . O . . .|
c. . O . O . X X . X O . . . X . O X X|
b. . O . . . . O . X . . O . . . . . .|
a. X X X . . . . . . . O . . . . . O .|
 A B C D E F G H I J K L M N O P Q R S|
gracz X
--------------------------------------+
s. . . . . . O . O . . . . X . X . . O|
r. X . . . O O . . . . . . . O . . O X|
qO . . . . . X . . O X . . . . . . . O|
p. X X . . . O . . . . . . . . . . . .|
oO . O . . . . X . . . . . . O . . . .|
nO . . . . . . . X . . . O X . . X . .|
m. . X . . . O . . . X . . . X . . . .|
l. O . . O . . O . . . . . . . . . . .|
k. O . X . . . X . . O O X . . . . . X|
jX . O O . . . . . . . . . O . . X O X|
i. O O . . X O . . O . . . . X . . X .|
hX . . . . . . . . . . . . X . . . . .|
g. O . . . . . . O X X . . . X O . . .|
f. . O X . X X X . X . . . . X . . O .|
e. . . . . . . O . . X . . . X . O X .|
d. O . . . . . . X . O . X . . O . . .|
c. . O . O . X X . X O . . . X . O X X|
b. . O . . . . O . X . . O . . . . . .|
a. X X X . . . . . . . O . . . . . O .|
 A B C D E F G H I J K L M N O P Q R S|
gracz O
--------------------------------------+
s. . . . . . O . O . . . . X . X . . O|
r. X . . . O O . . . . . . . O . . O X|
qO . . . . . X . . O X . . . . . . . O|
p. X X . . . O . . . . . . . . . . . .|
oO . O . . . . X . . . . . . O . . . .|
nO . . . . . . . X . . . O X . . X . .|
m. . X . . . O . . . X . . . X . . . .|
l. O . . O . . O . . . . . . O . . . .|
k. O . X . . . X . . O O X . . . . . X|
jX . O O . . . . . . . . . O . . X O X|
i. O O . . X O . . O . . . . X . . X .|
hX . . . . . . . . . . . . X . . . . .|
g. O . . . . . . O X X . . . X O . . .|
f. . O X . X X X . X . . . . X . . O .|
e. . . . . . . O . . X . . . X . O X .|
d. O . . . . . . X . O . X . . O . . .|
c. . O . O . X X . X O . . . X . O X X|
b. . O . . . . O . X . . O . . O . . .|
a. X X X . . . . . . . O . . . . . O .|
 A B C D E F G H I J K L M N O P Q R S|
gracz X
--------------------------------------+
s. . . . . . O . O . . . . X . X . . O|
r. X . . . O O . . . . . . . O . . O X|
qO . . . . . X . . O X . . . . . . . O|
p. X X . . . O . . . . . . . . . . . .|
oO . O . . . . X . . . . . . O . . . .|
nO . . . . . . . X . . . O X . . X . .|
m. . X . . . O . . . X . . . X . . . .|
l. O . . O . . O . . . . . . O . . . .|
k. O . X . . . X . . O O X . . . . . X|
jX . O O . . . . . . . . . O . . X O X|
i. O O . . X O . . O . . . . X . . X .|
hX . . . . . . . . . . . . X . . . . .|
g. O . . . . . . O X X . . X X O . . .|
f. . O X . X X X . X . . . . X . . O .|
e. . . . . . . O . . X . . . X . O X .|
d. O . . . . . . X . O . X . . O . . .|
cX . O . O . X X . X O . . . X . O X X|
b. . O . . . . O . X . . O . . O . . .|
a. X X X . . . . . . . O . . . . . O .|
 A B C D E F G H I J K L M N O P Q R S|
gracz O
--------------------------------------+
s. . . . . . O . O . . . . X . X . . O|
r. X . . . O O . . . . . . . O . . O X|
qO . . . . . X . . O X O . . . . . . O|
p. X X . . . O . . . . . . . . . . . .|
oO . O . . . . X . . . . . . O . . . .|
nO . . . . . . . X . . . O X . . X . .|
m. . X . . . O . . . X . . . X . . . .|
l. O . . O . . O . . . . . . O . . . .|
k. O . X . . . X . . O O X . . . . . X|
jX . O O . . . . . . . . . O . . X O X|
i. O O . . X O . . O . . . . X . . X .|
hX . . . . . . . . . . . . X . . . . .|
g. O . . . . . . O X X . . X X O . . .|
f. . O X . X X X . X . . . . X . . O .|
e. . . . . . . O . . X . . . X . O X .|
d. O . . . . . O X . O . X . . O . . .|
cX . O . O . X X . X O . . . X . O X X|
b. . O . . . . O . X . . O . . O . . .|
a. X X X . . . . . . . O . . . . . O .|
 A B C D E F G H I J K L M N O P Q R S|
gracz X
--------------------------------------+
s. . . . . . O . O . . . . X . X . . O|
r. X . . . O O . . . . . . . O . . O X|
qO . . . . . X . . O X O . . . . . . O|
p. X X . . . O . . . . . . . . . . . X|
oO . O . . . . X . . . . . . O . . . .|
nO . . . . . . . X . . . O X . . X . .|
m. . X . . . O . . . X . . . X . . . .|
l. O . . O . . O . . . . . . O . . . .|
k. O . X . . . X . . O O X . . . . . X|
jX . O O . . . . . . . . . O . . X O X|
i. O O . . X O . . O . . . . X . . X .|
hX . . . . . . . . . . . . X . . . . .|
g. O . . . . . . O X X . . X X O . . .|
f. . O X . X X X . X . . . . X . . O .|
e. . . . . . . O . . X . . . X . O X .|
d. O . . . . . O X . O . X . . O . . .|
cX . O . O . X X . X O . . . X . O X X|
b. . O . . . . O . X . . O . . O X . .|
a. X X X . . . . . . . O . . . . . O .|
 A B C D E F G H I J K L M N O P Q R S|
gracz O
--------------------------------------+
s. . . . . . O . O . . . . X . X . . O|
r. X . . . O O . . . . . . . O . . O X|
qO . . . . . X . . O X O . . . . . . O|
p. X X . . . O . . . . . . . . . . . X|
oO . O . . . . X . . . . . . O . . . .|
nO . . . . . . . X . . . O X . . X . .|
m. . X . . . O . . . X . . . X . . . .|
l. O . . O . . O . . . . . . O . . . .|
k. O . X . . . X . . O O X . . . . . X|
jX . O O . . . . . . . . . O . . X O X|
i. O O . . X O . . O . . . . X . . X .|
hX . . . . . . . . . . . . X O . . . .|
g. O . . . . . . O X X . . X X O . . .|
f. . O X . X X X . X . . . . X . . O .|
e. . . . . O . O . . X . . . X . O X .|
d. O . . . . . O X . O . X . . O . . .|
cX . O . O . X X . X O . . . X . O X X|
b. . O . . . . O . X . . O . . O X . .|
a. X X X . . . . . . . O . . . . . O .|
 A B C D E F G H I J K L M N O P Q R S|
gracz X
--------------------------------------+
s. . . . . . O . O . . . . X . X . . O|
r. X . . . O O . . . . . . . O . . O X|
qO . . . . . X X . O X O . . . . . . O|
p. X X . . . O . . . . . . . . . . . X|
oO . O . . . . X . . . . . . O . . . X|
nO . . . . . . . X . . . O X . . X . .|
m. . X . . . O . . . X . . . X . . . .|
l. O . . O . . O . . . . . . O . . . .|
k. O . X . . . X . . O O X . . . . . X|
jX . O O . . . . . . . . . O . . X O X|
i. O O . . X O . . O . . . . X . . X .|
hX . . . . . . . . . . . . X O . . . .|
g. O . . . . . . O X X . . X X O . . .|
f. . O X . X X X . X . . . . X . . O .|
e. . . . . O . O . . X . . . X . O X .|
d. O . . . . . O X . O . X . . O . . .|
cX . O . O . X X . X O . . . X . O X X|
b. . O . . . . O . X . . O . . O X . .|
a. X X X . . . . . . . O . . . . . O .|
 A B C D E F G H I J K L M N O P Q R S|
gracz O
--------------------------------------+
s. . . . . . O . O . . . . X . X . . O|
r. X . . . O O . . . . . . . O . . O X|
qO . . . . . X X . O X O . . . . . . O|
p. X X . . . O . . . . . . . . . . . X|
oO . O . . . . X . . . . . . O . . . X|
nO . . . . . . . X . . . O X . . X . .|
m. . X . . . O . . . X . . . X . . . .|
l. O . . O . O O . . . . O . O . . . .|
k. O . X . . . X . . O O X . . . . . X|
jX . O O . . . . . . . . . O . . X O X|
i. O O . . X O . . O . . . . X . . X .|
hX . . . . . . . . . . . . X O . . . .|
g. O . . . . . . O X X . . X X O . . .|
f. . O X . X X X . X . . . . X . . O .|
e. . . . . O . O . . X . . . X . O X .|
d. O . . . . . O X . O . X . . O . . .|
cX . O . O . X X . X O . . . X . O X X|
b. . O . . . . O . X . . O . . O X . .|
a. X X X . . . . . . . O . . . . . O .|
 A B C D E F G H I J K L M N O P Q R S|
gracz X
--------------------------------------+
s. . . . . . O . O . . . . X . X . . O|
r. X . . . O O . . . . . . . O . . O X|
qO . . . . . X X . O X O . . . . . . O|
p. X X . . . O . . . . . . . . . . . X|
oO . O . . . . X . . . . . . O . . . X|
nO . . . . . . . X . . . O X . . X . .|
m. . X . . . O . . . X . . . X . X . .|
l. O . . O . O O . . . . O . O . . . .|
k. O . X . . . X . . O O X . . . . . X|
jX . O O . . . . . . . . . O . . X O X|
i. O O . . X O . . O . . . . X . . X .|
hX . . . . . . . . . . . . X O . . . .|
g. O . . . . . . O X X . . X X O . . .|
f. . O X . X X X . X . . . . X . . O .|
e. . . . . O . O . . X . . . X . O X .|
d. O . . . . . O X . O . X . . O . . .|
cX . O . O . X X . X O . . . X . O X X|
b. . O . . . . O . X X . O . . O X . .|
a. X X X . . . . . . . O . . . . . O .|
 A B C D E F G H I J K L M N O P Q R S|
gracz O
--------------------------------------+
sO . . . . . O . O . . . . X . X . . O|
r. X . . . O O . . . . . . . O . . O X|
qO . . . . . X X . O X O . . . . . . O|
p. X X . . . O . . . . . . . . . . . X|
oO . O . . . . X . . . . . . O . . . X|
nO . . . . . . . X . . . O X . . X . .|
m. . X . . . O . . . X . . . X . X . .|
l. O . . O . O O . . . . O . O . . . .|
k. O . X . . . X . . O O X . . . . . X|
jX . O O . . . . . . . . . O . . X O X|
i. O O . . X O . O O . . . . X . . X .|
hX . . . . . . . . . . . . X O . . . .|
g. O . . . . . . O X X . . X X O . . .|
f. . O X . X X X . X . . . . X . . O .|
e. . . . . O . O . . X . . . X . O X .|
d. O . . . . . O X . O . X . . O . . .|
cX . O . O . X X . X O . . . X . O X X|
b. . O . . . . O . X X . O . . O X . .|
a. X X X . . . . . . . O . . . . . O .|
 A B C D E F G H I J K L M N O P Q R S|
gracz X
--------------------------------------+
sO . . . . . O . O . . . . X . X . . O|
r. X . . . O O . . . . . . . O . . O X|
qO . . . . . X X . O X O . . . . . . O|
p. X X . . . O . . . . . . . . . . . X|
oO . O . . . . X . . . . . . O . . . X|
nO . . . . . . . X . . . O X . . X . .|
m. . X . . . O . . X X . . . X . X . .|
l. O . . O . O O . . . . O . O . . . .|
k. O . X . . . X . . O O X . . . . . X|
jX . O O . . . . . . . . . O . . X O X|
i. O O . . X O . O O . . . . X . . X .|
hX . . . . . . . . . . . . X O . . . .|
g. O . . . . . . O X X . . X X O . . .|
f. . O X . X X X . X . . . . X . . O .|
e. . . X . O . O . . X . . . X . O X .|
d. O . . . . . O X . O . X . . O . . .|
cX . O . O . X X . X O . . . X . O X X|
b. . O . . . . O . X X . O . . O X . .|
a. X X X . . . . . . . O . . . . . O .|
 A B C D E F G H I J K L M N O P Q R S|
gracz O
--------------------------------------+
sO . . . . . O . O . . . . X . X . . O|
r. X . . . O O . . . . . . . O . . O X|
qO . . . . . X X . O X O . . . . . . O|
p. X X . . . O . . . . . . . . . . . X|
oO . O . . . . X . . . . . . O . . . X|
nO . . . . . . . X . . . O X . . X . .|
m. . X . . . O . . X X . . . X . X . .|
l. O . . O . O O . . O . O . O . . . .|
k. O . X . . . X . . O O X . . . . . X|
jX . O O . . . . . . . . . O . . X O X|
i. O O . . X O . O O . . . . X . . X .|
hX . . . . . . . . . . . . X O . . . .|
g. O . . . . . . O X X . . X X O . . .|
f. . O X . X X X . X . . . . X . . O .|
e. . . X . O . O . . X . . . X . O X .|
d. O . . . . . O X . O . X . . O . . .|
cX . O . O . X X . X O . . . X . O X X|
b. . O . O . . O . X X . O . . O X . .|
a. X X X . . . . . . . O . . . . . O .|
 A B C D E F G H I J K L M N O P Q R S|
gracz X
--------------------------------------+
sO . . . . . O . O . . . . X . X . . O|
r. X . . . O O . . . . . . . O . . O X|
qO . . . . . X X . O X O X . . . . . O|
p. X X . . . O . . . . . . . . . . . X|
oO . O . . . . X . . . . . . O . . . X|
nO . . . . . . . X . . . O X . . X . .|
m. . X . . . O . . X X . . . X . X . .|
l. O . . O . O O . . O . O . O . . . .|
k. O . X . . . X . . O O X . . . . X X|
jX . O O . . . . . . . . . O . . X O X|
i. O O . . X O . O O . . . . X . . X .|
hX . . . . . . . . . . . . X O . . . .|
g. O . . . . . . O X X . . X X O . . .|
f. . O X . X X X . X . . . . X . . O .|
e. . . X . O . O . . X . . . X . O X .|
d. O . . . . . O X . O . X . . O . . .|
cX . O . O . X X . X O . . . X . O X X|
b. . O . O . . O . X X . O . . O X . .|
a. X X X . . . . . . . O . . . . . O .|
 A B C D E F G H I J K L M N O P Q R S|
gracz O
--------------------------------------+
sO . . . . . O . O . . . . X . X . . O|
r. X . . . O O . . . . . . . O . . O X|
qO . . . . . X X . O X O X . . . . . O|
p. X X . . . O . . . . . . . . . . . X|
oO . O . . . . X . . . . . . O . . . X|
nO . . . . . . . X . . . O X . . X . .|
m. . X . . . O . . X X . . . X . X . .|
l. O O . O . O O . . O . O . O . . . .|
k. O . X . . . X . . O O X . . . . X X|
jX . O O . . . . . . . . . O . . X O X|
i. O O . . X O . O O . . . . X . . X .|
hX . . . . . . . . . . . . X O . . . .|
g. O . . . . . . O X X . . X X O . . .|
f. . O X . X X X . X . . . . X . . O .|
e. . . X . O . O . . X . . . X . O X .|
d. O . . . . . O X . O . X . . O . . .|
cX . O . O . X X . X O . . . X . O X X|
b. . O . O . . O . X X . O . . O X O .|
a. X X X . . . . . . . O . . . . . O .|
 A B C D E F G H I J K L M N O P Q R S|
gracz X
--------------------------------------+
sO . . . . . O . O . . . . X . X . . O|
r. X . . . O O . . . . . . . O . . O X|
qO . . . . . X X . O X O X . . . . . O|
p. X X . . . O . . . . . . . . . . . X|
oO . O . . . . X . . . . . . O . . . X|
nO . . . . . . . X . . . O X . . X . .|
m. . X . . . O . . X X . . . X . X . .|
l. O O . O . O O . . O . O . O . . . .|
k. O . X . . . X . . O O X . . . . X X|
jX . O O . . . . . . X . . O . . X O X|
i. O O . . X O . O O . . . . X . . X .|
hX . . . . . . . . . . . . X O . . . .|
g. O . . . . . . O X X . . X X O . . .|
f. . O X . X X X . X . . . . X . . O .|
e. . . X . O . O . . X . X . X . O X .|
d. O . . . . . O X . O . X . . O . . .|
cX . O . O . X X . X O . . . X . O X X|
b. . O . O . . O . X X . O . . O X O .|
a. X X X . . . . . . . O . . . . . O .|
 A B C D E F G H I J K L M N O P Q R S|
gracz O
--------------------------------------+
sO . . . . . O . O O . . . X . X . . O|
r. X . . . O O . . . . . . . O . . O X|
qO . . . . . X X . O X O X . . . . . O|
p. X X . . . O . . . . . . . . . . . X|
oO . O . . . . X . . . . . . O . . . X|
nO . . . . . . . X . . . O X . . X . .|
m. . X . . . O . . X X . . . X . X . .|
l. O O . O . O O . . O . O . O . . . .|
k. O . X . O . X . . O O X . . . . X X|
jX . O O . . . . . . X . . O . . X O X|
i. O O . . X O . O O . . . . X . . X .|
hX . . . . . . . . . . . . X O . . . .|
g. O . . . . . . O X X . . X X O . . .|
f. . O X . X X X . X . . . . X . . O .|
e. . . X . O . O . . X . X . X . O X .|
d. O . . . . . O X . O . X . . O . . .|
cX . O . O . X X . X O . . . X . O X X|
b. . O . O . . O . X X . O . . O X O .|
a. X X X . . . . . . . O . . . . . O .|
 A B C D E F G H I J K L M N O P Q R S|
gracz X
--------------------------------------+
sO . . . . . O . O O . . . X . X . . O|
r. X . . . O O . . . . . . . O . . O X|
qO . . . . . X X . O X O X . . . . . O|
p. X X . . . O . . . . . . . . . . . X|
oO . O . . . . X . . . . . . O . . . X|
nO . . . . . . . X . . . O X . . X . .|
m. . X . . . O . . X X . . . X . X . .|
l. O O . O . O O . . O . O . O . . . .|
k. O . X . O . X . . O O X . . . . X X|
jX . O O . X . . . . X . . O . . X O X|
i. O O . . X O . O O . . . . X . . X .|
hX . . . . . . . . . . . . X O . . . .|
g. O . . . . . . O X X . . X X O . . .|
f. . O X . X X X . X . . . . X . . O .|
e. . . X . O . O . . X . X . X . O X .|
d. O . . . . . O X . O . X . . O . . .|
cX . O . O . X X . X O . . . X . O X X|
b. X O . O . . O . X X . O . . O X O .|
a. X X X . . . . . . . O . . . . . O .|
 A B C D E F G H I J K L M N O P Q R S|
gracz O
--------------------------------------+
sO . . . . . O . O O . . . X . X . O O|
r. X . . . O O . . . . . . . O . . O X|
qO . . . . . X X . O X O X . . . . . O|
p. X X . . . O . . . . . . . . . . . X|
oO . O . . . . X . . . . . . O . . . X|
nO . . . . . . . X . . . O X . . X . .|
m. . X O . . O . . X X . . . X . X . .|
l. O O . O . O O . . O . O . O . . . .|
k. O . X . O . X . . O O X . . . . X X|
jX . O O . X . . . . X . . O . . X O X|
i. O O . . X O . O O . . . . X . . X .|
hX . . . . . . . . . . . . X O . . . .|
g. O . . . . . . O X X . . X X O . . .|
f. . O X . X X X . X . . . . X . . O .|
e. . . X . O . O . . X . X . X . O X .|
d. O . . . . . O X . O . X . . O . . .|
cX . O . O . X X . X O . . . X . O X X|
b. X O . O . . O . X X . O . . O X O .|
a. X X X . . . . . . . O . . . . . O .|
 A B C D E F G H I J K L M N O P Q R S|
gracz X
--------------------------------------+
sO . . . . . O . O O . . . X . X . O O|
r. X . . . O O . . . . . . . O . . O X|
qO . . . . . X X . O X O X . . . . . O|
p. X X . . . O . . . . . . . . . . . X|
oO . O . . . . X . . . . . . O . . . X|
nO . . . . . . . X . . . O X . . X . X|
m. . X O . . O . . X X . . . X . X . .|
l. O O . O . O O . . O . O . O . . . .|
k. O . X . O . X . . O O X . . . . X X|
jX . O O . X . . . . X . . O . . X O X|
i. O O . . X O . O O . . . . X . . X .|
hX . . . . . . . . . . . . X O . . . .|
g. O . . . . . . O X X . . X X O X . .|
f. . O X . X X X . X . . . . X . . O .|
e. . . X . O . O . . X . X . X . O X .|
d. O . . . . . O X . O . X . . O . . .|
cX . O . O . X X . X O . . . X . O X X|
b. X O . O . . O . X X . O . . O X O .|
a. X X X . . . . . . . O . . . . . O .|
 A B C D E F G H I J K L M N O P Q R S|
gracz O
--------------------------------------+
sO . . . . . O . O O . . . X . X . O O|
r. X . . . O O . . . . . . . O . . O X|
qO . . . . . X X . O X O X . . . . . O|
p. X X . . . O . . . . . . . . . . . X|
oO . O . . . . X . . . . . . O . . . X|
nO . . . . . . . X . . . O X . . X . X|
m. . X O . . O . . X X . . . X . X . .|
l. O O . O . O O . . O . O . O . . . .|
k. O . X . O . X . . O O X . . . . X X|
jX . O O . X . . . . X . . O . . X O X|
i. O O . . X O . O O . . . . X . . X .|
hX . . . . . . . . . . . . X O . . . .|
g. O . . . . . . O X X . . X X O X . .|
f. . O X . X X X . X . . . . X . . O .|
e. . . X . O . O . . X . X . X . O X .|
d. O . . . . . O X . O . X . . O . . .|
cX . O . O . X X . X O . . . X . O X X|
b. X O . O . . O . X X . O . . O X O .|
a. X X X . . . . . . . O . . . . . O .|
 A B C D E F G H I J K L M N O P Q R S|
gracz O
--------------------------------------+
sO . . . . . O . O O . . . X . X . O O|
r. X . . . O O . . . . . . O O . . O X|
qO . . . . . X X . O X O X . . . . . O|
p. X X . . . O . . . . . . . . . . . X|
oO . O . . . . X . . . . . . O . . . X|
nO . . . . . . . X . O . O X . . X . X|
m. . X O . . O . . X X . . . X . X . .|
l. O O . O . O O . . O . O . O . . . .|
k. O . X . O . X . . O O X . . . . X X|
jX . O O . X . . . . X . . O . . X O X|
i. O O . . X O . O O . . . . X . . X .|
hX . . . . . . . . . . . . X O . . . .|
g. O . . . . . . O X X . . X X O X . .|
f. . O X . X X X . X . . . . X . . O .|
e. . . X . O . O . . X . X . X . O X .|
d. O . . . . . O X . O . X . . O . . .|
cX . O . O . X X . X O . . . X . O X X|
b. X O . O . . O . X X . O . . O X O .|
a. X X X . . . . . . . O . . . . . O .|
 A B C D E F G H I J K L M N O P Q R S|
gracz X
--------------------------------------+
sO . . . . . O . O O . . . X . X . O O|
r. X . . . O O . . . . . . O O . . O X|
qO . . . . . X X . O X O X . . . . . O|
p. X X . . . O . . . . . . . . . . . X|
oO . O . . . . X . . . . . . O . . . X|
nO . . . . . . . X . O . O X . . X . X|
mX . X O . . O . . X X . . . X . X . .|
l. O O . O . O O . . O . O . O . . . .|
k. O . X . O . X . . O O X . . . . X X|
jX . O O . X . . . . X . . O . . X O X|
i. O O . . X O . O O . . . . X . . X .|
hX . . . . . . . . . . . . X O . . . .|
g. O . . . . . . O X X . . X X O X . .|
f. . O X . X X X . X . . . . X . . O .|
e. . X X . O . O . . X . X . X . O X .|
d. O . . . . . O X . O . X . . O . . .|
cX . O . O . X X . X O . . . X . O X X|
b. X O . O . . O . X X . O . . O X O .|
a. X X X . . . . . . . O . . . . . O .|
 A B C D E F G H I J K L M N O P Q R S|
gracz O
--------------------------------------+
sO . . . . . O . O O . . . X . X . O O|
r. X . . . O O . . . . . . O O . . O X|
qO . . . . . X X . O X O X . . . . . O|
p. X X . . . O . . . . . . . . . . . X|
oO . O . . . . X . . . . . . O . . . X|
nO . . . . . O . X . O . O X . . X . X|
mX . X O . . O . . X X . . . X . X . .|
l. O O . O . O O . . O . O . O . . . .|
k. O . X . O . X . . O O X . . . . X X|
jX . O O . X . . . . X . . O . . X O X|
i. O O . . X O . O O . . . . X . . X .|
hX . . . . . . . . . . . . X O . . . .|
g. O . . . . . . O X X . . X X O X . .|
f. . O X . X X X . X . . . . X . . O .|
e. . X X . O . O . . X . X . X . O X .|
dO O . . . . . O X . O . X . . O . . .|
cX . O . O . X X . X O . . . X . O X X|
b. X O . O . . O . X X . O . . O X O .|
a. X X X . . . . . . . O . . . . . O .|
 A B C D E F G H I J K L M N O P Q R S|
gracz X
--------------------------------------+
sO . . . . . O . O O . . . X . X . O O|
r. X . . . O O . . . . . . O O . . O X|
qO . . . . . X X . O X O X . . . . . O|
p. X X . . . O . . . . . . . . . . . X|
oO . O . . . . X . . . . . . O . . . X|
nO . . . . . O . X . O . O X . . X . X|
mX . X O . . O . . X X . . . X . X . .|
l. O O . O . O O . . O . O . O . . . .|
k. O . X . O . X . . O O X . . . . X X|
jX . O O . X . . . . X . . O . . X O X|
i. O O . . X O . O O . . . . X . . X .|
hX . . . . . . . . . . . . X O . . . .|
g. O . . . . . . O X X . . X X O X . .|
f. . O X . X X X . X . . . . X . . O .|
e. . X X . O . O . . X . X . X X O X .|
dO O . . . . . O X . O . X . . O . . .|
cX . O . O . X X . X O . . . X . O X X|
b. X O . O . . O . X X . O . . O X O .|
a. X X X . . . . . . . O X . . . . O .|
 A B C D E F G H I J K L M N O P Q R S|
gracz O
--------------------------------------+
sO . . . . . O . O O . . . X . X . O O|
r. X . . . O O . . . . . . O O . . O X|
qO . . . . . X X . O X O X O . . . . O|
p. X X . . . O . . . . . . . . . . . X|
oO . O . . . . X . . . . . . O . . . X|
nO . . . . . O . X . O . O X . . X . X|
mX . X O . . O . . X X . . . X . X . .|
l. O O . O . O O . . O . O . O . . . .|
k. O . X . O . X . . O O X . . . . X X|
jX . O O . X . . . . X . . O . . X O X|
i. O O . . X O . O O . . . . X . . X .|
hX . . . . . . . . . . . . X O . . . .|
g. O . . . . . . O X X . . X X O X . .|
f. . O X . X X X . X . . . . X . . O .|
e. . X X . O . O . . X . X . X X O X .|
dO O . . . . . O X . O . X . . O . . .|
cX . O . O . X X . X O . . . X O O X X|
b. X O . O . . O . X X . O . . O X O .|
a. X X X . . . . . . . O X . . . . O .|
 A B C D E F G H I J K L M N O P Q R S|
gracz X
--------------------------------------+
sO . . . . . O . O O . . . X . X . O O|
r. X . . . O O . . . . . . O O . . O X|
qO . . . . . X X . O X O X O . . . . O|
p. X X . . . O . . . . . . . . . . . X|
oO . O . . . . X . . . . . . O . . X X|
nO . . . . . O . X . O . O X . . X . X|
mX . X O . . O . . X X . . . X . X . .|
l. O O . O . O O . . O . O . O . . . .|
k. O . X . O . X . . O O X . . . . X X|
jX . O O . X . . . . X X . O . . X O X|
i. O O . . X O . O O . . . . X . . X .|
hX . . . . . . . . . . . . X O . . . .|
g. O . . . . . . O X X . . X X O X . .|
f. . O X . X X X . X . . . . X . . O .|
e. . X X . O . O . . X . X . X X O X .|
dO O . . . . . O X . O . X . . O . . .|
cX . O . O . X X . X O . . . X O O X X|
b. X O . O . . O . X X . O . . O X O .|
a. X X X . . . . . . . O X . . . . O .|
 A B C D E F G H I J K L M N O P Q R S|
gracz O
--------------------------------------+
sO . . . . . O . O O . . . X . X . O O|
r. X . . . O O . . . . . . O O . . O X|
qO . . . . . X X . O X O X O . . . . O|
p. X X . . . O . . . . . . . . . . . X|
oO . O . . . . X . . . . . . O . . X X|
nO . . . O . O . X . O . O X . . X . X|
mX . X O . . O . . X X . . . X . X . .|
l. O O . O . O O . . O . O . O . . . .|
k. O . X . O . X . . O O X . . . . X X|
jX . O O . X . . . . X X . O . . X O X|
i. O O . . X O . O O O . . . X . . X .|
hX . . . . . . . . . . . . X O . . . .|
g. O . . . . . . O X X . . X X O X . .|
f. . O X . X X X . X . . . . X . . O .|
e. . X X . O . O . . X . X . X X O X .|
dO O . . . . . O X . O . X . . O . . .|
cX . O . O . X X . X O . . . X O O X X|
b. X O . O . . O . X X . O . . O X O .|
a. X X X . . . . . . . O X . . . . O .|
 A B C D E F G H I J K L M N O P Q R S|
gracz X
--------------------------------------+
sO . . . . X O . O O . . . X . X . O O|
r. X . . . O O . . . . . . O O . . O X|
qO . . . . . X X . O X O X O . . . . O|
p. X X . . . O . . . . . . . . . . . X|
oO . O . . . . X . . . . . . O . . X X|
nO . . . O . O . X . O . O X . . X . X|
mX . X O . . O . . X X . . . X . X . .|
l. O O . O . O O . . O . O . O . . . .|
k. O . X . O . X . . O O X . . . . X X|
jX . O O . X . . . . X X . O . . X O X|
i. O O . . X O . O O O . . . X . . X .|
hX . . . . . . . . . . . . X O . . . .|
g. O . . . . . . O X X . . X X O X . X|
f. . O X . X X X . X . . . . X . . O .|
e. . X X . O . O . . X . X . X X O X .|
dO O . . . . . O X . O . X . . O . . .|
cX . O . O . X X . X O . . . X O O X X|
b. X O . O . . O . X X . O . . O X O .|
a. X X X . . . . . . . O X . . . . O .|
 A B C D E F G H I J K L M N O P Q R S|
gracz O
--------------------------------------+
sO . . . . X O . O O . . . X . X . O O|
r. X . . . O O . . . . . . O O . . O X|
qO . . . . . X X . O X O X O . . . . O|
p. X X . . . O . . . . . . . . . . . X|
oO . O . . . . X . . O . . . O . . X X|
nO . . . O . O . X . O . O X . . X . X|
mX . X O . . O . . X X . . . X . X . .|
l. O O . O . O O . . O . O . O . . . .|
k. O . X . O . X . . O O X . . . . X X|
jX . O O . X . . . . X X . O . . X O X|
i. O O O . X O . O O O . . . X . . X .|
hX . . . . . . . . . . . . X O . . . .|
g. O . . . . . . O X X . . X X O X . X|
f. . O X . X X X . X . . . . X . . O .|
e. . X X . O . O . . X . X . X X O X .|
dO O . . . . . O X . O . X . . O . . .|
cX . O . O . X X . X O . . . X O O X X|
b. X O . O . . O . X X . O . . O X O .|
a. X X X . . . . . . . O X . . . . O .|
 A B C D E F G H I J K L M N O P Q R S|
gracz X
--------------------------------------+
sO . . . . X O . O O . . . X . X . O O|
r. X . . . O O . . . . . . O O . X O X|
qO . . . . . X X . O X O X O . . . . O|
p. X X . . . O . . . . . . . . . . X X|
oO . O . . . . X . . O . . . O . . X X|
nO . . . O . O . X . O . O X . . X . X|
mX . X O . . O . . X X . . . X . X . .|
l. O O . O . O O . . O . O . O . . . .|
k. O . X . O . X . . O O X . . . . X X|
jX . O O . X . . . . X X . O . . X O X|
i. O O O . X O . O O O . . . X . . X .|
hX . . . . . . . . . . . . X O . . . .|
g. O . . . . . . O X X . . X X O X . X|
f. . O X . X X X . X . . . . X . . O .|
e. . X X . O . O . . X . X . X X O X .|
dO O . . . . . O X . O . X . . O . . .|
cX . O . O . X X . X O . . . X O O X X|
b. X O . O . . O . X X . O . . O X O .|
a. X X X . . . . . . . O X . . . . O .|
 A B C D E F G H I J K L M N O P Q R S|
gracz O
--------------------------------------+
sO . . . . X O . O O . . . X . X . O O|
r. X . . . O O . . . . . . O O . X O X|
qO . . . . O X X . O X O X O . . . . O|
p. X X . . . O . . . . . . . . . . X X|
oO . O . . . . X . . O . . . O . . X X|
nO . . . O . O . X . O . O X . . X . X|
mX . X O . . O . . X X . . . X . X . .|
l. O O . O . O O . . O . O . O . . . .|
k. O . X . O . X O . O O X . . . . X X|
jX . O O . X . . . . X X . O . . X O X|
i. O O O . X O . O O O . . . X . . X .|
hX . . . . . . . . . . . . X O . . . .|
g. O . . . . . . O X X . . X X O X . X|
f. . O X . X X X . X . . . . X . . O .|
e. . X X . O . O . . X . X . X X O X .|
dO O . . . . . O X . O . X . . O . . .|
cX . O . O . X X . X O . . . X O O X X|
b. X O . O . . O . X X . O . . O X O .|
a. X X X . . . . . . . O X . . . . O .|
 A B C D E F G H I J K L M N O P Q R S|
gracz X
--------------------------------------+
sO . . . . X O . O O . . . X . X . O O|
r. X . . . O O . . . . . . O O . X O X|
qO . . . . O X X . O X O X O . . . . O|
pX X X . . . O . . . . . . . . . . X X|
oO . O . . . . X . . O . . . O . . X X|
nO . . . O . O . X . O . O X . . X . X|
mX . X O . . O . . X X . . . X . X . .|
l. O O . O . O O . . O . O . O . . . .|
k. O . X . O . X O . O O X . . . . X X|
jX . O O . X . . . . X X . O . . X O X|
i. O O O . X O . O O O X . . X . . X .|
hX . . . . . . . . . . . . X O . . . .|
g. O . . . . . . O X X . . X X O X . X|
f. . O X . X X X . X . . . . X . . O .|
e. . X X . O . O . . X . X . X X O X .|
dO O . . . . . O X . O . X . . O . . .|
cX . O . O . X X . X O . . . X O O X X|
b. X O . O . . O . X X . O . . O X O .|
a. X X X . . . . . . . O X . . . . O .|
 A B C D E F G H I J K L M N O P Q R S|
gracz O
--------------------------------------+
sO . . . . X O . O O . . . X . X . O O|
r. X . . . O O . . . . . . O O . X O X|
qO . . . . O X X . O X O X O . . . . O|
pX X X . . . O . . . . . . . . . . X X|
oO . O . . . . X . . O . . . O . . X X|
nO . . . O . O . X O O . O X . . X . X|
mX . X O . . O . . X X . . . X . X . .|
l. O O . O . O O . . O . O . O . . . .|
k. O . X . O . X O . O O X . . . . X X|
jX . O O . X . . . . X X . O . . X O X|
i. O O O . X O . O O O X . . X . . X .|
hX . . . . . . . . . . . . X O . . . .|
g. O . . . . . . O X X . . X X O X . X|
f. . O X . X X X . X . . . . X . O O .|
e. . X X . O . O . . X . X . X X O X .|
dO O . . . . . O X . O . X . . O . . .|
cX . O . O . X X . X O . . . X O O X X|
b. X O . O . . O . X X . O . . O X O .|
a. X X X . . . . . . . O X . . . . O .|
 A B C D E F G H I J K L M N O P Q R S|
gracz X
--------------------------------------+
sO . . . . X O . O O . . . X . X . O O|
r. X . . . O O . . . . . . O O . X O X|
qO . . . . O X X X O X O X O . . . . O|
pX X X . . . O . . . . . . . . . . X X|
oO . O . . . . X . . O . . . O . . X X|
nO . . . O . O . X O O . O X . . X . X|
mX . X O . . O . . X X . . . X . X . .|
l. O O . O . O O . . O . O . O . . . .|
k. O . X . O . X O . O O X . . . . X X|
jX . O O . X . . . . X X . O . . X O X|
i. O O O . X O . O O O X . . X . . X .|
hX . . . . X . . . . . . . X O . . . .|
g. O . . . . . . O X X . . X X O X . X|
f. . O X . X X X . X . . . . X . O O .|
e. . X X . O . O . . X . X . X X O X .|
dO O . . . . . O X . O . X . . O . . .|
cX . O . O . X X . X O . . . X O O X X|
b. X O . O . . O . X X . O . . O X O .|
a. X X X . . . . . . . O X . . . . O .|
 A B C D E F G H I J K L M N O P Q R S|
gracz O
--------------------------------------+
sO . . . . X O . O O . . . X . X . O O|
r. X . . . O O . . . . . . O O . X O X|
qO . . . . O X X X O X O X O . . . . O|
pX X X . . . O . . . . . . . . . . X X|
oO . O . . . . X . . O . . . O . . X X|
nO . . . O . O . X O O . O X . . X . X|
mX . X O . . O . . X X . . . X . X . .|
l. O O . O . O O . . O . O O O . . . .|
k. O . X . O . X O . O O X . . . O X X|
jX . O O . X . . . . X X . O . . X O X|
i. O O O . X O . O O O X . . X . . X .|
hX . . . . X . . . . . . . X O . . . .|
g. O . . . . . . O X X . . X X O X . X|
f. . O X . X X X . X . . . . X . O O .|
e. . X X . O . O . . X . X . X X O X .|
dO O . . . . . O X . O . X . . O . . .|
cX . O . O . X X . X O . . . X O O X X|
b. X O . O . . O . X X . O . . O X O .|
a. X X X . . . . . . . O X . . . . O .|
 A B C D E F G H I J K L M N O P Q R S|
gracz X
--------------------------------------+
sO . . . . X O . O O X . . X . X . O O|
r. X . . . O O . . . . . . O O . X O X|
qO . . . . O X X X O X O X O . . . . O|
pX X X . . . O . . . . . . . . . . X X|
oO . O . . . . X . . O . . . O . . X X|
nO . . . O . O . X O O . O X . . X . X|
mX . X O . . O . . X X . . . X . X . .|
l. O O . O . O O . . O . O O O . . . X|
k. O . X . O . X O . O O X . . . O X X|
jX . O O . X . . . . X X . O . . X O X|
i. O O O . X O . O O O X . . X . . X .|
hX . . . . X . . . . . . . X O . . . .|
g. O . . . . . . O X X . . X X O X . X|
f. . O X . X X X . X . . . . X . O O .|
e. . X X . O . O . . X . X . X X O X .|
dO O . . . . . O X . O . X . . O . . .|
cX . O . O . X X . X O . . . X O O X X|
b. X O . O . . O . X X . O . . O X O .|
a. X X X . . . . . . . O X . . . . O .|
 A B C D E F G H I J K L M N O P Q R S|
gracz O
--------------------------------------+
sO . . . . X O . O O X . . X . X . O O|
r. X . . . O O . . . . . . O O . X O X|
qO . . . . O X X X O X O X O . . . . O|
pX X X . . . O . . . . . . . . . . X X|
oO . O . . . . X . . O . . . O . . X X|
nO . . . O . O . X O O . O X . . X . X|
mX . X O . . O . . X X . . . X . X . .|
l. O O . O . O O . . O . O O O . O . X|
k. O . X . O . X O . O O X . . . O X X|
jX . O O . X . . . . X X . O . . X O X|
i. O O O . X O . O O O X . . X . O X .|
hX . . . . X . . . . . . . X O . . . .|
g. O . . . . . . O X X . . X X O X . X|
f. . O X . X X X . X . . . . X . O O .|
e. . X X . O . O . . X . X . X X O X .|
dO O . . . . . O X . O . X . . O . . .|
cX . O . O . X X . X O . . . X O O X X|
b. X O . O . . O . X X . O . . O X O .|
a. X X X . . . . . . . O X . . . . O .|
 A B C D E F G H I J K L M N O P Q R S|
gracz X
--------------------------------------+
sO . . . . X O . O O X . . X . X . O O|
r. X . . . O O . . . . . . O O . X O X|
qO . . . . O X X X O X O X O . . . . O|
pX X X . . . O . X . . . . . . . . X X|
oO . O . . . . X . . O . . . O . . X X|
nO . . . O . O . X O O . O X . . X . X|
mX . X O . . O . . X X . . . X . X . .|
l. O O . O . O O . . O X O O O . O . X|
k. O . X . O . X O . O O X . . . O X X|
jX . O O . X . . . . X X . O . . X O X|
i. O O O . X O . O O O X . . X . O X .|
hX . . . . X . . . . . . . X O . . . .|
g. O . . . . . . O X X . . X X O X . X|
f. . O X . X X X . X . . . . X . O O .|
e. . X X . O . O . . X . X . X X O X .|
dO O . . . . . O X . O . X . . O . . .|
cX . O . O . X X . X O . . . X O O X X|
b. X O . O . . O . X X . O . . O X O .|
a. X X X . . . . . . . O X . . . . O .|
 A B C D E F G H I J K L M N O P Q R S|
gracz O
--------------------------------------+
sO . . . . X O . O O X . . X . X . O O|
r. X . . . O O . . . O . . O O . X O X|
qO . . . . O X X X O X O X O . . . . O|
pX X X . . . O . X . . . . . . . . X X|
oO . O . . . . X . . O . . . O . . X X|
nO . . . O . O . X O O . O X . . X . X|
mX . X O . . O . . X X . . . X . X . .|
l. O O . O . O O . . O X O O O . O . X|
k. O . X . O . X O . O O X . . . O X X|
jX . O O . X . . . . X X . O . . X O X|
i. O O O . X O . O O O X . . X . O X .|
hX . . . . X . . . . . . . X O . . . .|
g. O . . . . . . O X X . . X X O X . X|
f. . O X . X X X . X . . . . X . O O .|
e. . X X . O . O . . X O X . X X O X .|
dO O . . . . . O X . O . X . . O . . .|
cX . O . O . X X . X O . . . X O O X X|
b. X O . O . . O . X X . O . . O X O .|
a. X X X . . . . . . . O X . . . . O .|
 A B C D E F G H I J K L M N O P Q R S|
gracz X
--------------------------------------+
sO . . . . X O . O O X . . X . X . O O|
r. X . . . O O . . . O . . O O . X O X|
qO . . . . O X X X O X O X O . . . . O|
pX X X . . . O . X . . . . . . . . X X|
oO . O . . . . X . . O . . . O . . X X|
nO . . . O . O . X O O . O X . . X . X|
mX . X O . . O . . X X X . . X . X . .|
l. O O . O . O O . . O X O O O . O . X|
k. O . X . O . X O . O O X . . . O X X|
jX . O O . X . . . . X X . O . . X O X|
i. O O O . X O . O O O X . . X . O X .|
hX . . . . X . . . . . . . X O . . . .|
g. O . . . . . . O X X . . X X O X . X|
f. . O X . X X X . X . . . . X . O O X|
e. . X X . O . O . . X O X . X X O X .|
dO O . . . . . O X . O . X . . O . . .|
cX . O . O . X X . X O . . . X O O X X|
b. X O . O . . O . X X . O . . O X O .|
a. X X X . . . . . . . O X . . . . O .|
 A B C D E F G H I J K L M N O P Q R S|
gracz O
--------------------------------------+
sO . . . . X O . O O X . . X . X . O O|
r. X . . . O O . . . O . . O O . X O X|
qO . . . . O X X X O X O X O . . . . O|
pX X X . . . O . X . . . . . . . . X X|
oO . O . . . . X . . O . . . O . . X X|
nO . . . O . O . X O O . O X . . X . X|
mX . X O . . O . . X X X . . X . X . .|
l. O O . O . O O . . O X O O O . O . X|
k. O . X . O . X O . O O X . . . O X X|
jX . O O . X . . . . X X . O . . X O X|
i. O O O . X O . O O O X . . X . O X .|
hX . . . . X . . . . . . . X O . . . .|
g. O . . . . . . O X X . . X X O X . X|
f. . O X . X X X . X . . . . X . O O X|
e. . X X . O . O . . X O X . X X O X O|
dO O . . . . . O X . O . X . . O . . .|
cX . O . O . X X . X O . . . X O O X X|
b. X O . O . . O . X X . O . . O X O .|
aO X X X . . . . . . . O X . . . . O .|
 A B C D E F G H I J K L M N O P Q R S|
gracz X
--------------------------------------+
sO . . . . X O . O O X . . X . X . O O|
r. X . . . O O . . . O . . O O . X O X|
qO . . . . O X X X O X O X O . . . . O|
pX X X . . . O . X . . . . . . X . X X|
oO . O . . . . X . . O . . . O . . X X|
nO . . . O . O . X O O . O X . . X . X|
mX . X O . . O . . X X X . . X . X . .|
l. O O . O . O O . . O X O O O . O . X|
k. O . X X O . X O . O O X . . . O X X|
jX . O O . X . . . . X X . O . . X O X|
i. O O O . X O . O O O X . . X . O X .|
hX . . . . X . . . . . . . X O . . . .|
g. O . . . . . . O X X . . X X O X . X|
f. . O X . X X X . X . . . . X . O O X|
e. . X X . O . O . . X O X . X X O X O|
dO O . . . . . O X . O . X . . O . . .|
cX . O . O . X X . X O . . . X O O X X|
b. X O . O . . O . X X . O . . O X O .|
aO X X X . . . . . . . O X . . . . O .|
 A B C D E F G H I J K L M N O P Q R S|
gracz O
--------------------------------------+
sO . . . . X O . O O X . . X . X . O O|
r. X . . . O O . . . O . . O O . X O X|
qO . O . . O X X X O X O X O . . . . O|
pX X X . . . O . X . . . . . . X . X X|
oO . O . . . . X . . O . . . O . . X X|
nO . . . O . O . X O O . O X . . X . X|
mX . X O . . O . . X X X . . X . X . .|
l. O O . O . O O . . O X O O O . O . X|
k. O . X X O . X O . O O X . . . O X X|
jX . O O . X . . O . X X . O . . X O X|
i. O O O . X O . O O O X . . X . O X .|
hX . . . . X . . . . . . . X O . . . .|
g. O . . . . . . O X X . . X X O X . X|
f. . O X . X X X . X . . . . X . O O X|
e. . X X . O . O . . X O X . X X O X O|
dO O . . . . . O X . O . X . . O . . .|
cX . O . O . X X . X O . . . X O O X X|
b. X O . O . . O . X X . O . . O X O .|
aO X X X . . . . . . . O X . . . . O .|
 A B C D E F G H I J K L M N O P Q R S|
gracz X
--------------------------------------+
sO . . . . X O . O O X . . X . X . O O|
r. X . . . O O . . . O . . O O . X O X|
qO . O . . O X X X O X O X O . . . . O|
pX X X . . . O X X . . . . . . X . X X|
oO . O . . . . X . . O . . . O . . X X|
nO . . . O . O . X O O . O X . . X . X|
mX . X O . . O . . X X X . . X . X . .|
l. O O . O . O O . . O X O O O . O . X|
k. O . X X O . X O . O O X . . . O X X|
jX . O O . X . . O . X X . O . . X O X|
i. O O O . X O . O O O X . . X . O X .|
hX . . . . X . . . . . . . X O . . . .|
g. O . X . . . . O X X . . X X O X . X|
f. . O X . X X X . X . . . . X . O O X|
e. . X X . O . O . . X O X . X X O X O|
dO O . . . . . O X . O . X . . O . . .|
cX . O . O . X X . X O . . . X O O X X|
b. X O . O . . O . X X . O . . O X O .|
aO X X X . . . . . . . O X . . . . O .|
 A B C D E F G H I J K L M N O P Q R S|
gracz O
--------------------------------------+
sO . . . . X O . O O X . . X . X . O O|
r. X . . . O O . . . O . . O O . X O X|
qO . O . . O X X X O X O X O . . . . O|
pX X X . . . O X X . . . . . . X . X X|
oO . O . . . . X . . O . . . O . . X X|
nO . . . O . O . X O O . O X . . X . X|
mX . X O . . O . . X X X . . X . X . .|
l. O O . O . O O . . O X O O O . O . X|
k. O . X X O . X O . O O X . . . O X X|
jX . O O . X . . O . X X . O . . X O X|
i. O O O . X O . O O O X . . X . O X .|
hX . . . . X . . . . . . . X O . . . .|
g. O . X . . . . O X X . . X X O X . X|
f. . O X . X X X . X . . . . X . O O X|
e. . X X . O . O . . X O X . X X O X O|
dO O . . . . . O X . O . X . . O . . .|
cX . O . O . X X . X O . . . X O O X X|
b. X O . O . . O . X X . O . . O X O .|
aO X X X . . . . . . . O X . . . . O .|
 A B C D E F G H I J K L M N O P Q R S|
gracz O
--------------------------------------+
sO . . . . X O . O O X . . X . X . O O|
r. X O . . O O . . . O . . O O . X O X|
qO . O . . O X X X O X O X O . . . . O|
pX X X . . . O X X . . . . . . X . X X|
oO . O . . . . X . . O . . . O . . X X|
nO . . . O . O . X O O . O X . . X . X|
mX . X O . . O . . X X X . . X . X . .|
l. O O . O . O O . . O X O O O . O . X|
k. O . X X O . X O . O O X . . . O X X|
jX . O O . X . . O . X X . O . . X O X|
i. O O O . X O . O O O X . . X . O X .|
hX . . . . X . . . . . . . X O . . . .|
g. O . X . . . . O X X . . X X O X . X|
f. . O X . X X X . X . . . . X . O O X|
e. . X X . O . O . . X O X . X X O X O|
dO O . . . . . O X . O . X . . O . . .|
cX . O . O . X X . X O . . . X O O X X|
b. X O . O . . O . X X . O . . O X O .|
aO X X X . . . . . . . O X . . . . O O|
 A B C D E F G H I J K L M N O P Q R S|
gracz X
--------------------------------------+
sO . . . . X O . O O X . . X . X . O O|
r. X O . . O O . . . O . . O O . X O X|
qO . O . . O X X X O X O X O . . . . O|
pX X X . . . O X X . . . . . . X . X X|
oO . O . . . . X . . O . . . O . . X X|
nO . . . O . O . X O O . O X . . X . X|
mX . X O . . O . . X X X . . X . X . .|
l. O O . O X O O . . O X O O O . O . X|
k. O . X X O . X O . O O X . . . O X X|
jX . O O . X . . O . X X . O . . X O X|
i. O O O . X O . O O O X . . X . O X .|
hX . . . . X . . . . . . . X O . . . .|
g. O . X . . . . O X X . . X X O X . X|
f. . O X . X X X . X . . . . X . O O X|
e. . X X . O . O . . X O X . X X O X O|
dO O . . . . . O X . O . X . . O . . .|
cX . O . O . X X . X O X . . X O O X X|
b. X O . O . . O . X X . O . . O X O .|
aO X X X . . . . . . . O X . . . . O O|
 A B C D E F G H I J K L M N O P Q R S|
gracz O
--------------------------------------+
sO . O . . X O . O O X . . X . X . O O|
r. X O . . O O . . . O . . O O . X O X|
qO . O . . O X X X O X O X O . . . . O|
pX X X . . . O X X . . . . . . X . X X|
oO . O . . . . X . . O . . . O . O X X|
nO . . . O . O . X O O . O X . . X . X|
mX . X O . . O . . X X X . . X . X . .|
l. O O . O X O O . . O X O O O . O . X|
k. O . X X O . X O . O O X . . . O X X|
jX . O O . X . . O . X X . O . . X O X|
i. O O O . X O . O O O X . . X . O X .|
hX . . . . X . . . . . . . X O . . . .|
g. O . X . . . . O X X . . X X O X . X|
f. . O X . X X X . X . . . . X . O O X|
e. . X X . O . O . . X O X . X X O X O|
dO O . . . . . O X . O . X . . O . . .|
cX . O . O . X X . X O X . . X O O X X|
b. X O . O . . O . X X . O . . O X O .|
aO X X X . . . . . . . O X . . . . O O|
 A B C D E F G H I J K L M N O P Q R S|
gracz X
--------------------------------------+
sO . O . . X O . O O X . . X . X . O O|
r. X O . . O O . . . O . . O O . X O X|
qO . O . . O X X X O X O X O . . . . O|
pX X X . . . O X X . . . . . . X . X X|
oO . O . . . . X . . O . . . O . O X X|
nO . . . O . O . X O O . O X . . X . X|
mX . X O . . O . . X X X . . X . X . .|
l. O O . O X O O . . O X O O O . O . X|
k. O . X X O . X O . O O X . . . O X X|
jX . O O . X . . O . X X . O . . X O X|
i. O O O . X O . O O O X . . X . O X .|
hX . . . . X . . . . . . . X O . . . .|
g. O . X . . . . O X X . . X X O X . X|
f. . O X . X X X . X . . . . X . O O X|
e. . X X . O . O . . X O X . X X O X O|
dO O . . . . . O X . O X X . . O . . .|
cX . O . O . X X . X O X . . X O O X X|
b. X O . O X . O . X X . O . . O X O .|
aO X X X . . . . . . . O X . . . . O O|
 A B C D E F G H I J K L M N O P Q R S|
gracz O
--------------------------------------+
sO . O . . X O . O O X . . X . X . O O|
r. X O . . O O . . . O . . O O . X O X|
qO . O . . O X X X O X O X O . . . . O|
pX X X . . . O X X . . . . . . X . X X|
oO . O . . . . X . . O . O . O . O X X|
nO . . . O . O . X O O . O X . . X . X|
mX . X O . . O . . X X X . . X . X . .|
l. O O . O X O O . . O X O O O . O . X|
k. O . X X O . X O . O O X . . . O X X|
jX . O O . X . . O . X X . O . . X O X|
i. O O O . X O . O O O X . . X . O X .|
hX . O . . X . . . . . . . X O . . . .|
g. O . X . . . . O X X . . X X O X . X|
f. . O X . X X X . X . . . . X . O O X|
e. . X X . O . O . . X O X . X X O X O|
dO O . . . . . O X . O X X . . O . . .|
cX . O . O . X X . X O X . . X O O X X|
b. X O . O X . O . X X . O . . O X O .|
aO X X X . . . . . . . O X . . . . O O|
 A B C D E F G H I J K L M N O P Q R S|
gracz X
--------------------------------------+
sO . O . . X O . O O X . . X . X . O O|
r. X O . . O O . . . O . . O O . X O X|
qO . O . . O X X X O X O X O . . . . O|
pX X X . . . O X X . . . . . . X . X X|
oO . O . . . . X . . O . O . O . O X X|
nO . . . O . O . X O O . O X . . X X X|
mX . X O . . O . . X X X . . X . X . X|
l. O O . O X O O . . O X O O O . O . X|
k. O . X X O . X O . O O X . . . O X X|
jX . O O . X . . O . X X . O . . X O X|
i. O O O . X O . O O O X . . X . O X .|
hX . O . . X . . . . . . . X O . . . .|
g. O . X . . . . O X X . . X X O X . X|
f. . O X . X X X . X . . . . X . O O X|
e. . X X . O . O . . X O X . X X O X O|
dO O . . . . . O X . O X X . . O . . .|
cX . O . O . X X . X O X . . X O O X X|
b. X O . O X . O . X X . O . . O X O .|
aO X X X . . . . . . . O X . . . . O O|
 A B C D E F G H I J K L M N O P Q R S|
wygral X
