--------------------------------------+
s. . . . . . . . . . . . . . . . . . .|
r. . . . . . . . . . . . . . . . . . .|
q. . . . . . . . . . . . . . . . . . .|
p. . . . . . . . . . . . . . . . . . .|
o. . . . . . . . . . . . . . . . . . .|
n. . . . . . . . . . . . . . . . . . .|
m. . . . . . . . . . . . . . . . . . .|
l. . . . . . . . . . . . . . . . . . .|
k. . . . . . . . . . . . . . . . . . .|
j. . . . . . . . . . . . . . . . . . .|
i. . . . . . . . . . . . . . . . . . .|
h. . . . . . . . . . . . . . . . . . .|
g. . . . . . . . . . . . . . . . . . .|
f. . . . . . . . . . . . . . . . . . .|
e. . . . . . . . . . . . . . . . . . .|
d. . . . . . . . . . . . . . . . . . .|
c. . . . . . . . . . . . . . . . . . .|
b. . . . . . . . . . . . . . . . . . .|
a. . . . . . . . . . . . . . . . . . .|
 A B C D E F G H I J K L M N O P Q R S|
gracz X
--------------------------------------+
s. . . . . . . . . . . . . . . . . . .|
r. X . . . . . . . . . . . . . . . . .|
q. . . . . . . . . . . . . . . . . . .|
p. . . . . . . . . . . . . . . . . . .|
o. . . . . . . . . . . . . . . . . . .|
n. . . . . . . . . . . . . . . . . . .|
m. . . . . . . . . . . . . . . . . . .|
l. . . . . . . . . . . . . . . . . . .|
k. . . . . . . . . . . . . . . . . . .|
j. . . . . . . . . . . . . . . . . . .|
i. . . . . . . . . . . . . . . . . . .|
h. . . . . . . . . . . . . . . . . . .|
g. . . . . . . . . . . . . . . . . . .|
f. . . . . . . . . . . . . . . . . . .|
e. . . . . . . . . . . . . . . . . . .|
d. . . . . . . . . . . . . . . . . . .|
c. . . . . . . . . . . . . . . . . . .|
b. . . . . . . . . . . . . . . . . . .|
a. . . . . . . . . . . . . . . . . . .|
 A B C D E F G H I J K L M N O P Q R S|
gracz O
--------------------------------------+
s. . . . . . . . . . . . . . . . . . .|
r. X . . . . . . . . . . . . . . . . .|
q. . . . . . . . . . . . . . . . . . .|
p. . . . . . . . . . . . . . . . . . .|
o. . . . . . . . . . . . . . . . . . .|
n. . . . . . . . . . . . . . . . . . .|
m. . . . . . . . . . . . . . . . . . .|
l. . . . . . . . . . . . . . . . . . .|
k. . . . . . . . . . . . . . . . . . .|
j. . . . . . . . . . . . . . . . . . .|
i. . . . . . . . . . . . . . . . . . .|
h. . . . . . . . . . . . . . . . . . .|
g. . . . . . . . . . . . . . . . . . .|
f. . . . . . . . . . . . . . . . . . .|
e. . . . . . . . . . . . . . . . O . .|
d. . . . . . . . . . . . . . . . . . .|
c. . . . . O . . . . . . . . . . . . .|
b. . . . . . . . . . . . . . . . . . .|
a. . . . . . . . . . . . . . . . . . .|
 A B C D E F G H I J K L M N O P Q R S|
gracz X
--------------------------------------+
s. . . . . . . . . . . . . . . . . . .|
r. X . . . . . . . . . . . . . . . . .|
q. . . . . . . . . . . . . . . . . . .|
p. . . . . . . . . . . . . . . . . . .|
o. . . . . . . . . . . . . . . . . . .|
n. . . . . . . . . . . . . . . . . . .|
m. . . . . . . . . . . . . . . . . . .|
l. . . . . . . . . . . . . . . . . . .|
k. . . . . . . . . . . . . . . . . . .|
j. . . . . . . . . . . . . . . . . . .|
i. . . . . . . . . . . . . . . . . . .|
h. . . . . . . . . . . . . . . . . . .|
g. . . . . . . . . . . . . . . . . . .|
f. . . . . . . . . . . . . . . . . . .|
e. . . . . . . . . . . . . . . . O . .|
d. . . . . . . . . . . . . . . . . . .|
c. . . . . O . . . . . . . . . . . . .|
b. X . . . . . X . . . . . . . . . . .|
a. . . . . . . . . . . . . . . . . . .|
 A B C D E F G H I J K L M N O P Q R S|
gracz O
--------------------------------------+
s. . . . . . . . . . . . . . . . . . .|
r. X . . . . . . . . . . . . . . . . .|
q. . . . . . . . . . . . . . . . . . .|
p. . O . . . . . O . . . . . . . . . .|
o. . . . . . . . . . . . . . . . . . .|
n. . . . . . . . . . . . . . . . . . .|
m. . . . . . . . . . . . . . . . . . .|
l. . . . . . . . . . . . . . . . . . .|
k. . . . . . . . . . . . . . . . . . .|
j. . . . . . . . . . . . . . . . . . .|
i. . . . . . . . . . . . . . . . . . .|
h. . . . . . . . . . . . . . . . . . .|
g. . . . . . . . . . . . . . . . . . .|
f. . . . . . . . . . . . . . . . . . .|
e. . . . . . . . . . . . . . . . O . .|
d. . . . . . . . . . . . . . . . . . .|
c. . . . . O . . . . . . . . . . . . .|
b. X . . . . . X . . . . . . . . . . .|
a. . . . . . . . . . . . . . . . . . .|
 A B C D E F G H I J K L M N O P Q R S|
gracz X
--------------------------------------+
s. . . . . . . . . . . . . . . . . . .|
r. X . . . . . . . . . . . . . . . . .|
q. X . . . . . . . . . . . . . . . . .|
p. . O . . . . . O . . . . . . . . . .|
o. . . . . . . . . . . . . . . . . . .|
n. . . . . . . . . . . . . . . . . . .|
m. . . . . . . . . . . . . . . . . . .|
l. . . . . . . . . . . . . . . . . . .|
k. . . . . . . . . . . . . . . . . . .|
j. . . . . . . . . . . . . . . . . . .|
i. . . . . . . . . . . . . . . . . . .|
h. . . . . . . . . . . . . . . . . . .|
g. . . . . . . . . . . . . . . . . . .|
f. . . . . . . . . . . . . . . . . . .|
e. . . . . . . . . . . . . . . . O . .|
d. . . . . . . . . . . . . . . . . . .|
c. . . . . O . . . . . . . . . . . . .|
b. X . X . . . X . . . . . . . . . . .|
a. . . . . . . . . . . . . . . . . . .|
 A B C D E F G H I J K L M N O P Q R S|
gracz O
--------------------------------------+
s. . . . . . . . . . . . . . . . . . .|
r. X . . . . . . . . . . . . . . . . .|
q. X . . . . . . . . . . . . . . . . .|
p. . O . . . . . O . . . . . . . . . .|
o. . . . . . . . . . . . . . . . . . .|
n. . . . . . . . . . . . . . . . . . .|
m. . . . . . . O . . . . . . . . . . .|
l. . . . . . . . . . . . . . . . . . .|
k. . . . . . . . . . . . . . . . . . .|
j. . . . . . . . . . . . . . . . . . .|
i. . . . . . . . . . . . . . . . . . .|
h. . . . . . . . . . . . . . . . . . .|
g. . . . . . . . . . . . . . . . . . .|
f. . . . . . . . . . . . . . . . . . O|
e. . . . . . . . . . . . . . . . O . .|
d. . . . . . . . . . . . . . . . . . .|
c. . . . . O . . . . . . . . . . . . .|
b. X . X . . . X . . . . . . . . . . .|
a. . . . . . . . . . . . . . . . . . .|
 A B C D E F G H I J K L M N O P Q R S|
gracz X
--------------------------------------+
s. . . . . . . . . . . . . . . . . . .|
r. X . . . . . . . . . . . . . . . . .|
q. X . . . . . . . . . . . . . . . . .|
p. . O . . . . . O . . . . . . . . . .|
o. . . . . . . . . . . . . . . . . . .|
n. . . . . . . . . . . . . . . . . . .|
m. . . . . . . O . . . . . . . . . . .|
l. . . . . . . . . . . . . . . . . . .|
k. . . . . . . . . . . . . . . . . . .|
j. . . . . . X . . . . . . . . . . . .|
i. . . . . . . . . . . . . . . . . . .|
h. . . . . . . X . . . . . . . . . . .|
g. . . . . . . . . . . . . . . . . . .|
f. . . . . . . . . . . . . . . . . . O|
e. . . . . . . . . . . . . . . . O . .|
d. . . . . . . . . . . . . . . . . . .|
c. . . . . O . . . . . . . . . . . . .|
b. X . X . . . X . . . . . . . . . . .|
a. . . . . . . . . . . . . . . . . . .|
 A B C D E F G H I J K L M N O P Q R S|
gracz O
--------------------------------------+
s. . . . . . . . . . . . . . . . . . .|
r. X . . O . . . . . . . . . . . . . .|
q. X . . . . . . . . . . . . . . . . .|
p. . O . . O . . O . . . . . . . . . .|
o. . . . . . . . . . . . . . . . . . .|
n. . . . . . . . . . . . . . . . . . .|
m. . . . . . . O . . . . . . . . . . .|
l. . . . . . . . . . . . . . . . . . .|
k. . . . . . . . . . . . . . . . . . .|
j. . . . . . X . . . . . . . . . . . .|
i. . . . . . . . . . . . . . . . . . .|
h. . . . . . . X . . . . . . . . . . .|
g. . . . . . . . . . . . . . . . . . .|
f. . . . . . . . . . . . . . . . . . O|
e. . . . . . . . . . . . . . . . O . .|
d. . . . . . . . . . . . . . . . . . .|
c. . . . . O . . . . . . . . . . . . .|
b. X . X . . . X . . . . . . . . . . .|
a. . . . . . . . . . . . . . . . . . .|
 A B C D E F G H I J K L M N O P Q R S|
gracz X
--------------------------------------+
s. . . . . . . . . . . . . . . . . X .|
r. X . . O . . . . . . . . . . . . . .|
q. X . . . . . . . . . . . . . . . . .|
p. . O . . O . . O . . . . . . . . . .|
o. . . . . . . . . . . . . . . . . . .|
n. . . . . . . . . . . . . . . . . . .|
m. . . . . . . O . . . . . . . . . . .|
l. . . . . . . . . . . . . . . . . . .|
k. . . . . . . . . . . . . . . . . . .|
j. . . . . . X . . . . . . . . . . . .|
i. . . . . . . . . . . . . . . . . . .|
h. . . . . . . X . . . . . . . . . . .|
g. . . . . . . . . . . . . . . . . . .|
fX . . . . . . . . . . . . . . . . . O|
e. . . . . . . . . . . . . . . . O . .|
d. . . . . . . . . . . . . . . . . . .|
c. . . . . O . . . . . . . . . . . . .|
b. X . X . . . X . . . . . . . . . . .|
a. . . . . . . . . . . . . . . . . . .|
 A B C D E F G H I J K L M N O P Q R S|
gracz O
--------------------------------------+
s. . . . . . . . . . . . . . . . . X .|
r. X . . O . . . . . . . . . . . . . .|
q. X . . . . . . . . . . . . . . . . .|
p. . O . . O . . O . . . . . . . . . .|
o. . . . . . . . . . . . . . . . . . .|
n. . . . . . . . . . . . . . . . . . .|
m. . . . . . . O . . . . . . . . . . .|
l. . . . . . . . . . . . . . . . . . .|
k. . . . . . . . . . . . . . . . . . .|
j. . . . . . X . . . . . . . . . . . .|
i. . . . . . . . . . . . . . . . . . .|
h. . . . . . . X . . . . . . . . . . .|
g. . . . . . . . . . . . . . . . . . O|
fX . . . . . . . . . . . . . . . . . O|
e. . . . . . . . . . . . . . . . O . .|
d. . . . . . . . . . . . . . . . . . .|
c. . . . . O . . . . . . . . . . . . .|
b. X . X . . . X . . . . . . . . . . .|
a. . . . . . . O . . . . . . . . . . .|
 A B C D E F G H I J K L M N O P Q R S|
gracz X
--------------------------------------+
s. . . . . . . . . . . . . . . . . X .|
r. X . . O . . . . . . . . . . . . . .|
q. X . . . . . . . . . . . . . . . . .|
p. . O . . O . . O . . . . . . . . . .|
o. . . . . . . . . . . . . . . . . . .|
n. . . . . . . . . . . . . . . . . . .|
m. . . . . . . O . . . . . . . . . . .|
l. . . . . . . . . . . . . . . . . . .|
k. . . . . . . . . . . . . . . . . . .|
j. X . . . . X . . . . . . . . . . . .|
i. . . . . . . . . . . . . . . . . . .|
h. . . . . . . X . . . . . . . . . . .|
g. . . . . . . . . . . . . . . . . . O|
fX . . . . . . . . . . . . . . . . . O|
e. . . . . . . . . . . . . . . . O . .|
d. . . . . . . . . . . . . . . . . . .|
c. . X . . O . . . . . . . . . . . . .|
b. X . X . . . X . . . . . . . . . . .|
a. . . . . . . O . . . . . . . . . . .|
 A B C D E F G H I J K L M N O P Q R S|
gracz O
--------------------------------------+
s. . . . . . . . . . . . . . . . . X .|
r. X . . O . . . . . . . . . . . . . .|
q. X . . . . . . . . . . . . . . . . .|
p. . O . . O . . O . . . . . . . . . .|
o. . . . . . . . . . . . . . . . . O .|
n. . . . . . . . . . . . . . . . . . .|
m. . . . . . . O . . . . . . . . . . .|
l. . . . . . . . . . . . . . . . . . .|
k. . . . . . . . . . . . . . . . . . .|
j. X . . . . X . . . . . . . . . . . .|
i. . . . . . . . . . . . . . . . . . O|
h. . . . . . . X . . . . . . . . . . .|
g. . . . . . . . . . . . . . . . . . O|
fX . . . . . . . . . . . . . . . . . O|
e. . . . . . . . . . . . . . . . O . .|
d. . . . . . . . . . . . . . . . . . .|
c. . X . . O . . . . . . . . . . . . .|
b. X . X . . . X . . . . . . . . . . .|
a. . . . . . . O . . . . . . . . . . .|
 A B C D E F G H I J K L M N O P Q R S|
gracz X
--------------------------------------+
s. . . . . . . . . . . X . . . . . X .|
r. X . . O . . . . . . . . . . . . . .|
q. X . . . . . . . . . . . . . . . . .|
p. . O . . O . . O . . . . . . . . . .|
o. . . . . . . . . . . . . . . . . O .|
n. . . . . . . . . . . . . . . . . . .|
m. . . . . . . O . . . . . . . . . . .|
l. . . . . . . . . . . . . . . . . . .|
k. . . . . . . . . . . . . . . . . . .|
j. X . . . . X . . . . . . . . . . . .|
i. . . . . . . . . . . . . . . . . . O|
h. . . . . . . X . . . . . . . . . . .|
g. . . . . . . . . X . . . . . . . . O|
fX . . . . . . . . . . . . . . . . . O|
e. . . . . . . . . . . . . . . . O . .|
d. . . . . . . . . . . . . . . . . . .|
c. . X . . O . . . . . . . . . . . . .|
b. X . X . . . X . . . . . . . . . . .|
a. . . . . . . O . . . . . . . . . . .|
 A B C D E F G H I J K L M N O P Q R S|
gracz O
--------------------------------------+
s. . . . . . . . . . . X . . . . . X .|
r. X . . O . . . . . . . . . . . . . .|
q. X . . . . . . . . . . . . . . . . .|
p. . O . . O . . O . . . . . . . . . .|
o. . . O . . O . . . . . . . . . . O .|
n. . . . . . . . . . . . . . . . . . .|
m. . . . . . . O . . . . . . . . . . .|
l. . . . . . . . . . . . . . . . . . .|
k. . . . . . . . . . . . . . . . . . .|
j. X . . . . X . . . . . . . . . . . .|
i. . . . . . . . . . . . . . . . . . O|
h. . . . . . . X . . . . . . . . . . .|
g. . . . . . . . . X . . . . . . . . O|
fX . . . . . . . . . . . . . . . . . O|
e. . . . . . . . . . . . . . . . O . .|
d. . . . . . . . . . . . . . . . . . .|
c. . X . . O . . . . . . . . . . . . .|
b. X . X . . . X . . . . . . . . . . .|
a. . . . . . . O . . . . . . . . . . .|
 A B C D E F G H I J K L M N O P Q R S|
gracz X
--------------------------------------+
s. . . . . . . . . . . X . . . . . X .|
r. X . . O . . . . . . . . . . . . . .|
q. X . . . . . . . . . . . . . . . . .|
p. . O . . O . . O . . . . . . . . . .|
o. . . O . . O . . . . . . . . . . O .|
n. . . . . . . . . . . . . . . . . . .|
m. . . . . . . O . . . . . . . . . . .|
l. . . . . . . . . . . . . . . . . . .|
k. . . . . . . . . . . . . . . . . . .|
j. X . . . . X . . . . . . . . . . . .|
i. . . . . . . . . . . . . . . . . X O|
h. . . . . . . X . . . . . . . . . . .|
g. . . . . . . X . X . . . . . . . . O|
fX . . . . . . . . . . . . . . . . . O|
e. . . . . . . . . . . . . . . . O . .|
d. . . . . . . . . . . . . . . . . . .|
c. . X . . O . . . . . . . . . . . . .|
b. X . X . . . X . . . . . . . . . . .|
a. . . . . . . O . . . . . . . . . . .|
 A B C D E F G H I J K L M N O P Q R S|
gracz O
--------------------------------------+
s. . . . . . . . . . . X . . . . . X .|
r. X . . O . . . . . . . . . . . . . .|
q. X . . . . . . . . . . . . . . . . .|
p. . O . . O . . O . . . . . . . . . .|
o. . . O . . O . . . . . . . . . . O .|
n. . . . . . . . . . . . . . . . . . .|
m. . . . . . . O . . . . . . . . . . .|
l. . . . . . . . . . . . . . . . . . .|
k. . . . . . . . . . . . . . . . . . .|
j. X . . . . X . . . . . . . . . . . .|
i. . . . . . . . . . . . . . . . . X O|
h. . . . . . . X . . . . . . . . O . .|
g. . . . . . . X . X . . . . . . . . O|
fX . . . . . . . . . . . . . . . . . O|
e. . . . . . . . . . . . . . . . O . .|
d. . . . . . . . . . . . . . . . . . .|
c. . X . . O . . . . . . . . . . . . .|
b. X . X . . . X . . . . . . . . . O .|
a. . . . . . . O . . . . . . . . . . .|
 A B C D E F G H I J K L M N O P Q R S|
gracz X
--------------------------------------+
s. . . . . . . . . . . X . . . . . X .|
r. X . . O . . . . . . . . . . . . . .|
q. X . . . . . . . . . . . . . . . . .|
p. . O . . O . . O . . . . . . . . . .|
o. . . O . . O . . . . . . . . . . O .|
n. . . . . . . . . . . . . . . . . . .|
m. . . . . . . O . . . . . . . . . . .|
l. . . . . . . . . . . . . . . X . . .|
k. . . . . . . . . . . . . . . . . . .|
j. X . . . . X . . . . . . . . . . . .|
i. . . . . . . . . . . . . . . . . X O|
h. . . . . . . X . . . . . . . . O . .|
g. . . . . . . X . X . . . . . . . . O|
fX . . X . . . . . . . . . . . . . . O|
e. . . . . . . . . . . . . . . . O . .|
d. . . . . . . . . . . . . . . . . . .|
c. . X . . O . . . . . . . . . . . . .|
b. X . X . . . X . . . . . . . . . O .|
a. . . . . . . O . . . . . . . . . . .|
 A B C D E F G H I J K L M N O P Q R S|
gracz O
--------------------------------------+
s. . . . . . . . . . . X . . . . . X .|
r. X . . O . . . . . . . . . . . . . .|
q. X . . . . . . . . . . . . . . . . .|
p. . O . . O . . O . . . . . . . O . .|
o. . . O . . O . . . . . . . . . . O .|
n. . . . . . . . . . . . . . . . . . .|
m. . . . . . . O . . . . . . . . . . .|
l. . . . . . . . . . . . . . . X . . .|
k. . . . . . . . . . . . . . . . . . .|
j. X . . . . X . . . . . . . . . . . .|
i. . . . . . . . . . . . . . . . . X O|
h. . . . . . . X . . . . . . . . O . .|
g. . . . . . . X . X . . . . . . . . O|
fX . . X . . . . . . . . . . . . . . O|
e. . . . . . . . . O . . . . . . O . .|
d. . . . . . . . . . . . . . . . . . .|
c. . X . . O . . . . . . . . . . . . .|
b. X . X . . . X . . . . . . . . . O .|
a. . . . . . . O . . . . . . . . . . .|
 A B C D E F G H I J K L M N O P Q R S|
gracz X
--------------------------------------+
s. . . . . . . . . . . X . . . . . X .|
r. X . . O . X . . . . . . . . . . . .|
q. X . . . . . . . . . . . . . . . . .|
p. . O . . O . . O . . . . . . . O . .|
o. . . O . . O . . . . . . . . . . O .|
n. . . . . . . . . . . . . . . . . . .|
m. . . . . . . O . . . . . . . . . . .|
l. . . X . . . . . . . . . . . X . . .|
k. . . . . . . . . . . . . . . . . . .|
j. X . . . . X . . . . . . . . . . . .|
i. . . . . . . . . . . . . . . . . X O|
h. . . . . . . X . . . . . . . . O . .|
g. . . . . . . X . X . . . . . . . . O|
fX . . X . . . . . . . . . . . . . . O|
e. . . . . . . . . O . . . . . . O . .|
d. . . . . . . . . . . . . . . . . . .|
c. . X . . O . . . . . . . . . . . . .|
b. X . X . . . X . . . . . . . . . O .|
a. . . . . . . O . . . . . . . . . . .|
 A B C D E F G H I J K L M N O P Q R S|
gracz O
--------------------------------------+
s. . . . . . . . . . . X . . . . . X .|
r. X . . O . X . . . . . . . . . . . .|
q. X . . . . . . . . . . . . . . . . .|
p. . O . . O . . O . . . . . . . O . .|
o. . . O . . O . . . . . . . . . . O .|
n. . . . . . . . . . . . . . . . . . .|
m. . . . O . . O . . . . . . . . . . .|
l. . . X . . . . . . . . . . . X . . .|
k. . . . . . . . . . . . . . . . . . .|
j. X . . . . X . . . . . . . . . . . .|
i. . . . . . . . . . . . . . . . . X O|
h. . . . . . . X . . . . . . . . O . .|
g. . . . . . . X . X . . . . . . . . O|
fX . . X . . . . . . . . . . . . . . O|
e. . . . . . . . . O . . . . . . O . .|
d. . . . . . . . . . . . . . . . . . .|
c. . X . . O . . . . . . . . . . . . .|
b. X . X . . . X . . . . . . . . . O .|
a. . . . O . . O . . . . . . . . . . .|
 A B C D E F G H I J K L M N O P Q R S|
gracz X
--------------------------------------+
s. . . . . . . . . . . X . X . . . X .|
r. X . . O . X . . . . . . . . . . . .|
q. X . . . . . . . . . . . . . . . . .|
p. . O . . O . . O . . . . . . . O . .|
o. . . O . . O . . . . . . . . . . O .|
n. . . . . . . . . . . . . . . . . . .|
m. . . . O . . O . . . . . . . . . . .|
l. . . X . . . . . . . . . . . X . . .|
k. . . . . . . . . . . . . . . . . . .|
j. X . . . . X . . . X . . . . . . . .|
i. . . . . . . . . . . . . . . . . X O|
h. . . . . . . X . . . . . . . . O . .|
g. . . . . . . X . X . . . . . . . . O|
fX . . X . . . . . . . . . . . . . . O|
e. . . . . . . . . O . . . . . . O . .|
d. . . . . . . . . . . . . . . . . . .|
c. . X . . O . . . . . . . . . . . . .|
b. X . X . . . X . . . . . . . . . O .|
a. . . . O . . O . . . . . . . . . . .|
 A B C D E F G H I J K L M N O P Q R S|
gracz O
--------------------------------------+
s. . . . . . . . . . . X . X . . . X .|
r. X . . O . X . . . . . . . . . . . .|
q. X . . . . . . . . . . . . . . . . .|
p. . O . . O . . O . . . . . . . O . .|
o. . . O . . O . . . . . . . . . . O .|
n. . . . . . . . . . . . . . . . . . .|
m. . . . O . . O . . . . . . . . . . .|
l. . . X . . . . . . . . . . . X . . .|
k. . . . . . . . . . . . . . . . . . .|
j. X . . . . X . . . X . . . . . . . .|
i. . . . . . . . . . . . . . . . . X O|
h. . . . . . O X . . . . . . . . O . .|
g. . . . . . . X . X . . . . . . . . O|
fX . . X . O . . . . . . . . . . . . O|
e. . . . . . . . . O . . . . . . O . .|
d. . . . . . . . . . . . . . . . . . .|
c. . X . . O . . . . . . . . . . . . .|
b. X . X . . . X . . . . . . . . . O .|
a. . . . O . . O . . . . . . . . . . .|
 A B C D E F G H I J K L M N O P Q R S|
gracz X
--------------------------------------+
s. . . . . . . . . . . X . X . . . X .|
r. X . . O . X . . . . . . . . . . . .|
q. X . . . . . . . . . . . X . . . . .|
p. . O . . O . . O . . . . . . . O . .|
o. . . O . . O . . . . . . . . . . O .|
n. . . . . . . . . . . . . . . . . . .|
m. . . . O . . O . . . . . . . . . . .|
l. . . X . . . . . . . . . . . X . . .|
k. . . . . . . . . . . . . . . . . . .|
j. X . . . . X . . . X . . . . . . . .|
i. . . . . . . . . . . . . X . . . X O|
h. . . . . . O X . . . . . . . . O . .|
g. . . . . . . X . X . . . . . . . . O|
fX . . X . O . . . . . . . . . . . . O|
e. . . . . . . . . O . . . . . . O . .|
d. . . . . . . . . . . . . . . . . . .|
c. . X . . O . . . . . . . . . . . . .|
b. X . X . . . X . . . . . . . . . O .|
a. . . . O . . O . . . . . . . . . . .|
 A B C D E F G H I J K L M N O P Q R S|
gracz O
--------------------------------------+
s. . . . . . . . . . . X . X . . . X .|
r. X . . O . X . . . . . . . . . . . .|
q. X . . . . . . . . . . . X . . . . .|
p. . O . . O . . O . . . . . . . O . O|
o. . . O . . O . . . . . . . . O . O .|
n. . . . . . . . . . . . . . . . . . .|
m. . . . O . . O . . . . . . . . . . .|
l. . . X . . . . . . . . . . . X . . .|
k. . . . . . . . . . . . . . . . . . .|
j. X . . . . X . . . X . . . . . . . .|
i. . . . . . . . . . . . . X . . . X O|
h. . . . . . O X . . . . . . . . O . .|
g. . . . . . . X . X . . . . . . . . O|
fX . . X . O . . . . . . . . . . . . O|
e. . . . . . . . . O . . . . . . O . .|
d. . . . . . . . . . . . . . . . . . .|
c. . X . . O . . . . . . . . . . . . .|
b. X . X . . . X . . . . . . . . . O .|
a. . . . O . . O . . . . . . . . . . .|
 A B C D E F G H I J K L M N O P Q R S|
gracz X
--------------------------------------+
s. . . . . . . . . . . X . X . . . X .|
r. X . . O . X . . . . . . . . . . . .|
q. X . . . . . . . . . . . X . . . . .|
p. . O . . O . . O . . . . . . . O . O|
o. . . O . . O . . . . X . . . O . O .|
n. . . . . . . . . . . . . . . . . . .|
m. . . . O . . O . . . . . . . . . . .|
l. . . X . . . . . . . . . . . X . . .|
k. . . . . . . . . . . . . . . . . . .|
j. X . . . . X . . . X . . . . . . . .|
i. . . . X . . . . . . . . X . . . X O|
h. . . . . . O X . . . . . . . . O . .|
g. . . . . . . X . X . . . . . . . . O|
fX . . X . O . . . . . . . . . . . . O|
e. . . . . . . . . O . . . . . . O . .|
d. . . . . . . . . . . . . . . . . . .|
c. . X . . O . . . . . . . . . . . . .|
b. X . X . . . X . . . . . . . . . O .|
a. . . . O . . O . . . . . . . . . . .|
 A B C D E F G H I J K L M N O P Q R S|
gracz O
--------------------------------------+
s. . . . . . . . . . . X . X . . . X .|
r. X . . O . X . . . . . . . . . . . .|
q. X . . . . . . . . . . . X . . . . .|
p. . O . . O . . O . . . . . . . O . O|
o. . . O . . O . . . . X . . . O . O .|
n. . . . . . . . . . . . . . . . . . .|
m. . . . O . . O . . . . . . O . . . .|
l. . . X . . . . . . . . . . . X . . .|
k. . . . . . . . . . . . . . . . . . .|
j. X . . . . X . . . X . . . . . . . .|
i. . . . X . . . . . . . . X . . . X O|
h. . . . . . O X . . . . . . . . O . .|
g. . . . . . . X . X . . . . . . . . O|
fX . . X . O . . . . . . . . . . . . O|
e. . . . . . . . . O . . . . . . O . .|
d. . . . . . . . . . . . . . . . . O .|
c. . X . . O . . . . . . . . . . . . .|
b. X . X . . . X . . . . . . . . . O .|
a. . . . O . . O . . . . . . . . . . .|
 A B C D E F G H I J K L M N O P Q R S|
gracz X
--------------------------------------+
s. . . . . . . . . . . X . X . . . X .|
r. X . . O . X . . . . . . . . . . . .|
q. X . . . . . . . . . . . X . . . . .|
p. . O . . O . . O . . . . . . . O . O|
o. . . O . . O . . . . X . . . O . O .|
n. . . . . . . . . . . . . . . . . . .|
m. . . . O . . O . . . . . . O . . . .|
l. . . X . . . . . . . . . . . X . . .|
k. . . . . . . . . . . . . . . . . . .|
j. X . . . . X . . . X . . . . . . . .|
i. . . . X . . . . . . . . X . . . X O|
h. . . . . . O X . . . . . . . . O . .|
g. . . . . . . X . X . . . . . . . . O|
fX . . X . O . . . . . . . . . . . . O|
e. . . . . . . . . O . . . . . . O . .|
d. . . . . . . . . . . . . . . . . O .|
c. . X . . O . . . . . . . . . . . . .|
b. X . X . . . X . . . . . . . . . O .|
a. . . . O . . O . . . . . . . . . . .|
 A B C D E F G H I J K L M N O P Q R S|
gracz X
--------------------------------------+
s. . . . . . . . . . . X . X . . . X .|
r. X . . O . X . . . . . . . . . . . .|
q. X . . . . . . . . . . . X . . . . .|
p. . O . . O . . O . . . . . . . O . O|
o. . . O . . O . . . . X . . . O . O .|
n. . . . . . . . . . . . . . . . . . .|
m. . . . O . . O . . . . . . O . . . .|
l. . . X . . . . . . . . . . . X . . .|
k. . . . . . . . . . . . . . . . . . .|
j. X . . . . X . . . X . . X . . . . .|
i. . . . X . . . . . . . . X . . . X O|
h. . . . . . O X . . . . . . . . O . .|
g. . . . . . . X . X . . . . . . . . O|
fX . . X . O . . . . . . . . . . . . O|
e. . . . . . . . . O . . . . . . O . .|
d. . . . . . . . . . . . . . . . . O .|
c. . X . . O . . . . . . . X . . . . .|
b. X . X . . . X . . . . . . . . . O .|
a. . . . O . . O . . . . . . . . . . .|
 A B C D E F G H I J K L M N O P Q R S|
gracz O
--------------------------------------+
s. . . . . . . . . . . X . X . . . X .|
r. X . . O . X . . . . . . . . . . . O|
q. X . . . . . . . . . . . X . . . . .|
p. . O . . O . . O . . . . . . . O . O|
o. . . O . . O . . . . X . . . O . O .|
n. . . . . . . . . . . . . . . . . . .|
m. . . . O . . O . . . . . . O . . . .|
l. . . X . . . . . . . . . . . X . . .|
k. . . . . . . . . . . . . . . . . . .|
j. X . . . . X . . . X . . X . . . . .|
i. . . . X . . . . . . . . X . . . X O|
h. . . . . . O X . . . . . . . . O . .|
g. . . . . . . X . X . . . . . . . . O|
fX . . X . O . . . . . . . . . . . . O|
e. . . . . . . . . O . . . . . . O . .|
d. . . . . . . . . . . . . . . . . O .|
c. . X . . O . . . . . . . X . . . . .|
b. X . X . . . X . . . . . . . . . O .|
a. . . O O . . O . . . . . . . . . . .|
 A B C D E F G H I J K L M N O P Q R S|
gracz X
--------------------------------------+
s. . . . . . . . . . . X . X . . . X .|
r. X . . O . X . . . . . . . . . . . O|
q. X . . . . . . . . . . . X . . . . .|
p. . O . . O . . O . . . . . . . O . O|
o. . . O . . O . . . . X . . . O . O .|
n. . . . . . . . . . . . . . . . . . .|
m. . . . O . . O . . . . . . O . . . .|
l. . . X . . . . . . . . . . . X . . .|
k. . . . . . . . . . . . . . . . . . .|
j. X . . . . X . . . X . . X . . . . .|
i. . . . X . . . . . . . . X . . . X O|
h. . . . X . O X . . . . . . . . O . .|
g. . . . . . . X . X . . . . . . . . O|
fX . . X . O . . . . . . . . . . . . O|
e. . . . . . . . . O . . . . . . O . .|
d. . . . . . . . . . . . . . . . X O .|
c. . X . . O . . . . . . . X . . . . .|
b. X . X . . . X . . . . . . . . . O .|
a. . . O O . . O . . . . . . . . . . .|
 A B C D E F G H I J K L M N O P Q R S|
gracz O
--------------------------------------+
s. . . . . . . . . . . X . X . . . X .|
r. X . . O . X . . . . . . . . . . . O|
q. X . . . . . . . . . . . X . . . . .|
p. . O . . O . . O O . . . . . . O . O|
o. . . O . . O . . . . X . . . O . O .|
n. . . . . . . . . . . . . . . . . . .|
m. . . . O . . O . . . . . . O . . . .|
l. . . X . . . . . . . . . . . X . . .|
k. . . O . . . . . . . . . . . . . . .|
j. X . . . . X . . . X . . X . . . . .|
i. . . . X . . . . . . . . X . . . X O|
h. . . . X . O X . . . . . . . . O . .|
g. . . . . . . X . X . . . . . . . . O|
fX . . X . O . . . . . . . . . . . . O|
e. . . . . . . . . O . . . . . . O . .|
d. . . . . . . . . . . . . . . . X O .|
c. . X . . O . . . . . . . X . . . . .|
b. X . X . . . X . . . . . . . . . O .|
a. . . O O . . O . . . . . . . . . . .|
 A B C D E F G H I J K L M N O P Q R S|
gracz X
--------------------------------------+
s. . . . X . . . . X . X . X . . . X .|
r. X . . O . X . . . . . . . . . . . O|
q. X . . . . . . . . . . . X . . . . .|
p. . O . . O . . O O . . . . . . O . O|
o. . . O . . O . . . . X . . . O . O .|
n. . . . . . . . . . . . . . . . . . .|
m. . . . O . . O . . . . . . O . . . .|
l. . . X . . . . . . . . . . . X . . .|
k. . . O . . . . . . . . . . . . . . .|
j. X . . . . X . . . X . . X . . . . .|
i. . . . X . . . . . . . . X . . . X O|
h. . . . X . O X . . . . . . . . O . .|
g. . . . . . . X . X . . . . . . . . O|
fX . . X . O . . . . . . . . . . . . O|
e. . . . . . . . . O . . . . . . O . .|
d. . . . . . . . . . . . . . . . X O .|
c. . X . . O . . . . . . . X . . . . .|
b. X . X . . . X . . . . . . . . . O .|
a. . . O O . . O . . . . . . . . . . .|
 A B C D E F G H I J K L M N O P Q R S|
gracz O
--------------------------------------+
s. . . . X . . . . X . X . X . . . X .|
r. X . . O . X . . . . . . . . . . . O|
q. X . . . . . . . . . . . X . . . . .|
p. . O . . O . . O O . . . . . . O . O|
o. . . O . . O . . . . X . . . O . O .|
n. . . . . . . . . . . . . . . . . . .|
m. . . . O . . O . . . . . . O . . . .|
l. . . X . . . . . . . . . . . X . . .|
k. . . O . . . . . . . . . . . . . . .|
j. X . . . . X . . . X . . X . . . . .|
i. . . . X . . . . . . . . X . . . X O|
h. . . . X . O X . . . . . . . . O . .|
g. . . . . . . X . X . . . . . . . . O|
fX . . X . O . . . . . . . . . . . . O|
e. . . . . . . O . O . . . . . . O . .|
d. . . . . . . . . . . . . . . . X O .|
c. . X . . O . . . . . . . X . . . . .|
b. X . X . . . X . . . . . . . . . O .|
a. . . O O . . O . . O . . . . . . . .|
 A B C D E F G H I J K L M N O P Q R S|
gracz X
--------------------------------------+
s. . . . X . . . . X . X . X . . . X .|
r. X . . O . X . . . . . . . . . . . O|
q. X . . . . . . . X . . . X . . . . .|
p. . O . . O . . O O . . . . . . O . O|
o. . . O . . O . . . . X . X . O . O .|
n. . . . . . . . . . . . . . . . . . .|
m. . . . O . . O . . . . . . O . . . .|
l. . . X . . . . . . . . . . . X . . .|
k. . . O . . . . . . . . . . . . . . .|
j. X . . . . X . . . X . . X . . . . .|
i. . . . X . . . . . . . . X . . . X O|
h. . . . X . O X . . . . . . . . O . .|
g. . . . . . . X . X . . . . . . . . O|
fX . . X . O . . . . . . . . . . . . O|
e. . . . . . . O . O . . . . . . O . .|
d. . . . . . . . . . . . . . . . X O .|
c. . X . . O . . . . . . . X . . . . .|
b. X . X . . . X . . . . . . . . . O .|
a. . . O O . . O . . O . . . . . . . .|
 A B C D E F G H I J K L M N O P Q R S|
gracz O
--------------------------------------+
s. . . . X . . . . X . X . X . . . X .|
r. X . . O . X . . . . . . . . . . . O|
q. X . . . . . . . X . . . X . . . . .|
p. . O . . O . . O O . . O . . . O . O|
o. . . O . . O . . . . X . X . O . O .|
n. . . . . . . . . . . . . . . . . . .|
m. . . . O . . O . . . . . . O . . . .|
l. . . X . . . . . . . . . . . X . . .|
k. . . O . . . . . . . . . . . . . . .|
j. X . . . . X . . . X . . X . . . . .|
i. . . . X . . . . . . . . X . . . X O|
h. . . . X . O X . . . . . . . . O . .|
g. . . . . . . X . X . . . . . . . . O|
fX . . X . O O . . . . . . . . . . . O|
e. . . . . . . O . O . . . . . . O . .|
d. . . . . . . . . . . . . . . . X O .|
c. . X . . O . . . . . . . X . . . . .|
b. X . X . . . X . . . . . . . . . O .|
a. . . O O . . O . . O . . . . . . . .|
 A B C D E F G H I J K L M N O P Q R S|
gracz X
--------------------------------------+
s. . . . X . . . . X . X . X . . . X .|
r. X . . O . X . . . . . . . . . . . O|
q. X . . X . . . . X . . . X . . . . .|
p. . O . . O . . O O . . O . . . O . O|
o. . . O . . O . . . . X . X . O . O .|
n. . . . . . . . . . . . X . . . . . .|
m. . . . O . . O . . . . . . O . . . .|
l. . . X . . . . . . . . . . . X . . .|
k. . . O . . . . . . . . . . . . . . .|
j. X . . . . X . . . X . . X . . . . .|
i. . . . X . . . . . . . . X . . . X O|
h. . . . X . O X . . . . . . . . O . .|
g. . . . . . . X . X . . . . . . . . O|
fX . . X . O O . . . . . . . . . . . O|
e. . . . . . . O . O . . . . . . O . .|
d. . . . . . . . . . . . . . . . X O .|
c. . X . . O . . . . . . . X . . . . .|
b. X . X . . . X . . . . . . . . . O .|
a. . . O O . . O . . O . . . . . . . .|
 A B C D E F G H I J K L M N O P Q R S|
gracz O
--------------------------------------+
s. . . . X . . . . X . X . X . . . X .|
r. X . . O . X . . . . . . . . . . . O|
q. X . . X . . . . X . . . X . . . . .|
p. . O . . O . . O O . . O . . . O . O|
oO . . O . . O O . . . X . X . O . O .|
n. . . . . . . . . . . . X . . . . . .|
m. . . . O . . O . . . . . . O . . . .|
l. . . X . . . . . . . . . . . X . . .|
k. . . O . . . . . . . . . . . . . . .|
j. X . . . . X . . . X . . X . . . . .|
i. . . . X . . . . . . . . X . . . X O|
h. . . . X . O X . . . . . . . . O . .|
g. . . . . . . X . X . . . . . . . . O|
fX . . X . O O . . . . . . . . . . . O|
e. . . . . . . O . O . . . . . . O . .|
d. . . . . . . . . . . . . . . . X O .|
c. . X . . O . . . . . . . X . . . . .|
b. X . X . . . X . . . . . . . . . O .|
a. . . O O . . O . . O . . . . . . . .|
 A B C D E F G H I J K L M N O P Q R S|
gracz X
--------------------------------------+
s. . . . X . . . . X . X . X . . . X .|
r. X . . O . X . . . . . . . . . . . O|
q. X . . X . . . . X . . . X . . . . .|
p. . O . . O . . O O . . O . . . O . O|
oO . . O . . O O . . . X . X . O . O .|
n. . . . . . . . . . . . X . . . . . .|
m. . . . O . . O . . . . . . O . . . .|
l. . . X . . . . . . . . . . . X . . .|
k. . . O . . . . . . . . . . . . . . .|
j. X . . . . X . . . X . . X . . . . .|
i. . . . X . . . . . . . . X . . . X O|
h. . . . X . O X . . X . . . . . O . .|
g. . . . . . . X . X . . . . . . . . O|
fX . . X . O O . . . . . . . . . . . O|
e. . . . . . . O . O . . . . . . O . .|
d. . . . . . X . . . . . . . . . X O .|
c. . X . . O . . . . . . . X . . . . .|
b. X . X . . . X . . . . . . . . . O .|
a. . . O O . . O . . O . . . . . . . .|
 A B C D E F G H I J K L M N O P Q R S|
gracz O
--------------------------------------+
s. . . . X . . . . X . X . X . . . X .|
r. X . . O . X . . . . . . . . . . . O|
q. X . . X . . . . X . . . X . . . . .|
p. . O . . O . . O O . . O . . . O . O|
oO . . O . . O O . . . X . X . O . O .|
n. . . . . . . . . . . . X . . . . . .|
m. . . . O . . O . . . . . . O . . . .|
l. . . X . . . . . . . . . . . X . . .|
k. . . O . . . . . . . . . . O . . . .|
j. X . . . . X . . . X . . X . . . . .|
i. . . . X . . . . . . . . X . . . X O|
h. . . . X . O X . . X . . . . . O . .|
g. . . . . . . X . X . . . . . . . . O|
fX . . X . O O . . . . . . . . . . . O|
e. . . . . . . O . O . . . . O . O . .|
d. . . . . . X . . . . . . . . . X O .|
c. . X . . O . . . . . . . X . . . . .|
b. X . X . . . X . . . . . . . . . O .|
a. . . O O . . O . . O . . . . . . . .|
 A B C D E F G H I J K L M N O P Q R S|
gracz X
--------------------------------------+
s. . . . X . . . . X . X . X . . . X .|
r. X . . O . X . . . . . . . . . . . O|
q. X . . X . . . . X . . . X . . . . .|
p. . O . . O . . O O . . O . . . O . O|
oO . . O . . O O . . . X . X . O . O .|
n. . . . . . . . . . . . X . . . . . .|
m. . . . O . . O . . . . . . O . . . .|
l. . . X . . . . . . . . . . . X . . .|
k. X . O . . . . . . . . . . O . . . .|
j. X . . . . X . . . X . . X . . . . .|
i. . . . X . . . . . . . . X . . . X O|
h. . . . X . O X . . X . . . . . O . .|
g. . . . . . . X . X . . . . . . . . O|
fX . . X . O O . . . . . . . . . . . O|
e. . . . . . . O . O . . . . O . O . .|
d. . . . . . X . . . . . . . . X X O .|
c. . X . . O . . . . . . . X . . . . .|
b. X . X . . . X . . . . . . . . . O .|
a. . . O O . . O . . O . . . . . . . .|
 A B C D E F G H I J K L M N O P Q R S|
gracz O
--------------------------------------+
s. . . . X . . . . X . X . X . . . X .|
r. X . . O . X . . . . . . . . . . . O|
q. X . . X . . . . X . . . X . . . . .|
p. . O . . O . . O O . . O . . . O . O|
oO . . O . . O O . . . X . X . O . O .|
n. . . . . . . . . . . . X . . . . . .|
m. . . . O . . O . . . . . . O . . . .|
lO . . X . . . . . . . . . . . X . . .|
k. X . O . . . . . . . . . . O . . . .|
j. X . . . . X . . . X . . X . . . . .|
i. . . . X . . . . . . . . X . . . X O|
h. . . . X . O X . . X . . . . . O . .|
g. . . . . . . X . X . . . . . . . . O|
fX . . X . O O . . . . . . . . . . . O|
e. . . . . . . O . O . . . . O . O . .|
d. . . . . . X . . . . . . . . X X O .|
c. . X . . O . . . . . . . X . . . . .|
b. X . X . . O X . . . . . . . . . O .|
a. . . O O . . O . . O . . . . . . . .|
 A B C D E F G H I J K L M N O P Q R S|
gracz X
--------------------------------------+
s. . . . X . . . . X . X . X . . . X .|
r. X . . O . X . . . . . . . . . . . O|
q. X . . X . . . . X . . . X . . . . .|
p. . O . . O . . O O . . O . . . O . O|
oO . . O . . O O . . . X . X . O . O .|
n. X . . . . . . . . . . X . . . . . .|
m. . . . O . . O . . . . . . O . . . .|
lO . . X . . . . . . . . . . . X . . .|
k. X . O . . . . . . . . . . O . . . .|
j. X . . . . X . . . X . . X . . . . .|
i. . . . X . . . . . . . . X . . . X O|
h. . . . X . O X . . X . . . . . O . .|
g. . . . . . . X . X . . . . . . . . O|
fX . . X . O O . . . . . . . . . . . O|
e. . . . . . . O . O . . . . O . O . .|
d. . . . . . X . . . . . . . . X X O .|
c. . X . . O . . . . . . . X . . . . .|
b. X . X . . O X . . . . . . . . . O X|
a. . . O O . . O . . O . . . . . . . .|
 A B C D E F G H I J K L M N O P Q R S|
gracz O
--------------------------------------+
s. . . . X . . . . X . X . X . . . X .|
r. X . . O . X . . . . . . . . . . . O|
q. X . . X . . . . X . . . X . . . . .|
p. . O . . O . . O O . . O . . . O . O|
oO . . O . . O O . . . X . X . O . O .|
n. X . . . . . . . . . . X O . . . . .|
m. . . . O . . O . . . . . . O . . . .|
lO . . X . . . . . . . . . . . X . . .|
k. X . O . . . . . . . . . . O . . . .|
j. X . . . . X . . . X . . X . . . . .|
i. . . . X . . . . . . . . X . . . X O|
h. . . . X . O X . . X . . . . . O . .|
g. O . . . . . X . X . . . . . . . . O|
fX . . X . O O . . . . . . . . . . . O|
e. . . . . . . O . O . . . . O . O . .|
d. . . . . . X . . . . . . . . X X O .|
c. . X . . O . . . . . . . X . . . . .|
b. X . X . . O X . . . . . . . . . O X|
a. . . O O . . O . . O . . . . . . . .|
 A B C D E F G H I J K L M N O P Q R S|
gracz X
--------------------------------------+
s. . . . X . . . . X X X . X . . . X .|
r. X . . O . X . . . . . . . . . . . O|
q. X . . X . . . . X . . . X . . . . X|
p. . O . . O . . O O . . O . . . O . O|
oO . . O . . O O . . . X . X . O . O .|
n. X . . . . . . . . . . X O . . . . .|
m. . . . O . . O . . . . . . O . . . .|
lO . . X . . . . . . . . . . . X . . .|
k. X . O . . . . . . . . . . O . . . .|
j. X . . . . X . . . X . . X . . . . .|
i. . . . X . . . . . . . . X . . . X O|
h. . . . X . O X . . X . . . . . O . .|
g. O . . . . . X . X . . . . . . . . O|
fX . . X . O O . . . . . . . . . . . O|
e. . . . . . . O . O . . . . O . O . .|
d. . . . . . X . . . . . . . . X X O .|
c. . X . . O . . . . . . . X . . . . .|
b. X . X . . O X . . . . . . . . . O X|
a. . . O O . . O . . O . . . . . . . .|
 A B C D E F G H I J K L M N O P Q R S|
gracz O
--------------------------------------+
s. . . . X . . . . X X X . X . . . X .|
r. X . . O . X . . . . . . . . . . . O|
q. X . . X . . . . X . . . X . . . . X|
p. . O . . O . . O O . . O . . . O . O|
oO . . O . . O O . . . X . X . O . O .|
n. X . . . . . . . . . . X O . . . . .|
m. . . . O . . O . . . . . . O . . . .|
lO . . X . . . . . . . . . . . X . . .|
k. X . O . . . . . . . . . . O . . . .|
j. X . . . . X . O . X . . X . . . . .|
i. . . . X . . . . . . . . X . . . X O|
h. . . . X . O X . . X . . . . . O . .|
g. O . . . . . X . X . . . O . . . . O|
fX . . X . O O . . . . . . . . . . . O|
e. . . . . . . O . O . . . . O . O . .|
d. . . . . . X . . . . . . . . X X O .|
c. . X . . O . . . . . . . X . . . . .|
b. X . X . . O X . . . . . . . . . O X|
a. . . O O . . O . . O . . . . . . . .|
 A B C D E F G H I J K L M N O P Q R S|
gracz X
--------------------------------------+
s. . . . X . . . . X X X . X . . . X .|
r. X . . O . X . . . . . . . . . . . O|
q. X . . X . . . . X . . . X . . . . X|
p. . O . . O . . O O . . O . . . O . O|
oO . . O . . O O . . . X . X . O . O .|
n. X . . . . . . . . . . X O . . . . .|
m. . . . O . . O . . . . . . O . . . .|
lO . . X . . . . . . . . . . . X . . .|
k. X . O . . . . . . . . . . O . . . .|
j. X . X . . X . O . X . . X . . . . .|
i. . . . X . . . . . . . . X . . . X O|
h. . . . X . O X . . X X . . . . O . .|
g. O . . . . . X . X . . . O . . . . O|
fX . . X . O O . . . . . . . . . . . O|
e. . . . . . . O . O . . . . O . O . .|
d. . . . . . X . . . . . . . . X X O .|
c. . X . . O . . . . . . . X . . . . .|
b. X . X . . O X . . . . . . . . . O X|
a. . . O O . . O . . O . . . . . . . .|
 A B C D E F G H I J K L M N O P Q R S|
gracz O
--------------------------------------+
s. . . . X . . . . X X X . X . . . X .|
r. X . . O . X . . . . . . . . . . . O|
q. X . . X . . . . X O . . X . . . . X|
p. . O . . O . . O O . . O . . . O . O|
oO . . O . . O O . . . X . X . O . O .|
n. X . . . . . . . . . . X O . . . . .|
m. . . . O . . O . . . . . . O . . . .|
lO . . X . . . . . . . . . . . X . . .|
k. X . O . . . . . . . . . . O . . . .|
j. X . X . . X . O . X . . X . . . . .|
i. . . . X . . . . . . . . X . . . X O|
h. . . . X . O X . . X X . . . . O . .|
g. O . . . . . X . X . . . O . . . . O|
fX . . X . O O . . . . . . . . . . . O|
e. . . . . . . O . O . . . . O O O . .|
d. . . . . . X . . . . . . . . X X O .|
c. . X . . O . . . . . . . X . . . . .|
b. X . X . . O X . . . . . . . . . O X|
a. . . O O . . O . . O . . . . . . . .|
 A B C D E F G H I J K L M N O P Q R S|
gracz X
--------------------------------------+
s. . . . X . . . . X X X X X . . . X .|
r. X . . O . X . . . . . . . . . . . O|
q. X . . X . . . . X O . . X . . . . X|
p. . O . . O . . O O . . O . . . O . O|
oO . . O . . O O . . . X . X . O . O .|
n. X . . . . . . . . . . X O . . . . .|
m. . . . O . . O . . . . . . O . . . .|
lO . . X . . . . . . . . . . . X . . .|
k. X . O . . . . . . . . . . O . . . .|
j. X . X . . X . O . X . . X . . . . .|
i. . . . X . . . . . . . . X . . . X O|
h. . . . X . O X . . X X . . . . O . .|
g. O . . . . . X . X . . . O . . . . O|
fX . . X . O O . . . . . . . . . . . O|
e. . . . . . . O . O . . . . O O O . .|
d. . . . . . X . . . . . . . . X X O .|
c. . X . . O . . . . . . . X . . . . .|
b. X . X X . O X . . . . . . . . . O X|
a. . . O O . . O . . O . . . . . . . .|
 A B C D E F G H I J K L M N O P Q R S|
gracz O
--------------------------------------+
s. . . . X . . . . X X X X X . . . X .|
r. X . . O . X . . . . . . . . . O . O|
q. X . . X . . . . X O . . X . . . . X|
p. . O . . O . . O O . . O . . . O . O|
oO . . O . . O O . . . X . X . O . O .|
n. X . . . . . . . . . . X O . . . . .|
m. . . . O . . O . . . . . . O . . . .|
lO . . X . . . . . . . . . . . X . . .|
k. X . O . . . . . . . . . . O . . . .|
j. X . X . . X . O . X . . X . . . . .|
i. . . . X . . . . . . . . X . . . X O|
h. . . . X . O X . . X X . . . . O . .|
g. O . . . . . X . X . . . O . . . . O|
fX . . X . O O . . . . . . . . . . . O|
e. . . . . . . O . O . . . . O O O . .|
d. . . . . . X . . . . . . . . X X O .|
c. . X . . O . . . . . . O X . . . . .|
b. X . X X . O X . . . . . . . . . O X|
a. . . O O . . O . . O . . . . . . . .|
 A B C D E F G H I J K L M N O P Q R S|
gracz X
--------------------------------------+
s. . . . X . . . . X X X X X . . . X .|
r. X . . O . X . . . . . . . . . O . O|
q. X . . X . . . . X O . . X . . . . X|
p. . O . . O . . O O . . O . . . O . O|
oO . X O . . O O . . . X . X . O . O .|
n. X . . . X . . . . . . X O . . . . .|
m. . . . O . . O . . . . . . O . . . .|
lO . . X . . . . . . . . . . . X . . .|
k. X . O . . . . . . . . . . O . . . .|
j. X . X . . X . O . X . . X . . . . .|
i. . . . X . . . . . . . . X . . . X O|
h. . . . X . O X . . X X . . . . O . .|
g. O . . . . . X . X . . . O . . . . O|
fX . . X . O O . . . . . . . . . . . O|
e. . . . . . . O . O . . . . O O O . .|
d. . . . . . X . . . . . . . . X X O .|
c. . X . . O . . . . . . O X . . . . .|
b. X . X X . O X . . . . . . . . . O X|
a. . . O O . . O . . O . . . . . . . .|
 A B C D E F G H I J K L M N O P Q R S|
gracz O
--------------------------------------+
s. . . . X . . . . X X X X X . . . X .|
r. X . . O . X . . . . . . . . . O . O|
q. X . . X . . . . X O . . X . . . . X|
p. . O . . O . . O O . . O . . . O . O|
oO . X O . . O O . . . X . X . O . O .|
nO X . . . X . . . . . . X O . . . . .|
m. . . . O . . O . . . . . . O . . . .|
lO . . X . . . . . . . . . . . X . . .|
k. X . O . . . . . . . . . . O . . . .|
j. X . X . . X . O . X . . X . . . . .|
i. . . . X . . . . . . . . X . . . X O|
h. . . . X . O X . . X X . . . . O . .|
g. O . . . . . X . X . . . O . . . . O|
fX . . X . O O . . . . . . . . . . . O|
e. . . . . . . O . O . . . . O O O . .|
d. . . . . . X . . . . . . . . X X O .|
c. . X . . O . . . . . . O X . . . . .|
b. X . X X . O X O . . . . . . . . O X|
a. . . O O . . O . . O . . . . . . . .|
 A B C D E F G H I J K L M N O P Q R S|
gracz X
--------------------------------------+
s. . . . X . . . . X X X X X . . . X .|
r. X . . O . X . . . . . . . . . O . O|
q. X . . X . . . . X O . . X . . . . X|
p. . O . . O . . O O . . O . . . O . O|
oO . X O . . O O . . . X . X . O . O .|
nO X . . . X . . . . . . X O . . . . .|
m. . . . O . . O . . . . . . O . . . .|
lO . . X . . . . . . . . . . . X . . .|
k. X . O . . . . . . . . . . O . . . .|
j. X . X . . X . O . X . . X . . . . .|
i. . . . X . . . . . . . . X . . . X O|
h. . . . X X O X . . X X . . . . O . .|
g. O . . . . . X . X . . . O . . . . O|
fX . . X . O O . . . . . . . . . . . O|
e. . . . . . . O . O . . . . O O O . .|
d. . . . . . X . . . . . . . . X X O .|
c. . X . . O . . . . . . O X . . . . .|
b. X . X X . O X O . . . . . . . . O X|
a. . . O O . . O . . O . . . X . . . .|
 A B C D E F G H I J K L M N O P Q R S|
gracz O
--------------------------------------+
s. . . . X . . . . X X X X X . . . X .|
r. X . . O . X . . . . . . . . . O . O|
q. X . . X . . . . X O . . X . . . . X|
p. . O . . O . . O O O . O . . . O . O|
oO . X O . . O O . . . X . X . O . O .|
nO X . . . X . . . . . . X O . . . . .|
m. . . . O . . O . . . . . . O . . . .|
lO . . X . . . . . . . . . . . X . . .|
k. X . O . . . . . . . . . . O . . . .|
j. X . X . . X . O . X . . X . . . . .|
i. . . . X . . . . . . . . X . . . X O|
h. . . . X X O X . . X X . . . . O . .|
g. O . . . . . X . X . . . O . . . . O|
fX . . X . O O . . . . . . . . . . . O|
e. . . . . . . O . O . . . O O O O . .|
d. . . . . . X . . . . . . . . X X O .|
c. . X . . O . . . . . . O X . . . . .|
b. X . X X . O X O . . . . . . . . O X|
a. . . O O . . O . . O . . . X . . . .|
 A B C D E F G H I J K L M N O P Q R S|
gracz X
--------------------------------------+
s. . . . X . . . . X X X X X . . . X .|
r. X . . O . X . . . . . . . . . O . O|
q. X . . X . . . . X O . . X . . . . X|
p. . O . . O . . O O O . O . . . O . O|
oO . X O . . O O . . . X . X . O . O .|
nO X . . . X . . . . . . X O . . . . .|
m. . . . O . . O . . . . . . O . . . .|
lO . . X . . . . . X . . . . . X . . .|
k. X . O . . . . . . . . . . O . . . .|
j. X . X . . X . O . X . . X . . . . .|
i. . . . X . . . . . . . . X . . . X O|
h. . . . X X O X . . X X . . . . O . .|
g. O . . . . . X . X . . . O . . . X O|
fX . . X . O O . . . . . . . . . . . O|
e. . . . . . . O . O . . . O O O O . .|
d. . . . . . X . . . . . . . . X X O .|
c. . X . . O . . . . . . O X . . . . .|
b. X . X X . O X O . . . . . . . . O X|
a. . . O O . . O . . O . . . X . . . .|
 A B C D E F G H I J K L M N O P Q R S|
gracz O
--------------------------------------+
s. . . . X . . . . X X X X X . . . X .|
r. X . . O . X . . . . . O . . . O . O|
q. X . . X . . . . X O . . X . . . . X|
p. . O . . O . . O O O . O . . . O . O|
oO . X O . . O O . . . X . X . O . O .|
nO X . . . X . . . . . . X O . . . . .|
m. . . . O . . O . . . . . . O . . . .|
lO . . X . . . . . X . . . . . X . . .|
k. X . O . . . . . . . . . . O . O . .|
j. X . X . . X . O . X . . X . . . . .|
i. . . . X . . . . . . . . X . . . X O|
h. . . . X X O X . . X X . . . . O . .|
g. O . . . . . X . X . . . O . . . X O|
fX . . X . O O . . . . . . . . . . . O|
e. . . . . . . O . O . . . O O O O . .|
d. . . . . . X . . . . . . . . X X O .|
c. . X . . O . . . . . . O X . . . . .|
b. X . X X . O X O . . . . . . . . O X|
a. . . O O . . O . . O . . . X . . . .|
 A B C D E F G H I J K L M N O P Q R S|
gracz X
--------------------------------------+
s. . . . X X . . . X X X X X . . . X .|
r. X . . O . X . . . . . O . . . O . O|
q. X . . X . . . . X O . . X . . . . X|
p. . O . . O . . O O O . O . . . O . O|
oO . X O . . O O . . . X . X . O . O .|
nO X . . . X . . . . . . X O . . . . .|
m. . . . O . . O . . . . . . O . . . .|
lO . . X . . . . . X . . . . . X . . .|
k. X . O . . . . . . . . . . O . O . .|
j. X . X . . X . O . X . . X . . . . .|
i. . . . X . . . . . . . . X . . . X O|
h. . . X X X O X . . X X . . . . O . .|
g. O . . . . . X . X . . . O . . . X O|
fX . . X . O O . . . . . . . . . . . O|
e. . . . . . . O . O . . . O O O O . .|
d. . . . . . X . . . . . . . . X X O .|
c. . X . . O . . . . . . O X . . . . .|
b. X . X X . O X O . . . . . . . . O X|
a. . . O O . . O . . O . . . X . . . .|
 A B C D E F G H I J K L M N O P Q R S|
gracz O
--------------------------------------+
s. . . . X X . . . X X X X X . . . X .|
r. X . . O . X . . . . O O . . . O . O|
q. X . . X . . . . X O . . X . . . . X|
p. . O . . O . . O O O . O . . . O . O|
oO . X O . . O O . . . X . X . O . O .|
nO X . . . X . . . . . . X O . . . . .|
m. . . . O . . O . . . . . . O . . . .|
lO . . X . . . . . X . . . . . X . . .|
k. X . O . . . . . . . . . . O . O . .|
j. X . X . . X . O . X . . X . . . . .|
i. . . . X . . . . . . . . X . . . X O|
h. . . X X X O X . . X X . . . . O . .|
g. O . . . . . X . X . . . O . . . X O|
fX . . X . O O . . . . . . . . . . . O|
e. . . . . . . O . O . . . O O O O . .|
d. O . . . . X . . . . . . . . X X O .|
c. . X . . O . . . . . . O X . . . . .|
b. X . X X . O X O . . . . . . . . O X|
a. . . O O . . O . . O . . . X . . . .|
 A B C D E F G H I J K L M N O P Q R S|
gracz X
--------------------------------------+
s. . . . X X . . . X X X X X . . . X .|
r. X . . O . X . . . . O O . . . O . O|
q. X . . X . . . . X O . . X . . . . X|
p. . O . . O . . O O O . O . . . O . O|
oO . X O . . O O . . . X . X . O . O .|
nO X . . . X . . . . . . X O . . . . .|
m. . . . O . . O . . . . . . O . . . .|
lO . . X . . . . . X . . . . . X . . .|
k. X . O . . . . . . . . . . O . O . .|
j. X . X . . X . O . X . . X . . . . .|
i. . . . X . . . . . . . . X . . . X O|
h. . . X X X O X . . X X . . . . O . .|
g. O . . . . . X . X . . . O . . . X O|
fX . . X . O O . . . . . . . . . . . O|
e. . . . . . . O . O . . . O O O O . .|
d. O . . . . X . . . . . . . . X X O .|
c. . X . X O . . . . . . O X . . . . .|
b. X . X X . O X O . . . . . . . . O X|
aX . . O O . . O . . O . . . X . . . .|
 A B C D E F G H I J K L M N O P Q R S|
gracz O
--------------------------------------+
s. . . . X X . . . X X X X X O . . X .|
r. X . . O . X . . . . O O . . . O . O|
q. X . . X . . . . X O . . X . . O . X|
p. . O . . O . . O O O . O . . . O . O|
oO . X O . . O O . . . X . X . O . O .|
nO X . . . X . . . . . . X O . . . . .|
m. . . . O . . O . . . . . . O . . . .|
lO . . X . . . . . X . . . . . X . . .|
k. X . O . . . . . . . . . . O . O . .|
j. X . X . . X . O . X . . X . . . . .|
i. . . . X . . . . . . . . X . . . X O|
h. . . X X X O X . . X X . . . . O . .|
g. O . . . . . X . X . . . O . . . X O|
fX . . X . O O . . . . . . . . . . . O|
e. . . . . . . O . O . . . O O O O . .|
d. O . . . . X . . . . . . . . X X O .|
c. . X . X O . . . . . . O X . . . . .|
b. X . X X . O X O . . . . . . . . O X|
aX . . O O . . O . . O . . . X . . . .|
 A B C D E F G H I J K L M N O P Q R S|
gracz X
--------------------------------------+
s. . . . X X . . . X X X X X O . . X .|
r. X . . O . X . . . . O O . . . O . O|
q. X . . X . . . . X O . . X . . O . X|
p. . O . . O . . O O O . O . . . O . O|
oO . X O . . O O . . . X . X . O . O .|
nO X . . . X . . . . . . X O . . . . .|
m. . . . O . . O . . . . . . O . . . .|
lO . . X . . . . . X . . . . . X . . .|
k. X . O . . . . . . . . . . O . O . .|
j. X X X . . X . O . X . . X . . . . .|
i. . . . X . . . . . . . . X . . . X O|
h. . . X X X O X . . X X . . . . O . .|
g. O . . . . . X . X . . . O . . . X O|
fX . . X . O O . . . . . . . . . . . O|
e. . . . . . . O . O X . . O O O O . .|
d. O . . . . X . . . . . . . . X X O .|
c. . X . X O . . . . . . O X . . . . .|
b. X . X X . O X O . . . . . . . . O X|
aX . . O O . . O . . O . . . X . . . .|
 A B C D E F G H I J K L M N O P Q R S|
gracz O
--------------------------------------+
s. . . . X X . . . X X X X X O . . X .|
r. X . . O . X . . . . O O . . . O . O|
q. X . . X . . . . X O . . X . . O . X|
p. . O . . O . . O O O . O . . . O . O|
oO . X O . . O O . . . X . X . O . O .|
nO X . . . X . . . . . . X O . . . . .|
m. . . . O . . O . . . . . . O . . . .|
lO . . X . . . . . X . . . . . X . . .|
k. X . O . . . . . . . . . . O . O . .|
j. X X X . . X . O . X . . X . . . . .|
i. . . . X . . . . . . . . X . . . X O|
h. . . X X X O X . . X X . . . . O . .|
g. O . . . . . X . X . . . O . . . X O|
fX . . X . O O . . . . . . . . O . . O|
e. . . . . . . O . O X . . O O O O O .|
d. O . . . . X . . . . . . . . X X O .|
c. . X . X O . . . . . . O X . . . . .|
b. X . X X . O X O . . . . . . . . O X|
aX . . O O . . O . . O . . . X . . . .|
 A B C D E F G H I J K L M N O P Q R S|
gracz X
--------------------------------------+
s. . . . X X . . . X X X X X O . . X .|
r. X . . O . X . . . . O O . . . O . O|
q. X . . X . . . . X O . . X . . O . X|
p. . O . . O . . O O O . O . . . O . O|
oO . X O . . O O . . . X . X . O . O .|
nO X . . X X . . . . . . X O . . . . .|
m. . . . O . . O . . . . . . O . . . .|
lO . . X . . . . . X . . . . . X . . .|
k. X . O . . . . . . . . . . O . O . .|
j. X X X . . X . O . X . . X . . . . .|
i. . . . X . . . . . . . . X . . . X O|
h. . . X X X O X . . X X . . . . O . .|
g. O . . . . . X . X . . . O . . . X O|
fX . . X . O O . . . . . . . . O . . O|
e. . . . . . . O . O X . . O O O O O .|
d. O . . . . X . . . . . . . . X X O .|
c. . X . X O . . . . . . O X . . . . .|
b. X . X X . O X O . . . . . . . . O X|
aX . X O O . . O . . O . . . X . . . .|
 A B C D E F G H I J K L M N O P Q R S|
gracz O
--------------------------------------+
s. . . . X X . . . X X X X X O . . X .|
r. X . . O . X . . . . O O . . . O . O|
q. X . . X . . . . X O . . X . . O . X|
p. . O . . O . . O O O . O . . . O . O|
oO . X O . . O O . . . X . X . O . O .|
nO X . O X X . . . . . O X O . . . . .|
m. . . . O . . O . . . . . . O . . . .|
lO . . X . . . . . X . . . . . X . . .|
k. X . O . . . . . . . . . . O . O . .|
j. X X X . . X . O . X . . X . . . . .|
i. . . . X . . . . . . . . X . . . X O|
h. . . X X X O X . . X X . . . . O . .|
g. O . . . . . X . X . . . O . . . X O|
fX . . X . O O . . . . . . . . O . . O|
e. . . . . . . O . O X . . O O O O O .|
d. O . . . . X . . . . . . . . X X O .|
c. . X . X O . . . . . . O X . . . . .|
b. X . X X . O X O . . . . . . . . O X|
aX . X O O . . O . . O . . . X . . . .|
 A B C D E F G H I J K L M N O P Q R S|
gracz X
--------------------------------------+
s. . . . X X . . . X X X X X O . . X .|
r. X . . O . X . . . . O O . . . O . O|
q. X . . X . . . . X O . . X . . O . X|
p. . O . . O . . O O O . O . . . O . O|
oO . X O . . O O . . . X . X . O . O .|
nO X . O X X . . . . . O X O . . . . .|
m. . . . O . . O . . . . . . O . . . .|
lO . . X . . . . . X . . . . . X . . .|
k. X . O . . . . . . . . . . O . O . X|
j. X X X . . X . O . X . . X . . . . .|
i. . . . X . . . . . . . . X . . . X O|
h. . . X X X O X . . X X . . . . O . .|
g. O . . . . . X . X . . . O . . . X O|
fX . . X . O O . . . . . . . . O . . O|
e. . . . . . . O . O X . . O O O O O .|
d. O . . . . X . X . . . . . . X X O .|
c. . X . X O . . . . . . O X . . . . .|
b. X . X X . O X O . . . . . . . . O X|
aX . X O O . . O . . O . . . X . . . .|
 A B C D E F G H I J K L M N O P Q R S|
gracz O
--------------------------------------+
s. . . . X X . . . X X X X X O . . X .|
r. X . . O . X . . . . O O . . . O . O|
q. X . . X . . . . X O . . X . . O . X|
p. . O . . O . . O O O . O . . . O . O|
oO . X O . O O O . . . X . X . O . O .|
nO X . O X X . . . . . O X O . . . . .|
m. . . . O . . O . . . . . . O . . . .|
lO . . X . . . . . X . . . . . X . . .|
k. X . O . . . . . . . . . . O . O . X|
j. X X X . . X . O . X . . X . . . . .|
i. . . . X . . . . . O . . X . . . X O|
h. . . X X X O X . . X X . . . . O . .|
g. O . . . . . X . X . . . O . . . X O|
fX . . X . O O . . . . . . . . O . . O|
e. . . . . . . O . O X . . O O O O O .|
d. O . . . . X . X . . . . . . X X O .|
c. . X . X O . . . . . . O X . . . . .|
b. X . X X . O X O . . . . . . . . O X|
aX . X O O . . O . . O . . . X . . . .|
 A B C D E F G H I J K L M N O P Q R S|
gracz X
--------------------------------------+
s. . . . X X . . . X X X X X O . . X .|
r. X . . O . X . . . . O O . . . O . O|
q. X . . X . . . . X O . . X . . O . X|
p. . O . . O . . O O O . O . . . O . O|
oO . X O . O O O . . . X . X . O . O .|
nO X . O X X . . . . . O X O . . . . .|
m. . . . O . . O . . . . . . O . . . .|
lO . . X . . . . . X . . . . . X . . .|
k. X . O . . . . . . . . . . O . O X X|
j. X X X . . X . O . X . . X . . . . .|
i. . . . X . . . . . O . . X . . . X O|
h. . . X X X O X . . X X . X . . O . .|
g. O . . . . . X . X . . . O . . . X O|
fX . . X . O O . . . . . . . . O . . O|
e. . . . . . . O . O X . . O O O O O .|
d. O . . . . X . X . . . . . . X X O .|
c. . X . X O . . . . . . O X . . . . .|
b. X . X X . O X O . . . . . . . . O X|
aX . X O O . . O . . O . . . X . . . .|
 A B C D E F G H I J K L M N O P Q R S|
gracz O
--------------------------------------+
s. . . . X X . . . X X X X X O . . X .|
r. X . . O . X . . . . O O . . . O . O|
q. X . . X . . . . X O . . X . . O . X|
p. . O . . O . . O O O . O . . . O . O|
oO . X O . O O O . . . X . X . O . O .|
nO X . O X X . . . . . O X O . . . . .|
mO . . . O . . O . . . . . . O . . . .|
lO . . X . . . . . X O . . . . X . . .|
k. X . O . . . . . . . . . . O . O X X|
j. X X X . . X . O . X . . X . . . . .|
i. . . . X . . . . . O . . X . . . X O|
h. . . X X X O X . . X X . X . . O . .|
g. O . . . . . X . X . . . O . . . X O|
fX . . X . O O . . . . . . . . O . . O|
e. . . . . . . O . O X . . O O O O O .|
d. O . . . . X . X . . . . . . X X O .|
c. . X . X O . . . . . . O X . . . . .|
b. X . X X . O X O . . . . . . . . O X|
aX . X O O . . O . . O . . . X . . . .|
 A B C D E F G H I J K L M N O P Q R S|
gracz X
--------------------------------------+
s. . . . X X . . . X X X X X O . . X .|
r. X . . O . X . . . . O O . . . O . O|
q. X . . X . . . . X O . . X . . O . X|
p. . O . . O . . O O O . O . . . O . O|
oO . X O . O O O . . . X . X . O . O .|
nO X . O X X . . . . . O X O . . . . .|
mO . . . O . . O . . . . . . O . . . .|
lO . . X . . . . . X O . . . . X . . .|
k. X . O . . . . . . . . . . O . O X X|
j. X X X . . X . O . X . . X . . . X .|
i. . . . X . . . . . O . . X . . . X O|
h. . . X X X O X . . X X . X . . O . .|
g. O . . . . . X . X . . . O . . . X O|
fX . . X . O O . . . . . . . . O . . O|
e. . . . . . . O . O X . . O O O O O .|
d. O . . . . X . X . . . . X . X X O .|
c. . X . X O . . . . . . O X . . . . .|
b. X . X X . O X O . . . . . . . . O X|
aX . X O O . . O . . O . . . X . . . .|
 A B C D E F G H I J K L M N O P Q R S|
gracz O
--------------------------------------+
s. . . . X X . . . X X X X X O . . X .|
r. X . . O . X . . . . O O . . . O . O|
q. X . . X . . . . X O . . X . . O . X|
p. . O . . O . . O O O . O . . . O . O|
oO . X O . O O O . . . X . X . O . O .|
nO X . O X X . . . . . O X O . . . . .|
mO . . . O . . O . . . . . . O . . . .|
lO . . X . . . . . X O . . . O X . . .|
k. X . O . . . . . . . . . . O . O X X|
j. X X X . . X . O . X . . X . . . X .|
i. . . . X . . . . . O . . X . . . X O|
h. . . X X X O X . . X X . X . . O . .|
g. O . . . . . X . X . . . O . . . X O|
fX . . X . O O . . . . . . . . O . . O|
e. . . . . . . O . O X . . O O O O O .|
d. O . . . . X . X . . . . X . X X O .|
c. . X . X O . . . . . . O X O . . . .|
b. X . X X . O X O . . . . . . . . O X|
aX . X O O . . O . . O . . . X . . . .|
 A B C D E F G H I J K L M N O P Q R S|
gracz X
--------------------------------------+
s. . . . X X . . . X X X X X O . . X .|
r. X . . O . X . . . . O O . . . O . O|
q. X . . X . . . . X O . . X . . O . X|
p. . O . . O . . O O O . O . . . O . O|
oO . X O . O O O . . . X . X . O . O .|
nO X . O X X . . . . . O X O . . . . .|
mO . . . O . . O . . . . . . O . . . X|
lO . . X . . . . . X O . . . O X . . .|
k. X . O . . . . . . . . . . O X O X X|
j. X X X . . X . O . X . . X . . . X .|
i. . . . X . . . . . O . . X . . . X O|
h. . . X X X O X . . X X . X . . O . .|
g. O . . . . . X . X . . . O . . . X O|
fX . . X . O O . . . . . . . . O . . O|
e. . . . . . . O . O X . . O O O O O .|
d. O . . . . X . X . . . . X . X X O .|
c. . X . X O . . . . . . O X O . . . .|
b. X . X X . O X O . . . . . . . . O X|
aX . X O O . . O . . O . . . X . . . .|
 A B C D E F G H I J K L M N O P Q R S|
gracz O
--------------------------------------+
s. . . . X X . . . X X X X X O . . X .|
r. X . . O . X . . . . O O . . . O . O|
q. X . . X . . . . X O . . X . . O . X|
p. . O . . O . . O O O . O . . . O . O|
oO . X O . O O O . . . X . X . O . O .|
nO X . O X X . . . . . O X O . . . . .|
mO . . . O . . O . . . . . . O . . . X|
lO . . X . . . . . X O . . . O X . . .|
k. X . O . . . . . . . . . . O X O X X|
j. X X X . . X . O . X . . X . . . X .|
i. . . . X . . . . . O . . X . . O X O|
h. . . X X X O X . . X X . X . . O . .|
g. O . . . . . X . X . . . O . . . X O|
fX . . X . O O . . . . . . . . O . . O|
e. . . . . . . O . O X . . O O O O O .|
d. O . . . . X . X . . . . X . X X O .|
c. . X . X O . . . . . . O X O . . . .|
b. X . X X . O X O . . . . . . . . O X|
aX . X O O . . O . . O . . O X . . . .|
 A B C D E F G H I J K L M N O P Q R S|
gracz X
--------------------------------------+
s. . . . X X . . . X X X X X O . . X .|
r. X . . O . X . X . . O O . . . O . O|
q. X . . X . . . . X O . . X . . O . X|
p. . O . . O . . O O O . O . . . O . O|
oO . X O . O O O . . . X . X . O . O .|
nO X . O X X . . . . . O X O . . . . .|
mO . . . O . . O . . . . . . O . . . X|
lO . . X . . . . . X O . . . O X . . .|
k. X . O . . . . . . . . . . O X O X X|
j. X X X . . X . O . X . . X . . . X .|
i. . . . X . . . . . O . . X . . O X O|
h. . . X X X O X . . X X . X . . O . .|
g. O X . . . . X . X . . . O . . . X O|
fX . . X . O O . . . . . . . . O . . O|
e. . . . . . . O . O X . . O O O O O .|
d. O . . . . X . X . . . . X . X X O .|
c. . X . X O . . . . . . O X O . . . .|
b. X . X X . O X O . . . . . . . . O X|
aX . X O O . . O . . O . . O X . . . .|
 A B C D E F G H I J K L M N O P Q R S|
gracz O
--------------------------------------+
s. . . . X X . . . X X X X X O . . X .|
r. X . . O . X . X . . O O . . . O . O|
q. X . . X . . . . X O . . X . . O . X|
p. . O . . O . . O O O . O . . . O . O|
oO . X O . O O O . . . X . X . O . O .|
nO X . O X X . . . . . O X O . . . . .|
mO . . . O . . O . O . . . . O . . . X|
lO . . X . . . . . X O . . . O X . . .|
k. X . O . . . . . . . . . . O X O X X|
j. X X X . . X . O . X . . X . . . X .|
i. . . . X . . . . . O . . X . . O X O|
h. . . X X X O X . . X X . X . . O . .|
g. O X . . . . X . X . . . O . . . X O|
fX . . X . O O . . . . . . . . O . . O|
e. . . . . . . O . O X . . O O O O O .|
d. O . . . . X . X . . . . X . X X O .|
c. . X . X O . . . . . . O X O . . . .|
b. X . X X . O X O . . . . . . . . O X|
aX . X O O . . O . . O . . O X O . . .|
 A B C D E F G H I J K L M N O P Q R S|
gracz X
--------------------------------------+
s. . . . X X . . . X X X X X O . . X .|
r. X . . O . X . X . . O O . . . O . O|
q. X . . X . . X . X O . . X . . O . X|
p. . O . . O . . O O O . O . . . O . O|
oO . X O . O O O . . . X . X . O . O .|
nO X . O X X . . . . X O X O . . . . .|
mO . . . O . . O . O . . . . O . . . X|
lO . . X . . . . . X O . . . O X . . .|
k. X . O . . . . . . . . . . O X O X X|
j. X X X . . X . O . X . . X . . . X .|
i. . . . X . . . . . O . . X . . O X O|
h. . . X X X O X . . X X . X . . O . .|
g. O X . . . . X . X . . . O . . . X O|
fX . . X . O O . . . . . . . . O . . O|
e. . . . . . . O . O X . . O O O O O .|
d. O . . . . X . X . . . . X . X X O .|
c. . X . X O . . . . . . O X O . . . .|
b. X . X X . O X O . . . . . . . . O X|
aX . X O O . . O . . O . . O X O . . .|
 A B C D E F G H I J K L M N O P Q R S|
gracz O
--------------------------------------+
s. . . . X X . . . X X X X X O . . X .|
r. X . . O . X . X . . O O . . . O . O|
q. X . . X . . X . X O . . X . . O . X|
p. . O . . O . . O O O . O . . O O . O|
oO . X O . O O O . . . X . X . O . O .|
nO X . O X X . . . . X O X O . . . . .|
mO . . . O . . O . O . . . . O . O . X|
lO . . X . . . . . X O . . . O X . . .|
k. X . O . . . . . . . . . . O X O X X|
j. X X X . . X . O . X . . X . . . X .|
i. . . . X . . . . . O . . X . . O X O|
h. . . X X X O X . . X X . X . . O . .|
g. O X . . . . X . X . . . O . . . X O|
fX . . X . O O . . . . . . . . O . . O|
e. . . . . . . O . O X . . O O O O O .|
d. O . . . . X . X . . . . X . X X O .|
c. . X . X O . . . . . . O X O . . . .|
b. X . X X . O X O . . . . . . . . O X|
aX . X O O . . O . . O . . O X O . . .|
 A B C D E F G H I J K L M N O P Q R S|
gracz X
--------------------------------------+
s. . . . X X . . . X X X X X O . . X .|
r. X . . O . X . X . . O O . . . O . O|
q. X . . X . . X . X O . . X . . O . X|
p. . O . . O . . O O O . O . . O O . O|
oO . X O . O O O . . . X . X . O . O .|
nO X . O X X . . . . X O X O . . . . .|
mO . . . O . X O . O . . . . O . O . X|
lO . . X . . . . . X O . . . O X . . .|
k. X . O . . . . . . . . X . O X O X X|
j. X X X . . X . O . X . . X . . . X .|
i. . . . X . . . . . O . . X . . O X O|
h. . . X X X O X . . X X . X . . O . .|
g. O X . . . . X . X . . . O . . . X O|
fX . . X . O O . . . . . . . . O . . O|
e. . . . . . . O . O X . . O O O O O .|
d. O . . . . X . X . . . . X . X X O .|
c. . X . X O . . . . . . O X O . . . .|
b. X . X X . O X O . . . . . . . . O X|
aX . X O O . . O . . O . . O X O . . .|
 A B C D E F G H I J K L M N O P Q R S|
gracz O
--------------------------------------+
s. . . . X X . . . X X X X X O . . X .|
r. X . . O . X . X . . O O . . . O . O|
q. X . . X . O X . X O . . X . . O . X|
p. . O . . O . . O O O . O . . O O . O|
oO . X O . O O O . . . X . X . O . O .|
nO X . O X X . . . . X O X O . . . . .|
mO . . . O . X O . O . . . . O . O . X|
lO . . X . . . O . X O . . . O X . . .|
k. X . O . . . . . . . . X . O X O X X|
j. X X X . . X . O . X . . X . . . X .|
i. . . . X . . . . . O . . X . . O X O|
h. . . X X X O X . . X X . X . . O . .|
g. O X . . . . X . X . . . O . . . X O|
fX . . X . O O . . . . . . . . O . . O|
e. . . . . . . O . O X . . O O O O O .|
d. O . . . . X . X . . . . X . X X O .|
c. . X . X O . . . . . . O X O . . . .|
b. X . X X . O X O . . . . . . . . O X|
aX . X O O . . O . . O . . O X O . . .|
 A B C D E F G H I J K L M N O P Q R S|
gracz X
--------------------------------------+
s. . . . X X . . . X X X X X O . . X .|
r. X . . O . X . X . . O O . . . O . O|
q. X . . X . O X . X O . . X . . O . X|
p. . O . . O . . O O O . O . . O O . O|
oO . X O . O O O . . . X . X . O . O .|
nO X . O X X X . . . X O X O . . . . .|
mO . . . O . X O . O . . . . O . O . X|
lO . . X . . . O . X O . . . O X . . .|
k. X . O . . . . . . . . X . O X O X X|
j. X X X . . X . O . X . . X . . . X .|
i. . . . X . . . . . O . . X . . O X O|
h. . . X X X O X . . X X . X . . O . .|
g. O X . . . . X . X . . . O . . . X O|
fX . . X . O O . . . . . . . . O . . O|
e. . . . . . . O . O X . . O O O O O .|
d. O . X . . X . X . . . . X . X X O .|
c. . X . X O . . . . . . O X O . . . .|
b. X . X X . O X O . . . . . . . . O X|
aX . X O O . . O . . O . . O X O . . .|
 A B C D E F G H I J K L M N O P Q R S|
gracz O
--------------------------------------+
s. . . . X X . . . X X X X X O . . X .|
r. X . . O . X . X . . O O . . . O . O|
q. X . . X . O X . X O . . X . . O . X|
p. . O . . O . . O O O . O . . O O . O|
oO . X O . O O O . . . X . X . O . O .|
nO X . O X X X . . . X O X O . . . . .|
mO . . . O . X O . O . . . . O . O . X|
lO . . X . . . O . X O . . . O X . . .|
k. X . O . . . . . . . . X . O X O X X|
j. X X X . . X . O . X . . X . . . X .|
i. . . . X . . . . . O . . X . . O X O|
h. . . X X X O X . . X X . X . . O . .|
g. O X . . . . X . X . . . O . . . X O|
fX . . X . O O . . . . . . . . O . . O|
e. . . . . . . O . O X . . O O O O O .|
d. O . X . O X . X . . O . X . X X O .|
c. . X . X O . . . . . . O X O . . . .|
b. X . X X . O X O . . . . . . . . O X|
aX . X O O . . O . . O . . O X O . . .|
 A B C D E F G H I J K L M N O P Q R S|
gracz X
--------------------------------------+
s. . . . X X . . . X X X X X O . . X .|
r. X . . O . X . X . . O O . . . O . O|
q. X . . X . O X . X O . . X . . O . X|
p. . O . . O . . O O O . O . . O O . O|
oO . X O . O O O . . . X . X . O . O .|
nO X . O X X X . . . X O X O . . . . .|
mO . . . O . X O . O . . . . O . O . X|
lO . . X . . . O . X O . . . O X . . .|
k. X . O . . . . . . . . X . O X O X X|
j. X X X . . X . O . X . . X . . . X .|
i. . . . X . . . . . O . . X . . O X O|
h. . . X X X O X . . X X . X . . O . .|
g. O X . . . . X . X . . . O . . . X O|
fX . . X . O O . . . . . . . . O . . O|
e. . . . . . . O . O X . . O O O O O .|
d. O . X . O X X X . . O . X . X X O .|
c. . X . X O . . . . . . O X O . . . .|
b. X . X X . O X O . . . . . . . . O X|
aX . X O O X . O . . O . . O X O . . .|
 A B C D E F G H I J K L M N O P Q R S|
gracz O
--------------------------------------+
s. . . . X X . . . X X X X X O . . X .|
r. X . . O . X . X . . O O . . . O . O|
q. X . . X . O X . X O . . X . . O . X|
p. . O . . O . . O O O . O . . O O . O|
oO . X O . O O O . . . X . X . O . O .|
nO X . O X X X . . . X O X O . . . . .|
mO . . . O . X O . O . . . . O . O . X|
lO . . X . . . O . X O . . . O X . . .|
k. X . O . . . . . . . . X . O X O X X|
j. X X X . . X . O . X . . X . . . X .|
i. . . . X . . . . . O . . X . . O X O|
h. . . X X X O X . . X X . X . . O . .|
g. O X . . . . X . X . . . O . . . X O|
fX . . X . O O . O . . . . . . O . . O|
e. . . . . . . O . O X . . O O O O O .|
d. O . X . O X X X . . O . X . X X O .|
c. . X . X O . . . . . . O X O . . . .|
b. X . X X . O X O . . . . . . . . O X|
aX . X O O X . O . . O . O O X O . . .|
 A B C D E F G H I J K L M N O P Q R S|
gracz X
--------------------------------------+
s. . . . X X . . . X X X X X O . . X .|
r. X . . O . X . X . . O O . . . O . O|
q. X . . X . O X . X O . . X . . O . X|
p. . O . . O . . O O O . O . . O O . O|
oO . X O . O O O . . . X . X . O . O .|
nO X . O X X X . . . X O X O . . . . .|
mO . . . O . X O . O . . . . O . O . X|
lO . . X . . . O . X O . . . O X . . .|
k. X . O . . . . . . . . X . O X O X X|
j. X X X . . X . O . X . . X . . . X .|
iX . . . X . . . . . O . . X . . O X O|
h. . . X X X O X . . X X . X . . O . .|
g. O X . . . . X . X . . . O . . . X O|
fX . . X . O O . O X . . . . . O . . O|
e. . . . . . . O . O X . . O O O O O .|
d. O . X . O X X X . . O . X . X X O .|
c. . X . X O . . . . . . O X O . . . .|
b. X . X X . O X O . . . . . . . . O X|
aX . X O O X . O . . O . O O X O . . .|
 A B C D E F G H I J K L M N O P Q R S|
gracz O
--------------------------------------+
s. . . . X X . . . X X X X X O . . X .|
r. X . . O . X . X . . O O . . . O . O|
q. X . . X . O X . X O . . X . . O . X|
p. . O . . O . . O O O . O . . O O . O|
oO . X O . O O O . . . X . X . O . O .|
nO X . O X X X . . . X O X O . . . . .|
mO . . . O . X O . O . . . O O . O . X|
lO . . X . . . O . X O . . . O X . . .|
k. X . O . . . . . . . . X . O X O X X|
j. X X X . . X . O . X . . X . . . X .|
iX . . . X . . . . . O O . X . . O X O|
h. . . X X X O X . . X X . X . . O . .|
g. O X . . . . X . X . . . O . . . X O|
fX . . X . O O . O X . . . . . O . . O|
e. . . . . . . O . O X . . O O O O O .|
d. O . X . O X X X . . O . X . X X O .|
c. . X . X O . . . . . . O X O . . . .|
b. X . X X . O X O . . . . . . . . O X|
aX . X O O X . O . . O . O O X O . . .|
 A B C D E F G H I J K L M N O P Q R S|
gracz X
--------------------------------------+
s. . . . X X . . . X X X X X O . . X .|
r. X . . O . X . X . . O O . . . O . O|
q. X . . X . O X . X O . . X . . O . X|
p. . O . . O . . O O O . O . . O O . O|
oO . X O . O O O . . . X . X . O . O .|
nO X . O X X X . . . X O X O . . . . .|
mO . . . O . X O . O . . . O O . O . X|
lO . . X . . . O . X O . . . O X . . .|
k. X . O . . . . . . . . X . O X O X X|
j. X X X . . X . O . X . . X . . . X .|
iX . . . X . . . . . O O X X . . O X O|
h. . . X X X O X . . X X . X . . O . .|
g. O X . . . . X . X . . . O . . . X O|
fX . . X . O O . O X . . . . . O . . O|
eX . . . . . . O . O X . . O O O O O .|
d. O . X . O X X X . . O . X . X X O .|
c. . X . X O . . . . . . O X O . . . .|
b. X . X X . O X O . . . . . . . . O X|
aX . X O O X . O . . O . O O X O . . .|
 A B C D E F G H I J K L M N O P Q R S|
gracz O
--------------------------------------+
s. . . . X X . . . X X X X X O . . X .|
r. X . . O . X . X . . O O . . . O . O|
q. X . . X . O X . X O . . X . . O . X|
p. . O . . O . . O O O . O . . O O . O|
oO . X O . O O O . . . X . X . O . O .|
nO X . O X X X . . . X O X O . . . . .|
mO . . . O . X O . O . . . O O . O . X|
lO . . X . . . O . X O . . . O X . . .|
k. X . O . . . . . . . . X . O X O X X|
j. X X X . . X . O . X . . X . O . X .|
iX . . . X . . . . . O O X X . . O X O|
h. . . X X X O X . . X X . X . . O . .|
g. O X . . . . X . X . . . O . . . X O|
fX . . X . O O . O X . . . . . O . . O|
eX . . . . . . O . O X . . O O O O O .|
d. O . X . O X X X . . O . X . X X O .|
c. . X . X O . . . . . . O X O O . . .|
b. X . X X . O X O . . . . . . . . O X|
aX . X O O X . O . . O . O O X O . . .|
 A B C D E F G H I J K L M N O P Q R S|
gracz X
--------------------------------------+
s. . . . X X . . . X X X X X O . X X .|
r. X . . O . X . X . . O O . . . O . O|
q. X . . X . O X . X O . . X . . O . X|
p. . O . . O . . O O O . O . . O O . O|
oO . X O . O O O . . . X . X . O . O .|
nO X . O X X X . . . X O X O . . . . .|
mO . . . O . X O . O . . . O O . O . X|
lO . . X . . . O . X O . . . O X . . .|
k. X . O . . . . . . . . X . O X O X X|
j. X X X . . X . O . X . . X . O . X .|
iX . . . X . . . . . O O X X . . O X O|
h. . . X X X O X . . X X . X . . O . .|
g. O X . . . . X . X . . . O . . . X O|
fX . . X . O O . O X . . . . . O . . O|
eX . . . . . . O . O X . . O O O O O .|
d. O . X . O X X X . . O . X . X X O .|
c. . X . X O . . . . . . O X O O . . .|
b. X . X X . O X O . . . . . . . . O X|
aX X X O O X . O . . O . O O X O . . .|
 A B C D E F G H I J K L M N O P Q R S|
gracz O
--------------------------------------+
s. . . . X X . . . X X X X X O . X X .|
r. X . . O . X . X . . O O . . . O . O|
q. X . . X . O X . X O . . X . . O . X|
p. . O . . O . . O O O . O . . O O . O|
oO . X O . O O O . . . X . X . O . O .|
nO X . O X X X . . . X O X O . . . . .|
mO . . . O . X O . O . . . O O . O . X|
lO . . X . . . O . X O . . O O X . . .|
k. X . O . . . . . . . . X . O X O X X|
j. X X X . . X . O . X . . X . O . X .|
iX . . . X . . . . . O O X X . . O X O|
h. . . X X X O X . . X X . X . . O . .|
g. O X . . . . X . X . . . O . O . X O|
fX . . X . O O . O X . . . . . O . . O|
eX . . . . . . O . O X . . O O O O O .|
d. O . X . O X X X . . O . X . X X O .|
c. . X . X O . . . . . . O X O O . . .|
b. X . X X . O X O . . . . . . . . O X|
aX X X O O X . O . . O . O O X O . . .|
 A B C D E F G H I J K L M N O P Q R S|
gracz X
--------------------------------------+
s. . . . X X . . . X X X X X O . X X .|
r. X . . O . X . X . . O O . . . O . O|
q. X . . X . O X . X O . . X . . O . X|
p. . O . . O . . O O O . O . . O O . O|
oO . X O . O O O . . . X . X . O . O .|
nO X . O X X X . . . X O X O . . . . .|
mO . . . O X X O . O . . . O O . O . X|
lO . . X . . . O . X O . . O O X . . .|
k. X . O . . . . . . . . X . O X O X X|
j. X X X . . X . O . X . . X . O . X .|
iX . . . X . . . . . O O X X . . O X O|
h. X . X X X O X . . X X . X . . O . .|
g. O X . . . . X . X . . . O . O . X O|
fX . . X . O O . O X . . . . . O . . O|
eX . . . . . . O . O X . . O O O O O .|
d. O . X . O X X X . . O . X . X X O .|
c. . X . X O . . . . . . O X O O . . .|
b. X . X X . O X O . . . . . . . . O X|
aX X X O O X . O . . O . O O X O . . .|
 A B C D E F G H I J K L M N O P Q R S|
gracz O
--------------------------------------+
s. . . . X X . . . X X X X X O . X X .|
r. X . . O . X . X . . O O . . . O . O|
q. X . . X . O X . X O . . X . . O . X|
p. . O . . O . . O O O . O . . O O . O|
oO . X O . O O O . . . X . X . O . O .|
nO X . O X X X . . . X O X O . . . . .|
mO . . . O X X O . O . . . O O . O . X|
lO . . X . . . O . X O . . O O X . . .|
k. X . O . . . . . . . . X O O X O X X|
j. X X X . . X . O . X . . X . O . X .|
iX . . . X . . . . . O O X X . . O X O|
h. X . X X X O X . . X X . X . . O . .|
g. O X . . . . X . X . . . O . O . X O|
fX . . X . O O . O X . . . . . O . . O|
eX . . . . . . O . O X . . O O O O O .|
d. O . X . O X X X . . O . X . X X O .|
c. . X O X O . . . . . . O X O O . . .|
b. X . X X . O X O . . . . . . . . O X|
aX X X O O X . O . . O . O O X O . . .|
 A B C D E F G H I J K L M N O P Q R S|
gracz X
--------------------------------------+
s. . . . X X . . . X X X X X O . X X .|
r. X . . O . X . X . . O O . . . O . O|
q. X . . X . O X . X O . . X . . O . X|
p. . O . . O . . O O O . O . . O O . O|
oO . X O . O O O . . . X . X . O . O .|
nO X . O X X X . . . X O X O X . . . .|
mO . . . O X X O . O . . . O O . O . X|
lO . . X . . . O . X O . . O O X . . .|
k. X . O . . . . . . . . X O O X O X X|
j. X X X . . X . O . X . . X . O . X .|
iX . . . X . . . X . O O X X . . O X O|
h. X . X X X O X . . X X . X . . O . .|
g. O X . . . . X . X . . . O . O . X O|
fX . . X . O O . O X . . . . . O . . O|
eX . . . . . . O . O X . . O O O O O .|
d. O . X . O X X X . . O . X . X X O .|
c. . X O X O . . . . . . O X O O . . .|
b. X . X X . O X O . . . . . . . . O X|
aX X X O O X . O . . O . O O X O . . .|
 A B C D E F G H I J K L M N O P Q R S|
gracz O
--------------------------------------+
s. . . O X X . . . X X X X X O . X X .|
r. X . . O . X . X . . O O . . . O . O|
q. X . . X . O X . X O . . X . . O . X|
p. . O . . O . . O O O . O . . O O . O|
oO . X O . O O O . . . X . X . O . O .|
nO X . O X X X . . . X O X O X . . . .|
mO . . . O X X O . O . . . O O . O . X|
lO . . X . . . O . X O . . O O X . . .|
k. X . O . . . . . . . . X O O X O X X|
j. X X X . . X . O . X . . X . O . X .|
iX . . . X . . . X . O O X X . . O X O|
h. X . X X X O X . . X X . X . . O . .|
g. O X . . . . X . X . . . O . O . X O|
fX . . X . O O . O X . . . . . O . . O|
eX . . . . . . O . O X . . O O O O O .|
d. O . X . O X X X . . O O X . X X O .|
c. . X O X O . . . . . . O X O O . . .|
b. X . X X . O X O . . . . . . . . O X|
aX X X O O X . O . . O . O O X O . . .|
 A B C D E F G H I J K L M N O P Q R S|
gracz X
--------------------------------------+
s. . . O X X . . . X X X X X O . X X .|
r. X . . O . X . X . . O O . . . O . O|
q. X . . X . O X . X O . . X . . O . X|
p. . O . . O . . O O O . O . . O O . O|
oO . X O . O O O . . . X . X . O . O .|
nO X . O X X X . . . X O X O X . . . .|
mO . . X O X X O . O . . . O O . O . X|
lO . . X . . . O . X O . . O O X . . .|
k. X . O . . . . . . . . X O O X O X X|
j. X X X . . X . O . X . . X . O . X .|
iX . . . X . . X X . O O X X . . O X O|
h. X . X X X O X . . X X . X . . O . .|
g. O X . . . . X . X . . . O . O . X O|
fX . . X . O O . O X . . . . . O . . O|
eX . . . . . . O . O X . . O O O O O .|
d. O . X . O X X X . . O O X . X X O .|
c. . X O X O . . . . . . O X O O . . .|
b. X . X X . O X O . . . . . . . . O X|
aX X X O O X . O . . O . O O X O . . .|
 A B C D E F G H I J K L M N O P Q R S|
gracz O
--------------------------------------+
s. . . O X X . . . X X X X X O . X X .|
r. X . . O . X . X . . O O . . . O . O|
q. X . . X . O X . X O . O X . . O . X|
p. . O . . O . . O O O . O . . O O . O|
oO . X O . O O O . . . X . X . O . O .|
nO X . O X X X . . . X O X O X . . . .|
mO . . X O X X O . O . . . O O . O . X|
lO . . X . . . O . X O . . O O X . . .|
k. X . O . . . . . . . . X O O X O X X|
j. X X X . . X . O . X . . X . O . X .|
iX . . . X . . X X . O O X X . . O X O|
h. X . X X X O X . . X X . X . . O . .|
g. O X . . . . X . X . . . O . O . X O|
fX . . X . O O . O X . . . . O O . . O|
eX . . . . . . O . O X . . O O O O O .|
d. O . X . O X X X . . O O X . X X O .|
c. . X O X O . . . . . . O X O O . . .|
b. X . X X . O X O . . . . . . . . O X|
aX X X O O X . O . . O . O O X O . . .|
 A B C D E F G H I J K L M N O P Q R S|
gracz X
--------------------------------------+
s. . . O X X . . . X X X X X O . X X .|
r. X . . O . X . X . . O O . . . O . O|
q. X . . X . O X . X O . O X . . O . X|
p. . O . . O . . O O O . O . . O O . O|
oO . X O . O O O . . . X . X . O . O .|
nO X . O X X X . . . X O X O X . . . .|
mO . . X O X X O . O . . . O O . O . X|
lO . . X . . . O . X O . . O O X . . .|
k. X . O . . . . . . . . X O O X O X X|
j. X X X . . X . O . X . . X . O . X .|
iX . . . X . . X X . O O X X . . O X O|
h. X . X X X O X . . X X . X . . O . .|
g. O X . . . . X . X . . . O . O . X O|
fX . . X . O O X O X . . . . O O . . O|
eX . . . . . . O . O X . . O O O O O .|
dX O . X . O X X X . . O O X . X X O .|
c. . X O X O . . . . . . O X O O . . .|
b. X . X X . O X O . . . . . . . . O X|
aX X X O O X . O . . O . O O X O . . .|
 A B C D E F G H I J K L M N O P Q R S|
gracz O
--------------------------------------+
s. . . O X X . . . X X X X X O . X X .|
r. X . . O . X . X . . O O . . . O . O|
q. X . . X . O X . X O . O X . . O . X|
p. . O . O O . . O O O . O . . O O . O|
oO . X O . O O O O . . X . X . O . O .|
nO X . O X X X . . . X O X O X . . . .|
mO . . X O X X O . O . . . O O . O . X|
lO . . X . . . O . X O . . O O X . . .|
k. X . O . . . . . . . . X O O X O X X|
j. X X X . . X . O . X . . X . O . X .|
iX . . . X . . X X . O O X X . . O X O|
h. X . X X X O X . . X X . X . . O . .|
g. O X . . . . X . X . . . O . O . X O|
fX . . X . O O X O X . . . . O O . . O|
eX . . . . . . O . O X . . O O O O O .|
dX O . X . O X X X . . O O X . X X O .|
c. . X O X O . . . . . . O X O O . . .|
b. X . X X . O X O . . . . . . . . O X|
aX X X O O X . O . . O . O O X O . . .|
 A B C D E F G H I J K L M N O P Q R S|
gracz X
--------------------------------------+
s. . . O X X . . . X X X X X O . X X .|
r. X . . O . X . X . . O O . . . O . O|
q. X . . X . O X . X O . O X . . O . X|
p. . O . O O . . O O O . O . . O O . O|
oO . X O . O O O O . . X . X . O . O .|
nO X . O X X X . . . X O X O X . . . .|
mO . . X O X X O . O . . . O O . O . X|
lO . . X . . . O . X O . . O O X . . .|
k. X . O . . . . . . . . X O O X O X X|
j. X X X . . X . O . X . . X . O . X .|
iX . . . X . . X X . O O X X . . O X O|
h. X . X X X O X . . X X . X . X O . .|
g. O X . . . . X . X . . . O . O . X O|
fX . . X . O O X O X . . . . O O . . O|
eX . . . . . . O . O X . . O O O O O .|
dX O . X . O X X X . . O O X . X X O .|
c. . X O X O X . . . . . O X O O . . .|
b. X . X X . O X O . . . . . . . . O X|
aX X X O O X . O . . O . O O X O . . .|
 A B C D E F G H I J K L M N O P Q R S|
gracz O
--------------------------------------+
s. . . O X X . . . X X X X X O . X X .|
r. X . . O . X . X . . O O . . . O . O|
q. X . . X . O X . X O . O X . . O . X|
p. . O . O O . . O O O . O . . O O . O|
oO . X O . O O O O . . X . X . O . O .|
nO X . O X X X . . . X O X O X . . . .|
mO . . X O X X O . O . . . O O . O . X|
lO . . X . . . O . X O . . O O X . . .|
k. X . O . . . . . . . . X O O X O X X|
j. X X X . . X . O . X . . X . O . X .|
iX . . . X . . X X . O O X X . . O X O|
h. X . X X X O X . . X X . X . X O . O|
g. O X . . . . X . X . . . O . O . X O|
fX . . X . O O X O X . O . . O O . . O|
eX . . . . . . O . O X . . O O O O O .|
dX O . X . O X X X . . O O X . X X O .|
c. . X O X O X . . . . . O X O O . . .|
b. X . X X . O X O . . . . . . . . O X|
aX X X O O X . O . . O . O O X O . . .|
 A B C D E F G H I J K L M N O P Q R S|
gracz X
--------------------------------------+
s. . . O X X . . . X X X X X O . X X .|
r. X . . O . X . X . . O O . . . O . O|
q. X . . X . O X . X O . O X . . O . X|
p. . O . O O . . O O O . O . . O O . O|
oO . X O . O O O O . . X . X . O . O .|
nO X . O X X X . . . X O X O X . . . .|
mO . . X O X X O . O . . . O O . O . X|
lO . . X . X . O . X O . . O O X . . .|
k. X . O . . . . . . . . X O O X O X X|
j. X X X . . X . O . X X . X . O . X .|
iX . . . X . . X X . O O X X . . O X O|
h. X . X X X O X . . X X . X . X O . O|
g. O X . . . . X . X . . . O . O . X O|
fX . . X . O O X O X . O . . O O . . O|
eX . . . . . . O . O X . . O O O O O .|
dX O . X . O X X X . . O O X . X X O .|
c. . X O X O X . . . . . O X O O . . .|
b. X . X X . O X O . . . . . . . . O X|
aX X X O O X . O . . O . O O X O . . .|
 A B C D E F G H I J K L M N O P Q R S|
gracz O
--------------------------------------+
s. . . O X X . . . X X X X X O . X X .|
r. X . . O . X . X . . O O . . . O . O|
q. X . . X . O X . X O . O X . . O . X|
p. . O . O O . . O O O . O . . O O . O|
oO . X O . O O O O . . X . X . O . O .|
nO X . O X X X . . . X O X O X . . . .|
mO . . X O X X O . O . . . O O . O . X|
lO . . X . X . O . X O . . O O X . . .|
k. X . O . . . . . . . . X O O X O X X|
j. X X X . . X . O . X X . X . O O X .|
iX . . . X . O X X . O O X X . . O X O|
h. X . X X X O X . . X X . X . X O . O|
g. O X . . . . X . X . . . O . O . X O|
fX . . X . O O X O X . O . . O O . . O|
eX . . . . . . O . O X . . O O O O O .|
dX O . X . O X X X . . O O X . X X O .|
c. . X O X O X . . . . . O X O O . . .|
b. X . X X . O X O . . . . . . . . O X|
aX X X O O X . O . . O . O O X O . . .|
 A B C D E F G H I J K L M N O P Q R S|
gracz X
--------------------------------------+
s. . . O X X . . . X X X X X O . X X .|
r. X . X O . X . X . . O O . . . O . O|
q. X . . X . O X . X O . O X . . O . X|
p. . O . O O . . O O O . O . . O O . O|
oO . X O . O O O O . . X . X . O . O .|
nO X . O X X X . . . X O X O X . . . .|
mO . . X O X X O . O . . . O O . O . X|
lO . . X . X . O . X O . . O O X . . .|
k. X . O . X . . . . . . X O O X O X X|
j. X X X . . X . O . X X . X . O O X .|
iX . . . X . O X X . O O X X . . O X O|
h. X . X X X O X . . X X . X . X O . O|
g. O X . . . . X . X . . . O . O . X O|
fX . . X . O O X O X . O . . O O . . O|
eX . . . . . . O . O X . . O O O O O .|
dX O . X . O X X X . . O O X . X X O .|
c. . X O X O X . . . . . O X O O . . .|
b. X . X X . O X O . . . . . . . . O X|
aX X X O O X . O . . O . O O X O . . .|
 A B C D E F G H I J K L M N O P Q R S|
gracz O
--------------------------------------+
s. . . O X X . . . X X X X X O . X X .|
r. X . X O . X . X . . O O . . . O . O|
q. X . . X . O X . X O . O X . . O . X|
p. . O . O O . . O O O . O . . O O . O|
oO . X O . O O O O . . X . X . O . O .|
nO X . O X X X . . . X O X O X . . . .|
mO . . X O X X O . O . . . O O . O . X|
lO . . X . X . O . X O . . O O X . . .|
k. X . O . X . . . . . . X O O X O X X|
j. X X X . . X . O . X X . X . O O X .|
iX . . . X . O X X . O O X X . . O X O|
h. X . X X X O X . . X X . X . X O O O|
g. O X . O . . X . X . . . O . O . X O|
fX . . X . O O X O X . O . . O O . . O|
eX . . . . . . O . O X . . O O O O O .|
dX O . X . O X X X . . O O X . X X O .|
c. . X O X O X . . . . . O X O O . . .|
b. X . X X . O X O . . . . . . . . O X|
aX X X O O X . O . . O . O O X O . . .|
 A B C D E F G H I J K L M N O P Q R S|
wygral O
