--------------------------------------+
s. . . . . . . . . . . . . . . . . . .|
r. . . . . . . . . . . . . . . . . . .|
q. . . . . . . . . . . . . . . . . . .|
p. . . . . . . . . . . . . . . . . . .|
o. . . . . . . . . . . . . . . . . . .|
n. . . . . . . . . . . . . . . . . . .|
m. . . . . . . . . . . . . . . . . . .|
l. . . . . . . . . . . . . . . . . . .|
k. . . . . . . . . . . . . . . . . . .|
j. . . . . . . . . . . . . . . . . . .|
i. . . . . . . . . . . . . . . . . . .|
h. . . . . . . . . . . . . . . . . . .|
g. . . . . . . . . . . . . . . . . . .|
f. . . . . . . . . . . . . . . . . . .|
e. . . . . . . . . . . . . . . . . . .|
d. . . . . . . . . . . . . . . . . . .|
c. . . . . . . . . . . . . . . . . . .|
b. . . . . . . . . . . . . . . . . . .|
a. . . . . . . . . . . . . . . . . . .|
 A B C D E F G H I J K L M N O P Q R S|
gracz X
--------------------------------------+
s. . . . . . . . . . . . . . . . . . .|
r. . . . . . . . . . . . . . . . . . .|
q. . . . . . . . . . . . . . . . . . .|
p. . . . . . . . . . . . . . . . . . .|
o. . . . . . . . . . . . . . . . . . .|
n. . . . . . . . . . . . . . . . . . .|
m. . . . . . . . . . . . . . . . . X .|
l. . . . . . . . . . . . . . . . . . .|
k. . . . . . . . . . . . . . . . . . .|
j. . . . . . . . . . . . . . . . . . .|
i. . . . . . . . . . . . . . . . . . .|
h. . . . . . . . . . . . . . . . . . .|
g. . . . . . . . . . . . . . . . . . .|
f. . . . . . . . . . . . . . . . . . .|
e. . . . . . . . . . . . . . . . . . .|
d. . . . . . . . . . . . . . . . . . .|
c. . . . . . . . . . . . . . . . . . .|
b. . . . . . . . . . . . . . . . . . .|
a. . . . . . . . . . . . . . . . . . .|
 A B C D E F G H I J K L M N O P Q R S|
gracz O
--------------------------------------+
s. . . . . . . . . . . . . . . . . . .|
r. . . . . . . . . . . . . . . . . . .|
q. . . . . . . . . . . . . . . . . . .|
p. . . . . . . . . . . . . . . . . . .|
o. . . . . . . . . . . . . . . . . . .|
n. . . . . . . . . . . . . . . . . . .|
m. . . . . . . . . . . . . . . . . X .|
l. . . . . . . . . . . . . . . . . . .|
k. . . . . . . . . . . . . . . . . . .|
j. . . . . . . . . . . . . . . . . . .|
i. . . . . . . . . . . . . . . . . . .|
h. . . . . . . . . . . . . . . . . . .|
g. . . . . . . . . . . . . . . . . . .|
f. . . . . . . . O . . . . . . . . . .|
e. . . . . . . . . . . . . . . . . . .|
d. . . . . . . . . . . . . . . . . . .|
c. . . . . . . . . . . . . . . . . . .|
b. . . . . O . . . . . . . . . . . . .|
a. . . . . . . . . . . . . . . . . . .|
 A B C D E F G H I J K L M N O P Q R S|
gracz X
--------------------------------------+
s. . . . . . . . . . . . . . . . X . .|
r. . . . . . . . . . . . . . . . . . .|
q. . . . . . . . . . . . . . . . . . .|
p. . . . . . . . . . . . . . . . . . .|
o. . . . . . . . . . . . . . . . . . .|
n. . . . . . . . . . . . . . X . . . .|
m. . . . . . . . . . . . . . . . . X .|
l. . . . . . . . . . . . . . . . . . .|
k. . . . . . . . . . . . . . . . . . .|
j. . . . . . . . . . . . . . . . . . .|
i. . . . . . . . . . . . . . . . . . .|
h. . . . . . . . . . . . . . . . . . .|
g. . . . . . . . . . . . . . . . . . .|
f. . . . . . . . O . . . . . . . . . .|
e. . . . . . . . . . . . . . . . . . .|
d. . . . . . . . . . . . . . . . . . .|
c. . . . . . . . . . . . . . . . . . .|
b. . . . . O . . . . . . . . . . . . .|
a. . . . . . . . . . . . . . . . . . .|
 A B C D E F G H I J K L M N O P Q R S|
gracz O
--------------------------------------+
s. . . . . . . . . . . . . . . . X . .|
r. . . . . . . . . . . . . . . . . . .|
q. . . . . . . . . . . . . . . . . . .|
p. . . . . . . . . . . . . . . . . . .|
o. . . . . . . . . . . . . . . . . . .|
n. . . . . . . . . . . . . . X . . . .|
m. . . . . . . . . . . . . . . . . X .|
l. . . . . . . . . . . . . . O . . . .|
k. . . . . . . . . . . . . . . . . . .|
j. . . . . . . . . . . . . . . . . . .|
i. . . . . . . . . . . . . . . . . . .|
h. . . . . . . . . . . . . . . . . . .|
g. . . . . . . . . . . . . . . . . . .|
f. . . . . . O . O . . . . . . . . . .|
e. . . . . . . . . . . . . . . . . . .|
d. . . . . . . . . . . . . . . . . . .|
c. . . . . . . . . . . . . . . . . . .|
b. . . . . O . . . . . . . . . . . . .|
a. . . . . . . . . . . . . . . . . . .|
 A B C D E F G H I J K L M N O P Q R S|
gracz X
--------------------------------------+
s. . . . . . . . . . . . . . . . X . .|
r. . . . . . . . . . . . . . . . . . .|
q. . . . . . . . . . . . . . . . . . .|
p. . . . . . . . . . . . . . . . . . .|
o. . . . . . . . . . . . . . . . . . .|
n. . . . . . . . . . . . . . X . . . .|
m. . . . . . . . . . . . . . . . . X .|
l. . . . . . . . . . . . . . O . . . .|
k. . . . . . . . . . . . . . . . . . .|
j. . . . . . . . . . . . . . . . . . .|
i. . . . . . . . . . . . . . . . . . .|
h. . . . . . . . . . . . . . . . . . .|
g. . . . . . . . . . . . . . . . . . .|
f. . . . . . O . O . . . . . . . . . .|
e. . . . . . . . . . . . . . . . . . .|
d. . . . . . . . . . . . . . . . . X .|
c. . . . . . . . . . . . . . . . . . .|
bX . . . . O . . . . . . . . . . . . .|
a. . . . . . . . . . . . . . . . . . .|
 A B C D E F G H I J K L M N O P Q R S|
gracz O
--------------------------------------+
s. . . . . . . . . . . . . . . . X . .|
r. . . . . . . . . . . . . . . . . . .|
q. . . . . . . . . . . . . . . . . . .|
p. . . . . . . . . . . . . . . . . . .|
o. . . . . . . . . . . . . . . . . . .|
n. . . . . . . . . . . . . . X . . . .|
m. . . . . . . . . . . . . . . . . X .|
l. . . . . . . . . . . . . . O . . . .|
k. . . . . . . . . . . . . . . . . . .|
j. . . . . . . . . . . . . . . . O . .|
i. . . . . . . . . . . . . . . . . . .|
h. . . . . . . . . . . . . . . . . . .|
g. . . . . . . . . . . . . . . . . . .|
f. . . . . . O . O . . . . . . . . . .|
e. . . . . . . . . . . . . . . . . . .|
d. . . . . . . . . . . . . . . . . X .|
c. . . . . . . . . . . . . . . . . . .|
bX . . . . O . . . . . . . . . . . . .|
a. . O . . . . . . . . . . . . . . . .|
 A B C D E F G H I J K L M N O P Q R S|
gracz X
--------------------------------------+
s. . . . . . . . . . . . . . . . X . .|
r. . . . . . . . . . . . . . . . . . .|
q. . . . . . . . . . . . . . . . . . .|
p. . . . . . . . . . . . . . . . . . .|
o. . . . . . . . . . . . . . . . . . .|
n. . . . . . . . . . . . . . X . . . .|
m. . . . . . . . . . . . . . . . . X .|
l. . . . . . . . . . . . . . O . . . .|
k. . . . . . . . . . . . . . . . . . .|
j. . . . . . . . . . . . . . . . O . .|
i. . . . . . . . . . . . . . . . . . .|
h. . . . . . . . . . . . . . . . . . .|
g. . . . . . . . . . . . . . . . . . .|
f. . . . . . O . O . . . . . . . . . .|
e. . . . . . . . . . . . . . . . . . .|
d. . . . . . . . . . . . . . . . . X .|
c. . . . . . . . . . . . . . . . . . .|
bX . . . . O . . . . . . . . . . . . .|
a. . O . . . . . . . . . . . . . . . .|
 A B C D E F G H I J K L M N O P Q R S|
gracz X
--------------------------------------+
s. . . . . . . . . . . . . . . . X . .|
r. . . . . . . . . . . . . . . . . . .|
q. . . . . . . . . . . . . . . . . . .|
p. . . . . . . . . . . . . . . . . . .|
o. . . . . . . . . . . . . . . . . . .|
n. . . . . . . . . . . . . . X . . . .|
m. . . . . . . . . . . . . . . . . X .|
l. . . . . . . . . . . . . . O . . . .|
k. . . . . . . . . . . . . . . . . . .|
j. . . . . . . . . . . . . . . . O . .|
i. . . . . . . . . . . . . . . . . . .|
h. . . . . . . . . . . . . . . . . . .|
g. . . . . . . . . . . . . . . . . . .|
f. . . . X . O . O . . . . . . . . . .|
eX . . . . . . . . . . . . . . . . . .|
d. . . . . . . . . . . . . . . . . X .|
c. . . . . . . . . . . . . . . . . . .|
bX . . . . O . . . . . . . . . . . . .|
a. . O . . . . . . . . . . . . . . . .|
 A B C D E F G H I J K L M N O P Q R S|
gracz O
--------------------------------------+
s. . . . . . . . . . . . . . . . X . .|
r. . . . . . . . . . . . . . . . . . .|
q. . . . . . . . . . . . . . . . . . .|
p. . . . . . . . . . . . . . . . . . .|
o. . . . . . . . . . . . . . . . . . .|
n. . . . . . . . . . . . . . X . . . .|
m. . . . . . . . . . . O . . . . . X .|
l. O . . . . . . . . . . . . O . . . .|
k. . . . . . . . . . . . . . . . . . .|
j. . . . . . . . . . . . . . . . O . .|
i. . . . . . . . . . . . . . . . . . .|
h. . . . . . . . . . . . . . . . . . .|
g. . . . . . . . . . . . . . . . . . .|
f. . . . X . O . O . . . . . . . . . .|
eX . . . . . . . . . . . . . . . . . .|
d. . . . . . . . . . . . . . . . . X .|
c. . . . . . . . . . . . . . . . . . .|
bX . . . . O . . . . . . . . . . . . .|
a. . O . . . . . . . . . . . . . . . .|
 A B C D E F G H I J K L M N O P Q R S|
gracz X
--------------------------------------+
s. . . . . . . . . . . . . . . . X . .|
r. . . . . . . . . . . . . . . . . . .|
q. . . . . . . . . . . . . . . . . . .|
p. . . . . . . . . . . . . . . . . . .|
o. . . . . . . . . . . . X . . . . . .|
n. . . . . . . . . . . . . . X . . . .|
m. . . . . . . . . . . O . . . . . X .|
l. O . . . . . . . . . . . . O . . . .|
k. . . . . . . . . . . . . . . . . . .|
j. . . . . . . . . . . . . . . . O . .|
i. . . . . . . . . . . . . . . . . . .|
h. . . . . . . . . . . . . . . . . . .|
g. . . . . . . X . . . . . . . . . . .|
f. . . . X . O . O . . . . . . . . . .|
eX . . . . . . . . . . . . . . . . . .|
d. . . . . . . . . . . . . . . . . X .|
c. . . . . . . . . . . . . . . . . . .|
bX . . . . O . . . . . . . . . . . . .|
a. . O . . . . . . . . . . . . . . . .|
 A B C D E F G H I J K L M N O P Q R S|
gracz O
--------------------------------------+
s. . . . . . . . . . . . . . . . X . .|
r. . . . . . . . . . . . . . . . . . .|
q. . . . . . . . . . . . . . . . . . .|
p. . . . . . . . . . . . . . . . . . .|
o. . . . . . . . . . . . X . . . . . .|
n. . . . . . . . . . . . . . X . . . .|
m. . . . . . . . . . . O . . . . . X .|
l. O . . . . . . . O . . . . O . . . .|
k. . . . . . . . . . . . . . . . . . .|
j. . . . . . . . . . . . . . . . O . .|
i. . . . . . . . . . . . . . . . . . .|
h. . . . . . . . . . . . . . . . . . .|
g. . . . . . . X . . . . . . . . . . .|
f. . . . X . O . O . . . . . . . . . .|
eX . . . . . . . . . . . . . . . . . .|
d. . . . . . . . . . . . . . . . . X .|
c. . . . . . . . . . . . . . . . . . O|
bX . . . . O . . . . . . . . . . . . .|
a. . O . . . . . . . . . . . . . . . .|
 A B C D E F G H I J K L M N O P Q R S|
gracz X
--------------------------------------+
s. . . . . . . . . . . . . . . . X . .|
r. . . . . . . . . . . . . . . . . . .|
q. . . . . . . . . . . . . . . . . . .|
p. . . . . . . . . . . . . . . . . . .|
o. . . . . . . . . . . . X . . . . . .|
n. . . . . . . . . . . . . . X . . . .|
m. . . . . . . . . . . O . . . . . X .|
l. O . . X . . . . O . . . . O . . . .|
k. . . . . . . . . . . . . . . . . . .|
j. . . . . . . . . . . . . . . . O . .|
i. . . . . . . . . . . . . . . . . . .|
h. . . . . . . . . . . . . . . . . . .|
g. . . . . . . X . . . . . . . . . . .|
f. . . . X . O . O . . . . . . . . . .|
eX . . . . . . . . . . . . . . . . . .|
d. . . . . . . . . . . . . . . . X X .|
c. . . . . . . . . . . . . . . . . . O|
bX . . . . O . . . . . . . . . . . . .|
a. . O . . . . . . . . . . . . . . . .|
 A B C D E F G H I J K L M N O P Q R S|
gracz O
--------------------------------------+
s. . . . . . . . . . . . . . . . X . .|
r. . . . . . . . . . . . . . . . . . .|
q. . . . . . . . . . . . . . . . . . .|
p. . . . . . . . . . . . . . . . . . .|
o. . . . . . . . . . . . X . . . . . .|
n. . . . . . . . . . . . . . X . . . .|
m. . . . . . . . . . . O . . . . . X .|
l. O . . X . . . . O . . . . O . . . .|
k. . . . . . . . . . . . . . . . . . .|
j. . . . . . . . . . O . . . . . O . .|
i. . . . . . . . . . . . . . . . . . .|
h. . . . . . . . . . . . . . . . . . .|
g. . . . . . . X . . . . . . . . . . .|
f. . . . X . O . O . . . . . . . . . .|
eX O . . . . . . . . . . . . . . . . .|
d. . . . . . . . . . . . . . . . X X .|
c. . . . . . . . . . . . . . . . . . O|
bX . . . . O . . . . . . . . . . . . .|
a. . O . . . . . . . . . . . . . . . .|
 A B C D E F G H I J K L M N O P Q R S|
gracz X
--------------------------------------+
s. . . . . . . . . . . . . . . . X . .|
r. . . . . . . . . . . . . . . . . . .|
q. . . . . . . . . . . . . . . . . . .|
p. . . . . . . . . . . . . . . . . . .|
o. . . . . . . . X . . . X . . . . . .|
n. . . . . . . . . . . . . . X . . . .|
m. . . . . . . . . . . O . . . . . X .|
l. O . . X . . . . O . . . . O . . . .|
k. . . . . . . . . . . . . . . . . . .|
j. . . . . . . . . . O . . . . . O . .|
i. . . . . . . . . . . . . . . . . . .|
h. . . . . . . . . . . . . . . . . . .|
g. . . . . . . X . . . . . . . . . . .|
f. . . . X . O . O . . . . . . . . . .|
eX O . . . . . . . . . . . . . . . . .|
d. . . . . . . . . . . . . . . . X X .|
c. . . . . . . . . . . . . . . . . X O|
bX . . . . O . . . . . . . . . . . . .|
a. . O . . . . . . . . . . . . . . . .|
 A B C D E F G H I J K L M N O P Q R S|
gracz O
--------------------------------------+
s. . . . . . . . . . . . . . . . X . .|
r. . . . . . . . . . . . . . . . . . .|
q. . . . . . . . . . . . . . . . . . .|
p. . . . . . . . . . . . . . . . . . .|
o. . . . . . . . X . . . X . . . . . .|
n. . . . . . . . . . . . . . X . . . .|
m. . . . . . . . . . . O . . . . . X .|
l. O . . X . . . . O . . . . O . . . .|
k. . . . . . . . . . . . . . . . . . .|
j. . . . . . . . . . O . . . . . O . .|
i. . . . . . . . . . . . . . . . . . .|
h. . . . . . . . . . . . . . . . . . .|
g. . . . . . . X . . . . . . . . . . .|
f. . . . X . O O O . . . . . . . . . .|
eX O . . . O . . . . . . . . . . . . .|
d. . . . . . . . . . . . . . . . X X .|
c. . . . . . . . . . . . . . . . . X O|
bX . . . . O . . . . . . . . . . . . .|
a. . O . . . . . . . . . . . . . . . .|
 A B C D E F G H I J K L M N O P Q R S|
gracz X
--------------------------------------+
s. . . . . . . . . . . . . . . . X . .|
r. . . . . . . . . . . . . . . . . . .|
q. . . . . . . . . . . . . . . . . . .|
p. . . . . . . . . . . . . . . . . . .|
o. . . . . . . . X . . . X . . . . . .|
n. . . . . . . . . . . . . . X . . . .|
m. . . . . . . . . . . O . . . . . X .|
l. O . . X . . . . O . . . . O . . . .|
k. . . . . . . . . . . . . . . . . . .|
j. . . . . . . . . . O . . . . . O . .|
i. . . . . . . . . . . . . . . . . X .|
h. . . . . . . . . . . . . . . . . . .|
g. . . . . . . X . . . . . . . . . . .|
f. . . . X . O O O . . . . . . . . . .|
eX O . . . O . . . . . . . . . . . . .|
d. . . . . . . . . . . . . . . . X X .|
c. . . X . . . . . . . . . . . . . X O|
bX . . . . O . . . . . . . . . . . . .|
a. . O . . . . . . . . . . . . . . . .|
 A B C D E F G H I J K L M N O P Q R S|
gracz O
--------------------------------------+
s. . . . . . . . . . . . . . . . X . .|
r. . . . . . . . . . . . . . . . . . .|
q. . . . . . . . . . . . . . . . . . .|
p. . . . . . . . . . . . . . . . . . .|
o. . . . . . . . X . . . X . . . . . .|
n. . . . . . . . . . . . . . X . . . .|
m. . . . . . . . . . . O . O . . . X .|
l. O . . X . . . . O . . . . O . . . .|
k. . . . . . . . . . . . . . . . . . .|
j. . . . . . . . . . O O . . . . O . .|
i. . . . . . . . . . . . . . . . . X .|
h. . . . . . . . . . . . . . . . . . .|
g. . . . . . . X . . . . . . . . . . .|
f. . . . X . O O O . . . . . . . . . .|
eX O . . . O . . . . . . . . . . . . .|
d. . . . . . . . . . . . . . . . X X .|
c. . . X . . . . . . . . . . . . . X O|
bX . . . . O . . . . . . . . . . . . .|
a. . O . . . . . . . . . . . . . . . .|
 A B C D E F G H I J K L M N O P Q R S|
gracz X
--------------------------------------+
s. . . . . . . . . . . . . . . . X . .|
r. . . . . . . . . . . . . . . . . . .|
q. . . . . . . . . . . . . . . . . . .|
p. . . . . . . . . . . . . . . . . . .|
o. . . . . . . . X . . . X . . . . . .|
n. . . . . . . . . . . . . . X . . . .|
m. . . . . . . . . . . O . O . . . X .|
l. O . . X . . . . O . . . . O . . . .|
k. . . . . . . . . . . . . . . . . . .|
j. . . . . . . . . . O O . . . . O . .|
i. . . . . . . . . . . . X . . . . X .|
h. . . . . . . . . . . . . . . . . . .|
g. . . . . . . X . . . . . . . . . . .|
f. . . . X . O O O . . . . . . . . . .|
eX O . . . O . . . . . . . . . . . . .|
d. . . . . . . . . . . . . . . . X X .|
c. . . X . . . . . . . . . . . . . X O|
bX . . . . O X . . . . . . . . . . . .|
a. . O . . . . . . . . . . . . . . . .|
 A B C D E F G H I J K L M N O P Q R S|
gracz O
--------------------------------------+
s. O . . . . . . . . . . . . . . X . .|
r. . . . . . . . . . . . . . . . . . .|
q. . . . . . . . . . . . . . . . . . .|
p. . . . . . . . . . . . . . . . . . .|
o. . . . . . . . X . . . X . . . . . .|
n. . . . . . . . . . . . . . X . . . O|
m. . . . . . . . . . . O . O . . . X .|
l. O . . X . . . . O . . . . O . . . .|
k. . . . . . . . . . . . . . . . . . .|
j. . . . . . . . . . O O . . . . O . .|
i. . . . . . . . . . . . X . . . . X .|
h. . . . . . . . . . . . . . . . . . .|
g. . . . . . . X . . . . . . . . . . .|
f. . . . X . O O O . . . . . . . . . .|
eX O . . . O . . . . . . . . . . . . .|
d. . . . . . . . . . . . . . . . X X .|
c. . . X . . . . . . . . . . . . . X O|
bX . . . . O X . . . . . . . . . . . .|
a. . O . . . . . . . . . . . . . . . .|
 A B C D E F G H I J K L M N O P Q R S|
gracz X
--------------------------------------+
s. O . . . . . . . X . . . . . . X . .|
r. . . . . . . . . . . . . . . . . . .|
q. . . . . . . . . . . . . . . . . . .|
p. . . . . . . . . . . . . . . . . . .|
o. . . . . . . . X . . . X . . . . . .|
n. . . . . . . . . . . . . . X . . . O|
m. . . . . . . . . . . O . O . . . X .|
l. O . . X . . . . O . . . . O . . . .|
k. . . . . . . . . . . . . . . . . . .|
j. . . . . . . . . . O O . . . . O . .|
i. . . . . . . . . . . . X . . . . X .|
h. . . . . . . . . . . . . . . . . . .|
g. . . . . . . X . . . . . . . . . . .|
f. . . . X . O O O . . . . . . . . . .|
eX O . . . O . . . . . . . . . . . . .|
d. . . . . . . . . . . . . . . . X X .|
c. . . X . . . . . . . X . . . . . X O|
bX . . . . O X . . . . . . . . . . . .|
a. . O . . . . . . . . . . . . . . . .|
 A B C D E F G H I J K L M N O P Q R S|
gracz O
--------------------------------------+
s. O . . . . . . . X . . . . . . X . .|
r. . . . . . . . . . . . . . . . . . .|
q. . . . . . . . . . . . . . . . . . .|
p. . . . . . . . . . . . . . . . . . .|
o. . . . . . . . X . . . X . . . . . .|
n. . . . . . . . . . . . . . X . . . O|
m. . . . . . . . . . . O . O . . . X .|
l. O . . X . . . . O . . . . O . . . .|
k. . . . . . . . . . . . . . . . . . .|
j. . . . . . . . . . O O . . . . O . .|
i. O . . . . . . . . . . X . . . . X .|
h. . . . . . . . . . . . . . . . . . .|
g. . . . . . . X . . . . . . . . . . .|
f. . . . X . O O O . . . . . . . . . .|
eX O . . . O . . . . . . . . . . . . .|
d. . . . . . . . . . . . . . . . X X .|
c. . . X . . . . . . . X . . . . . X O|
bX . . . . O X . . . . . . . . . . . .|
a. . O . . . . . O . . . . . . . . . .|
 A B C D E F G H I J K L M N O P Q R S|
gracz X
--------------------------------------+
s. O . . . . . . . X . . . . . . X . .|
r. . . . . . . . . . . . . . . . . . .|
q. . . . . . . . . . . . . . . . . . .|
p. . . . . . . . . . . . . . . . . . .|
o. . . . . . . . X . . . X . . . . . .|
n. . . . . . . . . . . . . . X . . . O|
m. . . . . . . . . . . O . O . . . X .|
l. O . . X . . . . O . . . . O . . . .|
k. . . . . . . . . . . . . . . . . . .|
j. . . . . . . . . . O O . . . . O . .|
i. O . . . . . . . . . . X . . . . X .|
h. . . . . . . . . . . . . . . . . . .|
g. . . . . . . X . . . . . . . . . . .|
f. . . . X . O O O X . . . . . . . . .|
eX O . . . O . . . . . . . . . . . . .|
dX . . . . . . . . . . . . . . . X X .|
c. . . X . . . . . . . X . . . . . X O|
bX . . . . O X . . . . . . . . . . . .|
a. . O . . . . . O . . . . . . . . . .|
 A B C D E F G H I J K L M N O P Q R S|
gracz O
--------------------------------------+
s. O . . . . . . . X . . . . . . X . .|
r. . . . . . . . . . . . . . . . . . .|
qO . . . . . . . . . . . . . . . . . .|
p. . . . . . . . . . . . . . . . . . .|
o. . . . . . . . X . . . X . . . . . .|
n. . . . . . . . . . . . . . X . . . O|
m. . . . . . . . . . . O . O . . . X .|
l. O . . X . . . . O . . . . O . . . .|
k. . . . . . . . . . . . . . . . . . .|
j. . . . . . . . . . O O . . . . O . .|
i. O . . . . . . . . . . X . . . . X .|
h. . . . . . . . . . . . . . . . . . .|
g. . . . . . . X . . . . . . . . . . .|
f. . . . X . O O O X . . . . . . . . .|
eX O . . . O . . . . . . . . . . . . .|
dX . . . . . . . . . . . . . . . X X .|
c. . . X . . . . . . . X . . O . . X O|
bX . . . . O X . . . . . . . . . . . .|
a. . O . . . . . O . . . . . . . . . .|
 A B C D E F G H I J K L M N O P Q R S|
gracz X
--------------------------------------+
s. O . . . . . . . X . . . . . . X . .|
r. . . . . . . . . . . . . . . . . . .|
qO . . . . . . . . . . . . . . . . . .|
p. . . . . . . . . . . . . . . . . . .|
o. . . . . . . . X . . . X . . . . . .|
n. . . . . . . . . . . . . . X . . . O|
m. . . . . . . . . . . O . O . . . X .|
l. O . . X . . . . O . . . . O . . . .|
k. . . . . . . . . . . . . . . . . . .|
j. . . . . . . . . . O O X . . . O . .|
i. O . . . . . . . . . . X . . . . X .|
h. . . . . . . . . . . . . . . . . . .|
g. . . . . . . X . . . . . . . . . . .|
f. . . . X . O O O X . . . . . . . . .|
eX O . . . O . . . . . . . . . . . . .|
dX . . . . . . . . . . . . . . . X X .|
c. . . X . . . . . . . X . . O . . X O|
bX . . . . O X . . . . . . . . . . . .|
a. X O . . . . . O . . . . . . . . . .|
 A B C D E F G H I J K L M N O P Q R S|
gracz O
--------------------------------------+
s. O . . . . . . . X . . . . . . X . .|
r. . . . . . . . . . . . . . . . . . .|
qO . . . . . . . . . . . . . . . . . .|
p. . . . . . . . . . . . . . . . . . .|
o. . O . . . . . X . . . X . . . . . .|
n. . . . . . . . . . . . . . X . . . O|
m. . . . . . . . . . . O . O . . . X .|
l. O . . X . . . . O . . . . O . . . .|
k. . . . . . . . . . . . . . . . . . .|
j. . . . . . . . . . O O X . . . O . .|
i. O . . . . . . . . . . X . . . . X .|
h. . . . . . . . . . . . . . . . . . .|
g. O . . . . . X . . . . . . . . . . .|
f. . . . X . O O O X . . . . . . . . .|
eX O . . . O . . . . . . . . . . . . .|
dX . . . . . . . . . . . . . . . X X .|
c. . . X . . . . . . . X . . O . . X O|
bX . . . . O X . . . . . . . . . . . .|
a. X O . . . . . O . . . . . . . . . .|
 A B C D E F G H I J K L M N O P Q R S|
gracz X
--------------------------------------+
s. O . . . . . . . X . . . . . . X . .|
r. . . . . . . . . . . . . . . . . . .|
qO . . . . . . . . . . . . . . . . . .|
p. . . . . . . . . . . X . . . . . . .|
o. . O . . . . . X . . . X . . . . . .|
n. . . . . . . . . . . . . . X . . . O|
m. . . . . . . . . . . O . O . . . X .|
l. O . . X . . . . O . . . . O . . . .|
k. . . . . . . . . . . . . . . . . . .|
j. . . . . . . . . . O O X . . . O . .|
i. O . . . . . . . . . . X . . . . X .|
h. . . . . . . . . . . . . . . . . . .|
g. O . . . . . X . . . . . . . X . . .|
f. . . . X . O O O X . . . . . . . . .|
eX O . . . O . . . . . . . . . . . . .|
dX . . . . . . . . . . . . . . . X X .|
c. . . X . . . . . . . X . . O . . X O|
bX . . . . O X . . . . . . . . . . . .|
a. X O . . . . . O . . . . . . . . . .|
 A B C D E F G H I J K L M N O P Q R S|
gracz O
--------------------------------------+
s. O . . . . . . . X . . . . . . X . .|
r. . . . . . . . . . . . . . . . . . .|
qO . . . . . . . . . . . . . . . . . .|
p. . . . . . . . . . . X . . . . . . .|
o. . O . . . . . X . . . X . . . . . .|
n. . . . . . . . . . . . . . X . . . O|
m. . . . . . . . O . . O . O . . . X .|
l. O . . X . . . . O . . . . O . . . .|
k. . . . . . . . . . . . . . . . . . .|
j. . . . . . . . . . O O X . . . O . .|
i. O . . . . . . . . . . X . . . . X .|
h. . . . . . . . . . . . . . . . . . .|
g. O . . . . . X . . . . . . . X . . .|
f. . . . X . O O O X . . . . . . . . .|
eX O . . . O . . . . . . . . . . . . .|
dX . . . . . . . . . . . . . . . X X .|
c. . . X . . . . . . . X . . O . . X O|
bX . . . . O X . . . . . O . . . . . .|
a. X O . . . . . O . . . . . . . . . .|
 A B C D E F G H I J K L M N O P Q R S|
gracz X
--------------------------------------+
s. O . . . . . . . X . . . . . . X . .|
r. . . . . . . . . . . . . . . . . . .|
qO . . . . . . . . . . . . . . . . . .|
p. . . . . . . . . . . X . . . . . . .|
o. . O . . . . . X . . X X . . . . . .|
n. . . . . . . . . . . . . . X . . . O|
m. . . . . . . . O . . O . O . . . X .|
l. O . . X . . . . O . . . . O . . . .|
k. . . . . . . . . . . . . . . . . . .|
j. . . . . . . . . . O O X . . . O . .|
i. O . . . . . . . . . . X . . . . X .|
h. . . . . . . . . . . . . . . . . . .|
g. O . . . . . X . . . . . . . X . . .|
f. . . . X . O O O X . . . . . . . . .|
eX O . . . O . . . . . . . . . . . . .|
dX . . . . . . . . . . . . . . . X X .|
c. . . X . . . . . . . X . . O . . X O|
bX . . . . O X . . . . . O . . . . . .|
a. X O . . . . . O . . . X . . . . . .|
 A B C D E F G H I J K L M N O P Q R S|
gracz O
--------------------------------------+
s. O . . . . . . . X . . . . . . X . .|
r. . . . . . . . . . . . . . . . . . .|
qO . . . . . . . . . O . . . . . . . .|
p. . . . . . . . . . . X . . . . . . .|
o. . O . . . . . X . . X X . . . . . .|
n. . . . . . . . . . . . . . X . . . O|
m. . . . . . . . O . . O . O . . . X .|
l. O . . X . . . . O . . . . O . . . .|
k. . . . . . . . . . . . . . . . . . .|
j. . . . . . . . . . O O X O . . O . .|
i. O . . . . . . . . . . X . . . . X .|
h. . . . . . . . . . . . . . . . . . .|
g. O . . . . . X . . . . . . . X . . .|
f. . . . X . O O O X . . . . . . . . .|
eX O . . . O . . . . . . . . . . . . .|
dX . . . . . . . . . . . . . . . X X .|
c. . . X . . . . . . . X . . O . . X O|
bX . . . . O X . . . . . O . . . . . .|
a. X O . . . . . O . . . X . . . . . .|
 A B C D E F G H I J K L M N O P Q R S|
gracz X
--------------------------------------+
s. O . . . . . . . X . . . . . . X . .|
r. . . . . . . . . . . . . . . . . . .|
qO . . . . . . . . . O . . . . . . . .|
p. . . . . . . . . . . X . . . . . . .|
o. . O . . . . . X . . X X . . . . . .|
n. . . . . . . . . . . . . . X . . . O|
m. . . . . . . . O . . O . O . . . X X|
l. O . . X . . . . O . . . . O . . . .|
k. . . . . . . . . . . . . . . . . . .|
j. . . . . . . . . . O O X O . . O . .|
i. O . . . . . . . . . . X . . . . X .|
h. . . . . . . . . . . . . . . . . . .|
g. O . . . . . X . . . . . . . X . . .|
fX . . . X . O O O X . . . . . . . . .|
eX O . . . O . . . . . . . . . . . . .|
dX . . . . . . . . . . . . . . . X X .|
c. . . X . . . . . . . X . . O . . X O|
bX . . . . O X . . . . . O . . . . . .|
a. X O . . . . . O . . . X . . . . . .|
 A B C D E F G H I J K L M N O P Q R S|
gracz O
--------------------------------------+
s. O . . . . . . . X . . . . . . X . .|
r. . . . . . . . . . . . . . . . . . .|
qO . . . . . . . . . O . . . . . . . .|
p. . . . . . . . . . . X . . . . . . .|
o. . O . . . . . X . . X X . . . . . .|
n. . . . . . . . . . . . . . X . . . O|
m. . . . . . . . O . . O . O . . . X X|
l. O . . X . . . . O . . . . O . . . .|
k. . . . . . . . . . . . . . . . . . .|
j. . . . . . . . . . O O X O . . O . .|
i. O . . . . O . . . . . X . . . . X .|
h. . . . . . . . . . . . . . . . . . .|
g. O . . . . . X . . . . . . . X . . .|
fX . . . X . O O O X . . . . . . . . .|
eX O . . . O . . . . . . . . . . . . .|
dX . . . . . . . . . . . . . . . X X .|
c. . . X . . . . . . . X . . O . . X O|
bX . . . . O X . . . . . O . . O . . .|
a. X O . . . . . O . . . X . . . . . .|
 A B C D E F G H I J K L M N O P Q R S|
gracz X
--------------------------------------+
s. O . . . . . . . X . . . . . . X . .|
r. . . . . . . . . . . . . . . . . . .|
qO . . . . . . . . . O . . . . . . . .|
p. . . . . . . . . . . X . . . . . . .|
o. . O . . . . . X . . X X . . . . . .|
n. . . . . . . . . . . . . . X . . . O|
m. . . . . . . . O . . O . O . . . X X|
l. O . . X . . . . O . . . . O . . . .|
k. X . . . . . . . . . . . . . . . . .|
j. . . . . . . . . . O O X O . . O . .|
i. O . . . . O . . . . . X . . . . X .|
h. . . . . . . . . . . . . . . . . . .|
g. O . . . . . X . . . . . . . X . . .|
fX . . . X . O O O X . . . . . . . . .|
eX O . . . O . . . . . . . X . . . . .|
dX . . . . . . . . . . . . . . . X X .|
c. . . X . . . . . . . X . . O . . X O|
bX . . . . O X . . . . . O . . O . . .|
a. X O . . . . . O . . . X . . . . . .|
 A B C D E F G H I J K L M N O P Q R S|
gracz O
--------------------------------------+
s. O . . . . . . . X . . . . . . X . .|
r. . . . . . . . . . . . . . . . . . .|
qO . . . . . . . . . O . . . . . . . .|
p. . . . . . . . . . . X . . . . . . .|
o. . O . . . . . X . . X X . . . . . .|
n. . . . . . . . . . . . . . X . . . O|
m. . . . . . . . O . . O . O . . . X X|
l. O . . X . . . . O . . . . O . . . .|
k. X . . . . . . . . . . . . . . . . .|
j. . . . . . . . . . O O X O . . O . O|
i. O . . . . O . . . . . X . . . . X .|
h. . . . . . . . . . . . . . . . . . .|
g. O . . . . . X . . . . . . . X O . .|
fX . . . X . O O O X . . . . . . . . .|
eX O . . . O . . . . . . . X . . . . .|
dX . . . . . . . . . . . . . . . X X .|
c. . . X . . . . . . . X . . O . . X O|
bX . . . . O X . . . . . O . . O . . .|
a. X O . . . . . O . . . X . . . . . .|
 A B C D E F G H I J K L M N O P Q R S|
gracz X
--------------------------------------+
s. O . . . . . . . X . . . . . . X . .|
r. . . . . . . . . . . . . . . . . . .|
qO . . . . . . . . . O . . . . . . . .|
p. X . . X . . . . . . X . . . . . . .|
o. . O . . . . . X . . X X . . . . . .|
n. . . . . . . . . . . . . . X . . . O|
m. . . . . . . . O . . O . O . . . X X|
l. O . . X . . . . O . . . . O . . . .|
k. X . . . . . . . . . . . . . . . . .|
j. . . . . . . . . . O O X O . . O . O|
i. O . . . . O . . . . . X . . . . X .|
h. . . . . . . . . . . . . . . . . . .|
g. O . . . . . X . . . . . . . X O . .|
fX . . . X . O O O X . . . . . . . . .|
eX O . . . O . . . . . . . X . . . . .|
dX . . . . . . . . . . . . . . . X X .|
c. . . X . . . . . . . X . . O . . X O|
bX . . . . O X . . . . . O . . O . . .|
a. X O . . . . . O . . . X . . . . . .|
 A B C D E F G H I J K L M N O P Q R S|
gracz O
--------------------------------------+
s. O . . . . . . . X . . . . . . X . .|
r. . . . . . . . . . . . . . . . . . .|
qO . . . O . . . . . O . . . . . . . .|
p. X . . X . . . . . . X . . . . . . .|
o. . O . . . . . X . . X X . . . . . .|
n. . . . . . . . . . . . . . X . . . O|
m. . . . . . . . O . . O . O . . . X X|
l. O . . X . . . . O . . . . O . . . .|
k. X . . . . . . . . . . . . . . . . .|
j. . . . . . . . . . O O X O . . O . O|
i. O . . . . O . . . . . X . . . . X .|
h. . . . . . . . . . . . . . . . . . .|
g. O . . . . . X . . . . . . . X O . .|
fX . . . X . O O O X . . . . . . . . .|
eX O . . . O . . . . . . . X . . . . .|
dX . . . . . . . . . . . . . . . X X .|
c. . . X . . . . . . . X . . O . . X O|
bX . . . . O X . . . . . O . . O . . O|
a. X O . . . . . O . . . X . . . . . .|
 A B C D E F G H I J K L M N O P Q R S|
gracz X
--------------------------------------+
s. O . . . . . . . X . . . . . . X . .|
r. . . . . . . . . . . . . . . . . . .|
qO . . . O . . . . . O . . . . . . . .|
p. X . . X . . . . . . X . . . . . . .|
o. . O . . . . . X . . X X . . . . . .|
n. . . . . . . . . . . . . . X . . . O|
m. . . . . . . . O . . O . O . . . X X|
l. O . . X . . . . O . . . . O . . . .|
k. X . . . . X . . . . . . . . . . . .|
j. . . . . . . . . . O O X O . . O . O|
i. O . . . . O . . . . . X . . . . X .|
h. . . . . . . . . . . . . . . . . X .|
g. O . . . . . X . . . . . . . X O . .|
fX . . . X . O O O X . . . . . . . . .|
eX O . . . O . . . . . . . X . . . . .|
dX . . . . . . . . . . . . . . . X X .|
c. . . X . . . . . . . X . . O . . X O|
bX . . . . O X . . . . . O . . O . . O|
a. X O . . . . . O . . . X . . . . . .|
 A B C D E F G H I J K L M N O P Q R S|
gracz O
--------------------------------------+
s. O . . . . . . . X . . . . . . X . .|
r. . . . . . . . . . . . . . . . . . .|
qO . . . O . . . . . O . . . . . . . .|
p. X . . X . . . . . . X . . . . . . .|
o. . O . . . . . X . . X X . . . . . .|
n. . . . . . . . . . . . . . X . . . O|
m. . . . . . . . O . . O . O . . . X X|
l. O . . X . . . . O . . . . O . . . .|
k. X . . . . X . . . . . . . . . . . .|
jO . . . . . . . . . O O X O . . O . O|
i. O . . . . O . . . . . X . . . . X .|
h. . . . . . . . . . . . . . . . . X .|
g. O . . . . . X . . . . . . . X O . .|
fX . . . X . O O O X . . . . . . . . .|
eX O . . . O . . . . . . . X . . . . .|
dX . . . . . . . . . . . . . . . X X .|
c. . . X . . . . . . . X . . O . . X O|
bX . . . . O X . . . . . O . . O . . O|
a. X O O . . . . O . . . X . . . . . .|
 A B C D E F G H I J K L M N O P Q R S|
gracz X
--------------------------------------+
s. O . . . . . . . X . . . . . . X . .|
r. . . . . . . . . . . . . . . . . . .|
qO . . . O . . . . . O . . . . . . . .|
p. X . . X . . . . . . X . . . . . . .|
o. . O . . . . . X . . X X . . . . . .|
n. . . . . . . . . . . . . . X . . . O|
m. . . . . . . . O . . O . O . . . X X|
l. O . . X . . . . O X . . . O . . . .|
k. X . . . . X . . . . . . . . . . . .|
jO . . . . . . . . . O O X O . . O . O|
i. O . . . . O . . . . . X . . . . X .|
h. . . . . . . . . . . . . . . . . X .|
g. O . . . . . X . . . . . . . X O . .|
fX . . . X . O O O X . . . . . . . . .|
eX O . . . O . . . . X . . X . . . . .|
dX . . . . . . . . . . . . . . . X X .|
c. . . X . . . . . . . X . . O . . X O|
bX . . . . O X . . . . . O . . O . . O|
a. X O O . . . . O . . . X . . . . . .|
 A B C D E F G H I J K L M N O P Q R S|
gracz O
--------------------------------------+
s. O . . . . . . . X . . . . . . X . .|
r. . . . . . . . . . . . . . . . . . .|
qO . . . O . . . . . O . . . . . . . .|
p. X . . X . . . . . . X . . . . . . .|
o. . O . . . . . X . . X X . . . . . .|
n. . . . . . . . . . . . . . X . . . O|
m. . . . . . . . O . . O . O . . . X X|
l. O . . X . . . . O X . . . O . . . .|
k. X O . . . X . . . . . . . . . . . .|
jO . . . . . . . . . O O X O . . O . O|
i. O . . . . O . . . . . X . . . . X .|
h. . . . . . . . O . . . . . . . . X .|
g. O . . . . . X . . . . . . . X O . .|
fX . . . X . O O O X . . . . . . . . .|
eX O . . . O . . . . X . . X . . . . .|
dX . . . . . . . . . . . . . . . X X .|
c. . . X . . . . . . . X . . O . . X O|
bX . . . . O X . . . . . O . . O . . O|
a. X O O . . . . O . . . X . . . . . .|
 A B C D E F G H I J K L M N O P Q R S|
gracz X
--------------------------------------+
s. O . . . . . . . X . . . . . . X . .|
r. . . . . . . . . . . . . . . . . . .|
qO . . . O . . . . . O . . . . . . . .|
p. X . . X . . . . . . X . . . . . . .|
o. . O . . . . . X . . X X . . . . . .|
n. . . . . . . . . . . . . . X . . . O|
m. . . . . X . . O . . O . O . . . X X|
l. O . . X . . . . O X . . . O . . . .|
k. X O . . . X . . . . . . . . . . . .|
jO . . . . . . . . . O O X O . X O . O|
i. O . . . . O . . . . . X . . . . X .|
h. . . . . . . . O . . . . . . . . X .|
g. O . . . . . X . . . . . . . X O . .|
fX . . . X . O O O X . . . . . . . . .|
eX O . . . O . . . . X . . X . . . . .|
dX . . . . . . . . . . . . . . . X X .|
c. . . X . . . . . . . X . . O . . X O|
bX . . . . O X . . . . . O . . O . . O|
a. X O O . . . . O . . . X . . . . . .|
 A B C D E F G H I J K L M N O P Q R S|
gracz O
--------------------------------------+
s. O . . . . . . . X . . . . . . X . .|
r. . . . . . . . . . . . . . . . . . .|
qO . . . O . . . . . O . . . . . . . .|
p. X . . X . . . . . . X . . . . . . .|
o. . O . . . . . X . . X X . . . . . .|
n. . . . . . . . . . . . . . X . . . O|
m. . . . . X . . O . . O . O . . . X X|
l. O . . X . . . . O X . . . O . . . .|
k. X O . O . X . . . . . . . . . . . .|
jO . . . . . . . . . O O X O . X O . O|
i. O . . . . O . . . . . X . . . . X .|
h. . . . . . . . O . . O . . . . . X .|
g. O . . . . . X . . . . . . . X O . .|
fX . . . X . O O O X . . . . . . . . .|
eX O . . . O . . . . X . . X . . . . .|
dX . . . . . . . . . . . . . . . X X .|
c. . . X . . . . . . . X . . O . . X O|
bX . . . . O X . . . . . O . . O . . O|
a. X O O . . . . O . . . X . . . . . .|
 A B C D E F G H I J K L M N O P Q R S|
gracz X
--------------------------------------+
s. O . . . . . . . X . . . . . . X . .|
rX . . . . . . . . . . . . . . . . . .|
qO . . . O . . . . . O . . . . . . . .|
p. X . . X . . . . . . X . . . . . . .|
o. . O . . . . . X . . X X . . . . . .|
n. . . . . . . . . . . . . . X . . . O|
m. . . . . X . . O . . O . O . . . X X|
l. O . . X . . . . O X . . . O . . . .|
k. X O . O . X . . . . . . . . . . . .|
jO . . . . . . . . . O O X O . X O . O|
i. O . . . . O . . . . . X . . . . X .|
h. . X . . . . . O . . O . . . . . X .|
g. O . . . . . X . . . . . . . X O . .|
fX . . . X . O O O X . . . . . . . . .|
eX O . . . O . . . . X . . X . . . . .|
dX . . . . . . . . . . . . . . . X X .|
c. . . X . . . . . . . X . . O . . X O|
bX . . . . O X . . . . . O . . O . . O|
a. X O O . . . . O . . . X . . . . . .|
 A B C D E F G H I J K L M N O P Q R S|
gracz O
--------------------------------------+
s. O . . . . . . . X . . . . . . X . .|
rX . . . . . . . . . . . . . . . . . .|
qO . . . O . . . . . O . . . . . . . .|
p. X . . X . . . . . . X . . . . . . .|
o. . O . . O . . X . . X X . . . . . .|
n. . . . . . . . . . . . . . X . . . O|
m. . . . . X . . O . . O . O . . . X X|
l. O . . X . . . . O X . . . O . . . .|
k. X O . O . X . . . . . . . . . . . .|
jO . . . . . . . . . O O X O . X O . O|
i. O . . . . O . . . . . X . . . . X .|
h. . X . . . . . O . . O . . . . . X .|
g. O . . . . . X . . . . . . . X O . .|
fX . . . X . O O O X . . . . . . O . .|
eX O . . . O . . . . X . . X . . . . .|
dX . . . . . . . . . . . . . . . X X .|
c. . . X . . . . . . . X . . O . . X O|
bX . . . . O X . . . . . O . . O . . O|
a. X O O . . . . O . . . X . . . . . .|
 A B C D E F G H I J K L M N O P Q R S|
gracz X
--------------------------------------+
s. O . . . . . . . X . . . . . . X . .|
rX . . . . X . . . . . . . . . . . . .|
qO . . . O . . . . . O . . . . . . . .|
p. X . . X . . . . . . X . . . . . . .|
o. . O . . O . . X . . X X . . . . . .|
n. . . . . . . . . . . . . . X . . . O|
m. . . . . X . . O . . O . O . . . X X|
l. O . . X . . . . O X . . . O . X . .|
k. X O . O . X . . . . . . . . . . . .|
jO . . . . . . . . . O O X O . X O . O|
i. O . . . . O . . . . . X . . . . X .|
h. . X . . . . . O . . O . . . . . X .|
g. O . . . . . X . . . . . . . X O . .|
fX . . . X . O O O X . . . . . . O . .|
eX O . . . O . . . . X . . X . . . . .|
dX . . . . . . . . . . . . . . . X X .|
c. . . X . . . . . . . X . . O . . X O|
bX . . . . O X . . . . . O . . O . . O|
a. X O O . . . . O . . . X . . . . . .|
 A B C D E F G H I J K L M N O P Q R S|
gracz O
--------------------------------------+
s. O . . . . . . . X . . . . . . X . .|
rX . . . . X . . . . . . . . . . . . .|
qO . . . O . . . . . O . . . . . . . .|
p. X . . X . . . . . . X . . . . . . .|
o. . O . . O . . X . . X X . . . . . .|
n. . . . . . . . . O . . . . X . . . O|
m. . . . . X . . O . . O O O . . . X X|
l. O . . X . . . . O X . . . O . X . .|
k. X O . O . X . . . . . . . . . . . .|
jO . . . . . . . . . O O X O . X O . O|
i. O . . . . O . . . . . X . . . . X .|
h. . X . . . . . O . . O . . . . . X .|
g. O . . . . . X . . . . . . . X O . .|
fX . . . X . O O O X . . . . . . O . .|
eX O . . . O . . . . X . . X . . . . .|
dX . . . . . . . . . . . . . . . X X .|
c. . . X . . . . . . . X . . O . . X O|
bX . . . . O X . . . . . O . . O . . O|
a. X O O . . . . O . . . X . . . . . .|
 A B C D E F G H I J K L M N O P Q R S|
gracz X
--------------------------------------+
s. O . . . . . . . X . . . . . . X . .|
rX . . . . X . . . . . . . . . . . . .|
qO . . . O . . . . . O . . . . . . . .|
p. X . . X . . . . . . X . . . . . . .|
o. . O . . O . . X . . X X . . . . . .|
n. . . . . . . . . O . . . . X . . . O|
m. . . . . X . . O . . O O O . . . X X|
l. O . . X . . . . O X . X . O . X . .|
k. X O . O . X . . . . . . . . . . . .|
jO . . . . X . . . . O O X O . X O . O|
i. O . . . . O . . . . . X . . . . X .|
h. . X . . . . . O . . O . . . . . X .|
g. O . . . . . X . . . . . . . X O . .|
fX . . . X . O O O X . . . . . . O . .|
eX O . . . O . . . . X . . X . . . . .|
dX . . . . . . . . . . . . . . . X X .|
c. . . X . . . . . . . X . . O . . X O|
bX . . . . O X . . . . . O . . O . . O|
a. X O O . . . . O . . . X . . . . . .|
 A B C D E F G H I J K L M N O P Q R S|
gracz O
--------------------------------------+
s. O . . . . . . . X . . . . . . X . .|
rX . . . . X . . . . . . . . . . . . .|
qO . . . O . . . . . O . . . . . . . .|
p. X . . X . . . . . . X . . . . . . .|
o. . O . . O . . X . . X X . O . . . .|
n. . . . . . . . . O . . . . X . . . O|
m. . . . . X . . O . . O O O . . . X X|
l. O . . X . . . . O X . X . O . X . .|
k. X O . O . X . . . . . . . . . . . .|
jO . . . . X . . . . O O X O . X O . O|
i. O O . . . O . . . . . X . . . . X .|
h. . X . . . . . O . . O . . . . . X .|
g. O . . . . . X . . . . . . . X O . .|
fX . . . X . O O O X . . . . . . O . .|
eX O . . . O . . . . X . . X . . . . .|
dX . . . . . . . . . . . . . . . X X .|
c. . . X . . . . . . . X . . O . . X O|
bX . . . . O X . . . . . O . . O . . O|
a. X O O . . . . O . . . X . . . . . .|
 A B C D E F G H I J K L M N O P Q R S|
gracz X
--------------------------------------+
s. O . . . . . . . X . . . . . . X . .|
rX . . . . X . . . . . . . . . . . . .|
qO . . . O . . . . . O . . . . . . . .|
p. X . . X . . . . . . X . . . . . . .|
o. . O . . O . . X . . X X . O . . . .|
n. . . . . . . . . O . . . . X . . . O|
m. . . . . X X . O . . O O O . . . X X|
l. O . . X . . . . O X . X . O . X . .|
k. X O . O . X . . . . . . . . . . . .|
jO . . . . X . . . . O O X O . X O . O|
i. O O . . . O . . . . . X . . . . X .|
h. . X . . . . . O . . O . . . . . X .|
g. O . . X . . X . . . . . . . X O . .|
fX . . . X . O O O X . . . . . . O . .|
eX O . . . O . . . . X . . X . . . . .|
dX . . . . . . . . . . . . . . . X X .|
c. . . X . . . . . . . X . . O . . X O|
bX . . . . O X . . . . . O . . O . . O|
a. X O O . . . . O . . . X . . . . . .|
 A B C D E F G H I J K L M N O P Q R S|
gracz O
--------------------------------------+
s. O . . . . . . . X . . . . . . X . .|
rX . . . . X . . . . . . . . . . . . .|
qO . . . O . . . . . O . . . . . . . .|
p. X . . X . . . . . O X . . . . . . .|
o. . O . . O . . X . . X X . O . . . .|
n. . . . . . . . . O . . . . X . . . O|
m. . . . . X X . O . . O O O . . . X X|
l. O . . X . . . . O X . X . O . X . .|
k. X O . O . X . . . . . . . . . . . .|
jO . . . . X . . . . O O X O . X O . O|
i. O O . . . O . . . . . X . . . . X .|
h. . X . . . . . O . . O . . . . . X .|
g. O . . X . . X . . . . . . . X O . .|
fX . . . X . O O O X . . . . . . O . .|
eX O . . . O . . . . X . . X . . . . .|
dX . . . . . . . . . . . . . . . X X .|
c. . . X O . . . . . . X . . O . . X O|
bX . . . . O X . . . . . O . . O . . O|
a. X O O . . . . O . . . X . . . . . .|
 A B C D E F G H I J K L M N O P Q R S|
gracz X
--------------------------------------+
s. O . . . . . . . X . . . . . . X . .|
rX . . . . X . . . . . . . . . . . . .|
qO X . . O . . . . . O . . . . . . . .|
p. X . . X . . . . . O X . . . . . . .|
o. . O . . O . . X . . X X . O . . . .|
n. . . . . . . . . O . . . . X . . . O|
m. . . . . X X . O . . O O O . . . X X|
l. O . . X . . . . O X . X . O . X . .|
k. X O . O . X . . . . . . . . . . . .|
jO . . . . X . . . . O O X O . X O . O|
i. O O . . . O . . . . . X . . . . X .|
h. . X . . . . . O . . O . . . . . X .|
g. O . . X . . X . . . . . . . X O . .|
fX . . . X . O O O X . . . X . . O . .|
eX O . . . O . . . . X . . X . . . . .|
dX . . . . . . . . . . . . . . . X X .|
c. . . X O . . . . . . X . . O . . X O|
bX . . . . O X . . . . . O . . O . . O|
a. X O O . . . . O . . . X . . . . . .|
 A B C D E F G H I J K L M N O P Q R S|
gracz O
--------------------------------------+
s. O . . . . . . . X . . . . . . X . .|
rX . . . . X . . . . . . . . . . . . .|
qO X . . O . . . . . O . . . . . . . .|
p. X . . X . . . . . O X . . . . . . .|
o. . O . . O . . X . . X X O O . . . .|
n. . . . . . . . . O . . . . X . . . O|
m. . . . . X X . O O . O O O . . . X X|
l. O . . X . . . . O X . X . O . X . .|
k. X O . O . X . . . . . . . . . . . .|
jO . . . . X . . . . O O X O . X O . O|
i. O O . . . O . . . . . X . . . . X .|
h. . X . . . . . O . . O . . . . . X .|
g. O . . X . . X . . . . . . . X O . .|
fX . . . X . O O O X . . . X . . O . .|
eX O . . . O . . . . X . . X . . . . .|
dX . . . . . . . . . . . . . . . X X .|
c. . . X O . . . . . . X . . O . . X O|
bX . . . . O X . . . . . O . . O . . O|
a. X O O . . . . O . . . X . . . . . .|
 A B C D E F G H I J K L M N O P Q R S|
gracz X
--------------------------------------+
s. O . . . . . . . X . . . . . . X . .|
rX . . . . X . . . . . . . . . . . . .|
qO X . . O . . . . . O . . . . . . . .|
p. X . . X . . . . . O X . . . . . . .|
o. . O . . O . . X . . X X O O . . . .|
n. . . . . . . . . O . . . . X . . . O|
m. . . . . X X . O O . O O O . . . X X|
l. O . . X . . . . O X . X . O . X . .|
k. X O . O . X . . . . . . . . . . . .|
jO . . . . X . . . . O O X O . X O . O|
i. O O . . . O . . . . . X . . . . X .|
h. . X . . . . . O . . O . . . . . X .|
g. O . . X . . X . . . . . . . X O . .|
fX . . . X . O O O X X . . X . . O . .|
eX O . . . O . . . . X . . X . . . . .|
dX . . . . . . . . . . . . . . . X X .|
c. . . X O . . . . . . X . . O . . X O|
bX . . . . O X . . . . . O . . O . . O|
a. X O O . . X . O . . . X . . . . . .|
 A B C D E F G H I J K L M N O P Q R S|
gracz O
--------------------------------------+
s. O . . . . . . . X . . . . . . X . .|
rX . . . . X . . . . . . . . . . . . .|
qO X . . O . . . . . O . . . . . . . .|
p. X . . X . . . . . O X . . . . . . .|
o. . O . . O . . X . . X X O O . . . .|
n. . O . . . . . . O . . . . X . . . O|
m. . . . . X X . O O . O O O . . . X X|
l. O . . X . . . . O X . X . O . X . .|
k. X O . O . X . . . . . . . . . . . .|
jO . . . . X . . . . O O X O . X O . O|
i. O O . . . O . . . . . X . . . . X .|
h. . X . . . . . O . . O . . . . . X .|
g. O . . X . . X . . . . . . . X O . .|
fX O . . X . O O O X X . . X . . O . .|
eX O . . . O . . . . X . . X . . . . .|
dX . . . . . . . . . . . . . . . X X .|
c. . . X O . . . . . . X . . O . . X O|
bX . . . . O X . . . . . O . . O . . O|
a. X O O . . X . O . . . X . . . . . .|
 A B C D E F G H I J K L M N O P Q R S|
gracz X
--------------------------------------+
s. O . . . . . . . X . . . . . . X . .|
rX . . . . X . . . . . . . . . . . . .|
qO X . . O . . . . . O . . . . . . . .|
p. X . . X . . . . . O X . . . . . . .|
o. . O . . O . . X . . X X O O . . . .|
n. . O . . . . . . O . . . . X . . . O|
m. . . . . X X . O O . O O O . . . X X|
l. O X . X . . . . O X . X . O . X . .|
k. X O . O . X . . . . . . . . . . . .|
jO . . . . X . . . . O O X O . X O . O|
i. O O . . . O . . . . . X . . . . X .|
h. . X . . . . . O . . O . . . . . X .|
g. O . . X . . X . . . . . . . X O . .|
fX O . . X . O O O X X . . X . . O . .|
eX O . . . O . . . . X . . X . . . . .|
dX . . . . . . . . . . . . . . . X X .|
c. . . X O . . . . . . X . . O . . X O|
bX . . . . O X . . . . . O . X O . . O|
a. X O O . . X . O . . . X . . . . . .|
 A B C D E F G H I J K L M N O P Q R S|
gracz O
--------------------------------------+
s. O . . . . . . . X . . . . . . X . .|
rX . . . . X . . . . . . . . . . . . .|
qO X . . O . . . . . O . . . . . . . .|
p. X . . X . . . . . O X . . . . . . .|
o. . O . . O . . X . . X X O O . . . .|
n. . O . . . . . . O . . . . X . . . O|
m. . . . . X X . O O . O O O . . . X X|
l. O X . X . . . . O X . X . O . X . .|
k. X O . O . X . . . . . . . . . . . .|
jO . . . . X . . . . O O X O . X O . O|
i. O O . . . O . . . . O X . . . . X .|
h. . X . . . . . O . . O . . . . . X .|
g. O . . X . . X . . . . . . . X O . .|
fX O . . X . O O O X X . . X . . O . .|
eX O . . . O . . . . X . . X . . . . .|
dX . . . . O . . . . . . . . . . X X .|
c. . . X O . . . . . . X . . O . . X O|
bX . . . . O X . . . . . O . X O . . O|
a. X O O . . X . O . . . X . . . . . .|
 A B C D E F G H I J K L M N O P Q R S|
gracz X
--------------------------------------+
s. O . . . . . . . X . . . . . . X . .|
rX . . . . X . . . . . . . . . . . . .|
qO X . . O . . . . . O . . . . . . . .|
p. X . . X . . . . . O X . . . . . . .|
o. . O . . O . . X . . X X O O . . . .|
n. . O . . . . . . O . . . . X . . . O|
m. . . . . X X . O O . O O O . . . X X|
l. O X . X . . . . O X . X . O . X . .|
k. X O . O . X . . . . . . . . . . . .|
jO . . . . X . . . . O O X O . X O . O|
i. O O . . X O . . . . O X . . . . X .|
h. . X . . . . . O . . O . . . . . X .|
g. O . . X . . X . . . . . . . X O . .|
fX O . . X . O O O X X . . X . . O . .|
eX O . . . O . . . . X . . X . . . . .|
dX . . . . O . . . . . . . . . . X X .|
c. X . X O . . . . . . X . . O . . X O|
bX . . . . O X . . . . . O . X O . . O|
a. X O O . . X . O . . . X . . . . . .|
 A B C D E F G H I J K L M N O P Q R S|
gracz O
--------------------------------------+
s. O . . . . . . . X . . . . . . X . .|
rX . . . . X . . . . . . . . . . . . .|
qO X . . O . . . . . O . . . . . . . .|
p. X . . X . . . . . O X . . . . . . .|
o. . O . . O . . X . . X X O O . . . .|
n. . O . . . . . . O . . . . X . . . O|
m. . . . . X X . O O . O O O . . . X X|
l. O X . X . . . . O X . X . O . X . .|
k. X O . O . X . . . . . . . . . . . .|
jO . . . . X . . . . O O X O . X O . O|
i. O O . . X O . . . . O X . . . . X .|
h. . X . . . . . O . . O . . . . . X .|
g. O . . X . . X . . . . . . . X O . .|
fX O . . X . O O O X X . . X . . O . .|
eX O . . . O . . . . X . . X . . . . .|
dX . O . . O . . . . . . . . . . X X .|
c. X . X O . . . O . . X . . O . . X O|
bX . . . . O X . . . . . O . X O . . O|
a. X O O . . X . O . . . X . . . . . .|
 A B C D E F G H I J K L M N O P Q R S|
gracz X
--------------------------------------+
s. O . . . . . . . X . . . . . . X . .|
rX . . . . X . . . . . . X . . . . . .|
qO X . . O . . . . . O . . . . . . . .|
p. X . . X . . . . . O X . . . . . . .|
o. . O . . O . . X . . X X O O . . . .|
n. . O . . . . . . O . . . . X . . . O|
m. . . . . X X . O O . O O O . . . X X|
l. O X . X . . . . O X . X . O . X . .|
k. X O . O . X . . . . . . . . . . . .|
jO . . . . X . . . . O O X O . X O . O|
i. O O . . X O . . . . O X . . . . X .|
h. . X . . . . . O . . O . . . . . X .|
g. O . . X . . X . . . . . . . X O . .|
fX O . . X . O O O X X . . X . . O . .|
eX O . . . O . . . . X . . X . . . . .|
dX . O . . O . . . . . . . . . . X X .|
c. X . X O . . . O . . X . . O . . X O|
bX . . . . O X . X . . . O . X O . . O|
a. X O O . . X . O . . . X . . . . . .|
 A B C D E F G H I J K L M N O P Q R S|
gracz O
--------------------------------------+
s. O . . . . . . . X . . . . . . X . .|
rX . . . . X . . . . . . X . . . . . .|
qO X . . O . . . . . O . . . . . . . .|
p. X . . X . . . . . O X . . . . . . .|
o. . O . . O . . X . . X X O O . . . .|
n. . O . . . . . . O . . . . X . . . O|
m. . . . . X X . O O . O O O . . . X X|
l. O X . X . . . . O X . X . O . X . .|
k. X O . O . X . . . . . . . . . . . .|
jO . . . . X . . . . O O X O . X O . O|
i. O O . . X O . . . . O X . . . . X .|
h. . X . . . . . O . . O . . . . . X .|
g. O . . X . . X . . . . O . . X O . .|
fX O . . X . O O O X X . . X . . O . .|
eX O . . . O . . . . X . . X . . . . .|
dX O O . . O . . . . . . . . . . X X .|
c. X . X O . . . O . . X . . O . . X O|
bX . . . . O X . X . . . O . X O . . O|
a. X O O . . X . O . . . X . . . . . .|
 A B C D E F G H I J K L M N O P Q R S|
gracz X
--------------------------------------+
s. O . . . . . . . X . . . . . . X . .|
rX . . . . X . . . . . . X . . . . . .|
qO X . . O . . . . . O . . . X . . . .|
p. X . . X . . . . . O X . . . . . . .|
o. . O X . O . . X . . X X O O . . . .|
n. . O . . . . . . O . . . . X . . . O|
m. . . . . X X . O O . O O O . . . X X|
l. O X . X . . . . O X . X . O . X . .|
k. X O . O . X . . . . . . . . . . . .|
jO . . . . X . . . . O O X O . X O . O|
i. O O . . X O . . . . O X . . . . X .|
h. . X . . . . . O . . O . . . . . X .|
g. O . . X . . X . . . . O . . X O . .|
fX O . . X . O O O X X . . X . . O . .|
eX O . . . O . . . . X . . X . . . . .|
dX O O . . O . . . . . . . . . . X X .|
c. X . X O . . . O . . X . . O . . X O|
bX . . . . O X . X . . . O . X O . . O|
a. X O O . . X . O . . . X . . . . . .|
 A B C D E F G H I J K L M N O P Q R S|
gracz O
--------------------------------------+
s. O . . . . . . . X . . . . . . X . .|
rX . . . . X . . . . . . X . . . . . .|
qO X . . O . . . . . O . . . X . . . .|
p. X . . X . . . . . O X . . . . . . .|
o. . O X . O . . X . . X X O O . . . .|
n. . O . . . . . . O . . . . X . . . O|
m. . . . . X X . O O . O O O . . O X X|
l. O X . X . . . . O X . X . O . X . .|
k. X O . O . X . . . . . . . . . . . .|
jO . . . . X . . . . O O X O . X O . O|
i. O O . . X O . . . . O X . . . . X .|
h. . X . . . . O O . . O . . . . . X .|
g. O . . X . . X . . . . O . . X O . .|
fX O . . X . O O O X X . . X . . O . .|
eX O . . . O . . . . X . . X . . . . .|
dX O O . . O . . . . . . . . . . X X .|
c. X . X O . . . O . . X . . O . . X O|
bX . . . . O X . X . . . O . X O . . O|
a. X O O . . X . O . . . X . . . . . .|
 A B C D E F G H I J K L M N O P Q R S|
gracz X
--------------------------------------+
s. O . . . . . . . X . . . . . . X . .|
rX . . . . X . . . . . . X . . . . . .|
qO X . . O . . X . X O . . . X . . . .|
p. X . . X . . . . . O X . . . . . . .|
o. . O X . O . . X . . X X O O . . . .|
n. . O . . . . . . O . . . . X . . . O|
m. . . . . X X . O O . O O O . . O X X|
l. O X . X . . . . O X . X . O . X . .|
k. X O . O . X . . . . . . . . . . . .|
jO . . . . X . . . . O O X O . X O . O|
i. O O . . X O . . . . O X . . . . X .|
h. . X . . . . O O . . O . . . . . X .|
g. O . . X . . X . . . . O . . X O . .|
fX O . . X . O O O X X . . X . . O . .|
eX O . . . O . . . . X . . X . . . . .|
dX O O . . O . . . . . . . . . . X X .|
c. X . X O . . . O . . X . . O . . X O|
bX . . . . O X . X . . . O . X O . . O|
a. X O O . . X . O . . . X . . . . . .|
 A B C D E F G H I J K L M N O P Q R S|
gracz O
--------------------------------------+
s. O . . . . . . O X . . . . . . X . .|
rX . . . . X . . . . . . X . . . . . .|
qO X . . O . . X . X O . . . X . . . .|
p. X . . X . . . . . O X . . . . . . .|
o. . O X . O . . X . . X X O O . . . .|
n. . O . . . . . . O . . . . X . . . O|
m. . . . . X X . O O . O O O . . O X X|
l. O X . X . . . . O X . X . O . X . .|
k. X O . O . X . . . . . . . . . . . .|
jO . . . . X . . . . O O X O . X O . O|
i. O O . . X O . . . . O X . . . . X .|
h. . X . . . . O O . . O . . . . . X .|
g. O . . X . . X . . . . O . . X O . .|
fX O . . X . O O O X X . . X . . O . .|
eX O . O . O . . . . X . . X . . . . .|
dX O O . . O . . . . . . . . . . X X .|
c. X . X O . . . O . . X . . O . . X O|
bX . . . . O X . X . . . O . X O . . O|
a. X O O . . X . O . . . X . . . . . .|
 A B C D E F G H I J K L M N O P Q R S|
gracz X
--------------------------------------+
s. O . . . . . . O X . . . . . . X . .|
rX . . . . X . . . . . . X . . . . . .|
qO X . . O . . X . X O . . . X . . . .|
p. X . . X . . . . . O X . . . . . . .|
o. . O X . O . . X . . X X O O . . . .|
nX . O . . . . . . O . . . . X . . . O|
m. . . . . X X . O O . O O O . . O X X|
l. O X . X . . . . O X . X . O . X . .|
k. X O . O . X . . . . . . . . . . . .|
jO . . . . X . . . . O O X O . X O . O|
i. O O . . X O . . . . O X . . . . X .|
h. . X . . . . O O . . O . . . . . X .|
g. O . . X . . X . . . . O . . X O . .|
fX O . . X . O O O X X . . X . . O . .|
eX O . O . O . . . . X . . X . . . . .|
dX O O . . O . . . . . . . . . . X X .|
c. X . X O . . . O . . X . . O . . X O|
bX . . . . O X . X . . . O . X O . . O|
a. X O O . . X X O . . . X . . . . . .|
 A B C D E F G H I J K L M N O P Q R S|
gracz O
--------------------------------------+
s. O . . . . . . O X . . . . . O X . .|
rX . . . . X . . . . . . X . . . . . .|
qO X . . O . . X . X O . . . X . . . .|
p. X . . X . . . . . O X . . . . . . .|
o. . O X . O . . X . . X X O O . . . .|
nX . O . . . . . . O . . . . X . . . O|
m. . . . . X X . O O . O O O . . O X X|
l. O X . X . . . . O X . X . O . X . .|
k. X O . O . X . . . . . . . . . . . .|
jO . . . . X . . . . O O X O . X O . O|
i. O O . . X O . . . . O X . . . . X .|
h. . X . . . . O O . . O . . . . . X .|
g. O . . X . . X . . . . O . . X O . .|
fX O . . X . O O O X X . . X . . O . .|
eX O . O . O . . . . X . . X . . . . .|
dX O O . . O . . . . . . . . . . X X .|
c. X . X O . . . O . . X . . O . . X O|
bX . . . . O X . X . . . O . X O . O O|
a. X O O . . X X O . . . X . . . . . .|
 A B C D E F G H I J K L M N O P Q R S|
gracz X
--------------------------------------+
s. O . . . . . . O X . . . . . O X . .|
rX . . . . X . . . . . . X . . . . . .|
qO X . . O . . X . X O . . . X . . . .|
p. X . . X . . . . . O X . . . . . . .|
o. . O X . O . . X . . X X O O X . . .|
nX . O . . . . . . O . . . . X . . . O|
m. . . . . X X . O O . O O O . . O X X|
l. O X . X . . . . O X . X . O . X . .|
k. X O . O . X . . . . . . . . . . . .|
jO . . . . X . . . . O O X O . X O . O|
i. O O . . X O . . . . O X . . . . X .|
h. X X . . . . O O . . O . . . . . X .|
g. O . . X . . X . . . . O . . X O . .|
fX O . . X . O O O X X . . X . . O . .|
eX O . O . O . . . . X . . X . . . . .|
dX O O . . O . . . . . . . . . . X X .|
c. X . X O . . . O . . X . . O . . X O|
bX . . . . O X . X . . . O . X O . O O|
a. X O O . . X X O . . . X . . . . . .|
 A B C D E F G H I J K L M N O P Q R S|
gracz O
--------------------------------------+
s. O . . . . . . O X . . . . . O X . .|
rX . . . . X . . . . . . X . . . . . .|
qO X . . O . . X . X O . . . X . . . .|
p. X . . X . . . . . O X . . . . . . .|
o. . O X . O . . X . . X X O O X . . .|
nX . O . . O . . . O . . . . X . . . O|
m. . . . . X X . O O . O O O . . O X X|
l. O X . X . . . O O X . X . O . X . .|
k. X O . O . X . . . . . . . . . . . .|
jO . . . . X . . . . O O X O . X O . O|
i. O O . . X O . . . . O X . . . . X .|
h. X X . . . . O O . . O . . . . . X .|
g. O . . X . . X . . . . O . . X O . .|
fX O . . X . O O O X X . . X . . O . .|
eX O . O . O . . . . X . . X . . . . .|
dX O O . . O . . . . . . . . . . X X .|
c. X . X O . . . O . . X . . O . . X O|
bX . . . . O X . X . . . O . X O . O O|
a. X O O . . X X O . . . X . . . . . .|
 A B C D E F G H I J K L M N O P Q R S|
gracz X
--------------------------------------+
s. O . . . . . . O X . . . . . O X . .|
rX . . . . X . . . . . . X . . . . . .|
qO X . . O . . X . X O . . . X . . . .|
p. X . . X . . . . . O X . . . . . . .|
o. . O X . O . . X . . X X O O X . . .|
nX . O . . O . . . O . . . . X . . . O|
m. . . . . X X . O O . O O O . . O X X|
l. O X . X . . . O O X . X . O . X . .|
k. X O . O . X . . . . . . . X . . . .|
jO . . . . X . . . . O O X O . X O . O|
i. O O . . X O . . . . O X . . . . X .|
h. X X . . . . O O X . O . . . . . X .|
g. O . . X . . X . . . . O . . X O . .|
fX O . . X . O O O X X . . X . . O . .|
eX O . O . O . . . . X . . X . . . . .|
dX O O . . O . . . . . . . . . . X X .|
c. X . X O . . . O . . X . . O . . X O|
bX . . . . O X . X . . . O . X O . O O|
a. X O O . . X X O . . . X . . . . . .|
 A B C D E F G H I J K L M N O P Q R S|
gracz O
--------------------------------------+
s. O . . . . . . O X . . . . . O X . .|
rX . . . . X . . . . . . X . . . . . .|
qO X . O O . . X . X O . . . X . . . .|
p. X . . X . . . . . O X . . . . . . .|
o. . O X . O . . X . . X X O O X . . .|
nX . O . . O . . . O . . . . X . . . O|
m. . . . . X X . O O . O O O . . O X X|
l. O X . X . . . O O X . X . O . X . .|
k. X O . O . X . . . . . . . X . . . .|
jO . . . . X . . . . O O X O . X O . O|
i. O O . . X O . . . . O X . . . . X .|
h. X X . . . . O O X . O . . . . . X .|
g. O . . X . . X . . . . O . . X O . .|
fX O . . X . O O O X X . . X . . O . .|
eX O O O . O . . . . X . . X . . . . .|
dX O O . . O . . . . . . . . . . X X .|
c. X . X O . . . O . . X . . O . . X O|
bX . . . . O X . X . . . O . X O . O O|
a. X O O . . X X O . . . X . . . . . .|
 A B C D E F G H I J K L M N O P Q R S|
gracz X
--------------------------------------+
s. O . . . . . . O X . . . . . O X . .|
rX . . . . X . . . . . . X . . . . . .|
qO X . O O . . X . X O . . . X . . . .|
p. X . . X . . . . . O X . . . . . . .|
o. . O X . O . . X X . X X O O X . . .|
nX . O . . O . . . O . . . . X . . . O|
m. . . . . X X . O O . O O O . . O X X|
l. O X . X . . . O O X . X . O . X . .|
k. X O . O . X . . . . . . . X . . . .|
jO . . . . X . . . . O O X O . X O . O|
i. O O . . X O . . . . O X . . . . X .|
h. X X . . . . O O X . O . . . . . X .|
g. O . . X . . X . . . . O . . X O . .|
fX O . . X . O O O X X . . X . . O . .|
eX O O O . O . . . . X . . X . . . . .|
dX O O . . O . . . . . . . . . . X X .|
c. X . X O X . . O . . X . . O . . X O|
bX . . . . O X . X . . . O . X O . O O|
a. X O O . . X X O . . . X . . . . . .|
 A B C D E F G H I J K L M N O P Q R S|
gracz O
--------------------------------------+
s. O . . . . . . O X . . . . . O X . .|
rX . . . . X . . . . . . X . . . . . O|
qO X . O O . . X . X O . . . X . . . .|
p. X . . X . . . . . O X . . . . . . .|
o. . O X . O . . X X . X X O O X . . .|
nX . O . . O . . . O . . . . X . . . O|
m. . . . . X X . O O . O O O . . O X X|
l. O X . X . . . O O X . X . O . X . .|
k. X O . O . X . . . . . . . X . . . .|
jO . . O . X . . . . O O X O . X O . O|
i. O O . . X O . . . . O X . . . . X .|
h. X X . . . . O O X . O . . . . . X .|
g. O . . X . . X . . . . O . . X O . .|
fX O . . X . O O O X X . . X . . O . .|
eX O O O . O . . . . X . . X . . . . .|
dX O O . . O . . . . . . . . . . X X .|
c. X . X O X . . O . . X . . O . . X O|
bX . . . . O X . X . . . O . X O . O O|
a. X O O . . X X O . . . X . . . . . .|
 A B C D E F G H I J K L M N O P Q R S|
gracz X
--------------------------------------+
s. O . . . . . . O X . . . . . O X . .|
rX . . . . X . . . . . . X . . . . . O|
qO X . O O . . X . X O . . . X . . . .|
p. X . . X . . . . . O X . . . . . . .|
o. . O X . O . . X X . X X O O X . . .|
nX . O . . O . . . O . . . . X . . . O|
m. . . . . X X . O O . O O O . . O X X|
l. O X . X . . . O O X . X . O . X . .|
k. X O . O . X . . . . . . . X . . . .|
jO . . O . X . . . . O O X O . X O . O|
i. O O . . X O . . . . O X . . . . X .|
h. X X X . . . O O X . O . . . . . X .|
g. O . . X . . X . . . . O . . X O . .|
fX O . . X . O O O X X X . X . . O . .|
eX O O O . O . . . . X . . X . . . . .|
dX O O . . O . . . . . . . . . . X X .|
c. X . X O X . . O . . X . . O . . X O|
bX . . . . O X . X . . . O . X O . O O|
a. X O O . . X X O . . . X . . . . . .|
 A B C D E F G H I J K L M N O P Q R S|
gracz O
--------------------------------------+
s. O . . . . . . O X . . . . . O X . .|
rX . . . . X . . . . . . X . . . . . O|
qO X . O O . . X . X O . . . X . . . .|
p. X . . X . . . . . O X . . . . . . .|
o. . O X . O . . X X . X X O O X . . .|
nX . O . . O . . . O . . . . X . . . O|
m. . . . . X X . O O . O O O . . O X X|
l. O X . X . . . O O X . X . O . X . .|
k. X O . O . X . O . . . . . X . . . .|
jO . . O . X . . . . O O X O O X O . O|
i. O O . . X O . . . . O X . . . . X .|
h. X X X . . . O O X . O . . . . . X .|
g. O . . X . . X . . . . O . . X O . .|
fX O . . X . O O O X X X . X . . O . .|
eX O O O . O . . . . X . . X . . . . .|
dX O O . . O . . . . . . . . . . X X .|
c. X . X O X . . O . . X . . O . . X O|
bX . . . . O X . X . . . O . X O . O O|
a. X O O . . X X O . . . X . . . . . .|
 A B C D E F G H I J K L M N O P Q R S|
gracz X
--------------------------------------+
s. O . . . . . . O X . . . . . O X . .|
rX . . . . X . . . . . . X . . . . . O|
qO X . O O . . X . X O . . . X . . . .|
p. X . . X . . . . . O X . . . . . . .|
o. . O X . O . . X X . X X O O X . . .|
nX . O . . O . . . O . . . . X . . . O|
m. . . . . X X . O O . O O O . . O X X|
l. O X . X . . . O O X . X . O . X . .|
k. X O . O X X . O . . . . . X . . . .|
jO . . O . X . . . . O O X O O X O . O|
i. O O . . X O . . . . O X . . . . X .|
h. X X X . . . O O X . O . . . . . X .|
g. O . . X . . X . . . . O . . X O . .|
fX O . . X . O O O X X X . X . . O . .|
eX O O O . O . . . . X . . X . . . . .|
dX O O . . O . . . . . . . . X . X X .|
c. X . X O X . . O . . X . . O . . X O|
bX . . . . O X . X . . . O . X O . O O|
a. X O O . . X X O . . . X . . . . . .|
 A B C D E F G H I J K L M N O P Q R S|
gracz O
--------------------------------------+
s. O . . . . . . O X . . . . . O X . .|
rX . . . . X . . . . . . X . . . . . O|
qO X . O O . . X . X O . . . X . . . .|
p. X . . X . . . . . O X . . . . . . .|
o. . O X . O . . X X . X X O O X . . .|
nX . O . . O . . . O . . . . X . . . O|
m. . . . . X X . O O . O O O . . O X X|
l. O X . X . . . O O X . X . O . X . .|
k. X O . O X X . O . . . . . X . . . .|
jO . . O . X . . . . O O X O O X O . O|
i. O O . . X O . . . . O X . . . . X .|
h. X X X . . . O O X . O . . . . . X .|
g. O . . X . . X . . . . O . . X O . .|
fX O . . X . O O O X X X O X . . O . .|
eX O O O . O . . . . X . . X . . O . .|
dX O O . . O . . . . . . . . X . X X .|
c. X . X O X . . O . . X . . O . . X O|
bX . . . . O X . X . . . O . X O . O O|
a. X O O . . X X O . . . X . . . . . .|
 A B C D E F G H I J K L M N O P Q R S|
gracz X
--------------------------------------+
s. O . . . . . . O X . . . . . O X . .|
rX . . . . X . . . . . . X . . . . . O|
qO X . O O . . X . X O . . . X . . . .|
p. X . . X . . . . . O X . . . . . . .|
o. . O X . O . . X X . X X O O X . . .|
nX . O . . O . . . O . . X . X . . . O|
m. . . . . X X . O O . O O O . . O X X|
l. O X . X . . . O O X . X . O . X . .|
k. X O . O X X . O . . . . . X . . . .|
jO . . O . X . . . . O O X O O X O . O|
i. O O . . X O . . . . O X . . . . X .|
h. X X X . . . O O X . O . . . . . X X|
g. O . . X . . X . . . . O . . X O . .|
fX O . . X . O O O X X X O X . . O . .|
eX O O O . O . . . . X . . X . . O . .|
dX O O . . O . . . . . . . . X . X X .|
c. X . X O X . . O . . X . . O . . X O|
bX . . . . O X . X . . . O . X O . O O|
a. X O O . . X X O . . . X . . . . . .|
 A B C D E F G H I J K L M N O P Q R S|
gracz O
--------------------------------------+
s. O . . . . . . O X . . . . . O X . .|
rX . . . O X . . . . . . X . . . . . O|
qO X . O O . . X . X O . . . X . . . .|
p. X . . X . . . . . O X . O . . . . .|
o. . O X . O . . X X . X X O O X . . .|
nX . O . . O . . . O . . X . X . . . O|
m. . . . . X X . O O . O O O . . O X X|
l. O X . X . . . O O X . X . O . X . .|
k. X O . O X X . O . . . . . X . . . .|
jO . . O . X . . . . O O X O O X O . O|
i. O O . . X O . . . . O X . . . . X .|
h. X X X . . . O O X . O . . . . . X X|
g. O . . X . . X . . . . O . . X O . .|
fX O . . X . O O O X X X O X . . O . .|
eX O O O . O . . . . X . . X . . O . .|
dX O O . . O . . . . . . . . X . X X .|
c. X . X O X . . O . . X . . O . . X O|
bX . . . . O X . X . . . O . X O . O O|
a. X O O . . X X O . . . X . . . . . .|
 A B C D E F G H I J K L M N O P Q R S|
gracz X
--------------------------------------+
s. O . . . . . . O X . . . . . O X . .|
rX . . . O X . . . . . . X . . . . . O|
qO X . O O . . X . X O . . . X . . . .|
p. X . . X . . . . . O X . O . . . . .|
o. . O X . O . . X X . X X O O X . . .|
nX . O . . O . . . O . . X . X . . . O|
m. X . . . X X . O O . O O O . . O X X|
l. O X . X . . . O O X . X . O . X . .|
k. X O . O X X . O . . . . . X . . . .|
jO . . O . X . . . . O O X O O X O . O|
i. O O . . X O . . . . O X . . . . X .|
h. X X X . . . O O X . O . . X . . X X|
g. O . . X . . X . . . . O . . X O . .|
fX O . . X . O O O X X X O X . . O . .|
eX O O O . O . . . . X . . X . . O . .|
dX O O . . O . . . . . . . . X . X X .|
c. X . X O X . . O . . X . . O . . X O|
bX . . . . O X . X . . . O . X O . O O|
a. X O O . . X X O . . . X . . . . . .|
 A B C D E F G H I J K L M N O P Q R S|
gracz O
--------------------------------------+
s. O . . . . . . O X . . . . . O X . .|
rX . . . O X . . . . . . X . . . O . O|
qO X . O O . . X . X O . . . X . . . .|
p. X . . X . . . . . O X . O . . . . .|
o. . O X . O . . X X . X X O O X . . .|
nX . O . . O . . . O . . X . X . . . O|
m. X . . . X X . O O . O O O . . O X X|
l. O X . X . . . O O X . X . O . X . .|
k. X O . O X X . O . . . . . X . . . .|
jO . . O . X . . . . O O X O O X O . O|
i. O O . . X O . . . . O X . . . . X .|
h. X X X . . . O O X . O . . X . . X X|
g. O . . X O . X . . . . O . . X O . .|
fX O . . X . O O O X X X O X . . O . .|
eX O O O . O . . . . X . . X . . O . .|
dX O O . . O . . . . . . . . X . X X .|
c. X . X O X . . O . . X . . O . . X O|
bX . . . . O X . X . . . O . X O . O O|
a. X O O . . X X O . . . X . . . . . .|
 A B C D E F G H I J K L M N O P Q R S|
gracz X
--------------------------------------+
s. O . . . . . . O X . . . . . O X . X|
rX . . . O X . . . . . . X . . . O . O|
qO X . O O . . X . X O . . . X . . . .|
p. X . . X . . . . . O X . O . . . . .|
o. . O X . O . . X X . X X O O X . . .|
nX . O . . O . . . O . . X . X . . . O|
m. X . . . X X . O O . O O O . . O X X|
l. O X . X . . . O O X . X . O . X . .|
k. X O . O X X . O . . . . . X . . . .|
jO . . O . X . . . . O O X O O X O . O|
i. O O . . X O . . . . O X . . . . X .|
h. X X X . . . O O X . O . . X . . X X|
g. O . . X O . X . . . . O . . X O . .|
fX O . . X . O O O X X X O X . . O . .|
eX O O O . O . . . . X . . X . . O . .|
dX O O . . O . . . . . . . . X . X X .|
c. X . X O X . . O . . X . . O . . X O|
bX . . . . O X . X . . . O . X O . O O|
a. X O O . . X X O . . . X . . . X . .|
 A B C D E F G H I J K L M N O P Q R S|
gracz O
--------------------------------------+
s. O . . O . . . O X . . . . . O X . X|
rX . . . O X . . . . . . X . . . O . O|
qO X . O O . . X . X O . . . X . . . .|
p. X . . X . . . . . O X . O . . . . .|
o. . O X . O . . X X . X X O O X . . .|
nX . O . . O . . . O . . X . X . . . O|
m. X . . . X X . O O . O O O . . O X X|
l. O X . X . . . O O X . X . O . X . .|
k. X O . O X X . O . . . . . X . . . .|
jO . . O . X . . . . O O X O O X O . O|
i. O O . . X O . . . . O X . . . . X .|
h. X X X . . . O O X . O . . X . . X X|
g. O . . X O . X . . . . O . . X O . .|
fX O . . X . O O O X X X O X . . O . .|
eX O O O . O . . . . X . . X . . O . .|
dX O O . . O . . . . . . . . X . X X .|
c. X . X O X . . O . . X . . O . . X O|
bX . . . . O X O X . . . O . X O . O O|
a. X O O . . X X O . . . X . . . X . .|
 A B C D E F G H I J K L M N O P Q R S|
gracz X
--------------------------------------+
s. O . . O . . . O X . . . . . O X . X|
rX . . . O X . . . . . . X . . . O . O|
qO X . O O X . X . X O . . . X . . . .|
p. X . . X . . . . . O X . O . . . . .|
o. . O X . O . . X X . X X O O X . . .|
nX . O . . O . . . O . . X . X . . . O|
m. X . . . X X . O O . O O O . . O X X|
l. O X . X . . . O O X . X . O . X . .|
k. X O . O X X . O . . . . . X . . . .|
jO . . O . X . . . . O O X O O X O . O|
i. O O . . X O . . . . O X . . . . X .|
h. X X X . . . O O X . O . . X . . X X|
g. O . . X O . X . . . . O . . X O . .|
fX O . . X . O O O X X X O X . . O . .|
eX O O O . O . . . . X . . X . . O . .|
dX O O . . O X . . . . . . . X . X X .|
c. X . X O X . . O . . X . . O . . X O|
bX . . . . O X O X . . . O . X O . O O|
a. X O O . . X X O . . . X . . . X . .|
 A B C D E F G H I J K L M N O P Q R S|
gracz O
--------------------------------------+
s. O . . O . . . O X . . . . . O X . X|
rX . . . O X . . . . . . X . . . O . O|
qO X . O O X . X . X O . . . X . . . .|
p. X . . X . . . . . O X . O . . . . .|
o. . O X . O . . X X . X X O O X . . O|
nX . O . . O . . . O . . X . X . . . O|
m. X . . . X X . O O . O O O . . O X X|
l. O X . X . . . O O X . X . O . X . .|
kO X O . O X X . O . . . . . X . . . .|
jO . . O . X . . . . O O X O O X O . O|
i. O O . . X O . . . . O X . . . . X .|
h. X X X . . . O O X . O . . X . . X X|
g. O . . X O . X . . . . O . . X O . .|
fX O . . X . O O O X X X O X . . O . .|
eX O O O . O . . . . X . . X . . O . .|
dX O O . . O X . . . . . . . X . X X .|
c. X . X O X . . O . . X . . O . . X O|
bX . . . . O X O X . . . O . X O . O O|
a. X O O . . X X O . . . X . . . X . .|
 A B C D E F G H I J K L M N O P Q R S|
gracz X
--------------------------------------+
s. O . . O . . . O X . . . . . O X . X|
rX . . . O X . . . . . . X X . . O . O|
qO X . O O X . X . X O . . . X . . . .|
p. X . . X X . . . . O X . O . . . . .|
o. . O X . O . . X X . X X O O X . . O|
nX . O . . O . . . O . . X . X . . . O|
m. X . . . X X . O O . O O O . . O X X|
l. O X . X . . . O O X . X . O . X . .|
kO X O . O X X . O . . . . . X . . . .|
jO . . O . X . . . . O O X O O X O . O|
i. O O . . X O . . . . O X . . . . X .|
h. X X X . . . O O X . O . . X . . X X|
g. O . . X O . X . . . . O . . X O . .|
fX O . . X . O O O X X X O X . . O . .|
eX O O O . O . . . . X . . X . . O . .|
dX O O . . O X . . . . . . . X . X X .|
c. X . X O X . . O . . X . . O . . X O|
bX . . . . O X O X . . . O . X O . O O|
a. X O O . . X X O . . . X . . . X . .|
 A B C D E F G H I J K L M N O P Q R S|
gracz O
--------------------------------------+
s. O . . O . . . O X . . . . . O X . X|
rX . . . O X . . . . . . X X . . O . O|
qO X . O O X . X . X O . . . X . . . .|
p. X . . X X . . . . O X . O . . . . .|
o. . O X . O . . X X . X X O O X . . O|
nX . O . . O . . . O . . X . X . . . O|
m. X . . . X X . O O . O O O . . O X X|
l. O X . X . . O O O X . X . O . X . .|
kO X O . O X X . O . . . . . X . . . .|
jO . . O . X . . . . O O X O O X O . O|
i. O O . . X O . . . . O X . . . . X .|
h. X X X . . . O O X . O O . X . . X X|
g. O . . X O . X . . . . O . . X O . .|
fX O . . X . O O O X X X O X . . O . .|
eX O O O . O . . . . X . . X . . O . .|
dX O O . . O X . . . . . . . X . X X .|
c. X . X O X . . O . . X . . O . . X O|
bX . . . . O X O X . . . O . X O . O O|
a. X O O . . X X O . . . X . . . X . .|
 A B C D E F G H I J K L M N O P Q R S|
gracz X
--------------------------------------+
s. O . . O . . . O X . . . . . O X . X|
rX . . . O X . . . . . . X X . . O . O|
qO X . O O X . X . X O . . . X . . . .|
p. X . . X X . . . . O X . O . . . . .|
o. . O X . O . . X X . X X O O X . . O|
nX . O . . O . . . O . . X . X . . . O|
m. X . . . X X . O O . O O O . . O X X|
l. O X . X . . O O O X . X . O . X . .|
kO X O . O X X . O . . . . . X . . . .|
jO . . O . X . . . . O O X O O X O . O|
i. O O . . X O . . . . O X . . X . X .|
h. X X X . . . O O X . O O . X . . X X|
g. O . . X O X X . . . . O . . X O . .|
fX O . . X . O O O X X X O X . . O . .|
eX O O O . O . . . . X . . X . . O . .|
dX O O . . O X . . . . . . . X . X X .|
c. X . X O X . . O . . X . . O . . X O|
bX . . . . O X O X . . . O . X O . O O|
a. X O O . . X X O . . . X . . . X . .|
 A B C D E F G H I J K L M N O P Q R S|
gracz O
--------------------------------------+
s. O . . O . . . O X . . . . . O X . X|
rX . . . O X . . . . . . X X . . O . O|
qO X . O O X . X . X O . . . X . . . .|
p. X O . X X . . . . O X . O . . . . .|
o. . O X . O . . X X . X X O O X . . O|
nX . O . . O O . . O . . X . X . . . O|
m. X . . . X X . O O . O O O . . O X X|
l. O X . X . . O O O X . X . O . X . .|
kO X O . O X X . O . . . . . X . . . .|
jO . . O . X . . . . O O X O O X O . O|
i. O O . . X O . . . . O X . . X . X .|
h. X X X . . . O O X . O O . X . . X X|
g. O . . X O X X . . . . O . . X O . .|
fX O . . X . O O O X X X O X . . O . .|
eX O O O . O . . . . X . . X . . O . .|
dX O O . . O X . . . . . . . X . X X .|
c. X . X O X . . O . . X . . O . . X O|
bX . . . . O X O X . . . O . X O . O O|
a. X O O . . X X O . . . X . . . X . .|
 A B C D E F G H I J K L M N O P Q R S|
gracz X
--------------------------------------+
s. O . . O . . . O X . . . . . O X . X|
rX . . . O X . . . . . . X X . . O . O|
qO X . O O X . X . X O . . . X . . . .|
p. X O . X X . . . . O X . O . . . . .|
o. . O X . O . . X X . X X O O X . . O|
nX . O . . O O . . O . . X . X . . . O|
m. X . . . X X . O O . O O O . . O X X|
l. O X . X . . O O O X . X . O . X . .|
kO X O . O X X . O . . . . . X . . . .|
jO . . O . X . X . . O O X O O X O . O|
i. O O . . X O . . . . O X . . X . X .|
h. X X X . . . O O X . O O . X . . X X|
g. O . . X O X X . . . . O . . X O . .|
fX O . . X . O O O X X X O X . . O . .|
eX O O O . O . . . . X . . X . . O . .|
dX O O . . O X . . . . . . X X . X X .|
c. X . X O X . . O . . X . . O . . X O|
bX . . . . O X O X . . . O . X O . O O|
a. X O O . . X X O . . . X . . . X . .|
 A B C D E F G H I J K L M N O P Q R S|
gracz O
--------------------------------------+
s. O . . O . . . O X . . . . . O X . X|
rX . . . O X . . . . . . X X . . O . O|
qO X . O O X . X . X O . . . X . . . .|
p. X O . X X . . . . O X . O . . . . .|
o. . O X . O . . X X . X X O O X . . O|
nX . O . . O O . . O . . X . X . . . O|
m. X . . . X X . O O . O O O . . O X X|
l. O X . X . . O O O X . X . O . X . .|
kO X O . O X X . O . . . . . X . . . .|
jO . . O . X . X . . O O X O O X O . O|
i. O O . . X O . . . . O X . . X . X .|
h. X X X . . . O O X . O O . X . . X X|
g. O . . X O X X . . . . O . . X O . .|
fX O . . X . O O O X X X O X . . O . .|
eX O O O . O . O . . X . . X . . O . .|
dX O O . . O X . . . . . . X X . X X .|
c. X . X O X . . O . . X . . O . . X O|
bX . . . . O X O X . . . O . X O . O O|
a. X O O . . X X O . . . X . . . X . O|
 A B C D E F G H I J K L M N O P Q R S|
gracz X
--------------------------------------+
s. O . . O . . . O X . . . . . O X . X|
rX . . . O X . . . . . . X X . . O . O|
qO X . O O X . X . X O . . . X . . . .|
p. X O . X X . . . . O X . O . . . . .|
o. . O X . O . . X X . X X O O X . . O|
nX . O . . O O . . O . . X . X . . . O|
m. X . . . X X . O O X O O O . . O X X|
l. O X . X . . O O O X . X . O . X . .|
kO X O . O X X . O . . . . . X . . . .|
jO . . O . X . X . . O O X O O X O . O|
i. O O . . X O . . . . O X . . X . X .|
h. X X X . . . O O X . O O . X . . X X|
g. O . . X O X X . . . . O . . X O . .|
fX O . . X . O O O X X X O X . . O . .|
eX O O O . O . O . . X . . X . . O . .|
dX O O . . O X . . . . . . X X . X X .|
c. X . X O X . . O . . X . . O . . X O|
bX . . . . O X O X . . . O . X O . O O|
aX X O O . . X X O . . . X . . . X . O|
 A B C D E F G H I J K L M N O P Q R S|
gracz O
--------------------------------------+
s. O . . O . . . O X . . . . . O X . X|
rX . . . O X . . . . . . X X . . O . O|
qO X . O O X . X . X O . . . X . . . .|
p. X O . X X . . . . O X . O . . . . .|
o. . O X . O . . X X . X X O O X . . O|
nX . O . . O O . . O . . X . X . . . O|
m. X . . . X X . O O X O O O . . O X X|
l. O X . X . . O O O X . X . O O X . .|
kO X O . O X X . O . . . . . X . . . .|
jO . . O . X . X . . O O X O O X O . O|
i. O O . . X O . . . . O X . . X . X .|
h. X X X . . . O O X . O O . X . . X X|
g. O . . X O X X . . . . O . . X O . .|
fX O . . X . O O O X X X O X . O O . .|
eX O O O . O . O . . X . . X . . O . .|
dX O O . . O X . . . . . . X X . X X .|
c. X . X O X . . O . . X . . O . . X O|
bX . . . . O X O X . . . O . X O . O O|
aX X O O . . X X O . . . X . . . X . O|
 A B C D E F G H I J K L M N O P Q R S|
gracz X
--------------------------------------+
s. O . . O . . . O X . . . . . O X . X|
rX . . . O X . . . . . . X X . . O . O|
qO X X O O X . X . X O . . . X . . . .|
p. X O . X X . . . . O X . O . . . . .|
o. . O X . O . . X X . X X O O X . . O|
nX . O . . O O . . O . . X . X . . . O|
m. X . . . X X . O O X O O O . . O X X|
l. O X . X . . O O O X . X . O O X . .|
kO X O . O X X . O . . . . . X . . X .|
jO . . O . X . X . . O O X O O X O . O|
i. O O . . X O . . . . O X . . X . X .|
h. X X X . . . O O X . O O . X . . X X|
g. O . . X O X X . . . . O . . X O . .|
fX O . . X . O O O X X X O X . O O . .|
eX O O O . O . O . . X . . X . . O . .|
dX O O . . O X . . . . . . X X . X X .|
c. X . X O X . . O . . X . . O . . X O|
bX . . . . O X O X . . . O . X O . O O|
aX X O O . . X X O . . . X . . . X . O|
 A B C D E F G H I J K L M N O P Q R S|
gracz O
--------------------------------------+
s. O . . O . . . O X . . . . . O X . X|
rX . . . O X . . . . . . X X . . O . O|
qO X X O O X . X . X O . . . X . . . .|
p. X O . X X . . . . O X . O . . . . .|
o. . O X . O . . X X . X X O O X . . O|
nX . O . . O O . . O . . X . X . . . O|
m. X . . . X X . O O X O O O . . O X X|
l. O X . X . . O O O X . X . O O X . .|
kO X O . O X X . O . . . . . X . O X .|
jO . . O . X . X . . O O X O O X O . O|
i. O O . . X O . . . . O X . . X . X .|
h. X X X O . . O O X . O O . X . . X X|
g. O . . X O X X . . . . O . . X O . .|
fX O . . X . O O O X X X O X . O O . .|
eX O O O . O . O . . X . . X . . O . .|
dX O O . . O X . . . . . . X X . X X .|
c. X . X O X . . O . . X . . O . . X O|
bX . . . . O X O X . . . O . X O . O O|
aX X O O . . X X O . . . X . . . X . O|
 A B C D E F G H I J K L M N O P Q R S|
gracz X
--------------------------------------+
s. O . . O . . . O X . . . . . O X . X|
rX . . . O X . . . . . . X X . . O . O|
qO X X O O X . X . X O . . . X . . . .|
p. X O . X X . . . . O X . O . . . . .|
o. . O X . O . . X X . X X O O X . . O|
nX . O . . O O . . O . . X . X . . . O|
m. X . . . X X . O O X O O O . . O X X|
l. O X . X . . O O O X . X . O O X . .|
kO X O . O X X . O . . . . . X . O X .|
jO . . O . X . X . . O O X O O X O . O|
i. O O . . X O . . . . O X . . X . X .|
h. X X X O . . O O X . O O . X . . X X|
g. O . . X O X X . . . . O . . X O . .|
fX O . . X . O O O X X X O X . O O . X|
eX O O O . O . O . . X . . X . . O . .|
dX O O . . O X . . . . . X X X . X X .|
c. X . X O X . . O . . X . . O . . X O|
bX . . . . O X O X . . . O . X O . O O|
aX X O O . . X X O . . . X . . . X . O|
 A B C D E F G H I J K L M N O P Q R S|
gracz O
--------------------------------------+
s. O . . O . . . O X . . . . . O X . X|
rX . . . O X . . . . . . X X . . O . O|
qO X X O O X . X . X O . . . X . . . .|
p. X O . X X . . . . O X . O . . . . .|
o. . O X . O . . X X . X X O O X . . O|
nX . O . . O O . . O . . X . X . . . O|
m. X . . . X X . O O X O O O . . O X X|
l. O X . X . . O O O X . X . O O X . .|
kO X O . O X X . O . . . O . X . O X .|
jO . . O . X . X . . O O X O O X O . O|
i. O O O . X O . . . . O X . . X . X .|
h. X X X O . . O O X . O O . X . . X X|
g. O . . X O X X . . . . O . . X O . .|
fX O . . X . O O O X X X O X . O O . X|
eX O O O . O . O . . X . . X . . O . .|
dX O O . . O X . . . . . X X X . X X .|
c. X . X O X . . O . . X . . O . . X O|
bX . . . . O X O X . . . O . X O . O O|
aX X O O . . X X O . . . X . . . X . O|
 A B C D E F G H I J K L M N O P Q R S|
gracz X
--------------------------------------+
s. O . . O . . . O X . . . . . O X . X|
rX . . . O X . . . . . . X X . . O . O|
qO X X O O X . X . X O . . . X . . . .|
p. X O . X X . . . . O X . O . . . . .|
o. . O X . O . . X X . X X O O X . . O|
nX . O . . O O . . O . . X X X . . . O|
m. X . . . X X . O O X O O O . . O X X|
l. O X . X . . O O O X . X . O O X . .|
kO X O . O X X . O . . . O . X . O X .|
jO . . O . X . X . . O O X O O X O . O|
i. O O O . X O . . . . O X . . X . X .|
h. X X X O . . O O X . O O . X . . X X|
g. O . . X O X X . . . . O . . X O . .|
fX O . . X . O O O X X X O X . O O . X|
eX O O O . O . O . . X . . X . . O . .|
dX O O . . O X . . . . . X X X . X X .|
c. X . X O X . X O . . X . . O . . X O|
bX . . . . O X O X . . . O . X O . O O|
aX X O O . . X X O . . . X . . . X . O|
 A B C D E F G H I J K L M N O P Q R S|
gracz O
--------------------------------------+
s. O . . O . . . O X . . . . . O X . X|
rX . . . O X . . . . . . X X . . O . O|
qO X X O O X . X . X O . . . X . . . .|
p. X O . X X . . . . O X . O . . . . O|
o. . O X . O . . X X . X X O O X . . O|
nX . O . . O O . . O . . X X X . . . O|
m. X . . . X X . O O X O O O . . O X X|
l. O X . X . . O O O X O X . O O X . .|
kO X O . O X X . O . . . O . X . O X .|
jO . . O . X . X . . O O X O O X O . O|
i. O O O . X O . . . . O X . . X . X .|
h. X X X O . . O O X . O O . X . . X X|
g. O . . X O X X . . . . O . . X O . .|
fX O . . X . O O O X X X O X . O O . X|
eX O O O . O . O . . X . . X . . O . .|
dX O O . . O X . . . . . X X X . X X .|
c. X . X O X . X O . . X . . O . . X O|
bX . . . . O X O X . . . O . X O . O O|
aX X O O . . X X O . . . X . . . X . O|
 A B C D E F G H I J K L M N O P Q R S|
gracz X
--------------------------------------+
s. O . . O . . . O X . . . . . O X . X|
rX . . . O X . . . . . . X X . . O . O|
qO X X O O X . X . X O . . . X . . . .|
p. X O . X X . . . . O X . O . . . . O|
o. . O X . O . . X X . X X O O X . X O|
nX . O . . O O . . O . . X X X . . . O|
m. X . . . X X . O O X O O O . . O X X|
l. O X . X . . O O O X O X . O O X . .|
kO X O . O X X . O . X . O . X . O X .|
jO . . O . X . X . . O O X O O X O . O|
i. O O O . X O . . . . O X . . X . X .|
h. X X X O . . O O X . O O . X . . X X|
g. O . . X O X X . . . . O . . X O . .|
fX O . . X . O O O X X X O X . O O . X|
eX O O O . O . O . . X . . X . . O . .|
dX O O . . O X . . . . . X X X . X X .|
c. X . X O X . X O . . X . . O . . X O|
bX . . . . O X O X . . . O . X O . O O|
aX X O O . . X X O . . . X . . . X . O|
 A B C D E F G H I J K L M N O P Q R S|
gracz O
--------------------------------------+
s. O . . O . . . O X . . . . . O X . X|
rX . . . O X . . . . . . X X . . O . O|
qO X X O O X . X . X O . . . X . . . .|
p. X O . X X . . . . O X . O . . . . O|
o. . O X . O . . X X . X X O O X . X O|
nX . O . . O O . . O . . X X X . . . O|
m. X . . . X X . O O X O O O . . O X X|
l. O X . X . . O O O X O X . O O X . .|
kO X O . O X X . O . X . O . X . O X .|
jO . . O . X . X . . O O X O O X O . O|
i. O O O . X O . . . . O X . . X . X .|
h. X X X O . . O O X . O O . X . . X X|
g. O . . X O X X . . . . O . . X O . .|
fX O . . X . O O O X X X O X . O O . X|
eX O O O . O . O . . X . . X . . O . .|
dX O O . . O X . O . . . X X X . X X .|
c. X . X O X . X O . O X . . O . . X O|
bX . . . . O X O X . . . O . X O . O O|
aX X O O . . X X O . . . X . . . X . O|
 A B C D E F G H I J K L M N O P Q R S|
wygral O
