--------------------------------------+
s. . . . . . . . . . . . . . . . . . .|
r. . . . . . . . . . . . . . . . . . .|
q. . . . . . . . . . . . . . . . . . .|
p. . . . . . . . . . . . . . . . . . .|
o. . . . . . . . . . . . . . . . . . .|
n. . . . . . . . . . . . . . . . . . .|
m. . . . . . . . . . . . . . . . . . .|
l. . . . . . . . . . . . . . . . . . .|
k. . . . . . . . . . . . . . . . . . .|
j. . . . . . . . . . . . . . . . . . .|
i. . . . . . . . . . . . . . . . . . .|
h. . . . . . . . . . . . . . . . . . .|
g. . . . . . . . . . . . . . . . . . .|
f. . . . . . . . . . . . . . . . . . .|
e. . . . . . . . . . . . . . . . . . .|
d. . . . . . . . . . . . . . . . . . .|
c. . . . . . . . . . . . . . . . . . .|
b. . . . . . . . . . . . . . . . . . .|
a. . . . . . . . . . . . . . . . . . .|
 A B C D E F G H I J K L M N O P Q R S|
gracz X
--------------------------------------+
s. . . . . . . . . . . . . . . . . . .|
r. . . . . . . . . . . . . . . . . . .|
q. . . . . . . . . . . . . . . . . . .|
p. . . . . . . . . . . . . . . . . . .|
o. . . . . . . . . . . . . . . . . . .|
n. . . . . . . . . . . . . . . . . . .|
m. . . . . . . . . . . . . . . . . . .|
l. . . . . . . . . . . . . . X . . . .|
k. . . . . . . . . . . . . . . . . . .|
j. . . . . . . . . . . . . . . . . . .|
i. . . . . . . . . . . . . . . . . . .|
h. . . . . . . . . . . . . . . . . . .|
g. . . . . . . . . . . . . . . . . . .|
f. . . . . . . . . . . . . . . . . . .|
e. . . . . . . . . . . . . . . . . . .|
d. . . . . . . . . . . . . . . . . . .|
c. . . . . . . . . . . . . . . . . . .|
b. . . . . . . . . . . . . . . . . . .|
a. . . . . . . . . . . . . . . . . . .|
 A B C D E F G H I J K L M N O P Q R S|
gracz O
--------------------------------------+
s. . . . . . . . . . . . . . . . . . .|
r. . . . . . . . . . . . . . . . . . .|
q. . . . . . . . . . . . . O . . . . .|
p. . . . . . . . . . . . . . . . . . .|
o. . . . . . . . . . . . . . . . . . .|
n. . . . . . . . . . . . . . . . . . .|
m. . . . . . . . . . . . . . . . . . .|
l. . . . . . . . . . . . . . X . . . .|
k. . . . . . . . . . . . . . O . . . .|
j. . . . . . . . . . . . . . . . . . .|
i. . . . . . . . . . . . . . . . . . .|
h. . . . . . . . . . . . . . . . . . .|
g. . . . . . . . . . . . . . . . . . .|
f. . . . . . . . . . . . . . . . . . .|
e. . . . . . . . . . . . . . . . . . .|
d. . . . . . . . . . . . . . . . . . .|
c. . . . . . . . . . . . . . . . . . .|
b. . . . . . . . . . . . . . . . . . .|
a. . . . . . . . . . . . . . . . . . .|
 A B C D E F G H I J K L M N O P Q R S|
gracz X
--------------------------------------+
s. . . . . X . . . . . . . . . . . . .|
r. . . . . . . . . . . . . . . . . . .|
q. . . . . . . . . . . . . O . . . . .|
p. . . . . . . . . . . . . . . . . . .|
o. . . . . . . . . . . . . . . . . . .|
n. . . . . . . . . . . . . . . . . . .|
m. . . . . . . . . . . . . . . . . . .|
l. . . . . . . . . . . . . . X . . . .|
k. . . . . . . . . . . . . . O . . . .|
j. . . . . . . . . . . . . . . . . . .|
i. . . . . . . . . . . . . . . . . . .|
h. . . . . . . . . . . . . . . . . . .|
g. . . . . . . . . . . . . . . . . . .|
f. . . . . . . . . . . . . . . . . . .|
e. . . . . . . . . . . . . . . . . . .|
d. . . . . . . . . . . . . . . . . . .|
c. . . . . . . . . . X . . . . . . . .|
b. . . . . . . . . . . . . . . . . . .|
a. . . . . . . . . . . . . . . . . . .|
 A B C D E F G H I J K L M N O P Q R S|
gracz O
--------------------------------------+
s. . . . . X . . . . . . . . . . . . .|
r. . . . . . . . . . . . . . . . . . .|
q. . . . . . . . . . . . . O . . . . .|
p. . . . . . . . . . . . . . . . . . .|
o. . . . . . . . . . . . . . . . . . .|
n. . . . . . . . . . . . . . . . . . .|
m. . . . . . . . . . . . . . . . . . .|
l. . . . . . . . . . . . . . X . . . .|
k. . . . . . . . . . . O . . O . . O .|
j. . . . . . . . . . . . . . . . . . .|
i. . . . . . . . . . . . . . . . . . .|
h. . . . . . . . . . . . . . . . . . .|
g. . . . . . . . . . . . . . . . . . .|
f. . . . . . . . . . . . . . . . . . .|
e. . . . . . . . . . . . . . . . . . .|
d. . . . . . . . . . . . . . . . . . .|
c. . . . . . . . . . X . . . . . . . .|
b. . . . . . . . . . . . . . . . . . .|
a. . . . . . . . . . . . . . . . . . .|
 A B C D E F G H I J K L M N O P Q R S|
gracz X
--------------------------------------+
s. . . . . X . . . . . . . . . . . . .|
r. . . . . . . . . . . . . . . . . . .|
q. . . . . . . . . . . . . O . . . . .|
p. . . . . . . . . . . . . . . . . . .|
o. . . . . . . . . . X . . . . . . . .|
n. . . . . . . . . . . . . . . . . . .|
m. . . . . . . . . . . . . . . . . . .|
l. . . . . X . . . . . . . . X . . . .|
k. . . . . . . . . . . O . . O . . O .|
j. . . . . . . . . . . . . . . . . . .|
i. . . . . . . . . . . . . . . . . . .|
h. . . . . . . . . . . . . . . . . . .|
g. . . . . . . . . . . . . . . . . . .|
f. . . . . . . . . . . . . . . . . . .|
e. . . . . . . . . . . . . . . . . . .|
d. . . . . . . . . . . . . . . . . . .|
c. . . . . . . . . . X . . . . . . . .|
b. . . . . . . . . . . . . . . . . . .|
a. . . . . . . . . . . . . . . . . . .|
 A B C D E F G H I J K L M N O P Q R S|
gracz O
--------------------------------------+
s. . . . . X . . . . . . . . . . . . .|
r. . . . . . . . . . . . . . . . . . .|
q. . . . . . . . . . . . . O . . . . .|
p. . . . . . . . . . . . . . . . . . .|
o. . . . . . . . . . X . . . . . . . .|
n. . . . . . . . . . . . . . . . . . .|
m. . . . . . . . . . . . . . . . . . .|
l. . . . . X . . . . . . . . X . . . .|
k. . . . . . . . . . . O . . O . . O O|
j. . . . . . . . . . . . . . . . . . .|
i. . . . . . . . . . . . . . . . . . .|
h. . . . . . . . . . . . . . . . . . .|
g. . . . . . . . . . . . . . . . . . .|
f. . . . . . . . . . . . . . . . . . .|
e. . . . . . . . . . . . . . . . . . .|
d. . . . . . . . . . . . . . . . . . .|
c. . . . . . . . . . X . . . . . . . .|
b. . . . . . . . . . . . . O . . . . .|
a. . . . . . . . . . . . . . . . . . .|
 A B C D E F G H I J K L M N O P Q R S|
gracz X
--------------------------------------+
s. . . . . X . . . . . . . . . . . . .|
r. . . . . . . . . . . . . . . . . . .|
q. . . . . . . . . . X . . O . . . . .|
p. . . . . . . . . . . . . . . . . . .|
o. . . . . . . . . . X . . . . . . . .|
n. . . . . . X . . . . . . . . . . . .|
m. . . . . . . . . . . . . . . . . . .|
l. . . . . X . . . . . . . . X . . . .|
k. . . . . . . . . . . O . . O . . O O|
j. . . . . . . . . . . . . . . . . . .|
i. . . . . . . . . . . . . . . . . . .|
h. . . . . . . . . . . . . . . . . . .|
g. . . . . . . . . . . . . . . . . . .|
f. . . . . . . . . . . . . . . . . . .|
e. . . . . . . . . . . . . . . . . . .|
d. . . . . . . . . . . . . . . . . . .|
c. . . . . . . . . . X . . . . . . . .|
b. . . . . . . . . . . . . O . . . . .|
a. . . . . . . . . . . . . . . . . . .|
 A B C D E F G H I J K L M N O P Q R S|
gracz O
--------------------------------------+
s. . . . . X . . . . . . . . . . . . .|
r. . . . . . . . . . . . . . . . . . .|
q. . . . . . . . . . X . . O . . . . .|
p. . . . . . . . . . . . . . . . . . .|
o. . . . . . . . . . X . . . . . . . .|
n. . . . . . X . . . . . . . . . . . .|
m. . . . . . . . . . . . . . . . . . .|
l. . . . . X . . . . . . . . X . . . .|
k. . . . . . . . . . . O . . O . . O O|
j. . . . . . . . . . . . . . . . . . .|
i. . . . . . . . . . . . . . . . . . .|
h. . . . . . . . . . . . . . . . . . .|
g. . . . . . . . . . . . . . . . . . .|
f. . . . . . . . . . . . . . . . . . .|
e. . . . . . . . . . . . . . . . . . .|
d. . . . . . . . . . . O . . . O . . .|
c. . . . . . . . . . X . . . . . . . .|
b. . . . . . . . . . . . . O . . . . .|
a. . . . . . . . . . . . . . . . . . .|
 A B C D E F G H I J K L M N O P Q R S|
gracz X
--------------------------------------+
s. . . . . X . . . . . . . . . . . . .|
r. . . . . . . . . . . . . . . . . . .|
q. . . . . . . . . . X . . O . . . . .|
p. . . . . . . . . . . . . X . . . . .|
o. . . . . . . . . . X . . . . . . . .|
n. . . . . . X . . . . . . . . . . . .|
m. . . . . . . . . . . . . . . . . . .|
l. . . . . X . . . . . . . . X . . . .|
k. . . . . . . . . . . O . . O . . O O|
j. . . . . . . . . . . . . . . . . . .|
i. . . . . . . . . . . . . . . . . . .|
h. . . . . . . . . . . . . . . . . . .|
g. . . . . . . . . . . . . . . . . . .|
f. . . . . . . . . . . . . . . . . . .|
e. . . . . . . . . . . . . . . . . . .|
d. . . . . . . . . . . O . . . O . . .|
c. . . . . . . . . . X . . . . . . . .|
b. . . . . . . . . . . . . O . . . . .|
a. . . . . . . . . . . . . . . . . . X|
 A B C D E F G H I J K L M N O P Q R S|
gracz O
--------------------------------------+
s. . . . . X . . . . . . . . . . . . .|
r. O . . . . . . . . . . . . . . . . .|
q. . . . . . . . . . X . . O . . . . .|
p. . . . . . . . . . . . . X . . . . .|
o. . . . . . . . . . X . . . . . . . .|
n. . . . . . X . . . . . . . . . . . .|
m. . . . . . . . . . . . . . . . . . .|
l. . . . . X . . . . . . . . X . . . .|
k. . . . . . . . . . . O . . O . . O O|
j. . . . . . . . . . . . . . . . . . .|
i. . . . . . . . . . . . . . . . . . .|
h. . . . . . . . . . . . . . . . . . .|
g. . . . . . . . . . . . . . . . . . .|
fO . . . . . . . . . . . . . . . . . .|
e. . . . . . . . . . . . . . . . . . .|
d. . . . . . . . . . . O . . . O . . .|
c. . . . . . . . . . X . . . . . . . .|
b. . . . . . . . . . . . . O . . . . .|
a. . . . . . . . . . . . . . . . . . X|
 A B C D E F G H I J K L M N O P Q R S|
gracz X
--------------------------------------+
s. . . . . X . . . . . . . . . . . . .|
r. O . . . . . . . . . . . . . . . . .|
q. . . . . . . . . . X . . O . . . . .|
p. . . . . . . . . . . . . X . . . . .|
o. . . . . . . . . . X . . . . . . . .|
n. . . . . . X . . . . . . . . . . . .|
m. . . . . . . . . . . . . . . . . . .|
l. . . . . X . . . . . . . . X . . . .|
k. . . . . . . . . . . O . . O . . O O|
j. . . . . . . . . . . . . . . . . . .|
i. . . . . . . . . . . . . . . . . . .|
h. . . . . . . . . . . . . . . . . X .|
g. . . . . . . . . . . . . . . . . . .|
fO . . . . . . . . . . . . . . . . . .|
e. . . . . . . . . . . . . . . . . . .|
d. . . . . . . . . . . O . . . O . . .|
c. . X . . . . . . . X . . . . . . . .|
b. . . . . . . . . . . . . O . . . . .|
a. . . . . . . . . . . . . . . . . . X|
 A B C D E F G H I J K L M N O P Q R S|
gracz O
--------------------------------------+
s. . . . . X . . . . . . . . . . . . .|
r. O . . . . . . . . . . . . . . . . .|
q. . . . . . . . . . X . . O . . . . .|
p. . . . . . . . . . . . . X . . . . .|
o. . . . . . . . . . X . . . . . . . .|
n. . . . . . X . . . . . . . . . . . .|
m. . . . . . . . . . . . . . . . . . .|
l. . . . . X . . . . . . . . X . . . .|
k. . . . . . . . . . . O . . O . . O O|
j. . . . . . . . . . . . . . . . . . .|
i. . . . . . . . . . O . . . . . . . .|
h. . . . . . . . . . . . . . . . . X .|
g. . . . . . . . . . . . . . . . . . .|
fO . . . . . . . . . . . . . . . . . .|
e. . . . . . . . . . . . . . . . . . .|
dO . . . . . . . . . . O . . . O . . .|
c. . X . . . . . . . X . . . . . . . .|
b. . . . . . . . . . . . . O . . . . .|
a. . . . . . . . . . . . . . . . . . X|
 A B C D E F G H I J K L M N O P Q R S|
gracz X
--------------------------------------+
s. . . . . X . . . . . . . . . . . . .|
r. O . . . . . . . . . . . . . . . . .|
q. . . . . . . . . . X . . O . . . . .|
p. . . . . . . . . . . . . X . . . . .|
o. . . . . . . . . . X . . . . . . . .|
n. . . . . . X . . X . . . . . . . . .|
m. . . . . . . . . . . . . . . . . . .|
l. . . . . X . . . . . . . . X . . . .|
k. . . . . . . . . . . O . . O . . O O|
j. . . . . . . . . . . . . . . . . . .|
i. . . . . . . . . . O . . . . . . . .|
h. . . . . . . . . . . . . . . . . X .|
g. . . . . . . . . . . . . . . . . . .|
fO . . . . . . . . . . . . . . . . . .|
e. . . . . . . . . . . . . . . . . . .|
dO . X . . . . . . . . O . . . O . . .|
c. . X . . . . . . . X . . . . . . . .|
b. . . . . . . . . . . . . O . . . . .|
a. . . . . . . . . . . . . . . . . . X|
 A B C D E F G H I J K L M N O P Q R S|
gracz O
--------------------------------------+
s. . . . . X . . . . . . . . . . . . .|
r. O . . . . . . . . . . . . . . . . .|
q. . . . . . . . . O X . . O . . . . .|
p. . . . . . . . . . . . . X . . . . .|
o. . . . . . . . . . X . . . . . . . .|
n. . . . . . X . . X . . . . . . . . .|
m. . . . . . . . . . . . . . . . . . .|
l. . . . . X . . . . . . . . X . . . .|
k. . . . . . . . . . . O . . O . . O O|
j. . . . . . . . . . . . . . . . . . .|
i. . . . O . . . . . O . . . . . . . .|
h. . . . . . . . . . . . . . . . . X .|
g. . . . . . . . . . . . . . . . . . .|
fO . . . . . . . . . . . . . . . . . .|
e. . . . . . . . . . . . . . . . . . .|
dO . X . . . . . . . . O . . . O . . .|
c. . X . . . . . . . X . . . . . . . .|
b. . . . . . . . . . . . . O . . . . .|
a. . . . . . . . . . . . . . . . . . X|
 A B C D E F G H I J K L M N O P Q R S|
gracz X
--------------------------------------+
s. . . . . X . . . . . . . . . . . . .|
r. O . . . . . . . . . . . . . . . . .|
q. . . . . . . . . O X . . O . . . . .|
p. . . . . . . . . . . . . X . . . . .|
o. . . . . . . . . . X . . . . . . . .|
n. . . . . . X . . X . . . . . . . . .|
m. . . . . . . . . . . . . . . . . . .|
l. . . . . X . . . . . . . . X . . . .|
k. . . . . . . . . . . O . . O . . O O|
j. . . . . . . . . . . . . . . . . . .|
i. . . . O . . . . . O . . . . . . . .|
h. . . . . . . . . . . . . . . . . X .|
g. . . . . . . . . . . . . . . . . . .|
fO . . . . . . . . . . . . . . X . . .|
e. . . . . . . . . . . . . . . . . . .|
dO . X . . . . . . . . O . . . O . . .|
c. . X . . . . . . . X . . . . . . . .|
b. . . . . . . . . . . . . O . . . . .|
a. . . . . . X . . . . . . . . . . . X|
 A B C D E F G H I J K L M N O P Q R S|
gracz O
--------------------------------------+
s. . . . . X . . . . . . . . . . . . .|
r. O . . . . . . . . . . . . . . . . .|
q. . . . . . . . . O X . . O . . . . .|
p. . . . . . . . . . . . . X . . . . .|
o. . . . . . . . . . X . . . . . . . .|
n. . . . . . X . . X . . . . . . . . .|
m. . . . . . . . . . . . . . O . . . .|
l. . . . . X . . . . . . . . X . . . .|
k. . . . . . . . . . . O . . O . . O O|
j. . . . . . . . . . . . . . . . O . .|
i. . . . O . . . . . O . . . . . . . .|
h. . . . . . . . . . . . . . . . . X .|
g. . . . . . . . . . . . . . . . . . .|
fO . . . . . . . . . . . . . . X . . .|
e. . . . . . . . . . . . . . . . . . .|
dO . X . . . . . . . . O . . . O . . .|
c. . X . . . . . . . X . . . . . . . .|
b. . . . . . . . . . . . . O . . . . .|
a. . . . . . X . . . . . . . . . . . X|
 A B C D E F G H I J K L M N O P Q R S|
gracz X
--------------------------------------+
s. . . . . X . . . . . . . . . . . . .|
r. O . . . . . . . . . . . . . . . . .|
q. . . . . . . . . O X . . O . . . . .|
p. . . . . . . . . . . . . X . . . . .|
o. . . . . . . . . . X . . . . . . . .|
n. . . . . . X . . X . . . . . . . . .|
m. . . . . . . . . . . . . . O . . . .|
l. . . . . X . . . . . . . . X . . . .|
k. . . . . . . . . . . O . . O . . O O|
j. . . . . . . . . . . . . . . . O . .|
i. . . . O . . . . . O . . . . . . . .|
h. . . . . . . . . . . . . . . . . X .|
g. . . . . . . . . . . . . . . . . . .|
fO . . . . . . . . . . . . . . X . . .|
e. . . . . . . . . . . . . . X . . . .|
dO . X . . . . . . . . O . . . O . . .|
c. . X . . . . . . . X . . . . . . . .|
b. . . . . . . X . . . . . O . . . . .|
a. . . . . . X . . . . . . . . . . . X|
 A B C D E F G H I J K L M N O P Q R S|
gracz O
--------------------------------------+
s. . . . . X . . . . . . . . . . . . .|
r. O . . . . . . . . . . . . . . . . .|
q. . . . . . . . . O X . . O . . . . .|
p. . . . . . . . . . . . . X . . . . .|
o. . . . . . . . . . X . . . . . . . .|
n. . . . . . X . . X . . . . . . . . .|
m. . . . . . . . . . . . . . O . . . .|
l. . . . . X . . . . . . . . X . . . .|
k. . . . . . . . . . . O . . O . . O O|
j. . . . . . . . . . . . . . . . O . .|
i. . . . O . . . . O O . . . . . . . .|
h. . . . . . . . . . . . . . . . . X .|
g. . . . . . . . . . . . . . . . . . .|
fO . . . . O . . . . . . . . . X . . .|
e. . . . . . . . . . . . . . X . . . .|
dO . X . . . . . . . . O . . . O . . .|
c. . X . . . . . . . X . . . . . . . .|
b. . . . . . . X . . . . . O . . . . .|
a. . . . . . X . . . . . . . . . . . X|
 A B C D E F G H I J K L M N O P Q R S|
gracz X
--------------------------------------+
s. . . . . X . . . . . . . . . . . . .|
r. O . . . . . . . . . . . . . . . . .|
q. . . . . . . . . O X . . O . . . . .|
p. . . . . . . . . . . . . X . . . . .|
o. . . . . . . . . . X . . . . . . . .|
n. . . . . . X . . X . . . . . X . . .|
m. . . . . . . . . . . . . . O . . . .|
l. . . . . X . . . . . . . . X . . . .|
k. . . . . . . . . . . O . . O . . O O|
j. . . . . . . . . . . . . . . . O . .|
i. . . . O . . . . O O . . . . . . . .|
h. . . . . . . . . . . . . . . . . X .|
g. . . . . . . . . . . . . . . . . . .|
fO . . . . O . . . . . . . . . X . . .|
e. . . . . . . . . . . . . . X . . . .|
dO . X . . . . . . . . O . . . O . . .|
c. . X . . . . . . . X . . . . . . . .|
b. . . . . . . X . . . . . O . . . . .|
a. . . . . X X . . . . . . . . . . . X|
 A B C D E F G H I J K L M N O P Q R S|
gracz O
--------------------------------------+
s. . . . . X . . . . . . . . . . . . .|
r. O . . . . . . . . . . . . . . . . .|
q. . . . . . . . . O X . . O . . . . .|
p. . O . . . . . . . . . . X . . . . .|
o. . . . . . . . . . X . . . . . . . .|
n. . . . . . X . . X . . . . . X . . .|
m. . . . . . . . . . . . . . O . . . .|
l. . . . . X . . . . . . . . X . . . .|
k. . . . . . . . . . . O . . O . . O O|
j. . . . . . . . . . . . . . . . O . .|
i. . . . O . . . . O O . . . . . . . .|
h. . . . . . . . . . . . . . . . . X .|
g. . . . . . . . . . . . . . . . . . .|
fO . . . . O . . . . . . . . . X . . O|
e. . . . . . . . . . . . . . X . . . .|
dO . X . . . . . . . . O . . . O . . .|
c. . X . . . . . . . X . . . . . . . .|
b. . . . . . . X . . . . . O . . . . .|
a. . . . . X X . . . . . . . . . . . X|
 A B C D E F G H I J K L M N O P Q R S|
gracz X
--------------------------------------+
s. . . . . X . . . . . . . . . . . . .|
r. O . . . . . . . . . . . . . . . . .|
q. . . . . . . . . O X . . O . . . . .|
p. . O . . . . . . . . . . X . . . . .|
o. . . . . . . . . . X . . . . . . . .|
n. . . . . . X . . X . . . . . X . . .|
m. . . . . . . . . . . . . . O . . . .|
l. . . . . X . . . . . . . . X . . . .|
k. . . . . . . . . . . O . . O . . O O|
j. . . . . . . . . . . . . . . . O . .|
i. . . . O . . . . O O . . . . . . . .|
h. . . . . . . . . . . . . . . . . X .|
g. . . . . . . . . . . . . . . . . . .|
fO . . . . O . X . . . . . . . X . . O|
e. . . . . . . . . . . . . X X . . . .|
dO . X . . . . . . . . O . . . O . . .|
c. . X . . . . . . . X . . . . . . . .|
b. . . . . . . X . . . . . O . . . . .|
a. . . . . X X . . . . . . . . . . . X|
 A B C D E F G H I J K L M N O P Q R S|
gracz O
--------------------------------------+
s. . . . . X . . . . . . . . . . . . .|
r. O . . . . . . . . . . . . . . . . .|
q. . . . . . . . . O X . . O . . . . .|
p. . O . . . . . . . . . . X . . . . .|
o. . . . . . . . . . X . . . . . . . .|
n. . . . . . X . . X O . . . . X . . .|
m. . . . . . . . . . . . . . O . . . .|
l. . . . . X . . . . . . . . X . . . .|
k. . . . . . . . . . . O . . O . . O O|
j. . . . . . . . . . . . . . . . O . .|
i. . . . O . . . . O O . . . . . . . .|
h. . . . . . . . . . . . . . . . . X .|
g. . . . . . . . . . . . . . . . . . .|
fO . . . . O . X . . . . . . . X . . O|
e. . . . . . . . . . . . . X X . . . .|
dO . X . . . . . . . . O . . . O . . .|
c. . X . . . . . . . X . . . . . . . .|
b. . . . . . . X . . . . . O . . . . .|
a. O . . . X X . . . . . . . . . . . X|
 A B C D E F G H I J K L M N O P Q R S|
gracz X
--------------------------------------+
s. . . . . X . . . . . . . . . . . . .|
r. O . . . . . . . . . . . . . . . . .|
q. . . . . . . . . O X . . O . . . . .|
p. . O . . . . . . . . . . X . . . . .|
o. . . . . . . . . . X . . . . . . . .|
n. . . . . . X . X X O . . . . X . . .|
m. . . . . . . . . . . . . . O . . . .|
l. . . . . X . . . . . . . . X . . . .|
k. . . . . . . . . . . O . . O . . O O|
j. . . . . . . . . . . . . . . . O . .|
i. . . . O . . . . O O . . . . . . . .|
h. . . . . . . . . . . . . . . . . X .|
g. . . . . . X . . . . . . . . . . . .|
fO . . . . O . X . . . . . . . X . . O|
e. . . . . . . . . . . . . X X . . . .|
dO . X . . . . . . . . O . . . O . . .|
c. . X . . . . . . . X . . . . . . . .|
b. . . . . . . X . . . . . O . . . . .|
a. O . . . X X . . . . . . . . . . . X|
 A B C D E F G H I J K L M N O P Q R S|
gracz O
--------------------------------------+
s. . . . . X . . . . . . . . . . . . .|
r. O . . . . . . . . . . . . . . . . .|
q. . . . . . . . . O X . . O . . . . .|
p. . O . . . . . . . . . . X . . . . .|
o. . . . . . . . . . X . . . . . . . .|
n. . . . . . X . X X O . . . . X . . .|
m. . . . . . . . . . . . . . O . . . .|
l. . . . . X . . . . . . . . X . . . .|
k. . . . . . . . . . . O . . O . O O O|
j. . . . . . . . . . . . . . . . O . .|
i. . . . O . . . . O O . . . . . . . .|
h. . . . . . . . . . . . . . . . . X .|
g. . . . . . X . . . . . . . . . . . .|
fO . . . . O . X . . . . . . . X . . O|
e. . . . . . . . . . . . . X X . . . .|
dO . X . . . . . . O . O . . . O . . .|
c. . X . . . . . . . X . . . . . . . .|
b. . . . . . . X . . . . . O . . . . .|
a. O . . . X X . . . . . . . . . . . X|
 A B C D E F G H I J K L M N O P Q R S|
gracz X
--------------------------------------+
s. . . . . X . . . . . . . . . . . . .|
r. O . . . . . . . . . . . . . . . . .|
q. . . . . . . . . O X . . O . . . . .|
p. . O . . . . . . . . . . X . . . . .|
o. . . . . . . . . . X . . . . . . . .|
n. . . . . . X . X X O . . . . X . . .|
mX . . . . . . . . . . . . . O . . . .|
l. . . . . X . . . . . . . . X . . . .|
k. . . . . . . . . . . O . . O . O O O|
j. . . . . . . . . . . . . . . . O . .|
i. . . . O . . . . O O . . . . . . . .|
h. . . . . . . . . . . . . . . . . X .|
g. . . . . . X . . . . . . . . . . . .|
fO . . . . O . X . . . . . . . X . . O|
e. . . . . . . . . . . . X X X . . . .|
dO . X . . . . . . O . O . . . O . . .|
c. . X . . . . . . . X . . . . . . . .|
b. . . . . . . X . . . . . O . . . . .|
a. O . . . X X . . . . . . . . . . . X|
 A B C D E F G H I J K L M N O P Q R S|
gracz O
--------------------------------------+
s. . . . . X . . . . . . . . . . . . .|
r. O . . . . . . . . . . . . . . . . .|
q. . . . . . . . . O X . . O . . . . .|
p. . O . . . . . . . . . . X . . . . .|
o. . . . . . . . . . X . . . . . . . .|
n. . . O . . X . X X O . . . . X . . .|
mX . . . . . . . . . . . . . O . . . .|
l. . . . . X . . . . . . . . X . . . .|
k. . . . . . . . . . . O . . O . O O O|
j. . . . . . . . . . . . . . . . O . .|
i. . . . O . . . . O O . . . . . . . .|
h. . . . . . . . . . . . . . . . . X .|
g. . . . . . X . . . . . . . . . . . .|
fO . . . . O . X . . . . . . . X . . O|
e. . . . . . . . . . . . X X X . . . .|
dO . X . . . . . . O . O . O . O . . .|
c. . X . . . . . . . X . . . . . . . .|
b. . . . . . . X . . . . . O . . . . .|
a. O . . . X X . . . . . . . . . . . X|
 A B C D E F G H I J K L M N O P Q R S|
gracz X
--------------------------------------+
s. . . . . X . . . . . . . . . . . . .|
r. O . . . . . . . . . . . . . . . . .|
q. . . . . . . . . O X . . O . . . . .|
p. . O . . . . . . . . . . X . . . . X|
o. . . . . . . . . . X . . . . . . . .|
n. . . O . . X . X X O . . . . X . . .|
mX . . . . . . . . . . . . . O . . . .|
l. . . . . X . . . . . . . . X . . . .|
k. . . . . . . . . . . O . . O . O O O|
j. . . . . . . . . . . . . . . . O . .|
i. . . . O . . . . O O . . . . . . . .|
h. . . . . . . . . . . . . . . . . X .|
g. . . . . . X . . . . . . . . . . . .|
fO . . . . O . X . . X . . . . X . . O|
e. . . . . . . . . . . . X X X . . . .|
dO . X . . . . . . O . O . O . O . . .|
c. . X . . . . . . . X . . . . . . . .|
b. . . . . . . X . . . . . O . . . . .|
a. O . . . X X . . . . . . . . . . . X|
 A B C D E F G H I J K L M N O P Q R S|
gracz O
--------------------------------------+
s. . . . . X . . . . . . . . . . . . .|
r. O . . . . . . . . . . . . . . . . .|
q. . . . . . . . . O X . . O . . . . .|
p. . O . . . . . . . . . . X . . . . X|
o. . . . . . . . . . X . . . . . . . .|
n. . . O . . X . X X O . . . . X . . .|
mX . . . . . . . . O . . . . O . . . .|
l. . . . . X . . . . . . . . X . . . .|
k. . . . . . . . . . . O . . O . O O O|
j. . . . . . . . . . . . . . . . O . .|
i. . . . O . . . . O O . . . . . . . .|
h. . . . . . . . . . . . . . . . . X .|
g. . . . . . X . . . . . . . . . . . .|
fO . . . . O . X . . X . . . . X . . O|
e. . . . . . . . . . . . X X X . . . .|
dO . X . . . . . . O . O . O . O . . .|
c. . X . O . . . . . X . . . . . . . .|
b. . . . . . . X . . . . . O . . . . .|
a. O . . . X X . . . . . . . . . . . X|
 A B C D E F G H I J K L M N O P Q R S|
gracz X
--------------------------------------+
s. . . . . X . . . . . . . . . . . . .|
r. O . . . . . . . . . . . . . . . . .|
q. . . . . . . . . O X . . O . . . . .|
p. . O . . . . . . . . . . X . . X . X|
o. . . . . . . . . . X . . . . . . . .|
n. . . O . . X . X X O . . . . X . . .|
mX . . . . . . . . O . . . . O . . . .|
l. . . . . X . . . . . . . . X . . X .|
k. . . . . . . . . . . O . . O . O O O|
j. . . . . . . . . . . . . . . . O . .|
i. . . . O . . . . O O . . . . . . . .|
h. . . . . . . . . . . . . . . . . X .|
g. . . . . . X . . . . . . . . . . . .|
fO . . . . O . X . . X . . . . X . . O|
e. . . . . . . . . . . . X X X . . . .|
dO . X . . . . . . O . O . O . O . . .|
c. . X . O . . . . . X . . . . . . . .|
b. . . . . . . X . . . . . O . . . . .|
a. O . . . X X . . . . . . . . . . . X|
 A B C D E F G H I J K L M N O P Q R S|
gracz O
--------------------------------------+
s. . . . . X . . . . . . . . . . . . .|
r. O . . . . . . . . . . . . . . . . .|
q. . . . . . . . . O X . . O . . . . .|
p. . O . . . . . . . . . . X . . X . X|
o. . . . . . . . . . X . . . . . . . .|
n. . . O . . X . X X O . . . . X . . .|
mX . . . . . . . . O . . . . O . . . .|
l. . . . . X . . . . . . . . X . . X .|
k. O . . . . . . . . . O . . O . O O O|
j. . . . . . . . . . . . . . . . O . .|
i. . . . O . . . . O O . . . . . . . .|
h. . . . . . . . . . . . . . . . . X .|
g. . . . . . X . . . . . . . . . . . .|
fO . . . . O . X . . X . . . . X . . O|
e. . . . . . . . . . . . X X X . . . .|
dO . X . . O . . . O . O . O . O . . .|
c. . X . O . . . . . X . . . . . . . .|
b. . . . . . . X . . . . . O . . . . .|
a. O . . . X X . . . . . . . . . . . X|
 A B C D E F G H I J K L M N O P Q R S|
gracz X
--------------------------------------+
s. . . . . X . . . . . . . . . . . . .|
r. O . . . . . . . . . . . . . . . . .|
q. . . . . . . . . O X . . O . . . . .|
p. . O . . . . . . X . . . X . . X . X|
o. . . . . . . . . . X . . . . . . . .|
n. . . O . . X . X X O . . . . X . . .|
mX . . . . . . . . O . . . . O . . . .|
l. . . . . X . . . . . . . . X . . X .|
k. O . . . . . . . . . O . . O . O O O|
j. X . . . . . . . . . . . . . . O . .|
i. . . . O . . . . O O . . . . . . . .|
h. . . . . . . . . . . . . . . . . X .|
g. . . . . . X . . . . . . . . . . . .|
fO . . . . O . X . . X . . . . X . . O|
e. . . . . . . . . . . . X X X . . . .|
dO . X . . O . . . O . O . O . O . . .|
c. . X . O . . . . . X . . . . . . . .|
b. . . . . . . X . . . . . O . . . . .|
a. O . . . X X . . . . . . . . . . . X|
 A B C D E F G H I J K L M N O P Q R S|
gracz O
--------------------------------------+
s. . . . . X . . . . . . . . . . . . .|
r. O . . . . . . . . . . . . . . . . .|
q. . . . . . . . . O X . . O . . . . .|
p. . O . . . . . . X O . . X . . X . X|
o. . . . . . . . . . X . . . . . . . .|
n. . . O . . X . X X O . . . . X . . .|
mX . . . . . . . . O . . . . O . . . .|
l. . . . . X . . . . . . . . X . . X .|
k. O . . . . . . . . . O . . O . O O O|
j. X . . . . . . . . . . . . . . O . .|
i. . . . O . . . . O O . . . . . . . .|
h. . . . . . . . . . . . . . . . . X .|
g. . . . . . X . . . . . . . . . . . .|
fO . . . . O . X . . X . . . . X . . O|
e. . . . . . . . . . . . X X X . . . .|
dO . X . . O . . . O . O . O . O . . .|
c. . X . O . . . . . X . . . . . . . .|
b. . . . . . . X . . O . . O . . . . .|
a. O . . . X X . . . . . . . . . . . X|
 A B C D E F G H I J K L M N O P Q R S|
gracz X
--------------------------------------+
s. . . . . X . . . . . . . . . . . . .|
r. O . . . . . . . . . . . . . . . . .|
q. . . . . . . . . O X . . O . . . . .|
p. . O . . . . . . X O . . X . . X . X|
o. . . . . . . . . . X . . . . . . . .|
n. . . O . . X . X X O . . . . X . . .|
mX . . . . . . . . O . . . . O . . . .|
l. . . . . X . . . . . . . . X . . X .|
k. O . . . . . . . . . O . X O . O O O|
j. X . . . . . . . . . . . . . . O . .|
i. . . . O . . . . O O . . . . . . . .|
h. . . . . . . . . . . . . . . . . X .|
g. X . . . . X . . . . . . . . . . . .|
fO . . . . O . X . . X . . . . X . . O|
e. . . . . . . . . . . . X X X . . . .|
dO . X . . O . . . O . O . O . O . . .|
c. . X . O . . . . . X . . . . . . . .|
b. . . . . . . X . . O . . O . . . . .|
a. O . . . X X . . . . . . . . . . . X|
 A B C D E F G H I J K L M N O P Q R S|
gracz O
--------------------------------------+
s. . . . . X . . . . . . . . . . . . .|
r. O . . . . . . . . . . O . . . . . .|
q. . . . . . . . . O X . . O . . . . .|
p. . O . . . . . . X O . . X . . X . X|
o. . . . . . . . . . X . . . . . . . .|
n. . . O . . X . X X O . . . . X . . .|
mX . . . . . . . . O . . . . O . . . .|
l. . . . . X . . . . . . . . X . . X .|
k. O . . . . . . . . . O . X O . O O O|
j. X . . . . . . . . . . . . . . O . .|
i. . . . O . . . . O O . . . . . . . .|
h. . . . . . . . . . . . . . . . O X .|
g. X . . . . X . . . . . . . . . . . .|
fO . . . . O . X . . X . . . . X . . O|
e. . . . . . . . . . . . X X X . . . .|
dO . X . . O . . . O . O . O . O . . .|
c. . X . O . . . . . X . . . . . . . .|
b. . . . . . . X . . O . . O . . . . .|
a. O . . . X X . . . . . . . . . . . X|
 A B C D E F G H I J K L M N O P Q R S|
gracz X
--------------------------------------+
s. . . . . X . . . . . . . . . . . . .|
r. O . . . . . . . . . . O . . . . . .|
q. . . . . . . . . O X . . O . . . . .|
p. . O . . . . . . X O . . X . . X . X|
o. . . . . . . . . . X . . . . . . . .|
n. . . O . . X . X X O . . . X X . . .|
mX . . . . . . . . O . . . . O . X . .|
l. . . . . X . . . . . . . . X . . X .|
k. O . . . . . . . . . O . X O . O O O|
j. X . . . . . . . . . . . . . . O . .|
i. . . . O . . . . O O . . . . . . . .|
h. . . . . . . . . . . . . . . . O X .|
g. X . . . . X . . . . . . . . . . . .|
fO . . . . O . X . . X . . . . X . . O|
e. . . . . . . . . . . . X X X . . . .|
dO . X . . O . . . O . O . O . O . . .|
c. . X . O . . . . . X . . . . . . . .|
b. . . . . . . X . . O . . O . . . . .|
a. O . . . X X . . . . . . . . . . . X|
 A B C D E F G H I J K L M N O P Q R S|
gracz O
--------------------------------------+
s. . . . . X . . . . . . . . . . . . .|
r. O . . . . . . . . . . O . . . . . .|
q. . . . . . . . . O X . . O . . . . .|
p. . O . . . . . . X O . . X . . X . X|
o. . . . . . . . . . X . . . . . . . .|
n. . . O . . X . X X O . . . X X . . .|
mX . . . . . . . . O . . . . O . X . .|
l. . . . . X . . . O . . . . X . . X .|
k. O . . . . . . . . . O . X O . O O O|
j. X . . . . . . . . . . . . . . O . .|
i. . . . O . . . . O O . . . . . . . .|
h. . . . . . . . . . . . . . . . O X .|
g. X . . . . X . . . . . . . . . . . .|
fO . . . . O . X . . X . . . . X . . O|
eO . . . . . . . . . . . X X X . . . .|
dO . X . . O . . . O . O . O . O . . .|
c. . X . O . . . . . X . . . . . . . .|
b. . . . . . . X . . O . . O . . . . .|
a. O . . . X X . . . . . . . . . . . X|
 A B C D E F G H I J K L M N O P Q R S|
gracz X
--------------------------------------+
s. . . . . X . . . . . . . . . . . . .|
r. O . . . . . . . . . X O . . . . . .|
q. . . . . . . . . O X . . O . . . . .|
p. . O . . . . . . X O . . X . . X . X|
o. . . . . . . . . . X . . . . . . . .|
n. . . O . . X . X X O . . . X X . . .|
mX . . . . . . . . O . . . . O . X . .|
l. . . . . X . . . O . . . . X . . X .|
k. O . . . . . . . . . O . X O . O O O|
j. X . . . . . . . . . . . . . . O . .|
i. . . . O . . . . O O . . . . . . . .|
h. . . . . . . . . . X . . . . . O X .|
g. X . . . . X . . . . . . . . . . . .|
fO . . . . O . X . . X . . . . X . . O|
eO . . . . . . . . . . . X X X . . . .|
dO . X . . O . . . O . O . O . O . . .|
c. . X . O . . . . . X . . . . . . . .|
b. . . . . . . X . . O . . O . . . . .|
a. O . . . X X . . . . . . . . . . . X|
 A B C D E F G H I J K L M N O P Q R S|
gracz O
--------------------------------------+
s. . . . . X . . . . . . . . . . . . .|
r. O . . . . . . . . . X O . . . . . .|
q. . . . . . . . . O X . . O . . . . .|
p. . O . . . . . . X O . . X . . X . X|
o. . . . . . . . . . X . . . . . . . .|
n. . . O . . X . X X O . . . X X . . .|
mX . . . . . . . . O . . . . O . X . .|
l. . . . . X . . . O . . . . X . . X .|
k. O . . . . . . . . . O . X O . O O O|
j. X . . . . . . . . . . . . . . O . .|
i. . . . O . . O . O O . . . . . . . .|
h. . . . . . . . . . X . . . . . O X .|
gO X . . . . X . . . . . . . . . . . .|
fO . . . . O . X . . X . . . . X . . O|
eO . . . . . . . . . . . X X X . . . .|
dO . X . . O . . . O . O . O . O . . .|
c. . X . O . . . . . X . . . . . . . .|
b. . . . . . . X . . O . . O . . . . .|
a. O . . . X X . . . . . . . . . . . X|
 A B C D E F G H I J K L M N O P Q R S|
gracz X
--------------------------------------+
s. . . . . X . . . . . . . . . . . . .|
r. O . . . . . . . . . X O . . . . . .|
q. . . . . . . . . O X . . O . . . . .|
p. . O . . . . . . X O . . X . . X . X|
o. . . . . . . . . . X . . . . . . . .|
n. . . O . . X . X X O . . . X X . . .|
mX . . . . . . . . O . . . . O . X . .|
l. . . . . X . . . O . . . . X . . X .|
k. O . . . . . . . . . O . X O . O O O|
j. X . . . . . . . . . . . . . . O . .|
iX . . . O . . O . O O . . . . . . . .|
h. . . . . . . . . . X . . . . . O X .|
gO X . . . . X . . . . . . . . . . . .|
fO . . . . O . X . . X . . . . X . . O|
eO . . . . . . . . . . . X X X . . . .|
dO . X . . O . . . O . O . O . O . . .|
c. . X . O . . . . . X . . . . . . . .|
b. . . . X . . X . . O . . O . . . . .|
a. O . . . X X . . . . . . . . . . . X|
 A B C D E F G H I J K L M N O P Q R S|
gracz O
--------------------------------------+
s. . . . . X . . . . . . . . . . . . .|
r. O . . . . . . . . . X O . . . . . .|
q. . . . . . . . . O X . . O . . . . .|
p. . O . . . . . . X O . . X . . X . X|
o. . . . . . . . . . X . . . . . . . .|
n. . . O . . X . X X O . . . X X . . .|
mX . . . . . . . . O . . . . O . X . .|
l. . . . . X . . . O . . . . X . . X .|
k. O . . . . . . . . . O . X O . O O O|
j. X . . . . . . . . . . . . . . O . .|
iX . . . O . . O . O O . . . . . . . .|
h. . . . . . . . . . X . . . . . O X .|
gO X . . . . X . . . . . . . . . . . .|
fO . . . . O . X . . X . . . . X . . O|
eO . . . . . . . . . . . X X X . . . .|
dO . X . . O . . . O . O . O . O . . .|
c. . X . O . . . . . X . . . . . . . .|
b. . . . X . . X . . O . . O . . . . .|
a. O . . . X X . . . . . . . . . . . X|
 A B C D E F G H I J K L M N O P Q R S|
gracz O
--------------------------------------+
s. . . . . X . . . . . . . . . . . . O|
r. O . . . . . . . . . X O . . . . . .|
q. . . . . . . . . O X . . O . . . . .|
p. . O . . . . . . X O . . X . . X . X|
o. . . . . . . . . . X . . . . . . . .|
n. . . O . . X . X X O . . . X X . . .|
mX . . . . . . . . O . . . . O . X . .|
l. . . . . X . . . O . . . . X . . X .|
k. O . . . . . . . . . O . X O . O O O|
j. X . . . . . . . . . . . . . . O . .|
iX . O . O . . O . O O . . . . . . . .|
h. . . . . . . . . . X . . . . . O X .|
gO X . . . . X . . . . . . . . . . . .|
fO . . . . O . X . . X . . . . X . . O|
eO . . . . . . . . . . . X X X . . . .|
dO . X . . O . . . O . O . O . O . . .|
c. . X . O . . . . . X . . . . . . . .|
b. . . . X . . X . . O . . O . . . . .|
a. O . . . X X . . . . . . . . . . . X|
 A B C D E F G H I J K L M N O P Q R S|
gracz X
--------------------------------------+
s. . . . . X . . . . . . . . . . . . O|
r. O . . . . . . . . . X O . . . . . .|
q. . . . . . . . . O X . . O . . . . .|
p. . O . . . . . . X O . . X . . X . X|
o. . . . . . . . . . X . . . . . . . .|
n. X . O . . X . X X O . . . X X . . .|
mX . . . . . . . . O . . . . O . X . .|
l. . X . . X . . . O . . . . X . . X .|
k. O . . . . . . . . . O . X O . O O O|
j. X . . . . . . . . . . . . . . O . .|
iX . O . O . . O . O O . . . . . . . .|
h. . . . . . . . . . X . . . . . O X .|
gO X . . . . X . . . . . . . . . . . .|
fO . . . . O . X . . X . . . . X . . O|
eO . . . . . . . . . . . X X X . . . .|
dO . X . . O . . . O . O . O . O . . .|
c. . X . O . . . . . X . . . . . . . .|
b. . . . X . . X . . O . . O . . . . .|
a. O . . . X X . . . . . . . . . . . X|
 A B C D E F G H I J K L M N O P Q R S|
gracz O
--------------------------------------+
s. . . . . X . . . . . . . . . . . . O|
r. O . . . . . . . . . X O . . . . . .|
q. . . . . . . . . O X . . O . . . . .|
p. . O . . . . . . X O . . X . . X . X|
o. . . . . . . . . . X . . . . . . . .|
n. X . O . O X . X X O . . . X X . . .|
mX . . . . . . . . O . . . . O . X . .|
l. . X . . X . . . O . . . . X . . X .|
k. O . . . . . . . . . O . X O . O O O|
j. X . . . . . . . . . . . . . . O . .|
iX . O . O . . O . O O . . . . . . . .|
h. . . . . . . . . . X . . . . . O X .|
gO X . . . . X . . . . . . . . . . . .|
fO . . . . O . X . . X . . . . X . O O|
eO . . . . . . . . . . . X X X . . . .|
dO . X . . O . . . O . O . O . O . . .|
c. . X . O . . . . . X . . . . . . . .|
b. . . . X . . X . . O . . O . . . . .|
a. O . . . X X . . . . . . . . . . . X|
 A B C D E F G H I J K L M N O P Q R S|
gracz X
--------------------------------------+
s. . . . . X . . . . . . . . . . . . O|
r. O . . . . . . . . . X O . . . . . .|
q. . . . . . . . . O X . . O . . . . .|
p. . O . . . . . . X O . . X . . X . X|
o. . . . . . . . . . X . . . . . . . .|
n. X . O . O X . X X O . . . X X . . .|
mX . . . X . . . . O . . . . O . X . .|
l. . X . . X . . . O . . . . X . . X .|
k. O . . . . . . . . . O . X O . O O O|
j. X . . . . . . . . . . . . . . O . .|
iX . O . O . . O . O O . . . . . . . .|
h. . X . . . . . . . X . . . . . O X .|
gO X . . . . X . . . . . . . . . . . .|
fO . . . . O . X . . X . . . . X . O O|
eO . . . . . . . . . . . X X X . . . .|
dO . X . . O . . . O . O . O . O . . .|
c. . X . O . . . . . X . . . . . . . .|
b. . . . X . . X . . O . . O . . . . .|
a. O . . . X X . . . . . . . . . . . X|
 A B C D E F G H I J K L M N O P Q R S|
gracz O
--------------------------------------+
s. . . . . X . . . . . . . . . . . . O|
r. O O . . . . . . . . X O . . . . . .|
q. . . . . . . . . O X . . O . . . . .|
p. . O . . . . . . X O . . X . . X . X|
o. . . . . . . . . . X . . . . . . . .|
n. X . O . O X . X X O . . . X X . . .|
mX . . . X . . . . O . . . . O . X . .|
l. . X . . X . . . O . . . . X . . X .|
k. O O . . . . . . . . O . X O . O O O|
j. X . . . . . . . . . . . . . . O . .|
iX . O . O . . O . O O . . . . . . . .|
h. . X . . . . . . . X . . . . . O X .|
gO X . . . . X . . . . . . . . . . . .|
fO . . . . O . X . . X . . . . X . O O|
eO . . . . . . . . . . . X X X . . . .|
dO . X . . O . . . O . O . O . O . . .|
c. . X . O . . . . . X . . . . . . . .|
b. . . . X . . X . . O . . O . . . . .|
a. O . . . X X . . . . . . . . . . . X|
 A B C D E F G H I J K L M N O P Q R S|
gracz X
--------------------------------------+
s. . . . . X . . . . . . . . . . . . O|
r. O O . . . . . . . . X O . . . . . .|
q. . . . . . . . . O X . . O . . . . .|
p. . O . . . X . . X O . . X . . X . X|
o. . . . . . . . . . X . . . . . . . .|
n. X . O . O X . X X O . . . X X . . .|
mX . . . X . . . . O . . . . O . X . .|
l. . X . . X . . . O . . . . X . . X .|
k. O O . . . . . . . . O . X O . O O O|
j. X . . . . . . . . . . . X . . O . .|
iX . O . O . . O . O O . . . . . . . .|
h. . X . . . . . . . X . . . . . O X .|
gO X . . . . X . . . . . . . . . . . .|
fO . . . . O . X . . X . . . . X . O O|
eO . . . . . . . . . . . X X X . . . .|
dO . X . . O . . . O . O . O . O . . .|
c. . X . O . . . . . X . . . . . . . .|
b. . . . X . . X . . O . . O . . . . .|
a. O . . . X X . . . . . . . . . . . X|
 A B C D E F G H I J K L M N O P Q R S|
gracz O
--------------------------------------+
s. . . . . X . . . . . . . . . . . . O|
r. O O . . . . . . . . X O . . . . . .|
q. . . . . . . . . O X . . O . . . . .|
p. . O . . . X . . X O . . X . . X . X|
o. . . . . . . . . . X . . . . . . . .|
n. X . O . O X . X X O . . . X X . . .|
mX . . . X . . . . O . . . . O . X . .|
l. . X . . X . . . O . . . . X . . X .|
k. O O . . . . . . . . O . X O . O O O|
j. X . . . . . . . . . . . X . . O . .|
iX . O . O . . O . O O . . . . . . . .|
h. . X . . . . . . . X . . . . . O X .|
gO X . . . . X . . . . . . . . . . . .|
fO . . . . O . X . . X . . . . X . O O|
eO . . O . . . . . . . . X X X . . . .|
dO . X . . O . . . O . O . O . O . . .|
c. . X . O . . . . . X . . . . . . . .|
b. . . O X . . X . . O . . O . . . . .|
a. O . . . X X . . . . . . . . . . . X|
 A B C D E F G H I J K L M N O P Q R S|
gracz X
--------------------------------------+
s. . . . . X . . . . . . . . . . . . O|
r. O O . . X . . . . . X O . . . . . .|
q. . . . . . . . . O X . . O . . . . .|
p. . O . . . X . . X O . . X . . X . X|
o. . . . . . . . X . X . . . . . . . .|
n. X . O . O X . X X O . . . X X . . .|
mX . . . X . . . . O . . . . O . X . .|
l. . X . . X . . . O . . . . X . . X .|
k. O O . . . . . . . . O . X O . O O O|
j. X . . . . . . . . . . . X . . O . .|
iX . O . O . . O . O O . . . . . . . .|
h. . X . . . . . . . X . . . . . O X .|
gO X . . . . X . . . . . . . . . . . .|
fO . . . . O . X . . X . . . . X . O O|
eO . . O . . . . . . . . X X X . . . .|
dO . X . . O . . . O . O . O . O . . .|
c. . X . O . . . . . X . . . . . . . .|
b. . . O X . . X . . O . . O . . . . .|
a. O . . . X X . . . . . . . . . . . X|
 A B C D E F G H I J K L M N O P Q R S|
gracz O
--------------------------------------+
s. . . . . X . . . . . . . . . . . . O|
r. O O . . X . . . . . X O . . . . . .|
q. . . . . . . . . O X . . O . . . . O|
p. . O . . . X . . X O . . X . . X . X|
o. . . . . . . . X . X . . . . . . . .|
n. X . O . O X . X X O . . . X X . . .|
mX . . . X . . . . O . . . . O . X . .|
l. . X . . X . . . O . . . . X . . X .|
k. O O . . . . . . . . O . X O . O O O|
j. X . . . . . . . . . . . X . . O . .|
iX . O . O . . O . O O . . . . . . . .|
h. . X . . . . . . . X . . . . . O X .|
gO X . . . . X . . . . . . . . . . . .|
fO . . . . O . X . . X . . . . X . O O|
eO . . O . . . . . . . . X X X . . . .|
dO . X . . O . . . O . O . O . O . . .|
c. . X . O . . . . . X . . . . . . . .|
b. . . O X . . X . . O . . O O . . . .|
a. O . . . X X . . . . . . . . . . . X|
 A B C D E F G H I J K L M N O P Q R S|
gracz X
--------------------------------------+
s. . . . . X X . . . . . . . . . . . O|
r. O O . . X . . . . . X O . . . . . .|
q. . . . . . . . . O X . . O . . . . O|
p. . O . . . X . . X O . . X . . X . X|
o. . . . . . X . X . X . . . . . . . .|
n. X . O . O X . X X O . . . X X . . .|
mX . . . X . . . . O . . . . O . X . .|
l. . X . . X . . . O . . . . X . . X .|
k. O O . . . . . . . . O . X O . O O O|
j. X . . . . . . . . . . . X . . O . .|
iX . O . O . . O . O O . . . . . . . .|
h. . X . . . . . . . X . . . . . O X .|
gO X . . . . X . . . . . . . . . . . .|
fO . . . . O . X . . X . . . . X . O O|
eO . . O . . . . . . . . X X X . . . .|
dO . X . . O . . . O . O . O . O . . .|
c. . X . O . . . . . X . . . . . . . .|
b. . . O X . . X . . O . . O O . . . .|
a. O . . . X X . . . . . . . . . . . X|
 A B C D E F G H I J K L M N O P Q R S|
gracz O
--------------------------------------+
s. . . . . X X . . . . . O . . . . . O|
r. O O . . X . . . . . X O . . . . . .|
q. . . . . . . . . O X . . O . . . . O|
p. . O . . . X . . X O . . X . . X . X|
o. . . . . . X . X . X . . . . . . . .|
n. X . O . O X . X X O . . . X X . . .|
mX . . . X . . . . O . . . . O . X . .|
l. . X . . X . . . O . . . . X . . X .|
k. O O . . . . . . . . O . X O . O O O|
j. X . . . . . . . . . . . X . . O . .|
iX . O . O . . O . O O . . . . . . . .|
h. . X . . . . . . . X . . . . . O X .|
gO X . . . . X . . . . . . . . O . . .|
fO . . . . O . X . . X . . . . X . O O|
eO . . O . . . . . . . . X X X . . . .|
dO . X . . O . . . O . O . O . O . . .|
c. . X . O . . . . . X . . . . . . . .|
b. . . O X . . X . . O . . O O . . . .|
a. O . . . X X . . . . . . . . . . . X|
 A B C D E F G H I J K L M N O P Q R S|
gracz X
--------------------------------------+
s. . . . . X X . . . . . O . . . . . O|
r. O O . . X . . . . . X O . . . . . .|
q. . . . . . . . . O X . . O . . . . O|
p. . O . . . X . . X O . . X . . X . X|
o. . . . . . X . X . X . . . . . . . .|
n. X . O . O X . X X O . . . X X . . .|
mX . . . X . . . . O . . . . O . X . .|
l. . X . X X . . . O . . . . X . . X .|
k. O O . . . . . . . . O . X O . O O O|
j. X . . . . . . . . . . . X . . O . .|
iX . O . O . . O . O O . . . . . . . .|
h. . X . . . . . . . X . . . . . O X .|
gO X . . . . X . . . . . . . . O . . .|
fO . . . . O . X . . X . . . . X . O O|
eO . . O . . . . . . . . X X X . . . .|
dO . X . . O . . . O . O . O . O . . .|
c. . X . O . . X . . X . . . . . . . .|
b. . . O X . . X . . O . . O O . . . .|
a. O . . . X X . . . . . . . . . . . X|
 A B C D E F G H I J K L M N O P Q R S|
gracz O
--------------------------------------+
s. . . . . X X . . . . . O . . . . . O|
r. O O . . X . . . . . X O . . . . . .|
q. . . . . . . . . O X . . O . . . . O|
p. . O . . . X . . X O . . X . . X . X|
o. . . . . . X . X . X . . . . . . . .|
n. X . O . O X . X X O . . . X X . . .|
mX . . . X . . . . O . . . . O . X . .|
l. . X . X X . . . O . . . . X . . X .|
k. O O . . . . . . . . O . X O . O O O|
j. X . . . . . . . . . . . X . . O O .|
iX . O . O . . O . O O . . . . . . . .|
h. . X . . . . . . . X . . . . . O X .|
gO X . . . . X . . . . O . . . O . . .|
fO . . . . O . X . . X . . . . X . O O|
eO . . O . . . . . . . . X X X . . . .|
dO . X . . O . . . O . O . O . O . . .|
c. . X . O . . X . . X . . . . . . . .|
b. . . O X . . X . . O . . O O . . . .|
a. O . . . X X . . . . . . . . . . . X|
 A B C D E F G H I J K L M N O P Q R S|
gracz X
--------------------------------------+
s. . . . . X X . . . . . O . . . . . O|
r. O O . . X . . . . . X O . . . . . .|
q. . . . . . . . . O X . . O . . . . O|
p. . O . . X X . . X O . . X . . X . X|
o. . . . . . X . X . X . . . . . . . .|
n. X . O . O X . X X O . . . X X . . .|
mX . . . X . . . . O . . . . O . X . .|
l. . X . X X . . . O . . . . X . . X .|
k. O O . . . . . . . . O . X O . O O O|
j. X . . . . . . . . . . . X . . O O .|
iX . O . O . . O . O O . . . . . . . .|
h. . X . . X . . . . X . . . . . O X .|
gO X . . . . X . . . . O . . . O . . .|
fO . . . . O . X . . X . . . . X . O O|
eO . . O . . . . . . . . X X X . . . .|
dO . X . . O . . . O . O . O . O . . .|
c. . X . O . . X . . X . . . . . . . .|
b. . . O X . . X . . O . . O O . . . .|
a. O . . . X X . . . . . . . . . . . X|
 A B C D E F G H I J K L M N O P Q R S|
gracz O
--------------------------------------+
s. . . . . X X . . . . . O . . . . . O|
r. O O . . X . . . . . X O . . . . . .|
q. . . . . . . . . O X . . O . . . . O|
p. . O . . X X . . X O . . X . . X . X|
o. . . . . . X . X . X . . . . . . . .|
n. X . O . O X . X X O . . . X X . . .|
mX . . . X . . . . O . . . . O . X . .|
l. . X . X X . . . O . . . . X . . X .|
k. O O . . . . . . . . O . X O . O O O|
j. X . . . . . . . . . . . X . . O O .|
iX . O . O . . O . O O . . . . . . . .|
h. . X . . X . . . . X . . . O . O X .|
gO X . . . . X . . . . O . . . O . . .|
fO . . . . O . X . . X . . . . X . O O|
eO . . O . . . . . . . . X X X . . . .|
dO . X . . O . . . O . O . O . O . . .|
c. . X . O . . X . . X . . . . . . . .|
b. . . O X . . X . . O . . O O . O . .|
a. O . . . X X . . . . . . . . . . . X|
 A B C D E F G H I J K L M N O P Q R S|
gracz X
--------------------------------------+
s. . . X . X X . . . . . O . . . . . O|
r. O O . . X . . . . . X O . . . . . .|
q. X . . . . . . . O X . . O . . . . O|
p. . O . . X X . . X O . . X . . X . X|
o. . . . . . X . X . X . . . . . . . .|
n. X . O . O X . X X O . . . X X . . .|
mX . . . X . . . . O . . . . O . X . .|
l. . X . X X . . . O . . . . X . . X .|
k. O O . . . . . . . . O . X O . O O O|
j. X . . . . . . . . . . . X . . O O .|
iX . O . O . . O . O O . . . . . . . .|
h. . X . . X . . . . X . . . O . O X .|
gO X . . . . X . . . . O . . . O . . .|
fO . . . . O . X . . X . . . . X . O O|
eO . . O . . . . . . . . X X X . . . .|
dO . X . . O . . . O . O . O . O . . .|
c. . X . O . . X . . X . . . . . . . .|
b. . . O X . . X . . O . . O O . O . .|
a. O . . . X X . . . . . . . . . . . X|
 A B C D E F G H I J K L M N O P Q R S|
gracz O
--------------------------------------+
s. . . X . X X . . . . . O . . . . . O|
r. O O . . X . . . . . X O . . . . . .|
q. X . . . . . . . O X . . O . . . . O|
p. . O . . X X . . X O . . X . . X . X|
o. . . . . . X . X . X . . . . . . . .|
n. X . O . O X . X X O . . . X X . . .|
mX . . . X . . . . O . . . . O . X . .|
l. . X . X X . . . O . . . . X . . X .|
k. O O . . . . . . . . O . X O . O O O|
j. X . . . . . . . . . . . X . . O O .|
iX . O . O . . O . O O . . . . . . . .|
h. . X . . X . . . . X . . . O . O X .|
gO X . . . . X . . . . O . . . O . . .|
fO . . . . O . X . . X . . . . X . O O|
eO . . O . . . . . . . . X X X . . . .|
dO . X . . O . . . O . O . O . O . . .|
c. . X . O . . X . . X . . . . . . . .|
b. . . O X . . X . . O . . O O . O . .|
a. O . . . X X . . . . . . . . . . . X|
 A B C D E F G H I J K L M N O P Q R S|
gracz O
--------------------------------------+
s. . . X . X X . . . . . O . . . . . O|
r. O O . . X . . . O . X O . . . . . .|
q. X . . . . . . . O X . . O . . . . O|
p. . O . . X X . . X O . . X . . X . X|
o. . . . . . X . X . X . . . . . . . .|
n. X . O . O X . X X O . . . X X . . .|
mX . . . X . . . . O . . . . O . X . .|
l. . X . X X . . . O . . . . X . . X .|
k. O O . . . . . . . . O . X O . O O O|
j. X . . . . . . . . . . . X . . O O .|
iX . O . O . . O . O O . . . . . . . .|
h. . X . . X . . . . X . . . O . O X .|
gO X . . . . X . . . . O . . . O . . .|
fO . . . . O . X . . X . . . . X . O O|
eO . . O . . . . . . . . X X X . . . .|
dO . X . . O . . . O . O . O . O . . .|
c. . X . O . . X . . X . . . . . . . .|
b. . . O X . . X . . O . . O O . O O .|
a. O . . . X X . . . . . . . . . . . X|
 A B C D E F G H I J K L M N O P Q R S|
gracz X
--------------------------------------+
s. . . X . X X . . . . . O . . . . . O|
r. O O . . X . . . O . X O . . . . . .|
q. X . . . . . . . O X . . O . . . . O|
p. . O . . X X . . X O . . X . X X . X|
o. . . . . . X . X . X . . . . . . . .|
n. X . O . O X . X X O . . . X X . . .|
mX . . . X . . . . O . . . . O . X . .|
l. . X . X X X . . O . . . . X . . X .|
k. O O . . . . . . . . O . X O . O O O|
j. X . . . . . . . . . . . X . . O O .|
iX . O . O . . O . O O . . . . . . . .|
h. . X . . X . . . . X . . . O . O X .|
gO X . . . . X . . . . O . . . O . . .|
fO . . . . O . X . . X . . . . X . O O|
eO . . O . . . . . . . . X X X . . . .|
dO . X . . O . . . O . O . O . O . . .|
c. . X . O . . X . . X . . . . . . . .|
b. . . O X . . X . . O . . O O . O O .|
a. O . . . X X . . . . . . . . . . . X|
 A B C D E F G H I J K L M N O P Q R S|
gracz O
--------------------------------------+
s. . . X . X X . . . . . O . . . . . O|
r. O O . . X . . . O . X O . . . . . .|
q. X . . . . . . . O X . . O . . . . O|
p. . O . . X X . . X O . . X . X X . X|
o. . . . . . X . X . X . . . . . . . .|
n. X . O . O X . X X O . . . X X . . .|
mX . . . X . . . . O . . . . O . X . .|
l. . X . X X X . . O . . . . X . . X .|
k. O O . . . . . . . . O . X O . O O O|
j. X . . . . . . . . . . . X . . O O .|
iX . O . O . . O . O O . . . . . . . .|
h. . X . . X . . . . X . . . O . O X .|
gO X . . . . X . . . . O . . . O . . .|
fO . . . . O . X . . X . . . . X . O O|
eO . . O . . . . . . . . X X X . . . .|
dO O X . . O . . . O . O . O . O . . .|
c. . X . O . . X . . X O . . . . . . .|
b. . . O X . . X . . O . . O O . O O .|
a. O . . . X X . . . . . . . . . . . X|
 A B C D E F G H I J K L M N O P Q R S|
gracz X
--------------------------------------+
s. . . X . X X . . . . . O . . . . . O|
r. O O . . X . . . O . X O . . . . . .|
q. X . X . . . . . O X . . O . . . . O|
p. . O . . X X . . X O . . X . X X . X|
o. . . . . . X . X . X . . . . . . . .|
n. X . O . O X . X X O . . . X X . . .|
mX . . . X . . . . O . . . . O . X . .|
l. . X . X X X . . O . . . . X . . X .|
k. O O . . . . . . . . O . X O . O O O|
j. X . . . . . . . . . . . X . . O O .|
iX . O . O . . O . O O . . . . . . . .|
h. . X . . X . . . . X . . . O . O X .|
gO X . . . . X . . . . O . . . O . . .|
fO . . . . O . X . . X . . . . X . O O|
eO . . O . . . . . . . . X X X . . . .|
dO O X . . O . . . O . O . O . O . . .|
c. . X . O . . X . . X O . . X . . . .|
b. . . O X . . X . . O . . O O . O O .|
a. O . . . X X . . . . . . . . . . . X|
 A B C D E F G H I J K L M N O P Q R S|
gracz O
--------------------------------------+
s. . . X . X X . . . . . O . . . . . O|
r. O O . . X . . . O . X O . . . . . .|
q. X . X . . . . . O X . . O . . . . O|
p. . O . . X X . . X O . . X . X X . X|
o. . . . . . X . X . X . . . . . . . .|
n. X . O . O X . X X O . . . X X . . .|
mX . . . X . . . . O . . . . O . X . .|
l. . X . X X X . . O . . . . X . . X .|
k. O O . . . . . . . . O . X O . O O O|
j. X . . . . . . . . . . . X . . O O .|
iX . O . O . . O . O O . . . . . . . .|
h. . X . . X . . . . X . . O O . O X .|
gO X . . . . X . . . . O . . . O . . .|
fO . . . . O . X . . X . . . . X . O O|
eO . . O . . . . . . . . X X X . . . .|
dO O X . . O . . . O . O . O . O . . O|
c. . X . O . . X . . X O . . X . . . .|
b. . . O X . . X . . O . . O O . O O .|
a. O . . . X X . . . . . . . . . . . X|
 A B C D E F G H I J K L M N O P Q R S|
gracz X
--------------------------------------+
s. . . X . X X . . . . . O . . . . . O|
r. O O . . X . . . O . X O . . . . . .|
q. X . X . . . . . O X . . O . . . . O|
p. . O . . X X . . X O . . X . X X . X|
o. . . . . . X . X . X . . . . . . . .|
n. X . O . O X . X X O . . . X X . . .|
mX . . . X . . . . O . . . . O . X . .|
l. . X . X X X . . O . . . . X . . X .|
k. O O . . . . . . . . O . X O . O O O|
j. X . . . . . . . . . . . X . . O O .|
iX . O . O . . O . O O . . . . . . . .|
h. . X . . X . . . . X . . O O . O X .|
gO X . . . . X . . . . O . . . O . . X|
fO . . . . O . X . . X . . . . X . O O|
eO . . O . . . . . . . . X X X . . . .|
dO O X . . O . . . O . O . O . O . . O|
c. . X . O . . X . . X O . . X . . . .|
b. . . O X . . X . . O . . O O X O O .|
a. O . . . X X . . . . . . . . . . . X|
 A B C D E F G H I J K L M N O P Q R S|
gracz O
--------------------------------------+
s. . . X . X X . . . . . O . . . . . O|
r. O O . . X . . . O . X O . . . . . .|
q. X . X . . . . . O X . . O . . . . O|
p. . O . . X X . . X O . . X . X X . X|
o. . . . O . X . X . X . . . . . . . .|
n. X . O . O X . X X O . . . X X . . .|
mX . . . X . . . . O . . . . O . X . .|
l. . X . X X X . . O . . . . X . . X .|
k. O O . . . . . . . . O . X O . O O O|
j. X . . . . . . . O . . . X . . O O .|
iX . O . O . . O . O O . . . . . . . .|
h. . X . . X . . . . X . . O O . O X .|
gO X . . . . X . . . . O . . . O . . X|
fO . . . . O . X . . X . . . . X . O O|
eO . . O . . . . . . . . X X X . . . .|
dO O X . . O . . . O . O . O . O . . O|
c. . X . O . . X . . X O . . X . . . .|
b. . . O X . . X . . O . . O O X O O .|
a. O . . . X X . . . . . . . . . . . X|
 A B C D E F G H I J K L M N O P Q R S|
gracz X
--------------------------------------+
s. . . X . X X . . . . . O . . . . . O|
r. O O . . X . . . O . X O . . . . . .|
q. X . X . . . . . O X . . O . . . . O|
p. . O . . X X . . X O . . X . X X X X|
o. . . . O . X . X . X . . . . . . . .|
nX X . O . O X . X X O . . . X X . . .|
mX . . . X . . . . O . . . . O . X . .|
l. . X . X X X . . O . . . . X . . X .|
k. O O . . . . . . . . O . X O . O O O|
j. X . . . . . . . O . . . X . . O O .|
iX . O . O . . O . O O . . . . . . . .|
h. . X . . X . . . . X . . O O . O X .|
gO X . . . . X . . . . O . . . O . . X|
fO . . . . O . X . . X . . . . X . O O|
eO . . O . . . . . . . . X X X . . . .|
dO O X . . O . . . O . O . O . O . . O|
c. . X . O . . X . . X O . . X . . . .|
b. . . O X . . X . . O . . O O X O O .|
a. O . . . X X . . . . . . . . . . . X|
 A B C D E F G H I J K L M N O P Q R S|
gracz O
--------------------------------------+
s. . . X . X X . . . . . O . . . . . O|
r. O O . . X . . . O . X O . . . . . .|
q. X . X . . . . . O X . . O O . . . O|
p. . O . . X X . . X O . . X . X X X X|
o. . . . O . X . X . X . . . . . . . .|
nX X . O . O X . X X O . . . X X . . .|
mX . . . X . . . . O . . . . O . X . .|
l. . X . X X X . . O . . . . X . . X .|
k. O O . . . . . . . . O . X O . O O O|
j. X . . . . . . . O . . . X . . O O .|
iX . O . O . . O . O O . . . . . . . .|
h. . X . . X . . O . X . . O O . O X .|
gO X . . . . X . . . . O . . . O . . X|
fO . . . . O . X . . X . . . . X . O O|
eO . . O . . . . . . . . X X X . . . .|
dO O X . . O . . . O . O . O . O . . O|
c. . X . O . . X . . X O . . X . . . .|
b. . . O X . . X . . O . . O O X O O .|
a. O . . . X X . . . . . . . . . . . X|
 A B C D E F G H I J K L M N O P Q R S|
gracz X
--------------------------------------+
s. . . X . X X . . . . . O . . . . . O|
r. O O . . X . . . O . X O . . . . . .|
q. X . X . . . . . O X . . O O . . . O|
p. . O . . X X X . X O . . X . X X X X|
o. . . . O . X . X . X . . . . . . . .|
nX X . O . O X . X X O . . . X X . X .|
mX . . . X . . . . O . . . . O . X . .|
l. . X . X X X . . O . . . . X . . X .|
k. O O . . . . . . . . O . X O . O O O|
j. X . . . . . . . O . . . X . . O O .|
iX . O . O . . O . O O . . . . . . . .|
h. . X . . X . . O . X . . O O . O X .|
gO X . . . . X . . . . O . . . O . . X|
fO . . . . O . X . . X . . . . X . O O|
eO . . O . . . . . . . . X X X . . . .|
dO O X . . O . . . O . O . O . O . . O|
c. . X . O . . X . . X O . . X . . . .|
b. . . O X . . X . . O . . O O X O O .|
a. O . . . X X . . . . . . . . . . . X|
 A B C D E F G H I J K L M N O P Q R S|
gracz O
--------------------------------------+
s. . . X . X X . . . . . O . . . . . O|
r. O O . . X . . . O . X O . . . . . .|
q. X . X . . . . . O X . . O O . . . O|
p. . O . . X X X . X O . . X . X X X X|
o. . . . O . X . X . X . . . . . . . .|
nX X . O . O X . X X O . . . X X . X .|
mX . . . X . . . . O . . . . O . X . .|
l. . X . X X X . . O . . . . X . . X .|
k. O O . . . . . . . . O . X O . O O O|
j. X . . . . . . . O . . . X . . O O .|
iX . O . O . . O . O O . . . . . . . .|
h. . X . . X . . O . X . O O O . O X .|
gO X . . . . X . . . . O . . . O . . X|
fO . . . . O . X . . X . . . . X . O O|
eO . . O . . . . . . . . X X X . . . .|
dO O X . . O . . . O O O . O . O . . O|
c. . X . O . . X . . X O . . X . . . .|
b. . . O X . . X . . O . . O O X O O .|
a. O . . . X X . . . . . . . . . . . X|
 A B C D E F G H I J K L M N O P Q R S|
gracz X
--------------------------------------+
s. . . X . X X . . . . . O . . . . . O|
r. O O . . X . . . O . X O . . . . . .|
q. X . X . . . . . O X . . O O . . . O|
p. . O . . X X X . X O . . X . X X X X|
o. . . . O . X . X . X . . . . . . . .|
nX X . O . O X . X X O . . . X X . X .|
mX . . . X . . . . O . . . . O . X . .|
l. . X . X X X . . O . . . . X . . X .|
k. O O . . . . . . . . O . X O . O O O|
j. X . . . . . . . O . . . X . . O O .|
iX . O . O . . O . O O . . . . . . . .|
h. . X . . X . . O . X . O O O . O X .|
gO X . . . . X . . X . O . . . O . . X|
fO . . . . O . X . . X . . . . X . O O|
eO . . O . . . . . . . . X X X . . . .|
dO O X . . O . . . O O O . O . O . . O|
c. . X . O . . X . . X O . . X . . . .|
b. . . O X . . X . . O . . O O X O O .|
a. O . . . X X . . . . . . X . . . . X|
 A B C D E F G H I J K L M N O P Q R S|
gracz O
--------------------------------------+
s. . . X . X X . . . . . O . . . . . O|
r. O O . . X . . . O . X O . . . . . .|
q. X . X . . . . . O X . . O O . . . O|
p. . O . . X X X . X O . . X . X X X X|
o. . . . O . X . X . X . . . . . . . .|
nX X . O . O X . X X O . . . X X . X O|
mX . . . X . . . . O . . . . O . X . .|
l. . X . X X X . . O . . . . X . . X .|
k. O O . . . . . . . . O . X O . O O O|
j. X . . . . . . . O . . . X . . O O .|
iX . O O O . . O . O O . . . . . . . .|
h. . X . . X . . O . X . O O O . O X .|
gO X . . . . X . . X . O . . . O . . X|
fO . . . . O . X . . X . . . . X . O O|
eO . . O . . . . . . . . X X X . . . .|
dO O X . . O . . . O O O . O . O . . O|
c. . X . O . . X . . X O . . X . . . .|
b. . . O X . . X . . O . . O O X O O .|
a. O . . . X X . . . . . . X . . . . X|
 A B C D E F G H I J K L M N O P Q R S|
gracz X
--------------------------------------+
s. . . X . X X . . . . . O . . . . . O|
r. O O . . X . . . O . X O . . . . . .|
q. X . X . . . . . O X . . O O . . . O|
p. . O . . X X X . X O . . X . X X X X|
o. . . . O . X . X . X . . . . . . . .|
nX X . O . O X . X X O . . . X X . X O|
mX . . . X . . . X O . . . . O . X . .|
l. . X . X X X . . O . . . . X . . X .|
k. O O . . . . . . . . O . X O . O O O|
j. X . . . . . . . O . . . X . . O O .|
iX . O O O . . O . O O . . . . . . . .|
h. . X . . X . . O . X . O O O . O X .|
gO X . . . . X . . X . O . . . O . . X|
fO . . . . O . X . . X . . . . X . O O|
eO . . O . . . . . . X . X X X . . . .|
dO O X . . O . . . O O O . O . O . . O|
c. . X . O . . X . . X O . . X . . . .|
b. . . O X . . X . . O . . O O X O O .|
a. O . . . X X . . . . . . X . . . . X|
 A B C D E F G H I J K L M N O P Q R S|
gracz O
--------------------------------------+
s. . . X . X X . . . . . O . . . . . O|
r. O O . . X . . . O . X O . . . . . .|
q. X . X . . . . . O X . . O O . . . O|
p. . O . . X X X . X O . . X . X X X X|
o. . . . O . X . X . X . . . . . . . .|
nX X . O . O X . X X O . . . X X . X O|
mX . . . X . . . X O . . . . O . X . .|
l. . X . X X X . . O . . . . X . . X .|
k. O O . . . . . . . . O . X O . O O O|
j. X . . . . . . . O . . . X . . O O .|
iX . O O O . . O . O O . . . . . . . .|
h. . X . . X . . O . X . O O O . O X .|
gO X . . . . X . . X . O . . . O . . X|
fO O . . . O . X . . X . . . O X . O O|
eO . . O . . . . . . X . X X X . . . .|
dO O X . . O . . . O O O . O . O . . O|
c. . X . O . . X . . X O . . X . . . .|
b. . . O X . . X . . O . . O O X O O .|
a. O . . . X X . . . . . . X . . . . X|
 A B C D E F G H I J K L M N O P Q R S|
gracz X
--------------------------------------+
s. . . X . X X . . . . . O . . . . . O|
r. O O . . X . . . O . X O . . . . . .|
q. X . X . . . . . O X . . O O . . . O|
p. . O . . X X X . X O . . X . X X X X|
o. . . . O . X . X . X . . . . . . . .|
nX X . O . O X . X X O . . . X X X X O|
mX . . . X . . . X O . . . . O . X . .|
l. . X . X X X . . O . . . . X . . X .|
k. O O . X . . . . . . O . X O . O O O|
j. X . . . . . . . O . . . X . . O O .|
iX . O O O . . O . O O . . . . . . . .|
h. . X . . X . . O . X . O O O . O X .|
gO X . . . . X . . X . O . . . O . . X|
fO O . . . O . X . . X . . . O X . O O|
eO . . O . . . . . . X . X X X . . . .|
dO O X . . O . . . O O O . O . O . . O|
c. . X . O . . X . . X O . . X . . . .|
b. . . O X . . X . . O . . O O X O O .|
a. O . . . X X . . . . . . X . . . . X|
 A B C D E F G H I J K L M N O P Q R S|
gracz O
--------------------------------------+
s. . . X . X X . . . . . O . . . . . O|
r. O O . O X . . . O . X O . . . . . .|
q. X . X . . . . . O X . . O O . . . O|
p. . O . . X X X . X O . . X . X X X X|
o. . . . O . X . X . X . . . . . . . .|
nX X . O . O X . X X O . . . X X X X O|
mX . . . X . . . X O . . . . O . X . .|
l. . X . X X X . . O . . . . X . . X .|
k. O O . X . . . . . . O . X O . O O O|
j. X . . . . . . . O . . . X . . O O .|
iX . O O O . . O . O O . . . . O . . .|
h. . X . . X . . O . X . O O O . O X .|
gO X . . . . X . . X . O . . . O . . X|
fO O . . . O . X . . X . . . O X . O O|
eO . . O . . . . . . X . X X X . . . .|
dO O X . . O . . . O O O . O . O . . O|
c. . X . O . . X . . X O . . X . . . .|
b. . . O X . . X . . O . . O O X O O .|
a. O . . . X X . . . . . . X . . . . X|
 A B C D E F G H I J K L M N O P Q R S|
gracz X
--------------------------------------+
s. . . X . X X . . . . . O X . . . . O|
r. O O . O X . . . O . X O . . . . . .|
q. X . X . . . . . O X . . O O . . . O|
p. . O . . X X X . X O . . X . X X X X|
o. . . . O . X . X . X . . . . . . . .|
nX X . O . O X . X X O . . . X X X X O|
mX . . . X . . . X O . . . . O . X . .|
l. . X . X X X . . O . . . . X . . X .|
k. O O . X . . . . . . O . X O . O O O|
j. X . . . . . . . O . . . X . . O O .|
iX . O O O . . O . O O . . . . O . . .|
h. . X . . X . . O . X . O O O . O X .|
gO X . . . . X . . X . O . . X O . . X|
fO O . . . O . X . . X . . . O X . O O|
eO . . O . . . . . . X . X X X . . . .|
dO O X . . O . . . O O O . O . O . . O|
c. . X . O . . X . . X O . . X . . . .|
b. . . O X . . X . . O . . O O X O O .|
a. O . . . X X . . . . . . X . . . . X|
 A B C D E F G H I J K L M N O P Q R S|
gracz O
--------------------------------------+
s. . . X O X X . . . . . O X . . . . O|
r. O O . O X . . . O . X O . . . . . .|
q. X . X . . . . . O X . . O O . . . O|
p. . O . . X X X . X O . . X . X X X X|
o. . . . O . X . X . X . . . . . . . .|
nX X . O . O X . X X O . . . X X X X O|
mX . . . X . . . X O . . . . O . X . .|
l. . X . X X X . . O . . . . X . O X .|
k. O O . X . . . . . . O . X O . O O O|
j. X . . . . . . . O . . . X . . O O .|
iX . O O O . . O . O O . . . . O . . .|
h. . X . . X . . O . X . O O O . O X .|
gO X . . . . X . . X . O . . X O . . X|
fO O . . . O . X . . X . . . O X . O O|
eO . . O . . . . . . X . X X X . . . .|
dO O X . . O . . . O O O . O . O . . O|
c. . X . O . . X . . X O . . X . . . .|
b. . . O X . . X . . O . . O O X O O .|
a. O . . . X X . . . . . . X . . . . X|
 A B C D E F G H I J K L M N O P Q R S|
gracz X
--------------------------------------+
s. . . X O X X . . . . . O X . . . . O|
r. O O . O X . . . O . X O . . . . . .|
q. X . X . . . . . O X . . O O . . . O|
p. . O . . X X X . X O . . X . X X X X|
o. . . . O . X . X . X . . . . . . . .|
nX X . O . O X . X X O . . . X X X X O|
mX . . . X . . . X O . . . . O . X . .|
l. . X . X X X . . O . . . . X . O X .|
k. O O . X . . . . . . O . X O . O O O|
j. X . . . . X . . O . . . X . . O O .|
iX . O O O . . O . O O . . . . O . . .|
h. . X . X X . . O . X . O O O . O X .|
gO X . . . . X . . X . O . . X O . . X|
fO O . . . O . X . . X . . . O X . O O|
eO . . O . . . . . . X . X X X . . . .|
dO O X . . O . . . O O O . O . O . . O|
c. . X . O . . X . . X O . . X . . . .|
b. . . O X . . X . . O . . O O X O O .|
a. O . . . X X . . . . . . X . . . . X|
 A B C D E F G H I J K L M N O P Q R S|
gracz O
--------------------------------------+
s. . . X O X X . . . . . O X . . . . O|
r. O O . O X . . . O . X O . . . . . .|
q. X . X . . . . . O X . . O O . . . O|
p. O O . . X X X . X O . . X . X X X X|
o. . . . O . X . X . X . . . . . . . .|
nX X . O . O X . X X O . . . X X X X O|
mX . . . X . . . X O . . . . O . X . .|
l. . X . X X X . . O . . . . X . O X .|
k. O O . X . . . . . . O . X O . O O O|
j. X . . . . X . . O . . . X . . O O .|
iX . O O O . . O . O O . . . . O . . .|
h. . X . X X . . O . X . O O O . O X .|
gO X . . . . X . . X . O . . X O . . X|
fO O . . . O . X . . X . . . O X . O O|
eO . . O . . . . . . X . X X X . . . .|
dO O X . . O . . . O O O . O . O . . O|
c. . X . O . . X . . X O . . X . . O .|
b. . . O X . . X . . O . . O O X O O .|
a. O . . . X X . . . . . . X . . . . X|
 A B C D E F G H I J K L M N O P Q R S|
gracz X
--------------------------------------+
s. . . X O X X . . X . . O X . . . . O|
r. O O . O X . . . O . X O . . . . . .|
q. X . X . . . . . O X . . O O . . . O|
p. O O . . X X X . X O . . X . X X X X|
o. . . . O . X . X . X . . . . . . . .|
nX X . O . O X . X X O . . . X X X X O|
mX . . . X . . . X O . . . . O . X . .|
l. . X . X X X . . O . . . . X . O X .|
k. O O . X . . . . . . O . X O . O O O|
j. X . . . . X . . O . . . X . . O O .|
iX . O O O . . O . O O . . . . O . . .|
h. . X . X X . . O . X . O O O . O X .|
gO X . . . . X . . X . O . . X O . . X|
fO O . . . O . X . . X . . . O X . O O|
eO . . O . . . . . . X . X X X . . . .|
dO O X . . O . . . O O O . O . O . . O|
c. . X . O . . X . . X O X . X . . O .|
b. . . O X . . X . . O . . O O X O O .|
a. O . . . X X . . . . . . X . . . . X|
 A B C D E F G H I J K L M N O P Q R S|
gracz O
--------------------------------------+
s. . . X O X X . . X . . O X . . . . O|
r. O O . O X . . . O . X O . . . . . .|
q. X . X . . . . . O X . . O O . . . O|
p. O O . . X X X . X O . . X . X X X X|
o. . . . O . X . X . X . . . . . . . .|
nX X . O . O X . X X O . . . X X X X O|
mX . . . X . . . X O . . . . O . X . .|
lO . X . X X X . . O . . . . X . O X .|
k. O O . X . . . . . . O . X O . O O O|
j. X . . . . X . . O . . . X . . O O .|
iX . O O O . . O . O O . . . . O . . .|
h. . X . X X . . O . X . O O O . O X .|
gO X . . . . X . . X . O . . X O . . X|
fO O . . . O . X . . X . . . O X . O O|
eO . . O . . . . . . X . X X X . . . .|
dO O X . . O . . . O O O . O . O . . O|
c. . X . O . . X . . X O X . X . . O .|
b. . O O X . . X . . O . . O O X O O .|
a. O . . . X X . . . . . . X . . . . X|
 A B C D E F G H I J K L M N O P Q R S|
gracz X
--------------------------------------+
s. X . X O X X . . X . . O X . . . . O|
r. O O . O X . . . O . X O . . . . . .|
q. X . X . . . . . O X . . O O . . . O|
p. O O . . X X X . X O . . X . X X X X|
o. . . . O . X . X . X . . . . . . . .|
nX X . O . O X . X X O . . . X X X X O|
mX . . . X . . . X O . . . . O . X . .|
lO . X . X X X . . O . . . . X . O X .|
k. O O . X . . . . . . O . X O . O O O|
j. X . . . . X . . O . . . X . . O O .|
iX . O O O . . O . O O . . . . O . . .|
h. . X . X X X . O . X . O O O . O X .|
gO X . . . . X . . X . O . . X O . . X|
fO O . . . O . X . . X . . . O X . O O|
eO . . O . . . . . . X . X X X . . . .|
dO O X . . O . . . O O O . O . O . . O|
c. . X . O . . X . . X O X . X . . O .|
b. . O O X . . X . . O . . O O X O O .|
a. O . . . X X . . . . . . X . . . . X|
 A B C D E F G H I J K L M N O P Q R S|
gracz O
--------------------------------------+
s. X . X O X X . . X . . O X . . . . O|
r. O O . O X . . . O . X O . . . . . .|
q. X . X . . . . . O X O . O O . . . O|
p. O O . . X X X . X O . . X . X X X X|
o. . . . O . X . X . X . . . . . . . .|
nX X . O . O X . X X O . . . X X X X O|
mX . . . X . . . X O . . . . O . X . .|
lO . X . X X X . . O . . . . X . O X .|
k. O O . X . . . . . . O . X O . O O O|
j. X . . . . X . . O . . . X . . O O .|
iX . O O O . . O . O O . . . . O . . .|
h. . X . X X X . O . X . O O O . O X .|
gO X . . . O X . . X . O . . X O . . X|
fO O . . . O . X . . X . . . O X . O O|
eO . . O . . . . . . X . X X X . . . .|
dO O X . . O . . . O O O . O . O . . O|
c. . X . O . . X . . X O X . X . . O .|
b. . O O X . . X . . O . . O O X O O .|
a. O . . . X X . . . . . . X . . . . X|
 A B C D E F G H I J K L M N O P Q R S|
gracz X
--------------------------------------+
s. X . X O X X . . X . . O X . . . . O|
r. O O . O X . . . O . X O . . . . . .|
q. X . X . . . . . O X O . O O . . . O|
p. O O . . X X X . X O . . X . X X X X|
o. . . . O . X . X . X . . . . . . . .|
nX X . O . O X . X X O . . . X X X X O|
mX . . . X . . . X O . . . . O . X . .|
lO . X . X X X . X O . . . . X . O X X|
k. O O . X . . . . . . O . X O . O O O|
j. X . . . . X . . O . . . X . . O O .|
iX . O O O . . O . O O . . . . O . . .|
h. . X . X X X . O . X . O O O . O X .|
gO X . . . O X . . X . O . . X O . . X|
fO O . . . O . X . . X . . . O X . O O|
eO . . O . . . . . . X . X X X . . . .|
dO O X . . O . . . O O O . O . O . . O|
c. . X . O . . X . . X O X . X . . O .|
b. . O O X . . X . . O . . O O X O O .|
a. O . . . X X . . . . . . X . . . . X|
 A B C D E F G H I J K L M N O P Q R S|
gracz O
--------------------------------------+
s. X . X O X X . . X . . O X . . . . O|
r. O O . O X . . . O . X O . . . . . .|
q. X . X . . . . . O X O . O O . . . O|
p. O O . . X X X . X O . . X . X X X X|
o. . . . O . X . X . X . . . . . . . .|
nX X . O . O X . X X O . . . X X X X O|
mX . . . X . . . X O . . . . O . X . .|
lO . X . X X X . X O . . . . X . O X X|
k. O O . X . . . . . . O . X O . O O O|
j. X . . . . X . . O . . . X . . O O .|
iX . O O O . . O . O O . . . . O . . .|
h. . X . X X X . O . X . O O O . O X .|
gO X . . . O X . . X . O . . X O . . X|
fO O O . . O . X . . X . . . O X . O O|
eO . . O . . . . . . X . X X X . . . .|
dO O X . . O . . . O O O . O . O . . O|
c. . X . O . . X . . X O X . X . . O .|
b. . O O X . . X . . O . . O O X O O .|
a. O . . . X X . . . . . . X . . . O X|
 A B C D E F G H I J K L M N O P Q R S|
gracz X
--------------------------------------+
s. X . X O X X . . X . . O X . . . . O|
r. O O . O X . . . O . X O . . . . . .|
q. X . X . . . . . O X O . O O . . . O|
p. O O . . X X X . X O . . X . X X X X|
o. . . . O . X . X . X . . . . . . . .|
nX X . O . O X . X X O . . . X X X X O|
mX . . . X . . . X O . . . . O . X . .|
lO . X X X X X . X O . . . . X . O X X|
k. O O . X . . . . . . O . X O . O O O|
j. X . . . . X . . O . . . X . . O O .|
iX . O O O . . O . O O X . . . O . . .|
h. . X . X X X . O . X . O O O . O X .|
gO X . . . O X . . X . O . . X O . . X|
fO O O . . O . X . . X . . . O X . O O|
eO . . O . . . . . . X . X X X . . . .|
dO O X . . O . . . O O O . O . O . . O|
c. . X . O . . X . . X O X . X . . O .|
b. . O O X . . X . . O . . O O X O O .|
a. O . . . X X . . . . . . X . . . O X|
 A B C D E F G H I J K L M N O P Q R S|
gracz O
--------------------------------------+
s. X . X O X X . . X . . O X . . . . O|
r. O O . O X . . . O . X O . . . . . .|
q. X . X . . . . . O X O . O O . . . O|
p. O O . . X X X . X O . . X . X X X X|
o. . . . O . X . X . X . . . . . . . .|
nX X . O . O X . X X O . . . X X X X O|
mX . . . X . . . X O . . . . O . X . .|
lO . X X X X X O X O . . . . X . O X X|
k. O O . X . . . . . . O . X O . O O O|
j. X . . . . X . . O . . . X . . O O .|
iX . O O O . . O . O O X . . . O . . .|
h. . X . X X X . O . X . O O O . O X .|
gO X . . . O X . . X . O . . X O . O X|
fO O O . . O . X . . X . . . O X . O O|
eO . . O . . . . . . X . X X X . . . .|
dO O X . . O . . . O O O . O . O . . O|
c. . X . O . . X . . X O X . X . . O .|
b. . O O X . . X . . O . . O O X O O .|
a. O . . . X X . . . . . . X . . . O X|
 A B C D E F G H I J K L M N O P Q R S|
gracz X
--------------------------------------+
s. X . X O X X . . X . . O X . . . . O|
r. O O . O X . . . O . X O . . . . . .|
q. X . X . . . . . O X O . O O . . . O|
pX O O . . X X X . X O . . X . X X X X|
o. . . . O . X . X . X . . . . . . . .|
nX X . O . O X . X X O . . . X X X X O|
mX . . . X . . . X O . . . . O . X . .|
lO . X X X X X O X O . . . . X . O X X|
k. O O . X . X . . . . O . X O . O O O|
j. X . . . . X . . O . . . X . . O O .|
iX . O O O . . O . O O X . . . O . . .|
h. . X . X X X . O . X . O O O . O X .|
gO X . . . O X . . X . O . . X O . O X|
fO O O . . O . X . . X . . . O X . O O|
eO . . O . . . . . . X . X X X . . . .|
dO O X . . O . . . O O O . O . O . . O|
c. . X . O . . X . . X O X . X . . O .|
b. . O O X . . X . . O . . O O X O O .|
a. O . . . X X . . . . . . X . . . O X|
 A B C D E F G H I J K L M N O P Q R S|
gracz O
--------------------------------------+
s. X . X O X X . . X . . O X . . . . O|
r. O O . O X . . . O . X O . . . . . .|
q. X . X . . . . . O X O . O O . . . O|
pX O O . . X X X . X O . . X . X X X X|
o. . . . O . X . X . X . . . . . . . .|
nX X . O . O X . X X O . . . X X X X O|
mX . . . X . . . X O . . . . O . X . .|
lO . X X X X X O X O . . . . X . O X X|
k. O O . X . X . . . . O . X O . O O O|
j. X . . . . X . . O . . . X . . O O .|
iX . O O O . . O . O O X . . . O . . .|
h. . X . X X X . O . X . O O O . O X .|
gO X . . . O X . . X . O . . X O . O X|
fO O O . . O . X . . X . . . O X . O O|
eO . . O . . . . . . X . X X X . . . O|
dO O X . . O O . . O O O . O . O . . O|
c. . X . O . . X . . X O X . X . . O .|
b. . O O X . . X . . O . . O O X O O .|
a. O . . . X X . . . . . . X . . . O X|
 A B C D E F G H I J K L M N O P Q R S|
gracz X
--------------------------------------+
s. X . X O X X . . X . . O X . . . . O|
r. O O . O X . . . O . X O . . . . . .|
q. X . X . . . . . O X O . O O . . . O|
pX O O . . X X X . X O . . X . X X X X|
o. . . . O . X . X . X . . . . . . . .|
nX X . O . O X . X X O . . . X X X X O|
mX . . . X . . . X O . . . X O . X . .|
lO . X X X X X O X O . . . . X . O X X|
k. O O . X . X . . . . O . X O . O O O|
j. X . . . . X . . O . . . X . . O O .|
iX . O O O . . O . O O X . . . O . . .|
h. . X . X X X . O . X . O O O . O X .|
gO X . . . O X . . X . O . . X O X O X|
fO O O . . O . X . . X . . . O X . O O|
eO . . O . . . . . . X . X X X . . . O|
dO O X . . O O . . O O O . O . O . . O|
c. . X . O . . X . . X O X . X . . O .|
b. . O O X . . X . . O . . O O X O O .|
a. O . . . X X . . . . . . X . . . O X|
 A B C D E F G H I J K L M N O P Q R S|
gracz O
--------------------------------------+
s. X . X O X X . . X . . O X . . . . O|
r. O O . O X . O . O . X O . . . . . .|
q. X . X . . . . . O X O O O O . . . O|
pX O O . . X X X . X O . . X . X X X X|
o. . . . O . X . X . X . . . . . . . .|
nX X . O . O X . X X O . . . X X X X O|
mX . . . X . . . X O . . . X O . X . .|
lO . X X X X X O X O . . . . X . O X X|
k. O O . X . X . . . . O . X O . O O O|
j. X . . . . X . . O . . . X . . O O .|
iX . O O O . . O . O O X . . . O . . .|
h. . X . X X X . O . X . O O O . O X .|
gO X . . . O X . . X . O . . X O X O X|
fO O O . . O . X . . X . . . O X . O O|
eO . . O . . . . . . X . X X X . . . O|
dO O X . . O O . . O O O . O . O . . O|
c. . X . O . . X . . X O X . X . . O .|
b. . O O X . . X . . O . . O O X O O .|
a. O . . . X X . . . . . . X . . . O X|
 A B C D E F G H I J K L M N O P Q R S|
gracz X
--------------------------------------+
s. X . X O X X . . X . . O X . . . . O|
r. O O . O X . O . O X X O . . . . . .|
q. X . X . . . . . O X O O O O . . . O|
pX O O . . X X X . X O . . X . X X X X|
o. . . . O . X . X . X . . . . . . . .|
nX X . O . O X . X X O . . . X X X X O|
mX . . . X . . . X O . . . X O . X . X|
lO . X X X X X O X O . . . . X . O X X|
k. O O . X . X . . . . O . X O . O O O|
j. X . . . . X . . O . . . X . . O O .|
iX . O O O . . O . O O X . . . O . . .|
h. . X . X X X . O . X . O O O . O X .|
gO X . . . O X . . X . O . . X O X O X|
fO O O . . O . X . . X . . . O X . O O|
eO . . O . . . . . . X . X X X . . . O|
dO O X . . O O . . O O O . O . O . . O|
c. . X . O . . X . . X O X . X . . O .|
b. . O O X . . X . . O . . O O X O O .|
a. O . . . X X . . . . . . X . . . O X|
 A B C D E F G H I J K L M N O P Q R S|
gracz O
--------------------------------------+
s. X . X O X X . . X . . O X . . . . O|
r. O O . O X . O . O X X O . O . . . .|
q. X . X . . . . . O X O O O O . . . O|
pX O O . . X X X . X O . . X . X X X X|
o. . . . O . X . X . X . . . . . . . .|
nX X . O . O X . X X O . . . X X X X O|
mX . . . X . . . X O . . . X O . X . X|
lO . X X X X X O X O . . . . X . O X X|
k. O O . X . X . . . . O . X O . O O O|
j. X . . . . X . . O . . . X . . O O .|
iX . O O O . . O . O O X . . . O . . .|
h. . X . X X X . O . X . O O O . O X .|
gO X . . . O X . . X . O . . X O X O X|
fO O O . . O . X . . X . . . O X . O O|
eO . . O . . . . . . X . X X X . . . O|
dO O X . . O O . . O O O . O . O . . O|
cO . X . O . . X . . X O X . X . . O .|
b. . O O X . . X . . O . . O O X O O .|
a. O . . . X X . . . . . . X . . . O X|
 A B C D E F G H I J K L M N O P Q R S|
gracz X
--------------------------------------+
s. X . X O X X . . X . . O X . . . . O|
r. O O . O X . O . O X X O . O . . . .|
q. X . X . . . . . O X O O O O . . . O|
pX O O . . X X X . X O . . X . X X X X|
o. . . . O . X . X . X . . . . . . . .|
nX X . O . O X . X X O . . . X X X X O|
mX X . . X . . . X O . . . X O . X . X|
lO . X X X X X O X O . . . . X . O X X|
k. O O X X . X . . . . O . X O . O O O|
j. X . . . . X . . O . . . X . . O O .|
iX . O O O . . O . O O X . . . O . . .|
h. . X . X X X . O . X . O O O . O X .|
gO X . . . O X . . X . O . . X O X O X|
fO O O . . O . X . . X . . . O X . O O|
eO . . O . . . . . . X . X X X . . . O|
dO O X . . O O . . O O O . O . O . . O|
cO . X . O . . X . . X O X . X . . O .|
b. . O O X . . X . . O . . O O X O O .|
a. O . . . X X . . . . . . X . . . O X|
 A B C D E F G H I J K L M N O P Q R S|
gracz O
--------------------------------------+
s. X . X O X X . . X . . O X . . . . O|
r. O O . O X . O . O X X O . O . . . .|
q. X . X . . . . . O X O O O O . . O O|
pX O O . . X X X . X O . . X . X X X X|
o. . . . O . X . X . X . . . . . . . .|
nX X . O . O X . X X O . . . X X X X O|
mX X . . X . . . X O . . . X O . X . X|
lO . X X X X X O X O . . . . X . O X X|
k. O O X X . X . . . . O . X O . O O O|
j. X . . . . X . . O . . . X . . O O .|
iX . O O O . . O . O O X . . . O . . .|
h. . X . X X X . O . X . O O O . O X O|
gO X . . . O X . . X . O . . X O X O X|
fO O O . . O . X . . X . . . O X . O O|
eO . . O . . . . . . X . X X X . . . O|
dO O X . . O O . . O O O . O . O . . O|
cO . X . O . . X . . X O X . X . . O .|
b. . O O X . . X . . O . . O O X O O .|
a. O . . . X X . . . . . . X . . . O X|
 A B C D E F G H I J K L M N O P Q R S|
gracz X
--------------------------------------+
s. X . X O X X . . X . . O X . . . . O|
r. O O . O X . O . O X X O . O . . . .|
q. X . X . . . . . O X O O O O . . O O|
pX O O . . X X X . X O . . X . X X X X|
o. . X X O . X . X . X . . . . . . . .|
nX X . O . O X . X X O . . . X X X X O|
mX X . . X . . . X O . . . X O . X . X|
lO . X X X X X O X O . . . . X . O X X|
k. O O X X . X . . . . O . X O . O O O|
j. X . . . . X . . O . . . X . . O O .|
iX . O O O . . O . O O X . . . O . . .|
h. . X . X X X . O . X . O O O . O X O|
gO X . . . O X . . X . O . . X O X O X|
fO O O . . O . X . . X . . . O X . O O|
eO . . O . . . . . . X . X X X . . . O|
dO O X . . O O . . O O O . O . O . . O|
cO . X . O . . X . . X O X . X . . O .|
b. . O O X . . X . . O . . O O X O O .|
a. O . . . X X . . . . . . X . . . O X|
 A B C D E F G H I J K L M N O P Q R S|
gracz O
--------------------------------------+
s. X . X O X X . . X . . O X . . . . O|
r. O O . O X . O . O X X O . O . . . .|
q. X . X . . . . . O X O O O O . . O O|
pX O O . . X X X . X O . . X . X X X X|
o. . X X O . X . X . X . . . O . . . .|
nX X . O . O X . X X O . . . X X X X O|
mX X . . X . . . X O . . . X O . X . X|
lO . X X X X X O X O . . . . X . O X X|
k. O O X X . X . . . . O . X O . O O O|
j. X . . . . X . . O . . . X . . O O .|
iX . O O O . . O . O O X . . . O . . O|
h. . X . X X X . O . X . O O O . O X O|
gO X . . . O X . . X . O . . X O X O X|
fO O O . . O . X . . X . . . O X . O O|
eO . . O . . . . . . X . X X X . . . O|
dO O X . . O O . . O O O . O . O . . O|
cO . X . O . . X . . X O X . X . . O .|
b. . O O X . . X . . O . . O O X O O .|
a. O . . . X X . . . . . . X . . . O X|
 A B C D E F G H I J K L M N O P Q R S|
gracz X
--------------------------------------+
s. X . X O X X . . X . . O X . . . . O|
r. O O . O X . O . O X X O . O . . . .|
q. X . X . . . . . O X O O O O . . O O|
pX O O . . X X X . X O . . X . X X X X|
o. . X X O . X . X X X . . . O . . . .|
nX X . O . O X . X X O . . . X X X X O|
mX X . . X . . . X O . . . X O . X . X|
lO . X X X X X O X O . . . . X . O X X|
k. O O X X . X . . . . O . X O . O O O|
j. X . . . . X . . O . . . X . . O O .|
iX . O O O . . O . O O X . . . O . . O|
h. . X . X X X . O . X . O O O . O X O|
gO X . . . O X . . X . O . . X O X O X|
fO O O . . O . X . . X . . . O X . O O|
eO . . O . . . . . . X . X X X . . . O|
dO O X . . O O . . O O O . O . O . . O|
cO . X . O . . X X . X O X . X . . O .|
b. . O O X . . X . . O . . O O X O O .|
a. O . . . X X . . . . . . X . . . O X|
 A B C D E F G H I J K L M N O P Q R S|
gracz O
--------------------------------------+
s. X . X O X X . . X . . O X . . . . O|
r. O O . O X . O . O X X O . O . . . .|
q. X . X . . . . . O X O O O O . . O O|
pX O O . . X X X . X O . . X . X X X X|
o. . X X O . X . X X X . . . O . . . .|
nX X . O . O X . X X O . . . X X X X O|
mX X . . X . . . X O . . . X O . X . X|
lO . X X X X X O X O . . . . X . O X X|
k. O O X X . X . . . . O . X O . O O O|
j. X . . . . X . . O . . . X . . O O .|
iX . O O O . . O . O O X O . . O . . O|
h. . X . X X X . O . X . O O O . O X O|
gO X . . . O X . . X . O . . X O X O X|
fO O O . . O . X . . X . . . O X . O O|
eO . . O . . . . . . X . X X X . . . O|
dO O X . . O O . . O O O . O . O . . O|
cO O X . O . . X X . X O X . X . . O .|
b. . O O X . . X . . O . . O O X O O .|
a. O . . . X X . . . . . . X . . . O X|
 A B C D E F G H I J K L M N O P Q R S|
gracz X
--------------------------------------+
s. X . X O X X . . X . . O X . . . . O|
r. O O . O X . O . O X X O . O . . . .|
q. X . X . . . . . O X O O O O . . O O|
pX O O . . X X X . X O . . X . X X X X|
o. . X X O . X . X X X . . . O . . . .|
nX X . O . O X . X X O . . . X X X X O|
mX X . . X . . . X O . . . X O . X X X|
lO . X X X X X O X O . . . . X . O X X|
k. O O X X . X . . . . O . X O . O O O|
j. X . . . . X . . O . . . X . . O O .|
iX . O O O . . O . O O X O . . O . . O|
h. . X . X X X . O . X . O O O . O X O|
gO X . . . O X . . X . O . . X O X O X|
fO O O . . O . X . . X . . . O X . O O|
eO . . O . . . . . . X . X X X . . . O|
dO O X . . O O . . O O O . O . O . . O|
cO O X . O . . X X . X O X . X . . O .|
b. . O O X X . X . . O . . O O X O O .|
a. O . . . X X . . . . . . X . . . O X|
 A B C D E F G H I J K L M N O P Q R S|
gracz O
--------------------------------------+
s. X . X O X X . . X O . O X . . . . O|
r. O O . O X . O . O X X O . O . . . .|
q. X . X . . . . . O X O O O O . . O O|
pX O O . . X X X . X O . . X . X X X X|
o. . X X O . X . X X X . . . O . . . .|
nX X . O . O X . X X O . . . X X X X O|
mX X . . X . . . X O . . . X O . X X X|
lO . X X X X X O X O . . . . X . O X X|
k. O O X X . X . . . . O . X O . O O O|
j. X . . . . X . . O . . . X . . O O .|
iX . O O O . . O . O O X O . . O . . O|
h. . X . X X X . O . X . O O O . O X O|
gO X . . . O X . . X . O . . X O X O X|
fO O O . . O . X . . X . . . O X . O O|
eO . . O . . . . . . X . X X X . . . O|
dO O X . . O O . . O O O . O . O . . O|
cO O X . O . . X X . X O X . X . . O .|
bO . O O X X . X . . O . . O O X O O .|
a. O . . . X X . . . . . . X . . . O X|
 A B C D E F G H I J K L M N O P Q R S|
wygral O
