--------------------------------------+
s. . . . . . . . . . . . . . . . . . .|
r. . . . . . . . . . . . . . . . . . .|
q. . . . . . . . . . . . . . . . . . .|
p. . . . . . . . . . . . . . . . . . .|
o. . . . . . . . . . . . . . . . . . .|
n. . . . . . . . . . . . . . . . . . .|
m. . . . . . . . . . . . . . . . . . .|
l. . . . . . . . . . . . . . . . . . .|
k. . . . . . . . . . . . . . . . . . .|
j. . . . . . . . . . . . . . . . . . .|
i. . . . . . . . . . . . . . . . . . .|
h. . . . . . . . . . . . . . . . . . .|
g. . . . . . . . . . . . . . . . . . .|
f. . . . . . . . . . . . . . . . . . .|
e. . . . . . . . . . . . . . . . . . .|
d. . . . . . . . . . . . . . . . . . .|
c. . . . . . . . . . . . . . . . . . .|
b. . . . . . . . . . . . . . . . . . .|
a. . . . . . . . . . . . . . . . . . .|
 A B C D E F G H I J K L M N O P Q R S|
gracz X
--------------------------------------+
s. . . . . . . . . . . . . . . . . . .|
r. . . . . . . . . . . . . . . . . . .|
q. . . . . . . . . . . . . . . . . . .|
p. . . . . . . . . . . . . . . . . . .|
o. . . . . . . . . . . . . . . . . . .|
n. . . . . . . . . . . . . . . . . . .|
m. . . . . . . . . . . . . . . . . . .|
l. . . . . . . . . . . . . . . . . . .|
k. . . . . . . . . . . . . . . . . . .|
j. . . . . . . . . . . . . . . . . . .|
i. . . . . . . . . . . . . . . . . . .|
h. . . . . . . . . . . . . . . . . . .|
g. . . . . . . . . . . . . . . . . . .|
f. . . . . . . . . . . . . . . . . . .|
e. . . . . . . . . . . . . . . . . . .|
d. . . . . . . . . . . . . . . . . . .|
c. . . . . . . . . X . . . . . . . . .|
b. . . . . . . . . . . . . . . . . . .|
a. . . . . . . . . . . . . . . . . . .|
 A B C D E F G H I J K L M N O P Q R S|
gracz O
--------------------------------------+
s. . . . . . . . . . . . . . . . . . .|
r. . . . . . . . . . . . . . . . . . .|
q. . . . . . . . . . . . . . . . . . .|
p. . . . . . . . . . . . . . . . . . .|
o. . . . . . . . . . . . . . . . . . .|
n. . . . . . . . . . . . . . . . . . .|
m. . . . . . . . . . . . . . . . . . .|
l. . . . . . . . . . . . . . . . . . .|
k. . . . . . . . . . . . . . . . . . .|
j. . . . . . . . . . . . . . . . . . .|
i. . . . . . . . . . . . . . . . . . .|
h. . . . . . O . . . . . . . . O . . .|
g. . . . . . . . . . . . . . . . . . .|
f. . . . . . . . . . . . . . . . . . .|
e. . . . . . . . . . . . . . . . . . .|
d. . . . . . . . . . . . . . . . . . .|
c. . . . . . . . . X . . . . . . . . .|
b. . . . . . . . . . . . . . . . . . .|
a. . . . . . . . . . . . . . . . . . .|
 A B C D E F G H I J K L M N O P Q R S|
gracz X
--------------------------------------+
s. . . . . . . . . . . . . . . X . . .|
r. . . . . . . . . . . . . . . . . . .|
q. . . . . . . . . . . . . . . . . . .|
p. . . . . . . . . . . . . . . . . . .|
o. . . . . . . . . . . . . . . . . . .|
n. . . . . . . . . . . . . . . . . . .|
m. . . . . . . . . . . . . . . . . . .|
l. . . . . . . . . . . . . . . . . . .|
k. . . . . . . X . . . . . . . . . . .|
j. . . . . . . . . . . . . . . . . . .|
i. . . . . . . . . . . . . . . . . . .|
h. . . . . . O . . . . . . . . O . . .|
g. . . . . . . . . . . . . . . . . . .|
f. . . . . . . . . . . . . . . . . . .|
e. . . . . . . . . . . . . . . . . . .|
d. . . . . . . . . . . . . . . . . . .|
c. . . . . . . . . X . . . . . . . . .|
b. . . . . . . . . . . . . . . . . . .|
a. . . . . . . . . . . . . . . . . . .|
 A B C D E F G H I J K L M N O P Q R S|
gracz O
--------------------------------------+
s. . . . . . . . . . . . . . . X . . .|
r. . . . . . . . . . . . . . . . . . .|
q. . . . . . . . . . . . . . . . . . .|
p. . . . . . . . . . . . . . . . . . .|
o. . . . . . . . . . . . . . . . . . .|
n. . . . . . . . . . . . . . . . . . .|
m. . . . . . . . . . . . . . . . . . .|
l. . . . . . . . . . . . . . . . . . .|
k. . . . . . . X . . . . . O . . . . .|
j. . . . . . . . . . . . . . . . . . .|
i. . . . . . . . . . . . . . . . . . .|
h. . . . . . O . . . . . . . . O . . .|
g. . . . . . . . . . . . . . . . . . .|
f. . . . . . . . . . . . . . . . . . .|
e. . . . . . . . . . . . . . . . . . .|
dO . . . . . . . . . . . . . . . . . .|
c. . . . . . . . . X . . . . . . . . .|
b. . . . . . . . . . . . . . . . . . .|
a. . . . . . . . . . . . . . . . . . .|
 A B C D E F G H I J K L M N O P Q R S|
gracz X
--------------------------------------+
s. . . . . . . . . . . . . . . X . . .|
r. . . . . . . . . . . . . . . . . . .|
q. . . . . . . . . . . . . . . . . . .|
p. . . . . . . . . . . . . . . . . . .|
o. . . . . . . . . . . . . . . . . . .|
n. . . . . . . . . . . . . . . . . . .|
m. . . . . . . . . . . . . . . . . . .|
l. . . . . . . . . . . . . . . . . . .|
k. . . . . . . X . . . . . O . . . . .|
j. . . . . . . . . . . . . . . . . . .|
i. . . . . . . . . . . . . . . . . . .|
h. . . . . . O . . . . . . . . O . . .|
gX . . . . . . . . . . . . . . . . . .|
f. . . . . . . . . . . . . X . . . . .|
e. . . . . . . . . . . . . . . . . . .|
dO . . . . . . . . . . . . . . . . . .|
c. . . . . . . . . X . . . . . . . . .|
b. . . . . . . . . . . . . . . . . . .|
a. . . . . . . . . . . . . . . . . . .|
 A B C D E F G H I J K L M N O P Q R S|
gracz O
--------------------------------------+
s. . . . . . . . . . . . . . . X . . .|
r. . . . . . . . . . . . . . . . . . .|
q. . . . . . . . . . . . . . . . . . .|
p. . . . . . . . . . . . . . . . . . .|
o. . . . . . . . . . . . . . . . . . .|
n. . . . . . . . . . . . . . . . . . .|
m. . . . . . . . . . . . . . . . . . .|
l. . . . . . . . . . . . . . . . . . .|
k. . . . . . . X . . . . . O . . . . O|
j. . . . . . . . . . . . . . . . . . .|
i. . . . . . . . . . . . . . . . . . .|
h. . . . . . O . . . . . . . . O . . .|
gX . . . . . . . . . . . . . . . . . .|
f. . . . . . . . . . . . . X . . . . .|
e. . . . . . . . . . . . . . . . . . .|
dO . . . . . . . . . . . . . . . . . .|
c. . . . . . . . . X . . . . . . . . .|
b. . . . . . . . . . . . . . . . . . .|
a. . . . . . . . . . . . . . . O . . .|
 A B C D E F G H I J K L M N O P Q R S|
gracz X
--------------------------------------+
s. . . . . . . . . . . . . . . X . . .|
r. . . . . . . . . . . . . . . . . . .|
q. . . . . . . . . . . . . . . . . . .|
p. . . . . . . . . . . . . . . . . . .|
o. . . . . . . . . . . . . . . . . . .|
n. . . . . . . . . . . . . . . . . . .|
m. . . . . . . . . . . . . . . . . . .|
l. . . . . . . . . . . . . . . . . . .|
k. . . . . . . X . . . . . O . . . . O|
j. . . . . . . . . . . . . . . . . . .|
i. . . . . . . . . . . . . . . . . . .|
h. . . . . . O . . . . . . . . O . . .|
gX . . . . . . . . . . . . . . X . . .|
f. . . . . . . . . . . . . X . . . . .|
e. . . . . . . . . . . . . . . . . . .|
dO . . . . . . . . . . . . . . . . . .|
c. . X . . . . . . X . . . . . . . . .|
b. . . . . . . . . . . . . . . . . . .|
a. . . . . . . . . . . . . . . O . . .|
 A B C D E F G H I J K L M N O P Q R S|
gracz O
--------------------------------------+
s. . . . . . . . . . . . . . . X . . .|
r. . . . . . . . . . . . . . . . . . .|
q. . . . . . . . . . . . . . . . . . .|
p. . . . . . . . . . . . . . . . . . .|
o. . . . . . . . . . . . . . . . . . .|
n. . . . . . . . . . . . . . . . . . .|
m. . . . . . . . . . . . . . . . . . .|
l. . . . . . . . . . . . . . . . . . .|
k. . . . . . . X . . . . . O . . . . O|
j. . . . . . . . . . . . . . . . . . .|
i. . . . . . . . . . . . . . . . . . .|
h. . . . . . O . . . . . . . . O . . .|
gX . . . . . . . . . . . . . . X . . .|
f. . . . . . . . . . . . . X . . . . .|
e. . . . . . . . . . . . . . . . . . .|
dO . . . . . . . . . . . . . . . . . .|
c. . X . . . . . . X . . . . . . . . .|
b. . . . . . . . . . . . . . . . . . .|
a. . . . . . . . . . . . . . . O . . .|
 A B C D E F G H I J K L M N O P Q R S|
gracz O
--------------------------------------+
s. . . . . . . . . . . . . . . X . . .|
r. . . . . . . . . . . . . . . . . . .|
q. . . . . . . . . . . . . . . . . O .|
p. . . . . . . . . . . . . . . . . . .|
o. . . . . . . . . . . . . . . . . . .|
n. . . . . . . . . . . . . . . . . . .|
m. . . . . . . . . . . . . . . . . . .|
l. . . . . . . . . . . . . . . . . . .|
k. . . . . . . X . . . . . O O . . . O|
j. . . . . . . . . . . . . . . . . . .|
i. . . . . . . . . . . . . . . . . . .|
h. . . . . . O . . . . . . . . O . . .|
gX . . . . . . . . . . . . . . X . . .|
f. . . . . . . . . . . . . X . . . . .|
e. . . . . . . . . . . . . . . . . . .|
dO . . . . . . . . . . . . . . . . . .|
c. . X . . . . . . X . . . . . . . . .|
b. . . . . . . . . . . . . . . . . . .|
a. . . . . . . . . . . . . . . O . . .|
 A B C D E F G H I J K L M N O P Q R S|
gracz X
--------------------------------------+
s. . . . . . . . . . . . . . . X . . .|
r. . . . . . . . . . . . . . . . . . .|
q. . . . . . . . . . . . . . . . . O .|
p. . . . . . . . . . . . . . . . X . .|
o. . . . . . . . . . . . . . . . . . .|
n. . . . . . . . . . . . . . . . . . .|
m. . . . . . . . . . . . . . . . . . .|
l. . . . . . . . . . . . . . . . . . .|
k. . . . . . . X . . . . . O O . . . O|
j. . . . . . . . . . . . . . . . . . .|
i. . . . . . . . . . . . . . . . . . .|
hX . . . . . O . . . . . . . . O . . .|
gX . . . . . . . . . . . . . . X . . .|
f. . . . . . . . . . . . . X . . . . .|
e. . . . . . . . . . . . . . . . . . .|
dO . . . . . . . . . . . . . . . . . .|
c. . X . . . . . . X . . . . . . . . .|
b. . . . . . . . . . . . . . . . . . .|
a. . . . . . . . . . . . . . . O . . .|
 A B C D E F G H I J K L M N O P Q R S|
gracz O
--------------------------------------+
s. . . . . . . . . . . . . . O X . . .|
r. . . . . . . . . . . . . . . . . . .|
q. . . . . . . . . . . . . . . . . O .|
p. . . . . . . . . . . . . . . . X . .|
o. . . . . . . . . . . . . . O . . . .|
n. . . . . . . . . . . . . . . . . . .|
m. . . . . . . . . . . . . . . . . . .|
l. . . . . . . . . . . . . . . . . . .|
k. . . . . . . X . . . . . O O . . . O|
j. . . . . . . . . . . . . . . . . . .|
i. . . . . . . . . . . . . . . . . . .|
hX . . . . . O . . . . . . . . O . . .|
gX . . . . . . . . . . . . . . X . . .|
f. . . . . . . . . . . . . X . . . . .|
e. . . . . . . . . . . . . . . . . . .|
dO . . . . . . . . . . . . . . . . . .|
c. . X . . . . . . X . . . . . . . . .|
b. . . . . . . . . . . . . . . . . . .|
a. . . . . . . . . . . . . . . O . . .|
 A B C D E F G H I J K L M N O P Q R S|
gracz X
--------------------------------------+
s. . . . . . . . . . . . . . O X . . .|
r. . . . . . . . . . . . . . . . . . .|
q. . . . . . . . . . . . . . . . . O .|
p. . . . . . . . . . . . . . . . X . X|
o. . . . . . . . . . . . . . O . . . .|
n. . . . . . . . . . . . . . . . . . .|
m. . . . . . . . . . . . . . . . . . .|
l. . . . . . . . . . . . . . . . . . .|
k. . . . . . . X . . . . . O O . . . O|
j. . . . . . . . . . . X . . . . . . .|
i. . . . . . . . . . . . . . . . . . .|
hX . . . . . O . . . . . . . . O . . .|
gX . . . . . . . . . . . . . . X . . .|
f. . . . . . . . . . . . . X . . . . .|
e. . . . . . . . . . . . . . . . . . .|
dO . . . . . . . . . . . . . . . . . .|
c. . X . . . . . . X . . . . . . . . .|
b. . . . . . . . . . . . . . . . . . .|
a. . . . . . . . . . . . . . . O . . .|
 A B C D E F G H I J K L M N O P Q R S|
gracz O
--------------------------------------+
s. . . . . . . . . . . . . . O X . . .|
r. . . . . . . . . . . . . . . . . . .|
q. . . . . . . . . . . . . . . . . O .|
p. . . . . . . . . . . . . . . . X . X|
o. . . . . . . . . . . . . . O . . . .|
n. . . . . . . . . . . . . . . . . . .|
m. . . . . . . . . . . . . . . . . . .|
l. . . . . . . . . . . . . . . . . . .|
k. . . . . . . X . . . . . O O . . . O|
j. . . . . . . . . . . X . . . . . . .|
i. . . . . . . . . . . . . . . . . . .|
hX . . . . . O . . . . . . O . O O . .|
gX . . . . . . . . . . . . . . X . . .|
f. . . . . . . . . . . . . X . . . . .|
e. . . . . . . . . . . . . . . . . . .|
dO . . . . . . . . . . . . . . . . . .|
c. . X . . . . . . X . . . . . . . . .|
b. . . . . . . . . . . . . . . . . . .|
a. . . . . . . . . . . . . . . O . . .|
 A B C D E F G H I J K L M N O P Q R S|
gracz X
--------------------------------------+
s. . . . . . . . . . . . . . O X . . .|
r. . . . . . . . . . . . . . . . . . .|
q. . . . . . . . . . . . . . . . . O .|
p. . . . . . . . . . . . . . . . X . X|
o. . . . . . . . . . . . . . O . . . .|
n. . . . . . . . . . . . . . . . . . .|
m. . . . . . . . . . . . . . . . . . .|
l. . . . . . . . . . . . . . . . . . .|
k. . . . . . . X . . . . . O O . . . O|
j. . . . . . . . . . . X . . . . . . .|
i. . . . . . . . . . . . . . . . . . .|
hX . . . . . O . . . . . . O . O O . .|
gX . . . . . . . . . . . . . . X . . .|
f. . . . . . . . . . . . . X . . . . .|
e. . . . . . . . . . . . . . . X . . .|
dO . . . . . . . . X . . . . . . . . .|
c. . X . . . . . . X . . . . . . . . .|
b. . . . . . . . . . . . . . . . . . .|
a. . . . . . . . . . . . . . . O . . .|
 A B C D E F G H I J K L M N O P Q R S|
gracz O
--------------------------------------+
s. . . . . . . . . . . . . . O X . . .|
r. . . . . . . . . . . . . . . . . . .|
q. . . . . . . . . . . . . . . . . O .|
p. . . . . . . . . . . . . . . . X . X|
o. . . . . . . . . . . . . . O . . . .|
n. . . . . . . . . . . . . . . . . . .|
m. . . . . . . . . . . . . . . . . . .|
l. . . . . . . . . . . . . . . . . . .|
k. . . . . . . X . . . . . O O . . . O|
j. . . . . . . . . . . X . . . . . O .|
i. . . . . . . . . . . . . . . . . . .|
hX . . . . . O . . . . . . O . O O . .|
gX . . . . . . . . . . . . . . X . . .|
f. . . . . . . . . . . . . X . . . . .|
e. . . . . . . . . . . . . . . X . . .|
dO . . . . . . . . X . . . . . . . . .|
c. . X . . . . . . X . . . . . . . . .|
b. . . . . . . . . . . . . . . . . . .|
a. . . . . . . . O . . . . . . O . . .|
 A B C D E F G H I J K L M N O P Q R S|
gracz X
--------------------------------------+
s. . . . . . . . . . . . . . O X . . .|
r. . . . . . . . . . . . . . . . . . .|
q. . . . . . . . . . . . . . . . . O .|
p. . . . . . . . . . . . . . . . X . X|
o. . . . . . . . . . . . . . O . . . .|
n. . . . . . . . . . . . . . . . . . .|
m. . . . . . . . . . . . . . . . . . .|
l. . . . . . . . . . . . . . . . . . .|
k. . . . . . . X . . . . . O O . . . O|
j. . . . . . . . . . . X . . . . . O .|
i. . . . . . . . . . . . . . . . . . .|
hX . . . . . O . . . . . . O . O O . .|
gX . . . . . . . . . . . . . . X . X .|
f. . . . . . . . . . . . . X . . . . .|
e. . . . . . . . . . . . . . . X . . .|
dO . . . . . . . . X . . . . . . . . .|
c. . X . X . . . . X . . . . . . . . .|
b. . . . . . . . . . . . . . . . . . .|
a. . . . . . . . O . . . . . . O . . .|
 A B C D E F G H I J K L M N O P Q R S|
gracz O
--------------------------------------+
s. . . . . . . . . . . . . . O X . . .|
r. . . . . . . . . . . . . . . . . . .|
q. . . . . . . . . . . . O . . . . O O|
p. . . . . . . . . . . . . . . . X . X|
o. . . . . . . . . . . . . . O . . . .|
n. . . . . . . . . . . . . . . . . . .|
m. . . . . . . . . . . . . . . . . . .|
l. . . . . . . . . . . . . . . . . . .|
k. . . . . . . X . . . . . O O . . . O|
j. . . . . . . . . . . X . . . . . O .|
i. . . . . . . . . . . . . . . . . . .|
hX . . . . . O . . . . . . O . O O . .|
gX . . . . . . . . . . . . . . X . X .|
f. . . . . . . . . . . . . X . . . . .|
e. . . . . . . . . . . . . . . X . . .|
dO . . . . . . . . X . . . . . . . . .|
c. . X . X . . . . X . . . . . . . . .|
b. . . . . . . . . . . . . . . . . . .|
a. . . . . . . . O . . . . . . O . . .|
 A B C D E F G H I J K L M N O P Q R S|
gracz X
--------------------------------------+
s. . . . . . . . . . . . . . O X . . .|
r. . . . . . . . . . . . . . . . . . .|
q. . . . . . . . . . . . O . . . . O O|
p. . . . . . . . . . . . . . . . X . X|
o. . . . . . . . . . . . . . O . . . .|
n. . . . . . . . . . . . . . . . . . .|
m. . . . . . . . . . . . . . . . . . .|
l. . . . . . . . . . . . . . . . . . .|
k. . . . . . . X . . . . . O O . . . O|
j. . . . . . . . . . . X . . . . . O .|
i. . . . . . . . . . . . . . . . . . .|
hX . . . . . O . . . . . . O . O O . .|
gX . . . . . . . . . . . . . . X . X .|
f. . . . . . . . . . . . . X . . . . .|
e. . . . . . . . . . . . . . . X . . .|
dO . X . . . . . . X . . . . . . . . .|
c. . X . X . . . . X . . . . . X . . .|
b. . . . . . . . . . . . . . . . . . .|
a. . . . . . . . O . . . . . . O . . .|
 A B C D E F G H I J K L M N O P Q R S|
gracz O
--------------------------------------+
s. . . . . . . . . . . . . . O X . . .|
r. . . . . . . . . . . . . . . . . . .|
q. . . . . . . . . . . . O . . . . O O|
p. . . . . . . . . . . . . . . . X . X|
o. . . . . . . . . . . . . . O . . . .|
n. . . . . . . . . . . . . . . . . . .|
m. . . . . . . . . . . . . . . . . . .|
l. . . . . . . . . . O . . . . . . . .|
k. . . . . . . X . . . . . O O . . . O|
j. . . . . . . . . . . X . . . . . O .|
i. . . . . . . . . . . . . . . . O . .|
hX . . . . . O . . . . . . O . O O . .|
gX . . . . . . . . . . . . . . X . X .|
f. . . . . . . . . . . . . X . . . . .|
e. . . . . . . . . . . . . . . X . . .|
dO . X . . . . . . X . . . . . . . . .|
c. . X . X . . . . X . . . . . X . . .|
b. . . . . . . . . . . . . . . . . . .|
a. . . . . . . . O . . . . . . O . . .|
 A B C D E F G H I J K L M N O P Q R S|
gracz X
--------------------------------------+
s. . . . . . . . . . . . . . O X . . .|
r. . . . . . . . . . . . . . . . . . .|
q. . . . . . . . . . . . O . . . . O O|
p. . . . . . . . . . . . . . . . X . X|
o. . . . . . . . . . . . . . O . . . .|
n. . . . . . X . . . . . . . . . . . .|
m. . . . . . . . . . . . . . . . . . .|
l. . . . . . . . . . O . . . . . . . .|
k. . . . . . . X . . . . . O O . . . O|
j. . . . . . . . . . . X . . . . . O .|
i. . . . . . . . . . . . . . . . O . .|
hX . . . . . O . . . . . . O . O O . .|
gX . . . . . . . . . . . . . . X . X .|
f. . . . . . . . . . . . . X . . . . .|
e. . . . . . . . . . . . . . . X . . .|
dO . X . . . . . . X . . . . . . . . .|
c. . X . X . . . . X . X . . . X . . .|
b. . . . . . . . . . . . . . . . . . .|
a. . . . . . . . O . . . . . . O . . .|
 A B C D E F G H I J K L M N O P Q R S|
gracz O
--------------------------------------+
s. . . . . . . . . . . . . . O X . . .|
r. . . . . . . . . . . . . . . . . . .|
q. . . . . . . . . . . . O . . . . O O|
p. . . . . . . . . . . . . . . . X . X|
o. . . . . . . . . . . . . . O . . . .|
n. . . . . . X . . . . . . . . . . . .|
m. . . . . . . . . . . . . . . . . . .|
l. . . . . . . . . . O . . . . . . . .|
k. . . . . . . X . . . . . O O . . . O|
j. . . . . . . . . . . X . . . . . O .|
i. . . . . . . . . . . . . . . . O . .|
hX . . . . . O . . . . . . O . O O . O|
gX . . . . . . . . . . . . . . X . X .|
f. . . . . . . . . . . . . X . . . . .|
e. . . . . . . . . . . . . . . X . . .|
dO . X . . . . . . X . . . . . . . . .|
c. . X . X . . . O X . X . . . X . . .|
b. . . . . . . . . . . . . . . . . . .|
a. . . . . . . . O . . . . . . O . . .|
 A B C D E F G H I J K L M N O P Q R S|
gracz X
--------------------------------------+
s. . . . . . . . . . . . . . O X . . .|
r. . . . . . . . . . . . . . . . . . .|
q. . . . . . . . . . . . O . . . . O O|
p. . . . . . . . . . . . . . . . X . X|
o. . . . . . . . . . . . . . O . . . .|
n. . . . . . X . . . . . . . . . . . .|
m. . . . . . . . . . . . . . . . . . .|
l. . . . . . . . . . O . . . . . . . .|
k. . . . . . . X . . . . . O O . . . O|
j. . . . . . . . . . . X . . . . . O .|
i. . . . . . . . . . . . . . . . O . .|
hX . . . . . O . . . . . . O . O O . O|
gX . . . . . . . . . . . . . . X . X .|
f. . . . . . . . . . . . . X . . . . .|
e. . . . . . . X . . . . . . . X . . .|
dO . X . . . . . . X . . . . . . . . .|
c. . X . X . . . O X . X . . . X . . .|
b. . . . . . . . . . . . . . X . . . .|
a. . . . . . . . O . . . . . . O . . .|
 A B C D E F G H I J K L M N O P Q R S|
gracz O
--------------------------------------+
s. . . . . . . . . . . . . . O X . . .|
r. . . . . . . . . . . . . . . . . . .|
q. . . . . . . . . . . . O . . . . O O|
p. . . . . . . . . . . . . . . . X . X|
o. . . . . . . . . . . . . . O . . . .|
n. . . . . . X . . . . . . . . . . . .|
m. . . . . . . . . . . . . . . . . . .|
l. . . . . . . . . . O . . . . . . . .|
k. . . . . . . X . . . . . O O . . . O|
j. . . . . . . . . . . X . . . . . O .|
i. . . . . . . . . . . . . . . . O . .|
hX . . . . . O . . . . . . O . O O . O|
gX . . . . . . . . . . . . . . X . X .|
f. . . . . . . . . . . . . X . . . . O|
e. . . . . . . X . . . . . . . X . . .|
dO . X . . . . . . X . . . . . . . . .|
c. . X O X . . . O X . X . . . X . . .|
b. . . . . . . . . . . . . . X . . . .|
a. . . . . . . . O . . . . . . O . . .|
 A B C D E F G H I J K L M N O P Q R S|
gracz X
--------------------------------------+
s. . . . . . . . . . . . . . O X . . .|
r. . . . . . . . . . . . . . . . . . .|
q. . . . . . . . . . . . O . . . . O O|
p. . . . . . . . . . . . . . . . X . X|
o. . . . . . . . . . . . . . O . . . .|
n. . . . . . X . . X . . . . . . . . .|
m. . . . . . . . . . . . . . . . . . .|
l. . . . . . . . . . O . . . . . . . .|
k. . . . . . . X . . . . . O O . . . O|
j. . . . . . . . . . . X . . . . . O .|
i. . . . . . . . . . . . . . . . O . .|
hX . . . . . O . . . . . . O . O O . O|
gX . . . . . . . . . . . . . . X . X .|
f. . . . . . . . . . . . . X . . . . O|
e. . . . . . . X . . . . . . . X . . .|
dO . X . . . . . . X . . . . . . . . .|
c. . X O X . X . O X . X . . . X . . .|
b. . . . . . . . . . . . . . X . . . .|
a. . . . . . . . O . . . . . . O . . .|
 A B C D E F G H I J K L M N O P Q R S|
gracz O
--------------------------------------+
s. . . . . . . . . . . . . . O X . . .|
r. . . . . . . . . . . . . . . . . . .|
q. . . . . . . . . . . . O . . . . O O|
p. . . . . . . . . . . . . . . . X . X|
o. . . . . . . . . . . . . . O . . . .|
n. . . . . . X . . X . . . . . . . . .|
m. . . . . . . . . . . . . . . . . . .|
l. . . . . . . . . . O . . . . . . . .|
k. . . . . . . X . . . . . O O . . . O|
j. . . . . . . . . . . X . . . . . O .|
i. . . . . . . . . . . . . . . . O . .|
hX . . . . . O . . . . . . O . O O . O|
gX . . . . . . . . . . . . . . X . X .|
f. . . . . . . . . . . . . X . . . . O|
e. O . . . . . X . . . . . . . X . . .|
dO . X . . . . . . X . . . . . . . . .|
c. . X O X O X . O X . X . . . X . . .|
b. . . . . . . . . . . . . . X . . . .|
a. . . . . . . . O . . . . . . O . . .|
 A B C D E F G H I J K L M N O P Q R S|
gracz X
--------------------------------------+
s. . . . . . . . . . . . . . O X . . .|
r. . . . . . . . . . . . . . . . . . .|
q. . . . . . . . . . . . O . . . . O O|
p. . . . . . . . . . . . . . . . X . X|
o. X . . . . . . . . . . . . O . . . .|
n. . . . . . X . . X . . . . . . . . .|
m. . . . . . . . . . . . . . . . . . .|
l. . . . . . . . . . O . . . . . . . .|
k. . . . . . . X . . . . . O O . . . O|
j. . . . . . . . . . . X . . . . . O .|
i. . . . . . . . . . . . . . . . O . .|
hX . . . . . O . . . . . . O . O O . O|
gX . . . . . . . . . . . . . . X . X .|
f. . . . . . . . . . . . . X . . X . O|
e. O . . . . . X . . . . . . . X . . .|
dO . X . . . . . . X . . . . . . . . .|
c. . X O X O X . O X . X . . . X . . .|
b. . . . . . . . . . . . . . X . . . .|
a. . . . . . . . O . . . . . . O . . .|
 A B C D E F G H I J K L M N O P Q R S|
gracz O
--------------------------------------+
s. . . . . . . . . . . . . . O X . . .|
r. . . . . . . . . . . . . . . . . . .|
q. . . . . . . . . . . . O . . . . O O|
p. . . . . . . . . . . . . . . . X . X|
o. X . . . . . . . . . . . . O . . . .|
n. . . . . . X . . X . . . . . . . . .|
m. . . . . . . . . . . . . . . . . . .|
l. . . . . . . . . . O . . . . . . . .|
k. . . . . . . X . . . . . O O . . . O|
j. . . . . . . . . . . X . . . . . O .|
i. . . . . . . . . . . . . . . . O . .|
hX . . . . . O . . . . . . O . O O . O|
gX . . . . . . . . O . . . . . X . X .|
f. . . . . . . . . . . . . X . . X . O|
e. O . . . . . X . . . . . . . X . . .|
dO . X . . . . . . X . . . . . . . . .|
c. . X O X O X . O X . X . . . X . . .|
b. . . . . . . . . . . O . . X . . . .|
a. . . . . . . . O . . . . . . O . . .|
 A B C D E F G H I J K L M N O P Q R S|
gracz X
--------------------------------------+
s. . . . X . . . . . . . . . O X . . .|
r. . . . . . . . . . . . . . . . . . .|
q. . . . . . . . X . . . O . . . . O O|
p. . . . . . . . . . . . . . . . X . X|
o. X . . . . . . . . . . . . O . . . .|
n. . . . . . X . . X . . . . . . . . .|
m. . . . . . . . . . . . . . . . . . .|
l. . . . . . . . . . O . . . . . . . .|
k. . . . . . . X . . . . . O O . . . O|
j. . . . . . . . . . . X . . . . . O .|
i. . . . . . . . . . . . . . . . O . .|
hX . . . . . O . . . . . . O . O O . O|
gX . . . . . . . . O . . . . . X . X .|
f. . . . . . . . . . . . . X . . X . O|
e. O . . . . . X . . . . . . . X . . .|
dO . X . . . . . . X . . . . . . . . .|
c. . X O X O X . O X . X . . . X . . .|
b. . . . . . . . . . . O . . X . . . .|
a. . . . . . . . O . . . . . . O . . .|
 A B C D E F G H I J K L M N O P Q R S|
gracz O
--------------------------------------+
s. . . . X . . O . . . . . . O X . . .|
r. . . . . . . . . . . . . . . . . . .|
q. . . . . . . . X . . . O . . . . O O|
p. . . . O . . . . . . . . . . . X . X|
o. X . . . . . . . . . . . . O . . . .|
n. . . . . . X . . X . . . . . . . . .|
m. . . . . . . . . . . . . . . . . . .|
l. . . . . . . . . . O . . . . . . . .|
k. . . . . . . X . . . . . O O . . . O|
j. . . . . . . . . . . X . . . . . O .|
i. . . . . . . . . . . . . . . . O . .|
hX . . . . . O . . . . . . O . O O . O|
gX . . . . . . . . O . . . . . X . X .|
f. . . . . . . . . . . . . X . . X . O|
e. O . . . . . X . . . . . . . X . . .|
dO . X . . . . . . X . . . . . . . . .|
c. . X O X O X . O X . X . . . X . . .|
b. . . . . . . . . . . O . . X . . . .|
a. . . . . . . . O . . . . . . O . . .|
 A B C D E F G H I J K L M N O P Q R S|
gracz X
--------------------------------------+
s. . . . X . . O . . . . . . O X . . .|
r. . . . . . . . . . . . . . . . . . .|
q. . . . . . . . X . . . O . . . . O O|
p. . . . O . . . . . . . . . . . X . X|
o. X . . . . . . . . . . . . O . . . .|
n. . . . . . X . . X . . . . . . . . .|
m. . . . . . . . . . . . . . . . . . .|
l. . . . . . . . . . O . . . . . . . .|
k. . . . . . . X . . . . . O O . . . O|
j. . . . . . . . . . . X . . . . . O .|
i. . . . . . . . X . . . . . . . O . .|
hX . . . . . O . . . X . . O . O O . O|
gX . . . . . . . . O . . . . . X . X .|
f. . . . . . . . . . . . . X . . X . O|
e. O . . . . . X . . . . . . . X . . .|
dO . X . . . . . . X . . . . . . . . .|
c. . X O X O X . O X . X . . . X . . .|
b. . . . . . . . . . . O . . X . . . .|
a. . . . . . . . O . . . . . . O . . .|
 A B C D E F G H I J K L M N O P Q R S|
gracz O
--------------------------------------+
s. . . . X . . O . . . . . . O X . . .|
r. . . . . . . . . . . . . . . . . . .|
q. . . . . . . . X . . . O . . . . O O|
p. . . . O . . . . . . . . . . . X . X|
o. X . . . . . . . . . . . . O . . . .|
n. . . . . . X . . X . . . . . . . O .|
m. . . . . . . . . . . . . . . . . . .|
l. . . . . . . . . . O . . . . . . . .|
k. . . . . . . X . . . . . O O . . . O|
j. . . . . . . . . . . X . . . . . O .|
i. . . . . . . . X . . . . . . . O . .|
hX . . . . . O . . . X . . O . O O . O|
gX . . . . . . . . O . . . . . X . X .|
f. . . . . . . . . . . . . X . . X . O|
e. O . . . . . X . . . O . . . X . . .|
dO . X . . . . . . X . . . . . . . . .|
c. . X O X O X . O X . X . . . X . . .|
b. . . . . . . . . . . O . . X . . . .|
a. . . . . . . . O . . . . . . O . . .|
 A B C D E F G H I J K L M N O P Q R S|
gracz X
--------------------------------------+
s. . . . X . . O . . . . . . O X . . .|
r. . . . . . . . . . . . . . . . X . .|
q. . . . . . . . X . . . O . . . . O O|
p. . . . O . . . . . . . . . . . X . X|
o. X . . . . . . . . . . . . O . . . .|
n. . . . . . X . . X . . . . . . . O .|
m. . . . . . . . . . . . . . . . . . .|
l. . . . . . . . . . O . . . . . . . .|
k. . . . . . . X . . . . . O O . . . O|
j. . . . . . . . . . . X . . . . . O .|
i. . . . . . . . X . . . . . . . O . .|
hX . . . . . O . . . X . . O . O O . O|
gX . . . . . . . . O . . . . . X . X .|
f. . . . . . . . . . . . . X . . X . O|
e. O . . . . . X . . . O . . . X . . .|
dO . X . . . . . . X . . . . . . . . X|
c. . X O X O X . O X . X . . . X . . .|
b. . . . . . . . . . . O . . X . . . .|
a. . . . . . . . O . . . . . . O . . .|
 A B C D E F G H I J K L M N O P Q R S|
gracz O
--------------------------------------+
s. . . . X . . O . . . . . . O X . . .|
r. . . . . . . . . . . . . . . . X . .|
q. . . . . . . . X . . . O . . . . O O|
p. . . . O . . . . . . . . . . . X . X|
o. X . . . . . . . . . . . . O . . O .|
n. . . . . O X . . X . . . . . . . O .|
m. . . . . . . . . . . . . . . . . . .|
l. . . . . . . . . . O . . . . . . . .|
k. . . . . . . X . . . . . O O . . . O|
j. . . . . . . . . . . X . . . . . O .|
i. . . . . . . . X . . . . . . . O . .|
hX . . . . . O . . . X . . O . O O . O|
gX . . . . . . . . O . . . . . X . X .|
f. . . . . . . . . . . . . X . . X . O|
e. O . . . . . X . . . O . . . X . . .|
dO . X . . . . . . X . . . . . . . . X|
c. . X O X O X . O X . X . . . X . . .|
b. . . . . . . . . . . O . . X . . . .|
a. . . . . . . . O . . . . . . O . . .|
 A B C D E F G H I J K L M N O P Q R S|
gracz X
--------------------------------------+
s. . . . X . . O . . . . . . O X . . .|
r. . . . . . . . . . . . . . . . X . .|
q. . . . . . . . X . . . O . . . . O O|
p. . . . O . . . . . . . . . . . X . X|
o. X . . . . . . . . . . . . O . . O .|
n. . . . . O X . . X . . . . . . . O .|
m. . . . . . . . . . . . . . . . . . .|
l. . . . . . . . . . O . . . . . . . .|
k. . . . . . . X . . . . . O O . . . O|
j. . . . . . . . . . . X . . . . . O .|
i. . . . . . . . X . . . . . . . O . .|
hX . . . . . O . . . X . . O . O O . O|
gX . . . . . . . . O . . . . . X . X .|
f. . . . . . . . . . . . . X . . X . O|
e. O . . . . . X . . . O . . . X . . .|
dO . X . . . . . . X . . . . . . . . X|
c. . X O X O X . O X . X . . . X . . .|
b. . . . . . . . . . . O . . X . X . .|
a. . . . . . . . O X . . . . . O . . .|
 A B C D E F G H I J K L M N O P Q R S|
gracz O
--------------------------------------+
s. . . . X . . O . . . . . . O X . . .|
r. . . . . . . . . . . . . . . . X . .|
q. . . . . . . . X . . . O . . . . O O|
p. . . . O . . . . . . . . . . . X . X|
o. X . . . . . . . O . . . . O . . O .|
n. . . . . O X . . X . . . . . . . O .|
m. . . . . . . . . . . . . . . . . . .|
l. . . . . . . . . . O . . . . . . . .|
k. . . . . . . X . . . . . O O . . . O|
j. . . . . . . . . . . X . . . . . O .|
i. . . . . . . . X . . . . . . . O . .|
hX . . . . . O . . . X . . O . O O . O|
gX O . . . . . . . O . . . . . X . X .|
f. . . . . . . . . . . . . X . . X . O|
e. O . . . . . X . . . O . . . X . . .|
dO . X . . . . . . X . . . . . . . . X|
c. . X O X O X . O X . X . . . X . . .|
b. . . . . . . . . . . O . . X . X . .|
a. . . . . . . . O X . . . . . O . . .|
 A B C D E F G H I J K L M N O P Q R S|
gracz X
--------------------------------------+
s. . . . X . . O . . . . . . O X . . .|
r. . . . . . . . . . . . . . . . X . .|
q. . . . . . . . X . . . O . . . . O O|
p. . . . O . . . . . . . . . X . X . X|
o. X . . . . . . . O . . . . O . . O .|
n. . . . . O X . . X . . . . . . . O .|
m. . . . . . . . . . . . . . . . . . .|
l. . . . . . . . . . O . . . . . . . .|
k. . . . . . . X . . . . . O O . . . O|
j. . . . . . . . . . . X . . . . . O .|
i. . . . . . . . X . . . . . . . O . .|
hX . . . . . O . . . X . . O . O O . O|
gX O . . . . . . . O . . . . . X . X .|
f. . . . . . . . . . . . . X . . X . O|
e. O . . . . . X . . . O . . . X . . .|
dO . X . . . . . . X . . . . . . . . X|
c. . X O X O X . O X . X . . . X . . .|
b. . X . . . . . . . . O . . X . X . .|
a. . . . . . . . O X . . . . . O . . .|
 A B C D E F G H I J K L M N O P Q R S|
gracz O
--------------------------------------+
s. . . . X . . O . . . . . . O X . . .|
r. . . O . . . . . . . . . . . . X . .|
q. . . . . . . . X . . . O . . . . O O|
p. . . . O . . . . . . . . . X . X . X|
o. X . . . . . . . O . . . . O . . O .|
n. . . . . O X . . X . . . . . . . O .|
m. . . . . . . . . . . . . . . . . . .|
l. . . . . . . . . . O . . . . . . . .|
k. . . . . . . X . . . . . O O . . . O|
j. . . . . . . . . . . X . . . . . O O|
i. . . . . . . . X . . . . . . . O . .|
hX . . . . . O . . . X . . O . O O . O|
gX O . . . . . . . O . . . . . X . X .|
f. . . . . . . . . . . . . X . . X . O|
e. O . . . . . X . . . O . . . X . . .|
dO . X . . . . . . X . . . . . . . . X|
c. . X O X O X . O X . X . . . X . . .|
b. . X . . . . . . . . O . . X . X . .|
a. . . . . . . . O X . . . . . O . . .|
 A B C D E F G H I J K L M N O P Q R S|
gracz X
--------------------------------------+
s. . . . X . . O . . . . . . O X . . .|
r. . . O . . . . . . . . . . . . X . .|
q. . . . . . . . X . . . O . . . . O O|
p. . . . O . . . . . . . . . X . X . X|
o. X . . . . . . . O . . . . O . . O .|
n. . . . . O X . . X . . . . . . . O .|
m. . . . . . . . . . . . . . . . . . .|
l. . . . . . . . . . O . . . . . . . .|
k. . . . . . . X . . . . . O O . . . O|
j. . . . . . . . . . . X . . . . . O O|
i. . . . . . . . X . . . . . . . O . .|
hX . . . . . O . . . X . . O . O O . O|
gX O . . . . . . . O . . . . . X . X .|
f. . . . . . . . . . . . . X . . X . O|
e. O . . . . . X . . . O . . . X . . .|
dO . X . . . . . . X . . . . . . . . X|
c. . X O X O X . O X . X . X . X . . .|
b. . X . . . . . . X . O . . X . X . .|
a. . . . . . . . O X . . . . . O . . .|
 A B C D E F G H I J K L M N O P Q R S|
gracz O
--------------------------------------+
s. . . . X . . O . . . . . . O X . . .|
r. . . O . . . . . . . . . . . . X . .|
q. . . . . . . . X . . . O . . . . O O|
p. . . . O . . . . . . . . . X . X . X|
o. X . . . . . . . O . . . . O . . O .|
n. . . . . O X . . X . . . . . . . O .|
m. . . . . . . . . . . . . . . . . . .|
l. . . . . . . . . . O . . . . . . . .|
k. . . . . . . X . . . . . O O . . . O|
j. . . . . . . . . . . X . . . . . O O|
i. . . . . . . . X . . . . . . . O . .|
hX . . . . . O . . . X . . O . O O . O|
gX O . . . O . . . O O . . . . X . X .|
f. . . . . . . . . . . . . X . . X . O|
e. O . . . . . X . . . O . . . X . . .|
dO . X . . . . . . X . . . . . . . . X|
c. . X O X O X . O X . X . X . X . . .|
b. . X . . . . . . X . O . . X . X . .|
a. . . . . . . . O X . . . . . O . . .|
 A B C D E F G H I J K L M N O P Q R S|
gracz X
--------------------------------------+
s. . . . X . . O . . . . . . O X . . .|
r. . . O . . . . . . . . . . . . X . .|
q. . . . . . . . X . . . O . . . . O O|
p. . . . O . . . . . . . . . X . X . X|
o. X . . . . . . . O . . . . O . . O .|
n. . . . . O X . . X . . . . . . . O .|
m. . . . . . . . . . . . . . . . . . .|
l. . . . . . . . . . O . . . . . . . .|
k. . . . . . . X . . . . . O O . . . O|
j. . . . . . . . . . . X . . . . . O O|
i. . . . . . . . X . . . . . . . O . .|
hX . . . . . O . . . X . . O . O O . O|
gX O . . . O . . . O O . . . . X . X .|
f. . X . . . . . . . . . . X . . X . O|
e. O . . X . . X . . . O . . . X . . .|
dO . X . . . . . . X . . . . . . . . X|
c. . X O X O X . O X . X . X . X . . .|
b. . X . . . . . . X . O . . X . X . .|
a. . . . . . . . O X . . . . . O . . .|
 A B C D E F G H I J K L M N O P Q R S|
gracz O
--------------------------------------+
s. . . . X . . O . . . . . . O X . . .|
r. . . O . . . . . . . . . . . . X . .|
q. . . . . . . . X . . . O . . . . O O|
p. . . . O . . . . . . . . . X . X . X|
o. X . . . . . . . O . . . . O . . O .|
n. . . . . O X . . X . . . . . . . O .|
m. . . . . . . . . . . . . . . . . . .|
l. . . . . . . . . . O . . . . . . . .|
k. . . . . . . X . . . . . O O . . . O|
j. . . . . . . . . . . X . . . . . O O|
i. . . . . . . . X . . . . . . . O . .|
hX . . . . . O . . . X . . O . O O . O|
gX O O . . O . . . O O . . . . X . X .|
fO . X . . . . . . . . . . X . . X . O|
e. O . . X . . X . . . O . . . X . . .|
dO . X . . . . . . X . . . . . . . . X|
c. . X O X O X . O X . X . X . X . . .|
b. . X . . . . . . X . O . . X . X . .|
a. . . . . . . . O X . . . . . O . . .|
 A B C D E F G H I J K L M N O P Q R S|
gracz X
--------------------------------------+
s. . . . X . . O . . . . . . O X . . .|
r. . . O . . . . . . . . . . . . X . X|
q. . . . . . . . X . . . O . . . . O O|
p. . . . O . . . . . . . . . X . X . X|
o. X . . . . . . . O . . . . O . . O .|
n. . . . . O X . . X . . . . . . . O .|
m. . . . . . . . . . . . . . . . . . .|
l. . . . . . . . . . O . . . . . . . .|
k. . . . . . . X . . . . . O O . . . O|
j. . . . . . . . . . . X . . . . . O O|
i. . . . . . . . X . . . . . . . O . .|
hX . . . . . O . . . X . . O . O O . O|
gX O O . . O . . . O O . . . . X . X .|
fO . X . . . . . . . . . . X . . X . O|
e. O . . X . . X . . . O . . X X . . .|
dO . X . . . . . . X . . . . . . . . X|
c. . X O X O X . O X . X . X . X . . .|
b. . X . . . . . . X . O . . X . X . .|
a. . . . . . . . O X . . . . . O . . .|
 A B C D E F G H I J K L M N O P Q R S|
gracz O
--------------------------------------+
s. . . . X . . O . . . . . . O X . . .|
r. . . O . . . . . . . . . . . . X . X|
q. O . . . . . . X . . . O . . . . O O|
p. . . . O . . . . . . . . . X . X . X|
o. X . . . . . . . O . . . . O . . O .|
n. . . . . O X . . X . . . . . . . O .|
m. . . . . . . . . . . . . . . . . . .|
l. . . . . . . . . . O . . . . . . . .|
k. . . . . . . X . . . . . O O . . . O|
j. . . . . . . . . . . X . . . . . O O|
i. . . . . . . . X . . O . . . . O . .|
hX . . . . . O . . . X . . O . O O . O|
gX O O . . O . . . O O . . . . X . X .|
fO . X . . . . . . . . . . X . . X . O|
e. O . . X . . X . . . O . . X X . . .|
dO . X . . . . . . X . . . . . . . . X|
c. . X O X O X . O X . X . X . X . . .|
b. . X . . . . . . X . O . . X . X . .|
a. . . . . . . . O X . . . . . O . . .|
 A B C D E F G H I J K L M N O P Q R S|
gracz X
--------------------------------------+
s. . . . X . . O . . . . . . O X . . .|
r. . . O . . . . . . . . . . . . X . X|
q. O . . . . . . X . . . O . . . . O O|
p. . . . O . . . . . . . . . X . X . X|
o. X . . . . . . . O . . . . O . . O .|
n. . . . . O X . . X . . . . . . . O .|
m. . . . . . . . . . . . . . . . . . .|
l. . . . . . . . . . O . . . . . . . .|
k. . . . . . . X . . . . . O O . . . O|
j. . . . . . . . . . . X . . . . . O O|
i. . . . . . . . X . . O . X . . O . .|
hX . . . . . O . . . X . . O . O O . O|
gX O O . . O . . . O O . . . . X . X .|
fO . X . . . . . . . . . . X . . X . O|
e. O . . X . . X . . . O . . X X . . .|
dO . X . X . . . . X . . . . . . . . X|
c. . X O X O X . O X . X . X . X . . .|
b. . X . . . . . . X . O . . X . X . .|
a. . . . . . . . O X . . . . . O . . .|
 A B C D E F G H I J K L M N O P Q R S|
gracz O
--------------------------------------+
s. . . . X . . O . . . . . . O X . . .|
r. . . O . . . . . . . . . . . . X . X|
q. O . . . . . . X . . . O . . . . O O|
p. . . . O . . . . . . . . . X . X . X|
o. X . . . . . . . O . . . . O . . O .|
n. . . . . O X . . X . . . . . . . O .|
m. . . . . . . . . . . . . . . . . . .|
l. . . . . . . . . . O . . . . . . . .|
k. . . . . . . X . . . . . O O . . . O|
j. . . . . . . . . . . X . . . O . O O|
i. . . . . . . . X . . O . X . . O . .|
hX . . . . . O . . . X . . O . O O . O|
gX O O . . O . . . O O . . . . X . X .|
fO . X . . . . . . . . . . X . . X . O|
e. O O . X . . X . . . O . . X X . . .|
dO . X . X . . . . X . . . . . . . . X|
c. . X O X O X . O X . X . X . X . . .|
b. . X . . . . . . X . O . . X . X . .|
a. . . . . . . . O X . . . . . O . . .|
 A B C D E F G H I J K L M N O P Q R S|
gracz X
--------------------------------------+
s. . . . X . . O . . . . . . O X . . .|
r. . . O . . . . . . X . . . . . X . X|
q. O . . . . . . X . . . O . . . . O O|
p. . . . O . . . . . . . . . X . X . X|
o. X . . . . . . . O . . . . O . . O .|
n. . . . . O X . . X . . . . . . . O .|
m. . . . . . . . . . . . . . . . . . .|
l. . . . . . . . . . O . . . . . . . .|
k. . . . . . . X . . . . . O O . . . O|
j. . . . . . . . . . . X . . . O . O O|
i. . . . . . . . X . . O . X . . O . .|
hX . . . . . O . . . X . . O . O O . O|
gX O O . . O . . . O O . . . . X . X .|
fO . X . . . . . . . . . X X . . X . O|
e. O O . X . . X . . . O . . X X . . .|
dO . X . X . . . . X . . . . . . . . X|
c. . X O X O X . O X . X . X . X . . .|
b. . X . . . . . . X . O . . X . X . .|
a. . . . . . . . O X . . . . . O . . .|
 A B C D E F G H I J K L M N O P Q R S|
gracz O
--------------------------------------+
s. . . . X . . O O . . . . . O X . . .|
r. . . O . . . . . . X . . . . . X . X|
q. O . . . . . . X . . . O . . . . O O|
p. . . . O . . . . . . . . . X . X . X|
o. X . . . . . . . O . . . . O . . O .|
n. . . . . O X . . X . . . . . . . O .|
m. . . . . . . . . . . . . . . . . . .|
l. . . . . . . . . . O . . . . . . . .|
k. . . . . . . X . . . . . O O . . . O|
j. . . . . . . . . . . X . . . O . O O|
i. . . . . . . . X . . O . X . . O . .|
hX . . . . . O . . . X . . O . O O . O|
gX O O . . O . . . O O . . . . X . X .|
fO . X . . . . . . . . . X X . . X . O|
e. O O . X . . X . . . O . . X X . . .|
dO . X . X . . . . X . . . . . . . . X|
c. . X O X O X . O X O X . X . X . . .|
b. . X . . . . . . X . O . . X . X . .|
a. . . . . . . . O X . . . . . O . . .|
 A B C D E F G H I J K L M N O P Q R S|
gracz X
--------------------------------------+
s. . . . X . . O O . . . . . O X . . .|
r. . . O . . . . . . X . . . . . X . X|
q. O . . . . . . X . . . O . . . . O O|
p. . . . O . . . . . . . . . X . X . X|
o. X . . . . . . . O . . . . O . . O .|
n. . . . . O X . . X . . . . . . . O .|
m. . . . . . . . . . . . . . . . . . .|
l. . . . . . . . . . O . . . . . . . .|
k. . . . . . . X . . . . . O O . . . O|
j. . X . . . . . . . . X . . . O . O O|
i. . . . . . . . X . . O . X . . O . .|
hX . . . . . O . . . X . . O . O O . O|
gX O O . . O . . . O O . . . . X . X .|
fO . X . . . . . . . . . X X . . X . O|
e. O O . X . X X . . . O . . X X . . .|
dO . X . X . . . . X . . . . . . . . X|
c. . X O X O X . O X O X . X . X . . .|
b. . X . . . . . . X . O . . X . X . .|
a. . . . . . . . O X . . . . . O . . .|
 A B C D E F G H I J K L M N O P Q R S|
gracz O
--------------------------------------+
s. . . . X . . O O . . . . . O X . . .|
r. . . O . . . . . . X . . . . . X . X|
q. O . . . . . . X . . O O . . . . O O|
p. . . . O . . . . . . . . . X . X . X|
o. X . . . . . . . O . . . . O . . O .|
n. . . . . O X . . X . . . . . . . O .|
m. . . . . . . . . . . . . . . . . . .|
l. . . . . . . . . . O . . . . . . . .|
k. . . . . . . X . . . . . O O . . . O|
j. . X . . . . . . . . X . . . O . O O|
i. . . . . . . . X . . O . X . . O . .|
hX . . . . . O . . . X . . O . O O . O|
gX O O . . O . O . O O . . . . X . X .|
fO . X . . . . . . . . . X X . . X . O|
e. O O . X . X X . . . O . . X X . . .|
dO . X . X . . . . X . . . . . . . . X|
c. . X O X O X . O X O X . X . X . . .|
b. . X . . . . . . X . O . . X . X . .|
a. . . . . . . . O X . . . . . O . . .|
 A B C D E F G H I J K L M N O P Q R S|
gracz X
--------------------------------------+
s. . . . X . . O O . . . . . O X . . .|
r. . . O . . . . . . X . . . . . X . X|
q. O . . . . . . X . . O O . . . X O O|
p. . . . O . . . . . . . . . X . X . X|
o. X . . . . . . . O . . . . O . . O .|
n. . . . . O X . . X . . . . . . . O .|
m. . . . . . . . . . . . . . . . . . .|
l. . . . . . . . . . O . . . . . . . .|
k. . . . . . . X . . . . . O O X . . O|
j. . X . . . . . . . . X . . . O . O O|
i. . . . . . . . X . . O . X . . O . .|
hX . . . . . O . . . X . . O . O O . O|
gX O O . . O . O . O O . . . . X . X .|
fO . X . . . . . . . . . X X . . X . O|
e. O O . X . X X . . . O . . X X . . .|
dO . X . X . . . . X . . . . . . . . X|
c. . X O X O X . O X O X . X . X . . .|
b. . X . . . . . . X . O . . X . X . .|
a. . . . . . . . O X . . . . . O . . .|
 A B C D E F G H I J K L M N O P Q R S|
gracz O
--------------------------------------+
s. . . . X . . O O . . . . . O X . . .|
r. . . O . . . . . . X . . . . . X . X|
q. O . . . . . . X . . O O . . . X O O|
p. . . . O . . . . . . . . . X . X . X|
o. X . . . . . . . O . O . . O . . O .|
n. . . . . O X . . X . . . . . . . O .|
m. . . . . . . . . . . . . . . . . . .|
l. . . . . . . . . . O . . . . . . . .|
k. . . . . . . X . . . . . O O X . . O|
j. . X . . . . . . . . X . . . O . O O|
i. . . . . . . . X . . O . X . . O . .|
hX . . . . . O . . . X . . O . O O . O|
gX O O . . O . O . O O . . . . X . X .|
fO . X . . . . . . . . . X X . . X . O|
e. O O . X . X X . . . O . . X X . . .|
dO . X . X . . . . X . . . . . . . . X|
c. . X O X O X . O X O X . X . X . . .|
b. . X . . . . . . X . O . . X . X . .|
a. . . . O . . . O X . . . . . O . . .|
 A B C D E F G H I J K L M N O P Q R S|
gracz X
--------------------------------------+
s. . . . X . . O O . . . . . O X . . .|
r. . . O . . . . . . X . . . . . X . X|
q. O . . . . . . X . . O O . . . X O O|
p. . . . O . . . . . . . . . X . X . X|
o. X . . . . . . X O . O . . O . . O .|
n. . . . . O X . . X . . . . . . . O .|
m. . . . . . . . . . . . . . . . . . .|
l. . . . . . . . . . O . . . X . . . .|
k. . . . . . . X . . . . . O O X . . O|
j. . X . . . . . . . . X . . . O . O O|
i. . . . . . . . X . . O . X . . O . .|
hX . . . . . O . . . X . . O . O O . O|
gX O O . . O . O . O O . . . . X . X .|
fO . X . . . . . . . . . X X . . X . O|
e. O O . X . X X . . . O . . X X . . .|
dO . X . X . . . . X . . . . . . . . X|
c. . X O X O X . O X O X . X . X . . .|
b. . X . . . . . . X . O . . X . X . .|
a. . . . O . . . O X . . . . . O . . .|
 A B C D E F G H I J K L M N O P Q R S|
gracz O
--------------------------------------+
s. . . . X . . O O . . . . . O X . . .|
r. . . O . . . . . . X . . . . . X . X|
q. O . . . . . . X . . O O . . . X O O|
p. . . . O . . . . . . . . . X . X . X|
o. X . . . . . . X O . O . . O . . O .|
n. . . . . O X . . X . . . . . . . O .|
m. . . . . . . . . . . . . . . . . . .|
l. . . . . . O . . . O . . . X . . . .|
k. . . . . . . X . . . . . O O X . . O|
j. . X . . . . . . . . X . . . O . O O|
i. . . . . . . . X . . O . X . . O . .|
hX . . . . . O . . . X . . O . O O . O|
gX O O . . O . O . O O . . . . X . X .|
fO . X . . . . . . . . . X X . . X . O|
e. O O . X . X X . . . O . . X X . . .|
dO . X . X O . . . X . . . . . . . . X|
c. . X O X O X . O X O X . X . X . . .|
b. . X . . . . . . X . O . . X . X . .|
a. . . . O . . . O X . . . . . O . . .|
 A B C D E F G H I J K L M N O P Q R S|
gracz X
--------------------------------------+
s. . . . X . . O O . . . . . O X . . .|
r. . . O . . . . X . X . . . . . X . X|
q. O . . . . . . X . . O O . . . X O O|
p. . . . O . . . . . . . . . X . X . X|
o. X . . . . . . X O . O . . O . . O .|
n. . . . . O X . . X . . . . . . . O .|
m. . . . . . . . . . . . . . . . . . .|
l. . . . . . O . . . O . . . X . . . .|
k. . . . . . . X . . . . . O O X . . O|
j. . X . . . . . . . . X . . . O . O O|
i. . . . . . . . X . . O . X . . O . .|
hX . . . . . O . . . X . . O . O O . O|
gX O O . . O . O . O O . . . . X . X .|
fO . X . . . . . . . . . X X . . X . O|
e. O O . X . X X . . . O . . X X . . .|
dO . X . X O . . . X . . . . . . . . X|
c. . X O X O X . O X O X . X . X . . .|
b. . X . . . . . . X . O . . X . X . .|
a. . . . O . . . O X . . . . . O X . .|
 A B C D E F G H I J K L M N O P Q R S|
gracz O
--------------------------------------+
s. . O . X . . O O . . . . . O X . . .|
r. . . O . . . . X . X . . . . . X . X|
q. O . . . . . . X . . O O . . . X O O|
p. . . . O . . . . . . . . . X . X . X|
o. X . . . . . . X O . O . . O . . O .|
n. . . . . O X . . X . . . . . . . O .|
m. . . . . . . . . . . . . . O . . . .|
l. . . . . . O . . . O . . . X . . . .|
k. . . . . . . X . . . . . O O X . . O|
j. . X . . . . . . . . X . . . O . O O|
i. . . . . . . . X . . O . X . . O . .|
hX . . . . . O . . . X . . O . O O . O|
gX O O . . O . O . O O . . . . X . X .|
fO . X . . . . . . . . . X X . . X . O|
e. O O . X . X X . . . O . . X X . . .|
dO . X . X O . . . X . . . . . . . . X|
c. . X O X O X . O X O X . X . X . . .|
b. . X . . . . . . X . O . . X . X . .|
a. . . . O . . . O X . . . . . O X . .|
 A B C D E F G H I J K L M N O P Q R S|
gracz X
--------------------------------------+
s. . O . X . . O O . . . . . O X . . .|
r. . . O . . . . X . X . . . . . X . X|
q. O . . . . . . X . . O O . . . X O O|
p. . . . O . . . . . . . . . X . X . X|
o. X . . . . . . X O . O . . O . . O .|
n. . . . . O X . . X . . . . . . . O .|
m. . . . . . . . . . X . . . O . . . .|
l. . . . . . O . . . O . . . X . . . .|
k. . . . . . . X . . . . . O O X . . O|
j. . X . . . . . . . . X . . . O . O O|
i. . . . . . . . X . . O . X . . O . .|
hX . . . . . O . . . X . . O . O O . O|
gX O O . . O . O . O O . . . . X . X .|
fO . X . . . . . . . . . X X . . X . O|
e. O O . X . X X . . . O . . X X . X .|
dO . X . X O . . . X . . . . . . . . X|
c. . X O X O X . O X O X . X . X . . .|
b. . X . . . . . . X . O . . X . X . .|
a. . . . O . . . O X . . . . . O X . .|
 A B C D E F G H I J K L M N O P Q R S|
gracz O
--------------------------------------+
s. . O . X . . O O . . . . . O X . . .|
r. . . O . . . . X . X . . . . . X . X|
q. O . . . . . . X . . O O . . . X O O|
p. . . . O . . . . . . . . . X . X . X|
o. X . . . . . . X O . O . . O . . O .|
n. . . . . O X . . X . O . . . . . O .|
m. . . . . . . . . . X . . . O . . . .|
l. . O . . . O . . . O . . . X . . . .|
k. . . . . . . X . . . . . O O X . . O|
j. . X . . . . . . . . X . . . O . O O|
i. . . . . . . . X . . O . X . . O . .|
hX . . . . . O . . . X . . O . O O . O|
gX O O . . O . O . O O . . . . X . X .|
fO . X . . . . . . . . . X X . . X . O|
e. O O . X . X X . . . O . . X X . X .|
dO . X . X O . . . X . . . . . . . . X|
c. . X O X O X . O X O X . X . X . . .|
b. . X . . . . . . X . O . . X . X . .|
a. . . . O . . . O X . . . . . O X . .|
 A B C D E F G H I J K L M N O P Q R S|
gracz X
--------------------------------------+
s. . O . X . . O O . . . . . O X . . .|
r. . . O . . . . X . X . . . . . X . X|
q. O . . . . . . X . . O O . . . X O O|
p. . . . O . . . . . . . . . X . X . X|
o. X . . . . . . X O . O . . O . . O .|
n. . . . . O X . . X . O . . . . . O .|
m. . . . . . . . . . X . . . O . . . .|
l. . O . . . O . . . O . . . X . . . .|
k. . . . . . . X . . . . . O O X . . O|
j. . X . . . . . . . . X X . . O . O O|
i. . . . . . . . X . . O . X . . O . .|
hX . . . . . O . . . X . . O . O O . O|
gX O O . . O . O . O O . . . . X . X .|
fO . X . . . . . . . . . X X . . X . O|
e. O O . X . X X . X . O . . X X . X .|
dO . X . X O . . . X . . . . . . . . X|
c. . X O X O X . O X O X . X . X . . .|
b. . X . . . . . . X . O . . X . X . .|
a. . . . O . . . O X . . . . . O X . .|
 A B C D E F G H I J K L M N O P Q R S|
gracz O
--------------------------------------+
s. . O . X . . O O . . . . . O X . . .|
r. . . O . . . . X . X . . . . . X . X|
q. O . . . . . . X . . O O . . . X O O|
p. . . . O . . . . O . . . . X . X . X|
o. X . . . . . . X O . O . . O . . O .|
n. . . . . O X . . X . O . . . . . O .|
m. . . . . . . . . . X . . . O . . . .|
l. . O . . . O . . . O . . . X . . . .|
k. . . . . . . X . . . . . O O X . . O|
j. . X . . . . . . . . X X . . O . O O|
i. . . . . . . . X . . O . X . . O . .|
hX . . . . . O . . . X . . O . O O . O|
gX O O . . O . O . O O . . . . X . X .|
fO . X . . . . . . . . . X X . . X . O|
e. O O . X . X X . X . O . . X X . X .|
dO . X . X O . . . X . . . O . . . . X|
c. . X O X O X . O X O X . X . X . . .|
b. . X . . . . . . X . O . . X . X . .|
a. . . . O . . . O X . . . . . O X . .|
 A B C D E F G H I J K L M N O P Q R S|
gracz X
--------------------------------------+
s. . O . X . . O O . . . . . O X . . .|
r. . . O . . . . X . X . . . . . X . X|
q. O . . . . . . X . . O O . . . X O O|
p. . . . O . . . . O . . . . X . X . X|
o. X . . . . . . X O . O . . O . . O .|
n. . . . . O X . . X . O . . . . . O .|
m. . . . . . . . . . X . . . O . . . .|
l. . O . . . O . . . O . . . X . . . .|
k. . . . . . . X . . . . . O O X . . O|
j. . X . . . . . . . . X X . . O . O O|
i. . . . . . . . X . . O . X . . O . .|
hX . . . . . O . . . X . . O . O O . O|
gX O O . . O . O . O O . . . . X . X .|
fO . X . . . . . . . X . X X . . X . O|
e. O O . X . X X . X . O . . X X . X .|
dO . X . X O . . . X . . . O . . . . X|
c. . X O X O X . O X O X . X . X . . .|
b. . X . . . . . . X . O . . X . X . .|
a. . . . O . . . O X . . . . . O X X .|
 A B C D E F G H I J K L M N O P Q R S|
gracz O
--------------------------------------+
s. . O . X . . O O . . . . . O X . . .|
r. . . O . . . . X . X . . . . . X . X|
q. O . . . . . . X . . O O . . . X O O|
p. . . . O . . . . O . . . . X . X . X|
o. X . . . . . . X O . O . O O . . O .|
n. . . . . O X . . X . O . . . . . O .|
m. . . . . . . . . . X . . . O . . . .|
l. . O . . . O . . . O . . . X . . . .|
k. . . . . . . X . . . . . O O X . . O|
j. . X . . . . . . . . X X . . O . O O|
i. . . . . . . . X . . O . X . . O . .|
hX . . . . . O . . . X . . O . O O . O|
gX O O . . O . O . O O . . . . X . X .|
fO . X . . O . . . . X . X X . . X . O|
e. O O . X . X X . X . O . . X X . X .|
dO . X . X O . . . X . . . O . . . . X|
c. . X O X O X . O X O X . X . X . . .|
b. . X . . . . . . X . O . . X . X . .|
a. . . . O . . . O X . . . . . O X X .|
 A B C D E F G H I J K L M N O P Q R S|
gracz X
--------------------------------------+
s. . O . X . . O O . . . . . O X . . .|
r. . . O . . . . X . X . . . . . X . X|
q. O . . . . . . X . . O O . . . X O O|
p. . . . O . . . . O . . . . X . X . X|
o. X . . . . . . X O . O . O O . . O .|
n. . . . . O X . . X . O . . . . . O .|
m. . . . . . . . . . X . . . O . . . .|
lX . O . . . O . . . O . . . X . . . .|
k. . . . . . . X . . . . X O O X . . O|
j. . X . . . . . . . . X X . . O . O O|
i. . . . . . . . X . . O . X . . O . .|
hX . . . . . O . . . X . . O . O O . O|
gX O O . . O . O . O O . . . . X . X .|
fO . X . . O . . . . X . X X . . X . O|
e. O O . X . X X . X . O . . X X . X .|
dO . X . X O . . . X . . . O . . . . X|
c. . X O X O X . O X O X . X . X . . .|
b. . X . . . . . . X . O . . X . X . .|
a. . . . O . . . O X . . . . . O X X .|
 A B C D E F G H I J K L M N O P Q R S|
gracz O
--------------------------------------+
s. . O . X . . O O . . . . . O X . . .|
r. . . O . . . . X . X . . . . . X . X|
q. O . . . . . . X . . O O . . . X O O|
p. . . . O . . . . O . . . . X . X . X|
o. X . . . . . . X O . O . O O . . O .|
n. . . . . O X . . X . O . . . . . O .|
m. . . . . . . . . . X . . . O . . . .|
lX . O . . . O . . . O . . . X . . . .|
k. . . . . . . X . . . . X O O X O . O|
j. . X . . . . . . . . X X . . O . O O|
i. . . . . . . . X . . O . X . . O . .|
hX . . . . . O . . . X . . O . O O . O|
gX O O . . O . O . O O . . . . X . X .|
fO . X . . O . . . . X . X X . . X . O|
e. O O . X . X X . X . O . . X X . X .|
dO . X . X O . . . X . . . O . . . . X|
c. . X O X O X . O X O X . X . X . . .|
b. . X . . . . . . X . O . . X . X . .|
a. . . . O O . . O X . . . . . O X X .|
 A B C D E F G H I J K L M N O P Q R S|
gracz X
--------------------------------------+
s. . O . X . . O O . . . . . O X . . .|
r. . . O . . . . X . X . . . . . X . X|
q. O . . . . . . X . . O O . . . X O O|
p. . . . O . . . . O . . . . X . X . X|
o. X . . . . . . X O . O . O O . . O .|
n. . . . . O X . . X . O . . . . . O .|
m. . . . . . . . . . X . . . O . . . .|
lX . O X . . O . X . O . . . X . . . .|
k. . . . . . . X . . . . X O O X O . O|
j. . X . . . . . . . . X X . . O . O O|
i. . . . . . . . X . . O . X . . O . .|
hX . . . . . O . . . X . . O . O O . O|
gX O O . . O . O . O O . . . . X . X .|
fO . X . . O . . . . X . X X . . X . O|
e. O O . X . X X . X . O . . X X . X .|
dO . X . X O . . . X . . . O . . . . X|
c. . X O X O X . O X O X . X . X . . .|
b. . X . . . . . . X . O . . X . X . .|
a. . . . O O . . O X . . . . . O X X .|
 A B C D E F G H I J K L M N O P Q R S|
gracz O
--------------------------------------+
s. . O . X . . O O . . . . . O X . . .|
r. . . O . . . . X . X . . . . . X . X|
q. O . . . . . . X . . O O . . . X O O|
p. . . . O O . . . O . . . . X . X . X|
o. X . . . . . . X O . O . O O . . O .|
n. . . . . O X . . X . O . . . . . O .|
m. . . . . . . . . . X . . . O . . . .|
lX . O X . . O . X . O . . . X . . . .|
k. . . . . . . X . . . . X O O X O . O|
j. . X . . . . . . . . X X . . O . O O|
i. . . . . . . . X . . O . X . . O . .|
hX . . . . . O . . . X . . O . O O . O|
gX O O . . O . O . O O . . . . X . X .|
fO . X . . O . . . . X . X X . . X . O|
e. O O . X . X X . X . O . . X X . X .|
dO . X . X O . . . X . . . O . . . . X|
c. . X O X O X . O X O X . X . X . . .|
b. . X . . . . . . X . O . . X . X . .|
a. . . O O O . . O X . . . . . O X X .|
 A B C D E F G H I J K L M N O P Q R S|
gracz X
--------------------------------------+
s. . O . X . . O O . . . . . O X . . .|
r. . . O . . . . X . X . . . . . X . X|
q. O . . . . . . X . . O O . . . X O O|
p. . . . O O . . . O . . . . X . X . X|
o. X . . . . . . X O . O . O O . . O .|
n. . . . . O X . . X . O . . . . . O .|
m. . . . . . . . . . X . . . O . . . .|
lX . O X . . O . X . O . . . X . . . .|
k. . . . . . . X . . . . X O O X O . O|
j. . X . . . . . . X . X X . . O . O O|
i. . . . X . . . X . . O . X . . O . .|
hX . . . . . O . . . X . . O . O O . O|
gX O O . . O . O . O O . . . . X . X .|
fO . X . . O . . . . X . X X . . X . O|
e. O O . X . X X . X . O . . X X . X .|
dO . X . X O . . . X . . . O . . . . X|
c. . X O X O X . O X O X . X . X . . .|
b. . X . . . . . . X . O . . X . X . .|
a. . . O O O . . O X . . . . . O X X .|
 A B C D E F G H I J K L M N O P Q R S|
gracz O
--------------------------------------+
s. . O . X . . O O . . . . . O X . . .|
r. . . O . . . . X . X . . . . . X . X|
q. O . . . . . . X . . O O . . . X O O|
p. . . O O O . . . O . . . . X . X . X|
o. X . . . . . . X O . O . O O . . O .|
n. O . . . O X . . X . O . . . . . O .|
m. . . . . . . . . . X . . . O . . . .|
lX . O X . . O . X . O . . . X . . . .|
k. . . . . . . X . . . . X O O X O . O|
j. . X . . . . . . X . X X . . O . O O|
i. . . . X . . . X . . O . X . . O . .|
hX . . . . . O . . . X . . O . O O . O|
gX O O . . O . O . O O . . . . X . X .|
fO . X . . O . . . . X . X X . . X . O|
e. O O . X . X X . X . O . . X X . X .|
dO . X . X O . . . X . . . O . . . . X|
c. . X O X O X . O X O X . X . X . . .|
b. . X . . . . . . X . O . . X . X . .|
a. . . O O O . . O X . . . . . O X X .|
 A B C D E F G H I J K L M N O P Q R S|
gracz X
--------------------------------------+
s. . O . X . . O O . . . . . O X . . .|
r. . . O . . . . X . X . . . . . X . X|
q. O . . . . . . X . . O O . . . X O O|
p. . . O O O . . . O . . . . X . X . X|
o. X . . . . . . X O . O . O O . . O .|
n. O . . . O X . . X . O . . . . . O .|
m. . . . . . . . . . X . . . O . . . .|
lX . O X . . O . X . O . . . X . . . .|
k. . . . . . . X . . . . X O O X O . O|
j. . X . . . . . . X . X X . . O . O O|
i. . . . X . . . X . . O . X . . O . .|
hX . . . . . O . . . X . . O . O O . O|
gX O O . . O . O . O O . . . . X . X .|
fO . X . . O . . . . X . X X X . X . O|
e. O O . X . X X . X . O . . X X . X .|
dO . X . X O . . . X . . . O . . . X X|
c. . X O X O X . O X O X . X . X . . .|
b. . X . . . . . . X . O . . X . X . .|
a. . . O O O . . O X . . . . . O X X .|
 A B C D E F G H I J K L M N O P Q R S|
gracz O
--------------------------------------+
s. . O . X . . O O . . . . . O X . . .|
r. . . O . . . . X . X . . . . . X . X|
q. O . . . . . . X . . O O . . . X O O|
p. . . O O O . . . O . . . . X . X . X|
o. X . . . . . . X O . O . O O . . O .|
n. O . . . O X . . X . O . . . . . O .|
m. . . . . . . . . . X . . . O . . . .|
lX . O X . . O . X . O . . . X . . O .|
k. . . . . . . X . . . . X O O X O . O|
j. . X . . . . . . X . X X . . O . O O|
i. . . . X . . . X . . O . X . . O . .|
hX . . . . . O . . . X . . O . O O . O|
gX O O . . O . O . O O . . . . X . X .|
fO . X . . O . . . . X . X X X . X . O|
e. O O . X . X X . X . O . . X X . X .|
dO O X . X O . . . X . . . O . . . X X|
c. . X O X O X . O X O X . X . X . . .|
b. . X . . . . . . X . O . . X . X . .|
a. . . O O O . . O X . . . . . O X X .|
 A B C D E F G H I J K L M N O P Q R S|
gracz X
--------------------------------------+
s. . O . X . . O O . . . . . O X . . .|
r. . . O . . . . X . X . . . . . X . X|
q. O . . . . . . X . . O O . . . X O O|
p. . . O O O . . . O . . . . X . X . X|
o. X . . . . . . X O . O . O O . . O .|
n. O . . . O X . . X . O . . . . . O .|
m. . . . . . . . . . X . . . O . . . .|
lX . O X . . O X X . O . . . X . . O X|
k. . . . . . . X . . . . X O O X O . O|
j. . X . . . . . . X . X X . . O . O O|
i. . . . X . . . X . . O . X . . O . .|
hX . . . . . O . . . X . . O . O O . O|
gX O O . . O . O . O O . . . . X . X .|
fO . X . . O . . . . X . X X X . X . O|
e. O O . X . X X . X . O . . X X . X .|
dO O X . X O . . . X . . . O . . . X X|
c. . X O X O X . O X O X . X . X . . .|
b. . X . . . . . . X . O . . X . X . .|
a. . . O O O . . O X . . . . . O X X .|
 A B C D E F G H I J K L M N O P Q R S|
gracz O
--------------------------------------+
s. . O . X . . O O . . . . . O X . . .|
r. . . O . . . . X . X . . . . . X . X|
q. O . . . . . . X . . O O . . . X O O|
p. . . O O O . . . O . . . . X . X . X|
o. X . . . . . . X O . O . O O . . O .|
n. O . . . O X . . X . O . . . . . O .|
m. . . . . . . . . . X . . . O . . . .|
lX . O X . . O X X . O . . . X . . O X|
k. . . . . . . X . . . . X O O X O . O|
j. . X . . . . . . X . X X . . O . O O|
i. . . . X . O . X . . O . X . . O . .|
hX . . . . . O . . . X . . O . O O . O|
gX O O . . O . O . O O . . . . X . X .|
fO . X . . O . . . . X . X X X . X . O|
e. O O . X . X X . X . O . . X X . X .|
dO O X . X O . . . X . . . O . . . X X|
c. . X O X O X . O X O X . X . X . . .|
b. . X . . . . . . X . O . . X . X . .|
a. . . O O O . . O X O . . . . O X X .|
 A B C D E F G H I J K L M N O P Q R S|
gracz X
--------------------------------------+
s. . O . X . . O O . . X . . O X . . .|
r. . . O . . . . X . X . . . . . X . X|
q. O . . . . . . X . . O O . . . X O O|
p. . . O O O . . . O . . . . X . X . X|
o. X . . . . . . X O . O . O O . . O .|
n. O . . . O X . . X . O . . . . . O .|
m. . . . . . . . . . X . . . O . . X .|
lX . O X . . O X X . O . . . X . . O X|
k. . . . . . . X . . . . X O O X O . O|
j. . X . . . . . . X . X X . . O . O O|
i. . . . X . O . X . . O . X . . O . .|
hX . . . . . O . . . X . . O . O O . O|
gX O O . . O . O . O O . . . . X . X .|
fO . X . . O . . . . X . X X X . X . O|
e. O O . X . X X . X . O . . X X . X .|
dO O X . X O . . . X . . . O . . . X X|
c. . X O X O X . O X O X . X . X . . .|
b. . X . . . . . . X . O . . X . X . .|
a. . . O O O . . O X O . . . . O X X .|
 A B C D E F G H I J K L M N O P Q R S|
gracz O
--------------------------------------+
s. . O . X . . O O . . X . . O X . . .|
r. . . O . . . . X . X . . . . . X . X|
q. O . . . . . . X . . O O . . . X O O|
p. . . O O O . . . O . . . . X . X . X|
o. X . . . . . . X O . O . O O . . O .|
n. O . . . O X . . X . O . . . . . O .|
m. . . . . . . . . . X . . . O . . X .|
lX . O X . . O X X . O . . . X . O O X|
k. . . . . . . X . . . . X O O X O . O|
j. . X . . . . . . X . X X . . O . O O|
i. . . . X . O . X . . O . X . . O . .|
hX . . . . . O . . . X . . O . O O . O|
gX O O . . O . O . O O . . . . X . X .|
fO . X . . O . . . . X . X X X . X . O|
e. O O . X . X X . X . O . . X X . X .|
dO O X . X O . . . X . . . O . . . X X|
c. . X O X O X . O X O X . X . X . . .|
b. . X . . . . . . X O O . . X . X . .|
a. . . O O O . . O X O . . . . O X X .|
 A B C D E F G H I J K L M N O P Q R S|
gracz X
--------------------------------------+
s. . O . X . . O O . . X . . O X . . .|
r. . . O . . . . X . X . . . . . X . X|
q. O . . . . . . X . . O O . . . X O O|
p. . . O O O . . . O . . . . X . X . X|
o. X . . . . . . X O . O . O O . . O .|
n. O . . . O X . . X . O . . . . . O .|
m. . . . . . . . . . X . . . O . . X .|
lX . O X . . O X X . O . . . X . O O X|
k. . . . . . . X . . . . X O O X O . O|
j. . X . . . . . . X . X X . . O . O O|
i. . . . X . O . X . . O . X . . O . .|
hX . . . . X O . . . X X . O . O O . O|
gX O O . . O . O . O O . . . . X . X .|
fO . X . . O . . . . X . X X X . X . O|
e. O O . X . X X . X . O . . X X . X .|
dO O X . X O . . . X . . . O . . . X X|
c. . X O X O X . O X O X . X . X . . .|
b. . X . . . . . . X O O . . X . X . .|
a. . . O O O . . O X O . . . . O X X .|
 A B C D E F G H I J K L M N O P Q R S|
gracz O
--------------------------------------+
s. . O . X . . O O . . X . . O X . . .|
r. . . O . . . . X . X . . . . . X . X|
q. O . . . . . . X . . O O . . . X O O|
p. . . O O O . . . O . . . . X . X . X|
o. X O . . . . . X O . O . O O . . O .|
n. O . . . O X . . X . O . . . . . O .|
m. . . . . . . . . . X . . . O . . X .|
lX . O X . . O X X . O . . . X . O O X|
k. . . . . . . X . . . . X O O X O . O|
j. . X . . . . . . X . X X . . O . O O|
i. . . . X . O . X . . O . X . . O . .|
hX . . . . X O . . . X X . O . O O . O|
gX O O . . O . O . O O . . . . X . X .|
fO . X . . O . . . . X . X X X . X . O|
eO O O . X . X X . X . O . . X X . X .|
dO O X . X O . . . X . . . O . . . X X|
c. . X O X O X . O X O X . X . X . . .|
b. . X . . . . . . X O O . . X . X . .|
a. . . O O O . . O X O . . . . O X X .|
 A B C D E F G H I J K L M N O P Q R S|
gracz X
--------------------------------------+
s. . O . X . . O O . . X . . O X . . .|
r. . . O . . . . X . X . . . . . X . X|
q. O . . . . . . X . . O O . . . X O O|
p. . . O O O . . . O . . . . X . X . X|
o. X O . . . X . X O . O . O O . . O .|
n. O . . . O X . . X . O . . . . . O .|
m. . . . . . . . . . X . . . O . . X .|
lX . O X . . O X X . O . . . X . O O X|
k. . . . . . . X . . . . X O O X O . O|
j. . X . . . . . . X . X X . . O . O O|
i. . . . X . O . X . . O . X . . O . .|
hX . . . . X O . . . X X . O . O O . O|
gX O O . . O . O . O O . . . . X . X .|
fO . X . . O . . . . X . X X X . X . O|
eO O O . X . X X . X X O . . X X . X .|
dO O X . X O . . . X . . . O . . . X X|
c. . X O X O X . O X O X . X . X . . .|
b. . X . . . . . . X O O . . X . X . .|
a. . . O O O . . O X O . . . . O X X .|
 A B C D E F G H I J K L M N O P Q R S|
gracz O
--------------------------------------+
s. . O . X . O O O . . X . . O X . . .|
r. . . O . . . . X . X . . . . . X . X|
q. O . . . . . . X . . O O . . . X O O|
p. . . O O O . . . O . . . . X . X . X|
o. X O . . . X . X O . O . O O . . O .|
n. O . . . O X . . X . O . . . . . O .|
m. . . . . . . . . . X . . . O . . X .|
lX . O X . . O X X . O . . . X . O O X|
k. . . . . . . X . . . . X O O X O . O|
j. . X . . . . . . X . X X . . O . O O|
i. . . . X . O . X . . O . X . . O . .|
hX . . . . X O . . . X X . O . O O . O|
gX O O . . O . O . O O . . . . X . X .|
fO . X . . O . . . . X . X X X . X . O|
eO O O . X . X X . X X O . . X X . X .|
dO O X . X O . . . X . . . O . . . X X|
c. . X O X O X . O X O X . X . X . . .|
b. . X . . . . . . X O O O . X . X . .|
a. . . O O O . . O X O . . . . O X X .|
 A B C D E F G H I J K L M N O P Q R S|
gracz X
--------------------------------------+
s. . O . X . O O O . . X . . O X . . .|
r. . . O . . . . X . X . . . . . X . X|
q. O . . . . . . X . . O O . . . X O O|
p. . . O O O . . . O . . . . X . X . X|
o. X O . . . X . X O . O . O O . . O .|
n. O . . . O X . . X . O . . . . . O .|
m. . . . X . . . . . X . . . O . . X .|
lX . O X . . O X X . O . . . X . O O X|
k. . . . . . . X . . . . X O O X O . O|
j. . X . . . . . . X . X X . . O . O O|
i. . . . X . O . X . X O . X . . O . .|
hX . . . . X O . . . X X . O . O O . O|
gX O O . . O . O . O O . . . . X . X .|
fO . X . . O . . . . X . X X X . X . O|
eO O O . X . X X . X X O . . X X . X .|
dO O X . X O . . . X . . . O . . . X X|
c. . X O X O X . O X O X . X . X . . .|
b. . X . . . . . . X O O O . X . X . .|
a. . . O O O . . O X O . . . . O X X .|
 A B C D E F G H I J K L M N O P Q R S|
gracz O
--------------------------------------+
s. . O . X . O O O . . X . . O X . . .|
r. . . O . . . . X . X . . . . . X . X|
q. O . . . . . . X . . O O . . . X O O|
p. . . O O O . . . O . . . . X . X . X|
o. X O . . . X . X O . O . O O . . O .|
n. O . . . O X . O X . O . . . . . O .|
m. . . . X . . . . . X . . . O . . X .|
lX . O X . . O X X . O . . . X . O O X|
k. . . . . . . X . . . . X O O X O . O|
j. . X . . . . . . X . X X . . O . O O|
i. . . . X . O . X . X O . X . . O . .|
hX . . . . X O . . . X X . O . O O . O|
gX O O . . O . O . O O . . . . X . X .|
fO . X . . O . . . . X . X X X . X . O|
eO O O . X . X X . X X O . . X X . X .|
dO O X . X O . . . X . . O O . . . X X|
c. . X O X O X . O X O X . X . X . . .|
b. . X . . . . . . X O O O . X . X . .|
a. . . O O O . . O X O . . . . O X X .|
 A B C D E F G H I J K L M N O P Q R S|
gracz X
--------------------------------------+
s. . O . X . O O O . . X . . O X . . .|
r. . . O . . . . X . X . . . . . X . X|
q. O . . . . . . X . . O O . . . X O O|
p. . . O O O . . . O . . . . X . X . X|
o. X O . . . X . X O . O . O O . . O .|
n. O . . . O X . O X . O . . . . . O .|
m. . . . X . . . . . X . . . O . . X .|
lX . O X . . O X X . O . . . X . O O X|
k. . . . . . . X . . . . X O O X O X O|
j. . X . . . . . . X . X X . . O . O O|
i. . . . X . O . X . X O . X . . O . .|
hX . . . . X O . . . X X . O X O O . O|
gX O O . . O . O . O O . . . . X . X .|
fO . X . . O . . . . X . X X X . X . O|
eO O O . X . X X . X X O . . X X . X .|
dO O X . X O . . . X . . O O . . . X X|
c. . X O X O X . O X O X . X . X . . .|
b. . X . . . . . . X O O O . X . X . .|
a. . . O O O . . O X O . . . . O X X .|
 A B C D E F G H I J K L M N O P Q R S|
wygral X
