--------------------------------------+
s. . . . . . . . . . . . . . . . . . .|
r. . . . . . . . . . . . . . . . . . .|
q. . . . . . . . . . . . . . . . . . .|
p. . . . . . . . . . . . . . . . . . .|
o. . . . . . . . . . . . . . . . . . .|
n. . . . . . . . . . . . . . . . . . .|
m. . . . . . . . . . . . . . . . . . .|
l. . . . . . . . . . . . . . . . . . .|
k. . . . . . . . . . . . . . . . . . .|
j. . . . . . . . . . . . . . . . . . .|
i. . . . . . . . . . . . . . . . . . .|
h. . . . . . . . . . . . . . . . . . .|
g. . . . . . . . . . . . . . . . . . .|
f. . . . . . . . . . . . . . . . . . .|
e. . . . . . . . . . . . . . . . . . .|
d. . . . . . . . . . . . . . . . . . .|
c. . . . . . . . . . . . . . . . . . .|
b. . . . . . . . . . . . . . . . . . .|
a. . . . . . . . . . . . . . . . . . .|
 A B C D E F G H I J K L M N O P Q R S|
gracz X
--------------------------------------+
s. . . . . . . . . . . . . . . . . . .|
r. . . . . . . . . . . . . . . . . . .|
q. . . . . . . . . . . . . . . . . . .|
p. . . . . . . . . . . . . . . . . . .|
o. . . . . . . . . . . . . . . . . . .|
n. . . . . . . . . . . . . . . . . . .|
m. . . . . . . . . . . . . . . . . . .|
l. . . . . . . . . . . . . . . . . . .|
k. . . . . . . . . . . . . . . . . . .|
j. . . . . . . . . . . . . . . . . . .|
i. . . . . . . . . . . . . . . . . . .|
h. . . . . . . . . . . . . . . . . . .|
g. . . . . . . . . . . . . . . . . . .|
f. . . . . . . . . . . . . . . . . . .|
e. . . . . . . . . . . . . . . . . . .|
d. . . . . . . . . . . . . . . . . . .|
c. . . . . . . . . . . . . . . . . . .|
b. . . . . . . . . . . . . . . . . . .|
a. . . . . . . . . . . X . . . . . . .|
 A B C D E F G H I J K L M N O P Q R S|
gracz O
--------------------------------------+
s. . . . . . . . . . . . . . . . . . .|
r. . . . . . . . . . . . . . . . . . .|
q. . . . . . . . . . . . . . . . . . .|
pO . . . O . . . . . . . . . . . . . .|
o. . . . . . . . . . . . . . . . . . .|
n. . . . . . . . . . . . . . . . . . .|
m. . . . . . . . . . . . . . . . . . .|
l. . . . . . . . . . . . . . . . . . .|
k. . . . . . . . . . . . . . . . . . .|
j. . . . . . . . . . . . . . . . . . .|
i. . . . . . . . . . . . . . . . . . .|
h. . . . . . . . . . . . . . . . . . .|
g. . . . . . . . . . . . . . . . . . .|
f. . . . . . . . . . . . . . . . . . .|
e. . . . . . . . . . . . . . . . . . .|
d. . . . . . . . . . . . . . . . . . .|
c. . . . . . . . . . . . . . . . . . .|
b. . . . . . . . . . . . . . . . . . .|
a. . . . . . . . . . . X . . . . . . .|
 A B C D E F G H I J K L M N O P Q R S|
gracz X
--------------------------------------+
s. . . . . . . . . . . . . . . . . . .|
r. . . . . . . . . . . . . . . . . . .|
q. . . . . . . . . . . . . . . . . . .|
pO . . . O . . . . . . . . . . . . . .|
o. . . . . X . . . . . . . . . . . . .|
n. . . . . . . . . . . . . . . . . . .|
m. . . . . . . . . . . . . . . . . . .|
l. . . . . . . . . . . . . . . . . . .|
k. . . . . . . . . . . . . . . . . . .|
j. . . . . . . . . . . . . . . . . . .|
i. . . . . . . . . . . . . . . . . . .|
h. . . . . . X . . . . . . . . . . . .|
g. . . . . . . . . . . . . . . . . . .|
f. . . . . . . . . . . . . . . . . . .|
e. . . . . . . . . . . . . . . . . . .|
d. . . . . . . . . . . . . . . . . . .|
c. . . . . . . . . . . . . . . . . . .|
b. . . . . . . . . . . . . . . . . . .|
a. . . . . . . . . . . X . . . . . . .|
 A B C D E F G H I J K L M N O P Q R S|
gracz O
--------------------------------------+
s. . . . . . . . . . . . . . . . . . .|
r. . . . . . . . . . . . . . . . . . .|
q. . . . . . . . . . . . . . . . . . .|
pO . . O O . . . . . . . . . . . . . .|
o. . . . . X . . . . . . . . . . . . .|
n. . . . . . . . . . . . . . . . . . .|
m. . . . . . . . . . . . . . . . . . .|
l. . . . . . . . . . . . . . . . . . .|
k. . . . . . . . . . . . . . . . . . .|
j. . . . . . . . . . . . . . . . . . .|
i. . . . . . . . . . . . . . . . . . .|
h. . . . . . X . . . . . . . . . . . .|
g. . . . . . . . . . . . . . . . . . .|
f. . . . . . . . . . . . . . . . . . .|
e. . . . . . . . . . . . . . . . . . .|
d. . . . . . . . . . . . . . . . . . .|
c. . . . . . . . . . . . . . . . . . .|
b. . . . . . . . . . . . . . . . . . .|
a. . . . . . . . . . . X . . . . O . .|
 A B C D E F G H I J K L M N O P Q R S|
gracz X
--------------------------------------+
s. . . . . . . . . . . . . . . . . . .|
r. . . . . . . . . . . . . . . . . . .|
q. . . . . . . . . . . . . . . . . . .|
pO . . O O . . . . . . . . . . . . . .|
o. . . . . X . . . . . . . . . . . . .|
n. . . . . . . . . . . . . . . . . . .|
m. . . . . . . . . . . . . . . . . . .|
l. . . . . . . . . . . . . . . . . . .|
k. . . . . . . . . . . . . . . . . . .|
j. . . . . . . . . . . . . . . . . . .|
i. . . . . . . . . . . . . . . . . . .|
h. . . . . . X . . . . . . . . . . . .|
g. . . . . . . . X . . . . . . . . . .|
f. . . . . . X . . . . . . . . . . . .|
e. . . . . . . . . . . . . . . . . . .|
d. . . . . . . . . . . . . . . . . . .|
c. . . . . . . . . . . . . . . . . . .|
b. . . . . . . . . . . . . . . . . . .|
a. . . . . . . . . . . X . . . . O . .|
 A B C D E F G H I J K L M N O P Q R S|
gracz O
--------------------------------------+
s. . . . . . . . . . . . . . . . . . .|
r. . . . . . . . . . . . . . . . . . .|
q. . . . . . . . . . . . . . . . . . .|
pO . . O O . . . . . . . . . . . . . .|
o. . . . . X . . . . . . . . . . . . .|
n. . . . . . . . . . . . . . . . . . .|
m. . . . . . . . . . . . . . . . . . .|
l. . . . . . . . . . . . . . . . . . .|
k. . . . . . . . . . . . . . . . . . .|
j. . . . . . . . . . . . . . . . . . .|
i. . . . . . . . . . . . . . . . . . .|
h. . . . . . X . . . . . . . . . . . .|
g. . . . . . . . X . . . . . . . . . .|
f. . . O . . X . . . . . . . . . . . .|
e. . . . . . . . . . . . . . . . . . .|
d. . . . . . . . . . . . . . . . . . .|
c. . . . . . . . . . . . . . . . . . .|
b. . . . . . . . . . . . . . . . . O .|
a. . . . . . . . . . . X . . . . O . .|
 A B C D E F G H I J K L M N O P Q R S|
gracz X
--------------------------------------+
s. . . . . . . . . . . . . . . . . . .|
r. . . . . . . . . . . . . . . . . . .|
q. . . . . . . . . . . . . . . . . . .|
pO . . O O . . . . . . . . . . . . . .|
o. . . . . X . . . . . . . . . . . . .|
n. . . . . . . . . . . . . . . . . . .|
m. . . . . . . . . . . . . . . . . . .|
l. . . . . . . . . . . . . . . . . . .|
k. . . . . . . . . . . . . . . . . . .|
j. . . . . . . . . . . . . . . . . . .|
i. . . . . . . . . . . . . . . . . . .|
h. . . . . . X . . . . . . . . . . . .|
g. . . . . . . . X . . . . . . . . . .|
f. . X O . . X . . . . . . . . . . . .|
e. . . . . . . . . . . . . . . . . . .|
d. . . . . . . . . . . . . . . . . . .|
c. . . . . . . . . . . . . . . . . . .|
b. . . . . . . . . . X . . . . . . O .|
a. . . . . . . . . . . X . . . . O . .|
 A B C D E F G H I J K L M N O P Q R S|
gracz O
--------------------------------------+
s. . . . . . . . . . . . . . . . . . .|
r. . . . . . . . . . . . . . . . . . .|
q. . . . . . . . . . . . . . . . . . .|
pO . . O O . . . . . . . . . . . . . .|
o. . . . . X . . . . . . . . . . . . .|
n. . . . . . . . . . . . . . . . . . .|
m. . . . . . . . . . . . . . . . . . .|
l. . . . . . . . . . . . . . . . . . .|
k. . . . . . . O . . . . . . . . . . .|
j. . . . . . . . . . . . . . . . . . .|
i. . . . . . . . . . . . . . . . . . .|
h. . . . . . X . . . . . . . . . . . .|
g. . . . . . . . X . . . . . . . . . .|
f. . X O . . X . . . . . . . . . . . .|
e. . . . . . . . . . . . . . . . . . .|
d. . . . . . . . . O . . . . . . . . .|
c. . . . . . . . . . . . . . . . . . .|
b. . . . . . . . . . X . . . . . . O .|
a. . . . . . . . . . . X . . . . O . .|
 A B C D E F G H I J K L M N O P Q R S|
gracz X
--------------------------------------+
s. . . . . . . . . . . . . . . . . . .|
r. . . . . . . . . . . . . . . . . . .|
q. . . X . . . . . . . . . . . . . . .|
pO . . O O . . . . . . . . . . . . . .|
o. . . . . X . . . . . . . . . . . . .|
n. . . . . . . . . . . . . . . . . . .|
m. . . . . . . . . . . . X . . . . . .|
l. . . . . . . . . . . . . . . . . . .|
k. . . . . . . O . . . . . . . . . . .|
j. . . . . . . . . . . . . . . . . . .|
i. . . . . . . . . . . . . . . . . . .|
h. . . . . . X . . . . . . . . . . . .|
g. . . . . . . . X . . . . . . . . . .|
f. . X O . . X . . . . . . . . . . . .|
e. . . . . . . . . . . . . . . . . . .|
d. . . . . . . . . O . . . . . . . . .|
c. . . . . . . . . . . . . . . . . . .|
b. . . . . . . . . . X . . . . . . O .|
a. . . . . . . . . . . X . . . . O . .|
 A B C D E F G H I J K L M N O P Q R S|
gracz O
--------------------------------------+
s. . . . . . . . . . . . . . . . . . .|
r. . . . . . . . . . . . . . . . . . .|
q. . . X . . . . . . . . . . . . . . .|
pO . . O O . . . . . . . . . . . . . .|
o. . . . . X . . . . . . . . . . . . .|
n. . . . . . . . . . . . . . . . . . .|
m. . O . . . . . . . . . X . . . . . .|
l. . . . . . . . . . . . . . . . . . .|
k. . . . . . . O . . . . . . . . . . .|
j. . . . . . . . . . . . . . . . . . .|
i. . . . . . . . . . . . . . . . . . .|
h. O . . . . X . . . . . . . . . . . .|
g. . . . . . . . X . . . . . . . . . .|
f. . X O . . X . . . . . . . . . . . .|
e. . . . . . . . . . . . . . . . . . .|
d. . . . . . . . . O . . . . . . . . .|
c. . . . . . . . . . . . . . . . . . .|
b. . . . . . . . . . X . . . . . . O .|
a. . . . . . . . . . . X . . . . O . .|
 A B C D E F G H I J K L M N O P Q R S|
gracz X
--------------------------------------+
s. . . . . . . . . . . . . . . . . . .|
r. . . . . . . . . . . . . . . . . . .|
q. . . X . . . . . . . . . . . . . . .|
pO . . O O . . . . . . . . . . . . . .|
o. . . . . X . . . . . . . . . . . . .|
n. . . . . . . . . . . . . . . . . . .|
m. . O . . . . . . . . . X . . . . . .|
l. . . . . . . . . . . . . . . . . . .|
k. . . . . . . O . . . . . . . . . . .|
j. . . . . . . . . . . . . . . . . . X|
i. . . . . . . . . . . . . . . . . . .|
h. O . . . . X . . . . . . . . . . . .|
g. . . . . . . . X . . . . . . . . . .|
f. . X O . . X . . . . . . . . . . . .|
e. . . . . . . . . . . . . . . . . . .|
d. . . . . . . . . O . . . . . . . . .|
c. . . . . . . . . . . . . . . . . X .|
b. . . . . . . . . . X . . . . . . O .|
a. . . . . . . . . . . X . . . . O . .|
 A B C D E F G H I J K L M N O P Q R S|
gracz O
--------------------------------------+
s. . . . . . . . . . . . . . . . . . .|
r. . . . . . . . . . . . . . . . . . .|
q. . . X . . . . . . . . . . . . . . .|
pO . . O O . . . . . . . . . . . . . .|
o. . . . . X . . . . . . . . . . . . .|
n. . . . . . . . . . . . . . . . . . .|
m. . O . . . . . . . . . X . . . . . .|
l. . . . . . . . . . . . . . . . . . .|
k. . . . . . . O . . . . . . . . . . .|
j. . . . . . . . . . . . . . . . . O X|
i. . . . . . . . . . . . . . . . . . .|
h. O . . . . X . . . . . . . . . . . .|
g. . . . . . . . X . . . . . . . . . .|
f. . X O . . X . . . . . . . . . . . .|
e. . . . . . . . . . . . . . . . . . .|
d. . . . . . . . . O . . . . . . . . .|
c. . . . . . . . . . . . . . . . . X .|
b. . . . . . . . . . X . . . . . . O .|
a. . . . . . . . . . . X O . . . O . .|
 A B C D E F G H I J K L M N O P Q R S|
gracz X
--------------------------------------+
s. . . . . . . . . . . . . . . . . . .|
r. . . . . . . . . . . . . . . . . . .|
q. . . X . . . . . . . . . . . . . . .|
pO . . O O . . . . . . . . . . . . . .|
o. . . . . X . . . . . . . . . . . . .|
n. . . . . . . . . . . . . . . . . . .|
m. . O . . . . . . . . . X . . . . . .|
l. . . . . . . . . . . X . . . . . . .|
k. . . . . . . O . . . . . . . . . . .|
j. . . . . . . . . . . . . . . . . O X|
i. . . . . . . . . . . . . . . . . . .|
h. O . . . . X . . . . . . . . . . . .|
g. . . . . . . . X . . . . . . . . . .|
f. . X O . . X . . . . . . . . . . . .|
e. . . . . . . . . . . . . . . . . . .|
d. . . . . . . . . O . . . . . . . . .|
c. . . . . . . . . . . . . . . . . X .|
b. . . . . . . . . . X . . . . . . O .|
a. . . . . X . . . . . X O . . . O . .|
 A B C D E F G H I J K L M N O P Q R S|
gracz O
--------------------------------------+
s. . . . . . . . . . . . . . . . . . .|
r. . . . . . . . . . . . . . . . . . .|
q. . . X . . . . . . . . . . . . . . .|
pO . . O O . . . . . . . . . . . . . .|
o. . . . . X . O . . . . . . . . . . .|
n. . . . . . . . . . . . . . . . . . .|
m. . O . . . . . . . . . X . . . . . .|
l. . . . . . . . . . . X . . . . . . .|
k. . . . . . . O . . . . . . . . . . .|
j. . . . . . . . . . . . . . . . . O X|
i. . . . . . . . . . . . . . . . . . .|
h. O . . . . X . . . . . . . . . . . .|
g. . . . . . . . X . . . . . . . . . .|
f. . X O . . X . . . . . . . . . . . .|
e. . . . . . . . . . . . . . . . . . .|
d. . . . . . . . . O O . . . . . . . .|
c. . . . . . . . . . . . . . . . . X .|
b. . . . . . . . . . X . . . . . . O .|
a. . . . . X . . . . . X O . . . O . .|
 A B C D E F G H I J K L M N O P Q R S|
gracz X
--------------------------------------+
s. . . . . . . . . . . . . . . . . . .|
r. . . . . . . . . . . . . . . . . . .|
q. . . X . . . . . . . . . . . . . . .|
pO . . O O . . . . . . . . . . . . . .|
o. . . . . X . O . . . . . . . . . . .|
n. . . . . . . . . . . . . . . . . . .|
m. . O . . X . . . . . . X . . . . . .|
l. . . . . . . . . . . X . . . . . . .|
k. . . . . . . O . . . . . . . . . . .|
j. . . . . . . . . . . . . . . . . O X|
i. . . . . . . . . . . . . . . . X . .|
h. O . . . . X . . . . . . . . . . . .|
g. . . . . . . . X . . . . . . . . . .|
f. . X O . . X . . . . . . . . . . . .|
e. . . . . . . . . . . . . . . . . . .|
d. . . . . . . . . O O . . . . . . . .|
c. . . . . . . . . . . . . . . . . X .|
b. . . . . . . . . . X . . . . . . O .|
a. . . . . X . . . . . X O . . . O . .|
 A B C D E F G H I J K L M N O P Q R S|
gracz O
--------------------------------------+
s. . . . . . . . . . . . . . . . . . .|
r. . . . . . . . . . . . . . . . . . .|
q. . . X . . . . . . . O . . . . . . .|
pO . . O O . . . . . . . . . . . . . .|
o. . . . . X . O . . . . . . . . . . .|
n. . . . . . . . . . . . . . . . . . .|
m. . O . . X . . . . . . X . . . . . .|
l. . . . . . . . . . . X . . . . . . .|
k. . . . . . . O . . . . . . . . . . .|
j. . . . . . . . . . . . . . . . . O X|
i. . . . . . . . . . . . . . . . X . .|
hO O . . . . X . . . . . . . . . . . .|
g. . . . . . . . X . . . . . . . . . .|
f. . X O . . X . . . . . . . . . . . .|
e. . . . . . . . . . . . . . . . . . .|
d. . . . . . . . . O O . . . . . . . .|
c. . . . . . . . . . . . . . . . . X .|
b. . . . . . . . . . X . . . . . . O .|
a. . . . . X . . . . . X O . . . O . .|
 A B C D E F G H I J K L M N O P Q R S|
gracz X
--------------------------------------+
s. . . . . . . . . . . . . . . . . . .|
r. . . . . . . . . . . . . . . . . . .|
q. . . X . . . . . . . O . . . . . . .|
pO . . O O . . . . . . . . . . . . . .|
o. . . . . X . O . . . . . . . . . . .|
n. . . . . . . . . . . . . . . . . . .|
m. . O . . X . . . . . . X . . . . . .|
l. . . . . . . . . . . X . . . . . . .|
k. . . . . . . O . . . . . . . . . . .|
j. . . . . . . . . . . . . . . . . O X|
i. . . . . . . . . . . . . . . . X . .|
hO O . . . . X . . . . . . . . . . . .|
g. . . . . . . . X . . . . . . . . . .|
f. . X O . . X . . . . . . . . . . . .|
e. . . . . . . . . . . . . . . . . . .|
d. . . . . . . . . O O . . . . . . . .|
c. . . . . . . . . . . . . . . . . X .|
b. . . . . . . . . . X . . . . . . O .|
a. . . . . X . . . . . X O . . . O . .|
 A B C D E F G H I J K L M N O P Q R S|
gracz X
--------------------------------------+
s. . . . . . . . . . . . . . . . . . .|
r. . . . . . . . . . . . . . . . . . .|
q. . . X . . . . . . . O . . . . . . .|
pO . . O O . . . . . . . . . . . . . .|
o. . . . . X . O . . . . . . . . . . .|
n. . . . . . . X . . . . . . . . . . .|
m. . O . . X . . . . . . X . . . . . .|
l. . . . . . . . . . . X . . . . . . .|
k. . . . . . . O . . . . . . . . . . .|
j. . . . . . . . . . . . . . X . . O X|
i. . . . . . . . . . . . . . . . X . .|
hO O . . . . X . . . . . . . . . . . .|
g. . . . . . . . X . . . . . . . . . .|
f. . X O . . X . . . . . . . . . . . .|
e. . . . . . . . . . . . . . . . . . .|
d. . . . . . . . . O O . . . . . . . .|
c. . . . . . . . . . . . . . . . . X .|
b. . . . . . . . . . X . . . . . . O .|
a. . . . . X . . . . . X O . . . O . .|
 A B C D E F G H I J K L M N O P Q R S|
gracz O
--------------------------------------+
s. . . . . . . . . . . . . . . . . . .|
r. . . . . . . . . . . . . . . . . . .|
q. . . X . . . . . . . O . . . . . . .|
pO . . O O . . . . . . . . . . . . . .|
o. . . . . X . O . . . . . . . . . . .|
n. . . . . . . X . . . . . . . . . . .|
m. . O . . X . . . . . . X . . . . . .|
l. . . . . . . . . . . X . O . . . . .|
k. . . . . . . O . . . . . . . . . . .|
j. . . . . . . . . . . . . . X . . O X|
i. . . . . . . . . . . . . . . . X . .|
hO O . . . . X . . . . . . . . . . . .|
g. . . . . . . . X . . . . . . . . . .|
f. . X O . . X . . . . . . . . . . . .|
e. . . . . . . . . . . . . . . . . . .|
d. . . . . . . . . O O . . . . . . . .|
c. . . . . . . . . . . . . . . . O X .|
b. . . . . . . . . . X . . . . . . O .|
a. . . . . X . . . . . X O . . . O . .|
 A B C D E F G H I J K L M N O P Q R S|
gracz X
--------------------------------------+
s. . . . . . . . . . . . . . . . . . .|
r. . . . . . . . . . . . . . . . . . .|
q. . . X . . X . . . . O . . . . . . .|
pO . . O O . . . . . . . . . . . . . .|
o. . . . . X . O . . X . . . . . . . .|
n. . . . . . . X . . . . . . . . . . .|
m. . O . . X . . . . . . X . . . . . .|
l. . . . . . . . . . . X . O . . . . .|
k. . . . . . . O . . . . . . . . . . .|
j. . . . . . . . . . . . . . X . . O X|
i. . . . . . . . . . . . . . . . X . .|
hO O . . . . X . . . . . . . . . . . .|
g. . . . . . . . X . . . . . . . . . .|
f. . X O . . X . . . . . . . . . . . .|
e. . . . . . . . . . . . . . . . . . .|
d. . . . . . . . . O O . . . . . . . .|
c. . . . . . . . . . . . . . . . O X .|
b. . . . . . . . . . X . . . . . . O .|
a. . . . . X . . . . . X O . . . O . .|
 A B C D E F G H I J K L M N O P Q R S|
gracz O
--------------------------------------+
s. . . . . . . . . . . . . . . . . . .|
r. . . . . . . . . . . . . . . . . . .|
q. . . X . . X . . . . O . . . . . . .|
pO . . O O . . . . . . . . . . . . . .|
o. . O . . X . O . . X . . . . . . . .|
n. . . . . . . X . . . . . . . . . . .|
m. . O . . X . . . . . . X . . . . . .|
l. . . . . . . . . . . X . O . . . . .|
k. . . . . . . O . . . . . . . . . . .|
j. . . . . . . . . . . . . . X . . O X|
i. . . . . . . . . . . . . . . . X . .|
hO O . . . . X . . . . . . . . . . . .|
g. . . . . . . . X . . . . . . . . . .|
f. . X O . . X . . . . . . . . . . . .|
e. . . . . . . . . . . . . . . . . . .|
d. . . . . . . . . O O . . . . . . . .|
c. . . . . . . . . . . . . . . . O X .|
b. . O . . . . . . . X . . . . . . O .|
a. . . . . X . . . . . X O . . . O . .|
 A B C D E F G H I J K L M N O P Q R S|
gracz X
--------------------------------------+
s. . . . . . . . . . . . . . . . . . .|
r. . . . . . . . . . . . . . . . . . .|
q. . . X . . X . . . . O . . . . . . .|
pO . . O O . . . . . . . . . . . . . .|
o. . O . . X . O . . X . . . . . . . .|
n. . . . . . . X . . . . . . . . . . .|
m. . O . . X . . . . . . X . . . . . .|
l. . . . . . . . . . . X . O . . . . .|
k. . . . . . . O . . . . . . . . . . .|
j. . . . . . . . . . . . . . X . . O X|
i. . . . . . . . . . . . . . . . X . .|
hO O . . . . X . . . . . . . . . . . .|
g. . . . . . . . X . . . . . . . . . .|
f. . X O . . X . . . . . . . . . . . .|
e. . . . . . . . . . . . . . . . . . .|
d. . . . . . . . . O O . . . . . . X .|
c. . . . . . . . . . . . . . . . O X .|
b. . O . . . . . . . X . . . . . . O .|
a. . . . . X . . . . . X O . X . O . .|
 A B C D E F G H I J K L M N O P Q R S|
gracz O
--------------------------------------+
s. . . . . . . . . . . . . . . . . . .|
r. . . . . . . . . . . . . . . . . . .|
q. . . X . . X . . . . O . . . . . . .|
pO . . O O . . . . . . . . . . . . . .|
o. . O . . X . O . . X . . . . . . . O|
n. . . . . . . X . . . . . . . . . . .|
m. . O . . X . . . . . . X . . . . . .|
l. . . . . . . . . . . X . O . . . . .|
k. . . . . . . O . . . . . . . . . . .|
j. . . . . . . . . . . . . . X . . O X|
i. . . . . . . . . . . . . . . . X . .|
hO O . . O . X . . . . . . . . . . . .|
g. . . . . . . . X . . . . . . . . . .|
f. . X O . . X . . . . . . . . . . . .|
e. . . . . . . . . . . . . . . . . . .|
d. . . . . . . . . O O . . . . . . X .|
c. . . . . . . . . . . . . . . . O X .|
b. . O . . . . . . . X . . . . . . O .|
a. . . . . X . . . . . X O . X . O . .|
 A B C D E F G H I J K L M N O P Q R S|
gracz X
--------------------------------------+
s. . . . . . . . . . . . . . . . . . .|
r. . . . . . . . . . . . . . . . . . .|
q. . . X . . X . . . . O . . . . . . .|
pO . . O O . . . . . . . . . . . . . .|
o. . O . . X . O . . X . . . . . . . O|
n. . . . . . . X . . . . . . . . . . .|
m. . O . . X . . . . . . X . . . . . .|
l. . . . . . . . . . . X . O . . . . .|
k. . . . . . . O . X . . . . . . . . .|
j. . . . . . . . . . . . . . X . . O X|
i. . . . . . . . . . . . . X . . X . .|
hO O . . O . X . . . . . . . . . . . .|
g. . . . . . . . X . . . . . . . . . .|
f. . X O . . X . . . . . . . . . . . .|
e. . . . . . . . . . . . . . . . . . .|
d. . . . . . . . . O O . . . . . . X .|
c. . . . . . . . . . . . . . . . O X .|
b. . O . . . . . . . X . . . . . . O .|
a. . . . . X . . . . . X O . X . O . .|
 A B C D E F G H I J K L M N O P Q R S|
gracz O
--------------------------------------+
s. . . . . . . . . . . . . . . . . . .|
r. . . . . . . . . . . . . . . . . . .|
q. . . X . . X . . . . O . . . . . . .|
pO . . O O . . . . . . . . . . . . . .|
o. . O . . X . O . . X . . . . . . . O|
n. . . . . . . X . . . . . . . . . . .|
m. . O . . X . . . . . . X . . . . . .|
l. . . . . . . . . . . X . O . . . . .|
k. . . . . . . O . X . O . . . . . . .|
j. . . . . . . . . . . . . . X . . O X|
i. . . . . . . . . . . . . X . . X . .|
hO O . . O . X . . . . . . . . . . . .|
g. . . . . . . . X . . . . . . . . . .|
f. . X O . . X . . . . . . . . . . . .|
e. . . . . . . . . . . . . . . . . . .|
d. . . . . . . . . O O . . . . . . X .|
c. . . . . . . . . . . . . . . . O X .|
b. . O . . O . . . . X . . . . . . O .|
a. . . . . X . . . . . X O . X . O . .|
 A B C D E F G H I J K L M N O P Q R S|
gracz X
--------------------------------------+
s. . . . . . . . . . . . . . . . . . .|
r. . . . . . . . . . . . . . . . . . X|
q. . . X . . X . . . . O . . . . . . .|
pO . . O O . . . . . . . . . . . . . .|
o. . O . . X . O . . X . . . . . . . O|
n. . . . . . . X . . . . . . . . . . .|
m. . O . . X . . . . . . X . . . . . .|
l. . . . . . . . . . . X . O . . . . .|
k. . . . . . . O . X . O . . . . . . .|
j. . . . . . . . . . . . . . X . . O X|
i. . . . . . . . . . . . . X . . X . .|
hO O . . O . X . . . . . . . . . . . .|
g. . . . . . . . X . . . . . . . . . .|
f. . X O . . X . . . . . . . . . . . .|
e. . . . . . . . . . . . . . . . . . .|
d. . . . . . . . X O O . . . . . . X .|
c. . . . . . . . . . . . . . . . O X .|
b. . O . . O . . . . X . . . . . . O .|
a. . . . . X . . . . . X O . X . O . .|
 A B C D E F G H I J K L M N O P Q R S|
gracz O
--------------------------------------+
s. . . . . . . . . . . . . . . . . . .|
r. . . . . . . . . . . . . . . . . . X|
q. . . X . . X . . . . O . . . . . . .|
pO . . O O . . . . . . . . . . . . . .|
o. . O . . X . O . . X . . . . . . . O|
n. . . . . . . X O . . . . . . . . . .|
m. . O . . X . . . . . . X . . . . . .|
l. . . . . . . . . . . X . O . . . . .|
k. . . . . . . O . X . O . . . . . . .|
j. . . . . . . . . . . . . . X . . O X|
i. . . . . . . . . . . . . X . . X . .|
hO O . . O . X . . . . . . . . . . . .|
g. . . . . . . . X . . . . . . . . . .|
f. . X O . . X . . . . . . . . . . . .|
e. . . . . . . . . . . . . . . . . . .|
d. . . . . . . . X O O . . . . . . X .|
c. . . . . . . . . . . . . . O . O X .|
b. . O . . O . . . . X . . . . . . O .|
a. . . . . X . . . . . X O . X . O . .|
 A B C D E F G H I J K L M N O P Q R S|
gracz X
--------------------------------------+
s. . . . . . . . . . . . . . . . . . .|
r. . . . . . . . . . . . . . . . . . X|
q. . . X . . X . . . . O . . . . . . .|
pO . . O O . . . . . . . . . . . . . .|
o. . O . . X . O . . X . . . . . . . O|
n. . . . . . . X O . . . . . . . . . .|
m. . O X . X . . . . . . X . . . . . .|
l. . . . . . . . . . . X . O . . . . .|
k. . . . . . . O . X . O . . . . . . .|
j. . . . . . . . . . . . . . X . . O X|
i. . . . . . . . . . . . . X . . X . .|
hO O . . O . X . . . . . . . . X . . .|
g. . . . . . . . X . . . . . . . . . .|
f. . X O . . X . . . . . . . . . . . .|
e. . . . . . . . . . . . . . . . . . .|
d. . . . . . . . X O O . . . . . . X .|
c. . . . . . . . . . . . . . O . O X .|
b. . O . . O . . . . X . . . . . . O .|
a. . . . . X . . . . . X O . X . O . .|
 A B C D E F G H I J K L M N O P Q R S|
gracz O
--------------------------------------+
s. . . . . . O . . . . . . . . . . . .|
r. . . . . . . . . . . . . . . . . . X|
q. . . X . . X . . . . O . . . . . . .|
pO . . O O . . . . . . . . . . . . . .|
o. . O . . X . O . . X . . . . . . . O|
n. . . . . . . X O . . . . . . . . . .|
m. . O X . X . . . . . . X . . . . . .|
l. . . . . . . . . . . X . O . . . . .|
k. . . . . . . O . X . O . . . . . . .|
j. . . . . . . . . . . . . . X . . O X|
i. . . . . . . . . . . . . X . . X . .|
hO O . . O . X . . . . . . . . X . . .|
g. . . . . . . . X . . . . . . . . . .|
f. . X O O . X . . . . . . . . . . . .|
e. . . . . . . . . . . . . . . . . . .|
d. . . . . . . . X O O . . . . . . X .|
c. . . . . . . . . . . . . . O . O X .|
b. . O . . O . . . . X . . . . . . O .|
a. . . . . X . . . . . X O . X . O . .|
 A B C D E F G H I J K L M N O P Q R S|
gracz X
--------------------------------------+
s. . . . . . O . . . . . . . . . . . .|
r. . . . . . . . . . . . . . . . . . X|
q. . . X . . X . . . . O . . . . . . .|
pO . . O O . . . . . . . . . . . . . .|
o. . O . . X . O . . X . . . . . . . O|
n. . . . . . . X O . . . . . . . . . .|
m. . O X . X . . . . . . X . . . . . .|
l. . . . . . . . . . . X . O . . . . .|
k. . . . . . . O . X . O . . . . . . .|
j. . . . . . . . . . . . . . X . . O X|
i. . . . . . . . . . . . . X . . X . .|
hO O . . O . X . X . . . . . . X . . .|
g. . . . . . . . X . . . . . . . . . .|
f. . X O O . X . . . . . . . . . . . .|
e. . . . . . . . . . . . . . . . . . .|
d. . . . . . . . X O O . . . . . . X .|
c. . . . . . . . . . . . . . O . O X .|
b. . O . . O . . . . X . . . . . . O .|
aX . . . . X . . . . . X O . X . O . .|
 A B C D E F G H I J K L M N O P Q R S|
gracz O
--------------------------------------+
s. . . . . . O . . . . . . . . . . . .|
r. . . . . . . . . . . . . . . . . . X|
q. . . X . . X . . . . O . . . . . . .|
pO . . O O . . . . . . . . . . . . . .|
o. . O . . X . O . . X . . . . . . . O|
n. . . . . . . X O . . . . . . . . . .|
m. . O X . X O . . . . . X . . . . . .|
l. . . . . . . . . . . X . O . . . . .|
k. . . . . . . O . X . O . . . . . . .|
j. . . . . . . . . . . . . . X . . O X|
i. . . . . . . . . . . . . X . . X . .|
hO O . . O . X . X . . . . . . X . . .|
g. . . . . . . . X . . . . . . . . . .|
f. . X O O . X . . . . . . . . . . . .|
e. . . . . . . . . . . . . . . . . . .|
d. . . . . . . . X O O . . . . . . X .|
c. . . . . . . . . . . . . . O . O X .|
b. . O . O O . . . . X . . . . . . O .|
aX . . . . X . . . . . X O . X . O . .|
 A B C D E F G H I J K L M N O P Q R S|
gracz X
--------------------------------------+
s. . . . . . O . . . . . . . . . . . .|
r. . . . . . . . . . . . . . . . . . X|
q. . . X . . X . . . . O . . . . . . .|
pO . . O O . . . . . . . . . . . . . .|
o. . O . . X . O . . X X . . . . . . O|
n. . . . . . . X O . . . . . . . . . .|
m. . O X . X O . . . . . X . . . . . .|
l. . . . . . . . . . . X . O . . . . .|
kX . . . . . . O . X . O . . . . . . .|
j. . . . . . . . . . . . . . X . . O X|
i. . . . . . . . . . . . . X . . X . .|
hO O . . O . X . X . . . . . . X . . .|
g. . . . . . . . X . . . . . . . . . .|
f. . X O O . X . . . . . . . . . . . .|
e. . . . . . . . . . . . . . . . . . .|
d. . . . . . . . X O O . . . . . . X .|
c. . . . . . . . . . . . . . O . O X .|
b. . O . O O . . . . X . . . . . . O .|
aX . . . . X . . . . . X O . X . O . .|
 A B C D E F G H I J K L M N O P Q R S|
gracz O
--------------------------------------+
s. . . . . . O . . . . . . . . . . . .|
r. . . . . . . . . . . . . . . . . . X|
q. . . X . . X . . . . O . . . . . . .|
pO . . O O . . . . . . . . . . . . . .|
o. . O . . X . O . . X X . . . . . . O|
n. . . . . . . X O . . . . . . . . . .|
m. . O X . X O . . . . . X . . . . . .|
l. . . . . . . . . . . X . O . . . . .|
kX . . . . . . O . X . O . . . . . . .|
j. . . . . . . . . . . . . . X . . O X|
i. . . . . . . . . . . . . X . . X . .|
hO O . . O . X . X . . . . . . X . . .|
g. . . . . . . . X . . . . . . . . . .|
f. . X O O . X . . . . . . . . . . . .|
eO . . . . . . . . . . . . . . . . . .|
d. . . . . . . . X O O . . . . . . X .|
c. O . . . . . . . . . . . . O . O X .|
b. . O . O O . . . . X . . . . . . O .|
aX . . . . X . . . . . X O . X . O . .|
 A B C D E F G H I J K L M N O P Q R S|
gracz X
--------------------------------------+
s. . . . X . O . . . . . . . . . . . .|
r. . . . . . . . . . . . . . . . . . X|
q. . . X . . X . . . . O . . . . . . .|
pO . . O O . . . . . . . . . . . . . .|
o. . O . . X . O . . X X . . . . . . O|
n. . . . . . . X O . . . . . . . . . .|
m. . O X . X O . . . . . X . . . . . .|
l. . . . . . . . . . . X . O . . . . .|
kX . . . . . . O . X . O . . . . . . .|
j. . . . . . . . . . . . . . X X . O X|
i. . . . . . . . . . . . . X . . X . .|
hO O . . O . X . X . . . . . . X . . .|
g. . . . . . . . X . . . . . . . . . .|
f. . X O O . X . . . . . . . . . . . .|
eO . . . . . . . . . . . . . . . . . .|
d. . . . . . . . X O O . . . . . . X .|
c. O . . . . . . . . . . . . O . O X .|
b. . O . O O . . . . X . . . . . . O .|
aX . . . . X . . . . . X O . X . O . .|
 A B C D E F G H I J K L M N O P Q R S|
gracz O
--------------------------------------+
s. . . . X . O . . . . . . . . . . . .|
r. . . . . . . . . . . . . . . . . . X|
q. . . X . . X . . . . O . . O . . . .|
pO . . O O . . . . . . . . . . . . . .|
o. . O . . X . O . . X X . . . . . . O|
n. . . . . . . X O . . . . . . . . . .|
m. . O X . X O . . . . . X . . . . . .|
l. . . . . . O . . . . X . O . . . . .|
kX . . . . . . O . X . O . . . . . . .|
j. . . . . . . . . . . . . . X X . O X|
i. . . . . . . . . . . . . X . . X . .|
hO O . . O . X . X . . . . . . X . . .|
g. . . . . . . . X . . . . . . . . . .|
f. . X O O . X . . . . . . . . . . . .|
eO . . . . . . . . . . . . . . . . . .|
d. . . . . . . . X O O . . . . . . X .|
c. O . . . . . . . . . . . . O . O X .|
b. . O . O O . . . . X . . . . . . O .|
aX . . . . X . . . . . X O . X . O . .|
 A B C D E F G H I J K L M N O P Q R S|
gracz X
--------------------------------------+
s. . . . X . O . . . . . . . . . . . .|
r. . . . . . . . . . . . . . . . . . X|
q. . . X . . X . . . . O . . O . . . .|
pO . . O O . . . . . . . . . . . . . .|
o. . O . . X . O . . X X . . . . . . O|
n. . . . . . . X O . . . . . . . . . .|
m. . O X . X O . . . . . X . . . . . .|
l. . . . . . O . . . . X . O . . . . .|
kX . X . . . . O . X . O . . . . . . .|
j. . . . . . . . . . . . . . X X . O X|
i. . . . . . . . . . . . . X . . X . .|
hO O . . O . X . X . . . . . . X . . .|
g. . . . . . . . X . . . . . . . . . .|
f. . X O O . X . . . . . . . . . . . .|
eO . . . . . . . . . . . . . . . . . .|
d. . . . . . . . X O O . . . . . . X .|
c. O . . . . . . . . . . . . O . O X .|
b. . O . O O . . . . X . . . . . . O X|
aX . . . . X . . . . . X O . X . O . .|
 A B C D E F G H I J K L M N O P Q R S|
gracz O
--------------------------------------+
s. . . . X . O . . . . . . . . . . . .|
r. . . . . . . . . . . . . . . . . . X|
q. . . X . . X . . . . O . . O . . . .|
pO . . O O . . . . . . . . . . . . . .|
o. . O . . X O O . . X X . . . . . . O|
n. . . . . . . X O . . . . . . . . . .|
m. . O X . X O . . . . . X . . . . . .|
l. . . . . . O . . . . X . O . . . . O|
kX . X . . . . O . X . O . . . . . . .|
j. . . . . . . . . . . . . . X X . O X|
i. . . . . . . . . . . . . X . . X . .|
hO O . . O . X . X . . . . . . X . . .|
g. . . . . . . . X . . . . . . . . . .|
f. . X O O . X . . . . . . . . . . . .|
eO . . . . . . . . . . . . . . . . . .|
d. . . . . . . . X O O . . . . . . X .|
c. O . . . . . . . . . . . . O . O X .|
b. . O . O O . . . . X . . . . . . O X|
aX . . . . X . . . . . X O . X . O . .|
 A B C D E F G H I J K L M N O P Q R S|
gracz X
--------------------------------------+
s. . . . X . O . . . . . . . . . . . .|
r. . . . . . . . . . . . . . . . . . X|
q. . . X . . X . . . . O . . O . . . .|
pO . . O O . . . . . . . . . . . . . .|
o. . O . . X O O . . X X . . . . . . O|
n. . . . . . . X O . . . . . . . . . .|
m. . O X . X O . . . . . X . . . . . .|
l. . . . . . O . . . . X . O . . . . O|
kX . X . . . . O . X . O . . . . . . .|
j. . . . . . . . . . . . . . X X . O X|
i. . . . . . . . . . . . . X . . X . .|
hO O . . O . X . X . . . . . . X . . .|
g. . . . . . . . X . . . . . . . . . .|
f. . X O O . X . . . . . . . . . . . .|
eO . . . . . . . . . . . . . . . . . X|
d. . . . . . . . X O O . . . . . . X .|
c. O . . . . . . . X . . . . O . O X .|
b. . O . O O . . . . X . . . . . . O X|
aX . . . . X . . . . . X O . X . O . .|
 A B C D E F G H I J K L M N O P Q R S|
gracz O
--------------------------------------+
s. . . . X . O . . . . . . . . . . . .|
r. . . . . . . . . . . . . . . . . . X|
q. . . X . . X . . . . O . . O . . . .|
pO . . O O . . . . . . . . . . . . . .|
o. . O . . X O O . . X X . . . . . . O|
n. . . . . . . X O . . . . . . . . . .|
m. . O X . X O . . . . . X . . . . . .|
l. . . . . . O . . . O X . O . . . . O|
kX . X . . . . O . X . O . . . . . . .|
j. . . . . . . . . . . . . . X X . O X|
i. . . . . . . . . . . . . X . . X . .|
hO O . . O . X . X . . . . . . X . . .|
g. . . . . . . . X . . . . . . . . . .|
f. . X O O . X O . . . . . . . . . . .|
eO . . . . . . . . . . . . . . . . . X|
d. . . . . . . . X O O . . . . . . X .|
c. O . . . . . . . X . . . . O . O X .|
b. . O . O O . . . . X . . . . . . O X|
aX . . . . X . . . . . X O . X . O . .|
 A B C D E F G H I J K L M N O P Q R S|
gracz X
--------------------------------------+
s. . . . X . O . . . . . . . . . . . .|
r. . . . . . . . . . . . . . . . . . X|
q. . . X . . X . . . . O . . O . . . .|
pO . . O O . . . . . . . . . . . . . .|
o. . O . . X O O . . X X . . . . . . O|
n. . . . . . . X O . . . . . . . . . .|
m. . O X . X O . . . . . X . . . . . .|
l. . X . . . O . . . O X . O . . . . O|
kX . X . . . . O . X . O . . . . . . .|
j. . . . . . . . . . . . . . X X . O X|
i. . . . . . . . . . . . . X . . X . .|
hO O . . O . X . X . . . . . . X . . .|
g. . . . . . . . X . . . . . . . . . .|
f. . X O O . X O . . . . . . . . . . .|
eO . . . . . . . . . . . . . . . . . X|
d. . . . . . . . X O O . . . . . . X .|
c. O . . . . . . . X . . . . O . O X .|
b. . O . O O X . . . X . . . . . . O X|
aX . . . . X . . . . . X O . X . O . .|
 A B C D E F G H I J K L M N O P Q R S|
gracz O
--------------------------------------+
s. . . . X . O . . . . . . . . . . . .|
r. . . . . . . . . . . . . . . . . . X|
q. O . X . . X . . . . O . . O . . . .|
pO . . O O . . . . . . . . . . . . . .|
o. . O . . X O O . . X X . . . . . . O|
n. . . . . . . X O . . . . . . . . . .|
m. . O X . X O . . . . . X . . . . . .|
l. . X . . . O . . . O X . O . . . . O|
kX . X . . . . O . X . O . . . . . . .|
j. . . . . . . . . . . . . . X X . O X|
i. . . . . . . . . . . . . X . . X . .|
hO O . . O . X . X . . . . . . X . . .|
g. . . . . . . . X . . . . . . . . . .|
f. . X O O . X O . . . . . . . . . . .|
eO . . . . . . . . . . . . . . . . . X|
d. . O . . . . . X O O . . . . . . X .|
c. O . . . . . . . X . . . . O . O X .|
b. . O . O O X . . . X . . . . . . O X|
aX . . . . X . . . . . X O . X . O . .|
 A B C D E F G H I J K L M N O P Q R S|
gracz X
--------------------------------------+
s. . . . X . O . . . . . . . . . . . .|
r. . . . . . . . . . . . . . . . . . X|
q. O . X . . X . . . . O . . O . . . .|
pO . . O O . . . . . . . . . . . . . .|
o. . O . . X O O . . X X . . . . . . O|
n. . . . . . . X O . . . . . . . . . .|
m. . O X . X O . . . . X X . . . . . .|
l. . X . . . O . . . O X . O . . . . O|
kX . X . . . . O . X . O . . . . . . .|
j. . . . . . . . . . . . . . X X . O X|
i. . . . . . . . . . . . . X . . X . .|
hO O . . O . X X X . . . . . . X . . .|
g. . . . . . . . X . . . . . . . . . .|
f. . X O O . X O . . . . . . . . . . .|
eO . . . . . . . . . . . . . . . . . X|
d. . O . . . . . X O O . . . . . . X .|
c. O . . . . . . . X . . . . O . O X .|
b. . O . O O X . . . X . . . . . . O X|
aX . . . . X . . . . . X O . X . O . .|
 A B C D E F G H I J K L M N O P Q R S|
gracz O
--------------------------------------+
s. . . . X . O . . . . . . . . . . . .|
r. . . . . . . . . . . . . . . . . . X|
q. O . X . . X . . . . O . . O . . . .|
pO . . O O . . . . . . . . . . . . . .|
o. . O . . X O O . . X X . . . . . . O|
n. . . . . . . X O . . . . . . . . . .|
m. . O X . X O . . . . X X . . . . . .|
l. . X . . . O . . . O X . O . . . . O|
kX . X . . . . O . X . O . . . . . . .|
j. . . . . . . O . . . . . . X X . O X|
i. . . . . . . . . . O . . X . . X . .|
hO O . . O . X X X . . . . . . X . . .|
g. . . . . . . . X . . . . . . . . . .|
f. . X O O . X O . . . . . . . . . . .|
eO . . . . . . . . . . . . . . . . . X|
d. . O . . . . . X O O . . . . . . X .|
c. O . . . . . . . X . . . . O . O X .|
b. . O . O O X . . . X . . . . . . O X|
aX . . . . X . . . . . X O . X . O . .|
 A B C D E F G H I J K L M N O P Q R S|
gracz X
--------------------------------------+
s. . . . X . O . . . . . . . . . . . .|
r. . . . . . . . . . . . . . . . . . X|
q. O . X . . X . . . . O . . O . . . .|
pO . . O O . . . X . . . . . . . . . .|
o. . O . . X O O . . X X . . . . . . O|
n. . . . . . . X O . . . . . . . . . .|
m. . O X . X O . . . . X X . . . . . .|
l. . X . . . O . . . O X . O . . . . O|
kX . X . . . . O . X . O . . . . . . .|
j. . . . . . . O . . . . . . X X . O X|
i. . . . . . . . . . O . . X . . X . .|
hO O . . O . X X X . . . . . . X . . .|
g. . . . . . . . X . . . . . . . . . .|
f. . X O O . X O . . . . . . . . . . .|
eO . . X . . . . . . . . . . . . . . X|
d. . O . . . . . X O O . . . . . . X .|
c. O . . . . . . . X . . . . O . O X .|
b. . O . O O X . . . X . . . . . . O X|
aX . . . . X . . . . . X O . X . O . .|
 A B C D E F G H I J K L M N O P Q R S|
gracz O
--------------------------------------+
s. . . . X . O . . . . . . . . . . . .|
r. . . . . . . . . . . . . . . . . . X|
q. O . X . . X . . . . O . . O . . . .|
pO . . O O . . . X . . . . . . . . . .|
o. . O . . X O O . . X X . . . . . . O|
n. . . . . . . X O . . . . . . . . . .|
m. . O X . X O . . . . X X . O . . . .|
l. . X . . . O . . . O X . O . . . . O|
kX . X . . . . O . X . O . . . . . . .|
j. . . . . . . O . . . . . . X X . O X|
i. . . . . . . . . . O . . X . . X . .|
hO O . . O . X X X . . . . . . X . . .|
g. . . . . . . . X . . . . . . . . . .|
f. . X O O . X O . . . . . . . . . . .|
eO . . X . . . . . . . . . . . . . . X|
d. . O . . . . . X O O O . . . . . X .|
c. O . . . . . . . X . . . . O . O X .|
b. . O . O O X . . . X . . . . . . O X|
aX . . . . X . . . . . X O . X . O . .|
 A B C D E F G H I J K L M N O P Q R S|
gracz X
--------------------------------------+
s. . . . X . O . . X . . . . . . . . .|
r. . . . . . . . . . . . . . . . . . X|
q. O . X . . X . . . . O . . O . . . .|
pO . . O O . . . X . . . . . . . . . .|
o. . O . . X O O . . X X . . . . . . O|
n. . . . . . . X O . . . . . . . . . .|
m. . O X . X O . . . . X X . O . . . .|
l. . X . . . O . X . O X . O . . . . O|
kX . X . . . . O . X . O . . . . . . .|
j. . . . . . . O . . . . . . X X . O X|
i. . . . . . . . . . O . . X . . X . .|
hO O . . O . X X X . . . . . . X . . .|
g. . . . . . . . X . . . . . . . . . .|
f. . X O O . X O . . . . . . . . . . .|
eO . . X . . . . . . . . . . . . . . X|
d. . O . . . . . X O O O . . . . . X .|
c. O . . . . . . . X . . . . O . O X .|
b. . O . O O X . . . X . . . . . . O X|
aX . . . . X . . . . . X O . X . O . .|
 A B C D E F G H I J K L M N O P Q R S|
gracz O
--------------------------------------+
s. . . . X . O . . X . . . . . . . . .|
r. . . . . . . . . . . . . . . . . . X|
q. O . X . . X . . . . O . . O . . . .|
pO . . O O . . . X . . . . . . . . . .|
o. . O . . X O O . . X X . . . . . . O|
n. . . . . . . X O . . . . . . . . . .|
m. . O X . X O . . . . X X . O . . . .|
l. . X . . . O . X . O X . O . . . . O|
kX . X . . . . O . X . O . . . . . . .|
j. O . . . . . O . . . . . . X X . O X|
i. . . . . . . . . . O . . X . . X . .|
hO O . . O . X X X . . . . . . X . . .|
g. . . . . . . . X . . . . . . . . . .|
f. . X O O . X O . . . . . . . . . . .|
eO . . X . . . . . . . . . . . . . . X|
d. . O . . . . . X O O O . . . . O X .|
c. O . . . . . . . X . . . . O . O X .|
b. . O . O O X . . . X . . . . . . O X|
aX . . . . X . . . . . X O . X . O . .|
 A B C D E F G H I J K L M N O P Q R S|
gracz X
--------------------------------------+
s. . . . X . O . . X . . . . . . . . .|
r. . . . . . . . . . . . . . . . . . X|
q. O . X . . X . . . . O . . O . . . .|
pO . . O O . . . X . . . . . . . . . .|
o. . O . . X O O . . X X . X . . . . O|
n. . . . . . . X O . . . . . . . . . .|
m. . O X . X O . . . . X X . O . . . .|
l. . X . . . O . X . O X . O . . . . O|
kX . X . X . . O . X . O . . . . . . .|
j. O . . . . . O . . . . . . X X . O X|
i. . . . . . . . . . O . . X . . X . .|
hO O . . O . X X X . . . . . . X . . .|
g. . . . . . . . X . . . . . . . . . .|
f. . X O O . X O . . . . . . . . . . .|
eO . . X . . . . . . . . . . . . . . X|
d. . O . . . . . X O O O . . . . O X .|
c. O . . . . . . . X . . . . O . O X .|
b. . O . O O X . . . X . . . . . . O X|
aX . . . . X . . . . . X O . X . O . .|
 A B C D E F G H I J K L M N O P Q R S|
gracz O
--------------------------------------+
s. . . . X . O . . X . . . . . . . . .|
r. . . . . . . . . . . . . . . . . . X|
q. O . X . . X . . . . O . . O . . . .|
pO . . O O . . . X . . . . . . . . . .|
o. . O . . X O O . . X X . X . . . . O|
n. . . . . . . X O . . . . . . . . . .|
m. . O X . X O . O . . X X . O . . . .|
l. . X . . . O . X . O X . O . . . . O|
kX . X . X . . O . X . O . . . . . . .|
j. O . . . . . O . . . . . . X X . O X|
i. . . . . . . . . . O . . X . . X . .|
hO O . . O . X X X . . . . . . X . . .|
g. . . . . . . . X . . . . . . . . . .|
f. . X O O . X O . . . . . . . . . . .|
eO . . X . . . . . . . . . . . . . . X|
d. . O . . . . . X O O O . . . . O X .|
c. O . . . . . . . X . . . . O O O X .|
b. . O . O O X . . . X . . . . . . O X|
aX . . . . X . . . . . X O . X . O . .|
 A B C D E F G H I J K L M N O P Q R S|
gracz X
--------------------------------------+
s. . . . X . O . . X . . . . . . . . .|
r. . . . . . . . . . . . . . . . . . X|
q. O . X . . X . . . . O . . O . . . .|
pO . . O O . . . X . . . . . . . . X .|
o. . O . . X O O . . X X . X . . . . O|
n. . . . . . . X O . . . . . . . . . .|
m. . O X . X O . O . . X X . O . . . .|
l. . X . . . O . X . O X . O . . . . O|
kX . X . X . . O . X . O . . . . . . .|
j. O . . . . . O . . . . . . X X . O X|
i. . . . . . . . . . O . . X X . X . .|
hO O . . O . X X X . . . . . . X . . .|
g. . . . . . . . X . . . . . . . . . .|
f. . X O O . X O . . . . . . . . . . .|
eO . . X . . . . . . . . . . . . . . X|
d. . O . . . . . X O O O . . . . O X .|
c. O . . . . . . . X . . . . O O O X .|
b. . O . O O X . . . X . . . . . . O X|
aX . . . . X . . . . . X O . X . O . .|
 A B C D E F G H I J K L M N O P Q R S|
gracz O
--------------------------------------+
s. . . . X . O . . X . . . . . . . . .|
r. . . . . . . . . . . . . . . . . . X|
q. O . X . . X . . . . O . . O . . . .|
pO . . O O . . . X . . . . . . . . X .|
o. . O . . X O O . . X X . X . . . . O|
n. . . . . . . X O . . . . . . . . . .|
m. . O X . X O . O . . X X . O . . . .|
l. . X . . . O . X . O X . O . . . . O|
kX . X . X . . O . X . O . . . . . . .|
j. O . . . . . O . . . . . . X X . O X|
i. . . . . . . . . . O . . X X . X . .|
hO O . . O . X X X . . . . . . X . . .|
g. . . . . . . . X . . . . . . . . . .|
f. . X O O . X O . . . . . . . . . . .|
eO . . X . . . . . . . . . . . . . . X|
d. O O . . . . . X O O O . . . . O X .|
cO O . . . . . . . X . . . . O O O X .|
b. . O . O O X . . . X . . . . . . O X|
aX . . . . X . . . . . X O . X . O . .|
 A B C D E F G H I J K L M N O P Q R S|
gracz X
--------------------------------------+
s. . . . X . O . . X . . . . . . . . .|
r. . . . . . . . . . . . . . . . . . X|
q. O . X . . X . . . . O . . O . . . .|
pO . . O O . . . X . . . . . . . . X .|
o. . O . . X O O . . X X . X . . . . O|
n. . . . . . . X O . . . . . . . . . .|
m. . O X . X O . O . . X X . O . . . .|
l. X X . . . O . X . O X . O . . . . O|
kX . X . X . X O . X . O . . . . . . .|
j. O . . . . . O . . . . . . X X . O X|
i. . . . . . . . . . O . . X X . X . .|
hO O . . O . X X X . . . . . . X . . .|
g. . . . . . . . X . . . . . . . . . .|
f. . X O O . X O . . . . . . . . . . .|
eO . . X . . . . . . . . . . . . . . X|
d. O O . . . . . X O O O . . . . O X .|
cO O . . . . . . . X . . . . O O O X .|
b. . O . O O X . . . X . . . . . . O X|
aX . . . . X . . . . . X O . X . O . .|
 A B C D E F G H I J K L M N O P Q R S|
gracz O
--------------------------------------+
s. . . . X . O . . X . . . . . . . . .|
r. . . . O . . . . . . . . . . . . . X|
q. O . X . . X . . . . O . . O . . . .|
pO . . O O . . . X . . . . . . . . X .|
o. . O . . X O O . . X X . X . . . . O|
n. . . . . . . X O . . . . . . . . . .|
m. . O X . X O . O . . X X . O . . . .|
l. X X . . . O . X . O X . O . . . . O|
kX . X . X . X O . X . O . . . . . . .|
j. O . . . . . O . . . . . . X X . O X|
i. . . . . . . . . . O . . X X . X . .|
hO O . . O . X X X O . . . . . X . . .|
g. . . . . . . . X . . . . . . . . . .|
f. . X O O . X O . . . . . . . . . . .|
eO . . X . . . . . . . . . . . . . . X|
d. O O . . . . . X O O O . . . . O X .|
cO O . . . . . . . X . . . . O O O X .|
b. . O . O O X . . . X . . . . . . O X|
aX . . . . X . . . . . X O . X . O . .|
 A B C D E F G H I J K L M N O P Q R S|
gracz X
--------------------------------------+
s. . . . X . O . . X . . . . . . . . .|
r. . . . O . . . . . . . . . . . . . X|
q. O . X . . X . . . . O . . O . . . .|
pO . . O O . . . X . . . . . . . . X .|
o. . O . . X O O . . X X . X . . . . O|
n. . . . . . . X O . . . . . . . . . .|
m. . O X . X O . O . . X X . O . . . .|
l. X X . . . O . X . O X . O . . . . O|
kX . X . X . X O . X . O . . . . . . .|
j. O . . . . . O . . . . . . X X . O X|
i. . . . . . . . . . O . . X X . X . .|
hO O . . O . X X X O . . . . . X . . .|
g. . . . . . . . X . . . . . . . . . .|
f. . X O O . X O . . . . . . . . . . .|
eO . . X . . . . . . . . . . . . . . X|
d. O O . . . . . X O O O . . . . O X .|
cO O . . . . . . . X . . . . O O O X .|
b. . O . O O X . . . X . . . . . . O X|
aX . . . . X . . . . . X O . X . O . .|
 A B C D E F G H I J K L M N O P Q R S|
gracz X
--------------------------------------+
s. . . . X . O . . X . . . . . . . . .|
r. . . . O X . . . . . . . . . . . . X|
q. O . X . . X . . . . O . . O . . . .|
pO . . O O . . . X . . . . . . . . X .|
o. . O . . X O O . . X X . X . . . . O|
n. . . . . . . X O . . . . . . . . . .|
m. . O X . X O . O . . X X . O . . . .|
l. X X . . . O . X . O X . O . . . . O|
kX . X . X . X O . X . O . . . . . . .|
j. O . . . . . O . . . . . . X X . O X|
i. . . . . . . . . . O . . X X . X . .|
hO O . . O . X X X O . . . X . X . . .|
g. . . . . . . . X . . . . . . . . . .|
f. . X O O . X O . . . . . . . . . . .|
eO . . X . . . . . . . . . . . . . . X|
d. O O . . . . . X O O O . . . . O X .|
cO O . . . . . . . X . . . . O O O X .|
b. . O . O O X . . . X . . . . . . O X|
aX . . . . X . . . . . X O . X . O . .|
 A B C D E F G H I J K L M N O P Q R S|
gracz O
--------------------------------------+
s. . . O X . O . . X . . . . . . . . .|
r. . . . O X . . . . O . . . . . . . X|
q. O . X . . X . . . . O . . O . . . .|
pO . . O O . . . X . . . . . . . . X .|
o. . O . . X O O . . X X . X . . . . O|
n. . . . . . . X O . . . . . . . . . .|
m. . O X . X O . O . . X X . O . . . .|
l. X X . . . O . X . O X . O . . . . O|
kX . X . X . X O . X . O . . . . . . .|
j. O . . . . . O . . . . . . X X . O X|
i. . . . . . . . . . O . . X X . X . .|
hO O . . O . X X X O . . . X . X . . .|
g. . . . . . . . X . . . . . . . . . .|
f. . X O O . X O . . . . . . . . . . .|
eO . . X . . . . . . . . . . . . . . X|
d. O O . . . . . X O O O . . . . O X .|
cO O . . . . . . . X . . . . O O O X .|
b. . O . O O X . . . X . . . . . . O X|
aX . . . . X . . . . . X O . X . O . .|
 A B C D E F G H I J K L M N O P Q R S|
gracz X
--------------------------------------+
s. . . O X . O . . X . . . . . . . . .|
r. . . . O X . . . . O . . . . . . . X|
qX O . X . . X . . . . O . . O . . . .|
pO . . O O . . . X . . . . . . . . X .|
o. . O . . X O O . . X X . X . . . . O|
n. . . . . . . X O . . . . . . . . . .|
m. . O X . X O . O . . X X . O . . . .|
l. X X . . . O . X . O X . O . . . . O|
kX . X . X . X O . X . O . . . . . . .|
j. O . . . . . O . . . . . . X X . O X|
i. . . . . . . . . . O . . X X . X . .|
hO O . . O . X X X O . . . X . X . . .|
g. . . . . . . . X . . . . . . . . . .|
f. . X O O . X O . . . . . . . X . . .|
eO . . X . . . . . . . . . . . . . . X|
d. O O . . . . . X O O O . . . . O X .|
cO O . . . . . . . X . . . . O O O X .|
b. . O . O O X . . . X . . . . . . O X|
aX . . . . X . . . . . X O . X . O . .|
 A B C D E F G H I J K L M N O P Q R S|
gracz O
--------------------------------------+
s. . . O X . O . . X . . . . . . . . .|
r. . . . O X . . . . O . . . . . . . X|
qX O . X . . X . . . . O . . O O . . .|
pO . . O O . . . X . . . . . . . . X .|
o. . O . . X O O . . X X . X . . . . O|
n. . . . . . . X O . . . . . . . . . .|
m. . O X . X O . O . . X X . O . . . .|
l. X X . . . O . X . O X . O . . . . O|
kX . X . X . X O . X . O . . . . . . .|
j. O . . . . . O . . . . . . X X . O X|
i. . . . . . . . . . O . . X X . X . .|
hO O . . O . X X X O . . . X . X . . .|
g. . . . . . . . X . . . . . . . . . .|
f. . X O O . X O . . . . . . . X . . .|
eO . . X . . . . . . . . . . . . . . X|
d. O O . . . . . X O O O . O . . O X .|
cO O . . . . . . . X . . . . O O O X .|
b. . O . O O X . . . X . . . . . . O X|
aX . . . . X . . . . . X O . X . O . .|
 A B C D E F G H I J K L M N O P Q R S|
gracz X
--------------------------------------+
s. . . O X . O . . X . . . . . . . . .|
r. . . . O X . . . . O . . . . . . . X|
qX O . X . . X . . . . O . . O O . . .|
pO . . O O . . . X . . . . . . . . X .|
o. . O . . X O O . . X X . X . . . . O|
n. . . . . . . X O . . . . . . . . . .|
m. . O X . X O . O . . X X . O . . . .|
l. X X . . . O . X . O X . O . . . . O|
kX . X . X . X O . X . O . . . . . . .|
j. O . . . . . O X . . . . . X X . O X|
i. . . . . . . . . . O . . X X . X . .|
hO O . . O . X X X O . . . X . X . . .|
g. . . . . . . . X . . . . . . . . . .|
f. . X O O . X O . . . . . . . X X . .|
eO . . X . . . . . . . . . . . . . . X|
d. O O . . . . . X O O O . O . . O X .|
cO O . . . . . . . X . . . . O O O X .|
b. . O . O O X . . . X . . . . . . O X|
aX . . . . X . . . . . X O . X . O . .|
 A B C D E F G H I J K L M N O P Q R S|
gracz O
--------------------------------------+
s. . . O X . O . . X . . . . . . . . .|
r. . . . O X . . . . O . . . . . . . X|
qX O . X . . X . . . . O . . O O . . .|
pO . . O O . . . X . . . . . . . . X .|
o. . O . . X O O . . X X . X . . . . O|
n. . . . . . . X O . . . . . . . . . .|
m. . O X . X O . O . . X X . O . . . .|
l. X X O . . O . X . O X . O . . . . O|
kX . X . X . X O . X . O . . . . . . .|
j. O . . . . . O X . . . . . X X . O X|
i. . . . . . . . . . O . . X X . X . .|
hO O . . O . X X X O . . . X . X . . .|
g. . . . . . . . X . . . . . . . . . .|
f. . X O O . X O . . . . . . O X X . .|
eO . . X . . . . . . . . . . . . . . X|
d. O O . . . . . X O O O . O . . O X .|
cO O . . . . . . . X . . . . O O O X .|
b. . O . O O X . . . X . . . . . . O X|
aX . . . . X . . . . . X O . X . O . .|
 A B C D E F G H I J K L M N O P Q R S|
gracz X
--------------------------------------+
s. . . O X . O . . X . . . . . . . . .|
r. . . . O X . . . . O . . . . . . . X|
qX O . X . . X . . . . O . . O O . . .|
pO . . O O . . . X . . . . . . . . X .|
o. . O . . X O O . . X X . X . . . . O|
n. . . . . . . X O . . . . . . . . . .|
m. . O X . X O . O . . X X . O . . . .|
l. X X O . . O . X . O X . O . . . . O|
kX . X . X . X O . X . O . . . . . . X|
j. O . . . . . O X . . . . . X X . O X|
i. . . . . . . . . . O . X X X . X . .|
hO O . . O . X X X O . . . X . X . . .|
g. . . . . . . . X . . . . . . . . . .|
f. . X O O . X O . . . . . . O X X . .|
eO . . X . . . . . . . . . . . . . . X|
d. O O . . . . . X O O O . O . . O X .|
cO O . . . . . . . X . . . . O O O X .|
b. . O . O O X . . . X . . . . . . O X|
aX . . . . X . . . . . X O . X . O . .|
 A B C D E F G H I J K L M N O P Q R S|
gracz O
--------------------------------------+
s. . . O X . O . . X . . . . . . . . .|
r. . . . O X . . . . O . . . . . . . X|
qX O . X . . X . . . . O . . O O . . .|
pO . . O O . . . X . . . . . . . . X .|
o. . O . . X O O . . X X . X . . O . O|
n. . . . . . . X O . . . . . . . . . O|
m. . O X . X O . O . . X X . O . . . .|
l. X X O . . O . X . O X . O . . . . O|
kX . X . X . X O . X . O . . . . . . X|
j. O . . . . . O X . . . . . X X . O X|
i. . . . . . . . . . O . X X X . X . .|
hO O . . O . X X X O . . . X . X . . .|
g. . . . . . . . X . . . . . . . . . .|
f. . X O O . X O . . . . . . O X X . .|
eO . . X . . . . . . . . . . . . . . X|
d. O O . . . . . X O O O . O . . O X .|
cO O . . . . . . . X . . . . O O O X .|
b. . O . O O X . . . X . . . . . . O X|
aX . . . . X . . . . . X O . X . O . .|
 A B C D E F G H I J K L M N O P Q R S|
gracz X
--------------------------------------+
s. . . O X . O . . X . . . . . . . . .|
r. . . . O X . . . . O . . . . . . . X|
qX O . X . . X . . . . O . . O O . . .|
pO . . O O . . . X . . . . X . . . X .|
o. . O . . X O O . . X X . X . . O . O|
n. . . . . . . X O . . . . . . . . . O|
m. . O X . X O . O . . X X . O . . . .|
l. X X O . . O . X . O X . O . . . . O|
kX . X . X . X O . X . O . . . . . . X|
j. O . . . . . O X . . . . . X X . O X|
i. . . . . . . . . . O . X X X . X . .|
hO O . . O . X X X O . . . X . X . . .|
g. . . . . . . . X . . . . . . . . . .|
f. . X O O . X O . . . . . . O X X . .|
eO . . X . . . . . . . . . . . . . . X|
d. O O . . . . . X O O O . O . . O X .|
cO O . . . . . . . X . . . . O O O X .|
b. . O . O O X . . . X . . . . . . O X|
aX . . . . X . . X . . X O . X . O . .|
 A B C D E F G H I J K L M N O P Q R S|
gracz O
--------------------------------------+
s. . . O X . O . . X . . . . . . . . .|
r. . . . O X . . . . O . . . . . . . X|
qX O . X . . X . . . . O . . O O . . .|
pO . . O O . . . X . . . . X . . . X .|
o. . O . . X O O . . X X . X . . O . O|
n. . . . . . . X O . . . . . . . . . O|
m. . O X . X O . O . . X X . O O . . .|
l. X X O . . O . X . O X . O . . . . O|
kX . X . X . X O . X . O . . . . . . X|
j. O . . . . . O X . . . . . X X . O X|
i. . . . . . . . . . O . X X X . X . .|
hO O . . O . X X X O . O . X . X . . .|
g. . . . . . . . X . . . . . . . . . .|
f. . X O O . X O . . . . . . O X X . .|
eO . . X . . . . . . . . . . . . . . X|
d. O O . . . . . X O O O . O . . O X .|
cO O . . . . . . . X . . . . O O O X .|
b. . O . O O X . . . X . . . . . . O X|
aX . . . . X . . X . . X O . X . O . .|
 A B C D E F G H I J K L M N O P Q R S|
gracz X
--------------------------------------+
s. . . O X . O . . X . . . . . . . . .|
r. . . . O X . . . . O . . . . . . . X|
qX O . X . . X . . . . O . . O O . . .|
pO . . O O . . . X . . . . X . . . X .|
o. . O . . X O O . . X X . X . . O . O|
n. . . . . . . X O . . . . . . . . . O|
m. . O X . X O . O . . X X . O O . . .|
l. X X O . . O . X . O X . O . . . . O|
kX . X . X . X O . X . O . . . . . . X|
j. O . . . . . O X . . . . . X X . O X|
i. . . . . . . . . . O . X X X . X . .|
hO O . . O . X X X O . O . X . X . . .|
g. . . . . . . . X . X X . . . . . . .|
f. . X O O . X O . . . . . . O X X . .|
eO . . X . . . . . . . . . . . . . . X|
d. O O . . . . . X O O O . O . . O X .|
cO O . . . . . . . X . . . . O O O X .|
b. . O . O O X . . . X . . . . . . O X|
aX . . . . X . . X . . X O . X . O . .|
 A B C D E F G H I J K L M N O P Q R S|
gracz O
--------------------------------------+
s. . . O X . O . . X . . . . . . . . .|
r. . . . O X . . . . O . . . . . . . X|
qX O . X . . X . . . . O . . O O . . .|
pO . . O O . . . X . . . . X . . . X .|
o. . O . . X O O . . X X . X . . O . O|
n. . . . . . . X O . . . . . . . . . O|
m. . O X . X O . O . . X X . O O . . .|
l. X X O . . O . X . O X . O . . . . O|
kX . X . X . X O . X . O . . . . . . X|
j. O . . . O . O X . . . . . X X . O X|
i. . . . . . . . . . O . X X X . X . .|
hO O . . O . X X X O . O . X . X . . .|
g. . . . . . . . X . X X . . . . . . .|
f. . X O O O X O . . . . . . O X X . .|
eO . . X . . . . . . . . . . . . . . X|
d. O O . . . . . X O O O . O . . O X .|
cO O . . . . . . . X . . . . O O O X .|
b. . O . O O X . . . X . . . . . . O X|
aX . . . . X . . X . . X O . X . O . .|
 A B C D E F G H I J K L M N O P Q R S|
gracz X
--------------------------------------+
s. . . O X . O . . X . . . . . . . . .|
r. . . . O X . . . . O . . . . . . . X|
qX O . X . . X . . . . O . . O O . . .|
pO . . O O . . . X . . . . X . . . X .|
o. . O . . X O O . . X X . X X . O . O|
n. . . . . . . X O . . . . . . . . . O|
m. . O X . X O . O . . X X . O O . . .|
l. X X O . . O . X . O X . O . . . . O|
kX . X . X . X O . X . O . . . . . . X|
j. O . . . O . O X . . . . . X X . O X|
i. . . . . . X . . . O . X X X . X . .|
hO O . . O . X X X O . O . X . X . . .|
g. . . . . . . . X . X X . . . . . . .|
f. . X O O O X O . . . . . . O X X . .|
eO . . X . . . . . . . . . . . . . . X|
d. O O . . . . . X O O O . O . . O X .|
cO O . . . . . . . X . . . . O O O X .|
b. . O . O O X . . . X . . . . . . O X|
aX . . . . X . . X . . X O . X . O . .|
 A B C D E F G H I J K L M N O P Q R S|
gracz O
--------------------------------------+
s. . . O X . O . . X . . . . . . . . .|
r. . . . O X . . . . O . . . . . . . X|
qX O . X . . X . . . . O . . O O . . .|
pO . O O O . . . X . . . . X . . . X .|
o. . O . . X O O . . X X . X X . O . O|
n. . . . . . . X O . . O . . . . . . O|
m. . O X . X O . O . . X X . O O . . .|
l. X X O . . O . X . O X . O . . . . O|
kX . X . X . X O . X . O . . . . . . X|
j. O . . . O . O X . . . . . X X . O X|
i. . . . . . X . . . O . X X X . X . .|
hO O . . O . X X X O . O . X . X . . .|
g. . . . . . . . X . X X . . . . . . .|
f. . X O O O X O . . . . . . O X X . .|
eO . . X . . . . . . . . . . . . . . X|
d. O O . . . . . X O O O . O . . O X .|
cO O . . . . . . . X . . . . O O O X .|
b. . O . O O X . . . X . . . . . . O X|
aX . . . . X . . X . . X O . X . O . .|
 A B C D E F G H I J K L M N O P Q R S|
gracz X
--------------------------------------+
s. . . O X . O . . X . . . . . . . . .|
r. . . . O X . . . . O . . . . . . . X|
qX O . X . . X . . . . O . . O O . . .|
pO . O O O . . . X . . . . X . . . X .|
o. . O . . X O O . . X X . X X . O . O|
n. . . . . . . X O . . O . . . . . . O|
m. . O X . X O . O . . X X . O O . . .|
l. X X O . . O . X . O X . O . . . . O|
kX . X . X . X O . X . O . . . . . . X|
j. O . . . O . O X . . . . . X X . O X|
i. . . . X . X . . . O . X X X . X . .|
hO O . . O . X X X O . O . X . X . . .|
g. . . . . . . . X . X X . . . . . . .|
f. . X O O O X O . . . . . . O X X . .|
eO . . X . . . . . . . . . . . X . . X|
d. O O . . . . . X O O O . O . . O X .|
cO O . . . . . . . X . . . . O O O X .|
b. . O . O O X . . . X . . . . . . O X|
aX . . . . X . . X . . X O . X . O . .|
 A B C D E F G H I J K L M N O P Q R S|
gracz O
--------------------------------------+
s. . . O X . O . . X . . . . . . . . .|
r. . . . O X . . . . O . . . . . . . X|
qX O . X . . X . . . . O O . O O . . .|
pO . O O O . . . X . . . . X . . . X .|
o. . O . . X O O . . X X . X X . O . O|
n. . . . . . . X O . . O . . . . . . O|
m. . O X . X O . O . . X X . O O . . .|
l. X X O . . O . X . O X . O . . . . O|
kX . X . X . X O . X . O . . . . . . X|
j. O . . . O . O X . . . . . X X . O X|
i. . . . X . X . . . O . X X X . X . .|
hO O . . O . X X X O . O . X . X . . .|
g. . . . . . . . X . X X . . . . . . .|
f. . X O O O X O . . . . . . O X X . .|
eO . . X . . . . O . . . . . . X . . X|
d. O O . . . . . X O O O . O . . O X .|
cO O . . . . . . . X . . . . O O O X .|
b. . O . O O X . . . X . . . . . . O X|
aX . . . . X . . X . . X O . X . O . .|
 A B C D E F G H I J K L M N O P Q R S|
gracz X
--------------------------------------+
s. . . O X . O . . X . . . . . . . . .|
r. . . . O X . . . . O . . . . . . . X|
qX O . X . . X . . . . O O . O O . . .|
pO . O O O . . . X . . . . X . . . X .|
o. . O . . X O O . . X X . X X . O . O|
n. . . . . . . X O . . O . . . . . . O|
m. . O X . X O . O . . X X . O O . . .|
l. X X O . . O . X . O X . O . . . . O|
kX . X . X . X O . X . O . . . . . . X|
j. O . . . O . O X . . . . . X X . O X|
i. . . . X . X . . . O . X X X . X . .|
hO O . . O . X X X O . O . X . X . . .|
g. . . . . . . . X . X X . . . . . . .|
f. . X O O O X O . . . . . . O X X . .|
eO . . X . . . . O . . . . . . X . X X|
d. O O . . . . . X O O O . O . . O X .|
cO O . . . . . . . X . . . . O O O X .|
b. . O . O O X . . . X . . . . . . O X|
aX . . . . X . . X . X X O . X . O . .|
 A B C D E F G H I J K L M N O P Q R S|
gracz O
--------------------------------------+
s. . . O X . O . . X . . . . . . . . .|
r. . . . O X . . . . O . . . . . . . X|
qX O . X . . X . . . . O O . O O . . .|
pO . O O O . . . X . . . . X . . . X .|
o. . O . . X O O . . X X . X X . O . O|
n. . . . . . . X O . . O . . . . . . O|
m. . O X . X O . O . . X X . O O . . .|
l. X X O . . O . X . O X . O . . . . O|
kX . X . X . X O . X . O . . . . . . X|
j. O . . . O . O X . . . . . X X . O X|
i. . . . X . X . . . O . X X X . X . .|
hO O . . O . X X X O . O . X . X . . .|
g. . . . . . . . X . X X . . . . . . .|
fO O X O O O X O . . . . . . O X X . .|
eO . . X . . . . O . . . . . . X . X X|
d. O O . . . . . X O O O . O . . O X .|
cO O . . . . . . . X . . . . O O O X .|
b. . O . O O X . . . X . . . . . . O X|
aX . . . . X . . X . X X O . X . O . .|
 A B C D E F G H I J K L M N O P Q R S|
gracz X
--------------------------------------+
s. . . O X . O . . X . . . . . . . . .|
r. . . . O X . . . . O . . . . . . . X|
qX O . X . . X . . . . O O . O O . . .|
pO . O O O . . . X . . . . X . . . X .|
o. . O . . X O O . . X X . X X . O . O|
n. . . . . . . X O . . O . . . . . . O|
m. . O X . X O . O . . X X . O O . . .|
l. X X O . . O . X . O X . O . . . . O|
kX . X . X . X O . X . O . . . . . . X|
j. O . . . O . O X . . . . . X X . O X|
i. . . . X . X . . . O . X X X . X . .|
hO O . . O . X X X O . O X X . X . . .|
g. . . . . . . . X . X X . . . . . X .|
fO O X O O O X O . . . . . . O X X . .|
eO . . X . . . . O . . . . . . X . X X|
d. O O . . . . . X O O O . O . . O X .|
cO O . . . . . . . X . . . . O O O X .|
b. . O . O O X . . . X . . . . . . O X|
aX . . . . X . . X . X X O . X . O . .|
 A B C D E F G H I J K L M N O P Q R S|
gracz O
--------------------------------------+
s. . . O X . O . . X . . . . . . . . .|
r. . . . O X . . . . O . . . . . . . X|
qX O . X . . X . . . . O O . O O . . .|
pO . O O O . . . X . . . . X . . O X .|
o. . O . . X O O . . X X . X X . O . O|
n. O . . . . . X O . . O . . . . . . O|
m. . O X . X O . O . . X X . O O . . .|
l. X X O . . O . X . O X . O . . . . O|
kX . X . X . X O . X . O . . . . . . X|
j. O . . . O . O X . . . . . X X . O X|
i. . . . X . X . . . O . X X X . X . .|
hO O . . O . X X X O . O X X . X . . .|
g. . . . . . . . X . X X . . . . . X .|
fO O X O O O X O . . . . . . O X X . .|
eO . . X . . . . O . . . . . . X . X X|
d. O O . . . . . X O O O . O . . O X .|
cO O . . . . . . . X . . . . O O O X .|
b. . O . O O X . . . X . . . . . . O X|
aX . . . . X . . X . X X O . X . O . .|
 A B C D E F G H I J K L M N O P Q R S|
gracz X
--------------------------------------+
s. . . O X . O . . X . . . . . . . . .|
r. . . . O X . . . . O . . . . . . . X|
qX O . X . . X . . . . O O . O O . X .|
pO . O O O . . . X . . . . X . . O X .|
o. . O . . X O O . . X X . X X . O . O|
n. O X . . . . X O . . O . . . . . . O|
m. . O X . X O . O . . X X . O O . . .|
l. X X O . . O . X . O X . O . . . . O|
kX . X . X . X O . X . O . . . . . . X|
j. O . . . O . O X . . . . . X X . O X|
i. . . . X . X . . . O . X X X . X . .|
hO O . . O . X X X O . O X X . X . . .|
g. . . . . . . . X . X X . . . . . X .|
fO O X O O O X O . . . . . . O X X . .|
eO . . X . . . . O . . . . . . X . X X|
d. O O . . . . . X O O O . O . . O X .|
cO O . . . . . . . X . . . . O O O X .|
b. . O . O O X . . . X . . . . . . O X|
aX . . . . X . . X . X X O . X . O . .|
 A B C D E F G H I J K L M N O P Q R S|
gracz O
--------------------------------------+
s. . . O X . O . . X . . . . . . . . .|
r. . . . O X . . . . O . . . . . . . X|
qX O . X . . X . . . . O O . O O . X .|
pO . O O O . . . X . . . . X . . O X .|
o. . O . . X O O . . X X . X X . O . O|
n. O X . . O . X O . . O . . . . . . O|
m. . O X . X O . O . . X X . O O . . .|
l. X X O . . O . X . O X O O . . . . O|
kX . X . X . X O . X . O . . . . . . X|
j. O . . . O . O X . . . . . X X . O X|
i. . . . X . X . . . O . X X X . X . .|
hO O . . O . X X X O . O X X . X . . .|
g. . . . . . . . X . X X . . . . . X .|
fO O X O O O X O . . . . . . O X X . .|
eO . . X . . . . O . . . . . . X . X X|
d. O O . . . . . X O O O . O . . O X .|
cO O . . . . . . . X . . . . O O O X .|
b. . O . O O X . . . X . . . . . . O X|
aX . . . . X . . X . X X O . X . O . .|
 A B C D E F G H I J K L M N O P Q R S|
gracz X
--------------------------------------+
s. . . O X . O . . X . . . . . . . . .|
r. . . X O X . . . . O . . . . . . . X|
qX O . X . . X . . . . O O . O O . X .|
pO . O O O . . . X . . . . X . . O X .|
o. . O . . X O O . . X X . X X . O . O|
n. O X . . O . X O . . O . . . . . . O|
m. . O X . X O . O . X X X . O O . . .|
l. X X O . . O . X . O X O O . . . . O|
kX . X . X . X O . X . O . . . . . . X|
j. O . . . O . O X . . . . . X X . O X|
i. . . . X . X . . . O . X X X . X . .|
hO O . . O . X X X O . O X X . X . . .|
g. . . . . . . . X . X X . . . . . X .|
fO O X O O O X O . . . . . . O X X . .|
eO . . X . . . . O . . . . . . X . X X|
d. O O . . . . . X O O O . O . . O X .|
cO O . . . . . . . X . . . . O O O X .|
b. . O . O O X . . . X . . . . . . O X|
aX . . . . X . . X . X X O . X . O . .|
 A B C D E F G H I J K L M N O P Q R S|
gracz O
--------------------------------------+
s. . . O X . O . . X . . . . . . . . .|
r. . . X O X . . . . O . . . . . . . X|
qX O . X . . X . . . . O O . O O . X .|
pO . O O O . . . X . . . . X . . O X .|
o. . O . . X O O . . X X . X X . O . O|
n. O X . . O . X O . . O . . . . . . O|
m. . O X . X O . O . X X X . O O . . .|
l. X X O . . O . X . O X O O . . . . O|
kX . X . X . X O . X . O . . . . . . X|
j. O . . . O . O X . . . . . X X . O X|
i. . . . X . X . . . O . X X X . X . .|
hO O . . O . X X X O . O X X . X . O .|
g. . O . . . . . X . X X . . . . . X .|
fO O X O O O X O . . . . . . O X X . .|
eO . . X . . . . O . . . . . . X . X X|
d. O O . . . . . X O O O . O . . O X .|
cO O . . . . . . . X . . . . O O O X .|
b. . O . O O X . . . X . . . . . . O X|
aX . . . . X . . X . X X O . X . O . .|
 A B C D E F G H I J K L M N O P Q R S|
gracz X
--------------------------------------+
s. . . O X . O . . X . . . . . . . . .|
r. . . X O X . . . . O . . . . . . . X|
qX O . X . . X . . . . O O . O O . X .|
pO . O O O . . . X . . . . X . . O X .|
o. . O . . X O O . . X X . X X . O . O|
n. O X . . O . X O . . O . . . . . . O|
m. . O X . X O . O . X X X . O O . . .|
l. X X O . . O . X . O X O O . . . . O|
kX . X . X . X O . X . O . . . . . . X|
j. O . . . O . O X . . . . . X X X O X|
i. . . . X . X . . . O . X X X . X . .|
hO O . . O . X X X O . O X X . X . O .|
g. . O . . . . . X . X X . . . . . X .|
fO O X O O O X O . . . . . . O X X . .|
eO . . X . . . . O . . . . . . X . X X|
d. O O . . . . . X O O O . O . . O X .|
cO O . . . . . X . X . . . . O O O X .|
b. . O . O O X . . . X . . . . . . O X|
aX . . . . X . . X . X X O . X . O . .|
 A B C D E F G H I J K L M N O P Q R S|
gracz O
--------------------------------------+
s. . . O X . O . . X . . . . . . . . .|
r. . . X O X . . . . O . . . . . . . X|
qX O . X . . X . . . . O O O O O . X .|
pO . O O O . . . X . . . . X . . O X .|
o. . O . . X O O . . X X . X X . O . O|
n. O X . . O . X O . . O . . . . . . O|
m. . O X . X O . O . X X X . O O . . .|
l. X X O . . O . X . O X O O . . . . O|
kX . X . X . X O . X . O . . . . . . X|
j. O . . . O . O X . . . . . X X X O X|
i. . . . X . X . . . O . X X X . X . .|
hO O . . O . X X X O O O X X . X . O .|
g. . O . . . . . X . X X . . . . . X .|
fO O X O O O X O . . . . . . O X X . .|
eO . . X . . . . O . . . . . . X . X X|
d. O O . . . . . X O O O . O . . O X .|
cO O . . . . . X . X . . . . O O O X .|
b. . O . O O X . . . X . . . . . . O X|
aX . . . . X . . X . X X O . X . O . .|
 A B C D E F G H I J K L M N O P Q R S|
gracz X
--------------------------------------+
s. . . O X . O . . X . . . . . . . . .|
r. . . X O X . . X . O . . . . . . . X|
qX O . X . . X . . . . O O O O O . X .|
pO . O O O . . . X . . . . X . . O X .|
o. . O . . X O O . . X X . X X . O . O|
n. O X . . O . X O . . O . . . . . . O|
m. . O X . X O . O . X X X . O O . . .|
l. X X O . . O . X . O X O O . . . . O|
kX . X . X . X O . X . O . . . . . . X|
j. O . . . O . O X . . . . . X X X O X|
i. . . . X . X . . . O . X X X . X . .|
hO O . . O . X X X O O O X X . X . O .|
g. . O . . . . . X . X X . . . . . X X|
fO O X O O O X O . . . . . . O X X . .|
eO . . X . . . . O . . . . . . X . X X|
d. O O . . . . . X O O O . O . . O X .|
cO O . . . . . X . X . . . . O O O X .|
b. . O . O O X . . . X . . . . . . O X|
aX . . . . X . . X . X X O . X . O . .|
 A B C D E F G H I J K L M N O P Q R S|
gracz O
--------------------------------------+
s. . . O X . O . . X . . . . . . . . .|
r. . . X O X . . X O O . . . . . . . X|
qX O . X . . X . . . . O O O O O . X .|
pO . O O O . . . X . . . . X . . O X .|
o. . O . . X O O . . X X . X X . O . O|
n. O X . . O . X O . . O . . . . . . O|
m. . O X . X O . O . X X X . O O . . .|
l. X X O . . O . X . O X O O . . . . O|
kX . X . X . X O . X . O . . . . . . X|
j. O . . . O . O X . . . . . X X X O X|
i. . . . X . X . . . O . X X X . X . .|
hO O . . O . X X X O O O X X . X . O .|
g. . O . . . . . X . X X . O . . . X X|
fO O X O O O X O . . . . . . O X X . .|
eO . . X . . . . O . . . . . . X . X X|
d. O O . . . . . X O O O . O . . O X .|
cO O . . . . . X . X . . . . O O O X .|
b. . O . O O X . . . X . . . . . . O X|
aX . . . . X . . X . X X O . X . O . .|
 A B C D E F G H I J K L M N O P Q R S|
gracz X
--------------------------------------+
s. . . O X . O . . X . . . . . . . . .|
r. . . X O X . . X O O . . . . . . . X|
qX O . X . . X . . . . O O O O O . X .|
pO . O O O . . . X . . . . X . . O X .|
o. . O . . X O O . . X X . X X . O . O|
n. O X . . O . X O . . O . . . . . . O|
m. . O X . X O . O . X X X . O O . . .|
l. X X O . . O . X X O X O O . . . . O|
kX . X . X . X O . X . O . . . . . . X|
j. O . . . O . O X X . . . . X X X O X|
i. . . . X . X . . . O . X X X . X . .|
hO O . . O . X X X O O O X X . X . O .|
g. . O . . . . . X . X X . O . . . X X|
fO O X O O O X O . . . . . . O X X . .|
eO . . X . . . . O . . . . . . X . X X|
d. O O . . . . . X O O O . O . . O X .|
cO O . . . . . X . X . . . . O O O X .|
b. . O . O O X . . . X . . . . . . O X|
aX . . . . X . . X . X X O . X . O . .|
 A B C D E F G H I J K L M N O P Q R S|
gracz O
--------------------------------------+
s. . . O X . O . . X . . . . . . . . .|
r. . . X O X . . X O O . . . . . . . X|
qX O . X . . X . . . . O O O O O . X .|
pO . O O O . . . X . . . . X . . O X .|
o. . O . . X O O . . X X . X X . O . O|
n. O X . . O . X O . . O . . . . . . O|
m. . O X . X O . O . X X X . O O . . .|
l. X X O . . O . X X O X O O . . . . O|
kX . X . X . X O . X . O . . . . . . X|
j. O . . . O O O X X . . . . X X X O X|
i. . . . X . X . . . O . X X X . X O .|
hO O . . O . X X X O O O X X . X . O .|
g. . O . . . . . X . X X . O . . . X X|
fO O X O O O X O . . . . . . O X X . .|
eO . . X . . . . O . . . . . . X . X X|
d. O O . . . . . X O O O . O . . O X .|
cO O . . . . . X . X . . . . O O O X .|
b. . O . O O X . . . X . . . . . . O X|
aX . . . . X . . X . X X O . X . O . .|
 A B C D E F G H I J K L M N O P Q R S|
gracz X
--------------------------------------+
s. . . O X . O . . X . . . . . . . . .|
r. . . X O X . . X O O . . . . . . . X|
qX O . X . . X . . . . O O O O O . X .|
pO . O O O . . . X . X . . X . . O X .|
o. . O . . X O O . . X X . X X . O . O|
n. O X . . O . X O . . O . . . . . . O|
m. . O X . X O . O . X X X . O O . . .|
l. X X O . . O . X X O X O O . . . . O|
kX . X . X . X O . X . O . . . . . . X|
j. O . . . O O O X X . . . . X X X O X|
i. . . . X . X . . . O . X X X . X O .|
hO O . . O . X X X O O O X X . X . O .|
g. . O . . . . . X . X X . O . . X X X|
fO O X O O O X O . . . . . . O X X . .|
eO . . X . . . . O . . . . . . X . X X|
d. O O . . . . . X O O O . O . . O X .|
cO O . . . . . X . X . . . . O O O X .|
b. . O . O O X . . . X . . . . . . O X|
aX . . . . X . . X . X X O . X . O . .|
 A B C D E F G H I J K L M N O P Q R S|
gracz O
--------------------------------------+
s. . . O X . O . . X . . . . . . . . .|
r. . . X O X . . X O O . . . . . . . X|
qX O . X . . X . . . . O O O O O . X .|
pO . O O O . . . X . X . . X . . O X .|
o. . O . . X O O . . X X . X X . O . O|
n. O X . . O . X O . . O . . . . . . O|
m. . O X . X O . O . X X X . O O . . .|
l. X X O . . O . X X O X O O . . . . O|
kX . X . X . X O . X . O O . . . . . X|
j. O . . . O O O X X . . . . X X X O X|
i. . . . X . X . . . O . X X X . X O .|
hO O . . O . X X X O O O X X . X . O .|
g. . O . . . . . X . X X . O . O X X X|
fO O X O O O X O . . . . . . O X X . .|
eO . . X . . . . O . . . . . . X . X X|
d. O O . . . . . X O O O . O . . O X .|
cO O . . . . . X . X . . . . O O O X .|
b. . O . O O X . . . X . . . . . . O X|
aX . . . . X . . X . X X O . X . O . .|
 A B C D E F G H I J K L M N O P Q R S|
gracz X
--------------------------------------+
s. . . O X . O . . X . . . . . . . . .|
r. . . X O X . . X O O . . . . . . . X|
qX O . X . . X . . . . O O O O O . X .|
pO . O O O . . . X . X . . X . . O X .|
o. . O . . X O O X . X X . X X . O . O|
n. O X . . O . X O . . O . . . . . . O|
m. . O X . X O . O . X X X . O O . . .|
l. X X O . . O . X X O X O O . . . . O|
kX . X . X . X O . X . O O . . . . . X|
j. O . . . O O O X X . . . . X X X O X|
i. . . . X . X . . . O . X X X . X O .|
hO O . . O . X X X O O O X X . X . O .|
g. . O . . . . . X . X X . O . O X X X|
fO O X O O O X O . . . . . . O X X . .|
eO . . X . . . . O . . . . . . X . X X|
d. O O . . . . . X O O O . O . . O X .|
cO O . . . . . X . X . . . . O O O X .|
b. . O . O O X X . . X . . . . . . O X|
aX . . . . X . . X . X X O . X . O . .|
 A B C D E F G H I J K L M N O P Q R S|
gracz O
--------------------------------------+
s. . . O X . O . . X . . . . . . . . .|
r. . . X O X . . X O O . . . . . . . X|
qX O . X . . X . . . . O O O O O . X .|
pO . O O O . . . X . X . . X . . O X .|
o. . O . . X O O X . X X . X X . O . O|
n. O X . . O . X O . . O . . . . . . O|
m. . O X . X O . O O X X X . O O . . .|
l. X X O . . O . X X O X O O . . . . O|
kX . X . X . X O . X . O O . . . . . X|
j. O . . . O O O X X . O . . X X X O X|
i. . . . X . X . . . O . X X X . X O .|
hO O . . O . X X X O O O X X . X . O .|
g. . O . . . . . X . X X . O . O X X X|
fO O X O O O X O . . . . . . O X X . .|
eO . . X . . . . O . . . . . . X . X X|
d. O O . . . . . X O O O . O . . O X .|
cO O . . . . . X . X . . . . O O O X .|
b. . O . O O X X . . X . . . . . . O X|
aX . . . . X . . X . X X O . X . O . .|
 A B C D E F G H I J K L M N O P Q R S|
wygral O
