--------------------------------------+
s. . . . . . . . . . . . . . . . . . .|
r. . . . . . . . . . . . . . . . . . .|
q. . . . . . . . . . . . . . . . . . .|
p. . . . . . . . . . . . . . . . . . .|
o. . . . . . . . . . . . . . . . . . .|
n. . . . . . . . . . . . . . . . . . .|
m. . . . . . . . . . . . . . . . . . .|
l. . . . . . . . . . . . . . . . . . .|
k. . . . . . . . . . . . . . . . . . .|
j. . . . . . . . . . . . . . . . . . .|
i. . . . . . . . . . . . . . . . . . .|
h. . . . . . . . . . . . . . . . . . .|
g. . . . . . . . . . . . . . . . . . .|
f. . . . . . . . . . . . . . . . . . .|
e. . . . . . . . . . . . . . . . . . .|
d. . . . . . . . . . . . . . . . . . .|
c. . . . . . . . . . . . . . . . . . .|
b. . . . . . . . . . . . . . . . . . .|
a. . . . . . . . . . . . . . . . . . .|
 A B C D E F G H I J K L M N O P Q R S|
gracz X
--------------------------------------+
s. . . . . . . . . . . . . . . . . . .|
r. . . . . . . . . . . . . . . . . . .|
q. . . . . . . . . . . . . . . . . . .|
p. . . . . . . . . . . . . . . . . . .|
o. . . . . . . . . . . . . . . . . . .|
n. . . . . . . . . . . . . . . . . . .|
m. . . . . . . . . . . . . . . . . . .|
l. . . . . . . . . . . . . . . . . . .|
k. . . . . . . . . . . . . . . . . . .|
j. . . . . . . . . . . . . . . . . . .|
i. . . . . . . . . . . . . . . . . . .|
h. . X . . . . . . . . . . . . . . . .|
g. . . . . . . . . . . . . . . . . . .|
f. . . . . . . . . . . . . . . . . . .|
e. . . . . . . . . . . . . . . . . . .|
d. . . . . . . . . . . . . . . . . . .|
c. . . . . . . . . . . . . . . . . . .|
b. . . . . . . . . . . . . . . . . . .|
a. . . . . . . . . . . . . . . . . . .|
 A B C D E F G H I J K L M N O P Q R S|
gracz O
--------------------------------------+
s. . . . . . . . . . . . . . . . . . .|
r. . . . . . . O . . . . . . . . . . .|
q. . . . . . . . . . . . . . . . . . .|
p. . . . . . . . . . . . . . . . . . .|
o. . . . . . . . . . . . . . . . . . .|
n. . . . . . . . . . . . . . . . . . .|
m. . . . . . . . . . . . . . . . . . .|
l. . . . . . . . . . . . . . . . . . .|
k. . . . . . . . . . . . . . . . . . .|
j. . . . . . . . . . . . . . . . . . .|
i. . . . . . . . . . . . . . . . . . .|
h. . X . . . . . . . . . . . . . . . .|
g. . . . . . . . . . . . . . . . . . .|
f. . . . . . . . . . . . . . . . . . .|
e. . . . . . . . . . . . . . . . . . .|
d. . . . . . . . . . . . . . . . . . .|
c. . . . . . . . . . . . . . . . . . .|
b. . . . O . . . . . . . . . . . . . .|
a. . . . . . . . . . . . . . . . . . .|
 A B C D E F G H I J K L M N O P Q R S|
gracz X
--------------------------------------+
s. . . . . . . . . . . . . . . . . . .|
r. . . . . . . O . . . . . . . . . . .|
q. . . . . . . . . . . . . . . . . . .|
p. . . . . . . . . . . . . . . . . . .|
o. . . . . . . . . . . . . . . . . . .|
n. . . . . . . . . . . . . . . . . . .|
m. . . . . . . . . . . . . . . . . . .|
l. . . . . . X . . . . . . . . . . . .|
k. . . . . . . . . . . . . . . . . . .|
j. . . . . . . . . . . . . . . . . . .|
i. . . . . . . . . . . . . . . . . . .|
h. . X . . . . . . . . . . . . . . . .|
g. . . . . . . . . . . . . . . . . . .|
f. . . . . . . . . . . . . . . . . . .|
e. . . . . . . . . . . . . . . . . . .|
d. . . . . . . . . . . . . . . . . . .|
c. . . . . . . . . . . . . . . . . . .|
b. . . . O . . . . . . . X . . . . . .|
a. . . . . . . . . . . . . . . . . . .|
 A B C D E F G H I J K L M N O P Q R S|
gracz O
--------------------------------------+
s. . . . . . . . . . . . . . . . . . .|
r. . . . . . . O . . . . . . . . . . .|
q. . . . . . . . . . . . . . . . . . .|
p. . . . . . . . . . . . . . . . . . .|
o. . . . . . . . . . . . . . . . . . .|
n. . . . . . . . . . . . . . . . . . .|
m. . . . . . . . . . . . . . . . . . .|
l. . . . . . X . . . . . . . . . . . .|
k. . . . . . . . . . . . . . . . . . .|
j. . . . . . . . . . . . . . . . . . .|
i. . . . O . . . . . . . . . . . . . .|
h. . X . . . . . . . . . . . . . . . .|
g. . . . . . . . . . . . . . . . . . .|
f. . . . . . . . . . . . . . . . . . .|
e. . . . . . . . . . . . . . . . . . .|
d. . . . . . . . . . . . . . . . . . .|
c. . . . . . . . . . . . . . . . . . .|
b. . . . O . . . . . . O X . . . . . .|
a. . . . . . . . . . . . . . . . . . .|
 A B C D E F G H I J K L M N O P Q R S|
gracz X
--------------------------------------+
s. . . . . . . . . . . . . . . . . . .|
r. . . . . . . O . . . . . . . . . . .|
q. . . . . . . . . . . . . . . . . . .|
p. . . . . . . . . . . . . . . . . . .|
o. . . . . . . . . . . . . . . . . . .|
n. . . . . . . . . . . . . . . . . . .|
m. . . . . . . . . . . . . . . . . . .|
l. . . . . . X . . . . . . . . . . . .|
k. . . . . . . . . . . . . . . . . . .|
j. . . . X . . . . . . . . . . . . . .|
i. . . . O . . . . . . . . . . . . . .|
hX . X . . . . . . . . . . . . . . . .|
g. . . . . . . . . . . . . . . . . . .|
f. . . . . . . . . . . . . . . . . . .|
e. . . . . . . . . . . . . . . . . . .|
d. . . . . . . . . . . . . . . . . . .|
c. . . . . . . . . . . . . . . . . . .|
b. . . . O . . . . . . O X . . . . . .|
a. . . . . . . . . . . . . . . . . . .|
 A B C D E F G H I J K L M N O P Q R S|
gracz O
--------------------------------------+
s. . . . . . . . . . . . . . . . . . .|
r. . . . . . . O . . . . . . . . . . .|
q. . . . . . . . . . . . . . . . . . .|
p. . . . . . . . . . . . . . . . . . .|
o. . . . . . . . . . . . . . . . . . .|
n. . . . . . . . . . . . . . . . . . .|
m. . . . . . . . . . . . . . . . . . .|
l. . . . . . X . . . . . . . . . . . .|
k. . . . . . . . . . . . . . . . . . .|
j. . . . X . . . . . . . . . . . . . .|
i. . . . O . . . . . . . . . . . . . .|
hX . X . . . . . . . . . . . . . . . .|
g. . . . . . . . . . . . . . . . . . .|
f. . . . . . . . . . . . . . . . . . .|
e. . . . . . . . . . . . . . . . . . .|
d. . . . . . . . . . . . . . . . . . .|
c. O . . . . . . . . . . . . . . . . .|
b. . . . O . O . . . . O X . . . . . .|
a. . . . . . . . . . . . . . . . . . .|
 A B C D E F G H I J K L M N O P Q R S|
gracz X
--------------------------------------+
s. . . . . . . . . . . . . . . . . . .|
r. . . . . . . O . . . . . . . . . . .|
q. . . . . . . . . . . . . . . . X . .|
p. . . . . . . . . . . . . . . . . . .|
o. . . . . . . . . . . . . . . . . . .|
n. . . . . . . . . . . . . . . . . . .|
m. . . . . . . . . . . . . . . . . . .|
l. . . . . . X . . . . . . . . . . . .|
k. . . . . . . . . . . . . . . . . . .|
j. . . . X . . . . . . . . . . . . . .|
i. . . . O . . . . . . . . . . . . . .|
hX . X . . . . . . . . . . . . . . . .|
g. . . . . . . . . . . . X . . . . . .|
f. . . . . . . . . . . . . . . . . . .|
e. . . . . . . . . . . . . . . . . . .|
d. . . . . . . . . . . . . . . . . . .|
c. O . . . . . . . . . . . . . . . . .|
b. . . . O . O . . . . O X . . . . . .|
a. . . . . . . . . . . . . . . . . . .|
 A B C D E F G H I J K L M N O P Q R S|
gracz O
--------------------------------------+
s. . . . . . . . . . . . . . . . . . .|
r. . . . . . . O . . . . . . . . . . .|
q. . . . . . . . . . . . . . . . X . .|
p. . . . . . . . . . . . . . . . . . .|
o. . . . . . . . . . . . . . . . . . .|
n. . . . . . . . . . . . . . . . . . .|
m. . . . O . . . . . . . . . . . . . .|
l. . . . . . X . . . . . . . O . . . .|
k. . . . . . . . . . . . . . . . . . .|
j. . . . X . . . . . . . . . . . . . .|
i. . . . O . . . . . . . . . . . . . .|
hX . X . . . . . . . . . . . . . . . .|
g. . . . . . . . . . . . X . . . . . .|
f. . . . . . . . . . . . . . . . . . .|
e. . . . . . . . . . . . . . . . . . .|
d. . . . . . . . . . . . . . . . . . .|
c. O . . . . . . . . . . . . . . . . .|
b. . . . O . O . . . . O X . . . . . .|
a. . . . . . . . . . . . . . . . . . .|
 A B C D E F G H I J K L M N O P Q R S|
gracz X
--------------------------------------+
s. . . . . . . . . . . . . . . . . . .|
r. . . . . . . O . . . . . . . . . . .|
q. . . . . . X . . . . . . . . . X . .|
p. . . . . . . . . . . . . . . . . . .|
o. . . . . . . . . . . . . . . . . . .|
n. . . . . . . . . . . . . . . . . . .|
m. . . . O . . . . . . . . . . . . . .|
l. . . . . . X . . . . . . . O . . . .|
k. . . . . . . . . . . . . . . . . . .|
j. . . . X . . . X . . . . . . . . . .|
i. . . . O . . . . . . . . . . . . . .|
hX . X . . . . . . . . . . . . . . . .|
g. . . . . . . . . . . . X . . . . . .|
f. . . . . . . . . . . . . . . . . . .|
e. . . . . . . . . . . . . . . . . . .|
d. . . . . . . . . . . . . . . . . . .|
c. O . . . . . . . . . . . . . . . . .|
b. . . . O . O . . . . O X . . . . . .|
a. . . . . . . . . . . . . . . . . . .|
 A B C D E F G H I J K L M N O P Q R S|
gracz O
--------------------------------------+
s. . . . . . . . . . . . . . . . . . .|
r. . . . . . . O . . . . . . . . . . .|
q. . . . . . X . . . . . . . . . X . .|
p. . . . . . . . . . . . . . . . . . .|
o. . . . . . . . . . . . . . . . . . .|
n. . O . . . . . . . . . . . . . . . .|
m. . . . O . . . . . . . . . . . . . .|
l. . . . . . X . . . . . . . O . . . .|
k. . . . . . . . . . . . . . . . . . .|
j. . . . X . . . X . . . . . . . . . .|
i. . . . O . . . . . . . . . . . . . .|
hX . X . . . . . . . . . . . . . . . .|
g. . . . . . . . . . . . X . . . . . .|
f. . . . . . . . . . . . . . . . . . .|
e. . . . . . . . . . . . . . . . . . .|
d. O . . . . . . . . . . . . . . . . .|
c. O . . . . . . . . . . . . . . . . .|
b. . . . O . O . . . . O X . . . . . .|
a. . . . . . . . . . . . . . . . . . .|
 A B C D E F G H I J K L M N O P Q R S|
gracz X
--------------------------------------+
s. . . . . . . . . . . . . . . . . . .|
r. . . . . . . O . . . . . . . . . . .|
q. . . . . . X . . . . . . . . . X . .|
p. . . . . . . . . . . . . . . . . . .|
o. . . . . . . . . . . . . . . . . . .|
n. . O . . . . . . . . . . . . . . . .|
m. . . . O . . . . . . . . . . . . . .|
l. . . . . . X . . . . . . . O . . . .|
k. . . . . . . . . . . . . . . . . . .|
jX . . . X . . . X . . . . . . . . . .|
i. . . . O . . . . . . . . . . . . . .|
hX . X . . . . . . . . . . . . . . . .|
g. . . . . . . . . . . . X . . . . . .|
f. . . . . . . . . . . . . . . . . . .|
e. . . . X . . . . . . . . . . . . . .|
d. O . . . . . . . . . . . . . . . . .|
c. O . . . . . . . . . . . . . . . . .|
b. . . . O . O . . . . O X . . . . . .|
a. . . . . . . . . . . . . . . . . . .|
 A B C D E F G H I J K L M N O P Q R S|
gracz O
--------------------------------------+
s. . . . . . . . . . . . . . . . . . .|
r. . . . . . . O . . . . . . . . . . .|
q. . . . . . X . . . . . . . . . X . .|
p. . . . . . . . . . . . . . . . . . .|
o. . . . . . . . . . . . . . . . . . .|
n. . O . . . . . . . . . . . . . . . .|
m. . . . O . . . . . . . . . . . . . .|
l. . . . . . X . . . . . . . O . . . .|
k. . . . . . . . . . . . . . . . . . .|
jX . . . X . . . X . . . . . . . . . .|
i. . . . O . . . . . . . . . . . . . .|
hX . X . . . . . . . . . . . . . . . .|
g. . . . . . . . . . . . X . . . . . .|
f. O O . . . . . . . . . . . . . . . .|
e. . . . X . . . . . . . . . . . . . .|
d. O . . . . . . . . . . . . . . . . .|
c. O . . . . . . . . . . . . . . . . .|
b. . . . O . O . . . . O X . . . . . .|
a. . . . . . . . . . . . . . . . . . .|
 A B C D E F G H I J K L M N O P Q R S|
gracz X
--------------------------------------+
s. . . . . . . . . . . . . . . . . . .|
r. . . . . . . O . . . . . . . . . . .|
q. . . . . . X . . . . . . . . . X . .|
p. . . . . . . . . . . . . . . . . . .|
o. . . . . . . . . . . . . . . . . . .|
n. . O . . . . . . . . . X . . . . . .|
m. . . . O . . . . . . . . . . . . . .|
l. . . . . . X . . . . . . . O . . . .|
k. . . . . . . . . . . . . . . . . . .|
jX . . . X . . . X . . . . . . . . . .|
i. . . . O . . . . . . . . . . . . . .|
hX . X . . . . . . . . . . . . . . . .|
g. . . . . . . . . . . . X . . . . . .|
f. O O . . . . . . . . . . . . . . . .|
e. . . . X . . . . . . . . . . . . . .|
d. O . . . . . . . . . . . . . . . . .|
c. O . . . . . . . . . X . . . . . . .|
b. . . . O . O . . . . O X . . . . . .|
a. . . . . . . . . . . . . . . . . . .|
 A B C D E F G H I J K L M N O P Q R S|
gracz O
--------------------------------------+
s. . . . . . . . . . . . . . . . . . .|
r. . . . . . . O . . . . . . . . . . .|
q. . . . . . X . . . . . . . . . X . .|
p. . . . . . . . . . . . . . . . . . .|
o. . . . . . . . . . . . . . . . . . .|
n. . O . . . . . . . . . X . . . . . .|
m. . . . O . . . . . . . . . . . . . .|
l. . . . . . X . . . . . . . O . . . .|
k. . . . . . . . . . . . . . . . . . .|
jX . . . X . . . X . . . . . . . . . .|
i. . . . O . . . . . . . . . . . . . .|
hX . X . . . . . . . O . . . . . . . .|
g. . . . . . . . . . . . X . . . . . .|
f. O O . . . . . . . . . . . . . . . .|
e. . . . X . . . . O . . . . . . . . .|
d. O . . . . . . . . . . . . . . . . .|
c. O . . . . . . . . . X . . . . . . .|
b. . . . O . O . . . . O X . . . . . .|
a. . . . . . . . . . . . . . . . . . .|
 A B C D E F G H I J K L M N O P Q R S|
gracz X
--------------------------------------+
s. . . . . . . . . . . . . . . . . . .|
r. . . . . . . O . . . . . . . . . . .|
q. . . . . . X . . . . . . . . . X . .|
p. . . . . . . . . . . . . . . . . . .|
o. . . . . . . . . . . . . . . . . . .|
n. . O . . . . . . . . . X . . . . . .|
m. . . . O . . . . . . . . . . . . . .|
l. . . . . . X . . . . . . . O . . . .|
k. . . . . . . X . . . . . . . . . . .|
jX . . . X . . . X . . . . . . . . . .|
i. . . . O . . . . . . . . . . . . . .|
hX . X . . . . . . . O . . . . . . . .|
g. . . . . . . . . . . . X . . . . . .|
f. O O . . . . . . X . . . . . . . . .|
e. . . . X . . . . O . . . . . . . . .|
d. O . . . . . . . . . . . . . . . . .|
c. O . . . . . . . . . X . . . . . . .|
b. . . . O . O . . . . O X . . . . . .|
a. . . . . . . . . . . . . . . . . . .|
 A B C D E F G H I J K L M N O P Q R S|
gracz O
--------------------------------------+
s. . . . . . . . . . . . . . . . . . .|
r. . . . . . . O . . . . . . . . . . .|
q. . . . . . X . . . . . . . . . X . .|
p. . . . . . . . . . . . . . . . . . .|
o. . . . . . . . . . . . . . . . . . .|
n. . O . . . . . . . . . X . . . . . .|
m. . . . O . . . . . . . . . . . . . .|
l. . . . . . X . . . . . . . O . O . .|
k. . . . . . . X . . . . . . . . . . .|
jX . . . X . . . X . . . . . . . . . .|
i. . . . O . . . . . . . . . . . . . .|
hX . X . . . . . . . O . . . . . . . .|
g. . . . . . . . . . . . X . . . . . .|
f. O O . . . . . . X . . . . . . . . .|
e. O . . X . . . . O . . . . . . . . .|
d. O . . . . . . . . . . . . . . . . .|
c. O . . . . . . . . . X . . . . . . .|
b. . . . O . O . . . . O X . . . . . .|
a. . . . . . . . . . . . . . . . . . .|
 A B C D E F G H I J K L M N O P Q R S|
gracz X
--------------------------------------+
s. . . . . . . . . . . . . . . . . . .|
r. . . . . . . O . . . . . . . . . . .|
q. . . . . . X . . . . . . . . . X . .|
p. . . . . . . . . . . . . . . . . . .|
o. . . . . . . . . . . . . . . . . . .|
n. . O . . . . . . . . . X . . . . . .|
m. . . . O . . . . . . . . . . . . . .|
l. . . . . . X . . . . . . . O . O X .|
k. . . . . . . X . . . . . . . . . . .|
jX . . . X . . . X . . . . . . . . . .|
i. . . . O . . . . . . . . . . . . . .|
hX . X . . . . . . . O . . . . . . . .|
g. . . . . . . . . . . . X . . . . . .|
f. O O . . . . . . X . . . . . . . . .|
e. O . . X . . . . O . . . . . . . . .|
d. O . . . . . . . . . . . . . . . . .|
c. O . . . . . . . . . X . . . . . . .|
b. . . X O . O . . . . O X . . . . . .|
a. . . . . . . . . . . . . . . . . . .|
 A B C D E F G H I J K L M N O P Q R S|
gracz O
--------------------------------------+
s. . . . . . . . . . . . . . . . . . .|
r. . . . . . . O . . . . . . . . . . .|
q. . . . . . X . . . . . . . . . X . .|
p. . . . . . . . . . . . . O . . . . .|
o. . . . . . . . . . . . . . . . . . .|
n. . O . . . . . . . . . X . . . . . .|
m. . . . O . . . . . . . . . . . . . .|
l. . . . . . X . . . . . . . O . O X .|
k. . . . . . . X . . . . . . . . . . .|
jX . . . X . . . X . . . . . . . . . .|
i. . . . O . . . . . . . . . . . . . .|
hX . X . . . . . . . O . . . . . . . .|
g. . . . . . . . . . . . X . . . . . .|
f. O O . . . . . . X . . . . . . . . .|
e. O . . X . . . . O . . . . . . . . .|
d. O . . . . . . . . . . . . . . . . .|
c. O . . . . . . . . . X . . . . . . .|
b. . . X O . O . . . . O X . . O . . .|
a. . . . . . . . . . . . . . . . . . .|
 A B C D E F G H I J K L M N O P Q R S|
gracz X
--------------------------------------+
s. . . . . . . . . . . . . . . . . . .|
r. . . . . . . O . . . . . . . . . . .|
q. . . . . . X . . . . . . . . . X . .|
p. . . . . . . . . . . . . O . . . . .|
o. . . . . . . . . . . . . . . . . . .|
n. . O . . . . . . . . . X . . . . . .|
m. . . . O . . . . . . . . . . . . . .|
l. . . . . . X . . . . . . . O . O X .|
k. . . . . . . X X . . . . . . . . . .|
jX . . . X . . . X . . . . . . . . . .|
i. . . . O . . X . . . . . . . . . . .|
hX . X . . . . . . . O . . . . . . . .|
g. . . . . . . . . . . . X . . . . . .|
f. O O . . . . . . X . . . . . . . . .|
e. O . . X . . . . O . . . . . . . . .|
d. O . . . . . . . . . . . . . . . . .|
c. O . . . . . . . . . X . . . . . . .|
b. . . X O . O . . . . O X . . O . . .|
a. . . . . . . . . . . . . . . . . . .|
 A B C D E F G H I J K L M N O P Q R S|
gracz O
--------------------------------------+
s. . . . . . . . . . . . . . . . . . .|
r. . . . . . . O . . . . . . . . . . .|
q. . . . . . X . . . . . . . . . X . .|
p. . . . . . . . . . . . . O . . . . .|
o. . . . . . . . . . . . . . . . . . .|
n. . O . . . . . . . . . X . . . . . .|
m. . . . O . . . . . . . . . . . . . .|
l. . . . . . X . . . . . . . O . O X .|
k. . . . . . . X X . O . . . . . . . .|
jX . . . X . . . X . . . . . . . . . .|
i. . . . O . . X . . . . . . . . . . .|
hX . X . . . . . . . O . . . . . . . .|
g. O . . . . . . . . . . X . . . . . .|
f. O O . . . . . . X . . . . . . . . .|
e. O . . X . . . . O . . . . . . . . .|
d. O . . . . . . . . . . . . . . . . .|
c. O . . . . . . . . . X . . . . . . .|
b. . . X O . O . . . . O X . . O . . .|
a. . . . . . . . . . . . . . . . . . .|
 A B C D E F G H I J K L M N O P Q R S|
gracz X
--------------------------------------+
s. . . . . . . . . . . . . . . . . . .|
r. . . . . . . O . . . . . . . . . . .|
q. . . . . . X . . . . . . . . . X . .|
p. . . . . . . . . . . . . O . . . . .|
o. . . . . . . . . . . . . . . . . . .|
n. . O . . . . . . . . . X . . . . . .|
m. . . . O . . . . . . . . . . . . . .|
l. . . . . . X . . . . . . . O . O X .|
k. . . . . . . X X . O . . . . . . . .|
jX . . . X . . . X . . . . . . . . . .|
i. . . . O X . X . . . . . . . . . . .|
hX . X . . . . . . . O . . . . . . . .|
g. O . . . . . . . . . . X . . . . . .|
fX O O . . . . . . X . . . . . . . . .|
e. O . . X . . . . O . . . . . . . . .|
d. O . . . . . . . . . . . . . . . . .|
c. O . . . . . . . . . X . . . . . . .|
b. . . X O . O . . . . O X . . O . . .|
a. . . . . . . . . . . . . . . . . . .|
 A B C D E F G H I J K L M N O P Q R S|
gracz O
--------------------------------------+
s. . . . . . . . . . . . . . . . . . .|
r. . . . . . . O . . . . . O . . . . .|
q. . . . . . X . . . . . . . . . X . .|
p. . . . . . . . . . . . . O . . . . .|
o. . . . . . . . . . . . . . . . . . .|
n. . O . . . . . . . . . X . . . . . .|
m. . . . O . . . . . . . . . . . . . .|
l. . . . . . X . . . . . . . O . O X .|
k. . . . . . . X X . O . . . . . . . .|
jX . . . X . . . X . . . . . . . . . .|
i. . . . O X . X . . . . . . . . . . .|
hX . X . . . . . . . O . . . . . . . .|
g. O . . . . . . . . . . X . . . . . .|
fX O O . . . . . . X . . . . . . . . .|
e. O . . X . . . . O . . . . O . . . .|
d. O . . . . . . . . . . . . . . . . .|
c. O . . . . . . . . . X . . . . . . .|
b. . . X O . O . . . . O X . . O . . .|
a. . . . . . . . . . . . . . . . . . .|
 A B C D E F G H I J K L M N O P Q R S|
gracz X
--------------------------------------+
s. . . . . . . . . . . . . . . . . . .|
r. . X . . . . O . . . . . O . . . . .|
q. . . . . . X . . . . . . . X . X . .|
p. . . . . . . . . . . . . O . . . . .|
o. . . . . . . . . . . . . . . . . . .|
n. . O . . . . . . . . . X . . . . . .|
m. . . . O . . . . . . . . . . . . . .|
l. . . . . . X . . . . . . . O . O X .|
k. . . . . . . X X . O . . . . . . . .|
jX . . . X . . . X . . . . . . . . . .|
i. . . . O X . X . . . . . . . . . . .|
hX . X . . . . . . . O . . . . . . . .|
g. O . . . . . . . . . . X . . . . . .|
fX O O . . . . . . X . . . . . . . . .|
e. O . . X . . . . O . . . . O . . . .|
d. O . . . . . . . . . . . . . . . . .|
c. O . . . . . . . . . X . . . . . . .|
b. . . X O . O . . . . O X . . O . . .|
a. . . . . . . . . . . . . . . . . . .|
 A B C D E F G H I J K L M N O P Q R S|
gracz O
--------------------------------------+
s. . . . . . . . . . . . . . . . . . .|
r. . X . . . . O . . . . . O . . . . .|
q. . . . . . X . . . . . . . X . X . .|
p. . . . . . . . . . . . . O . . . . .|
o. . . . . . . . . . . . . . . . . . .|
n. . O . . . . . . . . . X . . . . . .|
m. . . . O . . . . . . . . . . . . . .|
l. . . . . . X . . . . . . . O . O X .|
k. . . . . . . X X . O . . . . . . . .|
jX . . . X . . . X . . . . . . . . . .|
i. . . . O X . X . . . . . . . . . . .|
hX . X . . . . . . . O . . . . . . . .|
g. O . . . . . . . . . O X . . . . . .|
fX O O . . . . . . X . . . . . . . . .|
e. O . . X . . . . O . . . . O . . . .|
d. O . . . . . . . . . . . . . . . . .|
c. O . . . . . . . . . X . . . . . O .|
b. . . X O . O . . . . O X . . O . . .|
a. . . . . . . . . . . . . . . . . . .|
 A B C D E F G H I J K L M N O P Q R S|
gracz X
--------------------------------------+
s. . . . . . . . . . . . . . . . . . .|
r. . X . . . . O . . . . . O . . . . .|
q. . . . . . X . . . . . . . X . X . .|
p. . . . . . . . . . . . . O . . . . .|
o. . . . . . . . . . . . . . . . . . .|
n. . O . . . . . . . . . X . . . . . .|
m. . . . O . . . . . . . . . . . . . .|
l. . . . . . X . . . . . . . O . O X .|
k. . . . . . . X X . O . . . . . . . .|
jX . X . X . . . X . . . . . . . . . .|
i. . . . O X . X . . . . . . . . . . .|
hX . X . . . . . . . O . . . . . . . .|
g. O . . . . . . . . . O X . . . . . .|
fX O O . . . . . . X . . . . . . . . .|
e. O . . X . . . . O . . . . O . . . .|
d. O . . . . . . . . . . . . . . . . .|
c. O . . . . . . . . . X . . . . . O .|
bX . . X O . O . . . . O X . . O . . .|
a. . . . . . . . . . . . . . . . . . .|
 A B C D E F G H I J K L M N O P Q R S|
gracz O
--------------------------------------+
s. . . . . . . . . . . . . O . . . . .|
r. . X . . . . O . . . . . O . . . . .|
q. . . . . . X . . . . . . . X . X . .|
p. . . . . . . . . . . . . O . . . . .|
o. . . . . . . . . . . . . . . . . . .|
n. . O . . . . . . . . . X . . . . . .|
m. . . . O . . . . . . . . . . . . . .|
l. . . . O . X . . . . . . . O . O X .|
k. . . . . . . X X . O . . . . . . . .|
jX . X . X . . . X . . . . . . . . . .|
i. . . . O X . X . . . . . . . . . . .|
hX . X . . . . . . . O . . . . . . . .|
g. O . . . . . . . . . O X . . . . . .|
fX O O . . . . . . X . . . . . . . . .|
e. O . . X . . . . O . . . . O . . . .|
d. O . . . . . . . . . . . . . . . . .|
c. O . . . . . . . . . X . . . . . O .|
bX . . X O . O . . . . O X . . O . . .|
a. . . . . . . . . . . . . . . . . . .|
 A B C D E F G H I J K L M N O P Q R S|
gracz X
--------------------------------------+
s. . . . . . . . . . . . . O . . . . .|
r. . X . . . . O . . . . . O . . . . .|
q. . . . . . X . . . . . . . X . X . .|
p. . . . . . . . . . . . . O . . . . .|
o. . . . . . . . . . . . . . . . . . .|
n. . O . . . . . . . . . X . . . . . .|
m. . . . O . . . . . . . . . . . . . .|
l. . . . O . X . . . . . . . O . O X .|
k. . . . . . . X X . O . . . . . . . .|
jX . X . X . . . X . . . . . . . . . .|
i. . . . O X . X . . . . . . . . . . .|
hX . X . . . . . . . O . . . . . . . .|
g. O . . . . . . . . . O X . . . . . .|
fX O O . . . . . . X . . . . . . . . .|
e. O . . X . . . . O . . . . O . . . .|
d. O . . . . . . . . . . . . . . . . .|
c. O . . . . . . . . . X . . . . . O .|
bX . . X O . O . . . . O X . . O . . .|
a. . . . . . . . . . . . . . . . . . .|
 A B C D E F G H I J K L M N O P Q R S|
gracz X
--------------------------------------+
s. . . . . . . . . . . . . O . . . . .|
r. . X . . . . O . . . . . O . X . . .|
q. . . . . . X . . . . . . . X . X . .|
p. . . . . . . . . . . . . O . . . . .|
o. . . . . . . . . . . . . . . . . . .|
n. . O . . . . . . . . . X . . . . . .|
m. . . . O . . . . . . . . . . . X . .|
l. . . . O . X . . . . . . . O . O X .|
k. . . . . . . X X . O . . . . . . . .|
jX . X . X . . . X . . . . . . . . . .|
i. . . . O X . X . . . . . . . . . . .|
hX . X . . . . . . . O . . . . . . . .|
g. O . . . . . . . . . O X . . . . . .|
fX O O . . . . . . X . . . . . . . . .|
e. O . . X . . . . O . . . . O . . . .|
d. O . . . . . . . . . . . . . . . . .|
c. O . . . . . . . . . X . . . . . O .|
bX . . X O . O . . . . O X . . O . . .|
a. . . . . . . . . . . . . . . . . . .|
 A B C D E F G H I J K L M N O P Q R S|
gracz O
--------------------------------------+
s. . . . . . . . . . . . . O . . . . .|
r. . X . . . . O . . . . . O . X . . .|
q. . . . . . X . . . . . . . X . X . .|
p. . . . . . . . . . . . . O . . . . .|
o. . . . . . . . . . . . . . . . . . O|
n. . O . . . . . . . . . X . . . . . .|
m. . . . O . . . . . . . . . . . X . .|
l. . . . O . X . . . . . . . O . O X .|
k. . . . . . . X X . O . . . . . . . .|
jX . X . X . . . X . . . . . . . . . .|
i. . . . O X . X . . . . . . . . . . .|
hX . X . . . . . . . O . . . . . . . .|
g. O . . . . . . . . . O X . . . . . .|
fX O O . . . . . . X . . . . . . . . .|
e. O . . X . . . . O . . . . O . . . .|
d. O . O . . . . . . . . . . . . . . .|
c. O . . . . . . . . . X . . . . . O .|
bX . . X O . O . . . . O X . . O . . .|
a. . . . . . . . . . . . . . . . . . .|
 A B C D E F G H I J K L M N O P Q R S|
gracz X
--------------------------------------+
s. . . . . . . . . . . . . O . . X . .|
r. . X . . . . O . . . . . O . X . . .|
q. . . . . . X . . . . . . . X . X . .|
p. . . . . . . . . . . . . O . . . . .|
o. . . . . . . . . . . . . . . . . . O|
n. . O . . . . . . . . . X . . . . . .|
m. . . . O . . . . . . . . . . . X . .|
l. . . . O . X . . . . . . . O . O X .|
k. . . . . . . X X . O . . . . . . . .|
jX . X . X . . . X . . . . . . . . . .|
i. . . . O X . X . . . . . . . . . . .|
hX . X . . . . . X . O . . . . . . . .|
g. O . . . . . . . . . O X . . . . . .|
fX O O . . . . . . X . . . . . . . . .|
e. O . . X . . . . O . . . . O . . . .|
d. O . O . . . . . . . . . . . . . . .|
c. O . . . . . . . . . X . . . . . O .|
bX . . X O . O . . . . O X . . O . . .|
a. . . . . . . . . . . . . . . . . . .|
 A B C D E F G H I J K L M N O P Q R S|
gracz O
--------------------------------------+
s. . . . . . . . . . . . . O . . X . .|
r. . X . . . . O . . . . . O . X . . .|
q. . . . . . X . . . . . . . X . X . .|
p. . . . . . . . . . . . . O . . . . .|
o. . . . . . . . . . . . . . . . . . O|
n. . O . . . . . . . . . X . . . . . .|
m. . . . O . . . . . . . . . . . X . .|
l. . . . O . X . . . . . . . O . O X .|
k. . . . . . . X X . O . . . . . . . .|
jX . X . X . . . X . . . . . . . . . .|
i. . . . O X . X . . . . . . . . . . .|
hX . X . . . . . X . O . . . . . . . .|
g. O . . . . O . . . . O X . . . . . .|
fX O O . . . . . . X . . . . . . . . .|
e. O . . X . . . . O . . . . O . . . .|
d. O . O . . . . . . . . . . . . . . .|
c. O . . . . . . . . . X . . . . . O .|
bX . . X O . O . . . . O X . . O . . .|
a. . . . . . . . . . . . . . . . . . O|
 A B C D E F G H I J K L M N O P Q R S|
gracz X
--------------------------------------+
s. . . . . . . . . . . . . O . . X . .|
r. . X . . . . O . . . . . O . X . . .|
q. . . . . . X . . . . . . . X . X . .|
p. . . . . . . . . . . . . O . . . . .|
o. . . . . . . . . . . . . . . . . . O|
n. . O . . . . . . . . . X . . . . . .|
m. . . . O . . . . . . . . . . . X . .|
l. . . . O . X . . . . . . . O . O X .|
k. . . . . . X X X . O . . . . . . . .|
jX . X . X . . . X . . . . . . . . . .|
i. . . . O X . X . . . . . . . . . . .|
hX . X . . . . . X . O . . . . . . . .|
g. O . . . . O . . . . O X . . . . . .|
fX O O . . . . . . X . . . . . . . . .|
e. O . . X . . . . O . . . . O . . . .|
d. O . O . . . . . . . . . . . . . . X|
c. O . . . . . . . . . X . . . . . O .|
bX . . X O . O . . . . O X . . O . . .|
a. . . . . . . . . . . . . . . . . . O|
 A B C D E F G H I J K L M N O P Q R S|
gracz O
--------------------------------------+
s. . . . . . . . . . . . . O . . X . .|
r. . X . . . . O . . . . . O . X . . .|
q. . . . . . X . . . . . . . X . X . .|
p. . . . . . . . . . . . . O . . . . .|
o. . . . . . . . . . . . . . . . . . O|
n. . O . . . . . . . . . X . . . . . .|
m. . . . O . . . . . . . . . . . X . .|
l. . . . O . X . . . . . . . O . O X .|
k. . . . . . X X X . O . . . . . . . .|
jX . X . X . . . X . . . . . . . . . .|
i. . . . O X . X . . . . . . . . . . .|
hX . X . . . O . X . O . . . . . . . .|
g. O . . . . O . . . . O X . . . . . .|
fX O O . . . . . . X . . . . . . . . .|
e. O . . X . . . . O . . . . O . . . .|
d. O . O . . . . . . . . . . . . . . X|
c. O . . . . . . . . . X . . . . . O O|
bX . . X O . O . . . . O X . . O . . .|
a. . . . . . . . . . . . . . . . . . O|
 A B C D E F G H I J K L M N O P Q R S|
gracz X
--------------------------------------+
s. . . . . . . . . . . . . O . . X . .|
r. . X . . . . O . . . . . O . X . . .|
q. . . . . . X . . . . . . . X . X . .|
p. . . . . . . . . . . . . O . . . . .|
o. . . . . . . . . . . . . . . . . . O|
n. . O . . . . . . . . . X . . . . . .|
m. . . . O . . . . . . . . . . . X . .|
l. . . . O . X . . . . . . . O . O X .|
k. . . . . . X X X . O . . . . . . . .|
jX . X . X . . . X . . X . . . . . . .|
i. . . . O X . X . . . . . . . . . . .|
hX . X . . . O . X . O . . . . . . . .|
g. O . . . . O . . . . O X . . . . . .|
fX O O . . . . . . X . . . . . . . . .|
e. O . . X . . . . O . . X . O . . . .|
d. O . O . . . . . . . . . . . . . . X|
c. O . . . . . . . . . X . . . . . O O|
bX . . X O . O . . . . O X . . O . . .|
a. . . . . . . . . . . . . . . . . . O|
 A B C D E F G H I J K L M N O P Q R S|
gracz O
--------------------------------------+
s. . . . . . . . . . . . . O . . X . .|
r. . X . . . . O . . . . . O . X . . .|
q. . . . . . X . . . . . . . X . X . .|
p. . . . . . . . . . . . . O . . . . .|
o. . . . . . . . . . . . . . . . . . O|
n. . O . . . . . . . . . X . . . . . .|
m. . . . O . . . . . . . . . . . X . .|
l. . . . O . X . . . . . . . O . O X .|
k. . . . . . X X X . O . . . . . . . .|
jX . X . X . . . X . . X . . . . . . .|
i. . . . O X . X . . . . . . . . . . .|
hX . X . . . O . X O O . . . . . . . .|
g. O . . . . O . . . . O X . . . . . .|
fX O O . . . . . . X . . . . . . . . .|
e. O . . X . . . . O . . X . O . . . .|
d. O . O . . . . . . . . . . O . . . X|
c. O . . . . . . . . . X . . . . . O O|
bX . . X O . O . . . . O X . . O . . .|
a. . . . . . . . . . . . . . . . . . O|
 A B C D E F G H I J K L M N O P Q R S|
gracz X
--------------------------------------+
s. . . . . . . . . . . . . O . . X . .|
r. . X . . . . O . . . . . O . X . . .|
q. . . . . . X . . . . . . X X . X . .|
p. . . . . . . . . . . . . O . . . . .|
o. . . . . . . . . . . . . . . . . . O|
n. . O . . . . . . . . . X . . . . . .|
m. . . . O . . . . . . . . X . . X . .|
l. . . . O . X . . . . . . . O . O X .|
k. . . . . . X X X . O . . . . . . . .|
jX . X . X . . . X . . X . . . . . . .|
i. . . . O X . X . . . . . . . . . . .|
hX . X . . . O . X O O . . . . . . . .|
g. O . . . . O . . . . O X . . . . . .|
fX O O . . . . . . X . . . . . . . . .|
e. O . . X . . . . O . . X . O . . . .|
d. O . O . . . . . . . . . . O . . . X|
c. O . . . . . . . . . X . . . . . O O|
bX . . X O . O . . . . O X . . O . . .|
a. . . . . . . . . . . . . . . . . . O|
 A B C D E F G H I J K L M N O P Q R S|
gracz O
--------------------------------------+
s. . . . . . . . . . . . . O . . X . .|
r. . X . . . . O . . . . . O . X . . .|
q. . . . . . X . . . . . . X X . X . .|
p. . . . . . . . . . . . . O . . . . .|
o. . . . . . . . . . . . . . . . . . O|
n. . O . . . . . . . . . X . . . . . .|
m. . . . O . . . . . . . . X . . X . .|
l. . . . O . X . . O . . . . O . O X .|
k. . . . . . X X X . O . . . . . . . .|
jX . X . X . . . X . . X . . . . . . .|
i. . . . O X . X . . . . . . . . . . .|
hX . X . . . O . X O O . . . . . . . .|
g. O . . . . O . . . . O X . . . . . .|
fX O O . . . . . . X . . . . . . . . .|
e. O . . X . . . . O . . X . O . . . .|
d. O . O . . . . . . . . O . O . . . X|
c. O . . . . . . . . . X . . . . . O O|
bX . . X O . O . . . . O X . . O . . .|
a. . . . . . . . . . . . . . . . . . O|
 A B C D E F G H I J K L M N O P Q R S|
gracz X
--------------------------------------+
s. . . . . . . . . . . . . O . . X . .|
r. . X . . . . O . . . . . O . X . . .|
q. . . . . . X . . . . . . X X . X . .|
p. . . . . . . . . . . . . O . . . . .|
o. . . . . . . . . . . . . . . . . . O|
n. . O . . . . . . . . . X . . . . . .|
m. . . . O . . . . . . . . X . . X . .|
l. . . . O . X . . O . . . . O . O X .|
k. . . . . . X X X . O . . . . . . . .|
jX . X . X . . . X . . X . . . . . . .|
iX . . . O X . X . . . . . . . . . . .|
hX . X . . . O . X O O . . . . . . . .|
g. O . X . . O . . . . O X . . . . . .|
fX O O . . . . . . X . . . . . . . . .|
e. O . . X . . . . O . . X . O . . . .|
d. O . O . . . . . . . . O . O . . . X|
c. O . . . . . . . . . X . . . . . O O|
bX . . X O . O . . . . O X . . O . . .|
a. . . . . . . . . . . . . . . . . . O|
 A B C D E F G H I J K L M N O P Q R S|
gracz O
--------------------------------------+
s. . . . . . . . . . . . . O . . X . .|
r. . X . . . . O . . . . . O . X . . .|
q. . . . . . X . . . . . . X X . X . .|
p. . . . . . . . . . . . . O . . . . .|
o. . . . . . . . . . . . . . . O . . O|
n. . O . . . . . . . . . X . . . . . .|
m. . . . O . . . . . . . . X . . X . .|
l. . . . O . X . . O . . . . O . O X .|
k. . . . . . X X X . O . . . . . . . .|
jX . X . X . . . X . . X . . . . . . .|
iX . . . O X . X . . . . . . . . . . .|
hX O X . . . O . X O O . . . . . . . .|
g. O . X . . O . . . . O X . . . . . .|
fX O O . . . . . . X . . . . . . . . .|
e. O . . X . . . . O . . X . O . . . .|
d. O . O . . . . . . . . O . O . . . X|
c. O . . . . . . . . . X . . . . . O O|
bX . . X O . O . . . . O X . . O . . .|
a. . . . . . . . . . . . . . . . . . O|
 A B C D E F G H I J K L M N O P Q R S|
wygral O
