--------------------------------------+
s. . . . . . . . . . . . . . . . . . .|
r. . . . . . . . . . . . . . . . . . .|
q. . . . . . . . . . . . . . . . . . .|
p. . . . . . . . . . . . . . . . . . .|
o. . . . . . . . . . . . . . . . . . .|
n. . . . . . . . . . . . . . . . . . .|
m. . . . . . . . . . . . . . . . . . .|
l. . . . . . . . . . . . . . . . . . .|
k. . . . . . . . . . . . . . . . . . .|
j. . . . . . . . . . . . . . . . . . .|
i. . . . . . . . . . . . . . . . . . .|
h. . . . . . . . . . . . . . . . . . .|
g. . . . . . . . . . . . . . . . . . .|
f. . . . . . . . . . . . . . . . . . .|
e. . . . . . . . . . . . . . . . . . .|
d. . . . . . . . . . . . . . . . . . .|
c. . . . . . . . . . . . . . . . . . .|
b. . . . . . . . . . . . . . . . . . .|
a. . . . . . . . . . . . . . . . . . .|
 A B C D E F G H I J K L M N O P Q R S|
gracz X
--------------------------------------+
s. . . . . . . . . . . . . . . . . . .|
r. . . . . . . . . . . . . . . . . . .|
q. . . . . . . . . . . . . . X . . . .|
p. . . . . . . . . . . . . . . . . . .|
o. . . . . . . . . . . . . . . . . . .|
n. . . . . . . . . . . . . . . . . . .|
m. . . . . . . . . . . . . . . . . . .|
l. . . . . . . . . . . . . . . . . . .|
k. . . . . . . . . . . . . . . . . . .|
j. . . . . . . . . . . . . . . . . . .|
i. . . . . . . . . . . . . . . . . . .|
h. . . . . . . . . . . . . . . . . . .|
g. . . . . . . . . . . . . . . . . . .|
f. . . . . . . . . . . . . . . . . . .|
e. . . . . . . . . . . . . . . . . . .|
d. . . . . . . . . . . . . . . . . . .|
c. . . . . . . . . . . . . . . . . . .|
b. . . . . . . . . . . . . . . . . . .|
a. . . . . . . . . . . . . . . . . . .|
 A B C D E F G H I J K L M N O P Q R S|
gracz O
--------------------------------------+
s. . . . . . . . . . . . . . . . . . .|
r. . . . . . . . . . . . . . . . . . .|
q. . . . . . . . . . . . . . X . . . .|
p. . . . . . . . . . . . O . . . . . .|
o. . . . . . . . . . . . . . . . . . .|
n. . . . . . . . . . . . . . . . . . .|
m. . . . . . . . . . . . . . . . . . .|
l. . . . . . . . . . . . . . . . . . .|
k. . . . . . . . . . . . . . . . . . .|
j. . . . . . . . . . . . . . . . . . .|
i. . . . . . . . . . . . . . . . . . .|
h. . . . . . . . . . . . . . . . . . .|
g. . . . . . . . . . . . . . . . . . .|
f. . . . . . . . . . . . . . . . . . .|
e. . . . . . . . . . . . . . . . . . .|
d. . . . . . . . . . . . . . . . . . .|
c. . . . . . . . . . O . . . . . . . .|
b. . . . . . . . . . . . . . . . . . .|
a. . . . . . . . . . . . . . . . . . .|
 A B C D E F G H I J K L M N O P Q R S|
gracz X
--------------------------------------+
s. . . . . . . . . . . . . . . . . . .|
r. . . . . . . . . . . . . . . . . . .|
q. . . . . . . . . . . . . . X . . . .|
p. . . . . . . . . . X . O . . . . . .|
o. . . . . . . . . . . . . . . . . . .|
n. . . . . . . . . . . . . . . . . . .|
m. . . . . . . . . . . . . . . . . . .|
l. . . . . . . . . . . . . . . . . . .|
k. . . . . . . . . . . . . . . . . . .|
j. . . . . . . . . . . . . . . . . . .|
i. . . . . . . . . . . . . . X . . . .|
h. . . . . . . . . . . . . . . . . . .|
g. . . . . . . . . . . . . . . . . . .|
f. . . . . . . . . . . . . . . . . . .|
e. . . . . . . . . . . . . . . . . . .|
d. . . . . . . . . . . . . . . . . . .|
c. . . . . . . . . . O . . . . . . . .|
b. . . . . . . . . . . . . . . . . . .|
a. . . . . . . . . . . . . . . . . . .|
 A B C D E F G H I J K L M N O P Q R S|
gracz O
--------------------------------------+
s. . . . . . . . . . . . . . . . . . .|
r. . . . . . . . . . . . . . . . . . .|
q. . . . . . . . . . . . . . X . . . .|
p. . . . . . . . O . X . O . . . . . .|
o. . . . . . . . . . . . . . . . . . .|
n. . . . . . . . . . . . . . . . . . .|
m. . . . . . . . . . . . . . . . . . .|
l. . . . . . . . . . . . . . . . . . .|
k. . . . . . . . . . . . . . . . . . .|
j. . . . O . . . . . . . . . . . . . .|
i. . . . . . . . . . . . . . X . . . .|
h. . . . . . . . . . . . . . . . . . .|
g. . . . . . . . . . . . . . . . . . .|
f. . . . . . . . . . . . . . . . . . .|
e. . . . . . . . . . . . . . . . . . .|
d. . . . . . . . . . . . . . . . . . .|
c. . . . . . . . . . O . . . . . . . .|
b. . . . . . . . . . . . . . . . . . .|
a. . . . . . . . . . . . . . . . . . .|
 A B C D E F G H I J K L M N O P Q R S|
gracz X
--------------------------------------+
s. . . . . . . . . . . . . . . . . . .|
r. . . . . . . . . . . . . . . . . . .|
q. . . . . . . . . . . . . . X . . . .|
p. . . . . . . . O . X . O . . . . . .|
o. . . . . . . . . . . . . . . . . . .|
n. . . . . . . . . . . . . . . . . . .|
m. . . . . . . . . . . . . . . . . . .|
l. . . . . . . . . . . . . . . . . . .|
k. . . . . . . . . . . . . . . . . . .|
j. . . . O . . . . . . . . . . . . . .|
i. . . . . . . . . . . . . . X . . . .|
h. . . X . . . . . . . . . . . . . . .|
g. . . . . . . . . . . . . . . . . . .|
f. . . . . . . . . . . . . . . . . . .|
e. . . . . . . . . . . . . . . . . . .|
d. . . . . . . . . . . . . . . . . . .|
c. . . . . . . . . . O . . . . . . . .|
b. . . . . . . . . . X . . . . . . . .|
a. . . . . . . . . . . . . . . . . . .|
 A B C D E F G H I J K L M N O P Q R S|
gracz O
--------------------------------------+
s. . . . . . . . . . . . . . . . . . .|
r. . . . . . . . . . . . . . . . . . .|
q. . . . . . . . . . . . . . X . . . .|
p. . . . . . . . O . X . O . . . . . .|
o. . . . . . . . . . . . . . . . . . .|
n. . . . . . . . . . . . . . . . . . .|
m. . . . . . . . . . . O . . . . . . .|
l. . . . . . . . . . . . . . . . . . .|
k. . . . . . . . . . . . . . . . . . .|
j. . . . O . . . . . . . . . . . . . .|
i. . . . . . . . . . . . . . X . . . .|
h. . . X . . . . . . . . . . . . . . .|
g. . . . . . . . . . . . . . . . . . .|
f. . . . . . . . . . . . . . . . . . .|
e. . . . . . . . . . . . . . . . . . .|
d. . . . . . . . . . . . . O . . . . .|
c. . . . . . . . . . O . . . . . . . .|
b. . . . . . . . . . X . . . . . . . .|
a. . . . . . . . . . . . . . . . . . .|
 A B C D E F G H I J K L M N O P Q R S|
gracz X
--------------------------------------+
s. . . . . . . . . . . . . . . . . . .|
r. X . . . . . . . . . . . . . . . . .|
q. . . . . . . . . X . . . . X . . . .|
p. . . . . . . . O . X . O . . . . . .|
o. . . . . . . . . . . . . . . . . . .|
n. . . . . . . . . . . . . . . . . . .|
m. . . . . . . . . . . O . . . . . . .|
l. . . . . . . . . . . . . . . . . . .|
k. . . . . . . . . . . . . . . . . . .|
j. . . . O . . . . . . . . . . . . . .|
i. . . . . . . . . . . . . . X . . . .|
h. . . X . . . . . . . . . . . . . . .|
g. . . . . . . . . . . . . . . . . . .|
f. . . . . . . . . . . . . . . . . . .|
e. . . . . . . . . . . . . . . . . . .|
d. . . . . . . . . . . . . O . . . . .|
c. . . . . . . . . . O . . . . . . . .|
b. . . . . . . . . . X . . . . . . . .|
a. . . . . . . . . . . . . . . . . . .|
 A B C D E F G H I J K L M N O P Q R S|
gracz O
--------------------------------------+
s. . . . . . . . . . . . . . . . . . .|
r. X . . . . . . . . . . . . . . . . .|
qO . . O . . . . . X . . . . X . . . .|
p. . . . . . . . O . X . O . . . . . .|
o. . . . . . . . . . . . . . . . . . .|
n. . . . . . . . . . . . . . . . . . .|
m. . . . . . . . . . . O . . . . . . .|
l. . . . . . . . . . . . . . . . . . .|
k. . . . . . . . . . . . . . . . . . .|
j. . . . O . . . . . . . . . . . . . .|
i. . . . . . . . . . . . . . X . . . .|
h. . . X . . . . . . . . . . . . . . .|
g. . . . . . . . . . . . . . . . . . .|
f. . . . . . . . . . . . . . . . . . .|
e. . . . . . . . . . . . . . . . . . .|
d. . . . . . . . . . . . . O . . . . .|
c. . . . . . . . . . O . . . . . . . .|
b. . . . . . . . . . X . . . . . . . .|
a. . . . . . . . . . . . . . . . . . .|
 A B C D E F G H I J K L M N O P Q R S|
gracz X
--------------------------------------+
s. . . . . . . . . . . . . . . . . . .|
r. X . . . . . . . . . . . X . . . . .|
qO . . O . . . . . X . . . . X . . . .|
p. . . . . . . . O . X . O . . . . . .|
o. . . . . . . . . . . . . . . . . . .|
n. . . . . . . . . . . . . . . . . . .|
m. . . . . . . . . . . O . . . . X . .|
l. . . . . . . . . . . . . . . . . . .|
k. . . . . . . . . . . . . . . . . . .|
j. . . . O . . . . . . . . . . . . . .|
i. . . . . . . . . . . . . . X . . . .|
h. . . X . . . . . . . . . . . . . . .|
g. . . . . . . . . . . . . . . . . . .|
f. . . . . . . . . . . . . . . . . . .|
e. . . . . . . . . . . . . . . . . . .|
d. . . . . . . . . . . . . O . . . . .|
c. . . . . . . . . . O . . . . . . . .|
b. . . . . . . . . . X . . . . . . . .|
a. . . . . . . . . . . . . . . . . . .|
 A B C D E F G H I J K L M N O P Q R S|
gracz O
--------------------------------------+
s. . . . . . . . . . . . . . . . . . .|
r. X . . . . . . . . . . . X . . . . .|
qO . . O . . . . . X . . . . X . . . .|
p. . . . . . . . O . X . O . . . . . .|
o. . . . . . . . . . . . O . . . . . .|
n. . . . . . . . . . . . . . . . . . .|
m. . . . . . . . . . . O . . . . X . .|
l. . . . . . . . . . . . . . . . . . .|
k. . . . . . . . . . . . . . . . . . .|
j. . . . O . . . . . . . . . . . . . .|
i. . . . . . . . . . . . . . X . . . .|
h. . . X . . . . . . . . . . . . . . .|
g. . . . . . . . . . . . . . . . . . .|
f. . . . . . . . . . . . . . . . . . .|
e. . . . . . . . . . . . . . . . . . .|
d. . . . . . . . . . . . . O . . . . .|
c. . . . . . . . . . O . . . . . . . .|
b. . . . . . . . . . X . . . . . . . .|
a. . . . . O . . . . . . . . . . . . .|
 A B C D E F G H I J K L M N O P Q R S|
gracz X
--------------------------------------+
s. . . . . . . . . . . . . . . . . . .|
r. X . . . . . . . . . . . X . . . . .|
qO . . O . . . . . X . . . . X . . . .|
p. . . . . . . . O . X . O . . . . . .|
o. . . . . . . . . . . . O . . . . . .|
n. . . . . . . . . . . . . . . . . . .|
m. . . . . . . . . . . O . . . . X . .|
l. . . . . . . . . . . . . . . . . . .|
k. . . . . . . . . . . . . . . . . . .|
j. . . . O . . . . . . . . . . . . . .|
i. . . . . . . . . . . . . . X . . . .|
hX . . X . . . X . . . . . . . . . . .|
g. . . . . . . . . . . . . . . . . . .|
f. . . . . . . . . . . . . . . . . . .|
e. . . . . . . . . . . . . . . . . . .|
d. . . . . . . . . . . . . O . . . . .|
c. . . . . . . . . . O . . . . . . . .|
b. . . . . . . . . . X . . . . . . . .|
a. . . . . O . . . . . . . . . . . . .|
 A B C D E F G H I J K L M N O P Q R S|
gracz O
--------------------------------------+
s. . . . . . . . . . . . . . . . . . .|
r. X . . . . . . . . . . . X . . . . .|
qO . . O . . . . . X . . . . X . . . .|
p. . . O . . . . O . X . O . . . . . .|
o. . . . . . . . . . . . O . . . . . .|
n. . . . . . . . . . . . . . . . . . .|
m. . . . . . . . . . . O . . . . X . .|
l. . . . . . . . . . . . . . . . . . .|
k. . . O . . . . . . . . . . . . . . .|
j. . . . O . . . . . . . . . . . . . .|
i. . . . . . . . . . . . . . X . . . .|
hX . . X . . . X . . . . . . . . . . .|
g. . . . . . . . . . . . . . . . . . .|
f. . . . . . . . . . . . . . . . . . .|
e. . . . . . . . . . . . . . . . . . .|
d. . . . . . . . . . . . . O . . . . .|
c. . . . . . . . . . O . . . . . . . .|
b. . . . . . . . . . X . . . . . . . .|
a. . . . . O . . . . . . . . . . . . .|
 A B C D E F G H I J K L M N O P Q R S|
gracz X
--------------------------------------+
s. . . . . . . . . . . . . . . . . . .|
r. X . . . . . . . . . . . X . . . . .|
qO . . O . . . . . X . . . . X . . . .|
p. . . O . . . . O . X . O . . . . . .|
oX . . . . . . . . . . . O . . . . . .|
n. . . . . . . . . . . . . . . X . . .|
m. . . . . . . . . . . O . . . . X . .|
l. . . . . . . . . . . . . . . . . . .|
k. . . O . . . . . . . . . . . . . . .|
j. . . . O . . . . . . . . . . . . . .|
i. . . . . . . . . . . . . . X . . . .|
hX . . X . . . X . . . . . . . . . . .|
g. . . . . . . . . . . . . . . . . . .|
f. . . . . . . . . . . . . . . . . . .|
e. . . . . . . . . . . . . . . . . . .|
d. . . . . . . . . . . . . O . . . . .|
c. . . . . . . . . . O . . . . . . . .|
b. . . . . . . . . . X . . . . . . . .|
a. . . . . O . . . . . . . . . . . . .|
 A B C D E F G H I J K L M N O P Q R S|
gracz O
--------------------------------------+
s. . . . . . . . . . . . . . . . . . .|
r. X . . . . . . . . . . . X . . . . .|
qO O . O . . . . . X . . . . X . . . .|
p. . . O . . . . O . X . O . . O . . .|
oX . . . . . . . . . . . O . . . . . .|
n. . . . . . . . . . . . . . . X . . .|
m. . . . . . . . . . . O . . . . X . .|
l. . . . . . . . . . . . . . . . . . .|
k. . . O . . . . . . . . . . . . . . .|
j. . . . O . . . . . . . . . . . . . .|
i. . . . . . . . . . . . . . X . . . .|
hX . . X . . . X . . . . . . . . . . .|
g. . . . . . . . . . . . . . . . . . .|
f. . . . . . . . . . . . . . . . . . .|
e. . . . . . . . . . . . . . . . . . .|
d. . . . . . . . . . . . . O . . . . .|
c. . . . . . . . . . O . . . . . . . .|
b. . . . . . . . . . X . . . . . . . .|
a. . . . . O . . . . . . . . . . . . .|
 A B C D E F G H I J K L M N O P Q R S|
gracz X
--------------------------------------+
s. . . . . . . . . . . . . . . . . . .|
r. X . . . . . . . . . . . X . . . . .|
qO O . O . . . . . X . . . . X . . . .|
p. . . O . . . . O . X . O . . O . . .|
oX . . . . . . . . . . . O . . . . . .|
n. . . . . . . . . . . . . . . X . . .|
m. . . . . . . . . . . O . . . . X . .|
l. . . . . . . . . . . . . . . . . . .|
k. . . O . . . . . . X . . . . . . . .|
j. . . . O . . . . . . . . . . . . . .|
i. . . . . . . . . . . . . . X . . . .|
hX . . X . . . X . . . . . . . . . . .|
g. . . . . . . . . . . . . . . . . . .|
f. . . . . . . . . . . . . . . . . . .|
e. . . . . . . . . . . . . . . . . . .|
d. . . . . . . . . . . . . O . . . . .|
c. . . . . . . . . . O . . . . . . . .|
b. . . . . . . . . . X . . . . . . . .|
a. . . . . O . . . . . . . . . . X . .|
 A B C D E F G H I J K L M N O P Q R S|
gracz O
--------------------------------------+
s. . . . . . . . . . . . . . . . . . .|
r. X . . . . . . . . . . . X . . . . .|
qO O . O . . . . . X . . . . X . . . .|
p. . . O . . . . O . X . O . . O . . .|
oX . . . . . . . . . . . O . . . . . .|
n. . . . . . . . . . . . . . . X . . .|
m. . . . . . . . . . . O O . . . X . .|
l. . . . . . . . . . . . . . . . . O .|
k. . . O . . . . . . X . . . . . . . .|
j. . . . O . . . . . . . . . . . . . .|
i. . . . . . . . . . . . . . X . . . .|
hX . . X . . . X . . . . . . . . . . .|
g. . . . . . . . . . . . . . . . . . .|
f. . . . . . . . . . . . . . . . . . .|
e. . . . . . . . . . . . . . . . . . .|
d. . . . . . . . . . . . . O . . . . .|
c. . . . . . . . . . O . . . . . . . .|
b. . . . . . . . . . X . . . . . . . .|
a. . . . . O . . . . . . . . . . X . .|
 A B C D E F G H I J K L M N O P Q R S|
gracz X
--------------------------------------+
s. . . . . . . . . . . . . . . . . . .|
r. X . . . . . . . . . . . X . . . . .|
qO O . O . . . . . X . . . . X . . . .|
p. . . O . . . . O . X . O . . O . . .|
oX . . . . . . . . . . . O . . . . . .|
n. . . . . . . . . . . . . . . X . . .|
m. . . . . . . . . . . O O . . . X . .|
l. . . . . . . . . . . . . . X . . O .|
k. . . O . . . . . . X . . . . . . . .|
j. . . . O . . . . . . . . . . . . . .|
i. . X . . . . . . . . . . . X . . . .|
hX . . X . . . X . . . . . . . . . . .|
g. . . . . . . . . . . . . . . . . . .|
f. . . . . . . . . . . . . . . . . . .|
e. . . . . . . . . . . . . . . . . . .|
d. . . . . . . . . . . . . O . . . . .|
c. . . . . . . . . . O . . . . . . . .|
b. . . . . . . . . . X . . . . . . . .|
a. . . . . O . . . . . . . . . . X . .|
 A B C D E F G H I J K L M N O P Q R S|
gracz O
--------------------------------------+
s. . . . . . . . . . . . . . . . . . .|
r. X . . . . . . . . . . . X . . . . .|
qO O . O . . . . . X . . . . X . . . .|
p. . . O . . . . O . X . O . . O . O .|
oX . . . . . . . . . . . O . . . . . .|
n. . . . . . . . . . . . . . . X . . .|
m. . . . . . . . . . . O O . . . X . .|
l. . . . . . . O . . . . . . X . . O .|
k. . . O . . . . . . X . . . . . . . .|
j. . . . O . . . . . . . . . . . . . .|
i. . X . . . . . . . . . . . X . . . .|
hX . . X . . . X . . . . . . . . . . .|
g. . . . . . . . . . . . . . . . . . .|
f. . . . . . . . . . . . . . . . . . .|
e. . . . . . . . . . . . . . . . . . .|
d. . . . . . . . . . . . . O . . . . .|
c. . . . . . . . . . O . . . . . . . .|
b. . . . . . . . . . X . . . . . . . .|
a. . . . . O . . . . . . . . . . X . .|
 A B C D E F G H I J K L M N O P Q R S|
gracz X
--------------------------------------+
s. . . . . . . . . . . . . . . . . . .|
r. X . . . . . . . . . . . X . . . . .|
qO O . O . . . . . X . . . . X . . . .|
p. . . O . . . . O . X . O . . O . O .|
oX . . . . . . . . . . . O . . . . . .|
n. . . . . . . . . . . . . . . X . . .|
m. . . . . . . . . . . O O . . . X . .|
l. . . . . . . O . . . . . . X . . O .|
k. . . O . . . . . . X . . . . . . . .|
j. . . . O . . . . . . . . . . . . . .|
i. X X . . . . . . . . . . . X . . . .|
hX . . X . . . X . . . . . . . . . . .|
g. . . . . . . . . . . . . . . . . . .|
f. . . . . . . . . . . . . . . . . . .|
e. . . . . . . . . . . X . . . . . . .|
d. . . . . . . . . . . . . O . . . . .|
c. . . . . . . . . . O . . . . . . . .|
b. . . . . . . . . . X . . . . . . . .|
a. . . . . O . . . . . . . . . . X . .|
 A B C D E F G H I J K L M N O P Q R S|
gracz O
--------------------------------------+
s. . . . O . . . . . . . . . . . . . .|
r. X . . . . . . . . . . . X . . . . .|
qO O . O . . . . . X . . . . X . . . .|
p. . . O . . . . O . X . O . . O . O .|
oX . . . . . . . . . . . O . . . . . .|
n. . . . . . . . . . . . . . . X . . .|
m. . . . . . . . . . . O O . . . X . .|
l. . . . . . . O . . . . . . X . . O .|
k. . . O . . . . . . X . . . . . . . .|
j. . . . O . . . . . . . . . . . . . .|
i. X X . . . . . . . . . . . X . . . .|
hX . . X . . . X . . . . . . . . . . .|
g. . . . . . . . . . . . . . . . . . .|
f. . . . . . . . . . . . . . . . . . .|
e. . . . . . . . . . . X . . . . . . .|
d. . . . . . . . . . . . . O . . . . .|
c. . . . . . . . . . O . . . . . . . .|
b. . O . . . . . . . X . . . . . . . .|
a. . . . . O . . . . . . . . . . X . .|
 A B C D E F G H I J K L M N O P Q R S|
gracz X
--------------------------------------+
s. . . . O . . . . . . . . . . . . . .|
r. X . . . . . . . . . . . X . . . . .|
qO O . O . . . . . X . . . . X . . . .|
p. . . O . . . . O . X . O . . O . O .|
oX . . . . . . . . . . . O . . . . . .|
n. . . . . . . . . . . . . . . X . . .|
m. . . . . . . . . . . O O . . . X . .|
l. . . . . . . O . . . . . . X . . O .|
k. . . O . . . . . . X . . . . . . . .|
j. . . . O . . . . . . . . . . . . . .|
i. X X . . . . . . . . . . . X . . . .|
hX . . X . . . X . . . . . . . . . . .|
g. . . . . . . . . . . . . . . . . . .|
f. . . . . . . . . . . . . . . . . . .|
e. . . . . . . X . . . X . . . . . . .|
d. . . . . . . . . . . . . O . . . . .|
c. . . . . . X . . . O . . . . . . . .|
b. . O . . . . . . . X . . . . . . . .|
a. . . . . O . . . . . . . . . . X . .|
 A B C D E F G H I J K L M N O P Q R S|
gracz O
--------------------------------------+
s. . . . O . . . . . . . . . . . . . .|
r. X . . . . . . . . . . . X . . . . .|
qO O . O . . . . . X . . . . X . . . .|
p. . . O . . . . O . X . O . . O . O .|
oX . . . . . . . . . . . O . . . . . .|
n. . . . . . . . . . . . . . . X . . .|
m. . . . . . . . . . . O O . . . X . .|
l. . . . . . . O . . . . . . X . . O .|
k. . . O . . . . . . X . . . . . . . .|
j. . . . O . . . . . . . . . . . . . .|
i. X X . . . . . . . . . . . X . . . .|
hX . . X . . . X . . . . . . . . . . .|
g. . . . . . . . . . . . . . . . . . .|
f. . . . . . . . . . . . . . . . . . .|
e. . . . . . . X . . . X . . . . . . .|
d. . . . O . . . . . . . . O . . . . .|
c. . . . . . X . . . O . . . . . . . .|
b. . O . . . . . . . X O . . . . . . .|
a. . . . . O . . . . . . . . . . X . .|
 A B C D E F G H I J K L M N O P Q R S|
gracz X
--------------------------------------+
s. . . . O . X . . . . . . . . . . . .|
r. X . . . . . . . . . . . X . . . . .|
qO O . O . . . . . X . . . . X . . . .|
p. . . O . . . . O . X . O . . O . O .|
oX . . . . . . . . . . . O . . . . . .|
n. . . . . . . . . . . . . . . X . . .|
m. . . . . . . . . . . O O . . . X . .|
l. . . . . . . O . . . . . . X . . O .|
k. . . O . . . . . . X . . . . . . . .|
j. . . . O . . . . . . . . . . . . . .|
i. X X . . . . . . . . . . . X . . . .|
hX . . X . . . X . . . . . . . . . . .|
g. . . . . . . . . . . . . . . . . . .|
f. . . . . . . . . . . . . . . . . . .|
e. . . . . . . X . . . X . . . . . . .|
d. . . . O . . . . . . . . O . . . . .|
c. . . . . . X . . . O . . . . . . . .|
b. . O . . . . . . . X O . . . . . . .|
a. . . . . O . . . . . . . . . . X X .|
 A B C D E F G H I J K L M N O P Q R S|
gracz O
--------------------------------------+
s. . . . O . X . . . . . . . . . . . .|
r. X . . . . . . . . . . . X . . . . .|
qO O . O . . . . . X . . . . X . . . .|
p. . . O . . . . O . X . O . . O . O .|
oX . . . . . . . . . . . O . . . . . .|
n. . . . . . . . . . . . . . . X . . .|
m. . . . . . . . . . . O O . . . X . .|
l. . . . . . . O . . . . . . X . . O .|
k. . . O . . . . . . X . . . . . . . .|
j. . . O O . . . . . . . . . . . . . .|
i. X X . . . . . . . . . . . X . . . .|
hX . . X . . . X . . . . . . . . . . .|
g. . . . . . . . . . . . . . . . . . .|
f. . . . . . . . . . . . . . . . . . .|
e. . . . . O . X . . . X . . . . . . .|
d. . . . O . . . . . . . . O . . . . .|
c. . . . . . X . . . O . . . . . . . .|
b. . O . . . . . . . X O . . . . . . .|
a. . . . . O . . . . . . . . . . X X .|
 A B C D E F G H I J K L M N O P Q R S|
gracz X
--------------------------------------+
s. . . . O . X . . . . . . . . . . . .|
r. X . . . . . . . . . . . X . . . . .|
qO O . O . . . . . X . . . . X . . . .|
p. . . O . . . . O . X . O . . O . O .|
oX . . . . . . . . . . . O . . . . . .|
n. . . . X . . . . . . . . . . X . . .|
m. . . . . . . . . . . O O . . . X . .|
l. . . . . . . O . . . . . . X . . O .|
k. . . O . . . . . . X . . . . . . . .|
j. . . O O . . . . . . . . . . . . . .|
i. X X . . . . . . . . . . . X . . . .|
hX . . X . . . X . . . . . . . . . . .|
g. . . . . . . . . . . . . . . . . . .|
f. . . . . . . . . . . . . . . . . . X|
e. . . . . O . X . . . X . . . . . . .|
d. . . . O . . . . . . . . O . . . . .|
c. . . . . . X . . . O . . . . . . . .|
b. . O . . . . . . . X O . . . . . . .|
a. . . . . O . . . . . . . . . . X X .|
 A B C D E F G H I J K L M N O P Q R S|
gracz O
--------------------------------------+
s. . . . O . X . . . . . . . . . . . .|
r. X O . . . . . . . . . . X . . . . .|
qO O . O . . . . . X . . . . X . . . .|
p. . . O . . . . O . X . O . . O . O .|
oX . . . . . . . . . . . O . . . . . .|
n. . . . X . . . . . . . . . . X . . .|
m. . . . . . . . . . . O O . . . X . .|
l. . . . . . . O . . . . . . X . . O .|
k. . . O . . . . . . X . . . . . . . .|
j. . . O O . . . . . . . . . . . . . .|
i. X X . . . . . . . . . . . X . . . .|
hX . . X . . . X . . . . . . . . . . .|
g. . . . . . . . . . . . . . . . . . .|
f. . . . . . . . . . . . . . . . . O X|
e. . . . . O . X . . . X . . . . . . .|
d. . . . O . . . . . . . . O . . . . .|
c. . . . . . X . . . O . . . . . . . .|
b. . O . . . . . . . X O . . . . . . .|
a. . . . . O . . . . . . . . . . X X .|
 A B C D E F G H I J K L M N O P Q R S|
gracz X
--------------------------------------+
s. . . . O . X . . . . . . . . . . . .|
r. X O . . . . . . . . . . X . . . . .|
qO O . O . . . . . X . . . . X . . . .|
p. . . O . . . . O . X . O . . O . O .|
oX . . . . . . . . . . . O . . . . . .|
n. . . . X . . . . . . . . . . X . . .|
m. . . . . . . . . . . O O . . . X . .|
l. . . . . . . O . . . . . . X . . O .|
k. . . O . . . . . . X . . . . . . . .|
j. . . O O . . . . . . . . . . . . . .|
i. X X . . . . . . . . . . . X . . . .|
hX . . X . . . X . . . . . . . . . . .|
g. . . . . . . . . . . . . . . . . . .|
f. . . . . . . . . X . . . . . . . O X|
e. . . . . O . X . . . X . . . . . . .|
d. . . . O . . . . . . . . O . . . . .|
c. . . . . . X . . . O . . . . . . . .|
b. . O . . . . . . . X O . . . . . . .|
a. . . . . O . . . . . . X . . . X X .|
 A B C D E F G H I J K L M N O P Q R S|
gracz O
--------------------------------------+
s. . . . O . X . . . . . . . . . . . .|
r. X O . . . . . . . . . . X . . . . .|
qO O . O . . . . . X . . . . X . . . .|
p. . . O . . . . O . X . O . . O . O .|
oX . . . . . . . . . . . O . . . . . .|
n. . . . X . . . . . . . . . . X . . .|
m. . . . . . . . . . . O O . . . X . .|
l. . . . . . . O . . . . . . X . . O .|
k. . . O . . . . . . X . . . . . . . .|
j. . . O O . . . O . . . . . . . . . .|
i. X X . . . . . . . . . . . X . . . .|
hX . . X . . . X . . . . . . . . . . .|
g. . . . . . . . . . . . . . . . . . .|
f. . . . . . . . . X . . . . . . . O X|
e. . . . . O . X . . . X . . . . . . .|
d. . . O O . . . . . . . . O . . . . .|
c. . . . . . X . . . O . . . . . . . .|
b. . O . . . . . . . X O . . . . . . .|
a. . . . . O . . . . . . X . . . X X .|
 A B C D E F G H I J K L M N O P Q R S|
gracz X
--------------------------------------+
s. . . . O . X . . . . . . . . . . . .|
r. X O . . . . . . X . . . X . . X . .|
qO O . O . . . . . X . . . . X . . . .|
p. . . O . . . . O . X . O . . O . O .|
oX . . . . . . . . . . . O . . . . . .|
n. . . . X . . . . . . . . . . X . . .|
m. . . . . . . . . . . O O . . . X . .|
l. . . . . . . O . . . . . . X . . O .|
k. . . O . . . . . . X . . . . . . . .|
j. . . O O . . . O . . . . . . . . . .|
i. X X . . . . . . . . . . . X . . . .|
hX . . X . . . X . . . . . . . . . . .|
g. . . . . . . . . . . . . . . . . . .|
f. . . . . . . . . X . . . . . . . O X|
e. . . . . O . X . . . X . . . . . . .|
d. . . O O . . . . . . . . O . . . . .|
c. . . . . . X . . . O . . . . . . . .|
b. . O . . . . . . . X O . . . . . . .|
a. . . . . O . . . . . . X . . . X X .|
 A B C D E F G H I J K L M N O P Q R S|
gracz O
--------------------------------------+
s. . . . O . X . . . . . . . . . . . .|
r. X O . . O . . . X . . . X . . X . .|
qO O . O . . . . . X . . . . X . . . .|
p. . . O . . . . O . X . O . . O . O .|
oX . . . . . . . . . . . O . . . . . .|
n. . . . X . . . . . . . . . . X . . .|
m. . . . . . . . . . . O O . . . X . .|
l. . . . . . . O . . . . . . X . . O .|
k. . . O . . . . . . X . . . . . . . .|
j. . . O O . . . O . . . . . . . . . .|
i. X X . . . . . . . . . . . X . . . .|
hX . . X . . . X . . . . . . . O . . .|
g. . . . . . . . . . . . . . . . . . .|
f. . . . . . . . . X . . . . . . . O X|
e. . . . . O . X . . . X . . . . . . .|
d. . . O O . . . . . . . . O . . . . .|
c. . . . . . X . . . O . . . . . . . .|
b. . O . . . . . . . X O . . . . . . .|
a. . . . . O . . . . . . X . . . X X .|
 A B C D E F G H I J K L M N O P Q R S|
gracz X
--------------------------------------+
s. . . . O . X . . . . . . . . . . . .|
r. X O . . O . . . X . . . X . . X . .|
qO O . O . . . . . X . . . . X . . . .|
p. . . O . . . . O . X . O . . O . O .|
oX . . . . . . . . . . . O . . . . . .|
n. . . . X . . . . . . . . . . X . . .|
m. . . . . . . . . . . O O . . . X . .|
l. . . . . . . O . . . . . . X . . O .|
k. . . O . . . . . . X . . . . . . . .|
j. . . O O . X . O . . . . . . . . . .|
i. X X . . . . . . . . . . . X . . . .|
hX . . X . . . X . . . . . . . O . . .|
g. . . . . . . . . . . . . . . . . . .|
f. . . . . . . . . X . . . . . . . O X|
e. . X . . O . X . . . X . . . . . . .|
d. . . O O . . . . . . . . O . . . . .|
c. . . . . . X . . . O . . . . . . . .|
b. . O . . . . . . . X O . . . . . . .|
a. . . . . O . . . . . . X . . . X X .|
 A B C D E F G H I J K L M N O P Q R S|
gracz O
--------------------------------------+
s. . . . O . X . . . . . . . . . . . .|
r. X O . . O . . . X . . . X . . X . .|
qO O . O . . . . . X . . . . X . . . .|
p. . . O . . . . O . X . O . . O . O .|
oX . . . . . . . . . . . O . . . . . .|
n. . . . X . . . . . . . . . . X . . .|
m. . . . . . . . . . . O O . . . X . .|
l. . . . . . . O . . . . . . X . . O .|
k. . . O . . . . . . X . . . . . . . .|
j. . . O O . X . O . . . . . . . . . .|
i. X X . . . . . . . . . . O X . . . .|
hX . . X . . . X . . . . . . . O . . .|
g. . . . . . . . . . . . . . O . . . .|
f. . . . . . . . . X . . . . . . . O X|
e. . X . . O . X . . . X . . . . . . .|
d. . . O O . . . . . . . . O . . . . .|
c. . . . . . X . . . O . . . . . . . .|
b. . O . . . . . . . X O . . . . . . .|
a. . . . . O . . . . . . X . . . X X .|
 A B C D E F G H I J K L M N O P Q R S|
gracz X
--------------------------------------+
s. . . X O . X . . . . . . . . . . . .|
r. X O . . O . . . X . . . X . . X . .|
qO O . O . . . . . X . . . . X . . . .|
p. . . O . . . . O . X . O . . O . O .|
oX . . . . . . . . . . . O . . . . . .|
n. . . . X . . . . . . . . . . X . . .|
m. . . . . . . . . . . O O . . . X . .|
l. . . . . . . O . . . . . . X . . O .|
k. . . O . . . . . . X . . . . . . . .|
j. . . O O . X . O . . . . . . . . . .|
i. X X . . . . . . . . . . O X . . . .|
hX . . X . . . X . . . . . . . O . . .|
g. . . . . . . . X . . . . . O . . . .|
f. . . . . . . . . X . . . . . . . O X|
e. . X . . O . X . . . X . . . . . . .|
d. . . O O . . . . . . . . O . . . . .|
c. . . . . . X . . . O . . . . . . . .|
b. . O . . . . . . . X O . . . . . . .|
a. . . . . O . . . . . . X . . . X X .|
 A B C D E F G H I J K L M N O P Q R S|
gracz O
--------------------------------------+
s. . . X O . X . . . O . . . . . . . .|
r. X O . . O . . . X . . . X . . X . .|
qO O . O . . . . . X . . . . X . . . .|
p. . . O . . . . O . X . O . . O . O .|
oX . . . . . . . . . . . O . . . . . .|
n. . . . X . . . . . . . . . . X . . .|
m. . . . . . . . . . . O O . . . X . .|
l. . . . . . . O . . . . . . X . . O .|
k. . . O . . . . . . X . . . . . . . .|
j. . . O O . X . O . . . . . . . . . .|
i. X X . . . . . . . . . . O X . . . .|
hX . . X . . . X . . . . . . . O . . .|
g. . . . . . . . X . . . . . O . . . .|
f. . . . . . . . . X . . . . . . . O X|
e. . X . . O . X . . . X . . . . . . .|
d. . . O O . . . . . . . . O . . . . .|
c. . . . . . X . . . O . . . . . . . .|
b. . O . . . . . . . X O . . . O . . .|
a. . . . . O . . . . . . X . . . X X .|
 A B C D E F G H I J K L M N O P Q R S|
gracz X
--------------------------------------+
s. . . X O . X . . . O . . . . . . . .|
r. X O . . O . . . X . . . X . . X . .|
qO O . O . . . . . X . . . . X . . . .|
p. . . O . . . . O . X . O . . O . O .|
oX . . . . . . . . . . . O . . . . . .|
n. . . . X . . . . . . . . . . X . . .|
m. . . . . . . . . . . O O . X . X . .|
l. . . . . . . O . . . . . . X . . O .|
k. . . O . . . . . . X . . . . . . . .|
j. . . O O . X . O . . . . . . X . . .|
i. X X . . . . . . . . . . O X . . . .|
hX . . X . . . X . . . . . . . O . . .|
g. . . . . . . . X . . . . . O . . . .|
f. . . . . . . . . X . . . . . . . O X|
e. . X . . O . X . . . X . . . . . . .|
d. . . O O . . . . . . . . O . . . . .|
c. . . . . . X . . . O . . . . . . . .|
b. . O . . . . . . . X O . . . O . . .|
a. . . . . O . . . . . . X . . . X X .|
 A B C D E F G H I J K L M N O P Q R S|
gracz O
--------------------------------------+
s. . . X O . X . . . O . . . . . . . .|
r. X O . . O . . . X . . . X . . X . .|
qO O . O . . . . . X . . . . X . . . .|
p. . . O . . . . O . X . O . . O . O .|
oX . . . . . . . . . . . O . . . . . .|
n. . . . X . . . . . . . . . . X . . .|
m. . . . . . . . . . . O O . X . X . .|
l. . . . . . . O . . . . . . X . . O .|
k. . . O . . . O . . X . . . . . . . .|
j. . . O O . X . O . . . . . . X . . .|
i. X X . . . . . . . . . . O X . . . .|
hX . . X . . . X . . . . . . . O . . .|
g. . . . . . . . X . . . . . O . . . .|
f. . . . . . . . . X . . . . . . . O X|
e. . X . . O . X . . . X . . . . . . .|
d. . . O O . . . . . . . . O . . . . .|
c. . . . . . X . . . O . . O . . . . .|
b. . O . . . . . . . X O . . . O . . .|
a. . . . . O . . . . . . X . . . X X .|
 A B C D E F G H I J K L M N O P Q R S|
gracz X
--------------------------------------+
s. . . X O . X . X . O . . . . . . . .|
r. X O . . O . . . X . . . X . . X . .|
qO O . O . . . . . X . . . . X . . . .|
p. . . O . . . . O . X . O . . O . O .|
oX . . . . . . . . . . . O . . . . . .|
n. . . . X . . . . . . . . . . X . . .|
m. . . . . . . . . . . O O . X . X . .|
l. . . . . . . O . . . . . . X . . O .|
k. X . O . . . O . . X . . . . . . . .|
j. . . O O . X . O . . . . . . X . . .|
i. X X . . . . . . . . . . O X . . . .|
hX . . X . . . X . . . . . . . O . . .|
g. . . . . . . . X . . . . . O . . . .|
f. . . . . . . . . X . . . . . . . O X|
e. . X . . O . X . . . X . . . . . . .|
d. . . O O . . . . . . . . O . . . . .|
c. . . . . . X . . . O . . O . . . . .|
b. . O . . . . . . . X O . . . O . . .|
a. . . . . O . . . . . . X . . . X X .|
 A B C D E F G H I J K L M N O P Q R S|
gracz O
--------------------------------------+
s. . . X O . X . X . O . . . . . . . .|
r. X O . . O . . . X . . . X . . X . .|
qO O . O . . . . . X . . . . X . . . .|
p. . . O . . . . O . X . O . . O . O .|
oX . . . O . . . . . . . O . . . . . .|
n. . . . X . . . . . . . . . . X . . .|
m. . . . . . . . . . . O O . X . X . .|
l. . . . . . . O . . . . . . X . . O .|
k. X . O . . . O . . X . . . . . . . .|
j. . . O O . X . O . . . . . . X . . O|
i. X X . . . . . . . . . . O X . . . .|
hX . . X . . . X . . . . . . . O . . .|
g. . . . . . . . X . . . . . O . . . .|
f. . . . . . . . . X . . . . . . . O X|
e. . X . . O . X . . . X . . . . . . .|
d. . . O O . . . . . . . . O . . . . .|
c. . . . . . X . . . O . . O . . . . .|
b. . O . . . . . . . X O . . . O . . .|
a. . . . . O . . . . . . X . . . X X .|
 A B C D E F G H I J K L M N O P Q R S|
gracz X
--------------------------------------+
s. . . X O . X . X . O . . . . . . . .|
r. X O . . O . . . X . . . X . . X . .|
qO O . O . . . . . X . . . . X . . . .|
p. . . O . . . . O . X . O . . O . O .|
oX . . . O . . . . . . . O . . . . . .|
n. . . . X . . . . . . . . . . X . . .|
m. . . . . . . . . . . O O . X . X . .|
l. . . . . . . O . . . . X . X . . O .|
k. X . O . . . O . . X . . . . . . . .|
j. . . O O . X . O . . . . . . X . X O|
i. X X . . . . . . . . . . O X . . . .|
hX . . X . . . X . . . . . . . O . . .|
g. . . . . . . . X . . . . . O . . . .|
f. . . . . . . . . X . . . . . . . O X|
e. . X . . O . X . . . X . . . . . . .|
d. . . O O . . . . . . . . O . . . . .|
c. . . . . . X . . . O . . O . . . . .|
b. . O . . . . . . . X O . . . O . . .|
a. . . . . O . . . . . . X . . . X X .|
 A B C D E F G H I J K L M N O P Q R S|
gracz O
--------------------------------------+
s. . . X O . X . X . O . . . . . . . .|
r. X O . . O . . . X . . . X . . X . .|
qO O . O . . . . . X . . . . X . . . .|
p. . . O . . . . O . X . O . . O . O .|
oX . . . O . . . . . . . O . . . . . .|
n. . . . X . . . . . . . . . . X . . .|
m. . . . . . . . . . . O O . X . X . .|
l. . . . . . . O . . . . X . X . . O .|
k. X . O . . . O . . X . . . . . . . .|
j. . . O O . X . O . . . . . . X . X O|
i. X X . . . . . . . . . . O X . . . .|
hX . . X . . . X . . . . . . . O . . .|
g. . . . . . . . X . . . . . O . . . .|
f. . . . . O . . . X . . . . . . . O X|
e. . X . . O . X . . . X . . . . . . .|
d. . . O O . . . . . . . . O . . . . .|
c. . . . . . X . . . O O . O . . . . .|
b. . O . . . . . . . X O . . . O . . .|
a. . . . . O . . . . . . X . . . X X .|
 A B C D E F G H I J K L M N O P Q R S|
gracz X
--------------------------------------+
s. . . X O . X . X . O . . . . . . . .|
r. X O . . O . . . X . . . X . . X . .|
qO O . O . . . . . X . . . . X . . . .|
p. . . O . . . . O . X . O . . O . O .|
oX . . . O . . . . . . . O . . . . . .|
n. . . . X . . . . . . . . . . X . . .|
m. . . . . . . . . . . O O . X . X . .|
l. . . . X . . O . . . . X . X . . O .|
k. X . O . . . O . . X . . . . . . . .|
j. . . O O . X . O . . . . . . X . X O|
i. X X . . . . . . . . . . O X . . . .|
hX . . X . . . X . . . . . . . O . . .|
g. . . . . . . . X . . . . . O . . . .|
f. . . . . O . . . X . . . . . . . O X|
e. . X . . O . X . . . X . . . . . . .|
d. . . O O . . . . . . . . O . . . . .|
c. . . . . . X . . . O O . O . . . . .|
b. . O . . . . . . . X O . . X O . . .|
a. . . . . O . . . . . . X . . . X X .|
 A B C D E F G H I J K L M N O P Q R S|
gracz O
--------------------------------------+
s. . . X O . X . X . O . . . . . . . .|
r. X O . . O . . . X . . . X . . X . .|
qO O . O . . . . . X . . . . X . . . .|
p. . . O . . . . O . X . O . . O . O .|
oX . . . O . . . . . . . O . . . . . .|
n. . . . X . . . . . . . . . . X . . .|
m. . . . . . . . . . . O O . X . X . .|
l. . . . X . . O . . . . X . X . . O .|
k. X . O . . . O . . X . . . . . . . .|
j. . . O O . X . O . . . . . . X . X O|
i. X X . . . . . . . . . . O X . . . .|
hX . . X . . . X . . . . . . . O . . .|
g. . . . . . . . X . . . . . O . . . .|
f. . . . . O . . . X . . . . . . . O X|
e. . X . . O . X . . . X . . . . . . .|
d. . . O O . . . . . . O . O . . . . .|
c. . . . . . X . . . O O . O . . . . .|
b. . O . . . . . . . X O . O X O . . .|
a. . . . . O . . . . . . X . . . X X .|
 A B C D E F G H I J K L M N O P Q R S|
gracz X
--------------------------------------+
s. . . X O . X . X . O . . . . . . . .|
r. X O . . O . . . X . . . X . . X . .|
qO O . O . . . . . X . . . . X . . . .|
p. . . O . . . . O . X . O . . O . O .|
oX . . . O . . . . . . . O . . . . . .|
n. . . . X . . . . . . . . . . X . . .|
m. . . . . . . . . . . O O . X . X . .|
l. . . . X . . O . . . . X . X . . O .|
k. X . O . . . O . . X . . . . . . . .|
j. . . O O . X . O X . . . . . X . X O|
i. X X . . . . . . . . . . O X . . . .|
hX . . X . . . X . . . . . . . O . . .|
g. . . . . . . . X . . . . X O . . . .|
f. . . . . O . . . X . . . . . . . O X|
e. . X . . O . X . . . X . . . . . . .|
d. . . O O . . . . . . O . O . . . . .|
c. . . . . . X . . . O O . O . . . . .|
b. . O . . . . . . . X O . O X O . . .|
a. . . . . O . . . . . . X . . . X X .|
 A B C D E F G H I J K L M N O P Q R S|
gracz O
--------------------------------------+
s. . . X O . X . X . O . . . . . . . .|
r. X O . . O . . . X . . . X . . X . .|
qO O . O . . . . . X . . . . X . . . .|
p. . . O . . . . O . X . O . . O . O .|
oX . . . O . . . . . . . O . . . . . .|
n. . . . X . . . . . . . . . . X . . .|
m. . . . . . . . . . . O O . X . X . .|
l. . . . X . . O . . . . X . X . . O .|
k. X . O . . . O . . X . . . . . O . .|
j. . . O O . X . O X . . . . . X . X O|
i. X X . . . . . . . . . . O X . . . .|
hX . . X . . . X . . . . . . . O . . .|
g. . . . . . . . X . . . . X O . . . .|
f. . . . . O . . . X . . . . . . . O X|
e. . X . . O . X . . . X . . . . . . .|
dO . . O O . . . . . . O . O . . . . .|
c. . . . . . X . . . O O . O . . . . .|
b. . O . . . . . . . X O . O X O . . .|
a. . . . . O . . . . . . X . . . X X .|
 A B C D E F G H I J K L M N O P Q R S|
gracz X
--------------------------------------+
s. . . X O . X . X . O . . . . . . . .|
r. X O . . O . . . X . . . X . . X . .|
qO O . O . . . . . X . . . . X . . . .|
p. . . O . . . . O . X . O . . O . O .|
oX . . . O . . . . . . . O . . . . . .|
n. . . . X . . . . . . . . . . X . . .|
m. . . . . . . . . . . O O . X . X . .|
l. . . . X . . O . . . . X . X . . O .|
k. X . O . . . O . . X . . . . . O X .|
j. . . O O . X . O X . . . . . X . X O|
i. X X . . . . . . . . . . O X . . . .|
hX . . X . . . X . . . . . . . O . . .|
g. . . . . . . . X . . . . X O . . . .|
f. . . . . O . . . X . . . . . . . O X|
e. . X . . O . X . . . X . . . . . . .|
dO . . O O . . . . . . O . O . . . . .|
c. . . . . . X . . . O O . O . . . . .|
bX . O . . . . . . . X O . O X O . . .|
a. . . . . O . . . . . . X . . . X X .|
 A B C D E F G H I J K L M N O P Q R S|
gracz O
--------------------------------------+
s. . . X O . X . X . O . . . . . . . .|
r. X O . . O . . O X . . . X . . X . .|
qO O . O . . . . . X . . . . X . . . .|
p. . . O . . . . O . X . O . . O . O .|
oX . . . O . . . . . . . O . . . . . .|
n. . . . X . . . . . . . . . . X . . .|
m. . . . . . . . . . . O O . X . X O .|
l. . . . X . . O . . . . X . X . . O .|
k. X . O . . . O . . X . . . . . O X .|
j. . . O O . X . O X . . . . . X . X O|
i. X X . . . . . . . . . . O X . . . .|
hX . . X . . . X . . . . . . . O . . .|
g. . . . . . . . X . . . . X O . . . .|
f. . . . . O . . . X . . . . . . . O X|
e. . X . . O . X . . . X . . . . . . .|
dO . . O O . . . . . . O . O . . . . .|
c. . . . . . X . . . O O . O . . . . .|
bX . O . . . . . . . X O . O X O . . .|
a. . . . . O . . . . . . X . . . X X .|
 A B C D E F G H I J K L M N O P Q R S|
gracz X
--------------------------------------+
s. . . X O . X . X . O . . . . . . . .|
r. X O . . O . . O X . . . X . . X . .|
qO O . O . . . . . X . . . . X . . . .|
p. . . O . . . . O . X . O . . O . O .|
oX . . . O . . . . . . . O . . . . . .|
n. . . . X . . . . . . . . . . X . . .|
m. . . . . . . . . . . O O . X . X O .|
l. . . . X . . O . . . . X . X . . O .|
k. X . O . . . O . . X . . . . . O X .|
j. . . O O . X . O X . . . . . X . X O|
i. X X . . . . . . . . . . O X . . . .|
hX . . X . . . X . . . . . . . O . . .|
g. . . . . . . . X . . . . X O . . . .|
f. . . . . O . . . X . . . . . . . O X|
e. . X . . O . X . . . X . . . . . . .|
dO . . O O . . . . X . O . O . . . . .|
c. . . . . . X . . . O O . O . . . . .|
bX . O . . . . . . . X O . O X O . . .|
a. . . . . O . . . . . . X X . . X X .|
 A B C D E F G H I J K L M N O P Q R S|
gracz O
--------------------------------------+
s. . . X O . X . X . O . . . . . . . .|
r. X O . . O . . O X . . . X . . X . .|
qO O . O . . . . . X . . . . X . . . .|
p. . . O . . . . O . X . O . . O . O .|
oX . . . O . . . . . . . O . . . . . .|
n. . . . X . . . . . . . . . . X . . .|
m. . . . . . . . . . . O O . X . X O .|
l. . . . X O . O . . . . X . X . . O .|
k. X . O . . . O O . X . . . . . O X .|
j. . . O O . X . O X . . . . . X . X O|
i. X X . . . . . . . . . . O X . . . .|
hX . . X . . . X . . . . . . . O . . .|
g. . . . . . . . X . . . . X O . . . .|
f. . . . . O . . . X . . . . . . . O X|
e. . X . . O . X . . . X . . . . . . .|
dO . . O O . . . . X . O . O . . . . .|
c. . . . . . X . . . O O . O . . . . .|
bX . O . . . . . . . X O . O X O . . .|
a. . . . . O . . . . . . X X . . X X .|
 A B C D E F G H I J K L M N O P Q R S|
gracz X
--------------------------------------+
s. . . X O . X . X . O . . . . . . . .|
r. X O X . O . . O X . . . X . . X . .|
qO O . O . . . . . X . . . . X . . . .|
p. . . O . . . . O . X . O . . O . O .|
oX . . . O . . . . . . . O . . . . . .|
n. . . . X . . . . . . . . . . X . . .|
m. . . . . . . . . . . O O . X . X O .|
l. . . . X O . O . . . . X . X . . O .|
k. X . O . . . O O . X . . . . . O X .|
j. . . O O . X . O X . . . . . X . X O|
i. X X . . . . . . . . . . O X . . . .|
hX . . X . . . X . . . . . . . O . . .|
g. . . . . . . . X . . . . X O . . . .|
f. . . . . O . . . X . . . . . . . O X|
e. . X . . O . X . . . X . . . . . . .|
dO . . O O . . . . X . O . O . . . . .|
c. . . . . . X . . . O O X O . . . . .|
bX . O . . . . . . . X O . O X O . . .|
a. . . . . O . . . . . . X X . . X X .|
 A B C D E F G H I J K L M N O P Q R S|
gracz O
--------------------------------------+
s. . . X O . X . X . O . . . . . . . .|
r. X O X . O . . O X . . . X . . X . O|
qO O . O . . . . . X . . . . X . . . .|
p. . . O . . . . O . X . O . . O . O .|
oX . . . O . . . . . . . O . . . . . .|
n. . . . X . . . . . . . . . . X . . .|
m. . . . . . . . . . . O O . X . X O .|
l. . . . X O . O . . . . X . X . . O .|
k. X . O . . . O O . X . . . . . O X .|
j. . . O O . X . O X . . . . . X . X O|
i. X X . . . . . . . . . . O X . . . .|
hX . . X . . . X . . . . . . . O . . .|
g. . . . . . . . X . . . . X O . . . .|
f. . . . . O . . . X . . . . . . . O X|
e. . X . . O . X . . . X . . . . . . .|
dO . . O O . . . . X O O . O . . . . .|
c. . . . . . X . . . O O X O . . . . .|
bX . O . . . . . . . X O . O X O . . .|
a. . . . . O . . . . . . X X . . X X .|
 A B C D E F G H I J K L M N O P Q R S|
gracz X
--------------------------------------+
s. . . X O . X . X . O . . . . . . . .|
r. X O X . O . . O X . . . X . . X . O|
qO O . O . . . . . X . . . . X . . . .|
p. . . O . . . . O . X . O . . O . O .|
oX . . . O . . . . . . . O . . . . . .|
n. . . . X . . . . . X . . . . X . . .|
m. . . . . . . . . . . O O . X . X O .|
l. . . . X O . O . . . . X . X . . O .|
k. X . O . . . O O . X . . . . . O X .|
j. . . O O . X . O X . . . . . X . X O|
i. X X . . . . . . . . . . O X . . . .|
hX . . X . . . X . . . . . . . O . . .|
g. . . . . . . . X . . . . X O . . . .|
f. . . . . O . . . X . . . . . . . O X|
e. . X X . O . X . . . X . . . . . . .|
dO . . O O . . . . X O O . O . . . . .|
c. . . . . . X . . . O O X O . . . . .|
bX . O . . . . . . . X O . O X O . . .|
a. . . . . O . . . . . . X X . . X X .|
 A B C D E F G H I J K L M N O P Q R S|
gracz O
--------------------------------------+
s. . . X O . X . X . O . . . . . . . .|
r. X O X . O . . O X . . . X . . X . O|
qO O . O . . . . . X . . . . X . . . .|
p. . . O . . . . O . X . O . . O . O .|
oX . . . O . . . . . . . O . . . . . .|
n. . . . X . . . . . X O . . . X . . .|
m. . . . . . . . . . . O O . X . X O .|
l. . . . X O . O . . . . X . X . . O .|
k. X . O . . . O O . X . . . . . O X .|
j. . . O O . X . O X . . . . . X . X O|
i. X X . . . . . . . . . . O X . . . .|
hX . . X . . . X . . . . . . . O . . .|
g. . . . . . . . X . . . . X O . . . .|
f. . . . . O . . . X . . . . . . . O X|
e. . X X . O . X . . O X . . . . . . .|
dO . . O O . . . . X O O . O . . . . .|
c. . . . . . X . . . O O X O . . . . .|
bX . O . . . . . . . X O . O X O . . .|
a. . . . . O . . . . . . X X . . X X .|
 A B C D E F G H I J K L M N O P Q R S|
gracz X
--------------------------------------+
s. . . X O . X . X . O . . . . . . . .|
r. X O X . O . . O X . . . X . . X . O|
qO O . O . . . . . X . . . . X . . . .|
p. . . O . . . . O . X . O . . O . O .|
oX . . . O . . . . . . . O . . . . . .|
n. . . . X . . . . . X O . . . X . . .|
m. . . . . . . . . . . O O . X X X O .|
l. . . . X O . O . . . . X . X . . O .|
k. X . O . . . O O . X . . . . . O X .|
j. . . O O . X . O X . . . . . X . X O|
i. X X . . . . . . . . . . O X . . . .|
hX . . X . . . X . . . . . . . O . . .|
g. . . . . . . . X . . . . X O . . . .|
f. . . . X O . . . X . . . . . . . O X|
e. . X X . O . X . . O X . . . . . . .|
dO . . O O . . . . X O O . O . . . . .|
c. . . . . . X . . . O O X O . . . . .|
bX . O . . . . . . . X O . O X O . . .|
a. . . . . O . . . . . . X X . . X X .|
 A B C D E F G H I J K L M N O P Q R S|
gracz O
--------------------------------------+
s. . . X O . X . X . O . . . . . . . .|
r. X O X . O . . O X . . . X . . X . O|
qO O . O . . . . . X . . . . X . . . .|
p. . . O . . O . O . X . O . . O . O .|
oX . . . O . . . . . . . O . . . . . .|
n. . O . X . . . . . X O . . . X . . .|
m. . . . . . . . . . . O O . X X X O .|
l. . . . X O . O . . . . X . X . . O .|
k. X . O . . . O O . X . . . . . O X .|
j. . . O O . X . O X . . . . . X . X O|
i. X X . . . . . . . . . . O X . . . .|
hX . . X . . . X . . . . . . . O . . .|
g. . . . . . . . X . . . . X O . . . .|
f. . . . X O . . . X . . . . . . . O X|
e. . X X . O . X . . O X . . . . . . .|
dO . . O O . . . . X O O . O . . . . .|
c. . . . . . X . . . O O X O . . . . .|
bX . O . . . . . . . X O . O X O . . .|
a. . . . . O . . . . . . X X . . X X .|
 A B C D E F G H I J K L M N O P Q R S|
gracz X
--------------------------------------+
s. . . X O . X . X . O . . . . . . . .|
r. X O X . O . . O X . . . X . . X . O|
qO O . O . . . . . X . . . . X . . . .|
p. . . O . . O . O . X . O . . O . O .|
oX . . . O . . . . . . . O . . . . . .|
n. . O . X . . . . . X O . . . X . . .|
m. . . . . . . . . . . O O . X X X O .|
l. . . . X O . O . . . . X . X . . O .|
k. X . O . . . O O . X . . . X . O X .|
j. . . O O . X . O X . . . . . X . X O|
i. X X . . . . . . . . . . O X . . . .|
hX . . X . . . X . . . . . . . O . . .|
g. . . . . . . . X . X . . X O . . . .|
f. . . . X O . . . X . . . . . . . O X|
e. . X X . O . X . . O X . . . . . . .|
dO . . O O . . . . X O O . O . . . . .|
c. . . . . . X . . . O O X O . . . . .|
bX . O . . . . . . . X O . O X O . . .|
a. . . . . O . . . . . . X X . . X X .|
 A B C D E F G H I J K L M N O P Q R S|
gracz O
--------------------------------------+
s. . . X O . X . X . O . . . . . . . .|
r. X O X . O . . O X . . . X . . X . O|
qO O . O . . . . . X . . . . X . . . .|
p. . . O . . O . O . X . O . O O . O .|
oX . . . O . . . . . . . O . . . . . .|
n. . O . X . . . . . X O . . . X . . .|
m. . . . . . . . . . . O O . X X X O .|
l. . . . X O . O . . . . X . X . . O .|
k. X . O . . . O O . X . . . X . O X .|
j. . . O O . X . O X . . . . . X . X O|
i. X X . . . . . . . . . . O X . . . .|
hX . . X . . . X . . . . . . . O . . .|
g. . . . . . . . X . X . . X O . . . .|
f. . . . X O . . . X . . . . . . . O X|
e. . X X . O . X . . O X . . . . . . .|
dO . . O O . . . . X O O . O . . . . .|
c. . . . . O X . . . O O X O . . . . .|
bX . O . . . . . . . X O . O X O . . .|
a. . . . . O . . . . . . X X . . X X .|
 A B C D E F G H I J K L M N O P Q R S|
gracz X
--------------------------------------+
s. . . X O . X . X . O . . . . . . . .|
r. X O X . O . . O X . . . X . . X . O|
qO O . O . . . . . X . . . . X . . . .|
p. . . O . . O . O . X . O . O O . O .|
oX . . . O . . . . . X . O . . . . . .|
n. . O . X . . . . . X O . . . X . . .|
m. . . . . . . . . . . O O . X X X O .|
l. . . X X O . O . . . . X . X . . O .|
k. X . O . . . O O . X . . . X . O X .|
j. . . O O . X . O X . . . . . X . X O|
i. X X . . . . . . . . . . O X . . . .|
hX . . X . . . X . . . . . . . O . . .|
g. . . . . . . . X . X . . X O . . . .|
f. . . . X O . . . X . . . . . . . O X|
e. . X X . O . X . . O X . . . . . . .|
dO . . O O . . . . X O O . O . . . . .|
c. . . . . O X . . . O O X O . . . . .|
bX . O . . . . . . . X O . O X O . . .|
a. . . . . O . . . . . . X X . . X X .|
 A B C D E F G H I J K L M N O P Q R S|
gracz O
--------------------------------------+
s. . . X O . X . X . O . . . O . . . .|
r. X O X . O . . O X . . . X . . X . O|
qO O . O . . . . . X . . . . X . . . .|
p. . . O . . O . O . X . O . O O . O .|
oX . . . O . . . . . X . O . . . . . .|
n. . O . X . . . . . X O . . . X . . .|
m. . . . . . . . . . . O O . X X X O .|
l. . . X X O . O . . . . X . X . . O .|
k. X . O . . . O O . X . . . X . O X .|
jO . . O O . X . O X . . . . . X . X O|
i. X X . . . . . . . . . . O X . . . .|
hX . . X . . . X . . . . . . . O . . .|
g. . . . . . . . X . X . . X O . . . .|
f. . . . X O . . . X . . . . . . . O X|
e. . X X . O . X . . O X . . . . . . .|
dO . . O O . . . . X O O . O . . . . .|
c. . . . . O X . . . O O X O . . . . .|
bX . O . . . . . . . X O . O X O . . .|
a. . . . . O . . . . . . X X . . X X .|
 A B C D E F G H I J K L M N O P Q R S|
gracz X
--------------------------------------+
s. . . X O . X . X . O . . . O . . . .|
r. X O X . O . . O X . . . X . . X . O|
qO O . O . . . . . X . . . . X . . . .|
p. . . O . . O . O . X . O . O O . O .|
oX . . . O . . . . . X . O . . . . . .|
n. . O . X . . . . . X O . . . X . . .|
m. . . . . . . . . . . O O . X X X O .|
l. . . X X O . O . . . . X . X . . O .|
k. X . O . . . O O . X . . . X . O X .|
jO . . O O . X . O X . . . . . X . X O|
i. X X . . . . . . . . . . O X . . . .|
hX . . X . . . X . . . . . . . O . . .|
g. . . . X . . . X . X . . X O . . . .|
f. . . . X O . . . X . . . . . . . O X|
e. . X X . O . X . . O X . . . . . . .|
dO . . O O . . . . X O O . O . . . . .|
c. . . X . O X . . . O O X O . . . . .|
bX . O . . . . . . . X O . O X O . . .|
a. . . . . O . . . . . . X X . . X X .|
 A B C D E F G H I J K L M N O P Q R S|
gracz O
--------------------------------------+
s. . . X O . X . X . O . . . O . . . .|
r. X O X . O . . O X . . . X . . X . O|
qO O . O . . . . . X . . . . X . . . .|
p. . . O . . O . O . X . O . O O . O .|
oX . . . O . . . . . X . O . . . . . .|
n. . O . X . . . . . X O . . . X . . .|
m. . . . . . . . . . . O O . X X X O .|
l. . . X X O . O . . . . X . X . . O .|
k. X . O . . . O O O X . . . X . O X .|
jO . . O O . X . O X . . . . . X . X O|
i. X X . . . . . . . . . . O X . . . .|
hX . . X . . . X . . . . . . . O . . .|
g. . . . X . . . X . X . . X O . . . .|
f. . . . X O . . . X . . . . . . . O X|
e. . X X . O . X . . O X . . O . . . .|
dO . . O O . . . . X O O . O . . . . .|
c. . . X . O X . . . O O X O . . . . .|
bX . O . . . . . . . X O . O X O . . .|
a. . . . . O . . . . . . X X . . X X .|
 A B C D E F G H I J K L M N O P Q R S|
gracz X
--------------------------------------+
s. . . X O . X . X . O . X . O . . . .|
r. X O X . O . . O X . . . X . . X . O|
qO O . O . . . . . X . . . X X . . . .|
p. . . O . . O . O . X . O . O O . O .|
oX . . . O . . . . . X . O . . . . . .|
n. . O . X . . . . . X O . . . X . . .|
m. . . . . . . . . . . O O . X X X O .|
l. . . X X O . O . . . . X . X . . O .|
k. X . O . . . O O O X . . . X . O X .|
jO . . O O . X . O X . . . . . X . X O|
i. X X . . . . . . . . . . O X . . . .|
hX . . X . . . X . . . . . . . O . . .|
g. . . . X . . . X . X . . X O . . . .|
f. . . . X O . . . X . . . . . . . O X|
e. . X X . O . X . . O X . . O . . . .|
dO . . O O . . . . X O O . O . . . . .|
c. . . X . O X . . . O O X O . . . . .|
bX . O . . . . . . . X O . O X O . . .|
a. . . . . O . . . . . . X X . . X X .|
 A B C D E F G H I J K L M N O P Q R S|
gracz O
--------------------------------------+
s. . . X O . X . X . O . X . O . . . .|
r. X O X . O . . O X . . . X . . X . O|
qO O . O . . . . . X . . . X X . . . .|
p. . . O . . O . O . X . O . O O . O .|
oX . . . O . . . . . X . O . . . . . .|
n. . O . X . . . . . X O . . . X . . .|
m. . . . . . . . . . . O O . X X X O .|
l. . . X X O . O . . . . X . X . . O .|
k. X . O . . . O O O X . . . X . O X .|
jO . . O O . X . O X . . . . . X . X O|
i. X X . . . . . . . . . . O X . . . .|
hX . . X O . . X . . . . . . . O . . .|
g. . . . X . . . X . X . . X O . . . .|
f. . . . X O . . . X . . . . . . . O X|
e. . X X . O . X . . O X . . O . . . .|
dO . . O O . . O . X O O . O . . . . .|
c. . . X . O X . . . O O X O . . . . .|
bX . O . . . . . . . X O . O X O . . .|
a. . . . . O . . . . . . X X . . X X .|
 A B C D E F G H I J K L M N O P Q R S|
gracz X
--------------------------------------+
s. . . X O . X . X . O . X . O . . . .|
r. X O X . O . . O X . . . X . . X . O|
qO O . O . . . . . X . . . X X . . . .|
p. . . O . . O . O . X . O . O O . O .|
oX . . . O . . . . . X . O . . . . . .|
n. . O . X . . . . . X O . . . X . . .|
m. . . . . . . . . . . O O . X X X O .|
l. . . X X O . O . . . . X . X . . O .|
k. X . O . . . O O O X . . . X . O X .|
jO . . O O . X . O X . . . . . X . X O|
i. X X . . . . . . . . . . O X . . . .|
hX . . X O . . X . . . . . . . O . . .|
g. . . . X . . . X . X . . X O . . . .|
f. . . . X O . . . X . . . . . . . O X|
e. . X X . O X X . . O X . . O . . . .|
dO . . O O . . O . X O O . O . . . . .|
c. . . X . O X . . . O O X O . . . . .|
bX . O . . . . . . . X O . O X O . . .|
a. . . . . O . . X . . . X X . . X X .|
 A B C D E F G H I J K L M N O P Q R S|
gracz O
--------------------------------------+
s. . . X O . X . X . O . X . O . . . .|
r. X O X . O . . O X . . . X . . X . O|
qO O . O . . . . . X . . . X X . . O .|
p. . . O . . O . O . X . O . O O . O .|
oX . . . O . . . . . X . O . . . . . .|
n. . O . X . . . . . X O . . . X . . .|
m. . . . O . . . . . . O O . X X X O .|
l. . . X X O . O . . . . X . X . . O .|
k. X . O . . . O O O X . . . X . O X .|
jO . . O O . X . O X . . . . . X . X O|
i. X X . . . . . . . . . . O X . . . .|
hX . . X O . . X . . . . . . . O . . .|
g. . . . X . . . X . X . . X O . . . .|
f. . . . X O . . . X . . . . . . . O X|
e. . X X . O X X . . O X . . O . . . .|
dO . . O O . . O . X O O . O . . . . .|
c. . . X . O X . . . O O X O . . . . .|
bX . O . . . . . . . X O . O X O . . .|
a. . . . . O . . X . . . X X . . X X .|
 A B C D E F G H I J K L M N O P Q R S|
gracz X
--------------------------------------+
s. . . X O . X . X . O . X . O . . . .|
r. X O X . O . . O X . . . X . . X . O|
qO O . O . . . . . X . . . X X . . O .|
p. . . O . . O . O . X . O . O O . O .|
oX . . . O . . . . . X . O . . . . . .|
n. . O . X . . . . X X O . . . X . . .|
m. . . . O . . . . . . O O . X X X O .|
l. . . X X O . O . . . . X . X . . O .|
k. X . O . . . O O O X . . . X . O X .|
jO . . O O . X . O X . . . . X X . X O|
i. X X . . . . . . . . . . O X . . . .|
hX . . X O . . X . . . . . . . O . . .|
g. . . . X . . . X . X . . X O . . . .|
f. . . . X O . . . X . . . . . . . O X|
e. . X X . O X X . . O X . . O . . . .|
dO . . O O . . O . X O O . O . . . . .|
c. . . X . O X . . . O O X O . . . . .|
bX . O . . . . . . . X O . O X O . . .|
a. . . . . O . . X . . . X X . . X X .|
 A B C D E F G H I J K L M N O P Q R S|
gracz O
--------------------------------------+
s. . . X O . X . X . O . X . O . . . .|
r. X O X . O . . O X . . . X . . X . O|
qO O . O . . . . . X . . . X X . . O .|
p. . . O . . O . O . X . O . O O . O .|
oX . . . O . . . . . X . O . . . . . .|
n. . O . X . . . . X X O . . . X . . .|
m. . . . O . . . . . . O O . X X X O .|
l. . . X X O . O O . . . X . X . . O .|
k. X . O . . . O O O X . . . X . O X .|
jO . . O O . X . O X . . . . X X . X O|
i. X X . . . . . . . . . . O X . . . .|
hX . . X O . . X . . . . . . . O . . .|
g. . . . X . . . X . X . . X O . . . .|
f. . . . X O . . . X . . . . . . . O X|
e. . X X . O X X . . O X . . O . . . .|
dO . . O O . . O . X O O . O . . . . .|
c. . . X . O X . . . O O X O . . . . .|
bX . O . . . . . . . X O . O X O . . .|
a. . . O . O . . X . . . X X . . X X .|
 A B C D E F G H I J K L M N O P Q R S|
gracz X
--------------------------------------+
s. . . X O . X . X . O . X . O . . . .|
r. X O X . O . . O X . . . X . . X . O|
qO O . O . . . . . X . . . X X . . O .|
p. . . O . . O . O . X . O . O O . O .|
oX . . . O . . . . . X . O . . . . . .|
n. . O . X . . . . X X O . . . X . . .|
m. . . . O . . . . . . O O . X X X O .|
l. . . X X O . O O . . . X . X . . O .|
k. X . O . . . O O O X . . . X . O X .|
jO . . O O . X . O X . . . . X X . X O|
i. X X . . . . X . . . . . O X . . . .|
hX . . X O . . X . . . . . . . O . . .|
g. . . . X . . . X . X . . X O . . . .|
f. . . . X O . . . X . . . . . . . O X|
e. . X X . O X X . . O X . . O . . . .|
dO . . O O . X O . X O O . O . . . . .|
c. . . X . O X . . . O O X O . . . . .|
bX . O . . . . . . . X O . O X O . . .|
a. . . O . O . . X . . . X X . . X X .|
 A B C D E F G H I J K L M N O P Q R S|
gracz O
--------------------------------------+
s. . . X O . X . X . O . X . O . . . .|
r. X O X . O . . O X . . . X . . X . O|
qO O . O . . . . . X . . . X X . . O .|
p. . . O . . O . O . X . O . O O . O .|
oX . . . O . . . . O X . O . . . . . .|
n. . O . X . . . . X X O . . . X . . .|
m. . . . O . . . . . . O O . X X X O .|
l. . . X X O . O O . . . X . X . . O .|
k. X . O . . . O O O X . . . X . O X .|
jO . . O O . X . O X . . . . X X . X O|
i. X X . . . . X . . . . . O X . . . .|
hX . . X O . . X . . . . . . . O . . .|
g. . . . X . . . X . X . . X O . . . .|
f. . . . X O . . . X . . . . . . . O X|
e. O X X . O X X . . O X . . O . . . .|
dO . . O O . X O . X O O . O . . . . .|
c. . . X . O X . . . O O X O . . . . .|
bX . O . . . . . . . X O . O X O . . .|
a. . . O . O . . X . . . X X . . X X .|
 A B C D E F G H I J K L M N O P Q R S|
gracz X
--------------------------------------+
s. . . X O . X . X . O . X . O . . . .|
r. X O X . O . . O X . . . X . . X . O|
qO O . O . . . . . X . . . X X . . O .|
p. . . O . . O . O . X . O . O O . O .|
oX . . . O . . . . O X . O . . . . . .|
n. . O . X . . . . X X O . . . X . . .|
m. . . . O . . . . . . O O X X X X O .|
l. . . X X O . O O . . . X . X . . O .|
k. X . O . . . O O O X . . . X . O X .|
jO . . O O . X . O X . . . . X X . X O|
i. X X . . . . X . . . . . O X . . . .|
hX . . X O . . X . . . . . . . O . . X|
g. . . . X . . . X . X . . X O . . . .|
f. . . . X O . . . X . . . . . . . O X|
e. O X X . O X X . . O X . . O . . . .|
dO . . O O . X O . X O O . O . . . . .|
c. . . X . O X . . . O O X O . . . . .|
bX . O . . . . . . . X O . O X O . . .|
a. . . O . O . . X . . . X X . . X X .|
 A B C D E F G H I J K L M N O P Q R S|
gracz O
--------------------------------------+
s. . . X O . X . X . O . X . O . . . .|
r. X O X . O . . O X . . . X . . X . O|
qO O . O . . . . . X . . . X X . . O .|
p. . . O . . O . O . X . O . O O . O .|
oX . . . O . . . . O X . O . . . . . .|
n. . O . X . . . . X X O . . . X . . .|
m. O . . O . . . . . . O O X X X X O .|
l. . . X X O . O O . . . X . X . . O .|
k. X . O . . . O O O X . . . X . O X .|
jO . . O O . X . O X . . . . X X . X O|
i. X X . . . . X . . . . . O X . . . .|
hX . O X O . . X . . . . . . . O . . X|
g. . . . X . . . X . X . . X O . . . .|
f. . . . X O . . . X . . . . . . . O X|
e. O X X . O X X . . O X . . O . . . .|
dO . . O O . X O . X O O . O . . . . .|
c. . . X . O X . . . O O X O . . . . .|
bX . O . . . . . . . X O . O X O . . .|
a. . . O . O . . X . . . X X . . X X .|
 A B C D E F G H I J K L M N O P Q R S|
gracz X
--------------------------------------+
s. . . X O X X . X . O . X . O . . . .|
r. X O X . O . . O X . . . X . . X . O|
qO O . O . . . . . X . . . X X . . O .|
p. X . O . . O . O . X . O . O O . O .|
oX . . . O . . . . O X . O . . . . . .|
n. . O . X . . . . X X O . . . X . . .|
m. O . . O . . . . . . O O X X X X O .|
l. . . X X O . O O . . . X . X . . O .|
k. X . O . . . O O O X . . . X . O X .|
jO . . O O . X . O X . . . . X X . X O|
i. X X . . . . X . . . . . O X . . . .|
hX . O X O . . X . . . . . . . O . . X|
g. . . . X . . . X . X . . X O . . . .|
f. . . . X O . . . X . . . . . . . O X|
e. O X X . O X X . . O X . . O . . . .|
dO . . O O . X O . X O O . O . . . . .|
c. . . X . O X . . . O O X O . . . . .|
bX . O . . . . . . . X O . O X O . . .|
a. . . O . O . . X . . . X X . . X X .|
 A B C D E F G H I J K L M N O P Q R S|
gracz O
--------------------------------------+
s. . . X O X X . X . O . X . O . . . .|
r. X O X . O . . O X . . . X . . X . O|
qO O . O . . . . . X O . . X X . . O .|
p. X . O . . O . O . X . O . O O . O .|
oX . . . O . . . . O X . O . . . . . .|
n. . O . X . . . . X X O . . O X . . .|
m. O . . O . . . . . . O O X X X X O .|
l. . . X X O . O O . . . X . X . . O .|
k. X . O . . . O O O X . . . X . O X .|
jO . . O O . X . O X . . . . X X . X O|
i. X X . . . . X . . . . . O X . . . .|
hX . O X O . . X . . . . . . . O . . X|
g. . . . X . . . X . X . . X O . . . .|
f. . . . X O . . . X . . . . . . . O X|
e. O X X . O X X . . O X . . O . . . .|
dO . . O O . X O . X O O . O . . . . .|
c. . . X . O X . . . O O X O . . . . .|
bX . O . . . . . . . X O . O X O . . .|
a. . . O . O . . X . . . X X . . X X .|
 A B C D E F G H I J K L M N O P Q R S|
gracz X
--------------------------------------+
s. . . X O X X . X . O . X . O . . . .|
r. X O X . O . . O X . . . X . . X . O|
qO O . O X . . . . X O . . X X . . O .|
p. X . O . . O . O . X . O . O O . O .|
oX . . . O . . . . O X . O . . . . . .|
n. . O . X . . . . X X O . . O X . . .|
m. O . . O . . . . . . O O X X X X O .|
l. . . X X O . O O . . . X . X . . O .|
k. X . O . . . O O O X . . . X . O X .|
jO . . O O . X . O X . . . . X X . X O|
i. X X . . . . X . . . . . O X . . . .|
hX . O X O . . X . . . . . . . O . . X|
g. . . . X . . . X . X . . X O . . . .|
f. . . . X O . X . X . . . . . . . O X|
e. O X X . O X X . . O X . . O . . . .|
dO . . O O . X O . X O O . O . . . . .|
c. . . X . O X . . . O O X O . . . . .|
bX . O . . . . . . . X O . O X O . . .|
a. . . O . O . . X . . . X X . . X X .|
 A B C D E F G H I J K L M N O P Q R S|
gracz O
--------------------------------------+
s. . . X O X X . X . O . X . O . . . .|
r. X O X . O . . O X . . . X . . X . O|
qO O . O X . . . O X O . . X X . . O .|
p. X . O . . O . O . X . O . O O . O .|
oX . . . O . . . . O X . O . . . . . .|
n. . O . X . . . . X X O . . O X . . .|
m. O . . O . . . . . . O O X X X X O .|
l. . . X X O . O O . . . X . X . . O .|
k. X . O . . . O O O X . . . X . O X .|
jO . . O O . X . O X . . . . X X . X O|
i. X X . . . . X . . . . . O X . . . .|
hX . O X O . . X . . . . . . . O . . X|
g. . . . X . . . X . X . . X O . . . .|
f. . . . X O O X . X . . . . . . . O X|
e. O X X . O X X . . O X . . O . . . .|
dO . . O O . X O . X O O . O . . . . .|
c. . . X . O X . . . O O X O . . . . .|
bX . O . . . . . . . X O . O X O . . .|
a. . . O . O . . X . . . X X . . X X .|
 A B C D E F G H I J K L M N O P Q R S|
gracz X
--------------------------------------+
s. . . X O X X . X . O . X . O . . . .|
r. X O X . O . . O X . . . X . . X . O|
qO O . O X . . . O X O . . X X . . O .|
p. X . O . . O . O . X . O . O O . O .|
oX . . . O . . . . O X . O . . . . . .|
n. . O . X . . . . X X O . X O X . . .|
m. O . . O . . . . . . O O X X X X O .|
l. . . X X O . O O . . . X . X . . O .|
k. X . O . . . O O O X . . . X . O X .|
jO . . O O . X . O X . . X . X X . X O|
i. X X . . . . X . . . . . O X . . . .|
hX . O X O . . X . . . . . . . O . . X|
g. . . . X . . . X . X . . X O . . . .|
f. . . . X O O X . X . . . . . . . O X|
e. O X X . O X X . . O X . . O . . . .|
dO . . O O . X O . X O O . O . . . . .|
c. . . X . O X . . . O O X O . . . . .|
bX . O . . . . . . . X O . O X O . . .|
a. . . O . O . . X . . . X X . . X X .|
 A B C D E F G H I J K L M N O P Q R S|
gracz O
--------------------------------------+
s. . . X O X X . X . O . X . O . . . .|
r. X O X . O . . O X . . . X . . X . O|
qO O . O X . . . O X O . . X X . . O .|
p. X . O . . O . O . X . O . O O . O .|
oX . . . O . . . . O X . O . . . . . .|
n. . O . X . . . . X X O . X O X . . .|
m. O . . O . . . . . . O O X X X X O .|
l. . . X X O . O O . . . X . X . . O .|
k. X . O . . . O O O X . . . X . O X .|
jO . . O O . X . O X . . X . X X . X O|
i. X X . . . . X . . . . . O X . . . .|
hX . O X O . . X . . . . . . . O . . X|
g. . . . X . . . X . X . . X O . . . .|
f. . . . X O O X . X . . . . . . . O X|
e. O X X . O X X . . O X . . O . . . .|
dO . . O O . X O . X O O . O . . . . .|
c. . . X . O X . . . O O X O . . . . .|
bX . O . . . . . . . X O . O X O . . .|
a. . . O . O . . X . . . X X . . X X .|
 A B C D E F G H I J K L M N O P Q R S|
gracz O
--------------------------------------+
s. . . X O X X . X . O . X . O . . . .|
r. X O X . O . . O X . . . X . . X . O|
qO O . O X . . . O X O . . X X . . O .|
p. X . O . . O . O . X . O . O O . O .|
oX . . . O . . . . O X . O . . . . . .|
n. . O . X . . . . X X O . X O X . . .|
m. O . . O . . . . . . O O X X X X O .|
l. . . X X O . O O . . . X . X . . O .|
k. X . O . . . O O O X . . . X . O X .|
jO . . O O . X . O X . . X . X X . X O|
i. X X . . . . X . O . . . O X . . . .|
hX . O X O . . X . . . . . . . O . . X|
g. . . . X . . . X . X . . X O . . . .|
f. . . . X O O X . X . . . . . . . O X|
e. O X X . O X X . . O X . . O . . . .|
dO . . O O . X O . X O O . O . . . . .|
c. . . X . O X . . . O O X O . . . . .|
bX . O . . . . . . . X O . O X O . . .|
a. . . O . O O . X . . . X X . . X X .|
 A B C D E F G H I J K L M N O P Q R S|
gracz X
--------------------------------------+
s. . . X O X X . X . O . X . O . . . .|
r. X O X . O . . O X . . . X . . X . O|
qO O . O X . . . O X O . . X X . . O .|
p. X . O . . O . O . X . O . O O . O .|
oX . . . O . . . . O X . O . . . . . .|
n. . O . X . . . . X X O . X O X . . .|
m. O . . O . . . . . . O O X X X X O .|
l. . . X X O . O O . . . X . X . . O .|
k. X . O . . . O O O X . . . X . O X .|
jO . . O O . X . O X . . X . X X . X O|
i. X X . . . . X . O . . . O X . . . .|
hX . O X O . . X . . . . . . . O . . X|
g. . . . X . . . X . X . . X O . . . .|
f. . . . X O O X . X . . . . . . . O X|
e. O X X . O X X . . O X . . O . . . .|
dO . . O O . X O . X O O . O . . . . .|
c. . . X . O X . . . O O X O . . X . .|
bX . O . . . . . . . X O . O X O . . .|
a. . . O . O O . X X . . X X . . X X .|
 A B C D E F G H I J K L M N O P Q R S|
gracz O
--------------------------------------+
s. . . X O X X . X . O . X . O . . . .|
r. X O X . O . . O X . . . X . . X . O|
qO O . O X . . . O X O . . X X . . O .|
p. X . O . . O . O . X . O . O O . O .|
oX . . . O . . . . O X . O . . . . . .|
n. . O . X . . . . X X O . X O X . . .|
m. O . . O . . . . . . O O X X X X O .|
l. . . X X O . O O . . . X . X . . O .|
k. X . O . . . O O O X . . . X . O X .|
jO . . O O . X . O X . . X . X X . X O|
i. X X . . . . X . O . . . O X . . . .|
hX . O X O . . X . . . . . . . O . . X|
g. . . . X . . . X . X . . X O . . . .|
f. . . . X O O X . X . . . . . . . O X|
e. O X X . O X X . . O X . . O . . . .|
dO . . O O . X O . X O O . O . . . . .|
c. . . X . O X . . . O O X O . . X . .|
bX . O . . . . . . . X O . O X O . . .|
a. . . O . O O . X X . . X X . . X X .|
 A B C D E F G H I J K L M N O P Q R S|
gracz O
--------------------------------------+
s. . . X O X X . X . O . X . O . . . .|
r. X O X . O . . O X . . . X . . X . O|
qO O . O X . . . O X O . . X X . . O .|
p. X . O . . O . O . X . O . O O . O .|
oX . . . O . . . . O X . O . . . . . .|
n. . O . X . . . . X X O . X O X . . .|
m. O . . O . . . . . . O O X X X X O .|
l. . . X X O . O O . . . X . X O . O .|
k. X . O . . . O O O X . . . X . O X .|
jO . . O O . X . O X . . X . X X . X O|
i. X X . . . . X O O . . . O X . . . .|
hX . O X O . . X . . . . . . . O . . X|
g. . . . X . . . X . X . . X O . . . .|
f. . . . X O O X . X . . . . . . . O X|
e. O X X . O X X . . O X . . O . . . .|
dO . . O O . X O . X O O . O . . . . .|
c. . . X . O X . . . O O X O . . X . .|
bX . O . . . . . . . X O . O X O . . .|
a. . . O . O O . X X . . X X . . X X .|
 A B C D E F G H I J K L M N O P Q R S|
gracz X
--------------------------------------+
s. . . X O X X . X . O . X . O . . . .|
r. X O X . O . . O X . . . X . . X . O|
qO O . O X . . . O X O . . X X . . O .|
p. X . O . . O . O . X . O . O O . O .|
oX . . . O . . . . O X . O . . X . . .|
n. . O . X . . . . X X O . X O X . . .|
m. O . . O . . . . . . O O X X X X O .|
l. . . X X O . O O . . . X . X O . O .|
k. X . O . . . O O O X . . . X . O X .|
jO . . O O . X . O X . . X . X X . X O|
i. X X . . . . X O O . . . O X . . . .|
hX . O X O . . X . . . . . . . O . . X|
g. . . . X . . . X . X . . X O . . X .|
f. . . . X O O X . X . . . . . . . O X|
e. O X X . O X X . . O X . . O . . . .|
dO . . O O . X O . X O O . O . . . . .|
c. . . X . O X . . . O O X O . . X . .|
bX . O . . . . . . . X O . O X O . . .|
a. . . O . O O . X X . . X X . . X X .|
 A B C D E F G H I J K L M N O P Q R S|
gracz O
--------------------------------------+
s. . . X O X X . X . O . X . O . . . .|
r. X O X . O . . O X . . . X . . X . O|
qO O . O X . . . O X O . . X X . . O .|
p. X . O . . O . O . X . O . O O . O .|
oX . . . O . . . . O X . O . . X . . .|
n. . O O X . . . . X X O . X O X . . .|
m. O . . O . . . . . . O O X X X X O .|
l. . . X X O . O O . . . X . X O . O .|
k. X . O . . . O O O X . . . X . O X .|
jO . . O O . X . O X . . X . X X . X O|
i. X X . . . . X O O . O . O X . . . .|
hX . O X O . . X . . . . . . . O . . X|
g. . . . X . . . X . X . . X O . . X .|
f. . . . X O O X . X . . . . . . . O X|
e. O X X . O X X . . O X . . O . . . .|
dO . . O O . X O . X O O . O . . . . .|
c. . . X . O X . . . O O X O . . X . .|
bX . O . . . . . . . X O . O X O . . .|
a. . . O . O O . X X . . X X . . X X .|
 A B C D E F G H I J K L M N O P Q R S|
gracz X
--------------------------------------+
s. . . X O X X . X . O . X . O . . . .|
r. X O X . O . . O X . . . X . . X . O|
qO O . O X . . . O X O . . X X . . O .|
p. X . O . . O . O . X . O . O O . O .|
oX . . . O . . . . O X . O . . X . . .|
n. . O O X X . . . X X O . X O X . . .|
m. O . . O . . . . . . O O X X X X O .|
l. . . X X O . O O . . X X . X O . O .|
k. X . O . . . O O O X . . . X . O X .|
jO . . O O . X . O X . . X . X X . X O|
i. X X . . . . X O O . O . O X . . . .|
hX . O X O . . X . . . . . . . O . . X|
g. . . . X . . . X . X . . X O . . X .|
f. . . . X O O X . X . . . . . . . O X|
e. O X X . O X X . . O X . . O . . . .|
dO . . O O . X O . X O O . O . . . . .|
c. . . X . O X . . . O O X O . . X . .|
bX . O . . . . . . . X O . O X O . . .|
a. . . O . O O . X X . . X X . . X X .|
 A B C D E F G H I J K L M N O P Q R S|
gracz O
--------------------------------------+
s. . . X O X X . X . O . X . O . . . .|
r. X O X . O . . O X . . . X . . X . O|
qO O . O X . . . O X O . . X X . . O .|
p. X . O . . O . O . X . O . O O . O .|
oX . . . O . . . . O X . O . . X . . .|
n. . O O X X O . . X X O . X O X . . .|
m. O . . O . . . . . . O O X X X X O .|
l. . . X X O . O O . . X X . X O . O .|
k. X . O . . . O O O X . . . X . O X .|
jO . . O O . X . O X . . X . X X . X O|
i. X X . . . . X O O . O . O X . . . .|
hX . O X O . . X . . . . . . . O . . X|
g. . . . X . . . X . X . . X O . . X .|
f. . . . X O O X O X . . . . . . . O X|
e. O X X . O X X . . O X . . O . . . .|
dO . . O O . X O . X O O . O . . . . .|
c. . . X . O X . . . O O X O . . X . .|
bX . O . . . . . . . X O . O X O . . .|
a. . . O . O O . X X . . X X . . X X .|
 A B C D E F G H I J K L M N O P Q R S|
gracz X
--------------------------------------+
s. . . X O X X . X . O . X . O . . . .|
r. X O X . O . . O X . . . X . . X . O|
qO O . O X . . . O X O . . X X . . O .|
p. X . O . . O . O . X . O . O O . O .|
oX . . . O . . . . O X . O . . X . . .|
n. . O O X X O . . X X O . X O X . . .|
m. O . . O . . . . . . O O X X X X O .|
l. . . X X O . O O . . X X . X O . O .|
k. X . O . . . O O O X . . . X . O X .|
jO . . O O . X . O X . . X . X X . X O|
iX X X . . . . X O O . O . O X . . . .|
hX . O X O . . X . . . . . . . O . . X|
g. . . . X . . . X . X . . X O . . X .|
f. . . . X O O X O X . . . . . . . O X|
e. O X X . O X X X . O X . . O . . . .|
dO . . O O . X O . X O O . O . . . . .|
c. . . X . O X . . . O O X O . . X . .|
bX . O . . . . . . . X O . O X O . . .|
a. . . O . O O . X X . . X X . . X X .|
 A B C D E F G H I J K L M N O P Q R S|
gracz O
--------------------------------------+
s. . . X O X X . X . O . X . O . . . .|
r. X O X . O . . O X . . . X . . X . O|
qO O . O X . . . O X O . . X X . . O .|
p. X . O . . O . O . X . O . O O . O .|
oX . . . O . . . . O X . O . . X . . .|
n. . O O X X O . . X X O . X O X . . .|
m. O . . O . . . . . . O O X X X X O .|
l. . . X X O . O O . . X X . X O . O .|
k. X . O . . . O O O X . . . X . O X .|
jO . . O O . X . O X . . X . X X . X O|
iX X X . . . . X O O . O . O X . . . .|
hX . O X O . . X . . . . . . . O . . X|
g. . . . X . . . X . X . . X O . . X .|
f. . . . X O O X O X . . . . . . . O X|
e. O X X . O X X X . O X . . O . . . .|
dO . . O O . X O . X O O . O . . . . .|
c. . . X . O X . O . O O X O . . X . .|
bX . O . . O . . . . X O . O X O . . .|
a. . . O . O O . X X . . X X . . X X .|
 A B C D E F G H I J K L M N O P Q R S|
gracz X
--------------------------------------+
s. . . X O X X . X . O . X . O . . . .|
r. X O X . O . . O X . . . X . . X . O|
qO O . O X . . . O X O . X X X . . O .|
p. X . O . . O . O . X . O . O O . O .|
oX . . . O . . . . O X . O . . X . . .|
n. . O O X X O . . X X O . X O X . . .|
m. O . . O . . . . . . O O X X X X O .|
l. . . X X O . O O . . X X . X O . O .|
k. X . O . . . O O O X . . . X . O X .|
jO . . O O . X . O X . . X . X X . X O|
iX X X . . . . X O O . O . O X . . . .|
hX . O X O . . X . . . . . . . O . . X|
g. . . . X . . . X . X . . X O . X X .|
f. . . . X O O X O X . . . . . . . O X|
e. O X X . O X X X . O X . . O . . . .|
dO . . O O . X O . X O O . O . . . . .|
c. . . X . O X . O . O O X O . . X . .|
bX . O . . O . . . . X O . O X O . . .|
a. . . O . O O . X X . . X X . . X X .|
 A B C D E F G H I J K L M N O P Q R S|
gracz O
--------------------------------------+
s. . . X O X X . X . O . X . O . . . .|
r. X O X . O . . O X . . . X . . X . O|
qO O . O X . . . O X O . X X X . . O .|
p. X . O . . O . O . X . O . O O . O .|
oX . . . O . . . . O X . O . . X . . .|
n. . O O X X O . . X X O . X O X . . .|
m. O . . O . . . . . . O O X X X X O .|
l. . . X X O . O O . . X X . X O . O .|
k. X . O . . . O O O X . . . X . O X .|
jO . . O O . X . O X . . X . X X . X O|
iX X X . . . . X O O . O . O X . . . O|
hX . O X O . . X . . . . . . . O . . X|
g. . . . X . . . X . X . . X O . X X .|
f. . . . X O O X O X . . . . . . . O X|
e. O X X . O X X X . O X . . O . . . .|
dO . . O O . X O . X O O . O . . . . .|
c. . . X . O X . O . O O X O . . X . .|
bX . O . . O . . . . X O . O X O . . .|
a. . O O . O O . X X . . X X . . X X .|
 A B C D E F G H I J K L M N O P Q R S|
gracz X
--------------------------------------+
s. . . X O X X . X . O . X . O . . . .|
r. X O X . O . . O X . . . X . . X . O|
qO O . O X . . . O X O . X X X . . O .|
p. X . O . . O . O . X . O . O O . O .|
oX . . . O . . . . O X . O . . X . . .|
n. . O O X X O . . X X O . X O X . . .|
m. O . . O . . . . . . O O X X X X O .|
l. . . X X O . O O . . X X . X O . O .|
k. X . O . . . O O O X . . . X . O X .|
jO . . O O . X . O X . . X . X X . X O|
iX X X . . . . X O O . O . O X . . . O|
hX . O X O . . X . . . . . . . O . . X|
g. . . . X . . . X . X . . X O . X X .|
f. . . . X O O X O X X . . . . . . O X|
e. O X X . O X X X . O X . . O . . . .|
dO . . O O . X O . X O O . O . . . X .|
c. . . X . O X . O . O O X O . . X . .|
bX . O . . O . . . . X O . O X O . . .|
a. . O O . O O . X X . . X X . . X X .|
 A B C D E F G H I J K L M N O P Q R S|
gracz O
--------------------------------------+
s. . . X O X X . X . O . X . O . . . .|
r. X O X . O . . O X . . . X . . X . O|
qO O . O X . . . O X O . X X X . . O .|
p. X . O . . O . O . X . O . O O . O .|
oX . . . O . . . . O X . O . . X . . .|
n. . O O X X O O . X X O . X O X . . .|
m. O . . O . . . . . . O O X X X X O .|
l. . . X X O . O O . . X X . X O . O .|
k. X . O . . . O O O X . . . X . O X .|
jO . . O O . X . O X . . X . X X . X O|
iX X X . . . . X O O . O . O X . . . O|
hX . O X O . . X . . . . . O . O . . X|
g. . . . X . . . X . X . . X O . X X .|
f. . . . X O O X O X X . . . . . . O X|
e. O X X . O X X X . O X . . O . . . .|
dO . . O O . X O . X O O . O . . . X .|
c. . . X . O X . O . O O X O . . X . .|
bX . O . . O . . . . X O . O X O . . .|
a. . O O . O O . X X . . X X . . X X .|
 A B C D E F G H I J K L M N O P Q R S|
gracz X
--------------------------------------+
s. . . X O X X . X . O . X . O . . . .|
r. X O X . O . . O X . . . X . . X . O|
qO O . O X . . . O X O . X X X . . O .|
p. X . O . . O . O . X . O . O O . O .|
oX . . . O . . . . O X . O . . X . . .|
n. . O O X X O O . X X O . X O X . . .|
m. O . . O . . . . . . O O X X X X O .|
l. . . X X O . O O . . X X . X O . O .|
k. X . O . . . O O O X . . . X . O X .|
jO . . O O . X . O X . . X . X X . X O|
iX X X . . . . X O O . O . O X . . . O|
hX . O X O . . X . . . . . O . O . . X|
g. . . . X . X . X . X . . X O . X X .|
f. . . . X O O X O X X . . . . . . O X|
e. O X X . O X X X . O X . . O . . . .|
dO . . O O . X O . X O O . O . . . X .|
c. . X X . O X . O . O O X O . . X . .|
bX . O . . O . . . . X O . O X O . . .|
a. . O O . O O . X X . . X X . . X X .|
 A B C D E F G H I J K L M N O P Q R S|
gracz O
--------------------------------------+
s. . . X O X X . X . O . X . O . . . .|
r. X O X . O . . O X . . . X . . X . O|
qO O . O X . . . O X O . X X X . . O .|
p. X . O . . O . O . X . O . O O . O .|
oX . . . O . . O . O X . O . . X . . .|
n. . O O X X O O . X X O . X O X . . .|
m. O . . O . . . . . . O O X X X X O .|
l. . . X X O . O O . . X X . X O . O .|
k. X . O . . . O O O X . . . X . O X .|
jO . . O O . X . O X . . X . X X . X O|
iX X X . . . . X O O . O . O X . . . O|
hX . O X O . . X . . . . . O . O . . X|
g. . . . X . X . X . X . . X O . X X .|
f. . . . X O O X O X X . . . . . . O X|
e. O X X . O X X X . O X . . O . . . .|
dO . . O O . X O . X O O . O . . . X .|
cO . X X . O X . O . O O X O . . X . .|
bX . O . . O . . . . X O . O X O . . .|
a. . O O . O O . X X . . X X . . X X .|
 A B C D E F G H I J K L M N O P Q R S|
gracz X
--------------------------------------+
s. . . X O X X . X . O . X . O . . . .|
r. X O X . O . . O X . . . X . . X . O|
qO O . O X . . . O X O . X X X . . O .|
p. X . O . . O . O . X . O . O O . O .|
oX . . . O . . O . O X . O . . X . . .|
n. . O O X X O O . X X O . X O X . . .|
m. O . . O . . . . . . O O X X X X O .|
l. . . X X O . O O . . X X . X O . O .|
k. X . O . . . O O O X . . . X . O X .|
jO . . O O . X . O X . . X . X X . X O|
iX X X . . . . X O O X O . O X . . . O|
hX . O X O . . X . . . . . O . O . . X|
g. . . . X . X . X . X . . X O . X X .|
f. . . . X O O X O X X . . . . . . O X|
e. O X X . O X X X . O X . . O . . . .|
dO . . O O . X O . X O O . O . . . X .|
cO . X X . O X . O . O O X O . . X . .|
bX . O . . O X . . . X O . O X O . . .|
a. . O O . O O . X X . . X X . . X X .|
 A B C D E F G H I J K L M N O P Q R S|
gracz O
--------------------------------------+
s. . . X O X X . X . O . X . O . . . .|
r. X O X . O . . O X . . . X . . X . O|
qO O . O X . . . O X O . X X X . . O .|
p. X . O . . O . O . X . O . O O . O .|
oX . . . O . . O . O X . O . . X . . .|
n. . O O X X O O . X X O . X O X . . .|
m. O . . O . . . . . . O O X X X X O .|
l. . . X X O . O O . . X X . X O . O .|
k. X . O . . . O O O X . . . X . O X .|
jO . . O O . X . O X . . X . X X O X O|
iX X X . . . . X O O X O . O X . . . O|
hX . O X O . . X . . . . . O . O . . X|
g. . . . X . X . X . X . . X O . X X .|
f. . . . X O O X O X X . . . . . . O X|
e. O X X . O X X X . O X . . O . . . .|
dO . . O O . X O . X O O . O . . . X .|
cO . X X . O X . O . O O X O . . X . .|
bX . O . . O X . . . X O . O X O . . .|
a. . O O . O O . X X . O X X . . X X .|
 A B C D E F G H I J K L M N O P Q R S|
gracz X
--------------------------------------+
s. . . X O X X . X . O . X . O . . . .|
r. X O X . O . . O X . . . X . . X . O|
qO O . O X . . . O X O . X X X . . O .|
p. X . O . . O . O . X . O . O O . O .|
oX . . . O . . O . O X . O . . X . . .|
n. . O O X X O O . X X O . X O X . . .|
m. O . . O . . . . . . O O X X X X O .|
l. . . X X O . O O . . X X . X O . O .|
k. X . O . . . O O O X . . . X . O X .|
jO . . O O . X . O X . . X . X X O X O|
iX X X . . . . X O O X O . O X . . . O|
hX . O X O . X X . . . . . O . O . . X|
g. . . . X . X . X . X . . X O . X X .|
f. . . . X O O X O X X . . . . . . O X|
e. O X X . O X X X . O X . . O . . . .|
dO . . O O . X O . X O O . O . X . X .|
cO . X X . O X . O . O O X O . . X . .|
bX . O . . O X . . . X O . O X O . . .|
a. . O O . O O . X X . O X X . . X X .|
 A B C D E F G H I J K L M N O P Q R S|
gracz O
--------------------------------------+
s. . . X O X X . X . O . X . O . . . .|
r. X O X . O . . O X . . . X . . X . O|
qO O . O X . . . O X O . X X X O . O .|
p. X . O . . O . O . X . O . O O . O .|
oX . . . O . . O . O X . O . . X . . .|
n. . O O X X O O . X X O . X O X . . .|
m. O . . O . . . . . . O O X X X X O .|
l. . . X X O . O O . . X X . X O . O .|
kO X . O . . . O O O X . . . X . O X .|
jO . . O O . X . O X . . X . X X O X O|
iX X X . . . . X O O X O . O X . . . O|
hX . O X O . X X . . . . . O . O . . X|
g. . . . X . X . X . X . . X O . X X .|
f. . . . X O O X O X X . . . . . . O X|
e. O X X . O X X X . O X . . O . . . .|
dO . . O O . X O . X O O . O . X . X .|
cO . X X . O X . O . O O X O . . X . .|
bX . O . . O X . . . X O . O X O . . .|
a. . O O . O O . X X . O X X . . X X .|
 A B C D E F G H I J K L M N O P Q R S|
gracz X
--------------------------------------+
s. . . X O X X . X . O . X . O . . . .|
r. X O X . O . . O X . . . X . . X . O|
qO O . O X . . . O X O . X X X O . O .|
p. X . O . . O . O X X . O . O O . O .|
oX . . . O . . O . O X . O . . X . . .|
n. . O O X X O O . X X O . X O X . . .|
m. O . . O . . . . . . O O X X X X O .|
l. . . X X O . O O . . X X . X O . O .|
kO X . O . . . O O O X . . . X . O X .|
jO . . O O . X . O X . . X . X X O X O|
iX X X . . . . X O O X O . O X . . . O|
hX . O X O . X X . . . . . O . O . . X|
g. . . . X . X . X . X . . X O X X X .|
f. . . . X O O X O X X . . . . . . O X|
e. O X X . O X X X . O X . . O . . . .|
dO . . O O . X O . X O O . O . X . X .|
cO . X X . O X . O . O O X O . . X . .|
bX . O . . O X . . . X O . O X O . . .|
a. . O O . O O . X X . O X X . . X X .|
 A B C D E F G H I J K L M N O P Q R S|
gracz O
--------------------------------------+
s. . . X O X X . X . O . X . O . . . .|
r. X O X . O . . O X . . . X . . X . O|
qO O . O X . . . O X O . X X X O . O .|
p. X . O . . O . O X X . O . O O . O .|
oX . . . O . . O . O X . O . . X . . .|
n. . O O X X O O . X X O . X O X . . .|
m. O . . O . . . . . . O O X X X X O .|
l. . . X X O . O O . . X X . X O . O .|
kO X . O . . . O O O X . . . X . O X .|
jO . . O O . X . O X . . X . X X O X O|
iX X X . . . . X O O X O . O X . . . O|
hX . O X O . X X . . . . . O . O . . X|
g. . . . X . X . X . X . . X O X X X .|
f. . . . X O O X O X X . . . . . . O X|
e. O X X . O X X X . O X . . O . . . .|
dO . . O O . X O . X O O . O . X . X .|
cO . X X . O X . O . O O X O . . X . .|
bX . O O . O X . . . X O . O X O . . .|
a. . O O O O O . X X . O X X . . X X .|
 A B C D E F G H I J K L M N O P Q R S|
gracz X
--------------------------------------+
s. . . X O X X . X . O . X . O . . . .|
r. X O X . O . X O X . . . X . . X . O|
qO O . O X . . . O X O . X X X O X O .|
p. X . O . . O . O X X . O . O O . O .|
oX . . . O . . O . O X . O . . X . . .|
n. . O O X X O O . X X O . X O X . . .|
m. O . . O . . . . . . O O X X X X O .|
l. . . X X O . O O . . X X . X O . O .|
kO X . O . . . O O O X . . . X . O X .|
jO . . O O . X . O X . . X . X X O X O|
iX X X . . . . X O O X O . O X . . . O|
hX . O X O . X X . . . . . O . O . . X|
g. . . . X . X . X . X . . X O X X X .|
f. . . . X O O X O X X . . . . . . O X|
e. O X X . O X X X . O X . . O . . . .|
dO . . O O . X O . X O O . O . X . X .|
cO . X X . O X . O . O O X O . . X . .|
bX . O O . O X . . . X O . O X O . . .|
a. . O O O O O . X X . O X X . . X X .|
 A B C D E F G H I J K L M N O P Q R S|
gracz O
--------------------------------------+
s. . . X O X X . X . O . X . O . . . .|
r. X O X . O . X O X . . . X . . X . O|
qO O . O X . . . O X O . X X X O X O .|
p. X . O . . O . O X X . O . O O . O .|
oX . . . O . . O . O X . O O . X . . .|
n. . O O X X O O O X X O . X O X . . .|
m. O . . O . . . . . . O O X X X X O .|
l. . . X X O . O O . . X X . X O . O .|
kO X . O . . . O O O X . . . X . O X .|
jO . . O O . X . O X . . X . X X O X O|
iX X X . . . . X O O X O . O X . . . O|
hX . O X O . X X . . . . . O . O . . X|
g. . . . X . X . X . X . . X O X X X .|
f. . . . X O O X O X X . . . . . . O X|
e. O X X . O X X X . O X . . O . . . .|
dO . . O O . X O . X O O . O . X . X .|
cO . X X . O X . O . O O X O . . X . .|
bX . O O . O X . . . X O . O X O . . .|
a. . O O O O O . X X . O X X . . X X .|
 A B C D E F G H I J K L M N O P Q R S|
gracz X
--------------------------------------+
s. . . X O X X . X . O . X . O . . . .|
r. X O X . O . X O X . . . X . . X . O|
qO O . O X . . . O X O . X X X O X O .|
p. X . O . . O . O X X . O . O O . O .|
oX . . . O . . O . O X . O O . X . . .|
n. . O O X X O O O X X O . X O X . . .|
m. O . . O . . . . . . O O X X X X O .|
l. . . X X O . O O . . X X . X O . O .|
kO X . O . . . O O O X . . . X X O X .|
jO . . O O . X . O X . . X . X X O X O|
iX X X . . . . X O O X O . O X . . . O|
hX . O X O . X X . . . . . O . O . . X|
g. . . . X . X . X . X . . X O X X X .|
f. . . . X O O X O X X . . . . . . O X|
e. O X X X O X X X . O X . . O . . . .|
dO . . O O . X O . X O O . O . X . X .|
cO . X X . O X . O . O O X O . . X . .|
bX . O O . O X . . . X O . O X O . . .|
a. . O O O O O . X X . O X X . . X X .|
 A B C D E F G H I J K L M N O P Q R S|
gracz O
--------------------------------------+
s. . . X O X X . X . O . X . O . . . .|
r. X O X . O . X O X . . O X . . X . O|
qO O . O X . . . O X O . X X X O X O .|
p. X . O . . O . O X X . O . O O . O .|
oX . . . O . . O . O X . O O . X . . .|
n. . O O X X O O O X X O . X O X . O .|
m. O . . O . . . . . . O O X X X X O .|
l. . . X X O . O O . . X X . X O . O .|
kO X . O . . . O O O X . . . X X O X .|
jO . . O O . X . O X . . X . X X O X O|
iX X X . . . . X O O X O . O X . . . O|
hX . O X O . X X . . . . . O . O . . X|
g. . . . X . X . X . X . . X O X X X .|
f. . . . X O O X O X X . . . . . . O X|
e. O X X X O X X X . O X . . O . . . .|
dO . . O O . X O . X O O . O . X . X .|
cO . X X . O X . O . O O X O . . X . .|
bX . O O . O X . . . X O . O X O . . .|
a. . O O O O O . X X . O X X . . X X .|
 A B C D E F G H I J K L M N O P Q R S|
gracz X
--------------------------------------+
s. . . X O X X . X . O . X . O . . . .|
r. X O X . O . X O X X . O X . . X . O|
qO O . O X . . . O X O . X X X O X O .|
p. X . O . . O . O X X . O . O O . O .|
oX . . . O . . O . O X . O O . X . . .|
n. . O O X X O O O X X O . X O X . O .|
m. O . . O . . . . . . O O X X X X O .|
l. . . X X O . O O . . X X X X O . O .|
kO X . O . . . O O O X . . . X X O X .|
jO . . O O . X . O X . . X . X X O X O|
iX X X . . . . X O O X O . O X . . . O|
hX . O X O . X X . . . . . O . O . . X|
g. . . . X . X . X . X . . X O X X X .|
f. . . . X O O X O X X . . . . . . O X|
e. O X X X O X X X . O X . . O . . . .|
dO . . O O . X O . X O O . O . X . X .|
cO . X X . O X . O . O O X O . . X . .|
bX . O O . O X . . . X O . O X O . . .|
a. . O O O O O . X X . O X X . . X X .|
 A B C D E F G H I J K L M N O P Q R S|
gracz O
--------------------------------------+
s. . . X O X X . X . O . X . O . . . .|
r. X O X . O . X O X X . O X . . X . O|
qO O . O X . . . O X O . X X X O X O .|
p. X . O . . O . O X X . O . O O . O .|
oX . . . O . . O . O X . O O . X . . .|
n. . O O X X O O O X X O . X O X . O .|
m. O . . O . . . . . . O O X X X X O .|
l. . . X X O . O O O . X X X X O . O .|
kO X . O . . . O O O X . . . X X O X .|
jO . . O O . X . O X . . X . X X O X O|
iX X X . . . . X O O X O . O X . . . O|
hX . O X O . X X . . . . . O . O . . X|
g. . . . X . X . X . X . . X O X X X .|
f. . . . X O O X O X X . . . . . . O X|
e. O X X X O X X X . O X . . O . . . .|
dO . . O O . X O . X O O . O . X . X .|
cO . X X . O X . O . O O X O . . X . .|
bX . O O . O X . . O X O . O X O . . .|
a. . O O O O O . X X . O X X . . X X .|
 A B C D E F G H I J K L M N O P Q R S|
gracz X
--------------------------------------+
s. . . X O X X . X . O . X . O . . . .|
r. X O X . O . X O X X . O X . . X . O|
qO O . O X . . . O X O . X X X O X O .|
p. X . O . . O . O X X . O . O O . O .|
oX . . . O . . O . O X . O O . X . . .|
n. . O O X X O O O X X O . X O X . O .|
m. O . . O . . . . . . O O X X X X O .|
l. . . X X O . O O O . X X X X O . O .|
kO X . O . . . O O O X . . . X X O X .|
jO . . O O . X . O X . X X . X X O X O|
iX X X . . . . X O O X O . O X . . . O|
hX . O X O . X X . . . . . O . O . . X|
g. . . . X . X . X . X . . X O X X X .|
f. . X . X O O X O X X . . . . . . O X|
e. O X X X O X X X . O X . . O . . . .|
dO . . O O . X O . X O O . O . X . X .|
cO . X X . O X . O . O O X O . . X . .|
bX . O O . O X . . O X O . O X O . . .|
a. . O O O O O . X X . O X X . . X X .|
 A B C D E F G H I J K L M N O P Q R S|
gracz O
--------------------------------------+
s. . . X O X X . X . O . X . O . . . .|
r. X O X . O . X O X X . O X . . X . O|
qO O . O X . . . O X O O X X X O X O .|
p. X . O . . O . O X X . O . O O . O .|
oX . . . O . . O . O X . O O . X . . .|
n. . O O X X O O O X X O . X O X . O .|
m. O . . O . . . O . . O O X X X X O .|
l. . . X X O . O O O . X X X X O . O .|
kO X . O . . . O O O X . . . X X O X .|
jO . . O O . X . O X . X X . X X O X O|
iX X X . . . . X O O X O . O X . . . O|
hX . O X O . X X . . . . . O . O . . X|
g. . . . X . X . X . X . . X O X X X .|
f. . X . X O O X O X X . . . . . . O X|
e. O X X X O X X X . O X . . O . . . .|
dO . . O O . X O . X O O . O . X . X .|
cO . X X . O X . O . O O X O . . X . .|
bX . O O . O X . . O X O . O X O . . .|
a. . O O O O O . X X . O X X . . X X .|
 A B C D E F G H I J K L M N O P Q R S|
wygral O
