--------------------------------------+
s. . . . . . . . . . . . . . . . . . .|
r. . . . . . . . . . . . . . . . . . .|
q. . . . . . . . . . . . . . . . . . .|
p. . . . . . . . . . . . . . . . . . .|
o. . . . . . . . . . . . . . . . . . .|
n. . . . . . . . . . . . . . . . . . .|
m. . . . . . . . . . . . . . . . . . .|
l. . . . . . . . . . . . . . . . . . .|
k. . . . . . . . . . . . . . . . . . .|
j. . . . . . . . . . . . . . . . . . .|
i. . . . . . . . . . . . . . . . . . .|
h. . . . . . . . . . . . . . . . . . .|
g. . . . . . . . . . . . . . . . . . .|
f. . . . . . . . . . . . . . . . . . .|
e. . . . . . . . . . . . . . . . . . .|
d. . . . . . . . . . . . . . . . . . .|
c. . . . . . . . . . . . . . . . . . .|
b. . . . . . . . . . . . . . . . . . .|
a. . . . . . . . . . . . . . . . . . .|
 A B C D E F G H I J K L M N O P Q R S|
gracz X
--------------------------------------+
s. . . . . . . . . . . . . . . . . . .|
rX . . . . . . . . . . . . . . . . . .|
q. . . . . . . . . . . . . . . . . . .|
p. . . . . . . . . . . . . . . . . . .|
o. . . . . . . . . . . . . . . . . . .|
n. . . . . . . . . . . . . . . . . . .|
m. . . . . . . . . . . . . . . . . . .|
l. . . . . . . . . . . . . . . . . . .|
k. . . . . . . . . . . . . . . . . . .|
j. . . . . . . . . . . . . . . . . . .|
i. . . . . . . . . . . . . . . . . . .|
h. . . . . . . . . . . . . . . . . . .|
g. . . . . . . . . . . . . . . . . . .|
f. . . . . . . . . . . . . . . . . . .|
e. . . . . . . . . . . . . . . . . . .|
d. . . . . . . . . . . . . . . . . . .|
c. . . . . . . . . . . . . . . . . . .|
b. . . . . . . . . . . . . . . . . . .|
a. . . . . . . . . . . . . . . . . . .|
 A B C D E F G H I J K L M N O P Q R S|
gracz O
--------------------------------------+
s. . . . . . . . . . . . . . . . . . .|
rX . . . . . . . . . . . . . . . . . .|
q. . . . . . . . . . . O . . . . . . .|
p. . . . . . . . . . . . . . . . . . .|
o. . . . . . . . . . . . . . . . . . .|
n. . . . . . . . . . . . . . . . . . .|
m. . . . . . . . . . . . . . . . . . .|
l. . . . . . . . . . . . . . . . . . .|
k. . . . . . . . . . . . . . . . . . .|
j. . . . . . . . . . . . . . . . . . .|
i. . . . . . . . . . . . . . . . . . .|
h. . . O . . . . . . . . . . . . . . .|
g. . . . . . . . . . . . . . . . . . .|
f. . . . . . . . . . . . . . . . . . .|
e. . . . . . . . . . . . . . . . . . .|
d. . . . . . . . . . . . . . . . . . .|
c. . . . . . . . . . . . . . . . . . .|
b. . . . . . . . . . . . . . . . . . .|
a. . . . . . . . . . . . . . . . . . .|
 A B C D E F G H I J K L M N O P Q R S|
gracz X
--------------------------------------+
s. . . . . . . . . . . . . . . . . . .|
rX . . . X . . . . . . . . . . . . . .|
q. . . . . . . . . . . O . . . . . . .|
p. . . . . . . . . . . . . . . . . . .|
o. . . . . . . . . . . . . . . . . . .|
n. . . . . . . . . . . . . . . . . . X|
m. . . . . . . . . . . . . . . . . . .|
l. . . . . . . . . . . . . . . . . . .|
k. . . . . . . . . . . . . . . . . . .|
j. . . . . . . . . . . . . . . . . . .|
i. . . . . . . . . . . . . . . . . . .|
h. . . O . . . . . . . . . . . . . . .|
g. . . . . . . . . . . . . . . . . . .|
f. . . . . . . . . . . . . . . . . . .|
e. . . . . . . . . . . . . . . . . . .|
d. . . . . . . . . . . . . . . . . . .|
c. . . . . . . . . . . . . . . . . . .|
b. . . . . . . . . . . . . . . . . . .|
a. . . . . . . . . . . . . . . . . . .|
 A B C D E F G H I J K L M N O P Q R S|
gracz O
--------------------------------------+
s. . . . . . . . . . . . . . . . . . .|
rX . . . X . . . . . . . . . . . . . .|
q. . . . . . . . . . . O . . . . . . .|
p. . . . . . . . . . . . . . . . . . .|
o. . . . . . . . . . . . . . . . . . .|
n. . . . . . . . . . . . . . . . O . X|
m. . . . . . . . . . . . . . . . . . .|
l. . . . . . . . . . . . . . . . . . .|
k. . . . . . . . . . . . . . . . . . .|
j. . . . . . . . . . . . . O . . . . .|
i. . . . . . . . . . . . . . . . . . .|
h. . . O . . . . . . . . . . . . . . .|
g. . . . . . . . . . . . . . . . . . .|
f. . . . . . . . . . . . . . . . . . .|
e. . . . . . . . . . . . . . . . . . .|
d. . . . . . . . . . . . . . . . . . .|
c. . . . . . . . . . . . . . . . . . .|
b. . . . . . . . . . . . . . . . . . .|
a. . . . . . . . . . . . . . . . . . .|
 A B C D E F G H I J K L M N O P Q R S|
gracz X
--------------------------------------+
s. . . . . . . . . . . . . . . . . . .|
rX . . . X . . . . . . . . . . . . . .|
q. . . . . . . . . . . O . . . . . . .|
p. . . . . . . . . . . . . . . . . . .|
o. . . . . . . . . . . . . . . . . . .|
n. X . . . . . . . . . . . . . . O . X|
m. . . . . . . . . . . . . . . . . . .|
l. . . . . . . . . . . . . . . . . . .|
k. . . . . . . . . . . . . . . . . . .|
j. . . . . . . . . . . . . O X . . . .|
i. . . . . . . . . . . . . . . . . . .|
h. . . O . . . . . . . . . . . . . . .|
g. . . . . . . . . . . . . . . . . . .|
f. . . . . . . . . . . . . . . . . . .|
e. . . . . . . . . . . . . . . . . . .|
d. . . . . . . . . . . . . . . . . . .|
c. . . . . . . . . . . . . . . . . . .|
b. . . . . . . . . . . . . . . . . . .|
a. . . . . . . . . . . . . . . . . . .|
 A B C D E F G H I J K L M N O P Q R S|
gracz O
--------------------------------------+
s. . . . . . . . . . . . . . . . . . .|
rX . . . X . . . . . . . . . . . . . .|
q. . . . . . . . . . . O . . . . . . .|
p. . . . . . . . . . . . . . . . . . .|
o. . . . . . . . . . . . . . . . . . .|
n. X . . . . . . . . . . . . . . O . X|
m. . . . . . . . . . . . . . . . . . .|
l. . . . . . . . . . . . . . . . . . .|
k. . . . . . . . . . . . . . . . . . .|
j. . . . . . . . . . . . . O X . . . .|
i. . . . . . . . . . . . . . . . . . .|
h. . . O . . . . . . . . . . . . . . .|
g. . . . . . . . . . . . . . . . . . .|
f. . . . . . . . . . . . . . . . . . .|
e. . . . . . . . . . . . . . . . . . .|
d. . . . . . . . . . . . . . . . . . .|
c. . . . . . . . . O . . . . . . . . .|
b. . . . O . . . . . . . . . . . . . .|
a. . . . . . . . . . . . . . . . . . .|
 A B C D E F G H I J K L M N O P Q R S|
gracz X
--------------------------------------+
s. . . . . . . . . . . . . . . . . . .|
rX . . . X . . . . . . . . . . . . . .|
q. . . . . . . . . . . O . . . . . . .|
p. . X . . . . . . . . . . . X . . . .|
o. . . . . . . . . . . . . . . . . . .|
n. X . . . . . . . . . . . . . . O . X|
m. . . . . . . . . . . . . . . . . . .|
l. . . . . . . . . . . . . . . . . . .|
k. . . . . . . . . . . . . . . . . . .|
j. . . . . . . . . . . . . O X . . . .|
i. . . . . . . . . . . . . . . . . . .|
h. . . O . . . . . . . . . . . . . . .|
g. . . . . . . . . . . . . . . . . . .|
f. . . . . . . . . . . . . . . . . . .|
e. . . . . . . . . . . . . . . . . . .|
d. . . . . . . . . . . . . . . . . . .|
c. . . . . . . . . O . . . . . . . . .|
b. . . . O . . . . . . . . . . . . . .|
a. . . . . . . . . . . . . . . . . . .|
 A B C D E F G H I J K L M N O P Q R S|
gracz O
--------------------------------------+
s. . . . . . . . . . . . . . . . . . .|
rX . . . X . . . . . . . . . . . . . .|
q. . . . . . . . . . . O . . . . . . .|
p. . X . . . . . . . . . . . X . . . .|
o. . . . . . . . . . . . . . . . . . .|
n. X . . . . . . . . . . . . . . O . X|
m. . . . . . . . . . . . . . . . . . .|
l. . . . . . . . . . . . . . . . . . .|
k. . . . . . . . . . . . . . . . . . .|
j. . . . . . . . . . . . . O X . . . .|
i. . . . . . . . . . . . . . . . . . .|
h. . . O . . . . . . . . . . . . . . .|
g. . . . . . . . . . . . . . . . . . .|
f. . . . . . . . . . . . . . . . . . .|
e. . . . . . . . . . . . . O . . . . .|
d. . . . . . . . . . . . . . . . . . .|
c. . . . . . . . . O . . . . . . . . .|
b. . . . O . . . . . . . . . . . O . .|
a. . . . . . . . . . . . . . . . . . .|
 A B C D E F G H I J K L M N O P Q R S|
gracz X
--------------------------------------+
s. . . . . . . . . . . . . . . . . . .|
rX . . . X . . . . . . . . . . . . . .|
q. . . . . . . . . . . O . . . . . . .|
p. . X . . . . . . . . . . . X . . . .|
o. . . . . . . . . . . . . . . . . . .|
n. X . . . . . . . . . . . . . . O . X|
m. . . . . . . . . . . . . . . . . . .|
l. . . . . . . . . . . . . . . . . . .|
kX . . . . . . . . . . . . . . . . . .|
j. . . . . . . . . . . . . O X . . . .|
i. . . . . . . . . . . . . . . . . . .|
h. . . O . . . . . . . . . . . . . . .|
g. . . . . . . . . . . . . . . . . . .|
f. . . . . . . . . . . . . . . . . . .|
e. . . . . . . . . . . . . O . . . . .|
d. . . . . . . . . . . . . . . . . . .|
c. . . . . . . . . O . . . . . . . . .|
bX . . . O . . . . . . . . . . . O . .|
a. . . . . . . . . . . . . . . . . . .|
 A B C D E F G H I J K L M N O P Q R S|
gracz O
--------------------------------------+
s. . . . . . . . . . . . . . . . . . .|
rX . . . X . . . . . . . . . . . . . .|
q. . . . . . . . . . . O . . . . . . .|
p. . X . . . . . . . . . . . X . . . .|
o. . . . . . . . . . . . . . . . . . .|
n. X . . . . . . . . . . . . O . O . X|
m. . . . . . . . . . . . . . . . . . .|
l. . . . . . . . . . . . . . . . . . .|
kX . . . . . . . . . . . . . . . . . .|
j. . . . . . . . . . . . . O X . . . .|
i. . . . . . . . . . . . . . . . . . .|
h. . . O . . . . . . . . . . . . . . .|
g. . . . . . . . . . . . . . . . . . .|
f. . . . . . . . . . . . . . . . . . .|
e. . . . . . . . . . . . O O . . . . .|
d. . . . . . . . . . . . . . . . . . .|
c. . . . . . . . . O . . . . . . . . .|
bX . . . O . . . . . . . . . . . O . .|
a. . . . . . . . . . . . . . . . . . .|
 A B C D E F G H I J K L M N O P Q R S|
gracz X
--------------------------------------+
s. . . . . . . . . . . . . . . . . . .|
rX . . . X . . . . . . . . . . . . . .|
q. . . . . . . . . . . O . . . . . . .|
p. . X . . . . . . . . . . . X . . . .|
o. . . . . . . . . . . . . . . . . . .|
n. X . . . . . . . . . . . . O . O . X|
m. . . . . . . . . . . . . . . . . . .|
l. . . . . . . . . . . . . . . . . . .|
kX . . . . . . . . . . . . . . X . . .|
j. . . . . . . . . . . . . O X . . . .|
i. . . . . . . . . . . . . . . . . . .|
h. . . O . . . . . . . . . . . . . . .|
g. . . . . . . . . . . . . . . . . . .|
f. . . . . . . . . . . . . . . . . . .|
e. . . . . . . . . . . . O O . . . . .|
dX . . . . . . . . . . . . . . . . . .|
c. . . . . . . . . O . . . . . . . . .|
bX . . . O . . . . . . . . . . . O . .|
a. . . . . . . . . . . . . . . . . . .|
 A B C D E F G H I J K L M N O P Q R S|
gracz O
--------------------------------------+
s. . . . . . . . . . . . . . . . . . .|
rX . . . X . . . . . . . . . . . . . .|
q. . . . . . . . . . . O . . . . . . .|
p. . X . . . . . . . . . . . X . . . .|
o. . . . . . . . . . . . . . . . . . .|
n. X . . . . . . . . . . . . O . O . X|
m. . . . . . . . . . . . . . . . . . .|
l. . . . . . . . . . . . . . . . . . .|
kX . . . . O . . . . . . . . . X . . .|
j. . . . . . . . . . . . . O X . . . .|
i. . . . . . . . . . . . . . . . . . .|
h. . . O . . . . . . . . . . . . . . .|
g. . . . . . . . . . . . . . . . . . .|
f. . . . . . . . . . . . . . . . . . .|
e. . . . . . . . . . . . O O . . . . .|
dX . . . . . . . . . . . . . . . . . .|
c. . . . . . . . . O . . . . . . . . .|
bX O . . O . . . . . . . . . . . O . .|
a. . . . . . . . . . . . . . . . . . .|
 A B C D E F G H I J K L M N O P Q R S|
gracz X
--------------------------------------+
s. . . . . . . . . . . . . . . . . . .|
rX . . . X . . . . . . . . . . . . . .|
q. . . . . . . . . . . O . . . . . . .|
p. . X . . . . . . . . . . . X . . . .|
o. . . . . . . . . . . . . . . . . . .|
n. X . . . . . . . . . . . . O . O . X|
m. . . . . . . . . X . . . . . . . . .|
l. . . . . . . . . . . . . . . . . . .|
kX . . . . O . . . . . . . . . X . . .|
j. . . . . . . . . . . . . O X . . . .|
i. . . . . . . . . . . . . . . . . . .|
h. . . O . . . . . . . . . . . . . . .|
g. . . . . . . . . . . . . . . . . . .|
f. . . . . . . X . . . . . . . . . . .|
e. . . . . . . . . . . . O O . . . . .|
dX . . . . . . . . . . . . . . . . . .|
c. . . . . . . . . O . . . . . . . . .|
bX O . . O . . . . . . . . . . . O . .|
a. . . . . . . . . . . . . . . . . . .|
 A B C D E F G H I J K L M N O P Q R S|
gracz O
--------------------------------------+
s. . . . . . . . . . . . . . . . . . .|
rX . . . X . . . . . . . . . . . . . .|
q. . . . . . . . . . . O . . . . . . .|
p. . X . . . . . . . . . . . X . . . .|
o. . . . . . . . . . . . . . . . . . .|
n. X . . . . . . . . . . . . O . O . X|
m. . . . . . . . . X . . . . . . . . .|
l. . . . . . . . . . . . . . . . . . .|
kX . . . . O . . . . . . . . . X . . .|
j. . . . . . . . . . . . . O X . . . .|
i. . . . . . . . . . . . . . . . . . .|
h. . . O . . . . . . . . . . . . . . .|
g. . . . . . . . . . . . . . . . . . .|
f. . . . . . . X . . . . . . . . . . O|
e. . . . . . . . . . . . O O . . . . .|
dX . . . . . . . . . . . . . . . . . .|
c. . . . . . . . . O . . . . . . . . .|
bX O . . O . . . . . . . . . . . O . .|
a. . . . . . O . . . . . . . . . . . .|
 A B C D E F G H I J K L M N O P Q R S|
gracz X
--------------------------------------+
s. . . . . . . . . . . . . . . . . . .|
rX . . . X . . . . . . . . . . . . . .|
q. . . . . . . . . . . O . . . . . . .|
p. . X . . . . . . . . . . . X . . . .|
o. . . . X . . . . . . . . . . . . . .|
n. X . . . . . . . . . . . . O . O . X|
m. . . . . . . . . X . . . . . . . . .|
l. . . . . . . . . . . . . . . . . . .|
kX . . . . O . . . . . . . . . X . . .|
j. . . . . . . . . . . . . O X . . . .|
i. . . . . . . . . . . . . . . . . . .|
h. . . O . . . . . . . . . . . . . . .|
g. . . . . . . . . . . . . . . . . . .|
f. . . . . . . X . . . . . . . X . . O|
e. . . . . . . . . . . . O O . . . . .|
dX . . . . . . . . . . . . . . . . . .|
c. . . . . . . . . O . . . . . . . . .|
bX O . . O . . . . . . . . . . . O . .|
a. . . . . . O . . . . . . . . . . . .|
 A B C D E F G H I J K L M N O P Q R S|
gracz O
--------------------------------------+
s. . . . . . . . . . . . . . . . . . .|
rX . . . X . . . . . . . . . . . . . .|
q. . . . . . . . . . . O . . . . . . .|
p. . X . . . . . . . . . . . X . . . .|
o. . . . X . . . . . . . . . . . . . .|
n. X . . . . . . . . . . . . O . O . X|
m. . . . . . . . . X . . . . . . . . .|
l. . . . . . . . . . . . . . . . . . .|
kX . . . . O . . . . . . . . . X . . .|
j. . . . . . . . . . . . . O X . . . .|
i. . . . . . . . . . . . . . . . . . .|
h. . . O . . . . . . . . . . . . . . .|
g. . . . . . . . . . . . . . . . . . .|
f. . . . . O . X . . . . . . . X . . O|
e. . . . . . . . . . . . O O . . . . .|
dX . . . . . . O . . . . . . . . . . .|
c. . . . . . . . . O . . . . . . . . .|
bX O . . O . . . . . . . . . . . O . .|
a. . . . . . O . . . . . . . . . . . .|
 A B C D E F G H I J K L M N O P Q R S|
gracz X
--------------------------------------+
s. . . . . . . . . . . . . . . . . . .|
rX . . . X . . . . . . . . . . . . . .|
q. . . . . . . . . . . O . . . . . . .|
p. . X . . . . . . . . . . . X . . . .|
o. . . . X . . . . . . . . . . . . . .|
n. X . . . . . . . . . . . . O . O . X|
m. . . . . . . . . X . . . . . . . . .|
l. . . . . . . . . . . . . . . . . . .|
kX . . . . O . . . . . . . . . X . . .|
j. . . . . . . . . . . . . O X . . . .|
i. . . . . . . . . . . . . . . . . . .|
h. . . O . . . . . . . . . . . . . . .|
g. . . . . . . . . . . . . . . . . . .|
f. . . . . O . X . . . . . . . X . . O|
e. . . . . . . . . . . . O O . . . . .|
dX . . . . . . O . . . X . . . . . . .|
c. . . . . . . . . O . . . . . . . . .|
bX O . . O . . X . . . . . . . . O . .|
a. . . . . . O . . . . . . . . . . . .|
 A B C D E F G H I J K L M N O P Q R S|
gracz O
--------------------------------------+
s. . . . . . . . . . . . . . . . . . .|
rX . . . X . . . . . . . . . . . . . .|
q. . . . . . . . . . . O . . . . . . .|
p. . X . . . . . . . . . . . X . . . .|
o. . . . X . O . . . . . . . . . . . .|
n. X . . . . . . . . . . . . O . O . X|
m. . . . . . . . . X . . . . . . . . .|
l. . . . . . . . . . . . . . . . . . .|
kX . . . . O . . . . . . . . . X . . .|
j. . . . . . . . . . . . . O X . . . .|
i. . . . . . . . . . . . . . . . . . .|
h. . . O . . . . . . . . . . . . . . .|
g. . . . . . . . . . . . . . . . . . .|
f. . . . . O . X . . . . . . . X . . O|
e. . . . . . . . . . . . O O . . . . .|
dX . . . . . . O . . . X . . . . . . .|
c. . . . . . . . . O . . . . O . . . .|
bX O . . O . . X . . . . . . . . O . .|
a. . . . . . O . . . . . . . . . . . .|
 A B C D E F G H I J K L M N O P Q R S|
gracz X
--------------------------------------+
s. . . . . . . . . . . . . . . . . . .|
rX . . . X . . . . . . . . . . . . . .|
q. . . . . . . . . . . O . . . . . . .|
p. . X . . . . . . . . . . . X . . . .|
o. . . . X . O . . . . . . . . . . . .|
n. X . . . . . . . . . . . . O . O . X|
m. . . . . . . . . X . . . . . . . . .|
l. . . . . . . . . . . . . . . . . . .|
kX . . . . O . . . . . . . . . X . . .|
j. . . . . . . . . . . . . O X . . . .|
i. . . . . . . . . . . . . . . . . . .|
h. . . O . . . . . . . . . . . . . . .|
g. . . . . . . . . . . . . . . . . . .|
f. . . . . O . X . . . . . . . X . . O|
e. . . . . . . . . . . . O O . . . . .|
dX . . . . . X O . . . X . . . . . . .|
c. . . . . . . . . O . . . . O . . . .|
bX O . . O . . X . . . . . . . . O . .|
aX . . . . . O . . . . . . . . . . . .|
 A B C D E F G H I J K L M N O P Q R S|
gracz O
--------------------------------------+
s. . . . . . . . . . . . . . . O . . .|
rX O . . X . . . . . . . . . . . . . .|
q. . . . . . . . . . . O . . . . . . .|
p. . X . . . . . . . . . . . X . . . .|
o. . . . X . O . . . . . . . . . . . .|
n. X . . . . . . . . . . . . O . O . X|
m. . . . . . . . . X . . . . . . . . .|
l. . . . . . . . . . . . . . . . . . .|
kX . . . . O . . . . . . . . . X . . .|
j. . . . . . . . . . . . . O X . . . .|
i. . . . . . . . . . . . . . . . . . .|
h. . . O . . . . . . . . . . . . . . .|
g. . . . . . . . . . . . . . . . . . .|
f. . . . . O . X . . . . . . . X . . O|
e. . . . . . . . . . . . O O . . . . .|
dX . . . . . X O . . . X . . . . . . .|
c. . . . . . . . . O . . . . O . . . .|
bX O . . O . . X . . . . . . . . O . .|
aX . . . . . O . . . . . . . . . . . .|
 A B C D E F G H I J K L M N O P Q R S|
gracz X
--------------------------------------+
s. . . . . . . . . . . . . . . O . . .|
rX O . . X . . . . . . . . . . . . . X|
q. . . . . . . . . . . O . . . . . . .|
pX . X . . . . . . . . . . . X . . . .|
o. . . . X . O . . . . . . . . . . . .|
n. X . . . . . . . . . . . . O . O . X|
m. . . . . . . . . X . . . . . . . . .|
l. . . . . . . . . . . . . . . . . . .|
kX . . . . O . . . . . . . . . X . . .|
j. . . . . . . . . . . . . O X . . . .|
i. . . . . . . . . . . . . . . . . . .|
h. . . O . . . . . . . . . . . . . . .|
g. . . . . . . . . . . . . . . . . . .|
f. . . . . O . X . . . . . . . X . . O|
e. . . . . . . . . . . . O O . . . . .|
dX . . . . . X O . . . X . . . . . . .|
c. . . . . . . . . O . . . . O . . . .|
bX O . . O . . X . . . . . . . . O . .|
aX . . . . . O . . . . . . . . . . . .|
 A B C D E F G H I J K L M N O P Q R S|
gracz O
--------------------------------------+
s. . . . . . . . . . . . . . . O . . .|
rX O . . X . . . . . . . . . . . . . X|
q. O . . . . . . . . . O . . . . . . .|
pX . X . . . . . . . . . . . X . . . .|
o. . . . X . O . . . . . . . . . . . .|
n. X . . . . . . . . . . . . O . O . X|
m. . . . . . . . . X . . . . . . . . .|
l. . . . . . . . . . . . . . . . . . .|
kX . . . . O . . . . . . . . . X . . .|
j. . . . . . . . . . . . . O X . . . .|
i. . . . . . . . . . . . . . . . . . .|
h. . . O . . . . . . . . . . . . . . .|
g. . . . . . . . . . . . . . . . . . .|
f. . . . . O . X . . . . . . . X . . O|
e. . . . . . . . . . . . O O O . . . .|
dX . . . . . X O . . . X . . . . . . .|
c. . . . . . . . . O . . . . O . . . .|
bX O . . O . . X . . . . . . . . O . .|
aX . . . . . O . . . . . . . . . . . .|
 A B C D E F G H I J K L M N O P Q R S|
gracz X
--------------------------------------+
s. . . . . . . . . . . . . . . O . . .|
rX O . . X . . . . . . . . . . . . . X|
q. O . . . . . . . . . O . . . . . . .|
pX . X . . . . . . . . . . . X . . . .|
o. . . . X . O . . . . . . . . . . . .|
n. X . . . . . . . . . . . . O . O . X|
m. . . . . . . . . X . . . . . . . . .|
l. . . . . . . . . . . . . . . . . . .|
kX . . . . O . . . . . . . . . X . . .|
j. . . . . . . . . . . . . O X . . . .|
i. . . . . . . . . . . . . . . . . . .|
h. . . O . . . . . . . . . . . . . . .|
g. . . . . . . . . . . . . . . . . . .|
f. . . . . O . X . . . . . X . X . . O|
e. . . X . . . . . . . . O O O . . . .|
dX . . . . . X O . . . X . . . . . . .|
c. . . . . . . . . O . . . . O . . . .|
bX O . . O . . X . . . . . . . . O . .|
aX . . . . . O . . . . . . . . . . . .|
 A B C D E F G H I J K L M N O P Q R S|
gracz O
--------------------------------------+
s. . . . . . . . . . . . . . . O O . .|
rX O . . X . . . . . . . . . . . . . X|
q. O . . . . . . . . . O . O . . . . .|
pX . X . . . . . . . . . . . X . . . .|
o. . . . X . O . . . . . . . . . . . .|
n. X . . . . . . . . . . . . O . O . X|
m. . . . . . . . . X . . . . . . . . .|
l. . . . . . . . . . . . . . . . . . .|
kX . . . . O . . . . . . . . . X . . .|
j. . . . . . . . . . . . . O X . . . .|
i. . . . . . . . . . . . . . . . . . .|
h. . . O . . . . . . . . . . . . . . .|
g. . . . . . . . . . . . . . . . . . .|
f. . . . . O . X . . . . . X . X . . O|
e. . . X . . . . . . . . O O O . . . .|
dX . . . . . X O . . . X . . . . . . .|
c. . . . . . . . . O . . . . O . . . .|
bX O . . O . . X . . . . . . . . O . .|
aX . . . . . O . . . . . . . . . . . .|
 A B C D E F G H I J K L M N O P Q R S|
gracz X
--------------------------------------+
s. . . . . . . . . . . . . . . O O . .|
rX O . . X . . . . . . . . . . . . . X|
q. O . . . . . . . . . O . O . . . . .|
pX . X . . . . . . . . . . . X . . . .|
o. . . . X . O . . . . . . . . . . . .|
n. X . . . . . . . . . . . . O . O . X|
m. . . . . . . . . X . . . . . . . . .|
l. . . . . . . . . . . . . . . . . . .|
kX . . . . O . . . . . . . . . X . . .|
j. . . . . . . . . . . . . O X . . . .|
i. . . . . . . . . . . . . . . . . . .|
h. . . O . . . . . . . . . . . . . . .|
g. . . . . . . . . . . . . . . . . . .|
f. . . . . O . X . . X . . X . X . . O|
e. . . X . . . . . . . . O O O . . . .|
dX . . . . . X O . . . X . . . . . . X|
c. . . . . . . . . O . . . . O . . . .|
bX O . . O . . X . . . . . . . . O . .|
aX . . . . . O . . . . . . . . . . . .|
 A B C D E F G H I J K L M N O P Q R S|
gracz O
--------------------------------------+
s. . . . . . . . O . . . . . . O O . .|
rX O . . X . . . . . . . . . . . . . X|
q. O . . . . . . . . . O . O . . . . .|
pX . X . . . . . . . . . . . X . . . .|
o. . . . X . O . . . . . . . . . . . .|
n. X . . . . . . . . . . . . O . O . X|
m. . . . . . . . . X . . . . . . . . .|
l. . . . . . . . . . . . . . . . . . .|
kX . . . . O . . . . . . . . . X . . .|
j. . . . . . . . . . . . . O X . . . .|
i. . . . . . . . . . . . . . . . . . .|
h. . . O . . . . . . . . . . . . . . .|
g. . . . . . . . . . . . . . . . . . .|
f. . . . . O . X . . X . . X . X . . O|
e. . . X . . . . . . . . O O O . . . .|
dX . . . . . X O . . . X . . . . . . X|
c. . . . . . . . . O . . . . O . . . .|
bX O . . O . . X . . . . . . . . O . .|
aX . O . . . O . . . . . . . . . . . .|
 A B C D E F G H I J K L M N O P Q R S|
gracz X
--------------------------------------+
s. . . . . . . . O . . . . . . O O . .|
rX O . . X . . . . . . . . . . . . . X|
q. O . . . . . . . . . O . O . . . . .|
pX . X . . . . . . . . . . . X . . . .|
o. . . . X . O . . . . . . . . . . . .|
n. X . . . . . . . . . . . . O . O . X|
m. . . . . . . . . X . . . . . . . . .|
l. . . . . . . . . . . . . . . . . . .|
kX . . X . O . . X . . . . . . X . . .|
j. . . . . . . . . . . . . O X . . . .|
i. . . . . . . . . . . . . . . . . . .|
h. . . O . . . . . . . . . . . . . . .|
g. . . . . . . . . . . . . . . . . . .|
f. . . . . O . X . . X . . X . X . . O|
e. . . X . . . . . . . . O O O . . . .|
dX . . . . . X O . . . X . . . . . . X|
c. . . . . . . . . O . . . . O . . . .|
bX O . . O . . X . . . . . . . . O . .|
aX . O . . . O . . . . . . . . . . . .|
 A B C D E F G H I J K L M N O P Q R S|
gracz O
--------------------------------------+
s. . . . . . . . O . . . . . . O O . .|
rX O . . X . . . . . . . . . . . . . X|
q. O . . . . . . . . . O . O . . . . .|
pX . X . . . . . . . . . . . X . . . .|
o. . . . X . O . . . . . . . . . . . .|
n. X . . . . . . . . . . . . O . O . X|
m. . . . . . . . . X . . . . . . . . .|
l. . . . . . . . . . . . . . . . . . O|
kX . . X . O . . X . . . . . . X . . .|
j. . . . . . . . . . . . . O X . . . .|
i. . . . . . . . . . . . . . . . . . .|
h. . . O . . . . . . . . . . . . . . .|
g. . . . . . . . . . . . . . . . . . .|
f. . . . . O . X . . X . . X . X . . O|
e. . . X . . . . . . . . O O O . . . .|
dX . . . . . X O . . . X . . . . . . X|
c. . . . . . . . . O . . . . O . . . .|
bX O . . O . . X . . . . . . . . O O .|
aX . O . . . O . . . . . . . . . . . .|
 A B C D E F G H I J K L M N O P Q R S|
gracz X
--------------------------------------+
s. . . . . . . . O . . . . . . O O . .|
rX O . . X . . . . . . . . . . . . . X|
q. O . . . . . . . . . O . O . . . . .|
pX . X . . . . . . . . . . X X . . . .|
o. . . . X . O . . . . . . . . . . . .|
n. X . . . . . . . . . . . . O . O . X|
m. . . . . . . . . X . . . . . . . . .|
l. . . . . . . . . . . . . . . . . . O|
kX . . X . O . . X . . . . . . X . . .|
j. . . . . . . . . . . . . O X . . . .|
i. . . . . . . . . . . . . . . . X . .|
h. . . O . . . . . . . . . . . . . . .|
g. . . . . . . . . . . . . . . . . . .|
f. . . . . O . X . . X . . X . X . . O|
e. . . X . . . . . . . . O O O . . . .|
dX . . . . . X O . . . X . . . . . . X|
c. . . . . . . . . O . . . . O . . . .|
bX O . . O . . X . . . . . . . . O O .|
aX . O . . . O . . . . . . . . . . . .|
 A B C D E F G H I J K L M N O P Q R S|
gracz O
--------------------------------------+
s. . . . . . . . O . . . . . . O O . .|
rX O . . X . . . . . . . . . . . . . X|
q. O . . . . . . . . . O . O . . . . .|
pX . X . . . . . . . . . . X X . . . .|
o. . . . X . O . . . . . . . . . . . .|
n. X O . . . . . . . . . . . O . O . X|
m. . . . . . . . . X . . . . . . . . .|
l. . . . . . . . . . . . . . . . . . O|
kX . . X . O . . X . . . . . . X . . .|
j. . . . . . . . . . . . . O X . . . .|
i. . . . . . . . . . . . . . . . X . .|
h. . . O . . . . . . . . . . . . . . .|
g. . . . . . . . . . . . . . . . . . .|
f. O . . . O . X . . X . . X . X . . O|
e. . . X . . . . . . . . O O O . . . .|
dX . . . . . X O . . . X . . . . . . X|
c. . . . . . . . . O . . . . O . . . .|
bX O . . O . . X . . . . . . . . O O .|
aX . O . . . O . . . . . . . . . . . .|
 A B C D E F G H I J K L M N O P Q R S|
gracz X
--------------------------------------+
s. . . . . . . . O . . . . . . O O . .|
rX O . . X . . . . . . . . . . . . . X|
q. O . . . . . . . . . O . O . . . . .|
pX . X . . . . . X . . . . X X . . . .|
o. . . . X . O . . . . . . . . . . . .|
n. X O . . . . . . . . . . . O . O . X|
m. . . . . . . . . X . . . . . . . . .|
l. . . . . . . . . . . . . . . . . . O|
kX . . X . O . . X . . . . . . X . . .|
j. . . . . . . . . . . . . O X . . . .|
i. . . . . . . . . . . . . . . . X . .|
h. . . O . . . . . . . . . . . . . . .|
g. . . . . . . . . . . . . . . . . . .|
f. O . . . O . X . . X . . X . X . . O|
e. . . X . . . . . . . . O O O . . . .|
dX . . . . . X O . . . X . . . . . . X|
c. . . . . . . . . O X . . . O . . . .|
bX O . . O . . X . . . . . . . . O O .|
aX . O . . . O . . . . . . . . . . . .|
 A B C D E F G H I J K L M N O P Q R S|
gracz O
--------------------------------------+
s. . . . . . . . O . . . . . . O O . .|
rX O . . X . O . . . . . . . . . . . X|
q. O . . . . . . . . . O . O . . . . .|
pX . X . . . . . X . . . . X X . . . .|
o. . . . X . O . . . . . . . . . . . .|
n. X O . . . O . . . . . . . O . O . X|
m. . . . . . . . . X . . . . . . . . .|
l. . . . . . . . . . . . . . . . . . O|
kX . . X . O . . X . . . . . . X . . .|
j. . . . . . . . . . . . . O X . . . .|
i. . . . . . . . . . . . . . . . X . .|
h. . . O . . . . . . . . . . . . . . .|
g. . . . . . . . . . . . . . . . . . .|
f. O . . . O . X . . X . . X . X . . O|
e. . . X . . . . . . . . O O O . . . .|
dX . . . . . X O . . . X . . . . . . X|
c. . . . . . . . . O X . . . O . . . .|
bX O . . O . . X . . . . . . . . O O .|
aX . O . . . O . . . . . . . . . . . .|
 A B C D E F G H I J K L M N O P Q R S|
gracz X
--------------------------------------+
s. . . . . . . . O . . . . . . O O . .|
rX O . . X . O . . . . . . . . . . . X|
q. O . . . . . . . . . O . O . . . . .|
pX . X . . . . . X . . . . X X . . . .|
o. . . . X . O . . . . . . . . . . . .|
n. X O . . . O . . . . . . . O . O . X|
m. . . . . . . . . X . . . . . . . . .|
l. . . . . . . . . . . . . . . . . . O|
kX . . X . O . . X . . . . . . X . . .|
j. . . . . . . . . . . . . O X . . . .|
i. . . . X . . . . . . . . . . . X . .|
h. . . O . . . . . . . . . . . . . . .|
g. . . . . . . . . . . . . . . . . . .|
f. O . . . O . X . . X . . X . X . . O|
e. . . X . . . . . . . . O O O . . . .|
dX . . . . . X O . . . X . . . . . . X|
c. . . . . . . . . O X . X . O . . . .|
bX O . . O . . X . . . . . . . . O O .|
aX . O . . . O . . . . . . . . . . . .|
 A B C D E F G H I J K L M N O P Q R S|
gracz O
--------------------------------------+
s. . . . . . . . O . . . . . . O O . .|
rX O . . X . O . . . . . . . . . . . X|
q. O . . . . . . . . . O . O . . . . .|
pX . X . . . . . X . . . . X X . . . .|
o. . . . X . O . . . . O . . . . . . .|
n. X O . . . O . . . . . . . O O O . X|
m. . . . . . . . . X . . . . . . . . .|
l. . . . . . . . . . . . . . . . . . O|
kX . . X . O . . X . . . . . . X . . .|
j. . . . . . . . . . . . . O X . . . .|
i. . . . X . . . . . . . . . . . X . .|
h. . . O . . . . . . . . . . . . . . .|
g. . . . . . . . . . . . . . . . . . .|
f. O . . . O . X . . X . . X . X . . O|
e. . . X . . . . . . . . O O O . . . .|
dX . . . . . X O . . . X . . . . . . X|
c. . . . . . . . . O X . X . O . . . .|
bX O . . O . . X . . . . . . . . O O .|
aX . O . . . O . . . . . . . . . . . .|
 A B C D E F G H I J K L M N O P Q R S|
gracz X
--------------------------------------+
s. . . . . . . . O . . . . . . O O . .|
rX O . . X . O . . . . . . . . . . . X|
q. O . . . . . . . . . O . O . . . . .|
pX . X . . . . . X . . . . X X . . . .|
o. . . . X . O . . . . O . . . . . . .|
n. X O . . . O . . . . . . . O O O . X|
m. . . . . . . . . X . . . . . . . . .|
l. . . . . . . . . . . . . . . . . . O|
kX . . X . O . . X . . . . . . X . . .|
j. . . . . . . . . . X . . O X . . . .|
i. . . . X . . . . . . . . . . . X . .|
h. . . O . . X . . . . . . . . . . . .|
g. . . . . . . . . . . . . . . . . . .|
f. O . . . O . X . . X . . X . X . . O|
e. . . X . . . . . . . . O O O . . . .|
dX . . . . . X O . . . X . . . . . . X|
c. . . . . . . . . O X . X . O . . . .|
bX O . . O . . X . . . . . . . . O O .|
aX . O . . . O . . . . . . . . . . . .|
 A B C D E F G H I J K L M N O P Q R S|
gracz O
--------------------------------------+
s. . . . . . . . O . . . . . . O O . .|
rX O . . X . O . . . . . . . . . . . X|
q. O . . . . . . . . . O . O . . . . .|
pX . X . . . . . X . . . . X X . . . .|
o. . . . X . O . . . . O . . . . . . .|
n. X O . . . O . . . . . . . O O O . X|
m. . . . . . . . . X . . . . . . . . .|
l. . . . . . . . . . . . . . . . . O O|
kX . . X . O . . X . . . . . . X . . .|
j. . . . . . . . . . X . . O X . . . .|
i. . . . X . . . . . . . . . . . X . .|
h. . . O . . X . . . . . . . . . . . .|
g. . . . . . . . . . . . . . . . . . .|
f. O . . . O . X . . X . . X . X . . O|
e. . . X . . . . . . . . O O O . . . .|
dX . . . . . X O . . . X . . . . . . X|
c. . . . . . . . . O X . X . O . . . .|
bX O . . O . . X . . . . . . . . O O .|
aX . O . . . O O . . . . . . . . . . .|
 A B C D E F G H I J K L M N O P Q R S|
gracz X
--------------------------------------+
s. . . . . . . . O . . . . . . O O . .|
rX O . . X . O . . X . . . . . . . . X|
q. O . . . . . . . . . O . O . . . . .|
pX . X . . . . . X . . . . X X . . . .|
o. . . . X . O . . . . O . . . . . . .|
n. X O . . . O . . . . . . . O O O . X|
m. . . . . . . . . X . . . . . . . . .|
l. . . . . . . X . . . . . . . . . O O|
kX . . X . O . . X . . . . . . X . . .|
j. . . . . . . . . . X . . O X . . . .|
i. . . . X . . . . . . . . . . . X . .|
h. . . O . . X . . . . . . . . . . . .|
g. . . . . . . . . . . . . . . . . . .|
f. O . . . O . X . . X . . X . X . . O|
e. . . X . . . . . . . . O O O . . . .|
dX . . . . . X O . . . X . . . . . . X|
c. . . . . . . . . O X . X . O . . . .|
bX O . . O . . X . . . . . . . . O O .|
aX . O . . . O O . . . . . . . . . . .|
 A B C D E F G H I J K L M N O P Q R S|
gracz O
--------------------------------------+
s. . . . . . . . O . . . . . . O O . .|
rX O . . X . O . . X . . . . . . . . X|
q. O . . . . . . . . . O . O . . . . .|
pX . X . . . . . X . . . . X X . . . .|
o. . . . X . O . . . . O . . . . . . .|
n. X O . . . O . . . . . . . O O O . X|
m. . . . . . . . . X . . . . . . . . .|
l. . . . . . . X . . O . . . . . . O O|
kX . . X . O . . X . . . . . . X . . .|
j. . . . . . . . . . X . . O X . . . .|
i. . . . X . . . . . . . . . . . X . .|
h. . . O . . X . . . . . . . . . . . .|
g. . . . . . . . . . . . . . . . . . .|
f. O . . . O . X . . X . . X . X . . O|
e. . . X . . . . . . . . O O O . . . .|
dX . . . . . X O . . . X . O . . . . X|
c. . . . . . . . . O X . X . O . . . .|
bX O . . O . . X . . . . . . . . O O .|
aX . O . . . O O . . . . . . . . . . .|
 A B C D E F G H I J K L M N O P Q R S|
gracz X
--------------------------------------+
s. . . . . . . . O . . . . . . O O . .|
rX O . . X . O . . X . . . . . . . . X|
q. O . . . . . . . . . O . O . . . . .|
pX . X . . . . . X . . . . X X . . . .|
o. . . . X . O . . . . O . . . . . . .|
nX X O . . . O . . . . . . . O O O . X|
m. . . . . . . . . X . . . . . . . . .|
l. . . . . . . X . . O . . . . . . O O|
kX . . X . O . . X . . . . . . X . . .|
j. . . . . . . . . . X . . O X . . . .|
i. . . . X . . . . . . . . . . . X . .|
h. . . O . . X . . . . . . . . . . . .|
g. . . . . . . . . . . . . . . . . . .|
f. O . . . O . X . . X . . X . X . . O|
e. . . X . . . . . . . . O O O . . . .|
dX . . . . . X O . . . X . O . . . . X|
c. . . . . . . . . O X . X . O . . . .|
bX O . . O . . X . . . . . . . . O O .|
aX . O . . . O O . X . . . . . . . . .|
 A B C D E F G H I J K L M N O P Q R S|
gracz O
--------------------------------------+
s. . . . . . . . O . . . . . . O O . .|
rX O . . X . O . . X . . . . . . . . X|
q. O O . . . . . . . . O . O . . . . .|
pX . X . . . . . X . . . . X X . . . .|
o. . . . X . O . . . . O . . . . . . .|
nX X O . . . O . . . . . . . O O O . X|
m. . . . . . . . . X . . . . . . . . .|
l. . . . . . . X . . O . . . . . . O O|
kX . . X . O . . X . . . . . . X . . .|
j. . . . . . . . . . X . . O X . . . .|
i. . . . X . . . . . . . . . . . X . .|
h. . . O . . X . . . . . . . . . . . .|
g. . . . . . . . . . . . . . . . . . .|
f. O . . . O . X . . X . O X . X . . O|
e. . . X . . . . . . . . O O O . . . .|
dX . . . . . X O . . . X . O . . . . X|
c. . . . . . . . . O X . X . O . . . .|
bX O . . O . . X . . . . . . . . O O .|
aX . O . . . O O . X . . . . . . . . .|
 A B C D E F G H I J K L M N O P Q R S|
gracz X
--------------------------------------+
s. . . . . . . . O . . . . . . O O . .|
rX O . . X . O . . X . . . . . . . . X|
q. O O . . . . . . . . O . O . . . . .|
pX . X . . . . . X . . . . X X . . . .|
o. . . . X X O . . . . O . . . . . . .|
nX X O . . . O . . . . . . . O O O . X|
m. . . . . . . . . X . . . . . . . . .|
l. . . . . . . X . . O . . . . . . O O|
kX . . X . O . . X . . . . . . X . . .|
j. . . . . . . . . . X . . O X . . . .|
i. . . . X . . . . . . . . . . . X . .|
hX . . O . . X . . . . . . . . . . . .|
g. . . . . . . . . . . . . . . . . . .|
f. O . . . O . X . . X . O X . X . . O|
e. . . X . . . . . . . . O O O . . . .|
dX . . . . . X O . . . X . O . . . . X|
c. . . . . . . . . O X . X . O . . . .|
bX O . . O . . X . . . . . . . . O O .|
aX . O . . . O O . X . . . . . . . . .|
 A B C D E F G H I J K L M N O P Q R S|
gracz O
--------------------------------------+
s. . . . . . . . O . . O . . . O O . .|
rX O . . X . O . . X . . . . . . . . X|
q. O O . . . . . . . . O . O . . . . .|
pX . X . . . . . X . . . . X X . . . .|
o. . . . X X O . . . . O . . . . . . .|
nX X O . . . O . . . . . . . O O O . X|
m. . . . . . . . . X . . . . . . . . .|
l. . . . . . . X . . O . . . . . . O O|
kX . . X . O . . X . . . . . . X . . .|
j. . . . . . . . . . X . . O X . . . .|
i. . . . X . . . . . . . . . . . X . .|
hX . . O . . X . . . . . . . . . . . .|
g. . . . . . . . . . . . . . . . . . .|
f. O . . . O . X . . X . O X . X . . O|
e. . . X . . . . . . . . O O O . O . .|
dX . . . . . X O . . . X . O . . . . X|
c. . . . . . . . . O X . X . O . . . .|
bX O . . O . . X . . . . . . . . O O .|
aX . O . . . O O . X . . . . . . . . .|
 A B C D E F G H I J K L M N O P Q R S|
gracz X
--------------------------------------+
s. . . . . . . . O . . O . . . O O . .|
rX O . . X . O . . X . . . . . . . . X|
q. O O . . . . . . . . O . O . . . . .|
pX . X . . . . . X . . . . X X . . . .|
o. . . . X X O . . . . O . . . . . . .|
nX X O . . . O . . . . . . . O O O . X|
m. . . . . . . . . X . . . . . . . . .|
l. . . . . . . X . . O . . . . . . O O|
kX . . X . O . . X . . . . . . X . . .|
j. . . . . . . . . . X . . O X . . . .|
i. . . . X . X . . . . . . . . . X . .|
hX . . O . . X . . . . . . . . . . . .|
g. . . . . . . . . . . . . . . . . . .|
f. O . . . O . X . . X . O X . X . . O|
e. . . X . . . . . . . . O O O . O . .|
dX . . . . . X O . . . X . O . . . . X|
c. . . . . . . . . O X . X . O . . . .|
bX O . . O . . X . . . . . . . . O O .|
aX . O . . X O O . X . . . . . . . . .|
 A B C D E F G H I J K L M N O P Q R S|
gracz O
--------------------------------------+
s. . . . . . . O O . . O . . . O O . .|
rX O . . X . O . . X . . . . . . . . X|
q. O O . . . . . . . . O . O . . . . .|
pX . X . . . . . X . . . . X X . . . .|
o. . . . X X O . . . . O . . . . . . .|
nX X O . . . O . . . . . . . O O O . X|
m. . . . . . . . . X . . . . . . . . .|
l. . . . . . . X . . O . . . . . . O O|
kX . . X . O . . X . . . . . . X . . .|
j. . . . . . . . . . X . . O X . . . .|
i. . . . X . X . . . . . . . . . X . .|
hX . . O . . X . . . . . . . . . . . .|
g. . . . . . . . . . . . . . . . . . .|
f. O . . . O . X . . X . O X . X . . O|
e. . . X . . . . . . . . O O O . O . .|
dX . . . . . X O . . . X . O . . . . X|
c. . . . . . . . . O X . X O O . . . .|
bX O . . O . . X . . . . . . . . O O .|
aX . O . . X O O . X . . . . . . . . .|
 A B C D E F G H I J K L M N O P Q R S|
gracz X
--------------------------------------+
s. . . . . . . O O . . O . . . O O . .|
rX O . . X . O . . X . . . . . . . . X|
q. O O . . . . . . . . O . O . . . . .|
pX . X . . . . . X . . . . X X . . . .|
o. . . . X X O . . . . O . . . . . . .|
nX X O . . . O X . . . . . . O O O . X|
m. . . . . . . . . X . . . . . . . . .|
l. . . . . . . X . . O . . . . . . O O|
kX . . X . O . . X . . . . . . X . . .|
j. . . . . . . . . . X . . O X . . . .|
i. . . . X . X . . . . . . . . . X . .|
hX . . O . . X . . . . . . . . . . . .|
g. . . . . . . . . . . . . . . . . . .|
f. O . . . O . X . . X . O X . X . . O|
e. . . X . . . . . X . . O O O . O . .|
dX . . . . . X O . . . X . O . . . . X|
c. . . . . . . . . O X . X O O . . . .|
bX O . . O . . X . . . . . . . . O O .|
aX . O . . X O O . X . . . . . . . . .|
 A B C D E F G H I J K L M N O P Q R S|
gracz O
--------------------------------------+
s. . . . . . . O O . . O . . . O O . .|
rX O . . X . O . . X . . . . . . . . X|
q. O O . . . . . . . . O . O . . . . .|
pX . X . . . . . X . . . . X X . . . .|
o. . . O X X O . . . . O . . . . . . .|
nX X O . . . O X . . . . . . O O O . X|
m. . . . . . . . . X . . . . . . . . .|
l. . . . . . . X . . O . O . . . . O O|
kX . . X . O . . X . . . . . . X . . .|
j. . . . . . . . . . X . . O X . . . .|
i. . . . X . X . . . . . . . . . X . .|
hX . . O . . X . . . . . . . . . . . .|
g. . . . . . . . . . . . . . . . . . .|
f. O . . . O . X . . X . O X . X . . O|
e. . . X . . . . . X . . O O O . O . .|
dX . . . . . X O . . . X . O . . . . X|
c. . . . . . . . . O X . X O O . . . .|
bX O . . O . . X . . . . . . . . O O .|
aX . O . . X O O . X . . . . . . . . .|
 A B C D E F G H I J K L M N O P Q R S|
gracz X
--------------------------------------+
s. . . . . . . O O . . O . . . O O . .|
rX O . . X . O . . X . . . . . . . . X|
q. O O . . . . . . . . O . O . . . . .|
pX . X . . . . . X . . . . X X . . . .|
o. . . O X X O . . . . O . . . . . . .|
nX X O . . . O X . . . . . . O O O . X|
m. . . . . . . . . X . . . . . . . . .|
l. . . . . . . X . . O . O . . . . O O|
kX . . X . O . . X . . . . . . X . . .|
j. . . . . . . . . . X . . O X . . . .|
i. . . . X . X . . . . . . . . . X . .|
hX . . O . . X . . . . . . . . . . . .|
g. . . . . . . . . . . . . . . . . X .|
f. O X . . O . X . . X . O X . X . . O|
e. . . X . . . . . X . . O O O . O . .|
dX . . . . . X O . . . X . O . . . . X|
c. . . . . . . . . O X . X O O . . . .|
bX O . . O . . X . . . . . . . . O O .|
aX . O . . X O O . X . . . . . . . . .|
 A B C D E F G H I J K L M N O P Q R S|
gracz O
--------------------------------------+
s. . . . . . . O O . . O . . . O O . .|
rX O . . X . O . . X . . . . . . . . X|
q. O O . . . . . . . . O . O . . . . .|
pX . X . . . . . X . . O . X X . . . .|
o. . . O X X O . . . . O . . . . . . .|
nX X O . . . O X . . . . . . O O O . X|
m. . . . O . . . . X . . . . . . . . .|
l. . . . . . . X . . O . O . . . . O O|
kX . . X . O . . X . . . . . . X . . .|
j. . . . . . . . . . X . . O X . . . .|
i. . . . X . X . . . . . . . . . X . .|
hX . . O . . X . . . . . . . . . . . .|
g. . . . . . . . . . . . . . . . . X .|
f. O X . . O . X . . X . O X . X . . O|
e. . . X . . . . . X . . O O O . O . .|
dX . . . . . X O . . . X . O . . . . X|
c. . . . . . . . . O X . X O O . . . .|
bX O . . O . . X . . . . . . . . O O .|
aX . O . . X O O . X . . . . . . . . .|
 A B C D E F G H I J K L M N O P Q R S|
gracz X
--------------------------------------+
s. . . . . . . O O . . O . . . O O . .|
rX O . . X . O . . X . . . . . . . . X|
q. O O . . . . . . . . O . O . . . . .|
pX . X . . . . . X . . O . X X . . . .|
o. . . O X X O . . . . O . . . . . . .|
nX X O X . . O X . . . . . . O O O . X|
m. . . . O . . . . X . . X . . . . . .|
l. . . . . . . X . . O . O . . . . O O|
kX . . X . O . . X . . . . . . X . . .|
j. . . . . . . . . . X . . O X . . . .|
i. . . . X . X . . . . . . . . . X . .|
hX . . O . . X . . . . . . . . . . . .|
g. . . . . . . . . . . . . . . . . X .|
f. O X . . O . X . . X . O X . X . . O|
e. . . X . . . . . X . . O O O . O . .|
dX . . . . . X O . . . X . O . . . . X|
c. . . . . . . . . O X . X O O . . . .|
bX O . . O . . X . . . . . . . . O O .|
aX . O . . X O O . X . . . . . . . . .|
 A B C D E F G H I J K L M N O P Q R S|
gracz O
--------------------------------------+
s. . . . . . . O O . . O . . . O O . .|
rX O . . X . O . . X . . . . . . . . X|
q. O O . . . . . . . . O . O . . . . .|
pX . X . . . . . X . . O . X X . . . .|
o. . . O X X O . . . . O . . . . . . .|
nX X O X . . O X . . . . . . O O O . X|
m. . . . O . . . . X . . X . . . . . .|
l. . . . . . . X . . O . O . . . . O O|
kX . . X . O . . X . . . . . . X . . .|
j. . . . . . . . . . X . . O X . . . .|
i. . . . X . X . . . O O . . . . X . .|
hX . . O . . X . . . . . . . . . . . .|
g. . . . . . . . . . . . . . . . . X .|
f. O X . . O . X . . X . O X . X . . O|
e. . . X . . . . . X . . O O O . O . .|
dX . . . . . X O . . . X . O . . . . X|
c. . . . . . . . . O X . X O O . . . .|
bX O . . O . . X . . . . . . . . O O .|
aX . O . . X O O . X . . . . . . . . .|
 A B C D E F G H I J K L M N O P Q R S|
gracz X
--------------------------------------+
s. . . . . . . O O . . O . . . O O . .|
rX O . . X . O . . X . . . . . . . . X|
q. O O . . . . . . . . O . O . . . . .|
pX . X . . . . . X . . O . X X . . . .|
o. . . O X X O . . . . O . . . . . . .|
nX X O X . . O X . . . . . . O O O . X|
m. . . . O . . . . X . . X . . . . . .|
l. . . . . . . X . . O . O . . . . O O|
kX . . X . O . . X . . . . . . X . . .|
j. . . . . . . . . . X . . O X . . . .|
i. . . . X . X . . . O O . . . . X . .|
hX . . O . . X . . . . . . . . . . . .|
g. . . . . . . . . . . . . . . . . X .|
f. O X . . O . X . . X . O X . X . . O|
e. . . X . . . X . X . . O O O . O . .|
dX . . . . . X O . . . X . O . . . . X|
c. . . . . . . . . O X . X O O . . . .|
bX O . . O . . X . . . . . . . . O O .|
aX . O . . X O O . X X . . . . . . . .|
 A B C D E F G H I J K L M N O P Q R S|
gracz O
--------------------------------------+
s. . . . . . . O O . . O . . . O O . .|
rX O . . X . O . . X . . . . . . . . X|
q. O O . . . . . . . . O . O . . . . .|
pX . X . . . . . X . . O . X X . . . .|
o. . . O X X O . . . . O . . . . . . .|
nX X O X . . O X . . . . . . O O O . X|
m. . . . O . . . . X . O X . . . . . .|
l. . . . . . . X . . O . O . . . . O O|
kX . . X . O . . X . . . . . . X . . .|
j. . . . . . . . . . X . . O X . . . .|
i. . . . X . X . . . O O . . . . X . .|
hX . . O . . X . . . . . . . . . . . .|
g. . . . . . . . . . . . . . . . . X .|
f. O X O . O . X . . X . O X . X . . O|
e. . . X . . . X . X . . O O O . O . .|
dX . . . . . X O . . . X . O . . . . X|
c. . . . . . . . . O X . X O O . . . .|
bX O . . O . . X . . . . . . . . O O .|
aX . O . . X O O . X X . . . . . . . .|
 A B C D E F G H I J K L M N O P Q R S|
gracz X
--------------------------------------+
s. . . . . . . O O . . O . . . O O . .|
rX O . . X . O . . X . . . . . . . . X|
q. O O . . . . . . . . O . O . . . . .|
pX . X . . . . . X . . O . X X . . . .|
o. . . O X X O . . . . O . . . . . . .|
nX X O X . . O X . . . . . . O O O . X|
m. . . . O . . . . X . O X . . . . . .|
l. . . . . . . X . . O . O . . . . O O|
kX . . X . O . . X . . . . . . X . . .|
j. . . . . . . . . . X . . O X . . . .|
i. . . X X . X . . . O O . . . . X . .|
hX . . O . . X . . . . . . . . . . . .|
g. . . . . . . . . . . . . . . . . X .|
f. O X O . O . X . X X . O X . X . . O|
e. . . X . . . X . X . . O O O . O . .|
dX . . . . . X O . . . X . O . . . . X|
c. . . . . . . . . O X . X O O . . . .|
bX O . . O . . X . . . . . . . . O O .|
aX . O . . X O O . X X . . . . . . . .|
 A B C D E F G H I J K L M N O P Q R S|
gracz O
--------------------------------------+
s. . . . . . . O O . . O . . . O O . .|
rX O . . X . O . . X . . . . . . . . X|
q. O O . . . . . . . . O . O . . . . .|
pX . X . . . . . X . . O . X X . . . .|
o. . . O X X O . . . . O . . . . . . .|
nX X O X . . O X . . . . . . O O O . X|
m. . . . O . . . . X . O X . . . . O .|
l. . . . . . . X . . O . O . . . . O O|
kX . . X . O . . X . . . . . . X . . .|
j. . . . . . . . . . X . . O X . . . .|
i. . . X X . X . . . O O . . . . X . .|
hX . . O . . X . . . . . . . . . . . .|
g. . . . . . . . . . . . . . . . . X .|
f. O X O . O . X . X X . O X . X . . O|
e. . . X . . . X . X . . O O O . O . .|
dX . . . . . X O . . . X . O . . . . X|
c. . . . . . . . . O X . X O O . . . .|
bX O . . O . . X O . . . . . . . O O .|
aX . O . . X O O . X X . . . . . . . .|
 A B C D E F G H I J K L M N O P Q R S|
gracz X
--------------------------------------+
s. . . . . . . O O . . O . . . O O . .|
rX O . . X . O . . X . . . . . . . . X|
q. O O . . . . . . . . O . O . . . . .|
pX . X . . . . . X . . O . X X . . . .|
o. . X O X X O . . . . O . . . . . . .|
nX X O X . . O X . . . . . . O O O . X|
m. . . . O . . . . X . O X . . . . O .|
l. . . . . . . X . . O . O . . . . O O|
kX . . X . O . . X . . . . . . X . . .|
j. . . . . . . . . . X . . O X . . . .|
i. . . X X . X . . . O O . . . . X . .|
hX . . O . . X . . . . . . . . . . . .|
g. . . . . . . . . . . . . . . . . X .|
f. O X O . O . X . X X . O X . X . . O|
e. . . X . . . X . X . . O O O . O . .|
dX . . . . . X O . . . X . O . . . X X|
c. . . . . . . . . O X . X O O . . . .|
bX O . . O . . X O . . . . . . . O O .|
aX . O . . X O O . X X . . . . . . . .|
 A B C D E F G H I J K L M N O P Q R S|
gracz O
--------------------------------------+
s. . . . . . . O O . . O . . . O O . .|
rX O . . X . O . . X . . . . . . . . X|
q. O O . . . . . . . . O . O . . . . .|
pX . X . . . . . X . . O . X X . . . .|
o. . X O X X O . . . . O . . . . . . .|
nX X O X . . O X . . . . . . O O O . X|
m. . . . O . . . . X . O X . . . . O .|
l. . . . . . . X . . O . O . . . . O O|
kX . . X . O . . X . . . . . . X . . .|
j. . . . . . . . . . X . . O X . . . .|
i. . . X X . X . . . O O . . . . X . .|
hX . . O . . X . . . . . . . . . . . .|
g. . . . . . . . . . . . . . . . . X .|
f. O X O . O . X . X X . O X . X . . O|
e. . . X . . . X . X . . O O O . O . .|
dX . . . . . X O . . . X . O O . . X X|
c. . . . O . . . . O X . X O O . . . .|
bX O . . O . . X O . . . . . . . O O .|
aX . O . . X O O . X X . . . . . . . .|
 A B C D E F G H I J K L M N O P Q R S|
gracz X
--------------------------------------+
s. . . . . . . O O . . O . . . O O . .|
rX O . . X . O . . X . . . . . . . . X|
q. O O . . . . . . . . O . O . . . . .|
pX . X . . . . . X . . O . X X . . . .|
o. . X O X X O . . . . O . . . . . . .|
nX X O X . . O X . . . . . . O O O . X|
m. . . . O . . . . X . O X . . . . O .|
l. . . . . . . X . . O . O . . . . O O|
kX . . X . O . . X . . . . . . X . . .|
j. . . . . . . . X . X . . O X . . . .|
i. . . X X . X . . . O O . . . . X . .|
hX . . O . . X . . . . . . . . . . . .|
g. . . . . . . . . . . . . . . . . X .|
f. O X O . O . X . X X . O X . X . . O|
e. . . X . . . X . X . . O O O . O . .|
dX . . . . . X O . . . X . O O . . X X|
cX . . . O . . . . O X . X O O . . . .|
bX O . . O . . X O . . . . . . . O O .|
aX . O . . X O O . X X . . . . . . . .|
 A B C D E F G H I J K L M N O P Q R S|
gracz O
--------------------------------------+
s. . . . . . . O O . . O . . . O O . .|
rX O . . X . O . . X . . . . . . . . X|
q. O O . . . . . . . . O . O . . . . .|
pX . X . . . . . X . . O . X X . . . .|
o. . X O X X O . . . . O . . . . . . .|
nX X O X . . O X . . . . . . O O O . X|
m. . . . O . . . . X . O X . . . . O .|
l. . . . . . . X . . O . O . . . . O O|
kX . . X . O . . X . . . . . . X . . .|
j. . . . . . . . X . X . . O X . . . .|
i. . . X X . X . . . O O . . . . X . .|
hX . . O . . X . . . . . . . . . . . .|
g. . . . . . . . . . . . . . . . . X .|
f. O X O . O . X . X X . O X . X . . O|
e. . . X . . . X . X . . O O O . O . .|
dX . . . . . X O . . . X . O O . . X X|
cX . . . O . . . . O X . X O O . . . .|
bX O . . O . . X O . . . . . . . O O .|
aX . O . . X O O O X X . . . . O . . .|
 A B C D E F G H I J K L M N O P Q R S|
gracz X
--------------------------------------+
s. . . . . . . O O . . O . . . O O . .|
rX O . . X . O . . X . . . . . . . . X|
q. O O . . . . . . . . O . O . . . . .|
pX . X . . . . . X . . O . X X . . . .|
o. . X O X X O . . . . O . . . . . . .|
nX X O X . . O X . . . . . . O O O . X|
m. . X . O . . . . X . O X . . . . O .|
l. . . . . . . X . . O . O . . . . O O|
kX . . X . O . . X . . . . . . X . . .|
j. . . . . . . . X . X . . O X . . . .|
i. . . X X . X . . . O O . . . . X . .|
hX . . O . . X . . . . . . . . . . . .|
g. . . . . . . . . . . . . . . . . X .|
f. O X O . O . X . X X . O X . X . . O|
e. . . X . . . X . X . . O O O . O . .|
dX . . . . . X O . . . X . O O . . X X|
cX . . . O . . . . O X . X O O . X . .|
bX O . . O . . X O . . . . . . . O O .|
aX . O . . X O O O X X . . . . O . . .|
 A B C D E F G H I J K L M N O P Q R S|
gracz O
--------------------------------------+
s. . . . . . . O O . . O . . . O O . .|
rX O . . X . O . . X . . . . . . . . X|
q. O O . O . . . . . . O . O . . . . .|
pX . X . . . . . X . . O . X X . . . .|
o. . X O X X O . . . . O . . . . . . .|
nX X O X . . O X . . . . . . O O O . X|
m. . X . O . . . . X . O X . . . . O .|
l. . . . . . . X . . O . O . . . . O O|
kX . . X . O . . X . . . . . . X . . .|
j. . . . . . . . X . X . . O X . . . .|
i. . . X X . X . . . O O . . . . X . .|
hX . O O . . X . . . . . . . . . . . .|
g. . . . . . . . . . . . . . . . . X .|
f. O X O . O . X . X X . O X . X . . O|
e. . . X . . . X . X . . O O O . O . .|
dX . . . . . X O . . . X . O O . . X X|
cX . . . O . . . . O X . X O O . X . .|
bX O . . O . . X O . . . . . . . O O .|
aX . O . . X O O O X X . . . . O . . .|
 A B C D E F G H I J K L M N O P Q R S|
gracz X
--------------------------------------+
s. . . . . . . O O . . O . . . O O . .|
rX O . . X . O . . X . . . . . . . . X|
q. O O . O . . . . . . O . O . . . . .|
pX . X . . . . . X . . O . X X . . . .|
o. . X O X X O . . . . O . . . . . . .|
nX X O X . . O X . . . . . . O O O . X|
m. . X . O . . . . X . O X . . . . O .|
l. X . . . . . X . . O . O . . . . O O|
kX . . X . O . . X . . . . . . X . . .|
j. . . . . . . . X . X . . O X . . . .|
i. . . X X . X . . . O O . . . . X . .|
hX . O O . . X . . . . . . . . . . . .|
g. . . . . . . . . . . . . . . . . X .|
f. O X O . O . X . X X . O X . X . . O|
e. . . X . . . X . X . . O O O . O . .|
dX . . . . . X O . . . X . O O . . X X|
cX . . . O . . . . O X . X O O . X . .|
bX O X . O . . X O . . . . . . . O O .|
aX . O . . X O O O X X . . . . O . . .|
 A B C D E F G H I J K L M N O P Q R S|
gracz O
--------------------------------------+
s. . . . . . . O O . . O . . . O O . .|
rX O . . X . O . . X . . . . . . . . X|
q. O O . O . . . . . . O . O . . . . .|
pX . X . . . . . X . . O . X X . . . .|
o. . X O X X O . . . . O . . . . . O .|
nX X O X . . O X . . . . . . O O O . X|
m. . X . O . . . . X . O X . . . . O .|
l. X . . . . . X . . O . O . . . . O O|
kX . . X . O . . X . . . . . . X . . .|
j. . . . . . . . X . X . . O X . . . .|
i. . . X X . X . . . O O . . . . X . .|
hX . O O . . X . . . . . . . . . . . .|
g. . . . . . . . O . . . . . . . . X .|
f. O X O . O . X . X X . O X . X . . O|
e. . . X . . . X . X . . O O O . O . .|
dX . . . . . X O . . . X . O O . . X X|
cX . . . O . . . . O X . X O O . X . .|
bX O X . O . . X O . . . . . . . O O .|
aX . O . . X O O O X X . . . . O . . .|
 A B C D E F G H I J K L M N O P Q R S|
gracz X
--------------------------------------+
s. . . . . . . O O . . O . . . O O . .|
rX O . . X . O . . X . . . . . . . . X|
q. O O . O . . . . . . O . O . . . . .|
pX . X . . . . . X . . O . X X . . . X|
o. . X O X X O . . . . O . . . . . O .|
nX X O X . . O X . . . . . . O O O . X|
m. . X . O . . . . X . O X . . . . O .|
l. X . . . . . X . . O . O . . . . O O|
kX . . X . O . . X . . . . . . X . . .|
j. . . . . . . . X . X . . O X . . . .|
i. . . X X . X . . . O O . . . . X . .|
hX . O O . . X . . . . . . . . . . . .|
g. . . . . . . X O . . . . . . . . X .|
f. O X O . O . X . X X . O X . X . . O|
e. . . X . . . X . X . . O O O . O . .|
dX . . . . . X O . . . X . O O . . X X|
cX . . . O . . . . O X . X O O . X . .|
bX O X . O . . X O . . . . . . . O O .|
aX . O . . X O O O X X . . . . O . . .|
 A B C D E F G H I J K L M N O P Q R S|
gracz O
--------------------------------------+
s. . . . . . . O O . . O . . . O O . .|
rX O . . X . O O . X . . . . . . . . X|
q. O O . O . . . . . . O . O . . . . .|
pX . X . . . . . X . . O . X X . . . X|
o. . X O X X O . . . . O . . . . . O .|
nX X O X . . O X O . . . . . O O O . X|
m. . X . O . . . . X . O X . . . . O .|
l. X . . . . . X . . O . O . . . . O O|
kX . . X . O . . X . . . . . . X . . .|
j. . . . . . . . X . X . . O X . . . .|
i. . . X X . X . . . O O . . . . X . .|
hX . O O . . X . . . . . . . . . . . .|
g. . . . . . . X O . . . . . . . . X .|
f. O X O . O . X . X X . O X . X . . O|
e. . . X . . . X . X . . O O O . O . .|
dX . . . . . X O . . . X . O O . . X X|
cX . . . O . . . . O X . X O O . X . .|
bX O X . O . . X O . . . . . . . O O .|
aX . O . . X O O O X X . . . . O . . .|
 A B C D E F G H I J K L M N O P Q R S|
gracz X
--------------------------------------+
s. . . . . . . O O . . O . . . O O . .|
rX O . . X . O O . X . . . . . . . . X|
q. O O . O . . . . . . O . O . . . . .|
pX . X . . . . . X . . O . X X . . . X|
o. . X O X X O . . . . O . . . . . O .|
nX X O X . . O X O . . . . . O O O . X|
m. . X . O . . . . X . O X . . . . O .|
l. X . . . . . X . . O . O . . . . O O|
kX . . X . O . . X . . . . . . X . . .|
j. . . . . . . . X . X . . O X . . . .|
i. . . X X . X . . . O O . . . . X . .|
hX . O O . . X . . . . . . . . . . . .|
g. . . . . . . X O . . . . . . . . X .|
f. O X O . O . X . X X . O X . X . . O|
e. . . X . . . X . X . . O O O . O . .|
dX . X . . . X O . . . X . O O . . X X|
cX . . . O . . . . O X . X O O . X . .|
bX O X . O . X X O . . . . . . . O O .|
aX . O . . X O O O X X . . . . O . . .|
 A B C D E F G H I J K L M N O P Q R S|
gracz O
--------------------------------------+
s. . . . . . . O O . . O . . . O O . .|
rX O . . X . O O . X . . . . . . . . X|
q. O O . O . . . . . . O . O . . . . .|
pX . X . . . . . X . . O . X X . . . X|
o. . X O X X O . . . . O . . . . . O .|
nX X O X . . O X O . . . . . O O O . X|
m. . X . O . . . . X . O X . . O . O .|
l. X . . . . . X . . O . O . . . . O O|
kX . . X . O . . X . . . . . . X . . .|
j. . . . . . . . X . X . . O X . . . .|
i. . . X X . X . . . O O . . . . X . .|
hX . O O . . X . . . . . . O . . . . .|
g. . . . . . . X O . . . . . . . . X .|
f. O X O . O . X . X X . O X . X . . O|
e. . . X . . . X . X . . O O O . O . .|
dX . X . . . X O . . . X . O O . . X X|
cX . . . O . . . . O X . X O O . X . .|
bX O X . O . X X O . . . . . . . O O .|
aX . O . . X O O O X X . . . . O . . .|
 A B C D E F G H I J K L M N O P Q R S|
gracz X
--------------------------------------+
s. . . . . . . O O . X O . . . O O . .|
rX O . . X . O O . X . . . X . . . . X|
q. O O . O . . . . . . O . O . . . . .|
pX . X . . . . . X . . O . X X . . . X|
o. . X O X X O . . . . O . . . . . O .|
nX X O X . . O X O . . . . . O O O . X|
m. . X . O . . . . X . O X . . O . O .|
l. X . . . . . X . . O . O . . . . O O|
kX . . X . O . . X . . . . . . X . . .|
j. . . . . . . . X . X . . O X . . . .|
i. . . X X . X . . . O O . . . . X . .|
hX . O O . . X . . . . . . O . . . . .|
g. . . . . . . X O . . . . . . . . X .|
f. O X O . O . X . X X . O X . X . . O|
e. . . X . . . X . X . . O O O . O . .|
dX . X . . . X O . . . X . O O . . X X|
cX . . . O . . . . O X . X O O . X . .|
bX O X . O . X X O . . . . . . . O O .|
aX . O . . X O O O X X . . . . O . . .|
 A B C D E F G H I J K L M N O P Q R S|
gracz O
--------------------------------------+
s. . . . . . . O O . X O . . . O O . .|
rX O . . X . O O . X . . . X . . . . X|
q. O O . O . . . . . . O . O . . . . .|
pX . X . . . . . X . . O . X X . . . X|
o. . X O X X O . . . . O . . . . . O .|
nX X O X . . O X O . . . . . O O O . X|
m. . X . O . . . . X . O X . . O . O .|
l. X . . . . . X . . O . O . . . . O O|
kX . . X . O . . X . . . . . . X . . .|
j. . . . . . . . X . X . . O X . . . .|
i. . . X X . X . . . O O . . . . X . .|
hX . O O . . X . . . . . . O . . . . .|
g. . . . . O . X O . . . . . . . . X .|
f. O X O . O . X . X X . O X . X . . O|
e. . . X . . . X . X . . O O O . O . .|
dX . X . . . X O . . . X . O O . . X X|
cX O . . O . . . . O X . X O O . X . .|
bX O X . O . X X O . . . . . . . O O .|
aX . O . . X O O O X X . . . . O . . .|
 A B C D E F G H I J K L M N O P Q R S|
gracz X
--------------------------------------+
s. . . . . . . O O . X O . . . O O . .|
rX O . . X . O O . X . . . X . . . . X|
q. O O . O . . . . . . O . O . . . . .|
pX . X . . . . . X . . O . X X . . . X|
o. . X O X X O . . . . O . . . . . O .|
nX X O X . . O X O . . . . . O O O X X|
m. . X . O . . . . X . O X . . O . O .|
l. X . . . . . X . . O . O . . . . O O|
kX . . X . O . . X . . . . . . X . . .|
j. . . . . . . . X . X . . O X . . . .|
i. . . X X . X . . . O O . . . . X . .|
hX . O O . . X . . . . . . O . X . . .|
g. . . . . O . X O . . . . . . . . X .|
f. O X O . O . X . X X . O X . X . . O|
e. . . X . . . X . X . . O O O . O . .|
dX . X . . . X O . . . X . O O . . X X|
cX O . . O . . . . O X . X O O . X . .|
bX O X . O . X X O . . . . . . . O O .|
aX . O . . X O O O X X . . . . O . . .|
 A B C D E F G H I J K L M N O P Q R S|
gracz O
--------------------------------------+
s. . . . . . . O O . X O . . . O O . .|
rX O . . X . O O . X . . . X . O . . X|
q. O O . O . . . . . . O . O . O . . .|
pX . X . . . . . X . . O . X X . . . X|
o. . X O X X O . . . . O . . . . . O .|
nX X O X . . O X O . . . . . O O O X X|
m. . X . O . . . . X . O X . . O . O .|
l. X . . . . . X . . O . O . . . . O O|
kX . . X . O . . X . . . . . . X . . .|
j. . . . . . . . X . X . . O X . . . .|
i. . . X X . X . . . O O . . . . X . .|
hX . O O . . X . . . . . . O . X . . .|
g. . . . . O . X O . . . . . . . . X .|
f. O X O . O . X . X X . O X . X . . O|
e. . . X . . . X . X . . O O O . O . .|
dX . X . . . X O . . . X . O O . . X X|
cX O . . O . . . . O X . X O O . X . .|
bX O X . O . X X O . . . . . . . O O .|
aX . O . . X O O O X X . . . . O . . .|
 A B C D E F G H I J K L M N O P Q R S|
gracz X
--------------------------------------+
s. . . X . . . O O . X O . . . O O . .|
rX O . . X . O O . X . . . X . O . . X|
q. O O . O . . . . . . O . O . O . . .|
pX . X . . . . . X . . O . X X . . . X|
o. . X O X X O . . . . O . . . . . O .|
nX X O X . . O X O . . . . . O O O X X|
m. . X . O . . . . X . O X . . O . O .|
l. X . . . . . X . . O . O . . . . O O|
kX . . X . O . . X . . . . . . X . . .|
j. . . . . . . . X . X . . O X . . . .|
i. . . X X . X . . . O O . . . . X . .|
hX . O O . . X . . . . . . O . X . . .|
g. . . . . O . X O . . . . . . . X X .|
f. O X O . O . X . X X . O X . X . . O|
e. . . X . . . X . X . . O O O . O . .|
dX . X . . . X O . . . X . O O . . X X|
cX O . . O . . . . O X . X O O . X . .|
bX O X . O . X X O . . . . . . . O O .|
aX . O . . X O O O X X . . . . O . . .|
 A B C D E F G H I J K L M N O P Q R S|
gracz O
--------------------------------------+
s. . . X . . . O O . X O . . . O O . .|
rX O . . X . O O . X . . . X . O . . X|
q. O O . O . . . . . . O . O . O . . .|
pX . X . . . . . X . . O . X X . . . X|
o. . X O X X O . . . . O . . . . . O .|
nX X O X . . O X O . . . . . O O O X X|
m. . X . O . . . . X . O X . . O . O .|
l. X . . . . . X . . O . O . . . . O O|
kX . . X . O . . X . . . . . . X . . .|
j. . . . . O . . X . X . . O X . . . .|
i. . . X X . X . . . O O . . . . X . .|
hX . O O . . X . . . . . . O . X . . .|
g. . . . . O . X O . . . . . . . X X .|
f. O X O . O . X . X X . O X . X . . O|
e. . . X . . . X . X . . O O O . O . .|
dX . X . . . X O . . . X . O O . . X X|
cX O . . O . . . . O X . X O O . X . .|
bX O X . O . X X O . . . . . . . O O O|
aX . O . . X O O O X X . . . . O . . .|
 A B C D E F G H I J K L M N O P Q R S|
gracz X
--------------------------------------+
s. . . X . . . O O . X O . . . O O . .|
rX O . . X . O O . X . . . X . O . . X|
q. O O . O . . . . . . O . O . O . . .|
pX . X . . . . . X . . O . X X . . . X|
o. . X O X X O . . . . O . . . . . O .|
nX X O X . . O X O . . . . . O O O X X|
m. . X . O . . . . X . O X . . O . O .|
l. X . . . . . X . . O . O . . . . O O|
kX . . X . O . . X . . . . . . X . . .|
j. . . . . O . . X . X . . O X . . . .|
i. . . X X . X . . . O O . . . . X . .|
hX . O O . . X . . . . . . O . X . . .|
g. . . . . O . X O . . X . . . . X X .|
f. O X O . O . X . X X . O X . X . . O|
e. . . X . . . X . X . . O O O . O . .|
dX . X . . . X O . . . X . O O . . X X|
cX O . . O . . . X O X . X O O . X . .|
bX O X . O . X X O . . . . . . . O O O|
aX . O . . X O O O X X . . . . O . . .|
 A B C D E F G H I J K L M N O P Q R S|
gracz O
--------------------------------------+
s. . . X . . . O O . X O . . . O O . .|
rX O O . X . O O . X . . . X . O . . X|
q. O O . O . . . . . . O . O . O . . .|
pX . X . . . . . X . . O . X X . . . X|
o. . X O X X O . . . . O . . . . . O .|
nX X O X . . O X O . . . . . O O O X X|
m. O X . O . . . . X . O X . . O . O .|
l. X . . . . . X . . O . O . . . . O O|
kX . . X . O . . X . . . . . . X . . .|
j. . . . . O . . X . X . . O X . . . .|
i. . . X X . X . . . O O . . . . X . .|
hX . O O . . X . . . . . . O . X . . .|
g. . . . . O . X O . . X . . . . X X .|
f. O X O . O . X . X X . O X . X . . O|
e. . . X . . . X . X . . O O O . O . .|
dX . X . . . X O . . . X . O O . . X X|
cX O . . O . . . X O X . X O O . X . .|
bX O X . O . X X O . . . . . . . O O O|
aX . O . . X O O O X X . . . . O . . .|
 A B C D E F G H I J K L M N O P Q R S|
gracz X
--------------------------------------+
s. . . X . . . O O . X O . . . O O . .|
rX O O . X . O O . X . . . X . O . . X|
q. O O . O . . . . . . O . O . O . . .|
pX . X . . . . . X . . O . X X . . . X|
o. . X O X X O . . . . O . . . X . O .|
nX X O X . . O X O . . . . . O O O X X|
m. O X . O . . . . X . O X . . O . O .|
l. X . . . . . X . . O . O . . . . O O|
kX . . X . O . . X . . . . . . X . . .|
j. . . . . O . . X . X . . O X . . . .|
i. . . X X . X . . . O O . . . . X . .|
hX . O O . . X . . . . . . O . X . . .|
g. . . . . O . X O . . X . . . . X X .|
f. O X O . O . X . X X . O X . X . . O|
e. . . X . . . X X X . . O O O . O . .|
dX . X . . . X O . . . X . O O . . X X|
cX O . . O . . . X O X . X O O . X . .|
bX O X . O . X X O . . . . . . . O O O|
aX . O . . X O O O X X . . . . O . . .|
 A B C D E F G H I J K L M N O P Q R S|
gracz O
--------------------------------------+
s. . . X . . . O O . X O . . . O O . O|
rX O O . X . O O . X . . . X . O . . X|
q. O O . O . . . . . . O . O . O . . .|
pX . X . . . . . X . . O . X X . . . X|
o. . X O X X O . . . . O . . . X . O .|
nX X O X . . O X O . . . . . O O O X X|
m. O X . O . . . . X . O X . . O . O .|
l. X . . . . . X . . O . O . . . . O O|
kX . . X . O . . X . . . . . . X . . .|
j. . . . . O . . X . X . . O X . . . .|
i. . . X X . X . . . O O . . . . X . .|
hX . O O . . X . . . . . . O . X . . .|
g. . . . . O . X O . . X . . . . X X .|
f. O X O . O . X . X X . O X . X . . O|
e. . . X . . . X X X . . O O O . O . .|
dX . X O . . X O . . . X . O O . . X X|
cX O . . O . . . X O X . X O O . X . .|
bX O X . O . X X O . . . . . . . O O O|
aX . O . . X O O O X X . . . . O . . .|
 A B C D E F G H I J K L M N O P Q R S|
gracz X
--------------------------------------+
s. . . X . . . O O . X O . . . O O . O|
rX O O . X . O O . X . . . X . O . . X|
q. O O . O . . . . . . O . O . O . . .|
pX . X . . . . . X . . O . X X . . . X|
o. . X O X X O . . . . O . . . X . O .|
nX X O X . . O X O . . . . . O O O X X|
m. O X . O . . . . X . O X . . O . O .|
l. X . . . . . X . . O . O . . . . O O|
kX . . X . O . . X . . . . . . X . . .|
j. . . . . O . X X . X . . O X . . . .|
i. . . X X . X . . . O O . . . . X . .|
hX . O O . . X . . . . . . O . X . . .|
g. . . . . O . X O . . X . . . . X X .|
f. O X O . O . X . X X . O X . X . . O|
e. . . X . . . X X X . . O O O . O . .|
dX . X O . . X O . . . X . O O . . X X|
cX O . . O . . . X O X . X O O . X . .|
bX O X . O . X X O . . . . . . . O O O|
aX . O . . X O O O X X . . . . O X . .|
 A B C D E F G H I J K L M N O P Q R S|
gracz O
--------------------------------------+
s. . . X . . . O O . X O . . . O O . O|
rX O O . X . O O . X . . . X . O . . X|
q. O O . O O . . . . . O . O . O . . .|
pX . X . . . . . X . . O . X X . . . X|
o. . X O X X O . . . . O . . . X . O .|
nX X O X O . O X O . . . . . O O O X X|
m. O X . O . . . . X . O X . . O . O .|
l. X . . . . . X . . O . O . . . . O O|
kX . . X . O . . X . . . . . . X . . .|
j. . . . . O . X X . X . . O X . . . .|
i. . . X X . X . . . O O . . . . X . .|
hX . O O . . X . . . . . . O . X . . .|
g. . . . . O . X O . . X . . . . X X .|
f. O X O . O . X . X X . O X . X . . O|
e. . . X . . . X X X . . O O O . O . .|
dX . X O . . X O . . . X . O O . . X X|
cX O . . O . . . X O X . X O O . X . .|
bX O X . O . X X O . . . . . . . O O O|
aX . O . . X O O O X X . . . . O X . .|
 A B C D E F G H I J K L M N O P Q R S|
gracz X
--------------------------------------+
s. . . X . . . O O . X O . . . O O . O|
rX O O . X . O O . X . . . X . O . . X|
q. O O . O O . . . . . O . O . O . . .|
pX . X . . . . . X . . O . X X . . . X|
o. . X O X X O . . . . O . . . X . O .|
nX X O X O . O X O . . . . . O O O X X|
m. O X . O . . . . X . O X . . O . O .|
l. X . . . . . X . . O . O . . . . O O|
kX . . X . O . . X . . . . . . X . . .|
j. . . . . O . X X . X . . O X . . . .|
i. . . X X . X . . . O O . . . . X . .|
hX . O O . . X . . . . . . O . X . . X|
g. . . . . O . X O . . X . . . . X X .|
f. O X O . O . X . X X . O X . X . . O|
e. . . X X . . X X X . . O O O . O . .|
dX . X O . . X O . . . X . O O . . X X|
cX O . . O . . . X O X . X O O . X . .|
bX O X . O . X X O . . . . . . . O O O|
aX . O . . X O O O X X . . . . O X . .|
 A B C D E F G H I J K L M N O P Q R S|
gracz O
--------------------------------------+
s. . . X . . . O O . X O . . . O O . O|
rX O O . X . O O . X . . . X . O . . X|
q. O O . O O . . . . . O . O . O . . .|
pX . X . . . . . X . . O . X X . . . X|
o. . X O X X O . . . . O . . O X . O .|
nX X O X O . O X O . . . . . O O O X X|
m. O X . O . . . . X . O X . . O . O .|
l. X . . . . . X . . O . O . . . . O O|
kX . . X . O . . X . . . . . . X . . .|
j. . . . . O . X X . X . . O X . . . .|
i. . . X X . X . . . O O . . . . X . .|
hX . O O . . X . . . . . . O . X . . X|
g. . . . . O . X O . . X . . . . X X .|
f. O X O . O . X . X X . O X . X . . O|
e. . . X X . . X X X . . O O O . O . .|
dX . X O . . X O . . . X . O O . . X X|
cX O . . O . . . X O X . X O O . X . .|
bX O X . O . X X O . . . . . . . O O O|
aX . O O . X O O O X X . . . . O X . .|
 A B C D E F G H I J K L M N O P Q R S|
gracz X
--------------------------------------+
s. . . X . . . O O . X O . . . O O X O|
rX O O . X . O O . X . . . X . O . . X|
q. O O . O O . . . . . O . O . O . . .|
pX . X . . . . . X . . O . X X . . . X|
o. . X O X X O . . . . O . . O X . O .|
nX X O X O . O X O . . . . . O O O X X|
m. O X . O . . . . X . O X . . O . O .|
l. X . . . . . X . . O . O . . . . O O|
kX . . X . O . . X . . . . . . X . . .|
j. . . . . O . X X . X . . O X . . . .|
i. . . X X . X . . . O O . . . . X . .|
hX . O O . . X . . . . . . O . X . . X|
g. . . . . O . X O . . X . . . . X X .|
f. O X O . O . X . X X . O X . X . . O|
eX . . X X . . X X X . . O O O . O . .|
dX . X O . . X O . . . X . O O . . X X|
cX O . . O . . . X O X . X O O . X . .|
bX O X . O . X X O . . . . . . . O O O|
aX . O O . X O O O X X . . . . O X . .|
 A B C D E F G H I J K L M N O P Q R S|
gracz O
--------------------------------------+
s. . . X . . . O O . X O . . . O O X O|
rX O O . X . O O . X . . . X . O . . X|
q. O O . O O . . . . . O . O . O . . .|
pX . X . . . . . X . . O . X X . . . X|
o. . X O X X O . . . . O . . O X . O .|
nX X O X O . O X O . . O . . O O O X X|
m. O X . O . . . O X . O X . . O . O .|
l. X . . . . . X . . O . O . . . . O O|
kX . . X . O . . X . . . . . . X . . .|
j. . . . . O . X X . X . . O X . . . .|
i. . . X X . X . . . O O . . . . X . .|
hX . O O . . X . . . . . . O . X . . X|
g. . . . . O . X O . . X . . . . X X .|
f. O X O . O . X . X X . O X . X . . O|
eX . . X X . . X X X . . O O O . O . .|
dX . X O . . X O . . . X . O O . . X X|
cX O . . O . . . X O X . X O O . X . .|
bX O X . O . X X O . . . . . . . O O O|
aX . O O . X O O O X X . . . . O X . .|
 A B C D E F G H I J K L M N O P Q R S|
gracz X
--------------------------------------+
s. . . X . . . O O . X O . . . O O X O|
rX O O X X . O O . X . . . X . O . . X|
q. O O . O O . . . . . O . O . O . . .|
pX . X . . . . . X . . O . X X . . . X|
o. . X O X X O . . . . O . . O X . O .|
nX X O X O . O X O . . O . . O O O X X|
m. O X . O . . . O X . O X . . O . O .|
l. X . . . . . X . . O . O . . . . O O|
kX . . X . O . . X . . . . . . X . . .|
j. . . . . O X X X . X . . O X . . . .|
i. . . X X . X . . . O O . . . . X . .|
hX . O O . . X . . . . . . O . X . . X|
g. . . . . O . X O . . X . . . . X X .|
f. O X O . O . X . X X . O X . X . . O|
eX . . X X . . X X X . . O O O . O . .|
dX . X O . . X O . . . X . O O . . X X|
cX O . . O . . . X O X . X O O . X . .|
bX O X . O . X X O . . . . . . . O O O|
aX . O O . X O O O X X . . . . O X . .|
 A B C D E F G H I J K L M N O P Q R S|
gracz O
--------------------------------------+
s. . . X . . . O O . X O . . . O O X O|
rX O O X X . O O . X . . . X . O . . X|
q. O O . O O . . . . . O . O . O . . .|
pX . X . . . . . X . . O . X X . . . X|
o. . X O X X O . . . . O . . O X . O .|
nX X O X O . O X O . . O . . O O O X X|
m. O X . O . . . O X . O X . . O . O .|
l. X . . . O . X . . O . O . . . . O O|
kX . . X . O . . X . . . . . . X . . .|
j. . . . . O X X X . X . . O X . . . .|
i. . . X X . X . . . O O . . . . X . .|
hX . O O . . X . . . . . . O . X . . X|
g. . . . . O . X O . . X . . . . X X .|
f. O X O . O . X . X X . O X O X . . O|
eX . . X X . . X X X . . O O O . O . .|
dX . X O . . X O . . . X . O O . . X X|
cX O . . O . . . X O X . X O O . X . .|
bX O X . O . X X O . . . . . . . O O O|
aX . O O . X O O O X X . . . . O X . .|
 A B C D E F G H I J K L M N O P Q R S|
gracz X
--------------------------------------+
s. . . X . . . O O . X O . . X O O X O|
rX O O X X . O O . X . . . X . O . . X|
q. O O . O O . . . . . O . O . O . . .|
pX . X . . . . . X . . O . X X . . . X|
o. . X O X X O . . . . O . . O X . O .|
nX X O X O . O X O . . O . . O O O X X|
m. O X . O . . . O X . O X . . O . O .|
l. X . . . O . X . . O . O . . . . O O|
kX . . X . O . . X . . . . . . X . . .|
j. . . . . O X X X . X . . O X . . . .|
i. . . X X . X . . . O O . . . . X . .|
hX . O O . . X . . . . . . O . X . . X|
g. . . . . O . X O . . X . . . . X X .|
f. O X O X O . X . X X . O X O X . . O|
eX . . X X . . X X X . . O O O . O . .|
dX . X O . . X O . . . X . O O . . X X|
cX O . . O . . . X O X . X O O . X . .|
bX O X . O . X X O . . . . . . . O O O|
aX . O O . X O O O X X . . . . O X . .|
 A B C D E F G H I J K L M N O P Q R S|
gracz O
--------------------------------------+
s. . . X . . . O O . X O . . X O O X O|
rX O O X X . O O . X . . . X . O . . X|
q. O O . O O . . . . . O . O . O . . .|
pX . X . . . . . X . . O . X X . . . X|
o. . X O X X O . . . . O . . O X . O .|
nX X O X O . O X O . . O . . O O O X X|
m. O X . O . . . O X . O X . . O . O .|
l. X . . . O . X . . O . O . . . . O O|
kX . . X . O . . X . . . . . . X . . .|
j. . . . . O X X X . X . . O X . . . .|
i. . . X X . X . . . O O . . O . X . .|
hX . O O . . X . . . . . . O . X . . X|
g. . . . . O . X O . . X . . . . X X .|
f. O X O X O . X . X X . O X O X . . O|
eX O . X X . . X X X . . O O O . O . .|
dX . X O . . X O . . . X . O O . . X X|
cX O . . O . . . X O X . X O O . X . .|
bX O X . O . X X O . . . . . . . O O O|
aX . O O . X O O O X X . . . . O X . .|
 A B C D E F G H I J K L M N O P Q R S|
gracz X
--------------------------------------+
s. . . X . . . O O . X O . X X O O X O|
rX O O X X . O O . X . . . X . O . . X|
q. O O . O O . . . . . O . O . O . . .|
pX . X . . . . . X . . O . X X . . . X|
o. . X O X X O . . . . O . . O X . O .|
nX X O X O . O X O . . O . . O O O X X|
m. O X . O . . . O X . O X . . O . O .|
l. X . . . O . X . . O . O . . . . O O|
kX . . X . O . . X . . . . . . X . . .|
j. . . . . O X X X . X . . O X . . . .|
i. . . X X . X . . . O O . . O . X . .|
hX . O O . . X . . . . . . O . X . . X|
g. . . . . O . X O . . X . . . . X X .|
f. O X O X O . X . X X . O X O X . . O|
eX O . X X . . X X X . . O O O . O . .|
dX . X O . . X O . . . X . O O . . X X|
cX O . . O . . . X O X . X O O . X . .|
bX O X . O X X X O . . . . . . . O O O|
aX . O O . X O O O X X . . . . O X . .|
 A B C D E F G H I J K L M N O P Q R S|
gracz O
--------------------------------------+
s. . . X . . . O O . X O . X X O O X O|
rX O O X X . O O . X . . . X . O . . X|
q. O O . O O . . . . . O . O . O . . .|
pX . X . . . . . X . . O . X X . . . X|
o. . X O X X O . . . . O . . O X . O .|
nX X O X O . O X O . . O . . O O O X X|
m. O X . O . . . O X . O X . . O . O .|
l. X . . . O . X . . O O O . . . . O O|
kX . . X . O . . X . . . . . . X . . .|
j. . . . . O X X X . X . . O X . . . .|
i. . . X X . X . . . O O . . O . X . .|
hX . O O O . X . . . . . . O . X . . X|
g. . . . . O . X O . . X . . . . X X .|
f. O X O X O . X . X X . O X O X . . O|
eX O . X X . . X X X . . O O O . O . .|
dX . X O . . X O . . . X . O O . . X X|
cX O . . O . . . X O X . X O O . X . .|
bX O X . O X X X O . . . . . . . O O O|
aX . O O . X O O O X X . . . . O X . .|
 A B C D E F G H I J K L M N O P Q R S|
wygral O
