--------------------------------------+
s. . . . . . . . . . . . . . . . . . .|
r. . . . . . . . . . . . . . . . . . .|
q. . . . . . . . . . . . . . . . . . .|
p. . . . . . . . . . . . . . . . . . .|
o. . . . . . . . . . . . . . . . . . .|
n. . . . . . . . . . . . . . . . . . .|
m. . . . . . . . . . . . . . . . . . .|
l. . . . . . . . . . . . . . . . . . .|
k. . . . . . . . . . . . . . . . . . .|
j. . . . . . . . . . . . . . . . . . .|
i. . . . . . . . . . . . . . . . . . .|
h. . . . . . . . . . . . . . . . . . .|
g. . . . . . . . . . . . . . . . . . .|
f. . . . . . . . . . . . . . . . . . .|
e. . . . . . . . . . . . . . . . . . .|
d. . . . . . . . . . . . . . . . . . .|
c. . . . . . . . . . . . . . . . . . .|
b. . . . . . . . . . . . . . . . . . .|
a. . . . . . . . . . . . . . . . . . .|
 A B C D E F G H I J K L M N O P Q R S|
gracz X
--------------------------------------+
sX . . . . . . . . . . . . . . . . . .|
r. . . . . . . . . . . . . . . . . . .|
q. . . . . . . . . . . . . . . . . . .|
p. . . . . . . . . . . . . . . . . . .|
o. . . . . . . . . . . . . . . . . . .|
n. . . . . . . . . . . . . . . . . . .|
m. . . . . . . . . . . . . . . . . . .|
l. . . . . . . . . . . . . . . . . . .|
k. . . . . . . . . . . . . . . . . . .|
j. . . . . . . . . . . . . . . . . . .|
i. . . . . . . . . . . . . . . . . . .|
h. . . . . . . . . . . . . . . . . . .|
g. . . . . . . . . . . . . . . . . . .|
f. . . . . . . . . . . . . . . . . . .|
e. . . . . . . . . . . . . . . . . . .|
d. . . . . . . . . . . . . . . . . . .|
c. . . . . . . . . . . . . . . . . . .|
b. . . . . . . . . . . . . . . . . . .|
a. . . . . . . . . . . . . . . . . . .|
 A B C D E F G H I J K L M N O P Q R S|
gracz O
--------------------------------------+
sX . . . . . . . . . . . . . . . . . .|
r. . . . . . . . . . . . . . . . . . .|
q. . . . . . . . . . . . . . . . . . .|
p. . . . . . . . . . . . . . . . . . .|
o. . . . . . . . . . . . . . . . . . .|
n. . . . . . . . . . . . . . . . . . .|
m. . . . . . . . . . . . . . . . . . .|
l. . . . . . . . . . . . . . . . . . .|
k. . . . . . . . . . . . . . . . . . .|
j. . . . . . . . . . . . . . . . . . .|
i. . . . . . . . . . . . . . . . . . .|
h. . . . . . . . . . . . . . . . . . .|
g. . . . . . . . . . . . . . . . . . .|
f. . . . . . . . . . . . . . . . . . .|
e. . . . . . . . . . . . . . . . . . .|
d. . . . . . . . . . . . . . . . . . .|
c. . . . . . . . . . . . . . . . . . .|
b. . . . . . . . . . . . . . . . . . .|
a. . . . . . . . . . . . . . . . . . .|
 A B C D E F G H I J K L M N O P Q R S|
gracz O
--------------------------------------+
sX . . . . . . . . . . . . . . . . . .|
r. . . . . . . . . . . . . . . . . . .|
q. . . . . . . . . . . . . . . . . . .|
p. . . . . . . O O . . . . . . . . . .|
o. . . . . . . . . . . . . . . . . . .|
n. . . . . . . . . . . . . . . . . . .|
m. . . . . . . . . . . . . . . . . . .|
l. . . . . . . . . . . . . . . . . . .|
k. . . . . . . . . . . . . . . . . . .|
j. . . . . . . . . . . . . . . . . . .|
i. . . . . . . . . . . . . . . . . . .|
h. . . . . . . . . . . . . . . . . . .|
g. . . . . . . . . . . . . . . . . . .|
f. . . . . . . . . . . . . . . . . . .|
e. . . . . . . . . . . . . . . . . . .|
d. . . . . . . . . . . . . . . . . . .|
c. . . . . . . . . . . . . . . . . . .|
b. . . . . . . . . . . . . . . . . . .|
a. . . . . . . . . . . . . . . . . . .|
 A B C D E F G H I J K L M N O P Q R S|
gracz X
--------------------------------------+
sX . . . . . . . . . . . . . . . . . .|
r. . . . . . . . . . . . . . . . . . .|
q. . . . . . . . . . . . . . . . . . .|
p. . . . . . . O O . . . X . . . . . .|
o. . . . . . . . . . . . . . . . . . .|
n. . . . . . . . . . . . . . . . . . .|
m. . . . . . . . . . . . . . . . . . .|
l. . . . . . . . . . . . . . . . . . .|
k. . . . . . . . . . . . . . . . . . .|
j. . . . . . . . . . . . . . . . . . .|
i. . . . . . . . . . . . . . . . . . .|
h. . . . . . . . . . . . . . . . . . .|
g. . . . . . . . . . . . . . . . . . .|
f. . . . . . . . . . . . . . . . . . .|
e. . . . . . . . . . . . . . . . . . .|
d. . . . . . . . . . . . . . . . . . .|
c. . . . . . . . . . . . . . . . . . .|
b. . . . . . . . . . . . . . . . . . .|
aX . . . . . . . . . . . . . . . . . .|
 A B C D E F G H I J K L M N O P Q R S|
gracz O
--------------------------------------+
sX . . . . . . . . . . . . . . . . . .|
r. . . . . . . . . . . . . . . . . . .|
q. . . . . . . . . . . . . . . . . . .|
p. . . . . . . O O . . . X . . . . . .|
o. . . . . . . . . . . . . . . . . . .|
n. . . . . . . . . . . . . . . . . . .|
m. . . . . . . . . . . . . . . . . . .|
l. . . . . . . . . . . . . . . . . . .|
k. . . . . . . . . . . . . . . . . . .|
j. . . . . . . . . . . . . . . . . . .|
i. . . . . . . . . . . O . . . . . . .|
h. . . . . . . . . . . . . . . . . . .|
g. . . . . . . . . . . . . . . . . . .|
f. . . . . . . . . . . . . . . . . . .|
e. . . . . . . . . . . . . . . . . . .|
d. . . . . . . . . . . . . . . . . . .|
c. . . . . . . . . . . . . . . . . . .|
b. . . . . . . . . . . . . O . . . . .|
aX . . . . . . . . . . . . . . . . . .|
 A B C D E F G H I J K L M N O P Q R S|
gracz X
--------------------------------------+
sX . . . . . . . . . . . . . . . . . .|
r. . . . . . . . . . . . . . . . . . .|
q. . . . . . . . . . . . . . . . . . .|
p. . . . . . . O O . . . X . . . . . .|
o. . . . . . . . . . . . . . . . . . .|
n. . . . . . . . . . . . . . . . . . .|
m. . . . . . . . . . . . . . . . . . .|
l. . . . . . . . . . . . . . . . . . .|
k. . . . . . . . . . . . . . . . . . .|
jX . . . . . . . . . . . . . . . . . .|
i. . . . . . . . . . . O . . . . . . .|
h. . . . . . . . X . . . . . . . . . .|
g. . . . . . . . . . . . . . . . . . .|
f. . . . . . . . . . . . . . . . . . .|
e. . . . . . . . . . . . . . . . . . .|
d. . . . . . . . . . . . . . . . . . .|
c. . . . . . . . . . . . . . . . . . .|
b. . . . . . . . . . . . . O . . . . .|
aX . . . . . . . . . . . . . . . . . .|
 A B C D E F G H I J K L M N O P Q R S|
gracz O
--------------------------------------+
sX . . . . . . . . . . . . . . . . . .|
r. . . . . . . . . . . . . . . . . . .|
q. . . . . . . . . . . . . . . . . . .|
p. . . . . . O O O . . . X . . . . . .|
o. . . . . . . . . . . . . . . . . . .|
n. . . . . . . . . . . . . . . . . . .|
m. . . . . . . . . . . . . . . . . . .|
l. . . . . . . . . . . . . . . . . . .|
k. . . . . . . . . . . . . . . . . . .|
jX . . . . . . . . . . . . . . . . . .|
i. . . . . . . . . . . O . . . . . . .|
h. . . . . . . . X . . . . . . . . . .|
g. . . . . . . . . . . . . . . . . . .|
f. . . . . . . . . . . . . . . . . . .|
e. . . . . . . . . . . . . . . . . . .|
d. . . O . . . . . . . . . . . . . . .|
c. . . . . . . . . . . . . . . . . . .|
b. . . . . . . . . . . . . O . . . . .|
aX . . . . . . . . . . . . . . . . . .|
 A B C D E F G H I J K L M N O P Q R S|
gracz X
--------------------------------------+
sX . . . . . . . . . . . . . . . . . .|
r. . . . . . . . . . . . . . . . . . .|
q. . . . . . . . . . . . . . . . . . .|
p. . . . . . O O O . . . X . . . . . .|
o. . . . . . . . . . . . . . . . . . .|
n. . . . . . . . . . . . . . . . . . .|
m. . . . . . . . . . . . . . . . . . .|
l. . . . . . . . . . . . . . . . . . .|
k. . . . . . . . . . . . . . . . . . .|
jX . . . . . . . . . . . . . . . . . .|
i. . . . . . . . . . . O . . . . . . .|
h. . . . . . . . X . . . . . . . . . X|
g. . . . . . . . . . . . . . . . . . .|
f. X . . . . . . . . . . . . . . . . .|
e. . . . . . . . . . . . . . . . . . .|
d. . . O . . . . . . . . . . . . . . .|
c. . . . . . . . . . . . . . . . . . .|
b. . . . . . . . . . . . . O . . . . .|
aX . . . . . . . . . . . . . . . . . .|
 A B C D E F G H I J K L M N O P Q R S|
gracz O
--------------------------------------+
sX . . . . . . . . . . . . . . . . . .|
r. . . . . . . . . . . . . . . . . . .|
q. . . . . . . . . . . . . . . . . . .|
p. . . . . . O O O . . . X . . . . . .|
o. . . . . . . . . . . . . . . . . . .|
n. . . . . . . . . . . . . . . . O . .|
m. . . . . . . . . . . . . . . . . . .|
l. . . . . . . . . . . . . . . . . . .|
k. . . . . . . . . . . . . . . . . . .|
jX . . . . . . . . . . . . . . . . . .|
i. . . . . . . . . . . O . . . . . . .|
h. . . . . . . . X . . . . . . . . . X|
g. . . . . . . . . . . . . O . . . . .|
f. X . . . . . . . . . . . . . . . . .|
e. . . . . . . . . . . . . . . . . . .|
d. . . O . . . . . . . . . . . . . . .|
c. . . . . . . . . . . . . . . . . . .|
b. . . . . . . . . . . . . O . . . . .|
aX . . . . . . . . . . . . . . . . . .|
 A B C D E F G H I J K L M N O P Q R S|
gracz X
--------------------------------------+
sX . . . . . . . . . . . . . . . . . .|
r. . . . . . . . . . . . . . . . . . .|
q. . . . . . . . . . . . . . . . . . .|
p. . . . . . O O O . . . X . . . . . .|
o. . . . . . . . . . . . . . . . . . .|
n. . . . . . . . . . . . . . . . O . .|
m. . . . . . . . . . . . . . . . . . .|
l. . . . . . . . . . . . . . . . . . .|
k. . . . . . . . . . . . . . . . . . .|
jX . . . . . . . . . . . . . . . . . .|
i. . . . . . . . . . . O . . . . . . .|
h. . . . . . . . X . . . . . . . . . X|
g. . . . . . . . . . . . . O . . . . .|
f. X . . . . . . . X . . . . . . . . .|
e. . . . X . . . . . . . . . . . . . .|
d. . . O . . . . . . . . . . . . . . .|
c. . . . . . . . . . . . . . . . . . .|
b. . . . . . . . . . . . . O . . . . .|
aX . . . . . . . . . . . . . . . . . .|
 A B C D E F G H I J K L M N O P Q R S|
gracz O
--------------------------------------+
sX . O . . . . . . . . . . . . . . . .|
r. . . . . . . . . . . . . . . . . . .|
q. . . . . . . . . . . . . . . . . . .|
p. . . . . . O O O . . . X . . . . . .|
o. . . . . . . . . . . . . . . . . . .|
n. . . . . . . . . . . . . . . . O . .|
m. . . . . . . . . . . . . . . . . . .|
l. . . . . . . . . . . . . . . . . . .|
k. . . . . . . . . . . . . . . . . . .|
jX . . . . . . . . . . . . . . . . . .|
i. . . . . . . . . . . O . . . . . . .|
h. . . . . . . . X . . . . . . . . . X|
g. . . . . . . . . . . . . O . . . . O|
f. X . . . . . . . X . . . . . . . . .|
e. . . . X . . . . . . . . . . . . . .|
d. . . O . . . . . . . . . . . . . . .|
c. . . . . . . . . . . . . . . . . . .|
b. . . . . . . . . . . . . O . . . . .|
aX . . . . . . . . . . . . . . . . . .|
 A B C D E F G H I J K L M N O P Q R S|
gracz X
--------------------------------------+
sX . O . . . . . . . . . . . . . . . .|
r. . . . . . . . . . . . . . . . . . .|
q. . . . . . . . . . . . . . . . . . .|
p. . . . . . O O O . . . X . . . . . .|
o. . . . . . . . X . . . . . . . . . .|
n. . . . . . . . . . . . . . . . O . .|
m. . . . . X . . . . . . . . . . . . .|
l. . . . . . . . . . . . . . . . . . .|
k. . . . . . . . . . . . . . . . . . .|
jX . . . . . . . . . . . . . . . . . .|
i. . . . . . . . . . . O . . . . . . .|
h. . . . . . . . X . . . . . . . . . X|
g. . . . . . . . . . . . . O . . . . O|
f. X . . . . . . . X . . . . . . . . .|
e. . . . X . . . . . . . . . . . . . .|
d. . . O . . . . . . . . . . . . . . .|
c. . . . . . . . . . . . . . . . . . .|
b. . . . . . . . . . . . . O . . . . .|
aX . . . . . . . . . . . . . . . . . .|
 A B C D E F G H I J K L M N O P Q R S|
gracz O
--------------------------------------+
sX . O . . . . . . . . . . . . . . . .|
r. . . . . . . . . . . . . . . . . . .|
q. . . . . . . . . . . . . . . . . . .|
p. . . . . . O O O . . . X . . . . . .|
o. . . . . . . . X . . . . . . . . . .|
n. . . . . . . . . . . . O . . . O . .|
m. . . . . X . . . . . . . . . . . . .|
l. . . . . . . . . . . . . . . . . . .|
k. . . . . . . . . . . . . . . . . . .|
jX . . . . . . . . . . . . . . . . . .|
i. . . . . . . . . . . O . . . . . . .|
h. . . . . . . . X . . . . . . . . . X|
g. . . . . . . . . . . . . O . . . . O|
f. X . . . O . . . X . . . . . . . . .|
e. . . . X . . . . . . . . . . . . . .|
d. . . O . . . . . . . . . . . . . . .|
c. . . . . . . . . . . . . . . . . . .|
b. . . . . . . . . . . . . O . . . . .|
aX . . . . . . . . . . . . . . . . . .|
 A B C D E F G H I J K L M N O P Q R S|
gracz X
--------------------------------------+
sX . O . . . . . . . . . . . . . . . .|
r. . . . . . . . . . . . . . . . . . .|
q. . . . . . . . . . . . . . . . . . .|
p. . . . . . O O O . . . X . . . . . .|
o. . . . . . . . X . . . . . . . . . .|
n. . . . . . . . . . . . O . . . O . .|
m. . . . . X . . . . . . . . . . . . .|
l. . . . . . . . . . . . . . . . . . .|
k. . . . . . . . . . . . . . . . . . .|
jX . . . . . . . . . . . . . . . . . .|
i. . . . . . . . . . . O . . . . . . .|
h. . . . . . . . X . . X . . . . . . X|
g. . . . . . . . . . . . . O . . . . O|
f. X . . . O . . . X . . . . . . . . .|
e. . . . X . . . . . . . . . . . . . .|
d. . . O . . . . . . . . . . . . . . .|
c. . . . . . . . . . . . . . . . . . .|
b. . . . . X . . . . . . . O . . . . .|
aX . . . . . . . . . . . . . . . . . .|
 A B C D E F G H I J K L M N O P Q R S|
gracz O
--------------------------------------+
sX . O . . . . . . . . . . . . . . . .|
r. . . . . . . . . . . . . . . . . . .|
q. . . . . . . . . . . . . . . . . . .|
p. . . . . . O O O . . . X . . . . . .|
o. . . . . . . . X . . . . . . . . . .|
n. . . . . . . . . . . . O . . . O . .|
m. . . . . X O . . . . . . . . . . . .|
l. . . . . . . . . O . . . . . . . . .|
k. . . . . . . . . . . . . . . . . . .|
jX . . . . . . . . . . . . . . . . . .|
i. . . . . . . . . . . O . . . . . . .|
h. . . . . . . . X . . X . . . . . . X|
g. . . . . . . . . . . . . O . . . . O|
f. X . . . O . . . X . . . . . . . . .|
e. . . . X . . . . . . . . . . . . . .|
d. . . O . . . . . . . . . . . . . . .|
c. . . . . . . . . . . . . . . . . . .|
b. . . . . X . . . . . . . O . . . . .|
aX . . . . . . . . . . . . . . . . . .|
 A B C D E F G H I J K L M N O P Q R S|
gracz X
--------------------------------------+
sX . O . . . . . . . . . . . . . . . .|
r. . . . . . . . . . . . . . . . . . .|
q. . . . . . . . . . . . . . . . . . .|
p. . . . . . O O O . . . X . . . . . .|
o. . . . . . . . X . . . . . . . . . .|
n. . . . . . . . . . . . O . . . O . .|
m. . . . . X O . . . . . . . . . . . .|
l. . . . X . . . . O . . . . . . . . .|
k. . . . . . . . . . . . . . . . . . .|
jX . . . . . . . . . . . . . . . . . .|
i. . . . . . . . . . . O . . . . . . .|
h. . . . . . . . X . . X . . . . . . X|
g. . . . . . . . . . . . . O . . . . O|
f. X . . . O . . . X . . . . . . . . .|
e. . . . X . . . . . . . . . . . . . .|
d. . . O . . . . . . . . . . . . . . .|
c. . . . . . . . . . . . . . . . . . .|
b. . . . . X . . . . . . . O . . . . .|
aX . . . . . . . . . . . . . . . . . X|
 A B C D E F G H I J K L M N O P Q R S|
gracz O
--------------------------------------+
sX . O . . . . . . . . . . . . . . . .|
r. . . . . . . . . . . . . . . . . . .|
q. . . . . . . . . . . . . . . . . . .|
p. . . . O . O O O . . . X . . . . . .|
o. . . . . . . . X . . . . . . . . . .|
n. . . . . . . . . O . . O . . . O . .|
m. . . . . X O . . . . . . . . . . . .|
l. . . . X . . . . O . . . . . . . . .|
k. . . . . . . . . . . . . . . . . . .|
jX . . . . . . . . . . . . . . . . . .|
i. . . . . . . . . . . O . . . . . . .|
h. . . . . . . . X . . X . . . . . . X|
g. . . . . . . . . . . . . O . . . . O|
f. X . . . O . . . X . . . . . . . . .|
e. . . . X . . . . . . . . . . . . . .|
d. . . O . . . . . . . . . . . . . . .|
c. . . . . . . . . . . . . . . . . . .|
b. . . . . X . . . . . . . O . . . . .|
aX . . . . . . . . . . . . . . . . . X|
 A B C D E F G H I J K L M N O P Q R S|
gracz X
--------------------------------------+
sX . O . . . . . . . . . . . . . . . .|
r. . . . . . . . . . . . . . . . . . .|
q. . . . . . . . . . . . . . . . . . .|
p. . . . O . O O O . . . X . . . . . .|
o. . . . . . . . X . . . . . . . . . .|
n. . . . . . . . . O . . O . . . O . .|
m. . . . . X O . . . . . . . . . . . .|
l. . . . X . . . . O . . . . X . . . .|
k. . . . . . . . . . . . . . . . . . .|
jX . . . . . . . . . . . . . . . . X .|
i. . . . . . . . . . . O . . . . . . .|
h. . . . . . . . X . . X . . . . . . X|
g. . . . . . . . . . . . . O . . . . O|
f. X . . . O . . . X . . . . . . . . .|
e. . . . X . . . . . . . . . . . . . .|
d. . . O . . . . . . . . . . . . . . .|
c. . . . . . . . . . . . . . . . . . .|
b. . . . . X . . . . . . . O . . . . .|
aX . . . . . . . . . . . . . . . . . X|
 A B C D E F G H I J K L M N O P Q R S|
gracz O
--------------------------------------+
sX . O . . . . . . . . . . . . . . . .|
r. . . . . . . . . . . . . . . . . . .|
q. . . . . . . . . . . . . . . . . . .|
p. . . . O . O O O . . . X . . . . . .|
o. . . . . . . . X . . . . . . . . . .|
n. . . . . . . . . O . . O . . . O . .|
m. . . . . X O . . . . . . . . . . . .|
l. . . . X . . . . O . . . . X . . . .|
k. . . . . . . . . . . . . . . . . . .|
jX . . . . . . . . . . . . . . . . X .|
i. . . . . . . . . . . O . . . . . . .|
h. . . . . . . . X . . X . . . . . . X|
g. . . . . . . . . . . . . O . . . . O|
f. X . . . O . . . X . . . . . . . . .|
e. O . . X . . . . . . . . . . . . . .|
d. . . O . . . . . . . . . . . . . . .|
c. . . . . . . . . . . . . . . . . . .|
b. . . . . X . . . . . . . O O . . . .|
aX . . . . . . . . . . . . . . . . . X|
 A B C D E F G H I J K L M N O P Q R S|
gracz X
--------------------------------------+
sX . O . . . . . . . . . . . . . . . .|
r. . . . . . . . . . . . . . . . . . .|
q. . . . . . . . . . . . . . . . . . .|
p. . . . O . O O O . . . X . . . . . .|
o. . . . . . . . X . . . . . . . . . .|
n. . . . . . . . . O . . O . . . O . .|
m. . . . . X O . . . . . . . . . . . .|
l. . . . X . . X . O . . . . X . . . .|
k. . . . . . . . . . . . . . . . . . .|
jX . . . . . . . . . . . . . . . . X .|
i. . . . . . . . . . . O . . . . . . .|
h. . . . . . . . X . . X . . . . X . X|
g. . . . . . . . . . . . . O . . . . O|
f. X . . . O . . . X . . . . . . . . .|
e. O . . X . . . . . . . . . . . . . .|
d. . . O . . . . . . . . . . . . . . .|
c. . . . . . . . . . . . . . . . . . .|
b. . . . . X . . . . . . . O O . . . .|
aX . . . . . . . . . . . . . . . . . X|
 A B C D E F G H I J K L M N O P Q R S|
gracz O
--------------------------------------+
sX . O . . . . . . . . . . . . . . . .|
r. . . . . . . . . . . . . . . . . . .|
q. . . . . . . . . . . . . . . . . . .|
p. . . . O . O O O . . . X . . . . . .|
o. . . . . . . . X . . . . . . . . . .|
n. . . . . . . . . O . . O . . . O . .|
m. . . . . X O . . . . . . . . . . . .|
l. . . . X . . X . O . . . . X . . . .|
k. . . . . . . . . . . . . . . . . . .|
jX . . . . . . . . . . . . . . . . X .|
i. . . . . . . . . . . O . . . . . . O|
h. . . . . . . . X . . X . . . . X . X|
g. . . . . . . . . . . . . O . . . . O|
f. X . . . O . . . X . . . . . . . . .|
e. O . . X . . . . . . . . . . . . . O|
d. . . O . . . . . . . . . . . . . . .|
c. . . . . . . . . . . . . . . . . . .|
b. . . . . X . . . . . . . O O . . . .|
aX . . . . . . . . . . . . . . . . . X|
 A B C D E F G H I J K L M N O P Q R S|
gracz X
--------------------------------------+
sX . O . . . . . . . . . . . . . . . .|
r. . . . . . . . . . . . . . . . . . .|
q. . . . . . . . . . . . . . . . . . .|
p. . . . O . O O O . . . X . . . . . .|
o. . . . . . . . X . . . . . . . . . .|
n. . . . . . . . . O . . O . . . O . .|
m. . . . . X O . . . . . . . . . . . .|
l. . . . X . . X . O . . . . X . . . .|
k. . . . . . . . . . . . . . . . . . .|
jX . . . . . . . X . . . . . . . . X .|
i. . . . . . . . . . . O . . . . . . O|
h. . . . . . . . X . . X . . . . X . X|
g. . . . . . . . . . . . . O . . . . O|
f. X . . . O . . . X . . . . . . . . .|
e. O . . X . . . . . . . . . . . . . O|
d. . . O . . . . . . . . . . . . . . .|
c. . . . . . . . . . . . . . . . . . .|
b. . . . . X . . . . . . . O O . . . .|
aX . . . . . . X . . . . . . . . . . X|
 A B C D E F G H I J K L M N O P Q R S|
gracz O
--------------------------------------+
sX . O . . . . . . . . . . . . . . . .|
r. . . . . . . . . . . . . . . . . . .|
q. . . . . . . . . . . . . . . . . . .|
p. . . . O . O O O . . . X . . . . . .|
o. . . . . . . . X . . . . . . . . . .|
n. . . . . . . . . O . . O . . . O . .|
m. . . . . X O . . . . . . . . . . . .|
l. . . . X . . X . O . . . . X . . . .|
k. . . . . . . . . . . . . . . . . . .|
jX . . . . . . . X . . . . . . . . X .|
i. . . . . . . O . . . O . . . . . . O|
h. . . . . . . . X . . X . . . . X . X|
g. O . . . . . . . . . . . O . . . . O|
f. X . . . O . . . X . . . . . . . . .|
e. O . . X . . . . . . . . . . . . . O|
d. . . O . . . . . . . . . . . . . . .|
c. . . . . . . . . . . . . . . . . . .|
b. . . . . X . . . . . . . O O . . . .|
aX . . . . . . X . . . . . . . . . . X|
 A B C D E F G H I J K L M N O P Q R S|
gracz X
--------------------------------------+
sX . O . . . . . . . . . . . . . . . .|
r. . . . . . . . . . . . . . . . . . .|
q. . . . . . X . . . . . . . . . . . .|
p. . . . O . O O O . . . X . . X . . .|
o. . . . . . . . X . . . . . . . . . .|
n. . . . . . . . . O . . O . . . O . .|
m. . . . . X O . . . . . . . . . . . .|
l. . . . X . . X . O . . . . X . . . .|
k. . . . . . . . . . . . . . . . . . .|
jX . . . . . . . X . . . . . . . . X .|
i. . . . . . . O . . . O . . . . . . O|
h. . . . . . . . X . . X . . . . X . X|
g. O . . . . . . . . . . . O . . . . O|
f. X . . . O . . . X . . . . . . . . .|
e. O . . X . . . . . . . . . . . . . O|
d. . . O . . . . . . . . . . . . . . .|
c. . . . . . . . . . . . . . . . . . .|
b. . . . . X . . . . . . . O O . . . .|
aX . . . . . . X . . . . . . . . . . X|
 A B C D E F G H I J K L M N O P Q R S|
gracz O
--------------------------------------+
sX . O . . . . . . . . . . . . . . . .|
r. . . . . . . . . . . . . . . . . . .|
q. . . . . . X . . . . . . . . . . . .|
p. . . . O . O O O . . . X . . X . . .|
o. . . . . . . . X . . . . . . . . . .|
n. . . . . . . . . O . . O . . . O . O|
m. . . . . X O . . . . . . . . . . . .|
l. . . . X . . X . O . . . . X . . . .|
k. . . . . . . . . . . . . . . . . . .|
jX . . . . . . . X . . . . . . . . X .|
i. . . . . . . O . . . O . . . . . . O|
h. . . . . . . . X . . X . . . . X . X|
g. O . . . . . . . . . . . O . . . . O|
f. X . . . O . . . X . . . . . . . . .|
e. O . . X . . . . . . . . . . . . . O|
d. . . O . . . . . . . . . . . . . . .|
c. . . . . O . . . . . . . . . . . . .|
b. . . . . X . . . . . . . O O . . . .|
aX . . . . . . X . . . . . . . . . . X|
 A B C D E F G H I J K L M N O P Q R S|
gracz X
--------------------------------------+
sX . O . . . . . . . . . . . . . . . .|
r. . . . . . . . . . . . . . . . . . .|
q. . . . . . X . . . . . . . . . . . .|
p. . . . O . O O O . . . X . . X . . .|
o. . . . . . . . X . . . . . . . . . .|
n. . . . . . . . . O . . O . . . O . O|
m. . . . . X O . . . . . . . . . . . .|
l. . . . X . . X . O . . . . X . . . .|
k. . . . . . . . . . . . . . . . . . .|
jX . . . . . . . X . . . . . . . . X .|
i. . . . . . . O . . . O . . . . . . O|
h. . . . . . . . X . . X . . . . X . X|
g. O . . . . . . . . . . . O . . . . O|
f. X . . . O . . . X . . . . . . . . .|
e. O . . X . . . . . . . . . . . . . O|
d. . . O . . . . . . . . . . . . . . .|
c. . . . . O . . . . . . . . . . . . .|
b. . . . . X . . . . . . . O O . . . .|
aX . . . . . . X . . . . . . . . . . X|
 A B C D E F G H I J K L M N O P Q R S|
gracz X
--------------------------------------+
sX . O . . . . . . . . . . . . . . . .|
r. . . . . . . . . . . . . . . . . . .|
q. . . . . . X . . . . . . . . . . . .|
p. . . . O . O O O . . . X . . X . . .|
o. . . . . . . . X . . . . . . . . . .|
n. . . . . . . . . O . . O . . . O . O|
m. . . . . X O X . . . . . . . . . . .|
l. . . . X . . X . O . . . . X . . . .|
k. . . . . . . . . . . . . . . . . . .|
jX . . . . . . . X . . . . . . . . X .|
i. . . . . . . O . . . O . . . . . . O|
h. . . . . . . . X . . X . . . . X . X|
g. O . . . . . . . . . . . O . . . . O|
f. X . . . O . . . X . . . . . . . . .|
e. O . . X . . . . . . . . . . . . . O|
d. . . O . . . . . . . . . . . . X . .|
c. . . . . O . . . . . . . . . . . . .|
b. . . . . X . . . . . . . O O . . . .|
aX . . . . . . X . . . . . . . . . . X|
 A B C D E F G H I J K L M N O P Q R S|
gracz O
--------------------------------------+
sX . O . . . . . . . . . . . . . . . .|
r. . . . . . . . . . . . . . . . . . .|
q. . . . . . X . . . . . . . . . . . .|
p. . . . O . O O O . . . X . . X . . .|
o. . . . . . . . X . . . O . . . . . .|
n. . . . . . . . . O . . O . . . O . O|
m. . . . . X O X . . . . . . . . . . .|
l. . . . X . . X . O . . . . X . . . .|
k. . . . . . . . . . . . . . . . . . .|
jX . . . . . . . X . . . . . . . . X .|
i. . . . . . . O O . . O . . . . . . O|
h. . . . . . . . X . . X . . . . X . X|
g. O . . . . . . . . . . . O . . . . O|
f. X . . . O . . . X . . . . . . . . .|
e. O . . X . . . . . . . . . . . . . O|
d. . . O . . . . . . . . . . . . X . .|
c. . . . . O . . . . . . . . . . . . .|
b. . . . . X . . . . . . . O O . . . .|
aX . . . . . . X . . . . . . . . . . X|
 A B C D E F G H I J K L M N O P Q R S|
gracz X
--------------------------------------+
sX . O . . . . . . . . . . . . . . . .|
r. . . . . . . . . . . . . . . . . . .|
q. . . . . . X . . . . . . . . . . . .|
p. . . . O . O O O . . . X . . X . . .|
o. . . . . . . . X . . . O . . . . . .|
n. . . . . . . . . O . . O . . . O . O|
m. . . . . X O X . . . . . . . . . . .|
l. . . . X . . X . O . . . . X . . . .|
k. . . . . . . . . . . . . . . . . . .|
jX . . . . . . X X . . . . . . . . X .|
i. . . . . . . O O . . O . . . . . . O|
h. . . . . . . . X . . X . . . . X . X|
g. O . . . . . . . . . . . O . . . . O|
f. X . . . O . . . X . . . . . . . . .|
e. O . . X . . . . . . . . . . . . . O|
d. . . O X . . . . . . . . . . . X . .|
c. . . . . O . . . . . . . . . . . . .|
b. . . . . X . . . . . . . O O . . . .|
aX . . . . . . X . . . . . . . . . . X|
 A B C D E F G H I J K L M N O P Q R S|
gracz O
--------------------------------------+
sX . O . . . . . . . . . . . . . . . .|
r. . . . . . . . . . . . . . . O . . .|
q. . . . . . X . . . . . . . . . . . .|
p. . . . O . O O O . . . X . . X . . .|
o. . . . . . . . X . . . O . . . . . .|
n. . . . . . . . . O . . O . . . O . O|
m. . . . . X O X . . . . . . . . . . .|
l. . . . X . . X . O . . . . X . . . .|
k. . . . . . . . . . . . . . . . . . .|
jX . . . . . . X X . . . . . . . . X .|
i. . . . . . . O O . . O . . . . . . O|
h. . . . . . . . X . . X . . . . X . X|
g. O . . . . . . . . . . . O . . . . O|
f. X . . . O O . . X . . . . . . . . .|
e. O . . X . . . . . . . . . . . . . O|
d. . . O X . . . . . . . . . . . X . .|
c. . . . . O . . . . . . . . . . . . .|
b. . . . . X . . . . . . . O O . . . .|
aX . . . . . . X . . . . . . . . . . X|
 A B C D E F G H I J K L M N O P Q R S|
gracz X
--------------------------------------+
sX . O . . . . . . . . . . . . . . . .|
r. . . . . . . . . . . . . . . O . . .|
q. . . . . . X . . . . . . . . . . . .|
p. . . . O . O O O . . . X . . X . . .|
o. . . . . . . . X . . . O . . . . . .|
n. . . . . . . . . O . . O . . . O . O|
m. . . . . X O X . . . . . . . . . . .|
l. . . . X . . X . O . . . . X . . . .|
k. . . . . . . . . . . . . . . . . . .|
jX . . . . . . X X . . . . . . . . X .|
i. . . . . . . O O . . O . . . . . . O|
h. . . . . X . . X . . X . . . . X . X|
g. O . . . . . . . . . . . O . . . . O|
f. X . . . O O . . X . . . . . . . . .|
e. O . . X . . . X . . . . . . . . . O|
d. . . O X . . . . . . . . . . . X . .|
c. . . . . O . . . . . . . . . . . . .|
b. . . . . X . . . . . . . O O . . . .|
aX . . . . . . X . . . . . . . . . . X|
 A B C D E F G H I J K L M N O P Q R S|
gracz O
--------------------------------------+
sX . O . . . . . . . . . . . . . . . .|
r. . . . . . . . . . . . . . . O . . .|
q. . . . . . X . . . . . . . . . . . .|
p. . . . O . O O O . . . X . . X . . .|
o. . . . . . . O X . . . O . . O . . .|
n. . . . . . . . . O . . O . . . O . O|
m. . . . . X O X . . . . . . . . . . .|
l. . . . X . . X . O . . . . X . . . .|
k. . . . . . . . . . . . . . . . . . .|
jX . . . . . . X X . . . . . . . . X .|
i. . . . . . . O O . . O . . . . . . O|
h. . . . . X . . X . . X . . . . X . X|
g. O . . . . . . . . . . . O . . . . O|
f. X . . . O O . . X . . . . . . . . .|
e. O . . X . . . X . . . . . . . . . O|
d. . . O X . . . . . . . . . . . X . .|
c. . . . . O . . . . . . . . . . . . .|
b. . . . . X . . . . . . . O O . . . .|
aX . . . . . . X . . . . . . . . . . X|
 A B C D E F G H I J K L M N O P Q R S|
gracz X
--------------------------------------+
sX . O . . . . . . . . . . . . . . . .|
r. . . . . . . . . . . . . . . O . . .|
q. . . . . . X . . . . . . . . . . . .|
p. . . . O . O O O . . . X . . X . . .|
o. . . . . . . O X . . . O . . O . . X|
n. . . . . . . . . O . . O . . . O . O|
m. . . . . X O X . . . X . . . . . . .|
l. . . . X . . X . O . . . . X . . . .|
k. . . . . . . . . . . . . . . . . . .|
jX . . . . . . X X . . . . . . . . X .|
i. . . . . . . O O . . O . . . . . . O|
h. . . . . X . . X . . X . . . . X . X|
g. O . . . . . . . . . . . O . . . . O|
f. X . . . O O . . X . . . . . . . . .|
e. O . . X . . . X . . . . . . . . . O|
d. . . O X . . . . . . . . . . . X . .|
c. . . . . O . . . . . . . . . . . . .|
b. . . . . X . . . . . . . O O . . . .|
aX . . . . . . X . . . . . . . . . . X|
 A B C D E F G H I J K L M N O P Q R S|
gracz O
--------------------------------------+
sX . O . . . . . . . . . . . . . . . .|
r. . . . . . . . . . . . . . . O . . .|
q. . . . . . X . . . . . . . . . . . .|
p. . . . O . O O O . . . X . . X . . .|
o. . . . . . . O X . . . O . . O . . X|
n. . . . . . . . . O . . O . . . O . O|
m. . . . . X O X . . . X . . . . . . .|
l. . . . X . . X . O . . . . X . . . .|
k. . . . . . . . . . . . . . . . . . .|
jX . . . . . . X X . . . . . . . . X .|
iO . . . . . . O O . . O . . . . . . O|
h. . . . . X . . X . . X . . . . X . X|
g. O . . . . . . . . . . . O . . . . O|
f. X . . . O O . . X . . . . . . . . .|
e. O . . X . . . X . . . . . . . . . O|
d. . . O X . . . . . . . . . . O X . .|
c. . . . . O . . . . . . . . . . . . .|
b. . . . . X . . . . . . . O O . . . .|
aX . . . . . . X . . . . . . . . . . X|
 A B C D E F G H I J K L M N O P Q R S|
gracz X
--------------------------------------+
sX . O . . . . . . . . X . . . . . . .|
r. . . . . . . . . . . . . . . O . . .|
q. . . . . . X . . . . . . . . . . . .|
p. . . . O . O O O . . . X . . X . . .|
o. . . . . . . O X . . . O . . O . . X|
n. . . . . . . . . O . . O . . . O . O|
m. . . . . X O X . . . X . . . . . . .|
l. . . . X . . X . O . . . . X . . . .|
k. . . . . . . . . . . . . . . . . . .|
jX . . . . . . X X . . . . . . . . X .|
iO . . . . . . O O . . O . . . . . . O|
h. . . . . X . . X . . X . . . . X . X|
g. O . . . . . . . . X . . O . . . . O|
f. X . . . O O . . X . . . . . . . . .|
e. O . . X . . . X . . . . . . . . . O|
d. . . O X . . . . . . . . . . O X . .|
c. . . . . O . . . . . . . . . . . . .|
b. . . . . X . . . . . . . O O . . . .|
aX . . . . . . X . . . . . . . . . . X|
 A B C D E F G H I J K L M N O P Q R S|
gracz O
--------------------------------------+
sX . O . . . . . . . . X . . . . . . .|
r. . . . . . . . . . . . . . . O . . .|
q. . . . . . X . . . . . . . . . . . .|
p. . . . O . O O O . . . X . . X . . .|
o. . . . . . . O X . . . O . . O . . X|
n. . . . . . . . . O . . O . . . O . O|
m. . . . . X O X . . . X . . . . . . .|
l. . . . X . . X . O . . . . X . . . .|
k. . . . . . . . . . . . . . . . . . .|
jX . . . . . . X X . . . . . . . . X .|
iO . . O O . . O O . . O . . . . . . O|
h. . . . . X . . X . . X . . . . X . X|
g. O . . . . . . . . X . . O . . . . O|
f. X . . . O O . . X . . . . . . . . .|
e. O . . X . . . X . . . . . . . . . O|
d. . . O X . . . . . . . . . . O X . .|
c. . . . . O . . . . . . . . . . . . .|
b. . . . . X . . . . . . . O O . . . .|
aX . . . . . . X . . . . . . . . . . X|
 A B C D E F G H I J K L M N O P Q R S|
gracz X
--------------------------------------+
sX . O . . . . . . . . X . . . . . . .|
r. . . . . X . . . . . . . . . O . . .|
q. . . . . . X . . . . . . . . . . . .|
p. . . . O . O O O . . . X . . X . . .|
o. . . . . . . O X . . . O . . O . . X|
n. . . . . . . . . O . . O . . . O . O|
m. . . . . X O X . . . X . . . . . . .|
l. . . . X . . X . O . . . . X . . . .|
k. . . . . . . . . . . . . . . . . . .|
jX . . . . . . X X . . . . . . . . X .|
iO . . O O . . O O . . O . . . . . . O|
h. . . . . X . . X . . X . . . . X . X|
g. O . . . . . . . . X . . O . . . . O|
f. X . . . O O . . X . . . . . . . . .|
e. O . . X . . . X . . . . . . . . . O|
d. . . O X . . . . . . . . . . O X . .|
cX . . . . O . . . . . . . . . . . . .|
b. . . . . X . . . . . . . O O . . . .|
aX . . . . . . X . . . . . . . . . . X|
 A B C D E F G H I J K L M N O P Q R S|
gracz O
--------------------------------------+
sX . O . . . . . . . . X . . . . . . .|
r. . . . . X . . . . . . . . . O . . .|
q. . . . . . X . . . . . . . . . . . .|
p. . . . O . O O O . . . X . . X . . .|
o. . . . . . . O X . . . O . . O . . X|
n. . . . . . . . . O . . O . . . O . O|
m. . . . . X O X . . . X . . . . . . .|
l. . . . X . . X . O . . . . X . . . .|
k. . . . . . . . . . . . . . . O . . .|
jX . . . . . . X X . . . . . . . . X .|
iO . . O O . . O O . . O . . . . . . O|
h. . . . . X . . X . . X . . . . X . X|
g. O . . . . . . . . X . . O . . . . O|
f. X . . . O O . . X . . . . . . . . .|
e. O . . X . . . X . . . . . . . . . O|
d. . . O X . . . . . . . . . . O X . .|
cX O . . . O . . . . . . . . . . . . .|
b. . . . . X . . . . . . . O O . . . .|
aX . . . . . . X . . . . . . . . . . X|
 A B C D E F G H I J K L M N O P Q R S|
gracz X
--------------------------------------+
sX . O . . . . . . . . X . . . . . . .|
r. . . . . X . . . . . . X . . O . . .|
q. . . . . . X . . . . . . . . . . . .|
p. . . . O . O O O . . . X . . X . . .|
o. . . . . . . O X . . . O . . O . . X|
n. . . . . . . . . O . . O . . . O . O|
m. . . . . X O X . . . X . . . . . . .|
l. . . . X . . X . O . . . . X . . . .|
k. . . . . . . . . . . . . . . O . . .|
jX . . . . . . X X . . . . . . . . X .|
iO . . O O . . O O . . O . . . . . . O|
h. . . . . X . . X . . X . . . . X . X|
g. O . . . . . . . . X . . O . . . . O|
f. X . . . O O . . X . . . . . . . . .|
e. O . . X X . . X . . . . . . . . . O|
d. . . O X . . . . . . . . . . O X . .|
cX O . . . O . . . . . . . . . . . . .|
b. . . . . X . . . . . . . O O . . . .|
aX . . . . . . X . . . . . . . . . . X|
 A B C D E F G H I J K L M N O P Q R S|
gracz O
--------------------------------------+
sX . O . . . . . . . . X . . . . . . .|
r. . . . . X . . . . . . X . . O . . .|
q. . . . . . X . . . . . . . . . . . .|
p. . . . O . O O O . . . X . . X . . .|
o. . . . . . . O X . . . O . . O . . X|
n. . . . . . O . . O . . O . . . O . O|
m. . . . . X O X . . . X . . . . . . .|
l. . . . X . . X . O . . . . X . . . .|
k. . . . . . . . . . . . . . . O . . .|
jX . . . . . . X X . . . . . . . . X .|
iO . . O O . . O O . . O . . . . . . O|
h. . . . . X . . X . . X . . . . X . X|
g. O . . . . . . . . X . . O . . . . O|
f. X . . . O O . . X . . . . . . . . .|
e. O . . X X . . X . . . . . . . . . O|
d. . . O X . . . . . . . . . . O X . .|
cX O . . . O . . . . . . . . . . . . .|
bO . . . . X . . . . . . . O O . . . .|
aX . . . . . . X . . . . . . . . . . X|
 A B C D E F G H I J K L M N O P Q R S|
gracz X
--------------------------------------+
sX . O . . . . . . . . X . . . . . . .|
r. . . . . X . . . . . . X . . O . . .|
q. . . . . . X . . . . . . . . . . . .|
p. . . . O . O O O . . . X . . X . . .|
o. . . . . . . O X . . . O . . O . . X|
n. . . . . . O . . O . . O . . . O . O|
m. . . . . X O X . . . X . . . . X . .|
l. . . . X . . X . O . . . . X . . . .|
k. . . . . . . X . . . . . . . O . . .|
jX . . . . . . X X . . . . . . . . X .|
iO . . O O . . O O . . O . . . . . . O|
h. . . . . X . . X . . X . . . . X . X|
g. O . . . . . . . . X . . O . . . . O|
f. X . . . O O . . X . . . . . . . . .|
e. O . . X X . . X . . . . . . . . . O|
d. . . O X . . . . . . . . . . O X . .|
cX O . . . O . . . . . . . . . . . . .|
bO . . . . X . . . . . . . O O . . . .|
aX . . . . . . X . . . . . . . . . . X|
 A B C D E F G H I J K L M N O P Q R S|
gracz O
--------------------------------------+
sX . O . . . . . . . . X . . . . . . .|
r. . . . . X . . . . . . X . . O . . .|
q. . . . . . X . . . . . . . . . . . .|
p. . . . O O O O O . . . X . . X . . .|
o. . . . . . . O X . . . O . . O . . X|
n. . . . . . O . . O . . O . . . O . O|
m. . . . . X O X . . . X . . . . X . .|
l. . . . X . . X . O . . . . X . . . .|
k. . . . . . . X . . . . . . . O . . .|
jX . . . . . . X X . . . . . . . . X .|
iO . . O O . . O O . . O . . . . . . O|
h. . . . . X . . X . . X . . . . X . X|
g. O . . . . . . . . X . . O . . . . O|
f. X . . . O O . . X . . . . . . . . .|
e. O . . X X . . X . . . . . . . . . O|
d. . . O X O . . . . . . . . . O X . .|
cX O . . . O . . . . . . . . . . . . .|
bO . . . . X . . . . . . . O O . . . .|
aX . . . . . . X . . . . . . . . . . X|
 A B C D E F G H I J K L M N O P Q R S|
gracz X
--------------------------------------+
sX . O . . . . . . . . X . . . . . . .|
r. . . . . X . . . . . . X . . O . . .|
q. . . . . . X . . . . . . . . . . . .|
p. . . . O O O O O . . . X . . X . . .|
o. . . . . . . O X . . . O . . O . . X|
n. . . . . . O . . O . . O . . . O . O|
m. . . . . X O X . . . X . . . . X . .|
l. . . . X . . X . O . . . . X . . . .|
k. . . . . . . X . . . . . . . O . . .|
jX . . . . . . X X . . . . . . . . X .|
iO . . O O . . O O . . O . . . . . . O|
h. . . . . X . . X . . X . . . . X . X|
g. O . . . . . . . . X . . O . . . . O|
f. X . . . O O . . X X . . . . . . . X|
e. O . . X X . . X . . . . . . . . . O|
d. . . O X O . . . . . . . . . O X . .|
cX O . . . O . . . . . . . . . . . . .|
bO . . . . X . . . . . . . O O . . . .|
aX . . . . . . X . . . . . . . . . . X|
 A B C D E F G H I J K L M N O P Q R S|
gracz O
--------------------------------------+
sX . O . . . . . . . . X . . . . . . .|
r. . . . . X . . . . . . X . . O . . .|
q. . . . . . X . . . . . . . . . . . .|
p. . . . O O O O O . . . X . . X . . .|
o. . . . . . . O X . . . O . . O . . X|
n. . . . . . O . . O . . O . . . O . O|
m. . . . . X O X . . . X . . . . X . .|
l. . . . X . . X . O . . . . X . . . .|
k. . . . . . . X . . . . . . . O . . .|
jX . . O . . . X X . . . . . . . . X .|
iO . . O O . . O O . . O . . . . . . O|
h. . . . . X . . X . . X . . . . X . X|
g. O . O . . . . . . X . . O . . . . O|
f. X . . . O O . . X X . . . . . . . X|
e. O . . X X . . X . . . . . . . . . O|
d. . . O X O . . . . . . . . . O X . .|
cX O . . . O . . . . . . . . . . . . .|
bO . . . . X . . . . . . . O O . . . .|
aX . . . . . . X . . . . . . . . . . X|
 A B C D E F G H I J K L M N O P Q R S|
gracz X
--------------------------------------+
sX . O . . . . . . . . X . . . . . . .|
r. . . . . X . . . . . . X . . O . . .|
q. . . . . . X . . . . . . X . . . X .|
p. . . . O O O O O . . . X . . X . . .|
o. . . . . . . O X . . . O . . O . . X|
n. . . . . . O . . O . . O . . . O . O|
m. . . . . X O X . . . X . . . . X . .|
l. . . . X . . X . O . . . . X . . . .|
k. . . . . . . X . . . . . . . O . . .|
jX . . O . . . X X . . . . . . . . X .|
iO . . O O . . O O . . O . . . . . . O|
h. . . . . X . . X . . X . . . . X . X|
g. O . O . . . . . . X . . O . . . . O|
f. X . . . O O . . X X . . . . . . . X|
e. O . . X X . . X . . . . . . . . . O|
d. . . O X O . . . . . . . . . O X . .|
cX O . . . O . . . . . . . . . . . . .|
bO . . . . X . . . . . . . O O . . . .|
aX . . . . . . X . . . . . . . . . . X|
 A B C D E F G H I J K L M N O P Q R S|
gracz O
--------------------------------------+
sX . O . . . . . . . . X . . . . . . .|
r. . . . . X . . . . . . X . . O . . .|
q. . . . . . X . . . . . . X . . . X .|
p. . . . O O O O O . . . X . . X . . .|
o. . . . . . . O X . . . O . . O . . X|
n. . . . . . O . . O . . O . . . O . O|
m. . O . . X O X . . . X . . . . X . .|
l. . . . X . . X . O . . . . X . . . .|
k. . . . . . . X . . . . . . . O . . .|
jX . . O . . . X X . . . . . . . . X .|
iO . . O O . . O O . . O . . . . O . O|
h. . . . . X . . X . . X . . . . X . X|
g. O . O . . . . . . X . . O . . . . O|
f. X . . . O O . . X X . . . . . . . X|
e. O . . X X . . X . . . . . . . . . O|
d. . . O X O . . . . . . . . . O X . .|
cX O . . . O . . . . . . . . . . . . .|
bO . . . . X . . . . . . . O O . . . .|
aX . . . . . . X . . . . . . . . . . X|
 A B C D E F G H I J K L M N O P Q R S|
gracz X
--------------------------------------+
sX . O . . . . . . . . X . . . . . . .|
r. . . . . X . . . . . . X . . O . . .|
q. X . . . . X . . . . . . X . . . X .|
p. . . . O O O O O . . . X . . X . . .|
o. . . . . . . O X . . . O . . O . . X|
n. . . . . . O . . O . . O . . . O . O|
m. . O . . X O X . . . X . . . . X . .|
l. . . . X . . X . O . . . . X . . . .|
k. . . . . . . X . . . . . . . O . . .|
jX . . O . . . X X . . . . . . . . X .|
iO . . O O . . O O . . O . . . . O . O|
h. . . . . X . . X . . X . . . . X . X|
g. O . O . . . . . . X . . O . . . . O|
f. X . . . O O . . X X . . . . X . . X|
e. O . . X X . . X . . . . . . . . . O|
d. . . O X O . . . . . . . . . O X . .|
cX O . . . O . . . . . . . . . . . . .|
bO . . . . X . . . . . . . O O . . . .|
aX . . . . . . X . . . . . . . . . . X|
 A B C D E F G H I J K L M N O P Q R S|
gracz O
--------------------------------------+
sX . O . . . . . . . . X . . . . . . .|
r. . . . . X . . . . . . X . . O . . .|
q. X . . . . X . . . . . . X . . . X .|
p. . . . O O O O O . . . X . . X . . .|
o. . . O . . . O X . . . O . . O . . X|
n. . . . . . O . . O . . O . . . O . O|
m. . O . . X O X . . . X . . . . X . .|
l. . . . X . . X . O . . . . X . . . .|
k. . . . . . . X . . . . . . . O . . .|
jX . . O . . . X X . . . . . . . . X .|
iO . . O O . . O O . . O . . . . O . O|
h. . . . . X O . X . . X . . . . X . X|
g. O . O . . . . . . X . . O . . . . O|
f. X . . . O O . . X X . . . . X . . X|
e. O . . X X . . X . . . . . . . . . O|
d. . . O X O . . . . . . . . . O X . .|
cX O . . . O . . . . . . . . . . . . .|
bO . . . . X . . . . . . . O O . . . .|
aX . . . . . . X . . . . . . . . . . X|
 A B C D E F G H I J K L M N O P Q R S|
gracz X
--------------------------------------+
sX . O . . . . . . . . X . . . . . . .|
r. . . . . X . . . . . . X . . O . . .|
q. X . . . . X . . . . . . X . . . X .|
p. . . . O O O O O . . . X . . X . . .|
o. . . O . . . O X . . . O . . O . . X|
n. X . . . . O . . O . . O . . . O . O|
m. . O . . X O X . . . X . . . . X . .|
l. . . . X . . X . O . . . . X . . . .|
k. . . . . . . X . . . . . . . O . . .|
jX . . O . . . X X . . . . . . . . X .|
iO . . O O . . O O . . O . . . . O . O|
h. . . . . X O . X . . X . . . . X . X|
g. O . O . . . . . . X . . O . . . . O|
f. X . . . O O . . X X . . . . X . . X|
e. O . . X X . . X . . . . . . . . . O|
d. . . O X O . . . . . . . . . O X . .|
cX O . . X O . . . . . . . . . . . . .|
bO . . . . X . . . . . . . O O . . . .|
aX . . . . . . X . . . . . . . . . . X|
 A B C D E F G H I J K L M N O P Q R S|
gracz O
--------------------------------------+
sX . O . . . . . . . . X . . . . . . .|
r. . . . . X . . . . . . X . . O . . .|
q. X . . . . X . . . . . . X . . . X .|
p. . . . O O O O O . . . X . . X . . .|
o. . . O . . . O X . . . O . . O . . X|
n. X . . . . O . . O . O O . . . O . O|
m. . O . . X O X . . . X . . . . X . .|
l. . . . X . . X . O . . . . X O . . .|
k. . . . . . . X . . . . . . . O . . .|
jX . . O . . . X X . . . . . . . . X .|
iO . . O O . . O O . . O . . . . O . O|
h. . . . . X O . X . . X . . . . X . X|
g. O . O . . . . . . X . . O . . . . O|
f. X . . . O O . . X X . . . . X . . X|
e. O . . X X . . X . . . . . . . . . O|
d. . . O X O . . . . . . . . . O X . .|
cX O . . X O . . . . . . . . . . . . .|
bO . . . . X . . . . . . . O O . . . .|
aX . . . . . . X . . . . . . . . . . X|
 A B C D E F G H I J K L M N O P Q R S|
gracz X
--------------------------------------+
sX . O . . . . . . . . X . . . . . . .|
r. . . . . X . . . . . . X . . O . . .|
q. X . . . X X . . . . . . X . . . X .|
p. . . X O O O O O . . . X . . X . . .|
o. . . O . . . O X . . . O . . O . . X|
n. X . . . . O . . O . O O . . . O . O|
m. . O . . X O X . . . X . . . . X . .|
l. . . . X . . X . O . . . . X O . . .|
k. . . . . . . X . . . . . . . O . . .|
jX . . O . . . X X . . . . . . . . X .|
iO . . O O . . O O . . O . . . . O . O|
h. . . . . X O . X . . X . . . . X . X|
g. O . O . . . . . . X . . O . . . . O|
f. X . . . O O . . X X . . . . X . . X|
e. O . . X X . . X . . . . . . . . . O|
d. . . O X O . . . . . . . . . O X . .|
cX O . . X O . . . . . . . . . . . . .|
bO . . . . X . . . . . . . O O . . . .|
aX . . . . . . X . . . . . . . . . . X|
 A B C D E F G H I J K L M N O P Q R S|
gracz O
--------------------------------------+
sX . O . . . . . . . . X . . . . . . .|
r. . . . . X . . . . . . X . . O . . .|
q. X . . . X X . . . . . . X O . . X .|
p. . . X O O O O O . . . X . . X . . .|
o. . . O . . . O X . . . O . . O . . X|
n. X . . . . O . . O . O O . . . O . O|
m. . O . . X O X . . . X . . . . X . .|
l. . . . X . . X . O . . . . X O . . .|
k. . . . . . . X . . . . . . . O . . .|
jX . . O . . . X X . . . . . . . . X .|
iO . . O O . . O O . . O . . . . O . O|
h. . . . . X O . X . . X . . . . X . X|
g. O . O . . . . . . X . . O . . . . O|
f. X . . . O O . . X X . . . . X . . X|
e. O . . X X . . X . . . . . . . . . O|
d. . . O X O . . . . . . . O . O X . .|
cX O . . X O . . . . . . . . . . . . .|
bO . . . . X . . . . . . . O O . . . .|
aX . . . . . . X . . . . . . . . . . X|
 A B C D E F G H I J K L M N O P Q R S|
gracz X
--------------------------------------+
sX . O . . . . . . . . X . . . . . . .|
r. . . . . X . . . . . . X . . O . . .|
q. X . . . X X . . . . . . X O . . X .|
p. . . X O O O O O . . . X . . X . . .|
o. . . O . . . O X . . . O . . O . . X|
n. X . . . . O . . O . O O . . . O . O|
m. . O . . X O X . . . X . . . . X . .|
l. . . . X . . X . O . . . . X O . . .|
k. . . . . . . X . . . . . . . O . . .|
jX . . O . . . X X . . . . . . . . X .|
iO . . O O . . O O . . O . . . . O . O|
h. . . . . X O . X . . X . . . . X . X|
g. O . O . . . . . . X . . O . . . . O|
f. X . . . O O . . X X . . . . X . X X|
e. O . . X X . . X . . . . . . . . . O|
d. . . O X O . . . . . . . O . O X . .|
cX O . . X O . . . X . . . . . . . . .|
bO . . . . X . . . . . . . O O . . . .|
aX . . . . . . X . . . . . . . . . . X|
 A B C D E F G H I J K L M N O P Q R S|
gracz O
--------------------------------------+
sX . O . . . . . O . . X . . . . . . .|
r. . . . . X . . . . . . X . . O . . .|
q. X . . . X X . . . . . . X O . . X .|
p. . . X O O O O O . . . X . . X . . .|
o. . . O . . . O X . . . O . . O . . X|
n. X . . . . O . . O . O O . . . O . O|
m. . O . . X O X . . . X . . . . X . .|
l. . . . X . . X . O . . . . X O . . .|
k. . . . . . . X . . . . . . . O . . .|
jX . . O . . . X X . . . . . . . . X .|
iO . . O O . . O O . . O . . . . O . O|
h. . . . . X O . X . . X . . . . X . X|
g. O . O . . . . . . X . . O . . . . O|
f. X . . . O O . . X X . . . . X . X X|
e. O . . X X . . X . . . . . . . . . O|
d. . . O X O . . . . . . . O . O X . .|
cX O . . X O . . . X . . . . . . . . .|
bO . . . . X . . . . . . . O O . . . .|
aX . . . . . . X . . . . O . . . . . X|
 A B C D E F G H I J K L M N O P Q R S|
gracz X
--------------------------------------+
sX . O . . . . . O . . X . X . . . . .|
r. . . . . X . . . . . . X . . O . . .|
q. X . . . X X . . . . . . X O . . X .|
p. . . X O O O O O . . . X . . X . . .|
o. . . O . . . O X . . . O . . O . . X|
n. X . . . . O . . O . O O . . . O . O|
m. . O . . X O X . . . X . . . . X . .|
l. . . . X . . X . O . . . . X O . . .|
k. . . . . . . X . . . . . . . O . . .|
jX . . O . . . X X . . . . . . . . X .|
iO . . O O . . O O . . O . . . . O . O|
h. . . . . X O . X . . X . . . . X . X|
g. O . O . . . . . . X . . O . . . . O|
fX X . . . O O . . X X . . . . X . X X|
e. O . . X X . . X . . . . . . . . . O|
d. . . O X O . . . . . . . O . O X . .|
cX O . . X O . . . X . . . . . . . . .|
bO . . . . X . . . . . . . O O . . . .|
aX . . . . . . X . . . . O . . . . . X|
 A B C D E F G H I J K L M N O P Q R S|
gracz O
--------------------------------------+
sX . O . . . . . O . . X . X . . . . .|
r. . . . . X . . . . . . X . . O . . .|
q. X . . . X X . . . O . . X O . . X .|
p. . . X O O O O O . . . X . . X . . .|
o. . . O . . . O X . . . O . . O . . X|
n. X . . . . O . . O . O O . . . O . O|
m. . O . . X O X . . . X . . . . X . .|
l. . . . X . . X . O . . . . X O . . .|
k. . . . . . . X . . . . . . . O . . .|
jX . . O . . . X X . . . . . . . . X .|
iO . . O O . . O O . . O . . . . O . O|
h. . . . . X O . X . . X . . . . X . X|
g. O . O . . . . . . X . . O . . . . O|
fX X . . . O O . . X X . . . . X . X X|
e. O . . X X . . X . . . . . . . . . O|
d. . . O X O . . . . . . . O . O X . .|
cX O . . X O . . . X . . . . . . . . .|
bO . . . . X . . . . . . . O O . . . .|
aX . O . . . . X . . . . O . . . . . X|
 A B C D E F G H I J K L M N O P Q R S|
gracz X
--------------------------------------+
sX . O . . . . . O . . X . X . . . . .|
r. . . . . X . . . . . . X . . O . . .|
q. X . . . X X . . . O . . X O . . X .|
p. . . X O O O O O . . . X . . X . . .|
o. . . O . . . O X . . . O . X O . . X|
n. X . . . . O . . O . O O . . . O . O|
m. . O . . X O X . . . X . . . . X . .|
l. . . . X . . X . O . . . . X O . . .|
k. . . . . . . X . . . . . . . O . . .|
jX . . O . . . X X . . . . . . . . X .|
iO . . O O . . O O . . O . . . . O . O|
h. . . . . X O . X . . X . . . . X . X|
g. O . O . . . . . X X . . O . . . . O|
fX X . . . O O . . X X . . . . X . X X|
e. O . . X X . . X . . . . . . . . . O|
d. . . O X O . . . . . . . O . O X . .|
cX O . . X O . . . X . . . . . . . . .|
bO . . . . X . . . . . . . O O . . . .|
aX . O . . . . X . . . . O . . . . . X|
 A B C D E F G H I J K L M N O P Q R S|
gracz O
--------------------------------------+
sX . O . . . . . O . . X . X . . . . .|
r. . . . . X . . . . . . X . . O . . .|
q. X . . . X X . . . O . . X O . . X .|
p. . . X O O O O O . . . X . . X . . .|
o. . . O . . . O X . . . O . X O . . X|
n. X . . . . O . . O . O O . . . O . O|
m. . O . . X O X . . . X . . . . X . .|
l. . . . X . . X . O . . . . X O . . .|
k. . . . . . . X . . . . . . . O . . .|
jX . . O . . . X X . . . . . . . . X .|
iO . . O O . . O O . . O . . . . O . O|
h. . . . . X O . X . . X . . . . X . X|
g. O . O . . . . . X X . . O . . . . O|
fX X . . . O O . . X X . . . . X . X X|
e. O O . X X . . X . . . . . . . . . O|
d. . . O X O . O . . . . . O . O X . .|
cX O . . X O . . . X . . . . . . . . .|
bO . . . . X . . . . . . . O O . . . .|
aX . O . . . . X . . . . O . . . . . X|
 A B C D E F G H I J K L M N O P Q R S|
gracz X
--------------------------------------+
sX . O . X . . . O . . X . X . . . . .|
r. . . . . X . . . . . . X . . O . . .|
q. X . . . X X . . . O . . X O . . X .|
p. . . X O O O O O . . . X . . X . . X|
o. . . O . . . O X . . . O . X O . . X|
n. X . . . . O . . O . O O . . . O . O|
m. . O . . X O X . . . X . . . . X . .|
l. . . . X . . X . O . . . . X O . . .|
k. . . . . . . X . . . . . . . O . . .|
jX . . O . . . X X . . . . . . . . X .|
iO . . O O . . O O . . O . . . . O . O|
h. . . . . X O . X . . X . . . . X . X|
g. O . O . . . . . X X . . O . . . . O|
fX X . . . O O . . X X . . . . X . X X|
e. O O . X X . . X . . . . . . . . . O|
d. . . O X O . O . . . . . O . O X . .|
cX O . . X O . . . X . . . . . . . . .|
bO . . . . X . . . . . . . O O . . . .|
aX . O . . . . X . . . . O . . . . . X|
 A B C D E F G H I J K L M N O P Q R S|
gracz O
--------------------------------------+
sX . O . X . . . O . . X . X . O . . .|
r. . . . . X . . . . . . X . . O . . .|
q. X . . . X X . . . O . . X O . . X .|
p. . . X O O O O O . . . X . . X . . X|
o. . . O . . . O X . . . O . X O . . X|
n. X . . . . O . . O . O O . . . O . O|
m. . O . . X O X . . . X . . . . X . .|
l. . . . X . . X . O . . . . X O . . .|
k. . . . . . . X . . . . . . . O . . .|
jX . . O . . . X X . . . . . . . . X .|
iO . . O O . . O O . . O . . . . O . O|
h. . . . . X O . X . . X . . . . X . X|
g. O . O . . . . . X X . . O . . . . O|
fX X . . . O O . . X X . . . . X . X X|
e. O O . X X . . X . . . . . . . . . O|
d. . . O X O . O . . . . . O . O X . .|
cX O . . X O . . . X . . . . . . . . .|
bO . . . . X . . . . . . . O O . . . .|
aX . O . . . . X . . . . O . O . . . X|
 A B C D E F G H I J K L M N O P Q R S|
gracz X
--------------------------------------+
sX . O . X . . . O . . X . X . O . . .|
r. . . . . X . . . . . X X . . O . . .|
q. X . . . X X . . . O . . X O . . X .|
p. . . X O O O O O . . . X . . X . . X|
o. . . O . . . O X . . . O . X O . . X|
n. X . . . . O . . O . O O . . . O . O|
m. . O . . X O X . . . X . . . . X . .|
l. . . . X . . X . O . . . . X O . . .|
k. . . . . . . X . . . . . . . O . . .|
jX . . O . . . X X . . . . . . . . X .|
iO . . O O . . O O . . O . . . . O . O|
h. . . . . X O . X . . X . . . . X . X|
g. O . O . . . . . X X . . O . . . . O|
fX X . . . O O . . X X . . . . X . X X|
e. O O . X X . . X . . . . . . . . . O|
d. . . O X O . O . . . . . O . O X . .|
cX O . . X O . . . X . . . . . . . . .|
bO . . . . X . . . . . . . O O . . . .|
aX . O . . . . X X . . . O . O . . . X|
 A B C D E F G H I J K L M N O P Q R S|
gracz O
--------------------------------------+
sX . O . X . . . O . . X . X . O . . .|
r. . . . . X . . . . . X X . . O . . .|
q. X . . . X X . . . O . . X O . . X .|
p. . . X O O O O O . . . X . . X . . X|
o. . . O . . . O X . . . O . X O . . X|
n. X . . . . O . . O O O O . . . O . O|
m. . O . . X O X . . . X . . . . X . .|
l. . . . X . . X . O . . . . X O . . .|
k. . . . . . . X . . . . . . . O . . .|
jX . . O . . . X X . . . . . O . . X .|
iO . . O O . . O O . . O . . . . O . O|
h. . . . . X O . X . . X . . . . X . X|
g. O . O . . . . . X X . . O . . . . O|
fX X . . . O O . . X X . . . . X . X X|
e. O O . X X . . X . . . . . . . . . O|
d. . . O X O . O . . . . . O . O X . .|
cX O . . X O . . . X . . . . . . . . .|
bO . . . . X . . . . . . . O O . . . .|
aX . O . . . . X X . . . O . O . . . X|
 A B C D E F G H I J K L M N O P Q R S|
gracz X
--------------------------------------+
sX . O . X . . . O . . X . X . O . . .|
r. . . . . X . . . . . X X . . O . . .|
q. X . . . X X . . . O . . X O . . X .|
p. . . X O O O O O . . . X . . X . . X|
o. . . O . . . O X . . . O . X O . . X|
n. X . . . . O . . O O O O . . . O . O|
m. . O . . X O X . . . X . . . . X . .|
l. . . . X . . X . O . . . . X O . . .|
k. . . . . . . X . X . . . . . O . . .|
jX . . O . . . X X . . . . . O . . X .|
iO . . O O . . O O . . O . . . . O . O|
h. . . . . X O . X . . X . . . . X . X|
g. O . O . . . . . X X . . O . . . . O|
fX X . . . O O . . X X . . . . X . X X|
e. O O . X X . . X . . . . . . . . . O|
d. . . O X O . O . . . . . O . O X X .|
cX O . . X O . . . X . . . . . . . . .|
bO . . . . X . . . . . . . O O . . . .|
aX . O . . . . X X . . . O . O . . . X|
 A B C D E F G H I J K L M N O P Q R S|
gracz O
--------------------------------------+
sX . O . X . . . O . . X . X . O . . .|
r. . . . . X . . . . . X X . . O . . .|
q. X . . . X X . . . O . . X O . . X .|
p. . . X O O O O O . . . X . . X . . X|
o. . . O . . . O X . . . O . X O . . X|
n. X . . . . O . . O O O O . . . O . O|
m. . O . . X O X . . . X . . . . X . .|
l. . . . X . . X . O . . . . X O . . .|
k. . . . . . . X . X . . . . . O . . .|
jX . . O . . . X X . . . . . O . . X .|
iO . . O O . . O O . . O . . . . O O O|
h. . . . . X O . X . . X . . . . X . X|
g. O . O . . . . . X X . . O . . . . O|
fX X . . . O O . . X X . . . . X . X X|
e. O O . X X . . X . . O . . . . . . O|
d. . . O X O . O . . . . . O . O X X .|
cX O . . X O . . . X . . . . . . . . .|
bO . . . . X . . . . . . . O O . . . .|
aX . O . . . . X X . . . O . O . . . X|
 A B C D E F G H I J K L M N O P Q R S|
gracz X
--------------------------------------+
sX . O . X . . . O . . X . X . O . . .|
r. . . . . X . . . . . X X . . O . . .|
q. X . . . X X . . . O . . X O . . X .|
p. . . X O O O O O . . . X . . X . . X|
o. . . O . . . O X . . . O . X O . . X|
n. X . . X . O . . O O O O . . . O . O|
m. . O . . X O X . . . X . . . . X . X|
l. . . . X . . X . O . . . . X O . . .|
k. . . . . . . X . X . . . . . O . . .|
jX . . O . . . X X . . . . . O . . X .|
iO . . O O . . O O . . O . . . . O O O|
h. . . . . X O . X . . X . . . . X . X|
g. O . O . . . . . X X . . O . . . . O|
fX X . . . O O . . X X . . . . X . X X|
e. O O . X X . . X . . O . . . . . . O|
d. . . O X O . O . . . . . O . O X X .|
cX O . . X O . . . X . . . . . . . . .|
bO . . . . X . . . . . . . O O . . . .|
aX . O . . . . X X . . . O . O . . . X|
 A B C D E F G H I J K L M N O P Q R S|
gracz O
--------------------------------------+
sX . O . X . . . O . . X . X . O . . .|
r. . . . . X . . . . . X X . . O . . .|
q. X . . . X X . . . O . . X O . . X .|
p. . . X O O O O O . . . X . . X . . X|
o. . . O . . . O X . . . O . X O . O X|
n. X . . X . O . . O O O O . . . O . O|
m. . O . . X O X . . . X . . . . X . X|
l. . . . X . . X . O . . . . X O . . .|
k. . . . . . . X . X . . . . . O . . .|
jX . . O . . . X X . . . . . O . O X .|
iO . . O O . . O O . . O . . . . O O O|
h. . . . . X O . X . . X . . . . X . X|
g. O . O . . . . . X X . . O . . . . O|
fX X . . . O O . . X X . . . . X . X X|
e. O O . X X . . X . . O . . . . . . O|
d. . . O X O . O . . . . . O . O X X .|
cX O . . X O . . . X . . . . . . . . .|
bO . . . . X . . . . . . . O O . . . .|
aX . O . . . . X X . . . O . O . . . X|
 A B C D E F G H I J K L M N O P Q R S|
gracz X
--------------------------------------+
sX . O . X . . . O . . X . X . O . . .|
r. . . . . X . . . . . X X . . O . . .|
q. X . . . X X . . . O . . X O . . X .|
p. . . X O O O O O . . . X . . X . . X|
o. . . O . . . O X . . . O . X O . O X|
n. X . . X . O . . O O O O . . . O . O|
m. . O . . X O X . . . X . . . . X . X|
l. . . . X . . X . O . . . . X O . . .|
k. . . . . . . X . X . . . . . O . . .|
jX . . O . . . X X . . . . . O . O X .|
iO . . O O . . O O . . O . . . . O O O|
h. . . . . X O . X . . X . . . . X . X|
g. O . O . . . . . X X . . O . . . . O|
fX X . . . O O . . X X . . . . X . X X|
e. O O . X X X . X . . O . . . . . . O|
d. . . O X O . O . . . . . O . O X X .|
cX O . . X O . X . X . . . . . . . . .|
bO . . . . X . . . . . . . O O . . . .|
aX . O . . . . X X . . . O . O . . . X|
 A B C D E F G H I J K L M N O P Q R S|
gracz O
--------------------------------------+
sX . O . X . . . O . . X . X . O . . .|
r. . . . . X . . . . . X X . . O . . .|
q. X . . . X X . . . O . . X O . . X .|
p. . . X O O O O O . . . X . . X . . X|
o. . . O . . . O X . . . O . X O . O X|
n. X . . X . O . . O O O O . . . O . O|
m. . O . . X O X . . . X . . . . X . X|
l. . . . X . . X . O . . . . X O . . .|
k. . . . . . . X . X . . . . . O . . .|
jX . . O . . . X X . . . . . O . O X .|
iO . . O O . . O O . . O . . . . O O O|
h. . . . . X O . X . . X . . . . X . X|
g. O . O . . . . . X X . . O . O . . O|
fX X . . . O O . . X X . . . . X . X X|
e. O O . X X X . X . . O . . . . . . O|
d. . . O X O . O . . . . O O . O X X .|
cX O . . X O . X . X . . . . . . . . .|
bO . . . . X . . . . . . . O O . . . .|
aX . O . . . . X X . . . O . O . . . X|
 A B C D E F G H I J K L M N O P Q R S|
gracz X
--------------------------------------+
sX . O . X . . . O . . X . X . O . . .|
r. . . . . X . . . . . X X . . O . . .|
q. X . . . X X X . . O . . X O . . X .|
p. . . X O O O O O . . . X . . X . . X|
o. . . O . . . O X . . . O . X O . O X|
n. X . . X . O . . O O O O . . . O . O|
m. . O . . X O X . . . X . . . . X . X|
l. . . . X . . X . O . . . . X O . . .|
k. . . . . . . X . X . . . . . O . . .|
jX X . O . . . X X . . . . . O . O X .|
iO . . O O . . O O . . O . . . . O O O|
h. . . . . X O . X . . X . . . . X . X|
g. O . O . . . . . X X . . O . O . . O|
fX X . . . O O . . X X . . . . X . X X|
e. O O . X X X . X . . O . . . . . . O|
d. . . O X O . O . . . . O O . O X X .|
cX O . . X O . X . X . . . . . . . . .|
bO . . . . X . . . . . . . O O . . . .|
aX . O . . . . X X . . . O . O . . . X|
 A B C D E F G H I J K L M N O P Q R S|
gracz O
--------------------------------------+
sX . O . X . . . O . . X . X . O . . .|
r. . . . . X . . . . . X X . . O . . .|
q. X . . . X X X . . O . . X O . . X .|
p. . . X O O O O O . . . X . . X . . X|
o. . . O . . . O X . . . O . X O . O X|
n. X . . X . O . . O O O O . . . O . O|
m. . O . . X O X . . . X . . . . X . X|
l. . . . X . . X . O . . O . X O . . .|
k. . . . . . . X . X . . . . . O . . .|
jX X . O . O . X X . . . . . O . O X .|
iO . . O O . . O O . . O . . . . O O O|
h. . . . . X O . X . . X . . . . X . X|
g. O . O . . . . . X X . . O . O . . O|
fX X . . . O O . . X X . . . . X . X X|
e. O O . X X X . X . . O . . . . . . O|
d. . . O X O . O . . . . O O . O X X .|
cX O . . X O . X . X . . . . . . . . .|
bO . . . . X . . . . . . . O O . . . .|
aX . O . . . . X X . . . O . O . . . X|
 A B C D E F G H I J K L M N O P Q R S|
gracz X
--------------------------------------+
sX . O . X . . . O . . X . X . O . . .|
r. . . . . X . . . . . X X . . O X . .|
q. X . . . X X X . . O . . X O . . X .|
p. . . X O O O O O . . . X . . X . . X|
o. . . O . . . O X . . . O . X O . O X|
n. X . . X . O . . O O O O . . . O . O|
m. . O . . X O X . . . X . . . . X . X|
l. . . . X . . X . O . . O . X O . . .|
k. . . . . . . X . X . . . . . O . . .|
jX X . O . O . X X . . . . . O . O X .|
iO . . O O . . O O . . O . . . . O O O|
h. . . . . X O . X . . X . . . . X . X|
g. O X O . . . . . X X . . O . O . . O|
fX X . . . O O . . X X . . . . X . X X|
e. O O . X X X . X . . O . . . . . . O|
d. . . O X O . O . . . . O O . O X X .|
cX O . . X O . X . X . . . . . . . . .|
bO . . . . X . . . . . . . O O . . . .|
aX . O . . . . X X . . . O . O . . . X|
 A B C D E F G H I J K L M N O P Q R S|
gracz O
--------------------------------------+
sX . O . X . . . O . . X . X . O . . .|
r. . . . . X . . . . . X X . . O X . .|
q. X . . . X X X O . O . . X O . . X .|
p. . . X O O O O O . . . X . . X . . X|
o. . . O . . . O X . . . O . X O . O X|
n. X . . X . O . O O O O O . . . O . O|
m. . O . . X O X . . . X . . . . X . X|
l. . . . X . . X . O . . O . X O . . .|
k. . . . . . . X . X . . . . . O . . .|
jX X . O . O . X X . . . . . O . O X .|
iO . . O O . . O O . . O . . . . O O O|
h. . . . . X O . X . . X . . . . X . X|
g. O X O . . . . . X X . . O . O . . O|
fX X . . . O O . . X X . . . . X . X X|
e. O O . X X X . X . . O . . . . . . O|
d. . . O X O . O . . . . O O . O X X .|
cX O . . X O . X . X . . . . . . . . .|
bO . . . . X . . . . . . . O O . . . .|
aX . O . . . . X X . . . O . O . . . X|
 A B C D E F G H I J K L M N O P Q R S|
gracz X
--------------------------------------+
sX . O . X . . . O . . X . X . O . . .|
r. . . . . X . . . . . X X . . O X . .|
q. X . . . X X X O . O . . X O . . X .|
p. . . X O O O O O . . . X . . X . . X|
o. . . O . . . O X . . . O . X O . O X|
n. X . . X . O . O O O O O . . . O . O|
m. . O . . X O X . . . X . . . . X . X|
l. . . . X . . X . O . . O . X O . . .|
k. . . . . . . X . X . . . X . O . . .|
jX X . O . O . X X . . . . . O . O X .|
iO . . O O . . O O . . O . . . . O O O|
h. . . . . X O . X . . X . . . . X . X|
g. O X O . . . . . X X . . O . O . . O|
fX X . . . O O . . X X . . . . X . X X|
e. O O . X X X . X . . O . . . . . . O|
d. . . O X O . O X . . . O O . O X X .|
cX O . . X O . X . X . . . . . . . . .|
bO . . . . X . . . . . . . O O . . . .|
aX . O . . . . X X . . . O . O . . . X|
 A B C D E F G H I J K L M N O P Q R S|
gracz O
--------------------------------------+
sX . O . X . . . O . . X . X . O . . .|
r. . . . . X . . . O . X X . . O X . .|
q. X . . . X X X O . O . . X O . . X .|
p. . . X O O O O O . . . X . . X . . X|
o. . . O . . . O X . . . O . X O . O X|
n. X . . X . O . O O O O O . . . O . O|
m. . O . . X O X . . . X . . . . X . X|
l. . . . X . . X . O . . O . X O . . .|
k. . . . . . . X . X . . . X . O . . .|
jX X . O . O . X X . . . . . O . O X .|
iO . . O O . . O O . . O . . . . O O O|
h. . . . . X O . X . . X . . . . X . X|
g. O X O . . . . . X X . . O . O . . O|
fX X . . . O O . . X X . O . . X . X X|
e. O O . X X X . X . . O . . . . . . O|
d. . . O X O . O X . . . O O . O X X .|
cX O . . X O . X . X . . . . . . . . .|
bO . . . . X . . . . . . . O O . . . .|
aX . O . . . . X X . . . O . O . . . X|
 A B C D E F G H I J K L M N O P Q R S|
gracz X
--------------------------------------+
sX . O . X . . . O . . X . X . O . . .|
r. . . . . X . . . O . X X . . O X . .|
q. X . . . X X X O . O . . X O . . X .|
p. . . X O O O O O . . . X . . X . . X|
o. . . O . . . O X . . . O . X O . O X|
n. X . . X . O . O O O O O . . . O . O|
m. . O . . X O X . . . X . . . . X . X|
l. . . . X . X X . O . . O . X O . . .|
k. . . . . . . X . X . . . X . O . . .|
jX X . O . O . X X . . . . . O . O X .|
iO . . O O . . O O . . O . . . . O O O|
h. . . . . X O . X . . X . . . . X . X|
g. O X O . . . . . X X . . O . O . . O|
fX X . . . O O . . X X . O . . X . X X|
e. O O . X X X . X . . O . . . . . . O|
d. . . O X O . O X . . . O O . O X X .|
cX O . . X O . X . X . . . . . . . . .|
bO . . . . X . . X . . . . O O . . . .|
aX . O . . . . X X . . . O . O . . . X|
 A B C D E F G H I J K L M N O P Q R S|
gracz O
--------------------------------------+
sX . O . X . . . O . . X . X . O . . .|
r. . . . . X . . . O . X X . . O X . .|
q. X . . . X X X O . O . . X O . . X .|
p. . . X O O O O O . . . X . . X . . X|
o. . . O . . . O X . . . O . X O . O X|
n. X . . X . O . O O O O O . . . O . O|
m. . O . . X O X . . . X . . . . X . X|
l. . . . X . X X . O . . O . X O . . .|
k. . . . . . . X . X . . . X . O . . .|
jX X . O . O . X X . . . . . O . O X .|
iO . . O O . . O O . O O . . . . O O O|
h. . . . . X O . X . . X . . . . X . X|
g. O X O . . . . . X X . . O . O . . O|
fX X O . . O O . . X X . O . . X . X X|
e. O O . X X X . X . . O . . . . . . O|
d. . . O X O . O X . . . O O . O X X .|
cX O . . X O . X . X . . . . . . . . .|
bO . . . . X . . X . . . . O O . . . .|
aX . O . . . . X X . . . O . O . . . X|
 A B C D E F G H I J K L M N O P Q R S|
gracz X
--------------------------------------+
sX . O . X . . . O . . X . X . O . . .|
r. . . . . X . . . O . X X . . O X . .|
q. X . . . X X X O . O . . X O . . X .|
pX . . X O O O O O . . . X . . X . . X|
o. . . O X . . O X . . . O . X O . O X|
n. X . . X . O . O O O O O . . . O . O|
m. . O . . X O X . . . X . . . . X . X|
l. . . . X . X X . O . . O . X O . . .|
k. . . . . . . X . X . . . X . O . . .|
jX X . O . O . X X . . . . . O . O X .|
iO . . O O . . O O . O O . . . . O O O|
h. . . . . X O . X . . X . . . . X . X|
g. O X O . . . . . X X . . O . O . . O|
fX X O . . O O . . X X . O . . X . X X|
e. O O . X X X . X . . O . . . . . . O|
d. . . O X O . O X . . . O O . O X X .|
cX O . . X O . X . X . . . . . . . . .|
bO . . . . X . . X . . . . O O . . . .|
aX . O . . . . X X . . . O . O . . . X|
 A B C D E F G H I J K L M N O P Q R S|
gracz O
--------------------------------------+
sX . O . X . . . O . . X . X . O . . .|
r. . . . . X . . . O . X X . . O X . .|
q. X . . . X X X O . O . . X O . . X .|
pX . . X O O O O O . . . X . . X . . X|
o. . . O X . . O X . . . O . X O . O X|
n. X . . X . O . O O O O O . . . O . O|
m. . O . . X O X . . . X . . . . X . X|
l. . . . X . X X . O . . O . X O . . .|
kO . . . . . . X . X . . . X . O . . .|
jX X . O . O . X X . . . . . O . O X .|
iO . . O O . . O O . O O . . . . O O O|
h. . . . . X O . X . . X . . . . X . X|
g. O X O . . . . O X X . . O . O . . O|
fX X O . . O O . . X X . O . . X . X X|
e. O O . X X X . X . . O . . . . . . O|
d. . . O X O . O X . . . O O . O X X .|
cX O . . X O . X . X . . . . . . . . .|
bO . . . . X . . X . . . . O O . . . .|
aX . O . . . . X X . . . O . O . . . X|
 A B C D E F G H I J K L M N O P Q R S|
gracz X
--------------------------------------+
sX . O . X . . . O . . X . X . O . . .|
r. . . . . X . . . O . X X . . O X . .|
q. X . . . X X X O . O . . X O . . X .|
pX . . X O O O O O . . . X . . X . . X|
o. . . O X . . O X . . . O . X O . O X|
n. X . . X . O . O O O O O . . . O . O|
m. . O . . X O X . . . X . . . . X . X|
l. . . . X . X X . O . . O . X O . . .|
kO . . . . . . X . X . . . X . O . . .|
jX X . O . O . X X . . . . . O . O X .|
iO . . O O . . O O . O O . . . . O O O|
h. . . . . X O . X . . X . . . . X . X|
g. O X O . . X . O X X . . O . O . . O|
fX X O . . O O . . X X . O . . X . X X|
e. O O . X X X . X . . O X . . . . . O|
d. . . O X O . O X . . . O O . O X X .|
cX O . . X O . X . X . . . . . . . . .|
bO . . . . X . . X . . . . O O . . . .|
aX . O . . . . X X . . . O . O . . . X|
 A B C D E F G H I J K L M N O P Q R S|
gracz O
--------------------------------------+
sX . O . X . . . O . . X . X . O . . .|
r. . . . . X . . . O . X X . . O X . .|
q. X . . . X X X O . O . . X O . . X .|
pX . . X O O O O O . . . X . . X . . X|
o. . . O X . . O X . O . O . X O . O X|
n. X . . X . O . O O O O O . . . O . O|
m. . O . . X O X . . . X . . . . X . X|
l. . . . X . X X . O . . O . X O . . .|
kO . . . . . . X . X . . . X . O . . .|
jX X . O . O . X X . . . . . O . O X .|
iO . . O O . . O O . O O . . . . O O O|
h. . O . . X O . X . . X . . . . X . X|
g. O X O . . X . O X X . . O . O . . O|
fX X O . . O O . . X X . O . . X . X X|
e. O O . X X X . X . . O X . . . . . O|
d. . . O X O . O X . . . O O . O X X .|
cX O . . X O . X . X . . . . . . . . .|
bO . . . . X . . X . . . . O O . . . .|
aX . O . . . . X X . . . O . O . . . X|
 A B C D E F G H I J K L M N O P Q R S|
gracz X
--------------------------------------+
sX . O . X . . . O . . X . X . O . . .|
r. . . . . X . . . O . X X . . O X . .|
q. X . . . X X X O . O . . X O . . X .|
pX . . X O O O O O . . . X . . X . . X|
o. . . O X . . O X . O . O . X O . O X|
n. X . . X . O . O O O O O . . . O . O|
m. . O . . X O X . . . X . . . . X . X|
l. . . . X . X X . O . . O . X O . . .|
kO . . . . . . X . X . . . X . O . X .|
jX X . O . O . X X . . . . . O . O X .|
iO . . O O . . O O . O O . . . . O O O|
h. . O . . X O . X . . X . . . . X . X|
g. O X O . . X . O X X . . O . O . . O|
fX X O . . O O . . X X . O . . X . X X|
e. O O . X X X . X . . O X . . . . . O|
d. . . O X O . O X . . . O O . O X X .|
cX O . . X O . X . X . . . . . . . . .|
bO . . . . X X . X . . . . O O . . . .|
aX . O . . . . X X . . . O . O . . . X|
 A B C D E F G H I J K L M N O P Q R S|
gracz O
--------------------------------------+
sX . O . X . . . O . . X . X . O . . .|
r. . . . . X . . . O . X X . . O X . .|
q. X . . . X X X O . O . . X O . . X .|
pX . . X O O O O O . . . X . . X . . X|
oO . . O X . . O X . O . O . X O . O X|
n. X . . X . O . O O O O O . . . O . O|
m. . O . . X O X . . . X . . . . X . X|
l. . . . X . X X . O . . O . X O . . .|
kO . . . . . . X . X . . O X . O . X .|
jX X . O . O . X X . . . . . O . O X .|
iO . . O O . . O O . O O . . . . O O O|
h. . O . . X O . X . . X . . . . X . X|
g. O X O . . X . O X X . . O . O . . O|
fX X O . . O O . . X X . O . . X . X X|
e. O O . X X X . X . . O X . . . . . O|
d. . . O X O . O X . . . O O . O X X .|
cX O . . X O . X . X . . . . . . . . .|
bO . . . . X X . X . . . . O O . . . .|
aX . O . . . . X X . . . O . O . . . X|
 A B C D E F G H I J K L M N O P Q R S|
gracz X
--------------------------------------+
sX . O . X . . . O . . X . X . O . . .|
r. . . . . X . . . O . X X . . O X . .|
q. X . . . X X X O . O . . X O . . X .|
pX . . X O O O O O . . . X . . X . . X|
oO . . O X . . O X . O . O . X O . O X|
n. X . . X . O . O O O O O . . . O . O|
m. . O . . X O X . . . X . . . . X . X|
l. . . . X . X X . O . . O . X O . . .|
kO . . . . . . X . X . . O X . O . X .|
jX X . O . O . X X . . . . . O . O X .|
iO . . O O . . O O . O O . . . . O O O|
h. . O . . X O . X . . X . . . . X . X|
g. O X O . . X . O X X . . O . O . . O|
fX X O . . O O . . X X . O . . X . X X|
e. O O . X X X . X . . O X . . . . . O|
d. . . O X O . O X . . . O O . O X X .|
cX O . . X O . X . X . . . . . . . . .|
bO . . . . X X X X . . . . O O . . . .|
aX . O . . . . X X . . . O . O . . X X|
 A B C D E F G H I J K L M N O P Q R S|
gracz O
--------------------------------------+
sX . O . X . . . O . . X . X . O . . .|
r. . . . . X . . . O . X X . . O X . .|
q. X . . . X X X O . O . . X O . . X .|
pX . . X O O O O O . . . X . . X . . X|
oO . . O X . . O X . O . O . X O . O X|
n. X . . X . O . O O O O O . . . O . O|
m. . O . . X O X . . . X . . . . X . X|
l. . . . X . X X . O . . O . X O . . .|
kO . . . . . . X . X . . O X . O . X .|
jX X . O . O . X X . . . . . O . O X .|
iO . . O O . . O O . O O . . . . O O O|
h. . O O . X O . X . . X . . . . X . X|
g. O X O . . X . O X X . . O . O . O O|
fX X O . . O O . . X X . O . . X . X X|
e. O O . X X X . X . . O X . . . . . O|
d. . . O X O . O X . . . O O . O X X .|
cX O . . X O . X . X . . . . . . . . .|
bO . . . . X X X X . . . . O O . . . .|
aX . O . . . . X X . . . O . O . . X X|
 A B C D E F G H I J K L M N O P Q R S|
gracz X
--------------------------------------+
sX X O . X . . . O . . X . X . O . . .|
r. . . . . X . . . O . X X . . O X . .|
q. X . . . X X X O . O . . X O . . X .|
pX . . X O O O O O . . . X . . X . . X|
oO . . O X . . O X . O . O . X O . O X|
n. X . . X . O . O O O O O . . . O . O|
m. . O . . X O X . . . X . . . . X . X|
l. . . . X . X X . O . . O . X O . . .|
kO . . . . . . X . X . . O X . O . X .|
jX X . O X O . X X . . . . . O . O X .|
iO . . O O . . O O . O O . . . . O O O|
h. . O O . X O . X . . X . . . . X . X|
g. O X O . . X . O X X . . O . O . O O|
fX X O . . O O . . X X . O . . X . X X|
e. O O . X X X . X . . O X . . . . . O|
d. . . O X O . O X . . . O O . O X X .|
cX O . . X O . X . X . . . . . . . . .|
bO . . . . X X X X . . . . O O . . . .|
aX . O . . . . X X . . . O . O . . X X|
 A B C D E F G H I J K L M N O P Q R S|
gracz O
--------------------------------------+
sX X O . X . . . O . . X . X . O . . .|
r. . . . . X . . . O . X X . . O X . .|
qO X . . . X X X O . O . . X O . . X .|
pX . . X O O O O O . . . X . . X . . X|
oO . . O X . . O X . O . O . X O . O X|
n. X . . X . O . O O O O O . . . O . O|
m. . O . . X O X . . . X . . . O X . X|
l. . . . X . X X . O . . O . X O . . .|
kO . . . . . . X . X . . O X . O . X .|
jX X . O X O . X X . . . . . O . O X .|
iO . . O O . . O O . O O . . . . O O O|
h. . O O . X O . X . . X . . . . X . X|
g. O X O . . X . O X X . . O . O . O O|
fX X O . . O O . . X X . O . . X . X X|
e. O O . X X X . X . . O X . . . . . O|
d. . . O X O . O X . . . O O . O X X .|
cX O . . X O . X . X . . . . . . . . .|
bO . . . . X X X X . . . . O O . . . .|
aX . O . . . . X X . . . O . O . . X X|
 A B C D E F G H I J K L M N O P Q R S|
gracz X
--------------------------------------+
sX X O . X . . . O . . X . X . O . . .|
r. . . . . X X . . O . X X . . O X . .|
qO X . . . X X X O . O . X X O . . X .|
pX . . X O O O O O . . . X . . X . . X|
oO . . O X . . O X . O . O . X O . O X|
n. X . . X . O . O O O O O . . . O . O|
m. . O . . X O X . . . X . . . O X . X|
l. . . . X . X X . O . . O . X O . . .|
kO . . . . . . X . X . . O X . O . X .|
jX X . O X O . X X . . . . . O . O X .|
iO . . O O . . O O . O O . . . . O O O|
h. . O O . X O . X . . X . . . . X . X|
g. O X O . . X . O X X . . O . O . O O|
fX X O . . O O . . X X . O . . X . X X|
e. O O . X X X . X . . O X . . . . . O|
d. . . O X O . O X . . . O O . O X X .|
cX O . . X O . X . X . . . . . . . . .|
bO . . . . X X X X . . . . O O . . . .|
aX . O . . . . X X . . . O . O . . X X|
 A B C D E F G H I J K L M N O P Q R S|
gracz O
--------------------------------------+
sX X O . X . . . O . . X . X . O . . .|
r. . . . . X X . . O . X X . . O X . .|
qO X . . . X X X O . O . X X O . . X .|
pX . . X O O O O O . . . X . . X . . X|
oO . . O X . . O X . O . O . X O . O X|
n. X . . X . O . O O O O O . . . O . O|
m. . O . . X O X . . . X . . . O X . X|
l. . . . X . X X . O . . O . X O . . .|
kO . . . . . . X . X . . O X . O . X .|
jX X O O X O . X X O . . . . O . O X .|
iO . . O O . . O O . O O . . . . O O O|
h. . O O . X O . X . . X . . . . X . X|
g. O X O . . X . O X X . . O . O . O O|
fX X O . . O O . . X X . O . . X . X X|
e. O O . X X X . X . . O X . . . . . O|
d. . . O X O . O X . . . O O . O X X .|
cX O . . X O . X . X . . . . . . . . .|
bO . . . . X X X X . . . . O O . . . .|
aX . O . . . . X X . . . O . O . . X X|
 A B C D E F G H I J K L M N O P Q R S|
gracz X
--------------------------------------+
sX X O . X . . . O . . X . X . O . . .|
r. . . . . X X . . O . X X . . O X . .|
qO X . . . X X X O . O . X X O . . X .|
pX . . X O O O O O . . . X . . X . X X|
oO . . O X . . O X . O . O . X O . O X|
n. X . . X . O . O O O O O . . . O . O|
m. . O . . X O X . . . X . . . O X . X|
l. . . . X . X X . O . . O . X O . . .|
kO . . . . . . X . X . . O X . O . X .|
jX X O O X O . X X O . . . . O . O X .|
iO X . O O . . O O . O O . . . . O O O|
h. . O O . X O . X . . X . . . . X . X|
g. O X O . . X . O X X . . O . O . O O|
fX X O . . O O . . X X . O . . X . X X|
e. O O . X X X . X . . O X . . . . . O|
d. . . O X O . O X . . . O O . O X X .|
cX O . . X O . X . X . . . . . . . . .|
bO . . . . X X X X . . . . O O . . . .|
aX . O . . . . X X . . . O . O . . X X|
 A B C D E F G H I J K L M N O P Q R S|
gracz O
--------------------------------------+
sX X O . X . . . O . . X . X . O . . .|
r. . . . . X X . O O . X X . . O X . .|
qO X . . . X X X O . O . X X O . . X .|
pX . . X O O O O O . . . X . . X . X X|
oO . . O X . . O X . O . O . X O . O X|
n. X . . X . O . O O O O O . . . O . O|
m. . O . . X O X . . . X . . . O X . X|
l. . . . X . X X . O . . O . X O . . .|
kO . . . . . . X . X . . O X . O . X .|
jX X O O X O . X X O . . O . O . O X .|
iO X . O O . . O O . O O . . . . O O O|
h. . O O . X O . X . . X . . . . X . X|
g. O X O . . X . O X X . . O . O . O O|
fX X O . . O O . . X X . O . . X . X X|
e. O O . X X X . X . . O X . . . . . O|
d. . . O X O . O X . . . O O . O X X .|
cX O . . X O . X . X . . . . . . . . .|
bO . . . . X X X X . . . . O O . . . .|
aX . O . . . . X X . . . O . O . . X X|
 A B C D E F G H I J K L M N O P Q R S|
gracz X
--------------------------------------+
sX X O . X . . . O . . X . X . O . . .|
r. . . . . X X . O O . X X . . O X . .|
qO X . . . X X X O . O . X X O . . X .|
pX . . X O O O O O . . . X . . X . X X|
oO . . O X . . O X . O . O . X O . O X|
n. X . . X . O . O O O O O . . . O . O|
m. . O . X X O X . . . X . . . O X . X|
l. . . . X . X X . O . . O . X O . . .|
kO . . . . . . X . X . . O X . O . X .|
jX X O O X O . X X O . . O . O . O X .|
iO X . O O . . O O . O O . . . . O O O|
h. . O O . X O . X . . X . . . . X . X|
g. O X O . . X . O X X . . O . O . O O|
fX X O . . O O . . X X . O . . X . X X|
e. O O . X X X . X . . O X . . . . . O|
d. . . O X O . O X . . . O O . O X X .|
cX O . . X O . X . X . . . . . . . . .|
bO . . . . X X X X . . . . O O . . . .|
aX . O . . X . X X . . . O . O . . X X|
 A B C D E F G H I J K L M N O P Q R S|
gracz O
--------------------------------------+
sX X O . X . . . O . . X . X . O . . .|
r. . . . . X X . O O . X X . . O X . .|
qO X . . . X X X O . O . X X O . . X .|
pX . . X O O O O O . . . X . . X . X X|
oO . . O X . . O X . O . O . X O . O X|
n. X . . X . O . O O O O O . . . O . O|
m. . O . X X O X . . . X . . . O X . X|
lO . . . X . X X . O . . O . X O . . .|
kO . . . . . . X . X . . O X . O . X .|
jX X O O X O . X X O . . O . O . O X .|
iO X . O O . . O O . O O . . . . O O O|
h. . O O . X O . X . . X . . . . X . X|
g. O X O . . X . O X X . . O . O . O O|
fX X O . . O O . . X X . O . . X . X X|
e. O O . X X X . X . . O X . . . . . O|
d. . . O X O . O X . . . O O O O X X .|
cX O . . X O . X . X . . . . . . . . .|
bO . . . . X X X X . . . . O O . . . .|
aX . O . . X . X X . . . O . O . . X X|
 A B C D E F G H I J K L M N O P Q R S|
gracz X
--------------------------------------+
sX X O . X . . . O . . X . X . O . . .|
r. . . . . X X . O O . X X . . O X . .|
qO X . . . X X X O . O . X X O . . X .|
pX . . X O O O O O . . . X . . X . X X|
oO . . O X . . O X . O . O . X O . O X|
n. X . . X . O . O O O O O . . . O . O|
m. . O . X X O X . . . X . . . O X . X|
lO . . X X . X X . O . . O . X O . . .|
kO . . . . . . X . X . . O X . O . X .|
jX X O O X O X X X O . . O . O . O X .|
iO X . O O . . O O . O O . . . . O O O|
h. . O O . X O . X . . X . . . . X . X|
g. O X O . . X . O X X . . O . O . O O|
fX X O . . O O . . X X . O . . X . X X|
e. O O . X X X . X . . O X . . . . . O|
d. . . O X O . O X . . . O O O O X X .|
cX O . . X O . X . X . . . . . . . . .|
bO . . . . X X X X . . . . O O . . . .|
aX . O . . X . X X . . . O . O . . X X|
 A B C D E F G H I J K L M N O P Q R S|
gracz O
--------------------------------------+
sX X O . X . . . O . . X . X . O . . .|
r. . . . . X X . O O . X X . . O X . .|
qO X . . . X X X O . O . X X O . . X .|
pX . . X O O O O O . . . X O . X . X X|
oO . . O X . . O X . O . O . X O . O X|
n. X . . X . O . O O O O O . . . O . O|
m. . O . X X O X . . . X . . . O X . X|
lO . . X X O X X . O . . O . X O . . .|
kO . . . . . . X . X . . O X . O . X .|
jX X O O X O X X X O . . O . O . O X .|
iO X . O O . . O O . O O . . . . O O O|
h. . O O . X O . X . . X . . . . X . X|
g. O X O . . X . O X X . . O . O . O O|
fX X O . . O O . . X X . O . . X . X X|
e. O O . X X X . X . . O X . . . . . O|
d. . . O X O . O X . . . O O O O X X .|
cX O . . X O . X . X . . . . . . . . .|
bO . . . . X X X X . . . . O O . . . .|
aX . O . . X . X X . . . O . O . . X X|
 A B C D E F G H I J K L M N O P Q R S|
gracz X
--------------------------------------+
sX X O . X . . . O . . X . X . O . . .|
r. . . . . X X . O O . X X . . O X . .|
qO X . . . X X X O . O . X X O . . X .|
pX . . X O O O O O . . . X O . X . X X|
oO . . O X . . O X . O . O . X O . O X|
n. X . . X . O . O O O O O . X . O . O|
m. . O . X X O X . . . X . . . O X . X|
lO . . X X O X X . O . . O . X O . . .|
kO . . . . . . X . X . . O X . O . X .|
jX X O O X O X X X O . . O . O . O X .|
iO X . O O . . O O . O O . . . . O O O|
h. . O O . X O . X . X X . . . . X . X|
g. O X O . . X . O X X . . O . O . O O|
fX X O . . O O . . X X . O . . X . X X|
e. O O . X X X . X . . O X . . . . . O|
d. . . O X O . O X . . . O O O O X X .|
cX O . . X O . X . X . . . . . . . . .|
bO . . . . X X X X . . . . O O . . . .|
aX . O . . X . X X . . . O . O . . X X|
 A B C D E F G H I J K L M N O P Q R S|
gracz O
--------------------------------------+
sX X O . X . . . O . . X . X . O . . .|
r. . . . . X X . O O . X X . . O X . .|
qO X . . . X X X O . O . X X O . . X .|
pX . . X O O O O O . . . X O . X . X X|
oO . . O X . . O X . O . O . X O . O X|
nO X . . X . O . O O O O O . X . O . O|
m. . O . X X O X . . . X . . . O X . X|
lO . . X X O X X . O . . O . X O . . .|
kO . . . . . . X . X . . O X . O O X .|
jX X O O X O X X X O . . O . O . O X .|
iO X . O O . . O O . O O . . . . O O O|
h. . O O . X O . X . X X . . . . X . X|
g. O X O . . X . O X X . . O . O . O O|
fX X O . . O O . . X X . O . . X . X X|
e. O O . X X X . X . . O X . . . . . O|
d. . . O X O . O X . . . O O O O X X .|
cX O . . X O . X . X . . . . . . . . .|
bO . . . . X X X X . . . . O O . . . .|
aX . O . . X . X X . . . O . O . . X X|
 A B C D E F G H I J K L M N O P Q R S|
gracz X
--------------------------------------+
sX X O . X . . . O . . X . X . O . . .|
r. . . . . X X . O O . X X . . O X . .|
qO X . . . X X X O . O . X X O . . X .|
pX . . X O O O O O . . . X O . X . X X|
oO . . O X . . O X . O . O . X O . O X|
nO X . . X . O . O O O O O . X . O . O|
m. . O . X X O X . X . X . . . O X . X|
lO . . X X O X X . O . . O . X O . . .|
kO . . . . . . X . X . . O X . O O X .|
jX X O O X O X X X O . . O . O . O X .|
iO X . O O . . O O . O O . . . . O O O|
h. . O O . X O . X . X X . . . . X . X|
g. O X O . . X . O X X . . O . O . O O|
fX X O . . O O . . X X . O . . X . X X|
e. O O . X X X . X . . O X . . . . . O|
d. . . O X O . O X . . . O O O O X X .|
cX O . . X O . X . X . . . . . . . . .|
bO . . . . X X X X . . . . O O . . . .|
aX . O X . X . X X . . . O . O . . X X|
 A B C D E F G H I J K L M N O P Q R S|
gracz O
--------------------------------------+
sX X O . X . . . O . . X . X . O . . .|
r. . . . . X X . O O . X X . . O X . .|
qO X . . . X X X O . O . X X O . . X .|
pX . . X O O O O O . . . X O . X . X X|
oO . . O X . . O X . O . O . X O . O X|
nO X . . X . O . O O O O O . X . O . O|
m. . O . X X O X . X . X . . . O X . X|
lO . . X X O X X . O . . O . X O . . .|
kO . . . . . . X . X . . O X . O O X .|
jX X O O X O X X X O . . O . O . O X .|
iO X . O O . . O O . O O . . . . O O O|
h. . O O . X O . X . X X . . . . X . X|
g. O X O . O X . O X X . . O . O . O O|
fX X O . . O O . . X X . O . . X . X X|
e. O O . X X X . X . . O X . . . . . O|
d. . . O X O . O X . . . O O O O X X .|
cX O . . X O . X . X . . . . . . . . .|
bO . . . . X X X X . . . . O O O . . .|
aX . O X . X . X X . . . O . O . . X X|
 A B C D E F G H I J K L M N O P Q R S|
gracz X
--------------------------------------+
sX X O . X . . . O . . X . X . O . . .|
r. . . . . X X . O O . X X . . O X . .|
qO X . . . X X X O . O . X X O . . X .|
pX . . X O O O O O . . . X O . X . X X|
oO . . O X . . O X . O . O . X O . O X|
nO X . . X . O . O O O O O . X . O . O|
m. . O . X X O X . X . X . . . O X . X|
lO . . X X O X X . O . . O . X O . . .|
kO . . . . . . X . X . . O X . O O X .|
jX X O O X O X X X O . . O . O . O X .|
iO X . O O X . O O . O O . . . . O O O|
h. . O O . X O . X . X X . . . . X . X|
g. O X O . O X . O X X . . O . O . O O|
fX X O . . O O . . X X . O . . X . X X|
e. O O . X X X . X . . O X . . . . . O|
d. . . O X O . O X . . . O O O O X X .|
cX O . . X O . X . X . . . . . . . . .|
bO . . . . X X X X . . . . O O O . . .|
aX X O X . X . X X . . . O . O . . X X|
 A B C D E F G H I J K L M N O P Q R S|
gracz O
--------------------------------------+
sX X O . X . . . O . . X . X . O . . .|
r. . . . . X X . O O . X X . . O X . .|
qO X . . . X X X O . O . X X O . . X .|
pX . . X O O O O O . . . X O . X . X X|
oO . . O X . . O X . O . O . X O . O X|
nO X . . X . O . O O O O O . X . O . O|
m. . O . X X O X . X . X . . . O X . X|
lO . . X X O X X . O . . O . X O . . .|
kO . . . . . . X . X . . O X O O O X .|
jX X O O X O X X X O . . O . O . O X .|
iO X . O O X . O O . O O . . . . O O O|
h. . O O . X O . X . X X . . . . X . X|
g. O X O . O X . O X X . . O . O . O O|
fX X O . . O O . . X X . O . . X . X X|
e. O O . X X X . X . . O X . . . . . O|
d. . . O X O . O X . . . O O O O X X .|
cX O . . X O . X . X . . . . . . . . .|
bO . . . . X X X X . . . . O O O . . .|
aX X O X . X . X X . . O O . O . . X X|
 A B C D E F G H I J K L M N O P Q R S|
gracz X
--------------------------------------+
sX X O . X . . . O . . X . X . O . . .|
r. . . . . X X . O O . X X . . O X . .|
qO X . . . X X X O . O . X X O . . X .|
pX . . X O O O O O . . . X O . X . X X|
oO . . O X . . O X . O . O X X O . O X|
nO X . . X . O . O O O O O . X . O . O|
m. . O . X X O X . X . X . . . O X . X|
lO . . X X O X X . O . . O . X O . . .|
kO . . . . . . X . X . X O X O O O X .|
jX X O O X O X X X O . . O . O . O X .|
iO X . O O X . O O . O O . . . . O O O|
h. . O O . X O . X . X X . . . . X . X|
g. O X O . O X . O X X . . O . O . O O|
fX X O . . O O . . X X . O . . X . X X|
e. O O . X X X . X . . O X . . . . . O|
d. . . O X O . O X . . . O O O O X X .|
cX O . . X O . X . X . . . . . . . . .|
bO . . . . X X X X . . . . O O O . . .|
aX X O X . X . X X . . O O . O . . X X|
 A B C D E F G H I J K L M N O P Q R S|
gracz O
--------------------------------------+
sX X O . X . . . O . . X . X O O . . .|
r. . . . . X X . O O . X X . . O X . .|
qO X . . . X X X O . O . X X O . . X .|
pX . . X O O O O O . . . X O . X . X X|
oO . . O X . . O X . O . O X X O . O X|
nO X . . X . O . O O O O O . X . O . O|
m. . O . X X O X . X . X . . . O X . X|
lO . . X X O X X . O . . O . X O . . .|
kO . . . . . . X . X . X O X O O O X .|
jX X O O X O X X X O . . O . O . O X .|
iO X . O O X . O O . O O . . . . O O O|
h. . O O . X O . X . X X . . . . X . X|
g. O X O . O X . O X X . . O . O . O O|
fX X O . . O O . . X X . O . . X . X X|
e. O O . X X X . X . . O X . . . . . O|
d. . . O X O . O X . . . O O O O X X .|
cX O . . X O . X . X . . . . . . . . .|
bO . . . . X X X X . . . . O O O . . .|
aX X O X . X . X X . . O O . O . O X X|
 A B C D E F G H I J K L M N O P Q R S|
gracz X
--------------------------------------+
sX X O . X . . . O . . X . X O O . . .|
r. . . . . X X . O O . X X . . O X . .|
qO X . . . X X X O . O . X X O . . X .|
pX . . X O O O O O . . . X O . X . X X|
oO . . O X . . O X . O . O X X O . O X|
nO X . . X . O . O O O O O . X . O . O|
m. . O . X X O X . X . X . . . O X . X|
lO . . X X O X X . O . . O . X O . . .|
kO . . . . . . X . X . X O X O O O X .|
jX X O O X O X X X O . . O . O . O X .|
iO X . O O X . O O . O O . . . . O O O|
h. . O O . X O . X . X X . . . . X . X|
g. O X O . O X . O X X . . O . O . O O|
fX X O . . O O . . X X . O . . X . X X|
e. O O . X X X . X . . O X . . . . . O|
d. . . O X O . O X . . . O O O O X X .|
cX O . . X O . X . X . . . . X . . . .|
bO . . . . X X X X . . . X O O O . . .|
aX X O X . X . X X . . O O . O . O X X|
 A B C D E F G H I J K L M N O P Q R S|
gracz O
--------------------------------------+
sX X O . X . . . O . . X . X O O . . .|
r. . . . . X X . O O . X X . . O X . .|
qO X . . . X X X O . O . X X O . . X .|
pX . . X O O O O O . . . X O . X . X X|
oO . . O X . . O X . O . O X X O . O X|
nO X . . X . O . O O O O O . X . O . O|
m. . O . X X O X . X . X . . . O X . X|
lO . . X X O X X . O . . O . X O . . .|
kO . . . . . . X . X . X O X O O O X .|
jX X O O X O X X X O . . O . O . O X .|
iO X . O O X . O O . O O . . . . O O O|
h. . O O . X O . X . X X . . . . X . X|
g. O X O . O X . O X X O . O . O . O O|
fX X O . . O O . . X X . O . . X . X X|
e. O O . X X X . X . . O X . . . . . O|
d. . . O X O . O X . . . O O O O X X .|
cX O . . X O . X . X . . . . X . . . .|
bO . . . O X X X X . . . X O O O . . .|
aX X O X . X . X X . . O O . O . O X X|
 A B C D E F G H I J K L M N O P Q R S|
gracz X
--------------------------------------+
sX X O . X . . . O . . X . X O O . . .|
r. . . . . X X . O O . X X X . O X . .|
qO X . . . X X X O . O . X X O . . X .|
pX . . X O O O O O . . . X O . X . X X|
oO . . O X . . O X . O . O X X O . O X|
nO X . . X . O . O O O O O . X . O . O|
m. . O . X X O X . X . X . . . O X . X|
lO . . X X O X X . O . . O . X O . . .|
kO . . . X . . X . X . X O X O O O X .|
jX X O O X O X X X O . . O . O . O X .|
iO X . O O X . O O . O O . . . . O O O|
h. . O O . X O . X . X X . . . . X . X|
g. O X O . O X . O X X O . O . O . O O|
fX X O . . O O . . X X . O . . X . X X|
e. O O . X X X . X . . O X . . . . . O|
d. . . O X O . O X . . . O O O O X X .|
cX O . . X O . X . X . . . . X . . . .|
bO . . . O X X X X . . . X O O O . . .|
aX X O X . X . X X . . O O . O . O X X|
 A B C D E F G H I J K L M N O P Q R S|
wygral X
