--------------------------------------+
s. . . . . . . . . . . . . . . . . . .|
r. . . . . . . . . . . . . . . . . . .|
q. . . . . . . . . . . . . . . . . . .|
p. . . . . . . . . . . . . . . . . . .|
o. . . . . . . . . . . . . . . . . . .|
n. . . . . . . . . . . . . . . . . . .|
m. . . . . . . . . . . . . . . . . . .|
l. . . . . . . . . . . . . . . . . . .|
k. . . . . . . . . . . . . . . . . . .|
j. . . . . . . . . . . . . . . . . . .|
i. . . . . . . . . . . . . . . . . . .|
h. . . . . . . . . . . . . . . . . . .|
g. . . . . . . . . . . . . . . . . . .|
f. . . . . . . . . . . . . . . . . . .|
e. . . . . . . . . . . . . . . . . . .|
d. . . . . . . . . . . . . . . . . . .|
c. . . . . . . . . . . . . . . . . . .|
b. . . . . . . . . . . . . . . . . . .|
a. . . . . . . . . . . . . . . . . . .|
 A B C D E F G H I J K L M N O P Q R S|
gracz X
--------------------------------------+
s. . . . . . . . . . . . . . . . . . .|
r. . . . . . . . . . . . . . . . . . .|
q. . . . . . . . . . . . . . . . . . .|
p. . . . . . . . . . . . . . . . . . .|
o. . . . . . . . . . . . . . . . . . .|
n. . . . . . . . . . . . . . . . . . .|
m. . . . . . . . . . . . . . . . . . .|
l. . . . . . . . . . . . . . . . . . .|
k. . . . . . . . . . . . . . . . . . .|
j. . . . . . . . . . . . . . . . . . .|
i. . . . . . . . . . . . . . . . . . .|
h. . . . . . . . . . . . . . . . . . .|
g. . . . . . . . . . . . . . . . . . .|
f. . . . . . . . . . . . . . . . . . .|
e. . . . . . . . . . . . . . . . . . .|
d. . . . . . . . . . . . . . . . . . .|
c. . . . . . . . . . . . . . . . . . .|
b. . . . . . . . . . . . . . . . . . .|
a. . . . . . . . . . X . . . . . . . .|
 A B C D E F G H I J K L M N O P Q R S|
gracz O
--------------------------------------+
s. . . . . . . . . . . . . . . . . . .|
r. . . . . . . . . . . . . . . . . . .|
q. . . . . . . . . . . . . . . . . . .|
p. . . . . . . . . . . . . . . . . . .|
o. . . . . . . . . . . . . . . . . . .|
n. . . . . . . . . . . . . . . . . . .|
m. . . . . . . . . . . . . . . . . . .|
l. . . . . . . . . . . . . . . . . . .|
k. . . . . . . . . . . . . . . . . . .|
j. . . . . . . . . . . . . . . . . . .|
i. . . . . . . . . . . . . . . . . . .|
h. . . . . . . . . . . . . . . . . . .|
g. . . . . . . . . . . . . . . . . . .|
f. . . . . . . . . . . . . . . . . . .|
e. . . . . . . . . . . . . . . . . . .|
d. . . . . . . . . . . . . . . . . . .|
c. . . . . . . . . . . . . . . . . . .|
b. . . . . . . . . . . . . . . O . . .|
a. . . . . O . . . . X . . . . . . . .|
 A B C D E F G H I J K L M N O P Q R S|
gracz X
--------------------------------------+
s. . . . . . . . . . . . . . . . . . .|
r. . . . . . . . . . . X . . . . . . .|
q. . . . . . . . . . . . . . . . . . .|
p. . . . . . . . . . . . . . . . . . .|
o. . . . . . . . . . . . . . . . . . .|
n. . . . . . . . . . . . . . . . . X .|
m. . . . . . . . . . . . . . . . . . .|
l. . . . . . . . . . . . . . . . . . .|
k. . . . . . . . . . . . . . . . . . .|
j. . . . . . . . . . . . . . . . . . .|
i. . . . . . . . . . . . . . . . . . .|
h. . . . . . . . . . . . . . . . . . .|
g. . . . . . . . . . . . . . . . . . .|
f. . . . . . . . . . . . . . . . . . .|
e. . . . . . . . . . . . . . . . . . .|
d. . . . . . . . . . . . . . . . . . .|
c. . . . . . . . . . . . . . . . . . .|
b. . . . . . . . . . . . . . . O . . .|
a. . . . . O . . . . X . . . . . . . .|
 A B C D E F G H I J K L M N O P Q R S|
gracz O
--------------------------------------+
s. . . . . . . . . . . . . . . . . . .|
r. . . . . . . . . . . X . . . . . . .|
q. . . . . . . . . . . . . . . . . . .|
p. . . . . . . . . . . . . . . . . . .|
o. . . . . . . . . . . . . . . . . . .|
n. . . . . . . . . . . . . . . . . X O|
m. . . . . . . . . . . . . . . . . . .|
l. . . . . . . . . . . . . . . . . . .|
k. . . . . . . . . . . . . . . . . . .|
j. . . . . . . . . . . . . . . . . . .|
i. . . . . . . . . . . . . . . . . . .|
h. . . . . . . . . . . . . . . . . . .|
g. . . . . . . . . . . . . . . . . . .|
f. . . . . . . . . . . . O . . . . . .|
e. . . . . . . . . . . . . . . . . . .|
d. . . . . . . . . . . . . . . . . . .|
c. . . . . . . . . . . . . . . . . . .|
b. . . . . . . . . . . . . . . O . . .|
a. . . . . O . . . . X . . . . . . . .|
 A B C D E F G H I J K L M N O P Q R S|
gracz X
--------------------------------------+
s. . . . . . . . . . . . . . . . . . .|
r. . . . . . . . . . . X . . . . . . .|
q. . . . . . . . . . . . . . . . . . .|
p. . . . . . . . . . . . . . . . . . .|
o. . . . . . . . . . . . . . . . . . .|
n. . . . . . . . . . . . . . . . . X O|
m. . . . . . . . . . . . . . . . . . .|
l. . . . . . . . . . . . . . . . X . .|
k. . . . . . . . . . . . . . . . . . .|
j. . . . . . . . . . . . . . . . . . .|
i. . . . . . . . . . . . . . . . . . .|
h. . . . . . . . . . . . . . . . . . .|
g. . . . . . . . . . . . . . . . . . .|
f. . . . . . . . . . . . O . . . . . .|
e. . . . . . . . . . . X . . . . . . .|
d. . . . . . . . . . . . . . . . . . .|
c. . . . . . . . . . . . . . . . . . .|
b. . . . . . . . . . . . . . . O . . .|
a. . . . . O . . . . X . . . . . . . .|
 A B C D E F G H I J K L M N O P Q R S|
gracz O
--------------------------------------+
s. . . . . . . . . . . . . . . . . . .|
r. . . . . . . . . . . X . . . . . . .|
q. . . . . . . . . . . . . . . . . . .|
p. . . . . . . . . . . . . . . . . . .|
o. . . . . . . . . . . . . . . . . . .|
n. . . . . . . . . . . . . . . . . X O|
m. . . . . . . . . . . . . . . . . . .|
l. . . . . . . . . . . . . . . . X . .|
k. . . . . . . . . . . . . . . . . . .|
j. . . . . . . . . . . . . . . . . . .|
i. . . . . . . . . . . . . . . . . . .|
h. . . . . . . . . . . . . . . . . . .|
g. . . . . . . . . . . . . . . . . . .|
f. . . . . . . . . . . . O . . . . . .|
e. . . . . . . . . . . X . . . . . . .|
d. . . . . . . . . . . . . . . . . . .|
c. . . . . . . . . . . . O . . . . . .|
b. . . . . . . . . . . . . . . O . . .|
a. . . . . O . . . . X . . . . O . . .|
 A B C D E F G H I J K L M N O P Q R S|
gracz X
--------------------------------------+
s. . . . . . . . . . . . . . . . . . .|
r. . . . . . . . X . . X . . . . . . .|
q. . . . . . . . . . . . . . . . . . .|
p. . . . . . . . . . . . . . . . . . .|
o. . . . . . . . . . . . . . . . . . .|
n. . . . . . . . . . . . . . . . . X O|
m. . . . . . . . . . . . . . . . . . .|
l. . . . . . . . . . . . . . . . X . .|
k. . . . . . . . . . . . . . . . . . .|
j. . . . . . . . . . . . . . . . . . .|
i. . . . . . . . . . . . . . . . . . .|
h. . . . . . . . . . . . . . . . . . .|
g. . . . . . . . . . . . . . . . . . .|
f. . . . . . . . . . . . O . . . . . .|
e. . . . . . . . . . . X . . . . . . .|
d. . . . . . . . . . . . . . . . . . .|
c. . . . . X . . . . . . O . . . . . .|
b. . . . . . . . . . . . . . . O . . .|
a. . . . . O . . . . X . . . . O . . .|
 A B C D E F G H I J K L M N O P Q R S|
gracz O
--------------------------------------+
s. . . . . . . . . . . . . . . . . . .|
r. O . . . . O . X . . X . . . . . . .|
q. . . . . . . . . . . . . . . . . . .|
p. . . . . . . . . . . . . . . . . . .|
o. . . . . . . . . . . . . . . . . . .|
n. . . . . . . . . . . . . . . . . X O|
m. . . . . . . . . . . . . . . . . . .|
l. . . . . . . . . . . . . . . . X . .|
k. . . . . . . . . . . . . . . . . . .|
j. . . . . . . . . . . . . . . . . . .|
i. . . . . . . . . . . . . . . . . . .|
h. . . . . . . . . . . . . . . . . . .|
g. . . . . . . . . . . . . . . . . . .|
f. . . . . . . . . . . . O . . . . . .|
e. . . . . . . . . . . X . . . . . . .|
d. . . . . . . . . . . . . . . . . . .|
c. . . . . X . . . . . . O . . . . . .|
b. . . . . . . . . . . . . . . O . . .|
a. . . . . O . . . . X . . . . O . . .|
 A B C D E F G H I J K L M N O P Q R S|
gracz X
--------------------------------------+
s. . . . . . . . . . . . . . . . . . .|
r. O . . . . O . X . . X . . . . . . .|
q. . . . . . . . . . . . . . . . . . .|
p. . . . . . . . . . . . . . . . . . .|
o. . . . . . . . . . . . . . . . . . .|
n. . . . . . . . . . . . . X . . . X O|
m. . . . . . . . . . . . . . . . . . .|
l. . . . . . . . . . . . . . . . X . .|
k. . . . . . . . . . . . . . . . . . .|
j. . . . . . . . . . . . . . . . . . .|
i. . . . . . . . . . . . . . . . . . .|
h. . . . . . . . . . . . . . . . . . .|
g. . . . . . . . . . . . . . . . . . .|
f. . . . . . . . . . . . O . . . . . .|
e. . . . . . . . . . . X . . . . . . .|
d. . . . . . . . . . . . . . . . . . .|
c. . . . . X . . . . . . O . . . . . .|
b. . . . . . . . . . . . . . . O . . X|
a. . . . . O . . . . X . . . . O . . .|
 A B C D E F G H I J K L M N O P Q R S|
gracz O
--------------------------------------+
s. . . . . . . . . . . . . . . . . . .|
r. O . . . . O . X . . X . . . . . . .|
q. . . . . . . . . . . . . . . . . . .|
p. . . . . . . . . . . . . . . . . . .|
o. . . . . . . . . . . . . . . . . . .|
n. . . . . . . . . . O . . X . . . X O|
m. . . . . . . . . . . . . . . . . . .|
l. . . . . . . . . . . . . . . . X . .|
k. . . . . . . . . . . . . . . . . . .|
j. . . . . . . . . . . . . . . . . O .|
i. . . . . . . . . . . . . . . . . . .|
h. . . . . . . . . . . . . . . . . . .|
g. . . . . . . . . . . . . . . . . . .|
f. . . . . . . . . . . . O . . . . . .|
e. . . . . . . . . . . X . . . . . . .|
d. . . . . . . . . . . . . . . . . . .|
c. . . . . X . . . . . . O . . . . . .|
b. . . . . . . . . . . . . . . O . . X|
a. . . . . O . . . . X . . . . O . . .|
 A B C D E F G H I J K L M N O P Q R S|
gracz X
--------------------------------------+
s. . . . . . . . . . . . . . . . . . .|
r. O . . . . O . X . . X . . . . . . .|
q. . . . . . . . . . . . . . . . . . .|
p. . . . . . . . . . . . . . . . . . .|
o. . . . . . . . . . . . . . . . . . .|
n. . . . . . . . . . O . . X . . . X O|
m. . . . . . . . . . . . . . . . . . .|
l. . . . . . . . . . . . . . . . X . .|
k. . . . . . . . . . . . . . . . . . .|
j. . . . . . . . . . . . . . . . . O .|
i. . . . . . . . . . . . . . . . . . .|
h. . . . . . X . . . . . . . . . . . .|
g. . . . . . . . . . . . . . . . . . .|
f. . . . . . . . . . . . O . X . . . .|
e. . . . . . . . . . . X . . . . . . .|
d. . . . . . . . . . . . . . . . . . .|
c. . . . . X . . . . . . O . . . . . .|
b. . . . . . . . . . . . . . . O . . X|
a. . . . . O . . . . X . . . . O . . .|
 A B C D E F G H I J K L M N O P Q R S|
gracz O
--------------------------------------+
s. . . . . . . . . . . . . . . . . . .|
r. O . . . . O . X . . X . . . . . . .|
q. . . . . . . . . . . . . . . . . . .|
p. . . . . . . . . . . . . . . . . . .|
o. . . . . . . . . . . . . . . . . . .|
n. . . . . . . . . . O . . X . . . X O|
m. . . . . . . . . . . . . . . . . . .|
l. . . . . . . . . . . . . . . . X . .|
k. . . . . . . . . . . . . . . . . . .|
j. . . . . . . . . . . . . . . . . O .|
i. . . . . . . . . . . . . . . . . . .|
h. . . . . . X . . . . . . . . . . . .|
g. . . . . . . . . . . . . . . . . . .|
f. . . . . . O . . . . . O . X . . . .|
e. . . . . . . . . . . X . . . . . . .|
d. . . . . . . . . . . . . . . O . . .|
c. . . . . X . . . . . . O . . . . . .|
b. . . . . . . . . . . . . . . O . . X|
a. . . . . O . . . . X . . . . O . . .|
 A B C D E F G H I J K L M N O P Q R S|
gracz X
--------------------------------------+
s. . . . . . . . . . . . . . . . . . .|
r. O . . . . O . X . . X . . . . . . .|
q. . . . . . . . . . . . . . . . . . .|
p. . . . . . . . . . . . . . . . . . .|
o. . . . . . . . . . . . . . . . . . .|
n. . . . . . . . . . O . . X . . . X O|
m. . . . . . . . . . . . . . . . . . .|
l. . . . . . . . . . . . . . . . X . .|
k. . . . . . . . . . . . . . . . . . .|
j. . X . . . . . . . . . . . . . . O .|
i. . . . . . . . . . . . . . . . . . .|
h. . . . . . X . . . . . . . . . . . .|
g. . . . . . . . . . . . . . . . . . .|
f. . . . . . O . . . . . O . X . . . .|
e. . . . . . . . . . . X . . . . . . X|
d. . . . . . . . . . . . . . . O . . .|
c. . . . . X . . . . . . O . . . . . .|
b. . . . . . . . . . . . . . . O . . X|
a. . . . . O . . . . X . . . . O . . .|
 A B C D E F G H I J K L M N O P Q R S|
gracz O
--------------------------------------+
s. . . . . . . . . . . . . . . . . . .|
r. O . . O . O . X . . X . . . . . . .|
q. . . . . . . . . . . . . . . . . . .|
p. . . . . . . . . . . . . . . . . . .|
o. . . . . . . . . . . . . . . . . . .|
n. . . . . . . . . . O . . X . . . X O|
m. . . . . . . . . . . . . . . . . . .|
l. . . . . . . . . . . . . . . . X . .|
k. . . . . . . . . O . . . . . . . . .|
j. . X . . . . . . . . . . . . . . O .|
i. . . . . . . . . . . . . . . . . . .|
h. . . . . . X . . . . . . . . . . . .|
g. . . . . . . . . . . . . . . . . . .|
f. . . . . . O . . . . . O . X . . . .|
e. . . . . . . . . . . X . . . . . . X|
d. . . . . . . . . . . . . . . O . . .|
c. . . . . X . . . . . . O . . . . . .|
b. . . . . . . . . . . . . . . O . . X|
a. . . . . O . . . . X . . . . O . . .|
 A B C D E F G H I J K L M N O P Q R S|
gracz X
--------------------------------------+
s. . . . . . . . . . . . . . . . . . .|
r. O . . O . O . X . . X . . . . . . .|
q. . . . . . . . . . . . . . . . . . .|
p. . . . . . . . . . . . . . . . . . .|
o. . . . . . . . . . . . . . . . . . .|
n. . . . . . . . . . O . . X . . . X O|
m. . . . . . . . . . . . . . . . . . .|
l. . . . . . . . . . . . . . . . X . .|
k. . . . . . . . . O . . . . . . . . .|
j. . X . . . . . . . . . . . . . . O .|
i. . . . . . . . . . . . . . . . . . .|
h. . . . . . X . . . . . . X . . . . .|
g. . . . . . . . . . . . . . . . . . .|
f. . . . . . O . . . . . O . X . . . .|
e. . . . . . . . . . . X . . . . . . X|
d. . . . . . . . . . X . . . . O . . .|
c. . . . . X . . . . . . O . . . . . .|
b. . . . . . . . . . . . . . . O . . X|
a. . . . . O . . . . X . . . . O . . .|
 A B C D E F G H I J K L M N O P Q R S|
gracz O
--------------------------------------+
s. . . . . . . . . . . . . . . . . . .|
r. O . . O . O . X . . X . . . . . . .|
q. . . . . . . . . . . . . . . . . . .|
p. . . . . . . . . . . . . . . . . . .|
o. . . . . . . . . . . . . . . . . . .|
n. . . . . . . . . . O . . X . . . X O|
m. . . . . . . . . . . . . . . . . . .|
l. . . . . . . . . . . . . . . . X . .|
k. . . . . . . . . O . . . . . . . . .|
j. . X . . . . . . . . . . . . . . O .|
i. . . . . . . . . . . . . . . . . . .|
h. . . . . . X . . . . . . X . . . . .|
g. . . . . . . . . . . . . . . . . . .|
f. . . . . . O . . . . . O . X . . . .|
e. . . . . . . . . . . X . . . . . . X|
d. . . . . . . . . . X . . . . O . . .|
c. . . . . X . . . . . . O . . . . . .|
b. . . . . . . . . . . . . . . O . . X|
a. . . . . O . . . . X . . . . O . . .|
 A B C D E F G H I J K L M N O P Q R S|
gracz O
--------------------------------------+
s. . . . . . . . . . . . . . . . . . .|
r. O . . O . O . X . . X . . . . . . .|
q. . . . . . . . . . O . . . . . . . .|
p. . . . . . . . . . . . . . . . . . .|
o. . . . . . . . . . . . . . . . . . .|
n. . . . . . . . . . O . . X . . . X O|
m. . . . . . . . . . . . . . . . . . .|
l. . . . . . . . . . . . . . . . X . .|
k. . . . . . . . . O . . . . . . . . .|
j. . X . . . . . . . . . . . . . . O .|
i. . . . . . . . . . . . . . . . . . .|
h. . . . . . X . . . . . . X . . . . .|
g. . . . . . . . . . . . . . . . . . .|
f. . . . . . O . . . . . O . X . . . .|
e. . . . . . . . . . . X . . . . . . X|
d. . . . . . . . . . X . . . . O . . .|
c. . . . . X . . . . . . O . . . . . .|
b. . . . . . . . . . . . . . . O . . X|
a. . . . . O . . O . X . . . . O . . .|
 A B C D E F G H I J K L M N O P Q R S|
gracz X
--------------------------------------+
s. . . . . . . . . . . . . . . . . . .|
r. O . . O . O . X . . X . . . . . . .|
q. . . . . . . . . . O . . . . . . . .|
p. . . . . . . . . . . . . . . . . . .|
o. . . . . . . . . X . . . . . . . . .|
n. . . . . . . . . . O . . X . . . X O|
m. . . . . . . . . . . . . . . . . . .|
l. . . . . . . . . . . . . . . . X . .|
k. . . . . . . . . O . . . . . . . . .|
j. . X . . . . X . . . . . . . . . O .|
i. . . . . . . . . . . . . . . . . . .|
h. . . . . . X . . . . . . X . . . . .|
g. . . . . . . . . . . . . . . . . . .|
f. . . . . . O . . . . . O . X . . . .|
e. . . . . . . . . . . X . . . . . . X|
d. . . . . . . . . . X . . . . O . . .|
c. . . . . X . . . . . . O . . . . . .|
b. . . . . . . . . . . . . . . O . . X|
a. . . . . O . . O . X . . . . O . . .|
 A B C D E F G H I J K L M N O P Q R S|
gracz O
--------------------------------------+
s. . . . . . . . . . . . . . . . . . .|
r. O . . O . O . X . . X . . . . . . .|
q. . . . . . . . . . O . . . . . . . .|
p. . . . . . . . . . . . . . . . . . .|
o. . . . . . . O . X . . . . . . . . .|
n. . . . . . . . . . O . . X . . . X O|
m. . . . . . . . . . . . . . . . . . .|
l. . . . . . . . . . . . . . . . X . .|
k. . . . . . . . . O . . . . . . . . .|
j. . X . . . . X . . . . . . . . . O .|
i. . . . . . . . . . . . . . . . . . .|
h. . . . . . X . . . . . . X . . . . .|
g. . . . . . . . . . . . . . . . . . .|
f. . . . . . O . . . . . O . X . . . .|
e. . . . . . . . . . . X . . . . . . X|
d. . . . . . . . . . X . . . O O . . .|
c. . . . . X . . . . . . O . . . . . .|
b. . . . . . . . . . . . . . . O . . X|
a. . . . . O . . O . X . . . . O . . .|
 A B C D E F G H I J K L M N O P Q R S|
gracz X
--------------------------------------+
s. . . . . . . . . . . . . . . . . . .|
r. O . . O . O . X . . X . . . . . . .|
q. . . . . . . . . . O . . . . . . . .|
p. . . . . . . . . . . . . . . . . . .|
o. . . . . X . O . X . . . . . . . . .|
n. . . . . . . . . . O . . X . . . X O|
m. . . . . . . . . . . . . . . . . . .|
l. . . . . . . . . . . . . . . . X . .|
k. . . . . . . . . O . . . . . . . . .|
j. . X . . . . X . . . . . . . . . O .|
i. . . . . . . . . . . . . . . . . . .|
h. . . . . . X . . . . . . X . . . . .|
g. . . . . . . . . . . . . . . . . . .|
f. . . . . . O . . . . . O . X . . . .|
e. . . . . . . . . . . X . . . . . . X|
d. . . . . . . . . . X . . . O O . . .|
c. . . . . X . . . . . . O . . . . . .|
b. . . . . . . . . . . . . . . O . . X|
a. . . . . O . . O . X . . . X O . . .|
 A B C D E F G H I J K L M N O P Q R S|
gracz O
--------------------------------------+
s. . . . . . . . . . . . . . . . . . .|
r. O . . O . O . X . . X . . . . . . .|
q. . . . . . . . . . O . . . . . . . .|
p. . . . . . . . . . . . . . . . . . .|
o. . . . . X . O . X . . . . . . . . .|
n. . . . . . . . . . O . . X . . . X O|
m. . . . . . . . . . . . O . . . . . .|
l. . . . . . . . . . . . . . . . X . .|
k. . . . . . . . . O . . . . . . . . .|
j. . X . . . . X . . . . . . . . . O .|
i. . . . . . . . . . . . . . O . . . .|
h. . . . . . X . . . . . . X . . . . .|
g. . . . . . . . . . . . . . . . . . .|
f. . . . . . O . . . . . O . X . . . .|
e. . . . . . . . . . . X . . . . . . X|
d. . . . . . . . . . X . . . O O . . .|
c. . . . . X . . . . . . O . . . . . .|
b. . . . . . . . . . . . . . . O . . X|
a. . . . . O . . O . X . . . X O . . .|
 A B C D E F G H I J K L M N O P Q R S|
gracz X
--------------------------------------+
s. . . X . . . . . . . . . . . . . . .|
r. O . . O . O . X . . X . . . . . . .|
q. . . . . . . . . . O . . . . . . . .|
p. . . . . . . . . . . . . . . . . . .|
o. . . . . X . O . X . . . . . . . . .|
n. . . . . . . . . . O . . X . . . X O|
m. . . . . . . . . . . . O . . . . . .|
l. . . . . . . . . . . . . . . . X . .|
k. . . . . . . . . O . . . . . . . . .|
j. . X . . . . X . . . . . . . . . O .|
i. . . . . . . . . . . . . . O . . . .|
h. . . . . . X . . . . . . X . . . . .|
g. . . . . . . . . . . . . . . . . . .|
f. . . . . . O . . . . X O . X . . . .|
e. . . . . . . . . . . X . . . . . . X|
d. . . . . . . . . . X . . . O O . . .|
c. . . . . X . . . . . . O . . . . . .|
b. . . . . . . . . . . . . . . O . . X|
a. . . . . O . . O . X . . . X O . . .|
 A B C D E F G H I J K L M N O P Q R S|
gracz O
--------------------------------------+
s. . . X . . . . . . . . . . . . . . .|
r. O . . O . O . X . . X . . . . . . .|
q. . . . . . . . . . O . . . . . . . .|
p. . . . . . . . . . . . . . . . . . .|
o. . . . . X . O . X . . . . . . . . .|
n. . . . . . . . . . O . . X . . . X O|
m. . . . . . . . . . . . O . . . . . .|
l. . . . . . . . . . . . . . . . X . .|
k. . . . . . . . . O . . . . . . . . .|
j. . X . . . . X . . . . . . . . . O .|
i. . . . . . . . . . . . . . O . . . .|
h. . . . . . X . . . . . . X . . . . .|
g. . . . . O . . . O . . . . . . . . .|
f. . . . . . O . . . . X O . X . . . .|
e. . . . . . . . . . . X . . . . . . X|
d. . . . . . . . . . X . . . O O . . .|
c. . . . . X . . . . . . O . . . . . .|
b. . . . . . . . . . . . . . . O . . X|
a. . . . . O . . O . X . . . X O . . .|
 A B C D E F G H I J K L M N O P Q R S|
gracz X
--------------------------------------+
s. . . X . . . . . . . . . . . . . . .|
r. O . . O . O . X . . X . . . . . . .|
q. . X . . . . . . . O . . . . . . . .|
p. . . . . . . . . . . . . . . . . . .|
o. . . . . X . O . X . . . . . . . . .|
n. . . . . . . . . . O . . X . . . X O|
m. . . . . . . . . . . . O . . . . . .|
l. . . . . . . . . . . . . . . . X . .|
k. . . . . . . . . O . . . . . . . . .|
j. . X . . . . X . . . . . . . . . O .|
i. . . . . . . . . . . . . . O . . . .|
h. . . . . . X . . . . . . X . . . . .|
g. . . . . O . . . O . . . . . . . . .|
f. . . . . . O . . . . X O . X . . . .|
e. . . . . . . . . . . X . . . . . . X|
d. . . . . . . . . . X . . . O O . . .|
c. . . . . X . . . . . . O . . . . . .|
b. . . . . . . . . X . . . . . O . . X|
a. . . . . O . . O . X . . . X O . . .|
 A B C D E F G H I J K L M N O P Q R S|
gracz O
--------------------------------------+
s. . . X . . . . . . . . . . . . . . .|
r. O . . O . O . X . . X . . . . . . .|
q. . X . . . . . . . O . . . . . . . .|
p. . . . . . . . . . . . . . . . . . .|
o. . . . . X O O . X . . . . . . . . O|
n. . . . . . . . . . O . . X . . . X O|
m. . . . . . . . . . . . O . . . . . .|
l. . . . . . . . . . . . . . . . X . .|
k. . . . . . . . . O . . . . . . . . .|
j. . X . . . . X . . . . . . . . . O .|
i. . . . . . . . . . . . . . O . . . .|
h. . . . . . X . . . . . . X . . . . .|
g. . . . . O . . . O . . . . . . . . .|
f. . . . . . O . . . . X O . X . . . .|
e. . . . . . . . . . . X . . . . . . X|
d. . . . . . . . . . X . . . O O . . .|
c. . . . . X . . . . . . O . . . . . .|
b. . . . . . . . . X . . . . . O . . X|
a. . . . . O . . O . X . . . X O . . .|
 A B C D E F G H I J K L M N O P Q R S|
gracz X
--------------------------------------+
s. . . X . . . . . . . . . . . . . . .|
r. O . . O . O . X . . X . . . . . . .|
q. . X . . . . . . . O . . . . . . . .|
p. . . . . . . . . . . . . . . . . . .|
o. . . . . X O O X X . . . . . . . . O|
n. . . . . . . . . . O . . X . . . X O|
m. . . . . . . . . . . . O . . . . . .|
l. . . . . . . . . . . . . . . . X . .|
k. . . . . . . . . O . . . . . . . . .|
j. . X . . . . X . . . . . . . . . O .|
i. . . . . . . . . . . . . . O . . . .|
h. . . . . . X . . . . . . X . . . . .|
g. . . . . O . . . O . . . . . . . . .|
f. . . . . . O . . . . X O . X . . . .|
e. . . . . . . X . . . X . . . . . . X|
d. . . . . . . . . . X . . . O O . . .|
c. . . . . X . . . . . . O . . . . . .|
b. . . . . . . . . X . . . . . O . . X|
a. . . . . O . . O . X . . . X O . . .|
 A B C D E F G H I J K L M N O P Q R S|
gracz O
--------------------------------------+
s. . . X . . . . . . . . . . . . . . .|
r. O . . O . O . X . . X . . . . . . .|
q. . X . . . . . . . O . . . . . . . .|
p. . . . . . . . . . . . . . . . . . .|
o. . . . . X O O X X . . . . . . . . O|
n. . . . . . . . . . O . . X . . . X O|
m. . . . . . . . . . . . O O . . . . .|
l. . . . . . . . . . . . . . . . X . .|
k. . . . . . . . . O . . . . . . . . .|
j. . X . . . . X . . . . . . . . . O .|
i. . . . . . . . . . . . . . O . . . .|
h. . . . . . X . . . . . . X . . . . .|
g. . . . . O . . . O . . . . . . . . .|
f. . . . . . O . . . . X O . X . . . .|
e. . . . . . . X . . . X . . . . . . X|
d. . . . . . . . . . X . . . O O . . .|
c. . . . . X . . . . . . O . . . . . .|
b. . . . O . . . . X . . . . . O . . X|
a. . . . . O . . O . X . . . X O . . .|
 A B C D E F G H I J K L M N O P Q R S|
gracz X
--------------------------------------+
s. . . X . . . . . . . . . . . . . . .|
r. O . . O . O . X . . X . . . . . . .|
q. . X . . . . . . . O . . . . . . . .|
p. . . . . . . . . . . . . . . . . . .|
o. . . . . X O O X X . . . . . . . . O|
n. . . . X . . . . . O . . X . . . X O|
m. . . . . . . . . . . . O O . . . . .|
l. . . . . . . . . . . . . . . . X . .|
k. . . . . . . . . O . . . . . . . . .|
j. . X . . . . X . . . . . . . . . O .|
i. . . . . . . . . . . . . . O . . . .|
h. . . . . . X . . . . . . X . . . . .|
g. . . . . O . . . O . . . . . . . . .|
f. . . . . . O . . . . X O . X . . . .|
e. . . . . . . X . . . X . . . . . . X|
d. . . . . . . . . . X . . . O O . . .|
c. . . . . X . . . . . . O . . . . . .|
b. . . . O . . . . X . . . X . O . . X|
a. . . . . O . . O . X . . . X O . . .|
 A B C D E F G H I J K L M N O P Q R S|
gracz O
--------------------------------------+
s. . . X . . . . . . . . . O . . . . .|
r. O . . O . O . X . . X . . . . . . .|
q. . X . . . . . . . O . . . . . . . .|
p. . . . . . . . . . . . . . . . . . .|
o. . . . . X O O X X . . . . . . . . O|
n. . . . X . . . . . O . . X . . . X O|
m. . . . . . . . . . . . O O . . . . .|
l. . . . . . . . . . . . . . . . X . .|
k. . . . . . . . . O . . . . . . . . .|
j. . X . . . . X . . . . . . . . . O .|
i. . . . . . . . . . . . . . O . . . .|
h. . . . . . X . . . . . . X . . . . .|
g. . . . . O . . . O . . . . . . . . .|
f. . . . . . O O . . . X O . X . . . .|
e. . . . . . . X . . . X . . . . . . X|
d. . . . . . . . . . X . . . O O . . .|
c. . . . . X . . . . . . O . . . . . .|
b. . . . O . . . . X . . . X . O . . X|
a. . . . . O . . O . X . . . X O . . .|
 A B C D E F G H I J K L M N O P Q R S|
gracz X
--------------------------------------+
s. . . X . . . . . . . . . O . . X . .|
r. O . . O . O . X . . X . . . . . . .|
q. . X . . . . . . . O . . . . . . . .|
p. . . . . . . . . . . . . . . . . . .|
o. . . . . X O O X X . . . . . . . . O|
n. . . . X . . . . . O . . X . . . X O|
m. . . . . . . . . . . . O O . . . . .|
l. . . . . . . . . . . . . . . . X . .|
k. . . . . . . . . O . . . . . . . . .|
j. . X . . . . X . . . . . . . . . O .|
i. . . . . . . . . . . . . . O . . . .|
h. . . . . . X . . . . . . X . . . . .|
g. . . . . O . . . O . . . . . . . . .|
f. . . . . . O O . . . X O . X . . . .|
e. . . . . . . X . . . X . . . . . . X|
d. . . . . . . . . X X . . . O O . . .|
c. . . . . X . . . . . . O . . . . . .|
b. . . . O . . . . X . . . X . O . . X|
a. . . . . O . . O . X . . . X O . . .|
 A B C D E F G H I J K L M N O P Q R S|
gracz O
--------------------------------------+
s. . . X . . . . . . . . . O . . X . .|
r. O . . O . O . X . . X . . . . . . .|
q. . X . . . . . . . O . . . . . . . .|
p. . . . . . . . . . . . . . . . . . .|
o. . . . . X O O X X . . . . . . . . O|
n. . . . X . . . . . O . . X . . . X O|
m. . . . . . . . . . . . O O . . . . .|
l. . . . . . . . . . . . . . . . X . .|
k. . . . . . . . . O . . . . . . . . .|
j. . X . . . . X . . . . . . . . . O .|
i. . . O . . . . . . . . . . O . . . .|
h. . . . . . X . . . . . . X . . . . .|
g. . . . . O . . . O . . . . . . . . .|
f. . . . . . O O . . . X O . X . . . .|
e. . O . . . . X . . . X . . . . . . X|
d. . . . . . . . . X X . . . O O . . .|
c. . . . . X . . . . . . O . . . . . .|
b. . . . O . . . . X . . . X . O . . X|
a. . . . . O . . O . X . . . X O . . .|
 A B C D E F G H I J K L M N O P Q R S|
gracz X
--------------------------------------+
s. . . X . . . . . . . . . O . . X . .|
r. O . . O . O . X . . X . . . . . . .|
q. . X . . . . . . . O . . . . . . . .|
p. . . . . . . . . . . . . . . . . . .|
oX . . . . X O O X X . . . . . . . . O|
n. . . . X . . . . . O . . X . . . X O|
m. . . . . . . . . . . . O O X . . . .|
l. . . . . . . . . . . . . . . . X . .|
k. . . . . . . . . O . . . . . . . . .|
j. . X . . . . X . . . . . . . . . O .|
i. . . O . . . . . . . . . . O . . . .|
h. . . . . . X . . . . . . X . . . . .|
g. . . . . O . . . O . . . . . . . . .|
f. . . . . . O O . . . X O . X . . . .|
e. . O . . . . X . . . X . . . . . . X|
d. . . . . . . . . X X . . . O O . . .|
c. . . . . X . . . . . . O . . . . . .|
b. . . . O . . . . X . . . X . O . . X|
a. . . . . O . . O . X . . . X O . . .|
 A B C D E F G H I J K L M N O P Q R S|
gracz O
--------------------------------------+
s. . . X . . . . . . . . . O . . X . .|
r. O . . O . O . X . . X . . . . . . .|
q. . X . . . . . . . O . . . . . . . .|
p. . . . . . . . . . . . . . . . . . .|
oX . . . . X O O X X . . . . . . . . O|
n. . . . X . . . . . O . . X . . . X O|
m. . . . . . . . . . . O O O X . . . .|
l. . . . . . . . . . . . . . . . X . .|
k. . . . . . . . . O . . . . . . . . .|
j. . X . . . . X . . . . . . . . . O .|
i. . . O . . . . . . . . . . O . . . .|
h. . . . . . X . . . . . . X . . . . .|
g. . . . . O . . . O . . . . . . . . .|
f. . . . . . O O . . . X O . X . . . .|
e. . O . . . . X . . . X . . . . . . X|
d. . . . . . . . . X X . . . O O . . .|
c. . . . . X . . . . . . O . . . . . .|
b. . . . O . . . . X O . . X . O . . X|
a. . . . . O . . O . X . . . X O . . .|
 A B C D E F G H I J K L M N O P Q R S|
gracz X
--------------------------------------+
s. . . X . . . . . . . . . O . . X . .|
r. O . . O . O . X . . X . . . . . . .|
q. . X . . . . . . . O . . . . . . . .|
p. . . . . . . . . . . . . . . . . . .|
oX . . . . X O O X X . . . . . . . . O|
n. . . . X . . . . . O . . X . . X X O|
m. . . . . . . . . . . O O O X . . . .|
l. . . . . . . . . . . . . . . . X . .|
k. . . . . . . . . O . . . . . . . . .|
j. . X . . . . X . . . . . . . . . O .|
i. . . O . . . . . . . . . . O . . . .|
h. . . . . . X . . . . . . X . . . . .|
g. . . . . O . . . O . . . . . . . . .|
f. . . . . . O O . . . X O . X . . . X|
e. . O . . . . X . . . X . . . . . . X|
d. . . . . . . . . X X . . . O O . . .|
c. . . . . X . . . . . . O . . . . . .|
b. . . . O . . . . X O . . X . O . . X|
a. . . . . O . . O . X . . . X O . . .|
 A B C D E F G H I J K L M N O P Q R S|
gracz O
--------------------------------------+
s. . . X . . . . . . . O . O . . X . .|
r. O . . O . O . X . . X . . . . . . .|
q. . X . . . . . . . O . . . . . . . .|
p. . . . . . . . . . . . . . . . . . .|
oX . . . . X O O X X . . . . . . . . O|
n. . . . X . . . . . O . . X . . X X O|
m. . . . . . . . . . . O O O X . . . .|
l. . . . . . . . . . . . . . . . X . .|
k. . . . . . . . . O . . . . . . . . .|
j. . X . . . . X . . . . . . . . . O .|
i. . . O . . . . O . . . . . O . . . .|
h. . . . . . X . . . . . . X . . . . .|
g. . . . . O . . . O . . . . . . . . .|
f. . . . . . O O . . . X O . X . . . X|
e. . O . . . . X . . . X . . . . . . X|
d. . . . . . . . . X X . . . O O . . .|
c. . . . . X . . . . . . O . . . . . .|
b. . . . O . . . . X O . . X . O . . X|
a. . . . . O . . O . X . . . X O . . .|
 A B C D E F G H I J K L M N O P Q R S|
gracz X
--------------------------------------+
s. . . X . . . . . . . O . O . . X . .|
r. O . . O . O . X . . X . . . . . . .|
q. . X . . . . . . . O . . . . . . . .|
p. . . . . . . . . . . . . . . . . . .|
oX . . . . X O O X X . . . . . . . . O|
n. . . . X . . . . . O . X X . . X X O|
m. . . . . . . . . . . O O O X . . . .|
l. . . . . . . . . . . . . . . . X . .|
k. . . . . . . . . O X . . . . . . . .|
j. . X . . . . X . . . . . . . . . O .|
i. . . O . . . . O . . . . . O . . . .|
h. . . . . . X . . . . . . X . . . . .|
g. . . . . O . . . O . . . . . . . . .|
f. . . . . . O O . . . X O . X . . . X|
e. . O . . . . X . . . X . . . . . . X|
d. . . . . . . . . X X . . . O O . . .|
c. . . . . X . . . . . . O . . . . . .|
b. . . . O . . . . X O . . X . O . . X|
a. . . . . O . . O . X . . . X O . . .|
 A B C D E F G H I J K L M N O P Q R S|
gracz O
--------------------------------------+
s. . . X . . . . . . . O . O . . X . .|
r. O . . O . O . X . . X . . . . . . .|
q. . X . . . . . . . O . . . . . . . .|
p. O . . . . . . . . . . . . . . . . .|
oX . . . . X O O X X . . . . . . . . O|
n. . . . X . . . . . O . X X . . X X O|
m. . . . . . . . . . . O O O X . . . .|
l. . . . . . . . . . . . . . . . X . .|
k. . . . . . . . . O X . . . . . . . .|
j. . X . . . . X . . . . . . . . . O .|
i. . . O . . . . O . . . . . O . . . .|
h. . . . . . X . . . . . . X . . . . .|
g. . . . . O . . . O . . . . . . . . .|
f. . . . . . O O . . . X O . X . . . X|
e. . O . . . . X . . . X . . . . . . X|
d. . . . . . . . . X X . . . O O . . .|
c. O . . . X . . . . . . O . . . . . .|
b. . . . O . . . . X O . . X . O . . X|
a. . . . . O . . O . X . . . X O . . .|
 A B C D E F G H I J K L M N O P Q R S|
gracz X
--------------------------------------+
s. . . X . . . . . . . O . O . . X . .|
r. O . . O . O . X . . X . . . . . . .|
q. . X . . . . X . . O . . . . . . . .|
p. O . . . . . . . . . . . . . . . . .|
oX . . . . X O O X X . . . . . . . . O|
n. . . . X . . . . . O . X X . . X X O|
m. . . . . . . . . . . O O O X . . . .|
l. . . . . . . . . . . . . . . . X . .|
k. . . . . . . . . O X . . . . X . . .|
j. . X . . . . X . . . . . . . . . O .|
i. . . O . . . . O . . . . . O . . . .|
h. . . . . . X . . . . . . X . . . . .|
g. . . . . O . . . O . . . . . . . . .|
f. . . . . . O O . . . X O . X . . . X|
e. . O . . . . X . . . X . . . . . . X|
d. . . . . . . . . X X . . . O O . . .|
c. O . . . X . . . . . . O . . . . . .|
b. . . . O . . . . X O . . X . O . . X|
a. . . . . O . . O . X . . . X O . . .|
 A B C D E F G H I J K L M N O P Q R S|
gracz O
--------------------------------------+
s. . . X . . . . . . . O . O . . X . .|
r. O . . O O O . X . . X . . . . . . .|
q. . X . . . . X . . O . . . . . . . .|
p. O . . . . . . . . . . . . . . . . .|
oX . . . . X O O X X . . . . . . . . O|
n. . . . X . . . . . O . X X . . X X O|
m. . . . . . . . . . . O O O X . . . .|
l. . . . . . . . . . . . . . . . X . .|
k. . . . . . . . . O X . . . . X . . .|
j. . X . . . . X . . . . . . . . . O .|
i. . . O . . . . O . . . . O O . . . .|
h. . . . . . X . . . . . . X . . . . .|
g. . . . . O . . . O . . . . . . . . .|
f. . . . . . O O . . . X O . X . . . X|
e. . O . . . . X . . . X . . . . . . X|
d. . . . . . . . . X X . . . O O . . .|
c. O . . . X . . . . . . O . . . . . .|
b. . . . O . . . . X O . . X . O . . X|
a. . . . . O . . O . X . . . X O . . .|
 A B C D E F G H I J K L M N O P Q R S|
gracz X
--------------------------------------+
s. . . X . . . . . . . O . O . . X . .|
r. O . . O O O . X . . X . . . . . . .|
q. . X . . . . X . . O . . . . . . . .|
p. O . . . . . . . . . . . . . . . . .|
oX . . . . X O O X X . . . . . . . . O|
n. . . . X . . . . . O . X X . . X X O|
m. . . . . . . . . . . O O O X . . . .|
l. . . . . . . . . . . . . . . . X . .|
k. . . . . . . . . O X . . . . X . X .|
j. . X . . . . X . . . . . . . . . O .|
i. . . O . . . . O . . . . O O . . . .|
h. . . . . . X . . . . . . X . . . . .|
g. . . . . O . . . O . . . . . . . . .|
f. . . . . . O O . . . X O . X . . . X|
e. . O . . . . X . . . X . . . . . . X|
d. . . . . . . . . X X . . . O O . X .|
c. O . . . X . . . . . . O . . . . . .|
b. . . . O . . . . X O . . X . O . . X|
a. . . . . O . . O . X . . . X O . . .|
 A B C D E F G H I J K L M N O P Q R S|
gracz O
--------------------------------------+
s. . . X . . . . . . . O . O . . X . .|
r. O . . O O O . X . . X . . . . . . .|
q. . X . . . . X . . O . . . . . . . .|
p. O . . . . . . . . . . . . . . . . .|
oX . . . . X O O X X . . . . . . . . O|
n. . . . X . . . . . O . X X . . X X O|
m. . . . . . . . . . . O O O X . . . .|
l. . . . . . . . . . . . . . . . X . .|
k. . . . . . . . . O X . . . . X O X .|
j. . X . . . . X . . . . . . . . . O .|
i. O . O . . . . O . . . . O O . . . .|
h. . . . . . X . . . . . . X . . . . .|
g. . . . . O . . . O . . . . . . . . .|
f. . . . . . O O . . . X O . X . . . X|
e. . O . . . . X . . . X . . . . . . X|
d. . . . . . . . . X X . . . O O . X .|
c. O . . . X . . . . . . O . . . . . .|
b. . . . O . . . . X O . . X . O . . X|
a. . . . . O . . O . X . . . X O . . .|
 A B C D E F G H I J K L M N O P Q R S|
gracz X
--------------------------------------+
s. . . X . . . . . . . O . O . . X X .|
r. O . . O O O . X . . X . . . . . . .|
q. . X . . . . X . . O . . . . . . . .|
p. O . . . . . . . . . . . . . . . . .|
oX . . . . X O O X X . . . . . . . . O|
n. . . . X . . . . . O . X X . . X X O|
m. . . . . . . . . . . O O O X . . . .|
l. . . . . . . . . . . . . . . . X . .|
k. . . . . . . . . O X . . . . X O X .|
j. . X . . . . X . . . . . . . . . O .|
i. O . O . . . . O . . . . O O . . . .|
h. . . . . . X . . . . . . X . . . . .|
g. . . . . O . . . O . . . . . . . . .|
f. . . . . . O O . . . X O . X . . . X|
e. . O . . . . X . . . X . . . . . . X|
d. . . . . . . . . X X . . . O O . X .|
c. O . . . X . . . . . . O . . . . . X|
b. . . . O . . . . X O . . X . O . . X|
a. . . . . O . . O . X . . . X O . . .|
 A B C D E F G H I J K L M N O P Q R S|
gracz O
--------------------------------------+
s. . . X . . . . . . . O . O . . X X .|
r. O . . O O O . X . . X . . . . . . .|
q. . X . . . . X . . O . . . . . . . .|
p. O . . . . . . . . . . . . . . . . .|
oX . . . . X O O X X . . . . . . . . O|
n. . . . X . . . . . O . X X . . X X O|
m. . . . . . . . . . . O O O X . . . .|
l. . . . . . . . . . . . . . . . X . .|
k. . . . . . . . . O X . . . . X O X .|
j. . X . . . . X . . . . . . . . . O .|
i. O . O . . . . O . . . . O O . . . .|
h. . . . . . X . . . . . . X . . . . .|
g. . . . . O . . . O . . . . . . . . .|
f. . . . . . O O . . . X O . X . . . X|
e. . O . . . . X . . . X . . . . . . X|
d. . . . . . . . . X X . . . O O . X .|
c. O . . . X . . . . . . O . . . . . X|
b. . . . O . . . . X O . . X O O . . X|
a. . . . . O . O O . X . . . X O . . .|
 A B C D E F G H I J K L M N O P Q R S|
gracz X
--------------------------------------+
s. . . X . . . . . . . O . O . . X X .|
r. O . . O O O . X . . X . . . . . . .|
q. . X . . . . X . . O . . . . . . . .|
p. O . . . . . . . . . . . . . . . . .|
oX . . . . X O O X X . . . . . . . . O|
n. . . . X . . . . . O . X X . . X X O|
m. . . . . . . . . . . O O O X . . . .|
l. X . . . . . . . . . . . . . . X . .|
k. . . . . . . . . O X . . . . X O X .|
j. . X . . . . X . . . . . . . . . O .|
i. O . O . . . . O . . . . O O . . . .|
h. . . . . . X . . . . . . X . . . . .|
g. . . X . O . . . O . . . . . . . . .|
f. . . . . . O O . . . X O . X . . . X|
e. . O . . . . X . . . X . . . . . . X|
d. . . . . . . . . X X . . . O O . X .|
c. O . . . X . . . . . . O . . . . . X|
b. . . . O . . . . X O . . X O O . . X|
a. . . . . O . O O . X . . . X O . . .|
 A B C D E F G H I J K L M N O P Q R S|
gracz O
--------------------------------------+
s. . . X . . . . . . . O . O . . X X .|
r. O . . O O O . X . . X . . . . . . .|
q. . X . . . . X . . O . . . . . . . .|
p. O . . . . . . . . . . . . . . . . .|
oX . . . . X O O X X . . . . . . . . O|
n. . . . X . . . . . O . X X . . X X O|
m. . . . . . . . . . . O O O X O . . .|
l. X . . . . . . . . . . . . . . X . .|
k. . . . . . . . . O X . . . . X O X .|
j. . X . . . . X . . . . . . . . . O .|
i. O . O . . . . O . . . . O O . . . .|
h. . . . . . X . . . . . . X . . . . .|
g. . . X . O . . O O . . . . . . . . .|
f. . . . . . O O . . . X O . X . . . X|
e. . O . . . . X . . . X . . . . . . X|
d. . . . . . . . . X X . . . O O . X .|
c. O . . . X . . . . . . O . . . . . X|
b. . . . O . . . . X O . . X O O . . X|
a. . . . . O . O O . X . . . X O . . .|
 A B C D E F G H I J K L M N O P Q R S|
gracz X
--------------------------------------+
s. . . X . . . . . . . O . O . . X X .|
r. O . . O O O . X . . X . . . . . . .|
q. . X . . . . X . . O . . . . . . . .|
p. O . . . . . . . . . . . . . . . . .|
oX . . . . X O O X X . . . . . . . . O|
n. . . . X . . . . . O . X X . . X X O|
m. . . . . . . . . . . O O O X O . . .|
l. X . . . . . X . . . . . . . . X . .|
k. . . . . . . . . O X . . . . X O X .|
j. . X . . . . X . . . . . . . . . O .|
i. O . O . . . . O . . . . O O . . . .|
h. . . . . . X . . . . . . X . X . . .|
g. . . X . O . . O O . . . . . . . . .|
f. . . . . . O O . . . X O . X . . . X|
e. . O . . . . X . . . X . . . . . . X|
d. . . . . . . . . X X . . . O O . X .|
c. O . . . X . . . . . . O . . . . . X|
b. . . . O . . . . X O . . X O O . . X|
a. . . . . O . O O . X . . . X O . . .|
 A B C D E F G H I J K L M N O P Q R S|
gracz O
--------------------------------------+
s. . . X . . . . . . . O . O . O X X .|
r. O . . O O O . X . . X . . . . . . .|
q. . X . . . . X . . O . . . . . . . .|
p. O . . . . . . . . . . . . . . . . .|
oX . . . . X O O X X . . . . . . . . O|
n. . . . X . . . . . O . X X . . X X O|
m. . . . . . . . . . . O O O X O . . .|
l. X . . . . . X . . . . . . . . X . .|
k. . . . . . . . . O X . . . . X O X .|
j. . X . . . . X . . . . . . . . . O .|
i. O . O . . . . O . . . . O O . . . .|
h. . . . . . X . . . . . . X . X . . .|
g. . . X . O . . O O . . . . . . . . .|
f. . . . . . O O . . . X O . X . . . X|
e. . O . . . . X . . . X . . . . . . X|
d. . . . . . . . . X X . . . O O . X .|
c. O . . . X . . . . . . O . . O . . X|
b. . . . O . . . . X O . . X O O . . X|
a. . . . . O . O O . X . . . X O . . .|
 A B C D E F G H I J K L M N O P Q R S|
gracz X
--------------------------------------+
s. . . X . . . . . . . O . O . O X X .|
r. O . . O O O . X . . X . . . . . . .|
q. . X . . . . X . . O . . . . . . . .|
p. O . . . . . . . . . . . . . . . . .|
oX . . . . X O O X X . . . . . . . . O|
n. . . . X . . . . . O . X X . . X X O|
m. . . . . . . . . . . O O O X O . . .|
l. X . . . . . X . . . . . X . . X . .|
k. . . . . . . . . O X . . . . X O X .|
j. . X . . . . X . . . . . . . . . O .|
i. O . O . . . . O . . . X O O . . . .|
h. . . . . . X . . . . . . X . X . . .|
g. . . X . O . . O O . . . . . . . . .|
f. . . . . . O O . . . X O . X . . . X|
e. . O . . . . X . . . X . . . . . . X|
d. . . . . . . . . X X . . . O O . X .|
c. O . . . X . . . . . . O . . O . . X|
b. . . . O . . . . X O . . X O O . . X|
a. . . . . O . O O . X . . . X O . . .|
 A B C D E F G H I J K L M N O P Q R S|
gracz O
--------------------------------------+
s. . . X . . . . . . . O . O . O X X .|
r. O . . O O O . X . . X . . . . . . .|
q. . X . . . . X . . O . . . . . . . .|
p. O . . . . . . . . . . . . . . . . .|
oX . . . . X O O X X . . . . . . . . O|
n. . . . X . . . . . O . X X . . X X O|
m. . . . . . . . . . . O O O X O . . .|
l. X . . . . . X . . . . . X . . X . .|
k. . . . . . . . . O X . . . . X O X .|
j. . X . . . . X . . . O . . . . . O .|
i. O . O . . . . O . . . X O O . . . .|
h. . . . . . X . . . . . . X . X . . .|
g. . . X . O O . O O . . . . . . . . .|
f. . . . . . O O . . . X O . X . . . X|
e. . O . . . . X . . . X . . . . . . X|
d. . . . . . . . . X X . . . O O . X .|
c. O . . . X . . . . . . O . . O . . X|
b. . . . O . . . . X O . . X O O . . X|
a. . . . . O . O O . X . . . X O . . .|
 A B C D E F G H I J K L M N O P Q R S|
gracz X
--------------------------------------+
s. . . X . . . . . . . O . O . O X X .|
r. O . . O O O . X . . X . . . . . . .|
q. . X . . . . X . . O . . . . . . . .|
p. O . . . . . . . . . . . . . . . . .|
oX . . . . X O O X X . . . . . . X . O|
n. . . . X . . . . . O . X X . . X X O|
m. . . . . . . . . . . O O O X O . . .|
l. X . . . . . X . . . . . X . . X . .|
k. . . . . . . . . O X . . . . X O X .|
j. . X . . . . X . . . O . . . . . O .|
i. O . O X . . . O . . . X O O . . . .|
h. . . . . . X . . . . . . X . X . . .|
g. . . X . O O . O O . . . . . . . . .|
f. . . . . . O O . . . X O . X . . . X|
e. . O . . . . X . . . X . . . . . . X|
d. . . . . . . . . X X . . . O O . X .|
c. O . . . X . . . . . . O . . O . . X|
b. . . . O . . . . X O . . X O O . . X|
a. . . . . O . O O . X . . . X O . . .|
 A B C D E F G H I J K L M N O P Q R S|
gracz O
--------------------------------------+
s. . . X . . . . . . . O . O . O X X .|
r. O . . O O O . X . . X . . . . O . .|
q. . X . O . . X . . O . . . . . . . .|
p. O . . . . . . . . . . . . . . . . .|
oX . . . . X O O X X . . . . . . X . O|
n. . . . X . . . . . O . X X . . X X O|
m. . . . . . . . . . . O O O X O . . .|
l. X . . . . . X . . . . . X . . X . .|
k. . . . . . . . . O X . . . . X O X .|
j. . X . . . . X . . . O . . . . . O .|
i. O . O X . . . O . . . X O O . . . .|
h. . . . . . X . . . . . . X . X . . .|
g. . . X . O O . O O . . . . . . . . .|
f. . . . . . O O . . . X O . X . . . X|
e. . O . . . . X . . . X . . . . . . X|
d. . . . . . . . . X X . . . O O . X .|
c. O . . . X . . . . . . O . . O . . X|
b. . . . O . . . . X O . . X O O . . X|
a. . . . . O . O O . X . . . X O . . .|
 A B C D E F G H I J K L M N O P Q R S|
gracz X
--------------------------------------+
s. . . X . . . . . . . O . O . O X X .|
r. O . . O O O . X . . X . . . . O . .|
q. . X . O . . X . . O . . . . . . . .|
p. O . . . . . . . . . . . . . . . . .|
oX . . . . X O O X X . . . . . . X . O|
n. . . . X . . . . . O . X X . . X X O|
m. . . . . . . X . . . O O O X O . . .|
l. X . . . . . X . . . . . X . . X . .|
k. . . . . . . . . O X . . . . X O X .|
j. . X . . . . X . . . O . . . . . O .|
i. O . O X . . . O . . . X O O . . . .|
h. . . . . . X . . . . . . X . X . . .|
g. . . X . O O . O O . . . . . . . . .|
f. . . . . . O O . . . X O . X . . . X|
e. . O . . . . X . . . X . . . . . . X|
d. . . . . . . . . X X . . . O O . X X|
c. O . . . X . . . . . . O . . O . . X|
b. . . . O . . . . X O . . X O O . . X|
a. . . . . O . O O . X . . . X O . . .|
 A B C D E F G H I J K L M N O P Q R S|
gracz O
--------------------------------------+
s. . . X . . . . . . . O . O . O X X .|
r. O . . O O O . X . . X . . . . O . .|
q. . X . O . . X . . O . . . . . . . .|
p. O . . . . . . . . . . . . . . . . .|
oX . . . . X O O X X . . . . . . X . O|
n. . . . X . . . . . O . X X . . X X O|
m. . . . . . . X . . . O O O X O O . .|
l. X . . . . . X . . . . . X . . X . .|
k. . . . . . . . . O X . . . . X O X .|
j. . X . . . . X . . . O . . . . . O .|
i. O . O X . . . O . . . X O O . . . .|
h. . . . . . X . . . . . . X . X . . .|
g. . . X . O O . O O . . . . . . . . .|
f. . . . . . O O . . . X O . X . . . X|
e. . O . . . . X . . . X . . . . . . X|
d. . . . . . . . . X X . . . O O O X X|
c. O . . . X . . . . . . O . . O . . X|
b. . . . O . . . . X O . . X O O . . X|
a. . . . . O . O O . X . . . X O . . .|
 A B C D E F G H I J K L M N O P Q R S|
gracz X
--------------------------------------+
s. . . X . . . . . . . O . O . O X X .|
r. O . . O O O . X . . X . . . . O . .|
q. . X . O . . X . . O . . . . . . . .|
p. O . . . . . . . . . . . . . . . . .|
oX . . . . X O O X X . . . . . . X . O|
n. . . . X . . . . . O . X X . . X X O|
m. . . . . . . X . . . O O O X O O . .|
l. X . . . . . X . . . . . X . . X . .|
k. . . . . . . . . O X . . . . X O X .|
j. . X . . . . X . . . O . . . . . O .|
i. O . O X . . . O . . . X O O . . . .|
h. . . . . . X . . . . . . X . X . . .|
g. . . X . O O . O O . . . . . . . . .|
f. . . . X . O O . . . X O . X . . . X|
e. . O . . . . X . . . X . . . . . . X|
d. . . . . . . . . X X . . . O O O X X|
c. O . . . X . . . . . . O . . O . . X|
b. . . . O . . . . X O . X X O O . . X|
a. . . . . O . O O . X . . . X O . . .|
 A B C D E F G H I J K L M N O P Q R S|
gracz O
--------------------------------------+
s. . . X . . . . . . . O . O . O X X .|
r. O . . O O O . X . . X . . . . O . .|
q. . X . O . . X . . O . . . . . . . .|
p. O . . . . . . . . . . . . . . . . .|
oX . . . . X O O X X . . . . . . X . O|
n. . . . X . . . . O O . X X . . X X O|
m. . . . . . . X . . . O O O X O O . .|
l. X . . . . . X . . . . . X . . X . .|
k. . . . . . . . . O X . . . . X O X .|
j. . X . . . . X . . . O O . . . . O .|
i. O . O X . . . O . . . X O O . . . .|
h. . . . . . X . . . . . . X . X . . .|
g. . . X . O O . O O . . . . . . . . .|
f. . . . X . O O . . . X O . X . . . X|
e. . O . . . . X . . . X . . . . . . X|
d. . . . . . . . . X X . . . O O O X X|
c. O . . . X . . . . . . O . . O . . X|
b. . . . O . . . . X O . X X O O . . X|
a. . . . . O . O O . X . . . X O . . .|
 A B C D E F G H I J K L M N O P Q R S|
gracz X
--------------------------------------+
s. . . X . . . . . . . O . O . O X X .|
r. O . . O O O . X . . X . . . . O . .|
q. . X . O . . X . . O . . . . . . . .|
p. O . . . . . . . . . . . . . . . . .|
oX . . . . X O O X X . . . X . . X . O|
n. . . . X . . . . O O . X X . . X X O|
m. . . . . . . X . . . O O O X O O . .|
l. X . . . . . X . . . . . X . . X . .|
k. . . . . . . . . O X . . . . X O X .|
j. . X . . . . X . . . O O . . . . O .|
i. O . O X . . . O . . . X O O . . . .|
h. . . . . . X . . . . . . X . X . . .|
g. . . X . O O . O O . . . . . . . . .|
f. . . . X . O O . . . X O . X . . . X|
e. . O . . . . X . . . X . . . . . . X|
d. . . . . X . . . X X . . . O O O X X|
c. O . . . X . . . . . . O . . O . . X|
b. . . . O . . . . X O . X X O O . . X|
a. . . . . O . O O . X . . . X O . . .|
 A B C D E F G H I J K L M N O P Q R S|
gracz O
--------------------------------------+
s. . . X . . . . . . . O . O . O X X .|
r. O . O O O O . X . . X . . . . O . .|
q. . X . O . . X . . O . . . . . . . .|
p. O . . . . . . . . . . . . . . . . .|
oX . . . . X O O X X . . . X . . X . O|
n. . . . X . . . . O O . X X . . X X O|
m. . . . . . . X . . . O O O X O O . .|
l. X . . . . . X . . . . . X . . X . .|
k. . . . . . . . . O X . . . . X O X .|
j. . X . . . . X . . . O O . . . . O .|
i. O . O X . . . O . . . X O O . . . .|
h. . . . . . X . . . . . . X . X . . .|
g. . . X . O O . O O . . . . . . . . .|
f. . . . X . O O . . . X O . X . . . X|
e. . O . . . . X . . . X . . . . . . X|
d. . . . . X . . . X X . . . O O O X X|
c. O . . . X . . . O . . O . . O . . X|
b. . . . O . . . . X O . X X O O . . X|
a. . . . . O . O O . X . . . X O . . .|
 A B C D E F G H I J K L M N O P Q R S|
gracz X
--------------------------------------+
s. . . X . . . . . . . O . O X O X X .|
r. O . O O O O . X . . X . . . . O . .|
q. . X . O . . X . . O . . . . . . . .|
p. O . . . . . . . . . . . . . . . . .|
oX . . . . X O O X X . . . X . . X . O|
n. . . . X . . . . O O . X X . . X X O|
m. . . . . . . X . . . O O O X O O . .|
l. X . . . . . X X . . . . X . . X . .|
k. . . . . . . . . O X . . . . X O X .|
j. . X . . . . X . . . O O . . . . O .|
i. O . O X . . . O . . . X O O . . . .|
h. . . . . . X . . . . . . X . X . . .|
g. . . X . O O . O O . . . . . . . . .|
f. . . . X . O O . . . X O . X . . . X|
e. . O . . . . X . . . X . . . . . . X|
d. . . . . X . . . X X . . . O O O X X|
c. O . . . X . . . O . . O . . O . . X|
b. . . . O . . . . X O . X X O O . . X|
a. . . . . O . O O . X . . . X O . . .|
 A B C D E F G H I J K L M N O P Q R S|
gracz O
--------------------------------------+
s. . . X . . . . . . . O . O X O X X .|
r. O . O O O O . X . . X . . . . O . .|
q. . X . O . . X . . O . . . . . . . .|
p. O . . . . . . . . . . . . . . . . .|
oX . . . . X O O X X . . . X . . X . O|
n. . . O X . . . . O O . X X . . X X O|
m. . . . . . . X . . . O O O X O O . .|
l. X . . . . . X X . . . . X . . X . .|
k. . . . . . . . . O X . . . . X O X O|
j. . X . . . . X . . . O O . . . . O .|
i. O . O X . . . O . . . X O O . . . .|
h. . . . . . X . . . . . . X . X . . .|
g. . . X . O O . O O . . . . . . . . .|
f. . . . X . O O . . . X O . X . . . X|
e. . O . . . . X . . . X . . . . . . X|
d. . . . . X . . . X X . . . O O O X X|
c. O . . . X . . . O . . O . . O . . X|
b. . . . O . . . . X O . X X O O . . X|
a. . . . . O . O O . X . . . X O . . .|
 A B C D E F G H I J K L M N O P Q R S|
gracz X
--------------------------------------+
s. . . X . . . . . . . O . O X O X X .|
r. O . O O O O . X . . X . . . . O . .|
q. . X . O . . X . . O . . . . . . . .|
p. O . . . . . . . . . . . . . . . . .|
oX . . . . X O O X X . . . X . . X . O|
n. . . O X . . . . O O . X X . . X X O|
m. . . . . . . X . . . O O O X O O . .|
l. X . . . . . X X . . . . X . . X . .|
k. . . . . . . . . O X . . . . X O X O|
j. . X . . . . X . . . O O . . . . O .|
i. O . O X . . . O . . . X O O . . . .|
h. . . . . . X . . . . . . X . X . . .|
g. . . X . O O . O O . . . . X . . . .|
f. . . . X . O O . . . X O . X . . . X|
e. . O . . . . X . . . X . . . . . . X|
d. . . . . X . . . X X . . . O O O X X|
c. O . . . X . . . O . . O . . O . . X|
b. . . . O . . . . X O . X X O O X . X|
a. . . . . O . O O . X . . . X O . . .|
 A B C D E F G H I J K L M N O P Q R S|
gracz O
--------------------------------------+
s. . . X . . . . . . . O . O X O X X .|
r. O . O O O O . X . . X . . . . O . .|
q. . X . O . . X . . O . . . . . . . .|
p. O . . . . . . . . . . . . . . . . .|
oX . . . . X O O X X . . . X . . X . O|
n. . . O X . . . . O O . X X . . X X O|
m. . . . . . . X . . . O O O X O O . .|
l. X . . . . . X X . . . . X . . X . .|
k. . . . . . . . . O X . . . . X O X O|
j. . X . . . . X . . . O O . . . . O .|
i. O . O X . . . O . . . X O O . . . .|
h. . . . . . X . . . . . . X . X . . .|
g. . . X O O O . O O . . . . X . . . .|
f. . . . X . O O . . . X O . X . . . X|
e. . O . . . . X . . . X . . . . . . X|
d. . . . . X . . . X X . . . O O O X X|
c. O . . . X . . . O . . O . . O O . X|
b. . . . O . . . . X O . X X O O X . X|
a. . . . . O . O O . X . . . X O . . .|
 A B C D E F G H I J K L M N O P Q R S|
gracz X
--------------------------------------+
s. X . X . . . . . . . O . O X O X X .|
r. O . O O O O . X . . X . . . . O . .|
q. . X . O . . X . . O . . . . . . . .|
p. O . . . . . . . . . . . . . . . . .|
oX . . . . X O O X X . . . X . . X . O|
n. . . O X . . . . O O . X X . . X X O|
m. . . . . . . X . . . O O O X O O . .|
l. X . . . . . X X . . . . X . . X . .|
k. . . . . . . . . O X . . . . X O X O|
j. . X . . . . X . . . O O . . . . O .|
i. O . O X . . . O . . . X O O . . . .|
h. . . . . . X . . . . . . X . X . . .|
g. . . X O O O . O O . . . . X . . . X|
f. . . . X . O O . . . X O . X . . . X|
e. . O . . . . X . . . X . . . . . . X|
d. . . . . X . . . X X . . . O O O X X|
c. O . . . X . . . O . . O . . O O . X|
b. . . . O . . . . X O . X X O O X . X|
a. . . . . O . O O . X . . . X O . . .|
 A B C D E F G H I J K L M N O P Q R S|
wygral X
