--------------------------------------+
s. . . . . . . . . . . . . . . . . . .|
r. . . . . . . . . . . . . . . . . . .|
q. . . . . . . . . . . . . . . . . . .|
p. . . . . . . . . . . . . . . . . . .|
o. . . . . . . . . . . . . . . . . . .|
n. . . . . . . . . . . . . . . . . . .|
m. . . . . . . . . . . . . . . . . . .|
l. . . . . . . . . . . . . . . . . . .|
k. . . . . . . . . . . . . . . . . . .|
j. . . . . . . . . . . . . . . . . . .|
i. . . . . . . . . . . . . . . . . . .|
h. . . . . . . . . . . . . . . . . . .|
g. . . . . . . . . . . . . . . . . . .|
f. . . . . . . . . . . . . . . . . . .|
e. . . . . . . . . . . . . . . . . . .|
d. . . . . . . . . . . . . . . . . . .|
c. . . . . . . . . . . . . . . . . . .|
b. . . . . . . . . . . . . . . . . . .|
a. . . . . . . . . . . . . . . . . . .|
 A B C D E F G H I J K L M N O P Q R S|
gracz X
--------------------------------------+
s. . . . . . . . . . . . . . . . . . .|
r. . . . . . . . . . . . . . . . . . .|
q. . . . . . . . . . . . . . . . . . .|
p. . . . . . . . . . . . . . . . . . .|
o. . . . . . . . . . . . . . . . . . .|
n. . . . . . . . . . . . . . . . . . .|
m. . . . . . . . . . . . . . . . . . .|
l. . . . . . . . . . . . . . . . . . .|
k. . . . . . . . . . . . . . . . . . .|
j. . . . . . . . . . . . . . . . . . .|
i. . . . . . . . . . . . . . . . . . .|
h. . . . . . . . . . . . . . . . . . .|
g. . . . . . . . . . . . . . . . . . .|
f. . . X . . . . . . . . . . . . . . .|
e. . . . . . . . . . . . . . . . . . .|
d. . . . . . . . . . . . . . . . . . .|
c. . . . . . . . . . . . . . . . . . .|
b. . . . . . . . . . . . . . . . . . .|
a. . . . . . . . . . . . . . . . . . .|
 A B C D E F G H I J K L M N O P Q R S|
gracz O
--------------------------------------+
s. . . . . . . . . . . . . . . . . . .|
r. . . . . O . . . . . . . . . . . . .|
q. . . . . . . . . . . . . . . . . . .|
p. . . . . . . . . . . . . . . . . . .|
o. . . . . . . . . . . . . . . . . . .|
n. . . . . . . . . . . . . . . . . . .|
m. . . . . . . . . . . . . . . . . . .|
l. . . . . . . . . . . . . . . . . . .|
k. . . . . . . . . . . . . . . . . . .|
j. . . . . . . . . . . . O . . . . . .|
i. . . . . . . . . . . . . . . . . . .|
h. . . . . . . . . . . . . . . . . . .|
g. . . . . . . . . . . . . . . . . . .|
f. . . X . . . . . . . . . . . . . . .|
e. . . . . . . . . . . . . . . . . . .|
d. . . . . . . . . . . . . . . . . . .|
c. . . . . . . . . . . . . . . . . . .|
b. . . . . . . . . . . . . . . . . . .|
a. . . . . . . . . . . . . . . . . . .|
 A B C D E F G H I J K L M N O P Q R S|
gracz X
--------------------------------------+
s. . . . . . . . . . . . . . . . . . .|
r. . . . . O . . . . . . . . . . . . .|
q. . . . . . . . . . . . . . . . . . .|
p. . . . . . . . . . . . . . . . . . .|
o. . . . . . . . . . . . . . . . . . .|
n. . . . . . . . . . . . . . . . . . .|
m. . . . . . . . . . . . . . . . . . .|
l. . . . . . X . . . . . . . . . . . .|
k. . . . . . . . . . . . . . . . . . .|
j. . . . . . . . . . . . O . . . . . .|
iX . . . . . . . . . . . . . . . . . .|
h. . . . . . . . . . . . . . . . . . .|
g. . . . . . . . . . . . . . . . . . .|
f. . . X . . . . . . . . . . . . . . .|
e. . . . . . . . . . . . . . . . . . .|
d. . . . . . . . . . . . . . . . . . .|
c. . . . . . . . . . . . . . . . . . .|
b. . . . . . . . . . . . . . . . . . .|
a. . . . . . . . . . . . . . . . . . .|
 A B C D E F G H I J K L M N O P Q R S|
gracz O
--------------------------------------+
s. . . . . . . . . . . . . . . . . . .|
r. . . . . O . . . . . . . . . . . . .|
q. . . . . . . . . . . . . . . . . . .|
p. . . . . . . . . . . . . . . . . . .|
o. . . . . . . . . . . . . . . . . . .|
n. . . . . . . . . . . . . . . . . . .|
m. . . . . O . . . . . . . . . . . . .|
l. . . . . . X . . . . . . . . . . . .|
k. . . . . . . . . . . . . . . . . . .|
j. . . . . . . . . . . . O . . . . . .|
iX . . . . . . . . . . . . . . . . . .|
h. . . . . . . . . . . . . . . . . . .|
g. . . . . . . . . . . . . . . . . . .|
f. . . X . . . . . . . . . . . . . . .|
e. . . . . . . . . . . . . . . . . . .|
d. . . . . . . . . . . . . . . . . . .|
c. . . . . . . . . . . . . . . . . . .|
b. . . . . . . . . . . . . . . . . . .|
a. . . . . . . O . . . . . . . . . . .|
 A B C D E F G H I J K L M N O P Q R S|
gracz X
--------------------------------------+
s. . . . . . . . . . . . . . . . . . .|
r. . . . . O . . . . . . . . . . . . .|
q. . . . . . . . . . . . . . . . . . .|
p. . . . . . . . . . . . . . . . . . .|
o. . . . . . . . . . . . . . . . . . .|
n. . . . . . . . . . . . . . . . . . .|
m. . . . . O . . . . . . . . . . . . .|
l. . . . . . X . . . . . . . . . . . .|
k. . . . . . . . . . . . . . . . . . .|
j. . . . . . . . . . . . O . . X . . .|
iX . . . . . . . . . . . . . . . . . .|
h. . . . . . . . . . . . . . . . . . .|
g. . . . . . . . . . . . . . . . . . .|
f. . . X . . . . . . . . . . . . . . .|
e. . . . . . . . . . . . . . . . . . .|
d. . . . . . X . . . . . . . . . . . .|
c. . . . . . . . . . . . . . . . . . .|
b. . . . . . . . . . . . . . . . . . .|
a. . . . . . . O . . . . . . . . . . .|
 A B C D E F G H I J K L M N O P Q R S|
gracz O
--------------------------------------+
s. . . . . . . . . . . . . . . . . . .|
r. . . . . O . . . . . . . . . . . . .|
q. . . . . . . . . . . . . . . . . . .|
p. . . . . . . . . . . . . . . . . . .|
o. . . . . . . . . . . . . . . . . . .|
n. . . . . . . . . . . . . . . . . . .|
m. . . . . O . . . . . . . . . . . . .|
l. . . . . . X . . . . . . . . . . . .|
k. . . . . . . . . . . . . . . . . . .|
j. . . . . . . . . . . . O . . X . . .|
iX . . . . . . . . . . . . . . . . . .|
h. . . . . . . . . . . . . O . . . . .|
g. . . . . . . . . . . . . . . . . . .|
f. . . X . . . . . . . . . . O . . . .|
e. . . . . . . . . . . . . . . . . . .|
d. . . . . . X . . . . . . . . . . . .|
c. . . . . . . . . . . . . . . . . . .|
b. . . . . . . . . . . . . . . . . . .|
a. . . . . . . O . . . . . . . . . . .|
 A B C D E F G H I J K L M N O P Q R S|
gracz X
--------------------------------------+
s. . . . . . . . . . . . . . . . . . .|
r. . . . X O . . . . . . . . . . . . .|
q. . . . . . . . . . . . . . . . . . .|
p. . . . . . . . . . . . . . . . . . .|
o. . . . . . . . . . . . . . . . . . .|
n. . . . . . . . . . . . . . . . . . .|
m. . . . . O . . . . . . . . . . . . .|
l. . . . . . X . . . . . . . . . . . .|
k. . . . . . . . . . . . . . . . . . .|
j. . . . . . . . . . . . O . . X . . .|
iX . . . . . . . . . . . . . . . . . .|
h. . . . . . . . . . . . . O . . . . .|
g. . . . . . . . . . . . . . . . . . .|
f. . . X . . . . . . . . . . O . . . .|
e. . . . . . . . . . . . . . . . . . .|
d. . . . . . X . . . . . . . . . . . .|
c. . . . . . . . . . . . . . . . . . .|
b. . . . . . . . . . . . . . . . . . .|
a. . . . . . . O . . . . . . . . . . X|
 A B C D E F G H I J K L M N O P Q R S|
gracz O
--------------------------------------+
s. . . . . . . . . . . . . . . . . . .|
r. . . . X O . . . . . . . . . . . . .|
q. . . . . . . . . O . . . . . . . . .|
p. . . . . . . . . . . . . . . . . . .|
o. . . . . . . . . . . . . . . . . . .|
n. . . . . . . . . . . . . . . . . . .|
m. . . . . O . . . . . . . . . . . . .|
l. . . . . . X . . . . . . . . . . . .|
k. . . . . . . . . . . . . . . . . . .|
j. . . . . . . . . . . . O . . X . . .|
iX . . . . . . . . . . . . . . . . . .|
h. . . . . . . . . . . . . O . . . . .|
g. . . . . . . . . . . . . . . . . . .|
f. . . X . . . . . . . . . . O . . . .|
e. . . . . . . . . . . . . . . . . . .|
d. . O . . . X . . . . . . . . . . . .|
c. . . . . . . . . . . . . . . . . . .|
b. . . . . . . . . . . . . . . . . . .|
a. . . . . . . O . . . . . . . . . . X|
 A B C D E F G H I J K L M N O P Q R S|
gracz X
--------------------------------------+
s. . . . . . . X . . . . . . . . . . .|
r. . . . X O . . . . . . . . . . . . .|
q. . . . . . . . . O . . . . . . . . .|
p. . . . . . . . . . . . . . . . . . .|
o. . . . . . . . . . . . . . . . . . .|
n. . . . . . . . . . . . . . . . . . .|
m. . . . . O . . . . . . . . . . . . .|
l. . . . . . X . . . . . . . . . . . .|
k. . . . . . . . . . . . . . . . . . .|
j. . . . . . . . . . . . O . . X . . .|
iX . . . . . . . . . . . . . . . . . .|
h. . . . . . . . . . . . . O . . . . .|
g. . . . . . . . . . . . . . . . . . .|
f. . . X . . . . . . . . . . O . . . .|
e. . . . . . . . . . . . . . . . . . .|
d. . O . . . X . . . . . . . . . . . .|
c. . . . . . . X . . . . . . . . . . .|
b. . . . . . . . . . . . . . . . . . .|
a. . . . . . . O . . . . . . . . . . X|
 A B C D E F G H I J K L M N O P Q R S|
gracz O
--------------------------------------+
s. . . . . . . X . . . . . . . . . . .|
r. . . . X O . . . . . . . . . . . . .|
q. . . . . . . . . O . . . . . . . . .|
p. . . . . . . . . . . . . . . . O . .|
o. . . . . . . . . . . . . . . . . . .|
n. . . . . . . . . . . . . . . . . . .|
m. . . . . O . . . . . . . . . . . . .|
l. . . . . . X . . . . . . . . . . . .|
k. . . . . . . . . . . . . . . . . . .|
j. . . . . . . . . . . . O . . X . . .|
iX . . . . . . . . . . . . . . . . . .|
h. . . . . . . . . . . . . O . . . . .|
g. . . . . . . . . . . . . . . . . . .|
f. . . X . . . . . . . . . . O . . . .|
e. . . . . . . . . . . . . . . . . . .|
d. . O . . . X . . . . . . . . . . . .|
c. . . . . . . X . . . . . . . . . . .|
b. . . O . . . . . . . . . . . . . . .|
a. . . . . . . O . . . . . . . . . . X|
 A B C D E F G H I J K L M N O P Q R S|
gracz X
--------------------------------------+
s. . . . . . . X . . . . . . . . . . .|
r. . . . X O . . . . . . . . . . . . .|
q. . . . . . . . . O . . . . . . . . .|
p. . . . . . . . . . . . . . . . O . .|
o. . X . . . . . . . . . . . . . . . .|
n. . . . . . . . . . . . . X . . . . .|
m. . . . . O . . . . . . . . . . . . .|
l. . . . . . X . . . . . . . . . . . .|
k. . . . . . . . . . . . . . . . . . .|
j. . . . . . . . . . . . O . . X . . .|
iX . . . . . . . . . . . . . . . . . .|
h. . . . . . . . . . . . . O . . . . .|
g. . . . . . . . . . . . . . . . . . .|
f. . . X . . . . . . . . . . O . . . .|
e. . . . . . . . . . . . . . . . . . .|
d. . O . . . X . . . . . . . . . . . .|
c. . . . . . . X . . . . . . . . . . .|
b. . . O . . . . . . . . . . . . . . .|
a. . . . . . . O . . . . . . . . . . X|
 A B C D E F G H I J K L M N O P Q R S|
gracz O
--------------------------------------+
s. . . . . . . X . . . . . . . . . . .|
r. . . . X O . . . . . . . . . . . . .|
q. . . . . . . . . O . . . . . . . . .|
p. . . . . . . . . . . . . . . . O . .|
o. . X . . . . . . . . . . . O . . . .|
n. . . . . . . . . . . . . X . . . . .|
m. . . . . O . . . . . . . . . . . . .|
l. . . . . . X . . . O . . . . . . . .|
k. . . . . . . . . . . . . . . . . . .|
j. . . . . . . . . . . . O . . X . . .|
iX . . . . . . . . . . . . . . . . . .|
h. . . . . . . . . . . . . O . . . . .|
g. . . . . . . . . . . . . . . . . . .|
f. . . X . . . . . . . . . . O . . . .|
e. . . . . . . . . . . . . . . . . . .|
d. . O . . . X . . . . . . . . . . . .|
c. . . . . . . X . . . . . . . . . . .|
b. . . O . . . . . . . . . . . . . . .|
a. . . . . . . O . . . . . . . . . . X|
 A B C D E F G H I J K L M N O P Q R S|
gracz X
--------------------------------------+
s. . . . . . . X . . . . . . . . . . .|
r. . . . X O . . . . . . . . . . . . .|
q. . . . . . . . . O . . . . . . . . .|
p. . . . . . . . . . . . . . . . O . .|
o. . X . X . . . . . . . . . O . . . .|
n. . . . . . . . . . . . . X . . . . .|
m. . . . . O . . . . . . . . . . . . .|
l. . . . . . X . . . O . X . . . . . .|
k. . . . . . . . . . . . . . . . . . .|
j. . . . . . . . . . . . O . . X . . .|
iX . . . . . . . . . . . . . . . . . .|
h. . . . . . . . . . . . . O . . . . .|
g. . . . . . . . . . . . . . . . . . .|
f. . . X . . . . . . . . . . O . . . .|
e. . . . . . . . . . . . . . . . . . .|
d. . O . . . X . . . . . . . . . . . .|
c. . . . . . . X . . . . . . . . . . .|
b. . . O . . . . . . . . . . . . . . .|
a. . . . . . . O . . . . . . . . . . X|
 A B C D E F G H I J K L M N O P Q R S|
gracz O
--------------------------------------+
s. . . . . . . X . . . . . . . . . . .|
r. . . . X O . . . . . . . . . . . . .|
q. . . . . . . . . O . . . . . . . . .|
p. . . . . . . . . . . . . . . . O . .|
o. O X . X . . . . . . . . . O . . . .|
n. . . . . . . . . . . . . X . . . . .|
m. . . . . O . . . . . . . . . . . . .|
l. . . . . . X . . . O . X . . . . . .|
k. . . . . . . . . . . . . . . . . . .|
j. O . . . . . . . . . . O . . X . . .|
iX . . . . . . . . . . . . . . . . . .|
h. . . . . . . . . . . . . O . . . . .|
g. . . . . . . . . . . . . . . . . . .|
f. . . X . . . . . . . . . . O . . . .|
e. . . . . . . . . . . . . . . . . . .|
d. . O . . . X . . . . . . . . . . . .|
c. . . . . . . X . . . . . . . . . . .|
b. . . O . . . . . . . . . . . . . . .|
a. . . . . . . O . . . . . . . . . . X|
 A B C D E F G H I J K L M N O P Q R S|
gracz X
--------------------------------------+
s. . . . . . . X . . . . . . . . . . .|
r. . . X X O . . . . . . . . . . . . .|
q. . . . . . . . . O . . . . . . . . .|
p. . . . . . . . . . . . . . . . O . .|
o. O X . X . . . . . . . . . O . . . .|
n. . . . . . . . . . . . . X . . . . .|
m. . . . . O . . . . . . . . . . . . .|
l. . . . . . X . . . O . X . . . . . .|
k. . . . . . . . . . . . . . . . . . .|
j. O . . . . . . . . . . O . . X . . .|
iX . . . . . . . . . . . . . . . . . .|
h. . . . . . . . . . . . . O . . . . X|
g. . . . . . . . . . . . . . . . . . .|
f. . . X . . . . . . . . . . O . . . .|
e. . . . . . . . . . . . . . . . . . .|
d. . O . . . X . . . . . . . . . . . .|
c. . . . . . . X . . . . . . . . . . .|
b. . . O . . . . . . . . . . . . . . .|
a. . . . . . . O . . . . . . . . . . X|
 A B C D E F G H I J K L M N O P Q R S|
gracz O
--------------------------------------+
s. . . . . . . X . . . . . . . . . . .|
r. . . X X O . . . . . . . . . . . . .|
q. . . . . . . . . O . . . . . . . . .|
p. . . . . . . . . . . . . . . . O . .|
o. O X . X . . . . . . . . . O . . . .|
n. . . . . . . . . . . . . X . . . . .|
mO . . . . O . . . . . . . . . . . . .|
l. . . . . . X . . . O . X . . . . . .|
k. . . . . . . . . . . . . . . . . . .|
j. O . . . . . . . . . . O . . X . . .|
iX . . . . . . . . . . . . . . . . . .|
h. . . . . . . . . . . . . O . . . . X|
g. . . . . . . . . . . . . . . . . . .|
f. . . X . . . . . . . . . . O . . . .|
e. . . . . . . . . . . . . . . . . . .|
d. . O . . . X . . . . . . . . . . . .|
c. . . . . . . X . . . . . . . . . . .|
b. . . O . . . . . . . . . . . . . . .|
a. . . . . . . O . O . . . . . . . . X|
 A B C D E F G H I J K L M N O P Q R S|
gracz X
--------------------------------------+
s. . . . . . . X . X . . . . . . . . .|
r. . . X X O . . . . . . . . . . . . .|
q. . . . . X . . . O . . . . . . . . .|
p. . . . . . . . . . . . . . . . O . .|
o. O X . X . . . . . . . . . O . . . .|
n. . . . . . . . . . . . . X . . . . .|
mO . . . . O . . . . . . . . . . . . .|
l. . . . . . X . . . O . X . . . . . .|
k. . . . . . . . . . . . . . . . . . .|
j. O . . . . . . . . . . O . . X . . .|
iX . . . . . . . . . . . . . . . . . .|
h. . . . . . . . . . . . . O . . . . X|
g. . . . . . . . . . . . . . . . . . .|
f. . . X . . . . . . . . . . O . . . .|
e. . . . . . . . . . . . . . . . . . .|
d. . O . . . X . . . . . . . . . . . .|
c. . . . . . . X . . . . . . . . . . .|
b. . . O . . . . . . . . . . . . . . .|
a. . . . . . . O . O . . . . . . . . X|
 A B C D E F G H I J K L M N O P Q R S|
gracz O
--------------------------------------+
s. . . . . . . X . X . . . . . . . . .|
r. . . X X O . . . . . . . . . . . . .|
q. . . . . X . . . O . . . . . . . . .|
p. . . . . . . . . . . . . . . . O . .|
o. O X . X . . . . . . . . . O . . . .|
n. . . . . . . . . . . . . X . . . . .|
mO . . . . O . . . O . . . . . . . . .|
l. . . . . . X . . . O . X . . . . . .|
k. . . . . . . . . . . . . . . . . . .|
j. O . . . . . . . . . . O . . X . . .|
iX . . . . . . . . . . . . . . . . . .|
h. . . . . . . . . . . . . O . . . . X|
g. . . . . . . . . . . . . . . . . . .|
f. . . X . . . . . . . . . . O . . . .|
e. . . . . . . . . . . . . . . . . . .|
d. . O . . . X . . O . . . . . . . . .|
c. . . . . . . X . . . . . . . . . . .|
b. . . O . . . . . . . . . . . . . . .|
a. . . . . . . O . O . . . . . . . . X|
 A B C D E F G H I J K L M N O P Q R S|
gracz X
--------------------------------------+
s. . . . X . . X . X . . . . . . . . .|
r. . . X X O . . . . . . . . . . . . .|
q. . . . . X . . . O . . . . . . . . .|
p. . . . . . . . . . . . . . . . O . .|
o. O X . X . . . . . . . . . O . . . .|
n. . . . . . . . . . . . . X . . . . .|
mO . . . . O . . . O . . . . X . . . .|
l. . . . . . X . . . O . X . . . . . .|
k. . . . . . . . . . . . . . . . . . .|
j. O . . . . . . . . . . O . . X . . .|
iX . . . . . . . . . . . . . . . . . .|
h. . . . . . . . . . . . . O . . . . X|
g. . . . . . . . . . . . . . . . . . .|
f. . . X . . . . . . . . . . O . . . .|
e. . . . . . . . . . . . . . . . . . .|
d. . O . . . X . . O . . . . . . . . .|
c. . . . . . . X . . . . . . . . . . .|
b. . . O . . . . . . . . . . . . . . .|
a. . . . . . . O . O . . . . . . . . X|
 A B C D E F G H I J K L M N O P Q R S|
gracz O
--------------------------------------+
s. . . . X . . X . X . . . . . . . . .|
r. . . X X O . . . . . . . . . . . . .|
q. . . . . X . . . O . . . . . . . . .|
p. . . . . . . . . . . . . . . . O . .|
o. O X . X . . . . . . . . . O . . . .|
n. . . . . . . . . . . . . X . . . . .|
mO . . . . O . . . O . . . . X . . . .|
l. . . . . . X . . . O . X . . . . . .|
k. . . . . . . . . . . . . . . . . . .|
j. O . . . . . . . . . . O . . X . . .|
iX . . . . . . . . . . . . . . . . . .|
h. . . . . . . . . . . . . O . . . . X|
g. . . . . . . . . . . . . . . . . . .|
f. . . X . . . . . . . . . . O . . . .|
e. . . . . . . . . . . . . . . . . . .|
d. . O . . . X . . O . . . . . . . . .|
c. . . . . . O X . . . . . . . . . . .|
b. . . O . . . . . . . . . . . . . . O|
a. . . . . . . O . O . . . . . . . . X|
 A B C D E F G H I J K L M N O P Q R S|
gracz X
--------------------------------------+
s. . . . X . . X . X . . . . . . . . .|
r. . . X X O . . . . . . . . . . . . .|
q. . . . . X . . . O . . . . . . . . .|
p. . . . . . . . . . . . . . . . O . .|
o. O X . X . . . . . . . . . O . . . .|
n. . . . . . . . . . . . . X . . . . .|
mO . . . . O . . . O . . . . X . . . .|
l. . . . . . X . . . O . X . . . . . .|
k. . . . . . . . . . X . . . . . . . .|
j. O . . . . . . . . . . O . . X . . .|
iX . . . . . . . . . . . . . . . . . .|
h. . . . . . . . . . . . . O . . . . X|
g. . . . . . . . . . . . . . . . . . .|
f. . . X . . . . . . . . . . O . . . .|
e. . . . X . . . . . . . . . . . . . .|
d. . O . . . X . . O . . . . . . . . .|
c. . . . . . O X . . . . . . . . . . .|
b. . . O . . . . . . . . . . . . . . O|
a. . . . . . . O . O . . . . . . . . X|
 A B C D E F G H I J K L M N O P Q R S|
gracz O
--------------------------------------+
s. . . . X . . X . X . . . . . . . . .|
r. . . X X O . . . . . . . . . . . . .|
q. . . . . X . . . O . . . . . . . . .|
p. . . . . . . . . . . . . . . . O . .|
o. O X . X . . . . . . . . . O . . . .|
n. . . . . . . . . . . . . X . . . . .|
mO . . . . O . . . O . . . . X . . . .|
l. . . . . . X . . . O . X . . . . . .|
k. . . . . . . . . . X . . . . . . . .|
j. O . . . . . . . . . . O . . X . . .|
iX . . . . . . . . . . . . . . . . . .|
h. . . . . . . . . . . . . O . . . . X|
g. . . . . . . . . . . . . . . . . . .|
f. . . X . . . . . . . . . . O . . . .|
e. . . . X . . . . . . . . . . . . . .|
d. . O . . . X . . O . . . . . . . . .|
c. . . . . . O X . . . . . . . . . . .|
b. . . O . . . . . . . . . . . . . . O|
a. . . . . . . O . O . . . . . . . . X|
 A B C D E F G H I J K L M N O P Q R S|
gracz O
--------------------------------------+
s. . . . X . . X . X . . . . . . . . .|
r. . . X X O . . . . . . . . . . . . .|
q. . . . . X . . . O . . . . . . . . .|
p. . . . . . . . . . . . . . . . O . .|
o. O X . X . . . . . . . . . O . . . .|
n. . O . . . . . . . . . . X . . . . .|
mO . . . . O . . . O . . . . X . . . .|
l. . . . . . X . . . O . X . . . . . .|
k. . . . . . . . . . X . . . . . . . .|
j. O . . . . . . . . . . O . . X . . .|
iX . . . . . . . . . . . . . . . . . .|
h. . . . . . . . . . . . . O . . . . X|
g. . . . . . . . . . . . . . . . . . .|
f. . . X . . . . . . . . . . O . . . .|
e. . . . X . . . . . . . . . . . . . .|
dO . O . . . X . . O . . . . . . . . .|
c. . . . . . O X . . . . . . . . . . .|
b. . . O . . . . . . . . . . . . . . O|
a. . . . . . . O . O . . . . . . . . X|
 A B C D E F G H I J K L M N O P Q R S|
gracz X
--------------------------------------+
s. . . . X . . X . X . . . . . . . . .|
r. . . X X O . . . . . . . . . . . . .|
q. . . . . X . . . O . . . . . . . . .|
p. . . . . . . . . . . . . . . . O . .|
o. O X . X . . . . . . . . . O . . . .|
n. . O . . . . . . . . . . X . . . . .|
mO . . . . O . . . O . . . . X . . . .|
l. . . . . . X . . . O . X . . . . . .|
k. . . . . . . . . . X . . . . . . . .|
j. O . . . . . . . . . . O . . X . . .|
iX . . . . . . . . . . . . . . . . . .|
h. . . . . . . . . . . . . O . . . . X|
g. . . . . . X . . . . . . . . . . . .|
f. . . X . . . . . . . . . . O . . . .|
e. . . . X . . . . . . . . . . . . . .|
dO . O . . . X . . O . . . . . . . . .|
c. . . . . . O X . . . . . . . . . . .|
b. . . O . . . . X . . . . . . . . . O|
a. . . . . . . O . O . . . . . . . . X|
 A B C D E F G H I J K L M N O P Q R S|
gracz O
--------------------------------------+
s. . . . X . . X . X . . . . . . . . .|
r. . . X X O . . . . . . . . . . . . .|
q. . . . . X . . . O O . . . . . . . .|
p. . . . . . . . . . . . . . . . O . .|
o. O X . X . . . . . . . . . O . . . .|
n. . O . . . . . . . . . . X . . . . .|
mO . . . . O . . . O . . . . X . . . .|
l. . . . . . X . . . O . X . . . . . .|
k. . . . . . . . . . X . . . . . . . .|
j. O . . . . . . . . . O O . . X . . .|
iX . . . . . . . . . . . . . . . . . .|
h. . . . . . . . . . . . . O . . . . X|
g. . . . . . X . . . . . . . . . . . .|
f. . . X . . . . . . . . . . O . . . .|
e. . . . X . . . . . . . . . . . . . .|
dO . O . . . X . . O . . . . . . . . .|
c. . . . . . O X . . . . . . . . . . .|
b. . . O . . . . X . . . . . . . . . O|
a. . . . . . . O . O . . . . . . . . X|
 A B C D E F G H I J K L M N O P Q R S|
gracz X
--------------------------------------+
s. . . . X . . X . X . . . . . . . . .|
r. . . X X O . . . . . . . . . . . . .|
q. . . . . X . . . O O . . . . . . . .|
p. . . . . . . . . . . . . . . . O . .|
o. O X . X . . . . . . . . . O . . . .|
n. . O . . X . . . . . . . X . . . . .|
mO . . . . O . . . O . . . . X . . . .|
l. . . . . . X . . . O . X . . . . . .|
k. . . . . . . . . . X . . . . . . . .|
j. O . . . . . . . . . O O . . X X . .|
iX . . . . . . . . . . . . . . . . . .|
h. . . . . . . . . . . . . O . . . . X|
g. . . . . . X . . . . . . . . . . . .|
f. . . X . . . . . . . . . . O . . . .|
e. . . . X . . . . . . . . . . . . . .|
dO . O . . . X . . O . . . . . . . . .|
c. . . . . . O X . . . . . . . . . . .|
b. . . O . . . . X . . . . . . . . . O|
a. . . . . . . O . O . . . . . . . . X|
 A B C D E F G H I J K L M N O P Q R S|
gracz O
--------------------------------------+
s. . . . X . . X . X . . . . . . . . .|
r. O . X X O . . . . . . . . . . . . .|
q. . . . . X . . . O O . . . . . . . .|
p. . . . . . . . . . . . . . . . O . .|
o. O X . X . . . . . . . . . O . . . .|
n. . O . . X . . . . . . . X . . . . .|
mO . . . . O . . . O . . . . X . . . .|
l. . . . . . X . . . O . X . . . . . .|
k. . . . . . . . . . X . . . . . . . .|
j. O . . . . . . . . . O O . . X X . .|
iX . O . . . . . . . . . . . . . . . .|
h. . . . . . . . . . . . . O . . . . X|
g. . . . . . X . . . . . . . . . . . .|
f. . . X . . . . . . . . . . O . . . .|
e. . . . X . . . . . . . . . . . . . .|
dO . O . . . X . . O . . . . . . . . .|
c. . . . . . O X . . . . . . . . . . .|
b. . . O . . . . X . . . . . . . . . O|
a. . . . . . . O . O . . . . . . . . X|
 A B C D E F G H I J K L M N O P Q R S|
gracz X
--------------------------------------+
s. . . . X . . X . X . . . . . . . . .|
r. O . X X O . . . . . . . . . . . . .|
q. X . . . X . . . O O . . . . . . . .|
p. . . . . . . . . . . . . . . . O . .|
o. O X . X . . . . . . . . . O . . . .|
n. . O . . X . . . . . . . X . . . . .|
mO . . . . O . . . O . . . . X . . . .|
l. . . . . . X . . . O . X . . . . . .|
k. . . . . . . . . . X . . . . . . . .|
j. O . . . . . . . . . O O . . X X . .|
iX . O . . . . . . . . . . . . . . . .|
h. . . . . . . . . . . . . O . . . . X|
g. . . . . . X . . . . . . . . . . . .|
f. . . X . . . . . . . . . . O . . . .|
e. . . . X . . . . . . . . . . . . . .|
dO . O . . . X . . O . . . . . . . . .|
c. . . . . X O X . . . . . . . . . . .|
b. . . O . . . . X . . . . . . . . . O|
a. . . . . . . O . O . . . . . . . . X|
 A B C D E F G H I J K L M N O P Q R S|
gracz O
--------------------------------------+
s. . . . X . . X . X . . . . . . . . .|
r. O . X X O . . . . . . . . O . . . .|
q. X . . . X . . . O O . . . . . . . .|
p. . . . . . . . . . . . . . . . O . .|
o. O X . X . . . . . . . . . O . . . .|
n. . O . . X . . . . . . . X . . . . .|
mO . . . . O . . . O . . . . X . . . .|
l. . . . . . X . . . O . X . . . . . .|
k. . . . . . . . . . X . . . . . . . .|
j. O . . . . . . . . . O O . . X X . .|
iX . O . . . . . . . . . . . . . . . .|
h. . . . . . . . . . . . . O . . . . X|
g. . . . . . X . . . . . . . . . . . .|
f. . . X . . . . . . . . . . O . . . .|
e. . . . X O . . . . . . . . . . . . .|
dO . O . . . X . . O . . . . . . . . .|
c. . . . . X O X . . . . . . . . . . .|
b. . . O . . . . X . . . . . . . . . O|
a. . . . . . . O . O . . . . . . . . X|
 A B C D E F G H I J K L M N O P Q R S|
gracz X
--------------------------------------+
s. . . . X . . X . X . . . . . . . . .|
r. O . X X O . . . . . . . . O . . . .|
q. X . . . X . . . O O . . . . . . . .|
p. . . . . . . . . . . . . . . . O . .|
o. O X . X X . . . . . . . . O . . . .|
n. . O . . X . . . . . . . X . . . . .|
mO . . . . O . . . O . . . . X . . . .|
l. . . . . . X . . . O . X . . . . . .|
k. . . . . . . . . . X . . . . . . . .|
j. O . . . . . . . . . O O . . X X . .|
iX . O . . . . . . . . . . . . . . . .|
h. . . . . . . . . . . . . O . . . . X|
g. . . . . . X . . . . . . . . . . . .|
f. . . X . . . . . . . . . . O . . . .|
e. . . . X O . . . . . . . . . . . . .|
dO . O . . . X . . O . . . . . . . . .|
c. . . X . X O X . . . . . . . . . . .|
b. . . O . . . . X . . . . . . . . . O|
a. . . . . . . O . O . . . . . . . . X|
 A B C D E F G H I J K L M N O P Q R S|
gracz O
--------------------------------------+
s. . . . X . . X . X . . . . . . . . .|
r. O . X X O . . . . . . . . O . . . .|
q. X . . . X . . . O O . . . . . . . .|
p. . . . . . . . . . . . . . . . O . .|
o. O X . X X . . . . . . . . O . . . .|
n. . O . . X . . . . . . . X . . . . .|
mO . . . . O . . . O . . . . X . . . .|
l. . . . . . X . . . O . X . . . . . .|
k. . . . . O . . . . X . . . . . . . .|
j. O . . . . . . . O . O O . . X X . .|
iX . O . . . . . . . . . . . . . . . .|
h. . . . . . . . . . . . . O . . . . X|
g. . . . . . X . . . . . . . . . . . .|
f. . . X . . . . . . . . . . O . . . .|
e. . . . X O . . . . . . . . . . . . .|
dO . O . . . X . . O . . . . . . . . .|
c. . . X . X O X . . . . . . . . . . .|
b. . . O . . . . X . . . . . . . . . O|
a. . . . . . . O . O . . . . . . . . X|
 A B C D E F G H I J K L M N O P Q R S|
gracz X
--------------------------------------+
s. . . . X . . X . X . . . . . . . . .|
r. O . X X O . . . . . . X . O . . . .|
q. X . . . X . . . O O . . . . . . . .|
p. . . . . . . . . . . . . . . . O . .|
o. O X . X X . . . . . . . . O . . . .|
n. . O . . X . . . . . . . X . . . . .|
mO . . . . O . . . O . . . . X . . . .|
l. . . . . . X . . . O . X . X . . . .|
k. . . . . O . . . . X . . . . . . . .|
j. O . . . . . . . O . O O . . X X . .|
iX . O . . . . . . . . . . . . . . . .|
h. . . . . . . . . . . . . O . . . . X|
g. . . . . . X . . . . . . . . . . . .|
f. . . X . . . . . . . . . . O . . . .|
e. . . . X O . . . . . . . . . . . . .|
dO . O . . . X . . O . . . . . . . . .|
c. . . X . X O X . . . . . . . . . . .|
b. . . O . . . . X . . . . . . . . . O|
a. . . . . . . O . O . . . . . . . . X|
 A B C D E F G H I J K L M N O P Q R S|
gracz O
--------------------------------------+
s. . . . X . . X . X . . . . . . . . .|
r. O . X X O . . . . . . X . O . . . .|
q. X . . . X . . . O O . . . . . . . .|
p. . . . . . . . . . . . . . . . O O .|
o. O X . X X . . . . . . . . O . . . .|
n. . O . . X . . . . . . . X . . . . .|
mO . . . . O . . . O . . . . X . . . .|
l. . . . . . X . . . O . X . X . . . .|
k. . . . . O . . . . X . O . . . . . .|
j. O . . . . . . . O . O O . . X X . .|
iX . O . . . . . . . . . . . . . . . .|
h. . . . . . . . . . . . . O . . . . X|
g. . . . . . X . . . . . . . . . . . .|
f. . . X . . . . . . . . . . O . . . .|
e. . . . X O . . . . . . . . . . . . .|
dO . O . . . X . . O . . . . . . . . .|
c. . . X . X O X . . . . . . . . . . .|
b. . . O . . . . X . . . . . . . . . O|
a. . . . . . . O . O . . . . . . . . X|
 A B C D E F G H I J K L M N O P Q R S|
gracz X
--------------------------------------+
s. . . . X . . X . X . . . . . . . . .|
r. O . X X O . . . . . . X . O X . . .|
q. X . . . X . . . O O . . . . . . . .|
p. . . . . . . . . . . . . . . . O O .|
o. O X . X X . . . . . . . . O . . . .|
n. . O . . X . . . . . . . X . . . . .|
mO . . . . O . . . O . . . . X . . . X|
l. . . . . . X . . . O . X . X . . . .|
k. . . . . O . . . . X . O . . . . . .|
j. O . . . . . . . O . O O . . X X . .|
iX . O . . . . . . . . . . . . . . . .|
h. . . . . . . . . . . . . O . . . . X|
g. . . . . . X . . . . . . . . . . . .|
f. . . X . . . . . . . . . . O . . . .|
e. . . . X O . . . . . . . . . . . . .|
dO . O . . . X . . O . . . . . . . . .|
c. . . X . X O X . . . . . . . . . . .|
b. . . O . . . . X . . . . . . . . . O|
a. . . . . . . O . O . . . . . . . . X|
 A B C D E F G H I J K L M N O P Q R S|
gracz O
--------------------------------------+
s. . . . X . . X . X . . . . . . . . .|
r. O . X X O . . . . . . X . O X . . .|
q. X . . . X . . . O O . . . . . . . .|
p. . . . . . . . . . . . . . . . O O .|
o. O X . X X . . . . . . . . O . . . .|
n. . O . . X . . . . . . . X . . . . .|
mO . . . . O . . . O . . . . X . . . X|
l. . . . . . X . . . O . X . X . . . .|
k. . . . . O . . . . X . O . . . . . .|
j. O . . . . . . . O . O O . . X X . .|
iX . O . . . . . . . . . . . . . . . .|
hO . . . . . . . . . . . . O . . . . X|
g. . . . . O X . . . . . . . . . . . .|
f. . . X . . . . . . . . . . O . . . .|
e. . . . X O . . . . . . . . . . . . .|
dO . O . . . X . . O . . . . . . . . .|
c. . . X . X O X . . . . . . . . . . .|
b. . . O . . . . X . . . . . . . . . O|
a. . . . . . . O . O . . . . . . . . X|
 A B C D E F G H I J K L M N O P Q R S|
gracz X
--------------------------------------+
s. . . . X . . X . X . . . . . . . . .|
r. O . X X O . . . . . . X . O X . . .|
q. X . . . X . . . O O . . . . . . . .|
p. . . . . . . . . . . . . . . . O O .|
o. O X . X X . . . . . . . . O . . . .|
n. . O . . X . . . . . . . X . . . . .|
mO . . . . O . . . O . . . . X . . . X|
l. . . . . . X . . . O . X . X . . . .|
k. . . . . O . . . . X . O . . . . . .|
jX O . . . . . . . O . O O . . X X . .|
iX . O . . . . . . . . . . . . . . . .|
hO . . . . . . . . . . . . O . . . . X|
g. . . . . O X . . . . . . . . . . . .|
f. . . X . . . . . . . X . . O . . . .|
e. . . . X O . . . . . . . . . . . . .|
dO . O . . . X . . O . . . . . . . . .|
c. . . X . X O X . . . . . . . . . . .|
b. . . O . . . . X . . . . . . . . . O|
a. . . . . . . O . O . . . . . . . . X|
 A B C D E F G H I J K L M N O P Q R S|
gracz O
--------------------------------------+
s. . . . X . . X . X . . . . . . . . .|
r. O . X X O . . . . . . X . O X . . .|
q. X . . . X . . . O O . . . . . . . .|
p. . . . . . . . . . . . . . . . O O .|
o. O X . X X . . . . . . . . O . . . .|
n. . O . . X . . . . . . . X . . . . .|
mO . . . . O . . . O . . . . X . . . X|
l. . . . . . X . . . O . X O X . . . .|
k. . . . . O . . . . X . O . . . . . .|
jX O . . . . . . . O . O O . . X X . .|
iX . O . . O . . . . . . . . . . . . .|
hO . . . . . . . . . . . . O . . . . X|
g. . . . . O X . . . . . . . . . . . .|
f. . . X . . . . . . . X . . O . . . .|
e. . . . X O . . . . . . . . . . . . .|
dO . O . . . X . . O . . . . . . . . .|
c. . . X . X O X . . . . . . . . . . .|
b. . . O . . . . X . . . . . . . . . O|
a. . . . . . . O . O . . . . . . . . X|
 A B C D E F G H I J K L M N O P Q R S|
gracz X
--------------------------------------+
s. . . . X . . X . X . . . . . . . . .|
r. O . X X O . . . . . . X . O X . . .|
q. X . . . X . . . O O . . . . . . . .|
p. . . . . . . . . . . . . . . . O O .|
o. O X . X X . . . . . . . . O . . . .|
n. . O . . X . . . . . . . X . . . . .|
mO . . . . O . . . O . . . . X . . . X|
l. . . . . . X . . . O . X O X . . . .|
k. . . . . O . . . . X . O . . . . . .|
jX O . . . . . . . O . O O . . X X . .|
iX . O . . O . . . . . . . . . . . . .|
hO . . . . . . . . . . . . O . . . . X|
g. . . . . O X . . . . . . X . . . . .|
f. . . X . . . . . . . X . . O . . . .|
e. . . . X O . . . . . . . . . . . . .|
dO . O . . . X . . O . . X . . . . . .|
c. . . X . X O X . . . . . . . . . . .|
b. . . O . . . . X . . . . . . . . . O|
a. . . . . . . O . O . . . . . . . . X|
 A B C D E F G H I J K L M N O P Q R S|
gracz O
--------------------------------------+
s. . . . X . . X . X . . . . . . . . .|
r. O . X X O . . . . . . X . O X . . .|
q. X . . . X . . . O O . . . . . . . .|
p. . . . . . . . . . . . . . . . O O .|
o. O X . X X . . . . . . . . O . . O .|
n. . O . . X . O . . . . . X . . . . .|
mO . . . . O . . . O . . . . X . . . X|
l. . . . . . X . . . O . X O X . . . .|
k. . . . . O . . . . X . O . . . . . .|
jX O . . . . . . . O . O O . . X X . .|
iX . O . . O . . . . . . . . . . . . .|
hO . . . . . . . . . . . . O . . . . X|
g. . . . . O X . . . . . . X . . . . .|
f. . . X . . . . . . . X . . O . . . .|
e. . . . X O . . . . . . . . . . . . .|
dO . O . . . X . . O . . X . . . . . .|
c. . . X . X O X . . . . . . . . . . .|
b. . . O . . . . X . . . . . . . . . O|
a. . . . . . . O . O . . . . . . . . X|
 A B C D E F G H I J K L M N O P Q R S|
gracz X
--------------------------------------+
s. . . . X . . X . X . . . . . . . . .|
r. O . X X O . . . . . . X . O X . . .|
q. X . . . X . . . O O . . . . . . . .|
p. . . . . . . . . . . . . . X . O O .|
o. O X . X X . . . . . . . . O . . O .|
n. . O . . X . O . . . . . X . . . . .|
mO . . . . O . . . O . . . . X . . . X|
l. . . . . . X . . . O . X O X . . . .|
k. . . . . O . . . . X . O . . . . . .|
jX O . . . . . . . O . O O . . X X . .|
iX . O . . O . . . . . . . . . . . . .|
hO . . . . . . . . . . . . O . . . . X|
g. . . . . O X . . . . . . X . . . . .|
f. . . X . . . . . . . X . . O . . . .|
eX . . . X O . . . . . . . . . . . . .|
dO . O . . . X . . O . . X . . . . . .|
c. . . X . X O X . . . . . . . . . . .|
b. . . O . . . . X . . . . . . . . . O|
a. . . . . . . O . O . . . . . . . . X|
 A B C D E F G H I J K L M N O P Q R S|
gracz O
--------------------------------------+
s. . . . X . . X . X . . . . . . . . .|
r. O . X X O . . . . . . X . O X . . .|
q. X . . . X . . . O O . . . . . . . .|
p. . . . . . . . . . . . . . X . O O .|
o. O X . X X . . . . . . . . O . . O .|
n. . O . . X . O . . . . . X . . . . .|
mO . . . . O . . . O . . . . X . . . X|
l. . . . . . X . . . O . X O X . . . .|
k. . . . . O . . . . X . O . . . . . .|
jX O . . . . . . . O . O O . . X X . .|
iX . O . . O . . . . . . . . . . . . .|
hO . . . . . . . . . . . . O O . . . X|
g. . . . . O X . . . . . . X . . . . .|
f. . . X . . . . . . . X . . O . . . .|
eX . . . X O . . . . . . . . . O . . .|
dO . O . . . X . . O . . X . . . . . .|
c. . . X . X O X . . . . . . . . . . .|
b. . . O . . . . X . . . . . . . . . O|
a. . . . . . . O . O . . . . . . . . X|
 A B C D E F G H I J K L M N O P Q R S|
gracz X
--------------------------------------+
s. . . . X . . X . X . . . . . . . . .|
r. O . X X O . . . . . . X . O X . . .|
q. X . . . X . . . O O . . . . . . . .|
p. . . . . . . . . . . . . . X . O O .|
o. O X . X X . . . . . . . . O . . O .|
n. . O . . X . O . . . . . X . . . . .|
mO . . . . O . . . O . . . . X . . . X|
l. . . . . . X . . . O . X O X . . . .|
k. . . . . O . X . . X . O . . . . . .|
jX O . . . . . . . O . O O . . X X . .|
iX . O . . O . . . . . . . . . . . . .|
hO . . . . . . . . . . . . O O . . . X|
g. . . . . O X . . . . . . X . . . . .|
f. . . X . . . . . . . X . . O . . . .|
eX . . . X O . . . . . . . . . O . . .|
dO . O . . . X . . O . . X . . . . . .|
c. . . X . X O X . . . . . . . . . . .|
b. . . O . . . . X . X . . . . . . . O|
a. . . . . . . O . O . . . . . . . . X|
 A B C D E F G H I J K L M N O P Q R S|
gracz O
--------------------------------------+
s. . . . X . . X . X . . . . . . . . .|
r. O . X X O . . . . . . X . O X . . .|
q. X . . . X . . . O O . . . . . . . .|
p. . . . . . . . . . . . . . X . O O O|
o. O X . X X . . . . . . . . O . . O .|
n. . O . . X . O . . . . . X . . . . .|
mO . . . . O . . . O . . . . X . . . X|
l. . . . . . X . . . O . X O X . . . .|
k. . . . . O O X . . X . O . . . . . .|
jX O . . . . . . . O . O O . . X X . .|
iX . O . . O . . . . . . . . . . . . .|
hO . . . . . . . . . . . . O O . . . X|
g. . . . . O X . . . . . . X . . . . .|
f. . . X . . . . . . . X . . O . . . .|
eX . . . X O . . . . . . . . . O . . .|
dO . O . . . X . . O . . X . . . . . .|
c. . . X . X O X . . . . . . . . . . .|
b. . . O . . . . X . X . . . . . . . O|
a. . . . . . . O . O . . . . . . . . X|
 A B C D E F G H I J K L M N O P Q R S|
gracz X
--------------------------------------+
s. . . . X . . X . X . . . . . . . X .|
r. O . X X O . . . . . . X . O X . . .|
q. X . . . X . . . O O . . . . . . . .|
p. . . . . . . . . . . . . . X . O O O|
o. O X . X X . . . . . . . . O . . O .|
n. . O . . X . O . . . . . X . . . . .|
mO . . . . O . . . O . . . . X . . . X|
l. . . . . . X . . . O . X O X . . . .|
k. . . . . O O X . . X . O . . . . . .|
jX O . . . . . . . O . O O . . X X . .|
iX . O X . O . . . . . . . . . . . . .|
hO . . . . . . . . . . . . O O . . . X|
g. . . . . O X . . . . . . X . . . . .|
f. . . X . . . . . . . X . . O . . . .|
eX . . . X O . . . . . . . . . O . . .|
dO . O . . . X . . O . . X . . . . . .|
c. . . X . X O X . . . . . . . . . . .|
b. . . O . . . . X . X . . . . . . . O|
a. . . . . . . O . O . . . . . . . . X|
 A B C D E F G H I J K L M N O P Q R S|
gracz O
--------------------------------------+
s. . . . X . . X . X . . . . . . . X .|
r. O . X X O . . . . . . X . O X . . .|
q. X . . . X . . . O O . . . . . . . .|
p. . . . . . . . . . . . . . X . O O O|
o. O X . X X . . . . . . . . O . . O .|
n. . O . . X . O . . . . . X . . . . .|
mO . . . . O . . . O . . . . X . . . X|
l. . . . . . X . . . O . X O X . . . .|
k. . O . . O O X . . X . O . . . . . .|
jX O . . . . . . . O . O O . . X X . .|
iX . O X . O . . . . . . . . . . . . .|
hO . . . . . . . . . . . . O O . . . X|
g. . . . . O X . . . . . . X . . . . .|
f. . . X . . . . . . . X . . O . . . .|
eX . . . X O . . . . . . . . . O . . .|
dO . O . . . X . . O . O X . . . . . .|
c. . . X . X O X . . . . . . . . . . .|
b. . . O . . . . X . X . . . . . . . O|
a. . . . . . . O . O . . . . . . . . X|
 A B C D E F G H I J K L M N O P Q R S|
gracz X
--------------------------------------+
s. . . . X . . X . X . . . . . . . X .|
r. O . X X O . . . . . . X . O X . . .|
q. X . . . X . . . O O . . . . . . . .|
p. . . . . . . . . . . . . . X . O O O|
o. O X . X X . . . . . . . . O . . O .|
n. . O . . X . O . . . . . X . . . . .|
mO . . . . O . . . O . . . . X . . . X|
l. . . . . . X . . . O . X O X . . . .|
k. . O . X O O X . . X . O . . . . . .|
jX O . . . . . . . O . O O . . X X . .|
iX . O X . O . . . . . . . . . . . . .|
hO . . . . . . . . . . . . O O . . . X|
g. . . . . O X . . . . . . X . . . . .|
f. . . X . . . . . . . X . . O . . . .|
eX . . . X O . . . . . . . . . O . . .|
dO . O . . . X . . O . O X . . X . . .|
c. . . X . X O X . . . . . . . . . . .|
b. . . O . . . . X . X . . . . . . . O|
a. . . . . . . O . O . . . . . . . . X|
 A B C D E F G H I J K L M N O P Q R S|
gracz O
--------------------------------------+
s. . . O X . . X . X . . . . . . . X .|
r. O . X X O . . . . . . X . O X . . .|
q. X . . . X . . . O O . . . . . O . .|
p. . . . . . . . . . . . . . X . O O O|
o. O X . X X . . . . . . . . O . . O .|
n. . O . . X . O . . . . . X . . . . .|
mO . . . . O . . . O . . . . X . . . X|
l. . . . . . X . . . O . X O X . . . .|
k. . O . X O O X . . X . O . . . . . .|
jX O . . . . . . . O . O O . . X X . .|
iX . O X . O . . . . . . . . . . . . .|
hO . . . . . . . . . . . . O O . . . X|
g. . . . . O X . . . . . . X . . . . .|
f. . . X . . . . . . . X . . O . . . .|
eX . . . X O . . . . . . . . . O . . .|
dO . O . . . X . . O . O X . . X . . .|
c. . . X . X O X . . . . . . . . . . .|
b. . . O . . . . X . X . . . . . . . O|
a. . . . . . . O . O . . . . . . . . X|
 A B C D E F G H I J K L M N O P Q R S|
gracz X
--------------------------------------+
s. . . O X . . X . X . . . . . . . X .|
r. O . X X O . . . . . . X . O X . . .|
q. X . . . X X . . O O . . . . . O . X|
p. . . . . . . . . . . . . . X . O O O|
o. O X . X X . . . . . . . . O . . O .|
n. . O . . X . O . . . . . X . . . . .|
mO . . . . O . . . O . . . . X . . . X|
l. . . . . . X . . . O . X O X . . . .|
k. . O . X O O X . . X . O . . . . . .|
jX O . . . . . . . O . O O . . X X . .|
iX . O X . O . . . . . . . . . . . . .|
hO . . . . . . . . . . . . O O . . . X|
g. . . . . O X . . . . . . X . . . . .|
f. . . X . . . . . . . X . . O . . . .|
eX . . . X O . . . . . . . . . O . . .|
dO . O . . . X . . O . O X . . X . . .|
c. . . X . X O X . . . . . . . . . . .|
b. . . O . . . . X . X . . . . . . . O|
a. . . . . . . O . O . . . . . . . . X|
 A B C D E F G H I J K L M N O P Q R S|
gracz O
--------------------------------------+
s. . . O X . . X . X . . . . . . . X .|
r. O . X X O . . . . . . X . O X . . .|
q. X . . . X X . . O O . . . . . O . X|
p. . . . . . . . . . . . . . X . O O O|
o. O X . X X . . . . . . . . O . . O .|
n. . O . . X . O . . . . . X . . . . .|
mO . . . . O . . . O . . . . X . . . X|
l. . . . . . X . . . O . X O X . . . .|
k. . O . X O O X . . X . O . . . . . .|
jX O . . . . . . . O . O O . . X X . .|
iX . O X . O . . . . . . . . . . . . .|
hO . . . . . . . . . . . . O O . . . X|
g. . . . . O X . . . . . . X . . . . .|
f. . . X . . . . . . . X . . O . . . .|
eX . . . X O . . . . . . . . . O . . .|
dO . O . . . X . . O . O X . . X . . .|
c. . . X . X O X . . . . . O . . . . .|
b. . . O . O . . X . X . . . . . . . O|
a. . . . . . . O . O . . . . . . . . X|
 A B C D E F G H I J K L M N O P Q R S|
gracz X
--------------------------------------+
s. . . O X . . X . X . . . . . . . X .|
r. O . X X O . . . . . . X . O X . . .|
q. X . . . X X . . O O . . . . . O . X|
p. . . . . . . . . . . . . . X . O O O|
o. O X . X X . . . . . . . . O . . O .|
n. . O . . X . O . . . . . X . . . . .|
mO . . . . O . . . O . . . . X . . . X|
l. . . . . . X . . . O . X O X . . . .|
k. . O . X O O X . . X . O . . . . . .|
jX O . . . . . . . O . O O . . X X . .|
iX . O X . O . . . . . . . . . . . . .|
hO . . . . . . . . . . . X O O . . . X|
g. . . . . O X . . . . . . X . . . . .|
f. . . X . . . . . . . X . . O . . . .|
eX . . . X O . . . . . . . . . O . . .|
dO . O . . . X X . O . O X . . X . . .|
c. . . X . X O X . . . . . O . . . . .|
b. . . O . O . . X . X . . . . . . . O|
a. . . . . . . O . O . . . . . . . . X|
 A B C D E F G H I J K L M N O P Q R S|
gracz O
--------------------------------------+
s. . . O X . . X . X . . . . . . . X .|
r. O . X X O . . . . . . X . O X . . .|
q. X . O O X X . . O O . . . . . O . X|
p. . . . . . . . . . . . . . X . O O O|
o. O X . X X . . . . . . . . O . . O .|
n. . O . . X . O . . . . . X . . . . .|
mO . . . . O . . . O . . . . X . . . X|
l. . . . . . X . . . O . X O X . . . .|
k. . O . X O O X . . X . O . . . . . .|
jX O . . . . . . . O . O O . . X X . .|
iX . O X . O . . . . . . . . . . . . .|
hO . . . . . . . . . . . X O O . . . X|
g. . . . . O X . . . . . . X . . . . .|
f. . . X . . . . . . . X . . O . . . .|
eX . . . X O . . . . . . . . . O . . .|
dO . O . . . X X . O . O X . . X . . .|
c. . . X . X O X . . . . . O . . . . .|
b. . . O . O . . X . X . . . . . . . O|
a. . . . . . . O . O . . . . . . . . X|
 A B C D E F G H I J K L M N O P Q R S|
gracz X
--------------------------------------+
s. . . O X . . X . X . . . X . . . X .|
r. O . X X O . . . . . . X . O X . . .|
q. X . O O X X . . O O . . . . . O . X|
p. . . . . . . . . . . . . . X . O O O|
o. O X . X X . . . . . . . . O . . O .|
n. . O . . X . O . . . . . X . . . . .|
mO . . . . O . . . O . . . . X . X . X|
l. . . . . . X . . . O . X O X . . . .|
k. . O . X O O X . . X . O . . . . . .|
jX O . . . . . . . O . O O . . X X . .|
iX . O X . O . . . . . . . . . . . . .|
hO . . . . . . . . . . . X O O . . . X|
g. . . . . O X . . . . . . X . . . . .|
f. . . X . . . . . . . X . . O . . . .|
eX . . . X O . . . . . . . . . O . . .|
dO . O . . . X X . O . O X . . X . . .|
c. . . X . X O X . . . . . O . . . . .|
b. . . O . O . . X . X . . . . . . . O|
a. . . . . . . O . O . . . . . . . . X|
 A B C D E F G H I J K L M N O P Q R S|
gracz O
--------------------------------------+
s. . . O X . . X . X . . . X . . . X .|
r. O . X X O . O . . . . X . O X . . .|
q. X . O O X X . . O O . . . . . O . X|
p. . . . . . . . . . . . . . X . O O O|
o. O X . X X . . . . . . . . O . . O .|
n. . O . . X . O . . . . . X . . . . .|
mO . . . . O . . . O . . . . X . X . X|
l. . . . . . X . . . O . X O X . . . .|
k. . O . X O O X . . X . O . . . . . .|
jX O . . . . . . . O . O O . . X X . .|
iX . O X . O . . . . . . . . . . . . .|
hO . . . . . . . . . . . X O O . . . X|
g. . . . . O X . . . . . . X . . . . O|
f. . . X . . . . . . . X . . O . . . .|
eX . . . X O . . . . . . . . . O . . .|
dO . O . . . X X . O . O X . . X . . .|
c. . . X . X O X . . . . . O . . . . .|
b. . . O . O . . X . X . . . . . . . O|
a. . . . . . . O . O . . . . . . . . X|
 A B C D E F G H I J K L M N O P Q R S|
gracz X
--------------------------------------+
s. . . O X . . X . X . . X X . . . X .|
r. O . X X O . O . . . . X . O X . . .|
q. X . O O X X . . O O . . . . . O . X|
p. . . . . . . . . . . . . . X . O O O|
o. O X . X X . . . . . . . . O . . O .|
n. . O . . X . O . . . . . X . . . . .|
mO . . . . O . . . O . . . . X . X . X|
l. . . . . . X . . . O . X O X . . . .|
k. . O . X O O X . . X . O . . . . . .|
jX O . . . . . . . O . O O . . X X . .|
iX . O X . O . . . . . . . X . . . . .|
hO . . . . . . . . . . . X O O . . . X|
g. . . . . O X . . . . . . X . . . . O|
f. . . X . . . . . . . X . . O . . . .|
eX . . . X O . . . . . . . . . O . . .|
dO . O . . . X X . O . O X . . X . . .|
c. . . X . X O X . . . . . O . . . . .|
b. . . O . O . . X . X . . . . . . . O|
a. . . . . . . O . O . . . . . . . . X|
 A B C D E F G H I J K L M N O P Q R S|
gracz O
--------------------------------------+
s. . . O X . . X . X . . X X . . . X .|
r. O . X X O . O . . . . X . O X . . .|
q. X . O O X X . . O O . . . . . O . X|
p. . . . . . . . . . . . . . X . O O O|
o. O X . X X . . . . . . . . O . . O .|
n. . O . . X . O . . . . . X . . . . .|
mO . . . . O . . . O . . . . X . X . X|
l. . . . . . X . . . O . X O X . . . .|
k. . O . X O O X . . X . O . . . . . .|
jX O . . . . . . . O . O O . . X X . .|
iX . O X . O . . . . . . . X . . . . .|
hO . . . . . . . . . O . X O O . . . X|
g. . . . . O X . . . . . . X . . . . O|
f. . . X . . . . . . . X . . O . . . .|
eX . . . X O . . . . . . . . . O . . .|
dO . O . . . X X . O . O X . . X O . .|
c. . . X . X O X . . . . . O . . . . .|
b. . . O . O . . X . X . . . . . . . O|
a. . . . . . . O . O . . . . . . . . X|
 A B C D E F G H I J K L M N O P Q R S|
gracz X
--------------------------------------+
s. . . O X . . X . X . . X X . . . X .|
r. O . X X O . O . . . . X . O X . . .|
q. X . O O X X . . O O . . . . . O . X|
p. . . . . . . . . X . . . . X . O O O|
o. O X . X X . . . . . . . . O . . O .|
n. . O . . X . O . . . . . X . . X . .|
mO . . . . O . . . O . . . . X . X . X|
l. . . . . . X . . . O . X O X . . . .|
k. . O . X O O X . . X . O . . . . . .|
jX O . . . . . . . O . O O . . X X . .|
iX . O X . O . . . . . . . X . . . . .|
hO . . . . . . . . . O . X O O . . . X|
g. . . . . O X . . . . . . X . . . . O|
f. . . X . . . . . . . X . . O . . . .|
eX . . . X O . . . . . . . . . O . . .|
dO . O . . . X X . O . O X . . X O . .|
c. . . X . X O X . . . . . O . . . . .|
b. . . O . O . . X . X . . . . . . . O|
a. . . . . . . O . O . . . . . . . . X|
 A B C D E F G H I J K L M N O P Q R S|
gracz O
--------------------------------------+
s. . . O X . . X . X . . X X . . . X .|
r. O . X X O . O . . . . X . O X . . .|
q. X . O O X X . . O O . . . . . O . X|
p. . . . . . . . . X . . . . X . O O O|
o. O X . X X . . . . . . . . O . . O .|
n. . O . . X . O . . . . . X . . X . .|
mO . . . . O . . . O . . . . X . X . X|
l. . . . . . X . O . O . X O X . . . .|
k. . O . X O O X . . X . O . . . . . .|
jX O . . . . . . . O . O O . . X X . .|
iX . O X . O . . . . . . . X . . . . .|
hO . . . . . . . . . O . X O O . . . X|
g. . . . . O X . . . . . . X . . . . O|
f. . . X . . . . . . . X . . O . . . .|
eX . . . X O . . . . . . . . . O . . .|
dO . O . . . X X . O . O X . . X O . .|
c. . . X . X O X . . . . . O . . . . .|
b. . . O . O O . X . X . . . . . . . O|
a. . . . . . . O . O . . . . . . . . X|
 A B C D E F G H I J K L M N O P Q R S|
gracz X
--------------------------------------+
s. . . O X . . X . X . . X X . . . X .|
r. O . X X O . O . . . . X . O X . . .|
q. X . O O X X . . O O . . . . . O . X|
p. . . . . . . . . X . . . . X . O O O|
o. O X . X X . . . . . . . . O . . O .|
n. . O . . X . O . . . . . X . X X . .|
mO . . . . O . X . O . . . . X . X . X|
l. . . . . . X . O . O . X O X . . . .|
k. . O . X O O X . . X . O . . . . . .|
jX O . . . . . . . O . O O . . X X . .|
iX . O X . O . . . . . . . X . . . . .|
hO . . . . . . . . . O . X O O . . . X|
g. . . . . O X . . . . . . X . . . . O|
f. . . X . . . . . . . X . . O . . . .|
eX . . . X O . . . . . . . . . O . . .|
dO . O . . . X X . O . O X . . X O . .|
c. . . X . X O X . . . . . O . . . . .|
b. . . O . O O . X . X . . . . . . . O|
a. . . . . . . O . O . . . . . . . . X|
 A B C D E F G H I J K L M N O P Q R S|
gracz O
--------------------------------------+
s. . . O X . . X . X . . X X . . . X .|
r. O . X X O . O . . . . X . O X . . .|
q. X . O O X X . . O O . . . . . O . X|
p. . . . . . . . . X . . . . X . O O O|
o. O X . X X . . . . . . . . O . . O .|
n. . O . . X . O . . . . . X . X X . .|
mO . . . . O . X . O . . . . X . X . X|
l. . . . . . X . O . O . X O X . . . .|
k. . O . X O O X . . X . O . . . . . .|
jX O . . . . . . . O . O O . . X X . .|
iX . O X . O . O . . . . . X . . . O .|
hO . . . . . . . . . O . X O O . . . X|
g. . . . . O X . . . . . . X . . . . O|
f. . . X . . . . . . . X . . O . . . .|
eX . . . X O . . . . . . . . . O . . .|
dO . O . . . X X . O . O X . . X O . .|
c. . . X . X O X . . . . . O . . . . .|
b. . . O . O O . X . X . . . . . . . O|
a. . . . . . . O . O . . . . . . . . X|
 A B C D E F G H I J K L M N O P Q R S|
gracz X
--------------------------------------+
s. . . O X . . X . X . . X X . . . X .|
r. O . X X O . O . . . . X . O X . . .|
q. X . O O X X . . O O . . . . . O . X|
p. . . . . . . . . X . . . . X . O O O|
o. O X . X X . . . . . . . . O . . O .|
n. . O . . X . O . . . . . X . X X . .|
mO . . . . O . X . O . . . . X . X . X|
l. . . . . . X . O . O . X O X . . . .|
k. . O . X O O X . . X . O . . . . . .|
jX O . . . . . . . O . O O . . X X . .|
iX . O X . O . O . . . . . X . X . O .|
hO . . . . . . . . . O . X O O . . . X|
g. . . . . O X . . . . . . X . . . . O|
f. . . X . . . . . . . X . . O . . . .|
eX . . . X O . . . . . . . . . O . . .|
dO . O . . . X X . O X O X . . X O . .|
c. . . X . X O X . . . . . O . . . . .|
b. . . O . O O . X . X . . . . . . . O|
a. . . . . . . O . O . . . . . . . . X|
 A B C D E F G H I J K L M N O P Q R S|
gracz O
--------------------------------------+
s. . . O X . . X . X . . X X . . . X .|
r. O . X X O . O . . . . X . O X . . .|
q. X . O O X X . . O O . . . . . O . X|
p. . . . . . . . . X . . . . X . O O O|
o. O X . X X . . . . . . . . O . . O .|
n. . O . . X . O . . . . . X . X X . .|
mO . . . . O . X . O . . . . X . X . X|
l. . . . . . X . O . O . X O X . . O .|
k. . O . X O O X . . X . O . . . . . .|
jX O . . . . . . . O . O O . . X X . .|
iX . O X . O . O . . . . . X . X . O .|
hO . . . . . . . . . O . X O O . . . X|
g. . . . . O X . . . . . . X . . . . O|
f. . . X . . . . . . . X . . O . . . .|
eX . . . X O . . . . . . . . . O . . .|
dO . O . . . X X . O X O X . . X O . .|
c. . . X . X O X . . . . . O . . . . .|
b. . . O . O O . X . X . . . . . . . O|
a. . O . . . . O . O . . . . . . . . X|
 A B C D E F G H I J K L M N O P Q R S|
gracz X
--------------------------------------+
s. . . O X . . X . X . . X X . . . X .|
r. O . X X O . O . . . . X X O X . . .|
q. X . O O X X . . O O . . . . . O . X|
p. . . . . . . . . X . . . . X . O O O|
o. O X . X X . . . . . . . . O . . O .|
n. . O . . X . O . . . . . X . X X . .|
mO . . . . O . X . O . . . . X . X . X|
l. . . . . . X . O . O . X O X . . O .|
k. . O . X O O X . . X . O . . . . . .|
jX O . . . . . . . O . O O . . X X . .|
iX . O X . O . O . . . . . X . X . O .|
hO . . . . . . . . . O . X O O . . . X|
g. . . . . O X . . . . . . X . . . . O|
f. . . X . . . . . . . X . . O . . . .|
eX . . . X O . . X . . . . . . O . . .|
dO . O . . . X X . O X O X . . X O . .|
c. . . X . X O X . . . . . O . . . . .|
b. . . O . O O . X . X . . . . . . . O|
a. . O . . . . O . O . . . . . . . . X|
 A B C D E F G H I J K L M N O P Q R S|
gracz O
--------------------------------------+
s. . . O X . . X . X . . X X . . . X .|
r. O . X X O . O . . . . X X O X . . .|
q. X . O O X X . . O O . . . . . O . X|
p. . . . . . . . . X . . . . X . O O O|
o. O X . X X . . . . . . . . O . . O .|
n. . O . . X . O . . . . . X . X X . .|
mO . . . . O . X . O . . . . X . X . X|
l. . . . . . X . O . O . X O X . . O .|
k. . O . X O O X . . X . O . . . . . .|
jX O . . . . . . . O . O O . . X X . .|
iX . O X . O . O . . . O . X . X . O .|
hO . . . . . . . . . O . X O O . . . X|
g. . . . . O X . . . . . . X . . . . O|
f. . . X . . . . . . . X . . O . . . .|
eX . . . X O . . X . . . . . . O . . .|
dO . O . . . X X . O X O X . . X O . .|
c. . . X . X O X . . . . . O . . . . .|
b. . . O . O O . X . X . . . . . . . O|
a. . O . O . . O . O . . . . . . . . X|
 A B C D E F G H I J K L M N O P Q R S|
gracz X
--------------------------------------+
s. . . O X . . X . X . . X X . . . X .|
r. O . X X O . O . . . . X X O X . . .|
q. X . O O X X . . O O . . . . . O . X|
p. . . . . . . . . X . . . . X . O O O|
o. O X . X X . . . . X . . . O . . O .|
n. . O . . X . O . . . . . X . X X . .|
mO . . . . O . X . O . . . . X . X . X|
l. . . . . . X . O . O . X O X . . O .|
k. . O . X O O X . . X . O . . . . . .|
jX O . . . . . . . O . O O . . X X . .|
iX . O X . O . O . . . O . X . X . O .|
hO . . . . . . . . . O . X O O . . . X|
g. . . . . O X . . . . . . X . . . . O|
f. . . X . . . . . . X X . . O . . . .|
eX . . . X O . . X . . . . . . O . . .|
dO . O . . . X X . O X O X . . X O . .|
c. . . X . X O X . . . . . O . . . . .|
b. . . O . O O . X . X . . . . . . . O|
a. . O . O . . O . O . . . . . . . . X|
 A B C D E F G H I J K L M N O P Q R S|
gracz O
--------------------------------------+
s. . . O X . . X . X . . X X . . . X .|
r. O . X X O . O . . . . X X O X . . .|
q. X . O O X X . . O O . . . . . O . X|
p. . . . . . . . . X . . . . X . O O O|
o. O X . X X . . . . X . . . O . . O .|
n. . O . . X . O . . . . . X . X X . .|
mO . . . O O . X . O . . . . X . X . X|
l. . . . . . X . O . O . X O X . . O .|
k. . O . X O O X . . X . O . . . . . .|
jX O . . . . . . . O . O O . . X X . .|
iX . O X . O . O . . . O . X . X . O .|
hO . . . . . . . . . O . X O O O . . X|
g. . . . . O X . . . . . . X . . . . O|
f. . . X . . . . . . X X . . O . . . .|
eX . . . X O . . X . . . . . . O . . .|
dO . O . . . X X . O X O X . . X O . .|
c. . . X . X O X . . . . . O . . . . .|
b. . . O . O O . X . X . . . . . . . O|
a. . O . O . . O . O . . . . . . . . X|
 A B C D E F G H I J K L M N O P Q R S|
gracz X
--------------------------------------+
s. . . O X . . X . X . . X X . . . X .|
r. O . X X O . O . . . . X X O X . . .|
q. X . O O X X . . O O . . . . . O . X|
p. . . . . . . . X X . X . . X . O O O|
o. O X . X X . . . . X . . . O . . O .|
n. . O . . X . O . . . . . X . X X . .|
mO . . . O O . X . O . . . . X . X . X|
l. . . . . . X . O . O . X O X . . O .|
k. . O . X O O X . . X . O . . . . . .|
jX O . . . . . . . O . O O . . X X . .|
iX . O X . O . O . . . O . X . X . O .|
hO . . . . . . . . . O . X O O O . . X|
g. . . . . O X . . . . . . X . . . . O|
f. . . X . . . . . . X X . . O . . . .|
eX . . . X O . . X . . . . . . O . . .|
dO . O . . . X X . O X O X . . X O . .|
c. . . X . X O X . . . . . O . . . . .|
b. . . O . O O . X . X . . . . . . . O|
a. . O . O . . O . O . . . . . . . . X|
 A B C D E F G H I J K L M N O P Q R S|
gracz O
--------------------------------------+
s. . . O X . . X . X . . X X . . . X .|
r. O . X X O . O . . . . X X O X . . .|
q. X . O O X X . . O O . . . . . O . X|
p. . . . . . . . X X . X . . X . O O O|
o. O X . X X . O . . X . . . O . . O .|
n. . O . . X . O . . . . . X . X X . .|
mO . . . O O . X . O . . . . X . X . X|
l. . . . . . X . O . O . X O X . . O .|
k. . O . X O O X . . X . O . . . . . .|
jX O . . . . . . . O . O O . . X X . .|
iX . O X . O . O . . . O . X . X . O .|
hO . . . . . . . . . O . X O O O . . X|
g. . . . . O X O . . . . . X . . . . O|
f. . . X . . . . . . X X . . O . . . .|
eX . . . X O . . X . . . . . . O . . .|
dO . O . . . X X . O X O X . . X O . .|
c. . . X . X O X . . . . . O . . . . .|
b. . . O . O O . X . X . . . . . . . O|
a. . O . O . . O . O . . . . . . . . X|
 A B C D E F G H I J K L M N O P Q R S|
gracz X
--------------------------------------+
s. . . O X . . X . X . . X X . . . X .|
r. O . X X O . O . . . . X X O X . . .|
q. X . O O X X . . O O . . . . . O . X|
p. . . . . . . . X X . X . . X . O O O|
o. O X . X X . O . . X . . . O . . O .|
n. . O . . X . O . . . . . X . X X . .|
mO . . . O O . X . O . . . . X . X . X|
l. . . . . . X . O . O . X O X . X O .|
k. . O . X O O X . . X . O . . . . . .|
jX O . . . . . . . O . O O . . X X . .|
iX . O X . O . O . . . O . X . X . O .|
hO . X . . . . . . . O . X O O O . . X|
g. . . . . O X O . . . . . X . . . . O|
f. . . X . . . . . . X X . . O . . . .|
eX . . . X O . . X . . . . . . O . . .|
dO . O . . . X X . O X O X . . X O . .|
c. . . X . X O X . . . . . O . . . . .|
b. . . O . O O . X . X . . . . . . . O|
a. . O . O . . O . O . . . . . . . . X|
 A B C D E F G H I J K L M N O P Q R S|
gracz O
--------------------------------------+
s. . . O X . . X . X . . X X . . . X .|
r. O . X X O . O . . . . X X O X . . .|
q. X . O O X X . . O O . . . . . O . X|
p. . . . . . . . X X . X . . X . O O O|
o. O X . X X . O . . X . . . O . . O .|
n. . O . . X . O . . . . . X . X X . .|
mO . . O O O . X . O . . . . X . X . X|
l. . . . . . X . O . O . X O X . X O .|
k. O O . X O O X . . X . O . . . . . .|
jX O . . . . . . . O . O O . . X X . .|
iX . O X . O . O . . . O . X . X . O .|
hO . X . . . . . . . O . X O O O . . X|
g. . . . . O X O . . . . . X . . . . O|
f. . . X . . . . . . X X . . O . . . .|
eX . . . X O . . X . . . . . . O . . .|
dO . O . . . X X . O X O X . . X O . .|
c. . . X . X O X . . . . . O . . . . .|
b. . . O . O O . X . X . . . . . . . O|
a. . O . O . . O . O . . . . . . . . X|
 A B C D E F G H I J K L M N O P Q R S|
gracz X
--------------------------------------+
s. . . O X . . X . X . . X X . . . X .|
r. O . X X O . O . . . . X X O X . . .|
q. X . O O X X . . O O . . . . . O . X|
p. . . . . . . . X X . X . . X . O O O|
o. O X . X X . O . . X . . . O . . O .|
n. . O . . X . O . . . . . X . X X . .|
mO . . O O O . X . O . . . . X . X . X|
l. . . . . . X . O . O . X O X . X O .|
k. O O . X O O X . . X . O . . . . . X|
jX O . . . . . . . O . O O . . X X . .|
iX . O X . O . O . . . O . X . X . O .|
hO . X . . . . . . . O . X O O O . . X|
g. . . . . O X O . . . . . X . . . . O|
f. . . X . . . . . . X X . . O . . . .|
eX . . . X O . . X . . . . . . O . . .|
dO . O X . . X X . O X O X . . X O . .|
c. . . X . X O X . . . . . O . . . . .|
b. . . O . O O . X . X . . . . . . . O|
a. . O . O . . O . O . . . . . . . . X|
 A B C D E F G H I J K L M N O P Q R S|
gracz O
--------------------------------------+
s. . . O X . . X . X . . X X . . . X .|
r. O . X X O . O . . . . X X O X . . .|
q. X . O O X X . . O O . . . . . O . X|
p. . . . . . . . X X . X . . X . O O O|
o. O X . X X . O . . X . . . O . . O .|
n. . O . . X . O . . . . . X . X X . .|
mO . . O O O . X . O . . . . X . X . X|
l. . . . . . X . O . O . X O X . X O .|
k. O O . X O O X . . X . O . . . . . X|
jX O . . . . . . . O . O O . . X X . .|
iX . O X . O . O . . . O . X . X . O .|
hO . X . . . . . . . O . X O O O . . X|
g. . . . . O X O . . . . . X . . . . O|
f. . . X . . . . . . X X . . O . . . .|
eX . . . X O . . X . . . . . . O . . .|
dO . O X . . X X . O X O X . . X O . .|
c. . . X . X O X . . . . . O . . O . .|
b. . . O . O O . X . X . . . . . . . O|
a. . O . O . . O . O . . . . . . O . X|
 A B C D E F G H I J K L M N O P Q R S|
gracz X
--------------------------------------+
s. . . O X . . X . X . . X X . . . X .|
r. O . X X O . O . . . . X X O X . . .|
q. X . O O X X . . O O . . . . . O . X|
p. . . . . . . . X X . X . . X . O O O|
o. O X . X X . O . . X . . . O . . O .|
n. . O . . X . O . . . . . X . X X . .|
mO . . O O O . X . O . . . X X . X . X|
l. . . . . . X . O . O . X O X . X O .|
k. O O . X O O X . . X . O . . . . . X|
jX O . . . . . . . O . O O . . X X . .|
iX . O X . O . O . . . O . X . X . O .|
hO . X . . . . . . . O . X O O O . . X|
g. . . . . O X O . . . . . X . . . . O|
f. . . X . . . . . . X X . . O . . . .|
eX . . . X O . . X . . . . . . O . . .|
dO . O X . . X X . O X O X . . X O . .|
c. . . X . X O X . . . . . O . . O . .|
b. . . O . O O . X . X . . . . . X . O|
a. . O . O . . O . O . . . . . . O . X|
 A B C D E F G H I J K L M N O P Q R S|
gracz O
--------------------------------------+
s. . . O X . . X . X . . X X . . . X .|
r. O . X X O . O . . . . X X O X . . .|
q. X . O O X X . . O O . . . . . O . X|
p. . . . . . . . X X . X . . X . O O O|
o. O X . X X . O . . X . . . O . . O .|
n. . O . . X . O . . . . . X . X X . .|
mO . . O O O . X . O . . . X X . X . X|
l. . . . . . X . O . O O X O X . X O .|
k. O O . X O O X . . X . O . . . . . X|
jX O . . . . . . . O . O O . . X X . .|
iX . O X . O . O . . . O . X . X . O .|
hO . X . . . . . . . O . X O O O . . X|
g. . . . . O X O . . . . . X . . . . O|
f. . . X . . . . . . X X . . O . . . .|
eX . . . X O . . X . . . . . . O . . .|
dO . O X . . X X . O X O X . . X O . .|
c. . . X . X O X . . . . . O . . O . .|
b. . . O . O O O X . X . . . . . X . O|
a. . O . O . . O . O . . . . . . O . X|
 A B C D E F G H I J K L M N O P Q R S|
gracz X
--------------------------------------+
s. . . O X . . X X X . . X X . . . X .|
r. O . X X O . O . . . . X X O X . . .|
q. X . O O X X . . O O . . . . . O . X|
p. . . . . . . . X X . X . . X . O O O|
o. O X . X X . O . . X . . . O . . O .|
n. . O . . X . O . . . . . X . X X . .|
mO . . O O O . X . O . . . X X . X . X|
l. . . . . . X . O . O O X O X . X O .|
k. O O . X O O X . . X . O . . . . . X|
jX O . . . . . . . O . O O . . X X . .|
iX . O X . O . O . . . O . X . X . O .|
hO . X . . . . . . . O . X O O O X . X|
g. . . . . O X O . . . . . X . . . . O|
f. . . X . . . . . . X X . . O . . . .|
eX . . . X O . . X . . . . . . O . . .|
dO . O X . . X X . O X O X . . X O . .|
c. . . X . X O X . . . . . O . . O . .|
b. . . O . O O O X . X . . . . . X . O|
a. . O . O . . O . O . . . . . . O . X|
 A B C D E F G H I J K L M N O P Q R S|
gracz O
--------------------------------------+
s. . . O X . . X X X . . X X . . . X .|
r. O . X X O . O . . . . X X O X . . .|
q. X . O O X X . . O O . . . . . O . X|
p. . . . . . . . X X . X . . X . O O O|
o. O X . X X . O . . X . . . O . . O .|
n. . O . . X . O . . . . . X . X X . .|
mO . . O O O . X . O . . . X X . X . X|
l. . . . . . X . O . O O X O X . X O .|
k. O O . X O O X . . X . O . . . . . X|
jX O . . . . . . . O . O O . . X X . .|
iX . O X . O . O . . . O . X . X . O .|
hO . X . . . . . . . O . X O O O X . X|
g. . . . . O X O . . . . . X . . . . O|
f. . . X . . . . . . X X . . O . . . .|
eX . . . X O . . X . . . . . . O . . .|
dO . O X . . X X O O X O X . . X O . .|
c. . . X . X O X . . . . . O . . O . .|
b. . . O . O O O X . X . . O . . X . O|
a. . O . O . . O . O . . . . . . O . X|
 A B C D E F G H I J K L M N O P Q R S|
gracz X
--------------------------------------+
s. . . O X . . X X X . . X X . . . X .|
r. O . X X O . O . . . . X X O X . . .|
q. X . O O X X . . O O . . . . . O . X|
p. . . . . . . . X X . X . . X X O O O|
o. O X . X X . O . . X . . . O . . O .|
n. . O . . X . O . . . . . X . X X . .|
mO . . O O O . X . O . . . X X . X . X|
l. . . . . . X . O . O O X O X . X O .|
k. O O . X O O X . . X . O . . . . . X|
jX O . . . . . . . O . O O . . X X . .|
iX . O X . O . O . . . O . X . X . O .|
hO . X . . . . . . . O . X O O O X . X|
g. . . . . O X O . . . . . X . . . . O|
f. . . X . . . . . . X X . . O . . . .|
eX . . . X O . . X X . . . . . O . . .|
dO . O X . . X X O O X O X . . X O . .|
c. . . X . X O X . . . . . O . . O . .|
b. . . O . O O O X . X . . O . . X . O|
a. . O . O . . O . O . . . . . . O . X|
 A B C D E F G H I J K L M N O P Q R S|
gracz O
--------------------------------------+
s. . . O X . . X X X . . X X . . . X .|
r. O . X X O . O . . . . X X O X . . O|
q. X . O O X X . . O O . . . . . O . X|
p. . . . . . . . X X . X . . X X O O O|
o. O X . X X . O . . X . . . O . . O .|
n. . O . . X . O . . . . . X . X X . .|
mO . . O O O . X O O . . . X X . X . X|
l. . . . . . X . O . O O X O X . X O .|
k. O O . X O O X . . X . O . . . . . X|
jX O . . . . . . . O . O O . . X X . .|
iX . O X . O . O . . . O . X . X . O .|
hO . X . . . . . . . O . X O O O X . X|
g. . . . . O X O . . . . . X . . . . O|
f. . . X . . . . . . X X . . O . . . .|
eX . . . X O . . X X . . . . . O . . .|
dO . O X . . X X O O X O X . . X O . .|
c. . . X . X O X . . . . . O . . O . .|
b. . . O . O O O X . X . . O . . X . O|
a. . O . O . . O . O . . . . . . O . X|
 A B C D E F G H I J K L M N O P Q R S|
gracz X
--------------------------------------+
s. . . O X . . X X X . . X X . . . X .|
r. O . X X O . O . . . . X X O X . . O|
q. X . O O X X . . O O . . . . . O . X|
p. . . . . . . . X X . X X . X X O O O|
o. O X . X X . O . . X . . . O . . O .|
n. . O . . X . O . . . . . X . X X . .|
mO . . O O O . X O O . . . X X . X . X|
l. . . . . . X . O . O O X O X . X O .|
k. O O . X O O X . . X . O . . . . . X|
jX O . . . . . . . O . O O . . X X . .|
iX . O X . O . O . . . O . X . X . O .|
hO . X . . . . . . . O . X O O O X . X|
g. . . X . O X O . . . . . X . . . . O|
f. . . X . . . . . . X X . . O . . . .|
eX . . . X O . . X X . . . . . O . . .|
dO . O X . . X X O O X O X . . X O . .|
c. . . X . X O X . . . . . O . . O . .|
b. . . O . O O O X . X . . O . . X . O|
a. . O . O . . O . O . . . . . . O . X|
 A B C D E F G H I J K L M N O P Q R S|
gracz O
--------------------------------------+
s. . . O X . . X X X . . X X . . . X .|
r. O . X X O . O . . . . X X O X . . O|
q. X . O O X X . O O O . . . . . O . X|
p. . . . . . . . X X . X X . X X O O O|
o. O X . X X . O . . X . . . O . . O .|
n. O O . . X . O . . . . . X . X X . .|
mO . . O O O . X O O . . . X X . X . X|
l. . . . . . X . O . O O X O X . X O .|
k. O O . X O O X . . X . O . . . . . X|
jX O . . . . . . . O . O O . . X X . .|
iX . O X . O . O . . . O . X . X . O .|
hO . X . . . . . . . O . X O O O X . X|
g. . . X . O X O . . . . . X . . . . O|
f. . . X . . . . . . X X . . O . . . .|
eX . . . X O . . X X . . . . . O . . .|
dO . O X . . X X O O X O X . . X O . .|
c. . . X . X O X . . . . . O . . O . .|
b. . . O . O O O X . X . . O . . X . O|
a. . O . O . . O . O . . . . . . O . X|
 A B C D E F G H I J K L M N O P Q R S|
gracz X
--------------------------------------+
s. . . O X . . X X X . . X X . . . X .|
r. O . X X O . O . . . . X X O X . . O|
q. X . O O X X . O O O . . . . . O . X|
p. X . . . . . . X X . X X . X X O O O|
o. O X . X X . O . . X . . . O . . O .|
n. O O . . X . O . . . . . X . X X . .|
mO . . O O O . X O O . . . X X . X . X|
l. . . . . . X . O . O O X O X . X O .|
k. O O . X O O X . . X . O . . . . . X|
jX O . . . . . . . O . O O . . X X . .|
iX . O X . O . O . . . O X X . X . O .|
hO . X . . . . . . . O . X O O O X . X|
g. . . X . O X O . . . . . X . . . . O|
f. . . X . . . . . . X X . . O . . . .|
eX . . . X O . . X X . . . . . O . . .|
dO . O X . . X X O O X O X . . X O . .|
c. . . X . X O X . . . . . O . . O . .|
b. . . O . O O O X . X . . O . . X . O|
a. . O . O . . O . O . . . . . . O . X|
 A B C D E F G H I J K L M N O P Q R S|
gracz O
--------------------------------------+
sO . . O X . . X X X . . X X . . . X .|
r. O . X X O . O O . . . X X O X . . O|
q. X . O O X X . O O O . . . . . O . X|
p. X . . . . . . X X . X X . X X O O O|
o. O X . X X . O . . X . . . O . . O .|
n. O O . . X . O . . . . . X . X X . .|
mO . . O O O . X O O . . . X X . X . X|
l. . . . . . X . O . O O X O X . X O .|
k. O O . X O O X . . X . O . . . . . X|
jX O . . . . . . . O . O O . . X X . .|
iX . O X . O . O . . . O X X . X . O .|
hO . X . . . . . . . O . X O O O X . X|
g. . . X . O X O . . . . . X . . . . O|
f. . . X . . . . . . X X . . O . . . .|
eX . . . X O . . X X . . . . . O . . .|
dO . O X . . X X O O X O X . . X O . .|
c. . . X . X O X . . . . . O . . O . .|
b. . . O . O O O X . X . . O . . X . O|
a. . O . O . . O . O . . . . . . O . X|
 A B C D E F G H I J K L M N O P Q R S|
gracz X
--------------------------------------+
sO . . O X . . X X X . . X X . . . X .|
r. O . X X O . O O . . . X X O X . . O|
q. X . O O X X . O O O . . . . . O . X|
p. X . . . . . . X X . X X . X X O O O|
o. O X . X X . O . . X . . . O . . O .|
n. O O . . X . O . . . . . X . X X . .|
mO . . O O O . X O O . . . X X . X . X|
l. . . . X . X . O . O O X O X . X O .|
k. O O . X O O X . . X . O . . . . . X|
jX O . . . . . . . O . O O . . X X . .|
iX . O X . O . O . . . O X X . X . O .|
hO . X . . . . . . . O . X O O O X . X|
g. X . X . O X O . . . . . X . . . . O|
f. . . X . . . . . . X X . . O . . . .|
eX . . . X O . . X X . . . . . O . . .|
dO . O X . . X X O O X O X . . X O . .|
c. . . X . X O X . . . . . O . . O . .|
b. . . O . O O O X . X . . O . . X . O|
a. . O . O . . O . O . . . . . . O . X|
 A B C D E F G H I J K L M N O P Q R S|
gracz O
--------------------------------------+
sO . . O X . . X X X . . X X . . . X .|
r. O . X X O . O O . . . X X O X . . O|
q. X . O O X X . O O O . . . . . O . X|
p. X . . . . . . X X . X X . X X O O O|
o. O X . X X . O . . X . . . O . . O .|
n. O O . . X . O . . . . . X . X X . .|
mO . . O O O . X O O . . . X X . X . X|
l. . . . X . X . O . O O X O X . X O .|
k. O O . X O O X . . X . O . . . . . X|
jX O . . . . . . . O . O O . . X X . .|
iX . O X . O . O . . . O X X . X . O O|
hO . X . . . O . . . O . X O O O X . X|
g. X . X . O X O . . . . . X . . . . O|
f. . . X . . . . . . X X . . O . . . .|
eX . . . X O . . X X . . . . . O . . .|
dO . O X . . X X O O X O X . . X O . .|
c. . . X . X O X . . . . . O . . O . .|
b. . . O . O O O X . X . . O . . X . O|
a. . O . O . . O . O . . . . . . O . X|
 A B C D E F G H I J K L M N O P Q R S|
gracz X
--------------------------------------+
sO . . O X . . X X X . . X X . . . X .|
r. O . X X O . O O . . . X X O X . . O|
q. X . O O X X . O O O . . . . . O . X|
p. X X . . . . . X X . X X . X X O O O|
o. O X . X X . O . . X . . . O . . O .|
n. O O . . X . O . . . . . X . X X . .|
mO . . O O O . X O O . . . X X . X . X|
l. . . . X . X . O . O O X O X . X O .|
k. O O . X O O X . . X . O . . . . . X|
jX O . . . . . . . O . O O . . X X . .|
iX . O X . O . O . . . O X X . X . O O|
hO . X . . . O . . . O . X O O O X . X|
g. X . X . O X O . . . . . X . . . . O|
f. . . X . . . . . . X X . . O . . . .|
eX . . . X O . . X X . . . . . O . . .|
dO . O X . . X X O O X O X X . X O . .|
c. . . X . X O X . . . . . O . . O . .|
b. . . O . O O O X . X . . O . . X . O|
a. . O . O . . O . O . . . . . . O . X|
 A B C D E F G H I J K L M N O P Q R S|
gracz O
--------------------------------------+
sO . . O X . . X X X . O X X . . . X .|
r. O . X X O . O O . . . X X O X . . O|
q. X . O O X X . O O O . . . . . O . X|
p. X X . . . . . X X . X X . X X O O O|
o. O X . X X . O . . X . . . O . . O .|
n. O O . . X . O . . . . . X . X X . .|
mO . . O O O . X O O . . . X X . X . X|
l. . . . X . X . O . O O X O X . X O .|
k. O O . X O O X . . X . O . O . . . X|
jX O . . . . . . . O . O O . . X X . .|
iX . O X . O . O . . . O X X . X . O O|
hO . X . . . O . . . O . X O O O X . X|
g. X . X . O X O . . . . . X . . . . O|
f. . . X . . . . . . X X . . O . . . .|
eX . . . X O . . X X . . . . . O . . .|
dO . O X . . X X O O X O X X . X O . .|
c. . . X . X O X . . . . . O . . O . .|
b. . . O . O O O X . X . . O . . X . O|
a. . O . O . . O . O . . . . . . O . X|
 A B C D E F G H I J K L M N O P Q R S|
gracz X
--------------------------------------+
sO . . O X . . X X X . O X X . . . X .|
r. O . X X O . O O . . . X X O X . . O|
q. X . O O X X . O O O . . . . . O . X|
p. X X . . . . . X X X X X . X X O O O|
o. O X . X X . O . . X . . . O . . O .|
n. O O . . X . O . . . . . X . X X . .|
mO . . O O O . X O O . . . X X . X . X|
l. . . . X . X . O . O O X O X . X O .|
k. O O . X O O X . . X . O . O . . . X|
jX O . . . . . . X O . O O . . X X . .|
iX . O X . O . O . . . O X X . X . O O|
hO . X . . . O . . . O . X O O O X . X|
g. X . X . O X O . . . . . X . . . . O|
f. . . X . . . . . . X X . . O . . . .|
eX . . . X O . . X X . . . . . O . . .|
dO . O X . . X X O O X O X X . X O . .|
c. . . X . X O X . . . . . O . . O . .|
b. . . O . O O O X . X . . O . . X . O|
a. . O . O . . O . O . . . . . . O . X|
 A B C D E F G H I J K L M N O P Q R S|
gracz O
--------------------------------------+
sO . . O X . . X X X . O X X . O . X .|
r. O . X X O . O O . . . X X O X . . O|
q. X . O O X X . O O O . . . . . O . X|
p. X X . . . . . X X X X X . X X O O O|
o. O X . X X . O . . X . . . O . . O .|
n. O O . . X . O . . . . . X . X X . .|
mO . . O O O . X O O . . . X X . X . X|
l. . . . X . X . O . O O X O X . X O .|
k. O O . X O O X . . X . O . O . . . X|
jX O . . . . . . X O . O O . . X X . .|
iX . O X . O . O . . . O X X . X . O O|
hO . X . . . O . . . O . X O O O X . X|
g. X . X . O X O . . . . . X . . . . O|
fO . . X . . . . . . X X . . O . . . .|
eX . . . X O . . X X . . . . . O . . .|
dO . O X . . X X O O X O X X . X O . .|
c. . . X . X O X . . . . . O . . O . .|
b. . . O . O O O X . X . . O . . X . O|
a. . O . O . . O . O . . . . . . O . X|
 A B C D E F G H I J K L M N O P Q R S|
gracz X
--------------------------------------+
sO . . O X . . X X X . O X X . O . X .|
r. O . X X O . O O . . . X X O X . . O|
q. X . O O X X X O O O . . . . . O . X|
p. X X . . . . . X X X X X . X X O O O|
o. O X . X X . O . . X . . . O . . O .|
n. O O . . X . O . . . . . X . X X . .|
mO . . O O O . X O O . . . X X . X . X|
l. . . . X . X . O . O O X O X . X O .|
k. O O . X O O X . . X . O . O . . . X|
jX O . . . . . . X O . O O . . X X . .|
iX . O X . O . O . . . O X X . X . O O|
hO . X . . . O . . . O . X O O O X . X|
g. X . X . O X O . . . . . X . . . . O|
fO . . X . . . . . . X X . . O . . . .|
eX . . . X O . . X X . . . . . O . . .|
dO . O X . . X X O O X O X X . X O . .|
c. . . X . X O X . . . . . O . . O . .|
b. . . O . O O O X X X . . O . . X . O|
a. . O . O . . O . O . . . . . . O . X|
 A B C D E F G H I J K L M N O P Q R S|
gracz O
--------------------------------------+
sO . . O X . . X X X . O X X . O . X .|
r. O . X X O . O O . . . X X O X . . O|
q. X . O O X X X O O O . . . . . O . X|
p. X X . . . . . X X X X X . X X O O O|
o. O X . X X O O . . X . . . O . . O .|
n. O O . . X . O . . . . . X . X X . .|
mO . . O O O . X O O . . . X X . X . X|
l. . . . X . X . O . O O X O X . X O .|
k. O O . X O O X . . X . O . O . . . X|
jX O . . . . . . X O . O O . . X X . .|
iX . O X . O . O . . . O X X . X . O O|
hO . X . . . O . . . O . X O O O X . X|
g. X . X . O X O . . . O . X . . . . O|
fO . . X . . . . . . X X . . O . . . .|
eX . . . X O . . X X . . . . . O . . .|
dO . O X . . X X O O X O X X . X O . .|
c. . . X . X O X . . . . . O . . O . .|
b. . . O . O O O X X X . . O . . X . O|
a. . O . O . . O . O . . . . . . O . X|
 A B C D E F G H I J K L M N O P Q R S|
gracz X
--------------------------------------+
sO . . O X . . X X X . O X X . O . X .|
r. O . X X O . O O . . . X X O X . . O|
q. X . O O X X X O O O . . . . . O . X|
p. X X . . . . . X X X X X . X X O O O|
o. O X . X X O O . . X . . . O . . O .|
n. O O . . X . O . . . . . X . X X . .|
mO . . O O O . X O O . . . X X . X . X|
l. . . . X . X . O . O O X O X . X O .|
k. O O . X O O X . . X . O . O . . . X|
jX O . . . . . . X O . O O . . X X . .|
iX . O X . O . O . . . O X X . X . O O|
hO . X . . . O . . . O . X O O O X . X|
g. X . X . O X O . . . O . X . . . . O|
fO . . X . . . . . . X X . . O . . . .|
eX . . . X O X . X X . . . . . O . . .|
dO . O X . . X X O O X O X X . X O . .|
c. . . X . X O X . . . . . O . . O . .|
b. . . O . O O O X X X . . O X . X . O|
a. . O . O . . O . O . . . . . . O . X|
 A B C D E F G H I J K L M N O P Q R S|
gracz O
--------------------------------------+
sO . . O X . . X X X . O X X . O . X .|
r. O . X X O . O O . . . X X O X . . O|
q. X . O O X X X O O O . . . . . O . X|
p. X X . . . . . X X X X X . X X O O O|
o. O X . X X O O . . X . . . O . . O .|
n. O O . . X . O . . . . . X . X X . .|
mO . . O O O . X O O . . . X X . X . X|
l. . . . X . X . O . O O X O X . X O .|
k. O O . X O O X . . X . O . O . . . X|
jX O . . . . . . X O . O O . . X X . .|
iX . O X . O . O . . . O X X . X . O O|
hO . X . . . O . . . O . X O O O X . X|
g. X . X . O X O . . . O . X . . . . O|
fO . . X . . . . . . X X . . O . . . .|
eX . . . X O X . X X . . . . . O . . .|
dO . O X . . X X O O X O X X . X O . .|
c. . . X . X O X . . . O . O . . O . .|
b. . . O . O O O X X X . . O X . X . O|
a. . O . O . . O . O . . . . O . O . X|
 A B C D E F G H I J K L M N O P Q R S|
gracz X
--------------------------------------+
sO . . O X . . X X X . O X X . O . X .|
r. O . X X O . O O . . . X X O X . . O|
q. X . O O X X X O O O . . . . . O . X|
p. X X . . . . . X X X X X . X X O O O|
o. O X . X X O O . . X . . . O . . O .|
n. O O . . X . O . . . . . X . X X . .|
mO . . O O O . X O O . . . X X . X . X|
l. X . . X . X . O . O O X O X . X O .|
k. O O . X O O X . . X . O . O . . . X|
jX O . . . . . . X O . O O . . X X . .|
iX . O X . O . O . . X O X X . X . O O|
hO . X . . . O . . . O . X O O O X . X|
g. X . X . O X O . . . O . X . . . . O|
fO . . X . . . . . . X X . . O . . . .|
eX . . . X O X . X X . . . . . O . . .|
dO . O X . . X X O O X O X X . X O . .|
c. . . X . X O X . . . O . O . . O . .|
b. . . O . O O O X X X . . O X . X . O|
a. . O . O . . O . O . . . . O . O . X|
 A B C D E F G H I J K L M N O P Q R S|
gracz O
--------------------------------------+
sO . . O X . . X X X . O X X . O . X .|
r. O . X X O . O O . . . X X O X . . O|
q. X . O O X X X O O O . . . O . O . X|
p. X X . . . . . X X X X X . X X O O O|
o. O X . X X O O . . X . . . O . . O .|
n. O O . . X . O . . . . . X . X X . .|
mO . . O O O . X O O . . . X X . X . X|
l. X . . X . X . O . O O X O X . X O .|
kO O O . X O O X . . X . O . O . . . X|
jX O . . . . . . X O . O O . . X X . .|
iX . O X . O . O . . X O X X . X . O O|
hO . X . . . O . . . O . X O O O X . X|
g. X . X . O X O . . . O . X . . . . O|
fO . . X . . . . . . X X . . O . . . .|
eX . . . X O X . X X . . . . . O . . .|
dO . O X . . X X O O X O X X . X O . .|
c. . . X . X O X . . . O . O . . O . .|
b. . . O . O O O X X X . . O X . X . O|
a. . O . O . . O . O . . . . O . O . X|
 A B C D E F G H I J K L M N O P Q R S|
gracz X
--------------------------------------+
sO . . O X . . X X X . O X X . O . X .|
r. O . X X O . O O . . . X X O X . . O|
q. X . O O X X X O O O . . . O . O . X|
p. X X . . . . . X X X X X . X X O O O|
o. O X . X X O O . . X . . . O . . O .|
n. O O . . X . O . . . . . X . X X . .|
mO . . O O O . X O O . . . X X . X . X|
l. X . . X . X . O . O O X O X . X O .|
kO O O . X O O X . . X . O . O . . X X|
jX O . . . . . . X O . O O . . X X . .|
iX . O X . O . O . . X O X X . X . O O|
hO . X . . . O . . . O . X O O O X . X|
g. X . X . O X O . . . O . X . . . . O|
fO . . X . . . . . . X X . . O . . . .|
eX . . . X O X . X X . . . . . O . . .|
dO . O X . . X X O O X O X X . X O . .|
c. . . X . X O X X . . O . O . . O . .|
b. . . O . O O O X X X . . O X . X . O|
a. . O . O . . O . O . . . . O . O . X|
 A B C D E F G H I J K L M N O P Q R S|
gracz O
--------------------------------------+
sO . . O X . . X X X . O X X . O . X .|
r. O . X X O . O O . . . X X O X . . O|
q. X . O O X X X O O O . . . O . O . X|
p. X X . . . . . X X X X X . X X O O O|
o. O X . X X O O . . X . . . O . . O .|
n. O O . . X . O . . . . . X . X X . .|
mO . . O O O . X O O . . . X X . X . X|
l. X . . X . X . O . O O X O X . X O .|
kO O O . X O O X . . X . O . O . . X X|
jX O . . . . . . X O . O O . . X X . .|
iX . O X . O . O . . X O X X . X . O O|
hO . X . . . O . . . O . X O O O X . X|
g. X . X O O X O . . . O . X . . . . O|
fO . . X . . . . . . X X . . O . . . .|
eX . . . X O X . X X . . . . . O . . .|
dO . O X . . X X O O X O X X . X O . .|
c. . . X . X O X X . . O . O . O O . .|
b. . . O . O O O X X X . . O X . X . O|
a. . O . O . . O . O . . . . O . O . X|
 A B C D E F G H I J K L M N O P Q R S|
gracz X
--------------------------------------+
sO X . O X . . X X X . O X X . O . X .|
rX O . X X O . O O . . . X X O X . . O|
q. X . O O X X X O O O . . . O . O . X|
p. X X . . . . . X X X X X . X X O O O|
o. O X . X X O O . . X . . . O . . O .|
n. O O . . X . O . . . . . X . X X . .|
mO . . O O O . X O O . . . X X . X . X|
l. X . . X . X . O . O O X O X . X O .|
kO O O . X O O X . . X . O . O . . X X|
jX O . . . . . . X O . O O . . X X . .|
iX . O X . O . O . . X O X X . X . O O|
hO . X . . . O . . . O . X O O O X . X|
g. X . X O O X O . . . O . X . . . . O|
fO . . X . . . . . . X X . . O . . . .|
eX . . . X O X . X X . . . . . O . . .|
dO . O X . . X X O O X O X X . X O . .|
c. . . X . X O X X . . O . O . O O . .|
b. . . O . O O O X X X . . O X . X . O|
a. . O . O . . O . O . . . . O . O . X|
 A B C D E F G H I J K L M N O P Q R S|
gracz O
--------------------------------------+
sO X . O X . . X X X . O X X . O . X .|
rX O . X X O . O O . . . X X O X . . O|
q. X . O O X X X O O O . . . O . O . X|
p. X X . . . . . X X X X X . X X O O O|
o. O X . X X O O . . X . . . O . . O .|
n. O O . . X . O . . . . . X . X X . .|
mO . . O O O . X O O . . . X X . X . X|
l. X . . X . X . O . O O X O X . X O .|
kO O O . X O O X . . X . O . O . . X X|
jX O . . . . . . X O . O O O . X X . .|
iX . O X . O . O . . X O X X . X . O O|
hO . X . . . O . . . O . X O O O X . X|
g. X . X O O X O . . . O . X . . . . O|
fO . . X . . . . . . X X . . O . . . .|
eX . . . X O X . X X . . . . O O . . .|
dO . O X . . X X O O X O X X . X O . .|
c. . . X . X O X X . . O . O . O O . .|
b. . . O . O O O X X X . . O X . X . O|
a. . O . O . . O . O . . . . O . O . X|
 A B C D E F G H I J K L M N O P Q R S|
gracz X
--------------------------------------+
sO X . O X . . X X X . O X X . O . X .|
rX O . X X O . O O . . . X X O X . . O|
q. X . O O X X X O O O . . . O . O . X|
p. X X . . . . . X X X X X . X X O O O|
o. O X . X X O O . . X . . . O . X O .|
n. O O . . X . O . . . . . X . X X . .|
mO . . O O O . X O O . . . X X . X . X|
l. X . . X . X . O . O O X O X . X O .|
kO O O . X O O X . . X . O . O . . X X|
jX O . . . . . . X O . O O O . X X . .|
iX . O X . O . O . . X O X X . X . O O|
hO . X . . . O . . . O . X O O O X . X|
g. X . X O O X O . . . O . X . . . . O|
fO . . X X . . . . . X X . . O . . . .|
eX . . . X O X . X X . . . . O O . . .|
dO . O X . . X X O O X O X X . X O . .|
c. . . X . X O X X . . O . O . O O . .|
b. . . O . O O O X X X . . O X . X . O|
a. . O . O . . O . O . . . . O . O . X|
 A B C D E F G H I J K L M N O P Q R S|
gracz O
--------------------------------------+
sO X . O X . . X X X . O X X . O . X .|
rX O . X X O . O O . . . X X O X . . O|
q. X . O O X X X O O O . . . O . O . X|
p. X X . . O . . X X X X X . X X O O O|
o. O X . X X O O . . X . . . O . X O .|
nO O O . . X . O . . . . . X . X X . .|
mO . . O O O . X O O . . . X X . X . X|
l. X . . X . X . O . O O X O X . X O .|
kO O O . X O O X . . X . O . O . . X X|
jX O . . . . . . X O . O O O . X X . .|
iX . O X . O . O . . X O X X . X . O O|
hO . X . . . O . . . O . X O O O X . X|
g. X . X O O X O . . . O . X . . . . O|
fO . . X X . . . . . X X . . O . . . .|
eX . . . X O X . X X . . . . O O . . .|
dO . O X . . X X O O X O X X . X O . .|
c. . . X . X O X X . . O . O . O O . .|
b. . . O . O O O X X X . . O X . X . O|
a. . O . O . . O . O . . . . O . O . X|
 A B C D E F G H I J K L M N O P Q R S|
gracz X
--------------------------------------+
sO X . O X . . X X X . O X X . O . X .|
rX O . X X O . O O . . . X X O X . . O|
q. X . O O X X X O O O . . . O . O . X|
p. X X . . O . . X X X X X . X X O O O|
o. O X . X X O O . . X . . . O . X O .|
nO O O . . X . O . . . . . X . X X . .|
mO . . O O O . X O O . . . X X . X . X|
l. X . . X . X . O . O O X O X . X O .|
kO O O . X O O X . . X . O . O . . X X|
jX O . . . . . . X O . O O O . X X . .|
iX . O X . O . O . . X O X X . X . O O|
hO . X . . . O . . . O . X O O O X . X|
g. X . X O O X O . . . O . X . . . . O|
fO . . X X . . . . . X X . . O . . . .|
eX . . . X O X . X X . . . . O O . . .|
dO . O X . . X X O O X O X X . X O . .|
c. . . X . X O X X . . O . O . O O . .|
b. . . O . O O O X X X . . O X . X . O|
a. . O X O . . O . O . . . X O . O . X|
 A B C D E F G H I J K L M N O P Q R S|
gracz O
--------------------------------------+
sO X . O X . . X X X . O X X . O . X .|
rX O . X X O . O O . . . X X O X . . O|
q. X . O O X X X O O O . . . O . O O X|
p. X X . . O . . X X X X X . X X O O O|
o. O X . X X O O . . X . . . O . X O .|
nO O O . . X . O . . . . . X . X X . .|
mO . . O O O . X O O . . . X X . X . X|
l. X . . X . X . O . O O X O X . X O .|
kO O O . X O O X . . X . O . O . . X X|
jX O . . . . . . X O . O O O . X X . .|
iX . O X . O . O . . X O X X . X . O O|
hO . X . . . O . . . O . X O O O X . X|
g. X . X O O X O . . . O . X . . . . O|
fO . . X X . O . . . X X . . O . . . .|
eX . . . X O X . X X . . . . O O . . .|
dO . O X . . X X O O X O X X . X O . .|
c. . . X . X O X X . . O . O . O O . .|
b. . . O . O O O X X X . . O X . X . O|
a. . O X O . . O . O . . . X O . O . X|
 A B C D E F G H I J K L M N O P Q R S|
gracz X
--------------------------------------+
sO X . O X . . X X X . O X X . O . X .|
rX O . X X O . O O . . . X X O X . . O|
q. X . O O X X X O O O . . . O . O O X|
p. X X . . O X . X X X X X . X X O O O|
o. O X . X X O O . . X . . . O . X O .|
nO O O . . X . O . . . . . X . X X . .|
mO . . O O O . X O O . . . X X . X X X|
l. X . . X . X . O . O O X O X . X O .|
kO O O . X O O X . . X . O . O . . X X|
jX O . . . . . . X O . O O O . X X . .|
iX . O X . O . O . . X O X X . X . O O|
hO . X . . . O . . . O . X O O O X . X|
g. X . X O O X O . . . O . X . . . . O|
fO . . X X . O . . . X X . . O . . . .|
eX . . . X O X . X X . . . . O O . . .|
dO . O X . . X X O O X O X X . X O . .|
c. . . X . X O X X . . O . O . O O . .|
b. . . O . O O O X X X . . O X . X . O|
a. . O X O . . O . O . . . X O . O . X|
 A B C D E F G H I J K L M N O P Q R S|
gracz O
--------------------------------------+
sO X . O X . . X X X . O X X . O . X .|
rX O O X X O . O O . . . X X O X . . O|
q. X . O O X X X O O O . . . O . O O X|
p. X X . . O X . X X X X X . X X O O O|
o. O X . X X O O . . X . . . O . X O .|
nO O O . . X . O . . . . . X . X X . .|
mO . . O O O . X O O . . . X X . X X X|
l. X . . X . X . O . O O X O X . X O .|
kO O O . X O O X . . X . O . O . . X X|
jX O . . . . . . X O . O O O . X X . .|
iX . O X . O . O . . X O X X . X . O O|
hO . X . . . O . . . O . X O O O X . X|
g. X . X O O X O . . . O . X . . . . O|
fO . . X X . O . . . X X . . O . . . .|
eX . . . X O X . X X . . . . O O . . .|
dO . O X . . X X O O X O X X . X O . .|
c. . . X . X O X X . . O . O . O O . .|
b. . . O . O O O X X X O . O X . X . O|
a. . O X O . . O . O . . . X O . O . X|
 A B C D E F G H I J K L M N O P Q R S|
gracz X
--------------------------------------+
sO X . O X . . X X X . O X X . O . X .|
rX O O X X O . O O . . . X X O X . . O|
q. X . O O X X X O O O . . . O . O O X|
p. X X . . O X . X X X X X . X X O O O|
o. O X . X X O O . X X . . . O . X O .|
nO O O . . X . O . . . . . X . X X . .|
mO . . O O O . X O O . . . X X . X X X|
l. X . . X . X . O . O O X O X . X O .|
kO O O . X O O X . . X . O . O . . X X|
jX O . . . . . . X O . O O O . X X . .|
iX . O X . O . O . . X O X X . X . O O|
hO . X . . . O . . . O . X O O O X . X|
g. X . X O O X O . . . O . X . . . . O|
fO . . X X . O . . . X X . . O . . . .|
eX . . . X O X . X X . . . . O O . . .|
dO . O X . . X X O O X O X X . X O . .|
c. . . X . X O X X . . O . O . O O . .|
b. . . O . O O O X X X O . O X . X . O|
a. . O X O . . O X O . . . X O . O . X|
 A B C D E F G H I J K L M N O P Q R S|
gracz O
--------------------------------------+
sO X . O X . . X X X . O X X . O . X O|
rX O O X X O . O O . . . X X O X . . O|
q. X . O O X X X O O O . . . O . O O X|
p. X X . . O X . X X X X X . X X O O O|
o. O X . X X O O . X X . . . O . X O .|
nO O O . . X . O . . . . . X . X X . .|
mO . . O O O . X O O . . . X X . X X X|
l. X . . X . X O O . O O X O X . X O .|
kO O O . X O O X . . X . O . O . . X X|
jX O . . . . . . X O . O O O . X X . .|
iX . O X . O . O . . X O X X . X . O O|
hO . X . . . O . . . O . X O O O X . X|
g. X . X O O X O . . . O . X . . . . O|
fO . . X X . O . . . X X . . O . . . .|
eX . . . X O X . X X . . . . O O . . .|
dO . O X . . X X O O X O X X . X O . .|
c. . . X . X O X X . . O . O . O O . .|
b. . . O . O O O X X X O . O X . X . O|
a. . O X O . . O X O . . . X O . O . X|
 A B C D E F G H I J K L M N O P Q R S|
gracz X
--------------------------------------+
sO X . O X . . X X X . O X X . O . X O|
rX O O X X O . O O . . . X X O X . . O|
q. X . O O X X X O O O . . . O . O O X|
p. X X . . O X . X X X X X . X X O O O|
o. O X . X X O O . X X . . . O . X O .|
nO O O . X X . O . . . . . X . X X . .|
mO . . O O O . X O O . . . X X . X X X|
l. X . . X . X O O . O O X O X X X O .|
kO O O . X O O X . . X . O . O . . X X|
jX O . . . . . . X O . O O O . X X . .|
iX . O X . O . O . . X O X X . X . O O|
hO . X . . . O . . . O . X O O O X . X|
g. X . X O O X O . . . O . X . . . . O|
fO . . X X . O . . . X X . . O . . . .|
eX . . . X O X . X X . . . . O O . . .|
dO . O X . . X X O O X O X X . X O . .|
c. . . X . X O X X . . O . O . O O . .|
b. . . O . O O O X X X O . O X . X . O|
a. . O X O . . O X O . . . X O . O . X|
 A B C D E F G H I J K L M N O P Q R S|
gracz O
--------------------------------------+
sO X . O X . . X X X . O X X . O . X O|
rX O O X X O . O O . . . X X O X . . O|
q. X . O O X X X O O O . . . O . O O X|
p. X X . . O X . X X X X X . X X O O O|
o. O X . X X O O . X X . . . O . X O .|
nO O O . X X . O . . . . . X . X X . .|
mO . O O O O . X O O O . . X X . X X X|
l. X . . X . X O O . O O X O X X X O .|
kO O O . X O O X . . X . O . O . . X X|
jX O . . . . . . X O . O O O . X X . .|
iX . O X . O . O . . X O X X . X . O O|
hO . X . . . O . . . O . X O O O X . X|
g. X . X O O X O . . . O . X . . . . O|
fO . . X X . O . . . X X . . O . . . .|
eX . . . X O X . X X . . . . O O . . .|
dO . O X . . X X O O X O X X . X O . .|
c. . . X . X O X X . . O . O . O O . .|
b. . . O . O O O X X X O . O X . X . O|
a. . O X O . . O X O . . . X O . O . X|
 A B C D E F G H I J K L M N O P Q R S|
gracz X
--------------------------------------+
sO X . O X . . X X X . O X X . O . X O|
rX O O X X O . O O . . . X X O X . . O|
q. X . O O X X X O O O . . . O . O O X|
p. X X . . O X . X X X X X . X X O O O|
o. O X . X X O O . X X . . . O . X O .|
nO O O . X X . O . . . . . X . X X . .|
mO . O O O O . X O O O . . X X . X X X|
l. X . . X . X O O . O O X O X X X O .|
kO O O . X O O X . . X . O . O . . X X|
jX O . . . . . . X O . O O O . X X . .|
iX . O X . O . O . . X O X X . X . O O|
hO . X . . . O . . . O . X O O O X . X|
g. X . X O O X O . . X O . X . . . . O|
fO . . X X . O . . . X X . . O X . . .|
eX . . . X O X . X X . . . . O O . . .|
dO . O X . . X X O O X O X X . X O . .|
c. . . X . X O X X . . O . O . O O . .|
b. . . O . O O O X X X O . O X . X . O|
a. . O X O . . O X O . . . X O . O . X|
 A B C D E F G H I J K L M N O P Q R S|
gracz O
--------------------------------------+
sO X . O X . . X X X . O X X . O . X O|
rX O O X X O . O O . . . X X O X . . O|
q. X . O O X X X O O O . . . O . O O X|
p. X X . . O X . X X X X X . X X O O O|
o. O X . X X O O . X X . . . O . X O .|
nO O O . X X . O . . . . . X . X X . .|
mO . O O O O . X O O O O . X X . X X X|
l. X . . X . X O O . O O X O X X X O .|
kO O O . X O O X . . X . O . O . . X X|
jX O . . . . . . X O . O O O . X X . .|
iX . O X . O . O . . X O X X . X . O O|
hO . X . . . O . . . O . X O O O X . X|
g. X . X O O X O . . X O . X . . . . O|
fO . . X X . O . . . X X . . O X . . .|
eX . . . X O X . X X . . . . O O . . .|
dO . O X . . X X O O X O X X O X O . .|
c. . . X . X O X X . . O . O . O O . .|
b. . . O . O O O X X X O . O X . X . O|
a. . O X O . . O X O . . . X O . O . X|
 A B C D E F G H I J K L M N O P Q R S|
gracz X
--------------------------------------+
sO X . O X . . X X X X O X X . O . X O|
rX O O X X O . O O . . . X X O X . . O|
q. X . O O X X X O O O . . . O . O O X|
p. X X . . O X . X X X X X . X X O O O|
o. O X . X X O O . X X . . . O . X O .|
nO O O . X X . O . . . . . X . X X . .|
mO . O O O O . X O O O O . X X . X X X|
l. X . . X . X O O . O O X O X X X O .|
kO O O . X O O X . . X . O . O . . X X|
jX O . . . . . . X O . O O O . X X . .|
iX . O X . O . O . . X O X X . X . O O|
hO . X . . . O . . . O . X O O O X . X|
g. X . X O O X O . . X O . X . . . . O|
fO . . X X . O . . . X X . . O X . . .|
eX . . . X O X . X X . . . . O O . . .|
dO . O X . . X X O O X O X X O X O . .|
c. . . X . X O X X . . O . O . O O . .|
b. X . O . O O O X X X O . O X . X . O|
a. . O X O . . O X O . . . X O . O . X|
 A B C D E F G H I J K L M N O P Q R S|
gracz O
--------------------------------------+
sO X . O X . . X X X X O X X . O . X O|
rX O O X X O . O O . . . X X O X . . O|
q. X . O O X X X O O O . . . O . O O X|
p. X X . . O X . X X X X X . X X O O O|
o. O X . X X O O . X X . . . O . X O .|
nO O O . X X . O . . . . . X . X X . .|
mO . O O O O . X O O O O . X X . X X X|
l. X . . X . X O O . O O X O X X X O .|
kO O O . X O O X . . X . O . O . . X X|
jX O . . . . . . X O . O O O . X X . .|
iX . O X . O . O . . X O X X . X . O O|
hO . X . . . O . . . O . X O O O X . X|
g. X . X O O X O . . X O . X . . . . O|
fO . O X X O O . . . X X . . O X . . .|
eX . . . X O X . X X . . . . O O . . .|
dO . O X . . X X O O X O X X O X O . .|
c. . . X . X O X X . . O . O . O O . .|
b. X . O . O O O X X X O . O X . X . O|
a. . O X O . . O X O . . . X O . O . X|
 A B C D E F G H I J K L M N O P Q R S|
gracz X
--------------------------------------+
sO X . O X X . X X X X O X X . O . X O|
rX O O X X O . O O . . . X X O X . . O|
q. X . O O X X X O O O . . . O . O O X|
p. X X . . O X . X X X X X X X X O O O|
o. O X . X X O O . X X . . . O . X O .|
nO O O . X X . O . . . . . X . X X . .|
mO . O O O O . X O O O O . X X . X X X|
l. X . . X . X O O . O O X O X X X O .|
kO O O . X O O X . . X . O . O . . X X|
jX O . . . . . . X O . O O O . X X . .|
iX . O X . O . O . . X O X X . X . O O|
hO . X . . . O . . . O . X O O O X . X|
g. X . X O O X O . . X O . X . . . . O|
fO . O X X O O . . . X X . . O X . . .|
eX . . . X O X . X X . . . . O O . . .|
dO . O X . . X X O O X O X X O X O . .|
c. . . X . X O X X . . O . O . O O . .|
b. X . O . O O O X X X O . O X . X . O|
a. . O X O . . O X O . . . X O . O . X|
 A B C D E F G H I J K L M N O P Q R S|
wygral X
